000 (6512445.000.000) 11/20 16:50:06 Job submitted from host: <130.199.153.67:9618?addrs=130.199.153.67-9618&noUDP&sock=7357_7f42_4>
...
001 (6512445.000.000) 11/20 16:51:57 Job executing on host: <130.199.150.166:9618?addrs=130.199.150.166-9618&noUDP&sock=21952_a15f_3>
...
006 (6512445.000.000) 11/20 16:52:06 Image size of job updated: 43620
	18  -  MemoryUsage of job (MB)
	18120  -  ResidentSetSize of job (KB)
...
006 (6512445.000.000) 11/20 16:57:07 Image size of job updated: 1038628
	989  -  MemoryUsage of job (MB)
	1012068  -  ResidentSetSize of job (KB)
...
006 (6512445.000.000) 11/20 17:02:07 Image size of job updated: 1038988
	989  -  MemoryUsage of job (MB)
	1012428  -  ResidentSetSize of job (KB)
...
006 (6512445.000.000) 11/20 17:02:21 Image size of job updated: 1182956
	989  -  MemoryUsage of job (MB)
	1012428  -  ResidentSetSize of job (KB)
...
005 (6512445.000.000) 11/20 17:02:21 Job terminated.
	(1) Normal termination (return value 0)
		Usr 0 00:10:01, Sys 0 00:00:18  -  Run Remote Usage
		Usr 0 00:00:00, Sys 0 00:00:00  -  Run Local Usage
		Usr 0 00:10:01, Sys 0 00:00:18  -  Total Remote Usage
		Usr 0 00:00:00, Sys 0 00:00:00  -  Total Local Usage
	0  -  Run Bytes Sent By Job
	0  -  Run Bytes Received By Job
	0  -  Total Bytes Sent By Job
	0  -  Total Bytes Received By Job
	Partitionable Resources :    Usage  Request Allocated
	   Cpus                 :                 1         1
	   Disk (KB)            :       10       10  41489374
	   Memory (MB)          :      989        1      2007
...
