000 (6512293.000.000) 11/20 16:49:24 Job submitted from host: <130.199.153.67:9618?addrs=130.199.153.67-9618&noUDP&sock=7357_7f42_4>
...
001 (6512293.000.000) 11/20 16:50:00 Job executing on host: <130.199.202.108:9618?addrs=130.199.202.108-9618&noUDP&sock=9347_4e96_3>
...
006 (6512293.000.000) 11/20 16:50:08 Image size of job updated: 974896
	952  -  MemoryUsage of job (MB)
	974712  -  ResidentSetSize of job (KB)
...
006 (6512293.000.000) 11/20 16:55:08 Image size of job updated: 1035532
	1012  -  MemoryUsage of job (MB)
	1035348  -  ResidentSetSize of job (KB)
...
006 (6512293.000.000) 11/20 17:00:09 Image size of job updated: 1037360
	1013  -  MemoryUsage of job (MB)
	1037176  -  ResidentSetSize of job (KB)
...
006 (6512293.000.000) 11/20 17:05:10 Image size of job updated: 1037468
	1013  -  MemoryUsage of job (MB)
	1037284  -  ResidentSetSize of job (KB)
...
006 (6512293.000.000) 11/20 17:10:10 Image size of job updated: 1037584
	1014  -  MemoryUsage of job (MB)
	1037400  -  ResidentSetSize of job (KB)
...
006 (6512293.000.000) 11/20 17:15:10 Image size of job updated: 1038012
	1014  -  MemoryUsage of job (MB)
	1037828  -  ResidentSetSize of job (KB)
...
006 (6512293.000.000) 11/20 17:20:11 Image size of job updated: 1038108
	1014  -  MemoryUsage of job (MB)
	1037876  -  ResidentSetSize of job (KB)
...
006 (6512293.000.000) 11/20 17:25:12 Image size of job updated: 1038180
	1014  -  MemoryUsage of job (MB)
	1038140  -  ResidentSetSize of job (KB)
...
006 (6512293.000.000) 11/20 17:30:12 Image size of job updated: 1038596
	1014  -  MemoryUsage of job (MB)
	1038140  -  ResidentSetSize of job (KB)
...
006 (6512293.000.000) 11/20 17:33:24 Image size of job updated: 1156848
	1014  -  MemoryUsage of job (MB)
	1038140  -  ResidentSetSize of job (KB)
...
005 (6512293.000.000) 11/20 17:33:25 Job terminated.
	(1) Normal termination (return value 0)
		Usr 0 00:42:03, Sys 0 00:01:16  -  Run Remote Usage
		Usr 0 00:00:00, Sys 0 00:00:00  -  Run Local Usage
		Usr 0 00:42:03, Sys 0 00:01:16  -  Total Remote Usage
		Usr 0 00:00:00, Sys 0 00:00:00  -  Total Local Usage
	0  -  Run Bytes Sent By Job
	0  -  Run Bytes Received By Job
	0  -  Total Bytes Sent By Job
	0  -  Total Bytes Received By Job
	Partitionable Resources :    Usage  Request Allocated
	   Cpus                 :                 1         1
	   Disk (KB)            :       10       10  66831977
	   Memory (MB)          :     1014        1      2665
...
