000 (6512327.000.000) 11/20 16:49:25 Job submitted from host: <130.199.153.67:9618?addrs=130.199.153.67-9618&noUDP&sock=7357_7f42_4>
...
001 (6512327.000.000) 11/20 16:50:13 Job executing on host: <130.199.202.116:9618?addrs=130.199.202.116-9618&noUDP&sock=193740_5d1a_3>
...
006 (6512327.000.000) 11/20 16:50:21 Image size of job updated: 973888
	951  -  MemoryUsage of job (MB)
	973704  -  ResidentSetSize of job (KB)
...
006 (6512327.000.000) 11/20 16:55:21 Image size of job updated: 1034720
	1011  -  MemoryUsage of job (MB)
	1034536  -  ResidentSetSize of job (KB)
...
006 (6512327.000.000) 11/20 17:00:21 Image size of job updated: 1036168
	1012  -  MemoryUsage of job (MB)
	1035984  -  ResidentSetSize of job (KB)
...
006 (6512327.000.000) 11/20 17:05:22 Image size of job updated: 1036384
	1012  -  MemoryUsage of job (MB)
	1036200  -  ResidentSetSize of job (KB)
...
006 (6512327.000.000) 11/20 17:10:24 Image size of job updated: 1036748
	1013  -  MemoryUsage of job (MB)
	1036564  -  ResidentSetSize of job (KB)
...
006 (6512327.000.000) 11/20 17:15:24 Image size of job updated: 1037884
	1014  -  MemoryUsage of job (MB)
	1037700  -  ResidentSetSize of job (KB)
...
006 (6512327.000.000) 11/20 17:19:51 Image size of job updated: 1167544
	1014  -  MemoryUsage of job (MB)
	1037700  -  ResidentSetSize of job (KB)
...
005 (6512327.000.000) 11/20 17:19:51 Job terminated.
	(1) Normal termination (return value 0)
		Usr 0 00:28:26, Sys 0 00:00:57  -  Run Remote Usage
		Usr 0 00:00:00, Sys 0 00:00:00  -  Run Local Usage
		Usr 0 00:28:26, Sys 0 00:00:57  -  Total Remote Usage
		Usr 0 00:00:00, Sys 0 00:00:00  -  Total Local Usage
	0  -  Run Bytes Sent By Job
	0  -  Run Bytes Received By Job
	0  -  Total Bytes Sent By Job
	0  -  Total Bytes Received By Job
	Partitionable Resources :    Usage  Request Allocated
	   Cpus                 :                 1         1
	   Disk (KB)            :       10       10  66832027
	   Memory (MB)          :     1014        1      2665
...
