000 (6512330.000.000) 11/20 16:49:25 Job submitted from host: <130.199.153.67:9618?addrs=130.199.153.67-9618&noUDP&sock=7357_7f42_4>
...
001 (6512330.000.000) 11/20 16:50:14 Job executing on host: <130.199.202.116:9618?addrs=130.199.202.116-9618&noUDP&sock=193740_5d1a_3>
...
006 (6512330.000.000) 11/20 16:50:22 Image size of job updated: 979308
	957  -  MemoryUsage of job (MB)
	979124  -  ResidentSetSize of job (KB)
...
006 (6512330.000.000) 11/20 16:55:22 Image size of job updated: 1047832
	1024  -  MemoryUsage of job (MB)
	1047648  -  ResidentSetSize of job (KB)
...
006 (6512330.000.000) 11/20 17:00:22 Image size of job updated: 1048552
	1024  -  MemoryUsage of job (MB)
	1048368  -  ResidentSetSize of job (KB)
...
006 (6512330.000.000) 11/20 17:05:23 Image size of job updated: 1048660
	1024  -  MemoryUsage of job (MB)
	1048476  -  ResidentSetSize of job (KB)
...
006 (6512330.000.000) 11/20 17:10:23 Image size of job updated: 1048712
	1024  -  MemoryUsage of job (MB)
	1048528  -  ResidentSetSize of job (KB)
...
006 (6512330.000.000) 11/20 17:14:19 Image size of job updated: 1205032
	1024  -  MemoryUsage of job (MB)
	1048528  -  ResidentSetSize of job (KB)
...
005 (6512330.000.000) 11/20 17:14:19 Job terminated.
	(1) Normal termination (return value 0)
		Usr 0 00:17:57, Sys 0 00:00:51  -  Run Remote Usage
		Usr 0 00:00:00, Sys 0 00:00:00  -  Run Local Usage
		Usr 0 00:17:57, Sys 0 00:00:51  -  Total Remote Usage
		Usr 0 00:00:00, Sys 0 00:00:00  -  Total Local Usage
	0  -  Run Bytes Sent By Job
	0  -  Run Bytes Received By Job
	0  -  Total Bytes Sent By Job
	0  -  Total Bytes Received By Job
	Partitionable Resources :    Usage  Request Allocated
	   Cpus                 :                 1         1
	   Disk (KB)            :       10       10  66832027
	   Memory (MB)          :     1024        1      2665
...
