000 (6512446.000.000) 11/20 16:50:06 Job submitted from host: <130.199.153.67:9618?addrs=130.199.153.67-9618&noUDP&sock=7357_7f42_4>
...
001 (6512446.000.000) 11/20 16:51:58 Job executing on host: <130.199.150.185:9618?addrs=130.199.150.185-9618&noUDP&sock=21977_8ae4_3>
...
006 (6512446.000.000) 11/20 16:52:08 Image size of job updated: 25324
	21  -  MemoryUsage of job (MB)
	21116  -  ResidentSetSize of job (KB)
...
006 (6512446.000.000) 11/20 16:57:08 Image size of job updated: 1015392
	988  -  MemoryUsage of job (MB)
	1010736  -  ResidentSetSize of job (KB)
...
005 (6512446.000.000) 11/20 17:01:57 Job terminated.
	(1) Normal termination (return value 0)
		Usr 0 00:09:30, Sys 0 00:00:23  -  Run Remote Usage
		Usr 0 00:00:00, Sys 0 00:00:00  -  Run Local Usage
		Usr 0 00:09:30, Sys 0 00:00:23  -  Total Remote Usage
		Usr 0 00:00:00, Sys 0 00:00:00  -  Total Local Usage
	0  -  Run Bytes Sent By Job
	0  -  Run Bytes Received By Job
	0  -  Total Bytes Sent By Job
	0  -  Total Bytes Received By Job
	Partitionable Resources :    Usage  Request Allocated
	   Cpus                 :                 1         1
	   Disk (KB)            :       10       10  41489386
	   Memory (MB)          :      988        1      2007
...
