000 (6512267.000.000) 11/20 16:49:23 Job submitted from host: <130.199.153.67:9618?addrs=130.199.153.67-9618&noUDP&sock=7357_7f42_4>
...
001 (6512267.000.000) 11/20 16:49:55 Job executing on host: <130.199.202.100:9618?addrs=130.199.202.100-9618&noUDP&sock=178150_5354_3>
...
006 (6512267.000.000) 11/20 16:50:03 Image size of job updated: 955168
	933  -  MemoryUsage of job (MB)
	954996  -  ResidentSetSize of job (KB)
...
006 (6512267.000.000) 11/20 16:55:03 Image size of job updated: 1021672
	998  -  MemoryUsage of job (MB)
	1021488  -  ResidentSetSize of job (KB)
...
006 (6512267.000.000) 11/20 17:00:04 Image size of job updated: 1022184
	999  -  MemoryUsage of job (MB)
	1022000  -  ResidentSetSize of job (KB)
...
006 (6512267.000.000) 11/20 17:05:05 Image size of job updated: 1024872
	1001  -  MemoryUsage of job (MB)
	1024688  -  ResidentSetSize of job (KB)
...
006 (6512267.000.000) 11/20 17:10:05 Image size of job updated: 1025268
	1002  -  MemoryUsage of job (MB)
	1025084  -  ResidentSetSize of job (KB)
...
006 (6512267.000.000) 11/20 17:15:05 Image size of job updated: 1026156
	1002  -  MemoryUsage of job (MB)
	1025972  -  ResidentSetSize of job (KB)
...
006 (6512267.000.000) 11/20 17:40:09 Image size of job updated: 1026320
	1003  -  MemoryUsage of job (MB)
	1026136  -  ResidentSetSize of job (KB)
...
006 (6512267.000.000) 11/20 17:45:09 Image size of job updated: 1027376
	1004  -  MemoryUsage of job (MB)
	1027192  -  ResidentSetSize of job (KB)
...
006 (6512267.000.000) 11/20 17:50:09 Image size of job updated: 1027376
	1004  -  MemoryUsage of job (MB)
	1027600  -  ResidentSetSize of job (KB)
...
006 (6512267.000.000) 11/20 18:40:15 Image size of job updated: 1027896
	1004  -  MemoryUsage of job (MB)
	1027712  -  ResidentSetSize of job (KB)
...
006 (6512267.000.000) 11/20 18:45:15 Image size of job updated: 1027904
	1004  -  MemoryUsage of job (MB)
	1027720  -  ResidentSetSize of job (KB)
...
006 (6512267.000.000) 11/20 18:55:17 Image size of job updated: 1028344
	1005  -  MemoryUsage of job (MB)
	1028160  -  ResidentSetSize of job (KB)
...
006 (6512267.000.000) 11/20 19:05:17 Image size of job updated: 1028360
	1005  -  MemoryUsage of job (MB)
	1028176  -  ResidentSetSize of job (KB)
...
006 (6512267.000.000) 11/20 19:10:18 Image size of job updated: 1028368
	1005  -  MemoryUsage of job (MB)
	1028184  -  ResidentSetSize of job (KB)
...
006 (6512267.000.000) 11/20 19:15:19 Image size of job updated: 1028380
	1005  -  MemoryUsage of job (MB)
	1028196  -  ResidentSetSize of job (KB)
...
006 (6512267.000.000) 11/20 19:20:19 Image size of job updated: 1028388
	1005  -  MemoryUsage of job (MB)
	1028204  -  ResidentSetSize of job (KB)
...
006 (6512267.000.000) 11/20 19:25:19 Image size of job updated: 1028396
	1005  -  MemoryUsage of job (MB)
	1028212  -  ResidentSetSize of job (KB)
...
006 (6512267.000.000) 11/20 19:30:20 Image size of job updated: 1028408
	1005  -  MemoryUsage of job (MB)
	1028224  -  ResidentSetSize of job (KB)
...
006 (6512267.000.000) 11/20 19:35:21 Image size of job updated: 1028416
	1005  -  MemoryUsage of job (MB)
	1028232  -  ResidentSetSize of job (KB)
...
006 (6512267.000.000) 11/20 19:40:21 Image size of job updated: 1028424
	1005  -  MemoryUsage of job (MB)
	1028240  -  ResidentSetSize of job (KB)
...
006 (6512267.000.000) 11/20 19:45:21 Image size of job updated: 1028684
	1005  -  MemoryUsage of job (MB)
	1028500  -  ResidentSetSize of job (KB)
...
006 (6512267.000.000) 11/20 19:50:22 Image size of job updated: 1028684
	1005  -  MemoryUsage of job (MB)
	1028520  -  ResidentSetSize of job (KB)
...
006 (6512267.000.000) 11/20 19:55:23 Image size of job updated: 1028724
	1005  -  MemoryUsage of job (MB)
	1028540  -  ResidentSetSize of job (KB)
...
006 (6512267.000.000) 11/20 21:00:28 Image size of job updated: 1028824
	1005  -  MemoryUsage of job (MB)
	1028640  -  ResidentSetSize of job (KB)
...
006 (6512267.000.000) 11/20 21:15:30 Image size of job updated: 1028828
	1005  -  MemoryUsage of job (MB)
	1028644  -  ResidentSetSize of job (KB)
...
006 (6512267.000.000) 11/20 22:30:38 Image size of job updated: 1029308
	1006  -  MemoryUsage of job (MB)
	1029124  -  ResidentSetSize of job (KB)
...
006 (6512267.000.000) 11/20 23:57:43 Image size of job updated: 1350840
	1006  -  MemoryUsage of job (MB)
	1029124  -  ResidentSetSize of job (KB)
...
004 (6512267.000.000) 11/20 23:57:43 Job was evicted.
	(0) Job was not checkpointed.
		Usr 0 07:07:47, Sys 0 00:11:10  -  Run Remote Usage
		Usr 0 00:00:00, Sys 0 00:00:00  -  Run Local Usage
	0  -  Run Bytes Sent By Job
	0  -  Run Bytes Received By Job
	Partitionable Resources :    Usage  Request Allocated
	   Cpus                 :                 1         1
	   Disk (KB)            :       10       10  66832026
	   Memory (MB)          :     1006        1      2665
...
009 (6512267.000.000) 11/20 23:59:00 Job was aborted by the user.
	The job attribute PeriodicRemove expression '( NumJobStarts >= 1 && JobStatus == 1 ) || ( JobStatus == 2 && ( CurrentTime - JobCurrentStartDate > ( 54000 ) ) && ( ( RemoteUserCpu + RemoteSysCpu ) / ( CurrentTime - JobCurrentStartDate ) < 0.1 ) ) || ( ( ( CurrentTime - EnteredCurrentStatus ) > ( 2 * 24 * 3600 ) ) && JobStatus == 5 )' evaluated to TRUE
...
