000 (6512510.000.000) 11/20 16:50:08 Job submitted from host: <130.199.153.67:9618?addrs=130.199.153.67-9618&noUDP&sock=7357_7f42_4>
...
001 (6512510.000.000) 11/20 16:52:12 Job executing on host: <130.199.150.164:9618?addrs=130.199.150.164-9618&noUDP&sock=22493_d99b_3>
...
006 (6512510.000.000) 11/20 16:52:20 Image size of job updated: 962100
	914  -  MemoryUsage of job (MB)
	935616  -  ResidentSetSize of job (KB)
...
006 (6512510.000.000) 11/20 16:54:43 Image size of job updated: 1110116
	914  -  MemoryUsage of job (MB)
	935656  -  ResidentSetSize of job (KB)
...
005 (6512510.000.000) 11/20 16:54:43 Job terminated.
	(1) Normal termination (return value 0)
		Usr 0 00:02:19, Sys 0 00:00:10  -  Run Remote Usage
		Usr 0 00:00:00, Sys 0 00:00:00  -  Run Local Usage
		Usr 0 00:02:19, Sys 0 00:00:10  -  Total Remote Usage
		Usr 0 00:00:00, Sys 0 00:00:00  -  Total Local Usage
	0  -  Run Bytes Sent By Job
	0  -  Run Bytes Received By Job
	0  -  Total Bytes Sent By Job
	0  -  Total Bytes Received By Job
	Partitionable Resources :    Usage  Request Allocated
	   Cpus                 :                 1         1
	   Disk (KB)            :       10       10  41489316
	   Memory (MB)          :      914        1      2007
...
