000 (6512357.000.000) 11/20 16:49:46 Job submitted from host: <130.199.153.67:9618?addrs=130.199.153.67-9618&noUDP&sock=7357_7f42_4>
...
001 (6512357.000.000) 11/20 16:51:41 Job executing on host: <130.199.156.58:9618?addrs=130.199.156.58-9618&noUDP&sock=10927_5b67_3>
...
006 (6512357.000.000) 11/20 16:51:50 Image size of job updated: 34256
	34  -  MemoryUsage of job (MB)
	34112  -  ResidentSetSize of job (KB)
...
006 (6512357.000.000) 11/20 16:56:51 Image size of job updated: 1057192
	1033  -  MemoryUsage of job (MB)
	1057008  -  ResidentSetSize of job (KB)
...
006 (6512357.000.000) 11/20 17:01:52 Image size of job updated: 1060160
	1036  -  MemoryUsage of job (MB)
	1059976  -  ResidentSetSize of job (KB)
...
006 (6512357.000.000) 11/20 17:06:52 Image size of job updated: 1060208
	1036  -  MemoryUsage of job (MB)
	1060024  -  ResidentSetSize of job (KB)
...
006 (6512357.000.000) 11/20 17:11:52 Image size of job updated: 1060256
	1036  -  MemoryUsage of job (MB)
	1060072  -  ResidentSetSize of job (KB)
...
005 (6512357.000.000) 11/20 17:19:29 Job terminated.
	(1) Normal termination (return value 0)
		Usr 0 00:26:55, Sys 0 00:00:48  -  Run Remote Usage
		Usr 0 00:00:00, Sys 0 00:00:00  -  Run Local Usage
		Usr 0 00:26:55, Sys 0 00:00:48  -  Total Remote Usage
		Usr 0 00:00:00, Sys 0 00:00:00  -  Total Local Usage
	0  -  Run Bytes Sent By Job
	0  -  Run Bytes Received By Job
	0  -  Total Bytes Sent By Job
	0  -  Total Bytes Received By Job
	Partitionable Resources :    Usage  Request Allocated
	   Cpus                 :                 1         1
	   Disk (KB)            :       10       10 103635777
	   Memory (MB)          :     1036        1      2006
...
