000 (6512494.000.000) 11/20 16:50:07 Job submitted from host: <130.199.153.67:9618?addrs=130.199.153.67-9618&noUDP&sock=7357_7f42_4>
...
001 (6512494.000.000) 11/20 16:52:08 Job executing on host: <130.199.150.168:9618?addrs=130.199.150.168-9618&noUDP&sock=22549_92c5_3>
...
006 (6512494.000.000) 11/20 16:52:17 Image size of job updated: 973112
	949  -  MemoryUsage of job (MB)
	971524  -  ResidentSetSize of job (KB)
...
006 (6512494.000.000) 11/20 16:53:14 Image size of job updated: 973112
	949  -  MemoryUsage of job (MB)
	971528  -  ResidentSetSize of job (KB)
...
005 (6512494.000.000) 11/20 16:53:15 Job terminated.
	(1) Normal termination (return value 0)
		Usr 0 00:00:42, Sys 0 00:00:04  -  Run Remote Usage
		Usr 0 00:00:00, Sys 0 00:00:00  -  Run Local Usage
		Usr 0 00:00:42, Sys 0 00:00:04  -  Total Remote Usage
		Usr 0 00:00:00, Sys 0 00:00:00  -  Total Local Usage
	0  -  Run Bytes Sent By Job
	0  -  Run Bytes Received By Job
	0  -  Total Bytes Sent By Job
	0  -  Total Bytes Received By Job
	Partitionable Resources :    Usage  Request Allocated
	   Cpus                 :                 1         1
	   Disk (KB)            :       10       10  41489367
	   Memory (MB)          :      949        1      2007
...
