000 (6512490.000.000) 11/20 16:50:07 Job submitted from host: <130.199.153.67:9618?addrs=130.199.153.67-9618&noUDP&sock=7357_7f42_4>
...
001 (6512490.000.000) 11/20 16:52:07 Job executing on host: <130.199.150.180:9618?addrs=130.199.150.180-9618&noUDP&sock=22591_dda4_3>
...
006 (6512490.000.000) 11/20 16:52:16 Image size of job updated: 898992
	878  -  MemoryUsage of job (MB)
	898816  -  ResidentSetSize of job (KB)
...
006 (6512490.000.000) 11/20 16:54:01 Image size of job updated: 981388
	878  -  MemoryUsage of job (MB)
	898816  -  ResidentSetSize of job (KB)
...
005 (6512490.000.000) 11/20 16:54:01 Job terminated.
	(1) Normal termination (return value 0)
		Usr 0 00:01:36, Sys 0 00:00:09  -  Run Remote Usage
		Usr 0 00:00:00, Sys 0 00:00:00  -  Run Local Usage
		Usr 0 00:01:36, Sys 0 00:00:09  -  Total Remote Usage
		Usr 0 00:00:00, Sys 0 00:00:00  -  Total Local Usage
	0  -  Run Bytes Sent By Job
	0  -  Run Bytes Received By Job
	0  -  Total Bytes Sent By Job
	0  -  Total Bytes Received By Job
	Partitionable Resources :    Usage  Request Allocated
	   Cpus                 :                 1         1
	   Disk (KB)            :       10       10  41489315
	   Memory (MB)          :      878        1      2007
...
