000 (6512280.000.000) 11/20 16:49:24 Job submitted from host: <130.199.153.67:9618?addrs=130.199.153.67-9618&noUDP&sock=7357_7f42_4>
...
001 (6512280.000.000) 11/20 16:49:57 Job executing on host: <130.199.202.98:9618?addrs=130.199.202.98-9618&noUDP&sock=178572_e217_3>
...
006 (6512280.000.000) 11/20 16:50:05 Image size of job updated: 966792
	944  -  MemoryUsage of job (MB)
	966600  -  ResidentSetSize of job (KB)
...
006 (6512280.000.000) 11/20 16:55:05 Image size of job updated: 1015148
	988  -  MemoryUsage of job (MB)
	1011060  -  ResidentSetSize of job (KB)
...
006 (6512280.000.000) 11/20 17:00:06 Image size of job updated: 1018664
	988  -  MemoryUsage of job (MB)
	1011060  -  ResidentSetSize of job (KB)
...
006 (6512280.000.000) 11/20 17:05:06 Image size of job updated: 1018960
	988  -  MemoryUsage of job (MB)
	1011060  -  ResidentSetSize of job (KB)
...
006 (6512280.000.000) 11/20 17:10:06 Image size of job updated: 1021556
	988  -  MemoryUsage of job (MB)
	1011060  -  ResidentSetSize of job (KB)
...
006 (6512280.000.000) 11/20 17:15:07 Image size of job updated: 1022360
	988  -  MemoryUsage of job (MB)
	1011060  -  ResidentSetSize of job (KB)
...
006 (6512280.000.000) 11/20 17:20:07 Image size of job updated: 1022808
	988  -  MemoryUsage of job (MB)
	1011060  -  ResidentSetSize of job (KB)
...
006 (6512280.000.000) 11/20 17:25:07 Image size of job updated: 1022852
	988  -  MemoryUsage of job (MB)
	1011060  -  ResidentSetSize of job (KB)
...
006 (6512280.000.000) 11/20 17:30:08 Image size of job updated: 1022892
	988  -  MemoryUsage of job (MB)
	1011060  -  ResidentSetSize of job (KB)
...
006 (6512280.000.000) 11/20 17:35:09 Image size of job updated: 1022968
	988  -  MemoryUsage of job (MB)
	1011060  -  ResidentSetSize of job (KB)
...
006 (6512280.000.000) 11/20 17:40:09 Image size of job updated: 1023000
	988  -  MemoryUsage of job (MB)
	1011060  -  ResidentSetSize of job (KB)
...
006 (6512280.000.000) 11/20 17:45:10 Image size of job updated: 1023048
	988  -  MemoryUsage of job (MB)
	1011060  -  ResidentSetSize of job (KB)
...
006 (6512280.000.000) 11/20 17:50:11 Image size of job updated: 1023504
	988  -  MemoryUsage of job (MB)
	1011060  -  ResidentSetSize of job (KB)
...
006 (6512280.000.000) 11/20 18:00:11 Image size of job updated: 1023592
	988  -  MemoryUsage of job (MB)
	1011060  -  ResidentSetSize of job (KB)
...
006 (6512280.000.000) 11/20 18:05:12 Image size of job updated: 1023640
	988  -  MemoryUsage of job (MB)
	1011060  -  ResidentSetSize of job (KB)
...
006 (6512280.000.000) 11/20 18:10:12 Image size of job updated: 1023712
	988  -  MemoryUsage of job (MB)
	1011060  -  ResidentSetSize of job (KB)
...
006 (6512280.000.000) 11/20 18:15:12 Image size of job updated: 1023824
	988  -  MemoryUsage of job (MB)
	1011060  -  ResidentSetSize of job (KB)
...
006 (6512280.000.000) 11/20 18:20:13 Image size of job updated: 1023868
	988  -  MemoryUsage of job (MB)
	1011060  -  ResidentSetSize of job (KB)
...
006 (6512280.000.000) 11/20 18:25:13 Image size of job updated: 1023908
	988  -  MemoryUsage of job (MB)
	1011060  -  ResidentSetSize of job (KB)
...
006 (6512280.000.000) 11/20 18:30:13 Image size of job updated: 1023952
	988  -  MemoryUsage of job (MB)
	1011060  -  ResidentSetSize of job (KB)
...
006 (6512280.000.000) 11/20 18:35:14 Image size of job updated: 1023956
	988  -  MemoryUsage of job (MB)
	1011060  -  ResidentSetSize of job (KB)
...
006 (6512280.000.000) 11/20 18:40:15 Image size of job updated: 1029768
	988  -  MemoryUsage of job (MB)
	1011060  -  ResidentSetSize of job (KB)
...
006 (6512280.000.000) 11/20 18:45:15 Image size of job updated: 1030292
	988  -  MemoryUsage of job (MB)
	1011060  -  ResidentSetSize of job (KB)
...
006 (6512280.000.000) 11/20 18:50:16 Image size of job updated: 1030716
	988  -  MemoryUsage of job (MB)
	1011060  -  ResidentSetSize of job (KB)
...
006 (6512280.000.000) 11/20 18:55:17 Image size of job updated: 1030764
	988  -  MemoryUsage of job (MB)
	1011060  -  ResidentSetSize of job (KB)
...
006 (6512280.000.000) 11/20 19:35:20 Image size of job updated: 1030780
	988  -  MemoryUsage of job (MB)
	1011060  -  ResidentSetSize of job (KB)
...
006 (6512280.000.000) 11/20 20:05:23 Image size of job updated: 1041192
	996  -  MemoryUsage of job (MB)
	1019092  -  ResidentSetSize of job (KB)
...
006 (6512280.000.000) 11/20 20:10:23 Image size of job updated: 1047160
	1002  -  MemoryUsage of job (MB)
	1025160  -  ResidentSetSize of job (KB)
...
006 (6512280.000.000) 11/20 20:15:24 Image size of job updated: 1053584
	1008  -  MemoryUsage of job (MB)
	1031676  -  ResidentSetSize of job (KB)
...
006 (6512280.000.000) 11/20 20:20:24 Image size of job updated: 1053644
	1008  -  MemoryUsage of job (MB)
	1031812  -  ResidentSetSize of job (KB)
...
006 (6512280.000.000) 11/20 20:25:25 Image size of job updated: 1053644
	1008  -  MemoryUsage of job (MB)
	1031920  -  ResidentSetSize of job (KB)
...
006 (6512280.000.000) 11/20 20:30:26 Image size of job updated: 1053644
	1008  -  MemoryUsage of job (MB)
	1032004  -  ResidentSetSize of job (KB)
...
006 (6512280.000.000) 11/20 20:35:26 Image size of job updated: 1053644
	1008  -  MemoryUsage of job (MB)
	1032068  -  ResidentSetSize of job (KB)
...
006 (6512280.000.000) 11/20 20:40:26 Image size of job updated: 1053644
	1008  -  MemoryUsage of job (MB)
	1032160  -  ResidentSetSize of job (KB)
...
006 (6512280.000.000) 11/20 20:45:27 Image size of job updated: 1053644
	1009  -  MemoryUsage of job (MB)
	1032216  -  ResidentSetSize of job (KB)
...
006 (6512280.000.000) 11/20 20:50:27 Image size of job updated: 1053644
	1009  -  MemoryUsage of job (MB)
	1032296  -  ResidentSetSize of job (KB)
...
006 (6512280.000.000) 11/20 20:55:27 Image size of job updated: 1053644
	1009  -  MemoryUsage of job (MB)
	1032384  -  ResidentSetSize of job (KB)
...
006 (6512280.000.000) 11/20 21:00:28 Image size of job updated: 1053644
	1009  -  MemoryUsage of job (MB)
	1032448  -  ResidentSetSize of job (KB)
...
006 (6512280.000.000) 11/20 21:05:28 Image size of job updated: 1053644
	1009  -  MemoryUsage of job (MB)
	1032536  -  ResidentSetSize of job (KB)
...
006 (6512280.000.000) 11/20 21:10:28 Image size of job updated: 1053644
	1009  -  MemoryUsage of job (MB)
	1032608  -  ResidentSetSize of job (KB)
...
006 (6512280.000.000) 11/20 21:15:30 Image size of job updated: 1053644
	1009  -  MemoryUsage of job (MB)
	1032688  -  ResidentSetSize of job (KB)
...
006 (6512280.000.000) 11/20 21:20:30 Image size of job updated: 1053648
	1009  -  MemoryUsage of job (MB)
	1032764  -  ResidentSetSize of job (KB)
...
006 (6512280.000.000) 11/20 21:25:30 Image size of job updated: 1053648
	1009  -  MemoryUsage of job (MB)
	1032808  -  ResidentSetSize of job (KB)
...
006 (6512280.000.000) 11/20 21:30:31 Image size of job updated: 1053648
	1009  -  MemoryUsage of job (MB)
	1032844  -  ResidentSetSize of job (KB)
...
006 (6512280.000.000) 11/20 21:35:32 Image size of job updated: 1053648
	1009  -  MemoryUsage of job (MB)
	1032900  -  ResidentSetSize of job (KB)
...
006 (6512280.000.000) 11/20 21:40:32 Image size of job updated: 1053648
	1009  -  MemoryUsage of job (MB)
	1032976  -  ResidentSetSize of job (KB)
...
006 (6512280.000.000) 11/20 21:45:33 Image size of job updated: 1053648
	1009  -  MemoryUsage of job (MB)
	1033020  -  ResidentSetSize of job (KB)
...
006 (6512280.000.000) 11/20 21:50:34 Image size of job updated: 1053648
	1009  -  MemoryUsage of job (MB)
	1033060  -  ResidentSetSize of job (KB)
...
006 (6512280.000.000) 11/20 21:55:34 Image size of job updated: 1053648
	1009  -  MemoryUsage of job (MB)
	1033116  -  ResidentSetSize of job (KB)
...
006 (6512280.000.000) 11/20 22:00:34 Image size of job updated: 1053648
	1009  -  MemoryUsage of job (MB)
	1033192  -  ResidentSetSize of job (KB)
...
006 (6512280.000.000) 11/20 22:05:35 Image size of job updated: 1053648
	1010  -  MemoryUsage of job (MB)
	1033272  -  ResidentSetSize of job (KB)
...
006 (6512280.000.000) 11/20 22:10:35 Image size of job updated: 1053648
	1010  -  MemoryUsage of job (MB)
	1033340  -  ResidentSetSize of job (KB)
...
006 (6512280.000.000) 11/20 22:15:35 Image size of job updated: 1053648
	1010  -  MemoryUsage of job (MB)
	1033392  -  ResidentSetSize of job (KB)
...
006 (6512280.000.000) 11/20 22:20:36 Image size of job updated: 1053648
	1010  -  MemoryUsage of job (MB)
	1033444  -  ResidentSetSize of job (KB)
...
006 (6512280.000.000) 11/20 22:25:36 Image size of job updated: 1053648
	1010  -  MemoryUsage of job (MB)
	1033504  -  ResidentSetSize of job (KB)
...
006 (6512280.000.000) 11/20 22:30:36 Image size of job updated: 1053652
	1010  -  MemoryUsage of job (MB)
	1033560  -  ResidentSetSize of job (KB)
...
006 (6512280.000.000) 11/20 22:35:37 Image size of job updated: 1053652
	1010  -  MemoryUsage of job (MB)
	1033628  -  ResidentSetSize of job (KB)
...
006 (6512280.000.000) 11/20 22:42:24 Image size of job updated: 1053652
	1010  -  MemoryUsage of job (MB)
	1033720  -  ResidentSetSize of job (KB)
...
006 (6512280.000.000) 11/20 22:47:48 Image size of job updated: 1053652
	1010  -  MemoryUsage of job (MB)
	1033828  -  ResidentSetSize of job (KB)
...
006 (6512280.000.000) 11/20 22:52:48 Image size of job updated: 1053652
	1010  -  MemoryUsage of job (MB)
	1033888  -  ResidentSetSize of job (KB)
...
006 (6512280.000.000) 11/20 22:57:49 Image size of job updated: 1053652
	1010  -  MemoryUsage of job (MB)
	1033932  -  ResidentSetSize of job (KB)
...
006 (6512280.000.000) 11/20 23:02:50 Image size of job updated: 1053652
	1010  -  MemoryUsage of job (MB)
	1033980  -  ResidentSetSize of job (KB)
...
006 (6512280.000.000) 11/20 23:07:50 Image size of job updated: 1053652
	1010  -  MemoryUsage of job (MB)
	1034024  -  ResidentSetSize of job (KB)
...
006 (6512280.000.000) 11/20 23:12:51 Image size of job updated: 1053652
	1010  -  MemoryUsage of job (MB)
	1034100  -  ResidentSetSize of job (KB)
...
006 (6512280.000.000) 11/20 23:17:52 Image size of job updated: 1053652
	1010  -  MemoryUsage of job (MB)
	1034180  -  ResidentSetSize of job (KB)
...
006 (6512280.000.000) 11/20 23:22:53 Image size of job updated: 1053652
	1010  -  MemoryUsage of job (MB)
	1034220  -  ResidentSetSize of job (KB)
...
006 (6512280.000.000) 11/20 23:27:53 Image size of job updated: 1053652
	1011  -  MemoryUsage of job (MB)
	1034284  -  ResidentSetSize of job (KB)
...
006 (6512280.000.000) 11/20 23:32:54 Image size of job updated: 1053652
	1011  -  MemoryUsage of job (MB)
	1034308  -  ResidentSetSize of job (KB)
...
006 (6512280.000.000) 11/20 23:37:55 Image size of job updated: 1053652
	1011  -  MemoryUsage of job (MB)
	1034336  -  ResidentSetSize of job (KB)
...
006 (6512280.000.000) 11/20 23:42:55 Image size of job updated: 1053652
	1011  -  MemoryUsage of job (MB)
	1034396  -  ResidentSetSize of job (KB)
...
006 (6512280.000.000) 11/20 23:47:56 Image size of job updated: 1053652
	1011  -  MemoryUsage of job (MB)
	1034424  -  ResidentSetSize of job (KB)
...
006 (6512280.000.000) 11/20 23:52:57 Image size of job updated: 1053652
	1011  -  MemoryUsage of job (MB)
	1034440  -  ResidentSetSize of job (KB)
...
004 (6512280.000.000) 11/20 23:57:40 Job was evicted.
	(0) Job was not checkpointed.
		Usr 0 07:03:33, Sys 0 00:08:08  -  Run Remote Usage
		Usr 0 00:00:00, Sys 0 00:00:00  -  Run Local Usage
	0  -  Run Bytes Sent By Job
	0  -  Run Bytes Received By Job
	Partitionable Resources :    Usage  Request Allocated
	   Cpus                 :                 1         1
	   Disk (KB)            :       10       10  65563928
	   Memory (MB)          :     1011        1      2297
...
009 (6512280.000.000) 11/20 23:59:01 Job was aborted by the user.
	The job attribute PeriodicRemove expression '( NumJobStarts >= 1 && JobStatus == 1 ) || ( JobStatus == 2 && ( CurrentTime - JobCurrentStartDate > ( 54000 ) ) && ( ( RemoteUserCpu + RemoteSysCpu ) / ( CurrentTime - JobCurrentStartDate ) < 0.1 ) ) || ( ( ( CurrentTime - EnteredCurrentStatus ) > ( 2 * 24 * 3600 ) ) && JobStatus == 5 )' evaluated to TRUE
...
