000 (6512386.000.000) 11/20 16:49:46 Job submitted from host: <130.199.153.67:9618?addrs=130.199.153.67-9618&noUDP&sock=7357_7f42_4>
...
001 (6512386.000.000) 11/20 16:51:49 Job executing on host: <130.199.156.36:9618?addrs=130.199.156.36-9618&noUDP&sock=40624_1528_3>
...
006 (6512386.000.000) 11/20 16:51:57 Image size of job updated: 7868
	8  -  MemoryUsage of job (MB)
	7560  -  ResidentSetSize of job (KB)
...
006 (6512386.000.000) 11/20 16:56:57 Image size of job updated: 993964
	945  -  MemoryUsage of job (MB)
	967408  -  ResidentSetSize of job (KB)
...
006 (6512386.000.000) 11/20 17:01:58 Image size of job updated: 1048152
	998  -  MemoryUsage of job (MB)
	1021596  -  ResidentSetSize of job (KB)
...
006 (6512386.000.000) 11/20 17:06:59 Image size of job updated: 1048464
	998  -  MemoryUsage of job (MB)
	1021908  -  ResidentSetSize of job (KB)
...
006 (6512386.000.000) 11/20 17:11:59 Image size of job updated: 1048992
	999  -  MemoryUsage of job (MB)
	1022436  -  ResidentSetSize of job (KB)
...
006 (6512386.000.000) 11/20 17:17:00 Image size of job updated: 1049048
	999  -  MemoryUsage of job (MB)
	1022492  -  ResidentSetSize of job (KB)
...
006 (6512386.000.000) 11/20 17:22:01 Image size of job updated: 1051772
	1002  -  MemoryUsage of job (MB)
	1025216  -  ResidentSetSize of job (KB)
...
006 (6512386.000.000) 11/20 17:27:01 Image size of job updated: 1051832
	1002  -  MemoryUsage of job (MB)
	1025276  -  ResidentSetSize of job (KB)
...
006 (6512386.000.000) 11/20 17:32:01 Image size of job updated: 1051912
	1002  -  MemoryUsage of job (MB)
	1025356  -  ResidentSetSize of job (KB)
...
006 (6512386.000.000) 11/20 17:37:02 Image size of job updated: 1051964
	1002  -  MemoryUsage of job (MB)
	1025408  -  ResidentSetSize of job (KB)
...
006 (6512386.000.000) 11/20 17:42:03 Image size of job updated: 1052012
	1002  -  MemoryUsage of job (MB)
	1025456  -  ResidentSetSize of job (KB)
...
006 (6512386.000.000) 11/20 17:47:03 Image size of job updated: 1052088
	1002  -  MemoryUsage of job (MB)
	1025532  -  ResidentSetSize of job (KB)
...
006 (6512386.000.000) 11/20 17:52:04 Image size of job updated: 1052160
	1002  -  MemoryUsage of job (MB)
	1025604  -  ResidentSetSize of job (KB)
...
006 (6512386.000.000) 11/20 17:57:05 Image size of job updated: 1052224
	1002  -  MemoryUsage of job (MB)
	1025668  -  ResidentSetSize of job (KB)
...
006 (6512386.000.000) 11/20 18:02:05 Image size of job updated: 1052716
	1003  -  MemoryUsage of job (MB)
	1026160  -  ResidentSetSize of job (KB)
...
006 (6512386.000.000) 11/20 18:07:05 Image size of job updated: 1052840
	1003  -  MemoryUsage of job (MB)
	1026284  -  ResidentSetSize of job (KB)
...
006 (6512386.000.000) 11/20 18:12:06 Image size of job updated: 1052996
	1003  -  MemoryUsage of job (MB)
	1026440  -  ResidentSetSize of job (KB)
...
006 (6512386.000.000) 11/20 18:17:07 Image size of job updated: 1053108
	1003  -  MemoryUsage of job (MB)
	1026552  -  ResidentSetSize of job (KB)
...
006 (6512386.000.000) 11/20 18:22:07 Image size of job updated: 1053156
	1003  -  MemoryUsage of job (MB)
	1026600  -  ResidentSetSize of job (KB)
...
006 (6512386.000.000) 11/20 18:27:07 Image size of job updated: 1053224
	1003  -  MemoryUsage of job (MB)
	1026668  -  ResidentSetSize of job (KB)
...
006 (6512386.000.000) 11/20 18:32:08 Image size of job updated: 1053276
	1003  -  MemoryUsage of job (MB)
	1026720  -  ResidentSetSize of job (KB)
...
006 (6512386.000.000) 11/20 18:37:09 Image size of job updated: 1053280
	1003  -  MemoryUsage of job (MB)
	1026724  -  ResidentSetSize of job (KB)
...
006 (6512386.000.000) 11/20 18:42:09 Image size of job updated: 1053768
	1004  -  MemoryUsage of job (MB)
	1027212  -  ResidentSetSize of job (KB)
...
006 (6512386.000.000) 11/20 18:47:10 Image size of job updated: 1053772
	1004  -  MemoryUsage of job (MB)
	1027216  -  ResidentSetSize of job (KB)
...
006 (6512386.000.000) 11/20 18:52:11 Image size of job updated: 1053776
	1004  -  MemoryUsage of job (MB)
	1027220  -  ResidentSetSize of job (KB)
...
006 (6512386.000.000) 11/20 19:02:12 Image size of job updated: 1053796
	1004  -  MemoryUsage of job (MB)
	1027240  -  ResidentSetSize of job (KB)
...
006 (6512386.000.000) 11/20 19:07:13 Image size of job updated: 1053808
	1004  -  MemoryUsage of job (MB)
	1027252  -  ResidentSetSize of job (KB)
...
006 (6512386.000.000) 11/20 19:12:13 Image size of job updated: 1053824
	1004  -  MemoryUsage of job (MB)
	1027268  -  ResidentSetSize of job (KB)
...
006 (6512386.000.000) 11/20 19:17:13 Image size of job updated: 1054092
	1004  -  MemoryUsage of job (MB)
	1027536  -  ResidentSetSize of job (KB)
...
005 (6512386.000.000) 11/20 20:25:06 Job terminated.
	(1) Normal termination (return value 0)
		Usr 0 03:30:35, Sys 0 00:07:04  -  Run Remote Usage
		Usr 0 00:00:00, Sys 0 00:00:00  -  Run Local Usage
		Usr 0 03:30:35, Sys 0 00:07:04  -  Total Remote Usage
		Usr 0 00:00:00, Sys 0 00:00:00  -  Total Local Usage
	0  -  Run Bytes Sent By Job
	0  -  Run Bytes Received By Job
	0  -  Total Bytes Sent By Job
	0  -  Total Bytes Received By Job
	Partitionable Resources :    Usage  Request Allocated
	   Cpus                 :                 1         1
	   Disk (KB)            :       10       10 103927526
	   Memory (MB)          :     1004        1      2006
...
