000 (6512455.000.000) 11/20 16:50:06 Job submitted from host: <130.199.153.67:9618?addrs=130.199.153.67-9618&noUDP&sock=7357_7f42_4>
...
001 (6512455.000.000) 11/20 16:52:00 Job executing on host: <130.199.150.150:9618?addrs=130.199.150.150-9618&noUDP&sock=21968_b1b4_3>
...
006 (6512455.000.000) 11/20 16:52:09 Image size of job updated: 515692
	478  -  MemoryUsage of job (MB)
	489216  -  ResidentSetSize of job (KB)
...
006 (6512455.000.000) 11/20 16:57:10 Image size of job updated: 1039796
	990  -  MemoryUsage of job (MB)
	1013240  -  ResidentSetSize of job (KB)
...
006 (6512455.000.000) 11/20 17:01:37 Image size of job updated: 1196088
	990  -  MemoryUsage of job (MB)
	1013240  -  ResidentSetSize of job (KB)
...
005 (6512455.000.000) 11/20 17:01:38 Job terminated.
	(1) Normal termination (return value 0)
		Usr 0 00:09:23, Sys 0 00:00:17  -  Run Remote Usage
		Usr 0 00:00:00, Sys 0 00:00:00  -  Run Local Usage
		Usr 0 00:09:23, Sys 0 00:00:17  -  Total Remote Usage
		Usr 0 00:00:00, Sys 0 00:00:00  -  Total Local Usage
	0  -  Run Bytes Sent By Job
	0  -  Run Bytes Received By Job
	0  -  Total Bytes Sent By Job
	0  -  Total Bytes Received By Job
	Partitionable Resources :    Usage  Request Allocated
	   Cpus                 :                 1         1
	   Disk (KB)            :       10       10  41489364
	   Memory (MB)          :      990        1      2007
...
