000 (6512349.000.000) 11/20 16:49:45 Job submitted from host: <130.199.153.67:9618?addrs=130.199.153.67-9618&noUDP&sock=7357_7f42_4>
...
001 (6512349.000.000) 11/20 16:51:40 Job executing on host: <130.199.156.67:9618?addrs=130.199.156.67-9618&noUDP&sock=8393_60c6_3>
...
006 (6512349.000.000) 11/20 16:51:48 Image size of job updated: 20232
	20  -  MemoryUsage of job (MB)
	20088  -  ResidentSetSize of job (KB)
...
006 (6512349.000.000) 11/20 16:56:48 Image size of job updated: 1031608
	1008  -  MemoryUsage of job (MB)
	1031424  -  ResidentSetSize of job (KB)
...
006 (6512349.000.000) 11/20 17:01:48 Image size of job updated: 1032656
	1009  -  MemoryUsage of job (MB)
	1032472  -  ResidentSetSize of job (KB)
...
006 (6512349.000.000) 11/20 17:06:49 Image size of job updated: 1035736
	1012  -  MemoryUsage of job (MB)
	1035552  -  ResidentSetSize of job (KB)
...
006 (6512349.000.000) 11/20 17:11:50 Image size of job updated: 1035776
	1012  -  MemoryUsage of job (MB)
	1035592  -  ResidentSetSize of job (KB)
...
006 (6512349.000.000) 11/20 17:16:50 Image size of job updated: 1035808
	1012  -  MemoryUsage of job (MB)
	1035624  -  ResidentSetSize of job (KB)
...
006 (6512349.000.000) 11/20 17:21:51 Image size of job updated: 1035884
	1012  -  MemoryUsage of job (MB)
	1035700  -  ResidentSetSize of job (KB)
...
006 (6512349.000.000) 11/20 17:26:52 Image size of job updated: 1035984
	1012  -  MemoryUsage of job (MB)
	1035800  -  ResidentSetSize of job (KB)
...
006 (6512349.000.000) 11/20 17:31:52 Image size of job updated: 1036148
	1012  -  MemoryUsage of job (MB)
	1035964  -  ResidentSetSize of job (KB)
...
006 (6512349.000.000) 11/20 17:36:52 Image size of job updated: 1036232
	1012  -  MemoryUsage of job (MB)
	1036048  -  ResidentSetSize of job (KB)
...
005 (6512349.000.000) 11/20 17:37:34 Job terminated.
	(1) Normal termination (return value 0)
		Usr 0 00:44:29, Sys 0 00:01:06  -  Run Remote Usage
		Usr 0 00:00:00, Sys 0 00:00:00  -  Run Local Usage
		Usr 0 00:44:29, Sys 0 00:01:06  -  Total Remote Usage
		Usr 0 00:00:00, Sys 0 00:00:00  -  Total Local Usage
	0  -  Run Bytes Sent By Job
	0  -  Run Bytes Received By Job
	0  -  Total Bytes Sent By Job
	0  -  Total Bytes Received By Job
	Partitionable Resources :    Usage  Request Allocated
	   Cpus                 :                 1         1
	   Disk (KB)            :       10       10 103927367
	   Memory (MB)          :     1012        1      2006
...
