000 (6512324.000.000) 11/20 16:49:25 Job submitted from host: <130.199.153.67:9618?addrs=130.199.153.67-9618&noUDP&sock=7357_7f42_4>
...
001 (6512324.000.000) 11/20 16:50:12 Job executing on host: <130.199.202.100:9618?addrs=130.199.202.100-9618&noUDP&sock=178150_5354_3>
...
006 (6512324.000.000) 11/20 16:50:21 Image size of job updated: 973192
	951  -  MemoryUsage of job (MB)
	973008  -  ResidentSetSize of job (KB)
...
006 (6512324.000.000) 11/20 16:55:21 Image size of job updated: 1032812
	1009  -  MemoryUsage of job (MB)
	1032628  -  ResidentSetSize of job (KB)
...
006 (6512324.000.000) 11/20 17:00:21 Image size of job updated: 1034336
	1010  -  MemoryUsage of job (MB)
	1034152  -  ResidentSetSize of job (KB)
...
006 (6512324.000.000) 11/20 17:05:21 Image size of job updated: 1034468
	1011  -  MemoryUsage of job (MB)
	1034284  -  ResidentSetSize of job (KB)
...
006 (6512324.000.000) 11/20 17:10:22 Image size of job updated: 1034676
	1011  -  MemoryUsage of job (MB)
	1034492  -  ResidentSetSize of job (KB)
...
006 (6512324.000.000) 11/20 17:15:22 Image size of job updated: 1035240
	1011  -  MemoryUsage of job (MB)
	1035056  -  ResidentSetSize of job (KB)
...
006 (6512324.000.000) 11/20 17:20:22 Image size of job updated: 1035336
	1011  -  MemoryUsage of job (MB)
	1035152  -  ResidentSetSize of job (KB)
...
006 (6512324.000.000) 11/20 17:25:23 Image size of job updated: 1035408
	1011  -  MemoryUsage of job (MB)
	1035224  -  ResidentSetSize of job (KB)
...
006 (6512324.000.000) 11/20 17:25:57 Image size of job updated: 1191408
	1011  -  MemoryUsage of job (MB)
	1035224  -  ResidentSetSize of job (KB)
...
005 (6512324.000.000) 11/20 17:25:59 Job terminated.
	(1) Normal termination (return value 0)
		Usr 0 00:34:46, Sys 0 00:01:03  -  Run Remote Usage
		Usr 0 00:00:00, Sys 0 00:00:00  -  Run Local Usage
		Usr 0 00:34:46, Sys 0 00:01:03  -  Total Remote Usage
		Usr 0 00:00:00, Sys 0 00:00:00  -  Total Local Usage
	0  -  Run Bytes Sent By Job
	0  -  Run Bytes Received By Job
	0  -  Total Bytes Sent By Job
	0  -  Total Bytes Received By Job
	Partitionable Resources :    Usage  Request Allocated
	   Cpus                 :                 1         1
	   Disk (KB)            :       10       10  66832026
	   Memory (MB)          :     1011        1      2665
...
