000 (6512301.000.000) 11/20 16:49:24 Job submitted from host: <130.199.153.67:9618?addrs=130.199.153.67-9618&noUDP&sock=7357_7f42_4>
...
001 (6512301.000.000) 11/20 16:50:08 Job executing on host: <130.199.202.98:9618?addrs=130.199.202.98-9618&noUDP&sock=178572_e217_3>
...
006 (6512301.000.000) 11/20 16:50:17 Image size of job updated: 972668
	950  -  MemoryUsage of job (MB)
	972484  -  ResidentSetSize of job (KB)
...
006 (6512301.000.000) 11/20 16:55:18 Image size of job updated: 1032328
	1007  -  MemoryUsage of job (MB)
	1030508  -  ResidentSetSize of job (KB)
...
006 (6512301.000.000) 11/20 17:00:18 Image size of job updated: 1033764
	1007  -  MemoryUsage of job (MB)
	1030508  -  ResidentSetSize of job (KB)
...
006 (6512301.000.000) 11/20 17:05:19 Image size of job updated: 1033900
	1007  -  MemoryUsage of job (MB)
	1030508  -  ResidentSetSize of job (KB)
...
006 (6512301.000.000) 11/20 17:10:20 Image size of job updated: 1034100
	1007  -  MemoryUsage of job (MB)
	1030508  -  ResidentSetSize of job (KB)
...
006 (6512301.000.000) 11/20 17:15:20 Image size of job updated: 1034160
	1007  -  MemoryUsage of job (MB)
	1030508  -  ResidentSetSize of job (KB)
...
006 (6512301.000.000) 11/20 17:20:20 Image size of job updated: 1034588
	1007  -  MemoryUsage of job (MB)
	1030508  -  ResidentSetSize of job (KB)
...
006 (6512301.000.000) 11/20 17:25:21 Image size of job updated: 1034652
	1007  -  MemoryUsage of job (MB)
	1030508  -  ResidentSetSize of job (KB)
...
006 (6512301.000.000) 11/20 17:30:21 Image size of job updated: 1034740
	1007  -  MemoryUsage of job (MB)
	1030508  -  ResidentSetSize of job (KB)
...
006 (6512301.000.000) 11/20 17:35:21 Image size of job updated: 1034804
	1007  -  MemoryUsage of job (MB)
	1030508  -  ResidentSetSize of job (KB)
...
005 (6512301.000.000) 11/20 17:39:20 Job terminated.
	(1) Normal termination (return value 0)
		Usr 0 00:47:21, Sys 0 00:01:09  -  Run Remote Usage
		Usr 0 00:00:00, Sys 0 00:00:00  -  Run Local Usage
		Usr 0 00:47:21, Sys 0 00:01:09  -  Total Remote Usage
		Usr 0 00:00:00, Sys 0 00:00:00  -  Total Local Usage
	0  -  Run Bytes Sent By Job
	0  -  Run Bytes Received By Job
	0  -  Total Bytes Sent By Job
	0  -  Total Bytes Received By Job
	Partitionable Resources :    Usage  Request Allocated
	   Cpus                 :                 1         1
	   Disk (KB)            :       10       10  65563928
	   Memory (MB)          :     1007        1      2297
...
