000 (6512511.000.000) 11/20 16:50:08 Job submitted from host: <130.199.153.67:9618?addrs=130.199.153.67-9618&noUDP&sock=7357_7f42_4>
...
001 (6512511.000.000) 11/20 16:52:11 Job executing on host: <130.199.150.170:9618?addrs=130.199.150.170-9618&noUDP&sock=21995_3d44_3>
...
006 (6512511.000.000) 11/20 16:52:20 Image size of job updated: 994672
	946  -  MemoryUsage of job (MB)
	968116  -  ResidentSetSize of job (KB)
...
005 (6512511.000.000) 11/20 16:52:39 Job terminated.
	(1) Normal termination (return value 0)
		Usr 0 00:00:18, Sys 0 00:00:06  -  Run Remote Usage
		Usr 0 00:00:00, Sys 0 00:00:00  -  Run Local Usage
		Usr 0 00:00:18, Sys 0 00:00:06  -  Total Remote Usage
		Usr 0 00:00:00, Sys 0 00:00:00  -  Total Local Usage
	0  -  Run Bytes Sent By Job
	0  -  Run Bytes Received By Job
	0  -  Total Bytes Sent By Job
	0  -  Total Bytes Received By Job
	Partitionable Resources :    Usage  Request Allocated
	   Cpus                 :                 1         1
	   Disk (KB)            :       10       10  41489298
	   Memory (MB)          :      946        1      2007
...
