000 (6512284.000.000) 11/20 16:49:24 Job submitted from host: <130.199.153.67:9618?addrs=130.199.153.67-9618&noUDP&sock=7357_7f42_4>
...
001 (6512284.000.000) 11/20 16:49:58 Job executing on host: <130.199.202.90:9618?addrs=130.199.202.90-9618&noUDP&sock=96748_9ec0_3>
...
006 (6512284.000.000) 11/20 16:50:07 Image size of job updated: 967388
	945  -  MemoryUsage of job (MB)
	967204  -  ResidentSetSize of job (KB)
...
006 (6512284.000.000) 11/20 16:55:08 Image size of job updated: 1021140
	997  -  MemoryUsage of job (MB)
	1020424  -  ResidentSetSize of job (KB)
...
006 (6512284.000.000) 11/20 17:00:09 Image size of job updated: 1025888
	1000  -  MemoryUsage of job (MB)
	1023320  -  ResidentSetSize of job (KB)
...
006 (6512284.000.000) 11/20 17:05:09 Image size of job updated: 1026208
	1000  -  MemoryUsage of job (MB)
	1023320  -  ResidentSetSize of job (KB)
...
006 (6512284.000.000) 11/20 17:10:10 Image size of job updated: 1026504
	1000  -  MemoryUsage of job (MB)
	1023320  -  ResidentSetSize of job (KB)
...
006 (6512284.000.000) 11/20 17:15:11 Image size of job updated: 1027728
	1000  -  MemoryUsage of job (MB)
	1023320  -  ResidentSetSize of job (KB)
...
006 (6512284.000.000) 11/20 17:20:11 Image size of job updated: 1028100
	1000  -  MemoryUsage of job (MB)
	1023320  -  ResidentSetSize of job (KB)
...
006 (6512284.000.000) 11/20 17:25:12 Image size of job updated: 1028212
	1000  -  MemoryUsage of job (MB)
	1023320  -  ResidentSetSize of job (KB)
...
006 (6512284.000.000) 11/20 17:30:13 Image size of job updated: 1029276
	1000  -  MemoryUsage of job (MB)
	1023320  -  ResidentSetSize of job (KB)
...
006 (6512284.000.000) 11/20 17:35:13 Image size of job updated: 1029308
	1000  -  MemoryUsage of job (MB)
	1023320  -  ResidentSetSize of job (KB)
...
006 (6512284.000.000) 11/20 17:40:14 Image size of job updated: 1029356
	1000  -  MemoryUsage of job (MB)
	1023320  -  ResidentSetSize of job (KB)
...
006 (6512284.000.000) 11/20 17:45:15 Image size of job updated: 1029832
	1000  -  MemoryUsage of job (MB)
	1023320  -  ResidentSetSize of job (KB)
...
006 (6512284.000.000) 11/20 17:50:15 Image size of job updated: 1029880
	1000  -  MemoryUsage of job (MB)
	1023320  -  ResidentSetSize of job (KB)
...
006 (6512284.000.000) 11/20 17:55:16 Image size of job updated: 1029924
	1000  -  MemoryUsage of job (MB)
	1023320  -  ResidentSetSize of job (KB)
...
006 (6512284.000.000) 11/20 18:00:17 Image size of job updated: 1030360
	1000  -  MemoryUsage of job (MB)
	1023320  -  ResidentSetSize of job (KB)
...
006 (6512284.000.000) 11/20 18:05:17 Image size of job updated: 1030420
	1000  -  MemoryUsage of job (MB)
	1023320  -  ResidentSetSize of job (KB)
...
006 (6512284.000.000) 11/20 18:10:17 Image size of job updated: 1030476
	1000  -  MemoryUsage of job (MB)
	1023320  -  ResidentSetSize of job (KB)
...
006 (6512284.000.000) 11/20 18:15:18 Image size of job updated: 1030504
	1000  -  MemoryUsage of job (MB)
	1023320  -  ResidentSetSize of job (KB)
...
006 (6512284.000.000) 11/20 18:20:19 Image size of job updated: 1030564
	1000  -  MemoryUsage of job (MB)
	1023320  -  ResidentSetSize of job (KB)
...
006 (6512284.000.000) 11/20 18:25:19 Image size of job updated: 1030656
	1000  -  MemoryUsage of job (MB)
	1023320  -  ResidentSetSize of job (KB)
...
006 (6512284.000.000) 11/20 18:30:20 Image size of job updated: 1035480
	1000  -  MemoryUsage of job (MB)
	1023320  -  ResidentSetSize of job (KB)
...
006 (6512284.000.000) 11/20 18:55:22 Image size of job updated: 1041172
	1004  -  MemoryUsage of job (MB)
	1027288  -  ResidentSetSize of job (KB)
...
006 (6512284.000.000) 11/20 19:00:22 Image size of job updated: 1070428
	1032  -  MemoryUsage of job (MB)
	1056580  -  ResidentSetSize of job (KB)
...
006 (6512284.000.000) 11/20 19:05:23 Image size of job updated: 1070428
	1032  -  MemoryUsage of job (MB)
	1056604  -  ResidentSetSize of job (KB)
...
006 (6512284.000.000) 11/20 19:15:24 Image size of job updated: 1070428
	1032  -  MemoryUsage of job (MB)
	1056680  -  ResidentSetSize of job (KB)
...
006 (6512284.000.000) 11/20 19:20:25 Image size of job updated: 1070428
	1032  -  MemoryUsage of job (MB)
	1056720  -  ResidentSetSize of job (KB)
...
006 (6512284.000.000) 11/20 19:25:26 Image size of job updated: 1070428
	1033  -  MemoryUsage of job (MB)
	1056796  -  ResidentSetSize of job (KB)
...
006 (6512284.000.000) 11/20 19:30:26 Image size of job updated: 1070428
	1033  -  MemoryUsage of job (MB)
	1056852  -  ResidentSetSize of job (KB)
...
006 (6512284.000.000) 11/20 19:35:26 Image size of job updated: 1070428
	1033  -  MemoryUsage of job (MB)
	1056900  -  ResidentSetSize of job (KB)
...
006 (6512284.000.000) 11/20 19:40:27 Image size of job updated: 1070432
	1033  -  MemoryUsage of job (MB)
	1056936  -  ResidentSetSize of job (KB)
...
006 (6512284.000.000) 11/20 19:45:27 Image size of job updated: 1070432
	1033  -  MemoryUsage of job (MB)
	1056960  -  ResidentSetSize of job (KB)
...
006 (6512284.000.000) 11/20 19:50:27 Image size of job updated: 1070432
	1033  -  MemoryUsage of job (MB)
	1056984  -  ResidentSetSize of job (KB)
...
006 (6512284.000.000) 11/20 19:55:28 Image size of job updated: 1070692
	1033  -  MemoryUsage of job (MB)
	1057268  -  ResidentSetSize of job (KB)
...
006 (6512284.000.000) 11/20 20:55:34 Image size of job updated: 1070692
	1033  -  MemoryUsage of job (MB)
	1057272  -  ResidentSetSize of job (KB)
...
006 (6512284.000.000) 11/20 21:00:35 Image size of job updated: 1070692
	1033  -  MemoryUsage of job (MB)
	1057280  -  ResidentSetSize of job (KB)
...
006 (6512284.000.000) 11/20 21:05:35 Image size of job updated: 1070692
	1033  -  MemoryUsage of job (MB)
	1057292  -  ResidentSetSize of job (KB)
...
006 (6512284.000.000) 11/20 21:10:35 Image size of job updated: 1070692
	1033  -  MemoryUsage of job (MB)
	1057304  -  ResidentSetSize of job (KB)
...
006 (6512284.000.000) 11/20 21:15:36 Image size of job updated: 1070692
	1033  -  MemoryUsage of job (MB)
	1057384  -  ResidentSetSize of job (KB)
...
006 (6512284.000.000) 11/20 21:20:37 Image size of job updated: 1070868
	1033  -  MemoryUsage of job (MB)
	1057792  -  ResidentSetSize of job (KB)
...
006 (6512284.000.000) 11/20 21:25:37 Image size of job updated: 1070868
	1034  -  MemoryUsage of job (MB)
	1057824  -  ResidentSetSize of job (KB)
...
006 (6512284.000.000) 11/20 21:30:38 Image size of job updated: 1070868
	1034  -  MemoryUsage of job (MB)
	1057836  -  ResidentSetSize of job (KB)
...
006 (6512284.000.000) 11/20 21:35:39 Image size of job updated: 1070868
	1034  -  MemoryUsage of job (MB)
	1057864  -  ResidentSetSize of job (KB)
...
006 (6512284.000.000) 11/20 21:40:39 Image size of job updated: 1070868
	1034  -  MemoryUsage of job (MB)
	1057876  -  ResidentSetSize of job (KB)
...
006 (6512284.000.000) 11/20 21:45:40 Image size of job updated: 1070868
	1034  -  MemoryUsage of job (MB)
	1057892  -  ResidentSetSize of job (KB)
...
006 (6512284.000.000) 11/20 21:50:41 Image size of job updated: 1070868
	1034  -  MemoryUsage of job (MB)
	1057912  -  ResidentSetSize of job (KB)
...
006 (6512284.000.000) 11/20 21:55:41 Image size of job updated: 1070868
	1034  -  MemoryUsage of job (MB)
	1057952  -  ResidentSetSize of job (KB)
...
006 (6512284.000.000) 11/20 22:00:42 Image size of job updated: 1070868
	1034  -  MemoryUsage of job (MB)
	1057992  -  ResidentSetSize of job (KB)
...
006 (6512284.000.000) 11/20 22:05:43 Image size of job updated: 1070868
	1034  -  MemoryUsage of job (MB)
	1058024  -  ResidentSetSize of job (KB)
...
006 (6512284.000.000) 11/20 22:10:43 Image size of job updated: 1070868
	1034  -  MemoryUsage of job (MB)
	1058036  -  ResidentSetSize of job (KB)
...
006 (6512284.000.000) 11/20 22:15:44 Image size of job updated: 1070868
	1034  -  MemoryUsage of job (MB)
	1058052  -  ResidentSetSize of job (KB)
...
006 (6512284.000.000) 11/20 22:20:45 Image size of job updated: 1070868
	1034  -  MemoryUsage of job (MB)
	1058076  -  ResidentSetSize of job (KB)
...
006 (6512284.000.000) 11/20 22:25:45 Image size of job updated: 1070868
	1034  -  MemoryUsage of job (MB)
	1058100  -  ResidentSetSize of job (KB)
...
006 (6512284.000.000) 11/20 22:30:46 Image size of job updated: 1070868
	1034  -  MemoryUsage of job (MB)
	1058120  -  ResidentSetSize of job (KB)
...
006 (6512284.000.000) 11/20 22:35:47 Image size of job updated: 1070868
	1034  -  MemoryUsage of job (MB)
	1058152  -  ResidentSetSize of job (KB)
...
006 (6512284.000.000) 11/20 23:17:31 Image size of job updated: 1071288
	1034  -  MemoryUsage of job (MB)
	1058152  -  ResidentSetSize of job (KB)
...
006 (6512284.000.000) 11/20 23:22:32 Image size of job updated: 1071356
	1034  -  MemoryUsage of job (MB)
	1058152  -  ResidentSetSize of job (KB)
...
006 (6512284.000.000) 11/20 23:32:33 Image size of job updated: 1072620
	1035  -  MemoryUsage of job (MB)
	1059392  -  ResidentSetSize of job (KB)
...
006 (6512284.000.000) 11/20 23:37:34 Image size of job updated: 1072620
	1035  -  MemoryUsage of job (MB)
	1059612  -  ResidentSetSize of job (KB)
...
004 (6512284.000.000) 11/20 23:57:42 Job was evicted.
	(0) Job was not checkpointed.
		Usr 0 07:07:57, Sys 0 00:07:43  -  Run Remote Usage
		Usr 0 00:00:00, Sys 0 00:00:00  -  Run Local Usage
	0  -  Run Bytes Sent By Job
	0  -  Run Bytes Received By Job
	Partitionable Resources :    Usage  Request Allocated
	   Cpus                 :                 1         1
	   Disk (KB)            :       10       10  65563822
	   Memory (MB)          :     1035        1      2297
...
009 (6512284.000.000) 11/20 23:59:02 Job was aborted by the user.
	The job attribute PeriodicRemove expression '( NumJobStarts >= 1 && JobStatus == 1 ) || ( JobStatus == 2 && ( CurrentTime - JobCurrentStartDate > ( 54000 ) ) && ( ( RemoteUserCpu + RemoteSysCpu ) / ( CurrentTime - JobCurrentStartDate ) < 0.1 ) ) || ( ( ( CurrentTime - EnteredCurrentStatus ) > ( 2 * 24 * 3600 ) ) && JobStatus == 5 )' evaluated to TRUE
...
