000 (6512307.000.000) 11/20 16:49:24 Job submitted from host: <130.199.153.67:9618?addrs=130.199.153.67-9618&noUDP&sock=7357_7f42_4>
...
001 (6512307.000.000) 11/20 16:50:10 Job executing on host: <130.199.202.89:9618?addrs=130.199.202.89-9618&noUDP&sock=70844_54c5_3>
...
006 (6512307.000.000) 11/20 16:50:19 Image size of job updated: 979596
	957  -  MemoryUsage of job (MB)
	979408  -  ResidentSetSize of job (KB)
...
006 (6512307.000.000) 11/20 16:55:20 Image size of job updated: 1048004
	1021  -  MemoryUsage of job (MB)
	1044576  -  ResidentSetSize of job (KB)
...
006 (6512307.000.000) 11/20 17:00:21 Image size of job updated: 1049948
	1021  -  MemoryUsage of job (MB)
	1044576  -  ResidentSetSize of job (KB)
...
006 (6512307.000.000) 11/20 17:15:23 Image size of job updated: 1050100
	1021  -  MemoryUsage of job (MB)
	1044576  -  ResidentSetSize of job (KB)
...
006 (6512307.000.000) 11/20 17:20:23 Image size of job updated: 1050216
	1021  -  MemoryUsage of job (MB)
	1044576  -  ResidentSetSize of job (KB)
...
006 (6512307.000.000) 11/20 17:21:33 Image size of job updated: 1533800
	1021  -  MemoryUsage of job (MB)
	1044576  -  ResidentSetSize of job (KB)
...
005 (6512307.000.000) 11/20 17:21:34 Job terminated.
	(1) Normal termination (return value 0)
		Usr 0 00:30:07, Sys 0 00:00:53  -  Run Remote Usage
		Usr 0 00:00:00, Sys 0 00:00:00  -  Run Local Usage
		Usr 0 00:30:07, Sys 0 00:00:53  -  Total Remote Usage
		Usr 0 00:00:00, Sys 0 00:00:00  -  Total Local Usage
	0  -  Run Bytes Sent By Job
	0  -  Run Bytes Received By Job
	0  -  Total Bytes Sent By Job
	0  -  Total Bytes Received By Job
	Partitionable Resources :    Usage  Request Allocated
	   Cpus                 :                 1         1
	   Disk (KB)            :       10       10  65563893
	   Memory (MB)          :     1021        1      2297
...
