000 (6512290.000.000) 11/20 16:49:24 Job submitted from host: <130.199.153.67:9618?addrs=130.199.153.67-9618&noUDP&sock=7357_7f42_4>
...
001 (6512290.000.000) 11/20 16:50:00 Job executing on host: <130.199.202.116:9618?addrs=130.199.202.116-9618&noUDP&sock=193740_5d1a_3>
...
006 (6512290.000.000) 11/20 16:50:08 Image size of job updated: 973788
	951  -  MemoryUsage of job (MB)
	973604  -  ResidentSetSize of job (KB)
...
006 (6512290.000.000) 11/20 16:55:08 Image size of job updated: 1032796
	1009  -  MemoryUsage of job (MB)
	1032612  -  ResidentSetSize of job (KB)
...
006 (6512290.000.000) 11/20 17:00:08 Image size of job updated: 1034488
	1011  -  MemoryUsage of job (MB)
	1034304  -  ResidentSetSize of job (KB)
...
006 (6512290.000.000) 11/20 17:05:09 Image size of job updated: 1034572
	1011  -  MemoryUsage of job (MB)
	1034388  -  ResidentSetSize of job (KB)
...
006 (6512290.000.000) 11/20 17:10:10 Image size of job updated: 1034644
	1011  -  MemoryUsage of job (MB)
	1034460  -  ResidentSetSize of job (KB)
...
006 (6512290.000.000) 11/20 17:15:10 Image size of job updated: 1035240
	1011  -  MemoryUsage of job (MB)
	1035056  -  ResidentSetSize of job (KB)
...
006 (6512290.000.000) 11/20 17:20:10 Image size of job updated: 1035960
	1012  -  MemoryUsage of job (MB)
	1035776  -  ResidentSetSize of job (KB)
...
006 (6512290.000.000) 11/20 17:34:02 Image size of job updated: 1134332
	1012  -  MemoryUsage of job (MB)
	1035776  -  ResidentSetSize of job (KB)
...
005 (6512290.000.000) 11/20 17:34:02 Job terminated.
	(1) Normal termination (return value 0)
		Usr 0 00:42:31, Sys 0 00:01:25  -  Run Remote Usage
		Usr 0 00:00:00, Sys 0 00:00:00  -  Run Local Usage
		Usr 0 00:42:31, Sys 0 00:01:25  -  Total Remote Usage
		Usr 0 00:00:00, Sys 0 00:00:00  -  Total Local Usage
	0  -  Run Bytes Sent By Job
	0  -  Run Bytes Received By Job
	0  -  Total Bytes Sent By Job
	0  -  Total Bytes Received By Job
	Partitionable Resources :    Usage  Request Allocated
	   Cpus                 :                 1         1
	   Disk (KB)            :       10       10  66832027
	   Memory (MB)          :     1012        1      2665
...
