000 (6512378.000.000) 11/20 16:49:46 Job submitted from host: <130.199.153.67:9618?addrs=130.199.153.67-9618&noUDP&sock=7357_7f42_4>
...
001 (6512378.000.000) 11/20 16:51:46 Job executing on host: <130.199.157.221:9618?addrs=130.199.157.221-9618&noUDP&sock=10860_2703_3>
...
006 (6512378.000.000) 11/20 16:51:54 Image size of job updated: 13932
	13  -  MemoryUsage of job (MB)
	12944  -  ResidentSetSize of job (KB)
...
006 (6512378.000.000) 11/20 16:56:54 Image size of job updated: 1016580
	991  -  MemoryUsage of job (MB)
	1014012  -  ResidentSetSize of job (KB)
...
006 (6512378.000.000) 11/20 17:01:55 Image size of job updated: 1020772
	995  -  MemoryUsage of job (MB)
	1018204  -  ResidentSetSize of job (KB)
...
006 (6512378.000.000) 11/20 17:06:56 Image size of job updated: 1023164
	997  -  MemoryUsage of job (MB)
	1020596  -  ResidentSetSize of job (KB)
...
006 (6512378.000.000) 11/20 17:11:56 Image size of job updated: 1023272
	997  -  MemoryUsage of job (MB)
	1020704  -  ResidentSetSize of job (KB)
...
006 (6512378.000.000) 11/20 17:16:56 Image size of job updated: 1023396
	997  -  MemoryUsage of job (MB)
	1020828  -  ResidentSetSize of job (KB)
...
006 (6512378.000.000) 11/20 17:21:57 Image size of job updated: 1023644
	998  -  MemoryUsage of job (MB)
	1021076  -  ResidentSetSize of job (KB)
...
006 (6512378.000.000) 11/20 17:26:58 Image size of job updated: 1024256
	998  -  MemoryUsage of job (MB)
	1021688  -  ResidentSetSize of job (KB)
...
006 (6512378.000.000) 11/20 17:31:58 Image size of job updated: 1024424
	998  -  MemoryUsage of job (MB)
	1021856  -  ResidentSetSize of job (KB)
...
006 (6512378.000.000) 11/20 17:36:59 Image size of job updated: 1024924
	999  -  MemoryUsage of job (MB)
	1022356  -  ResidentSetSize of job (KB)
...
006 (6512378.000.000) 11/20 17:47:00 Image size of job updated: 1025060
	999  -  MemoryUsage of job (MB)
	1022492  -  ResidentSetSize of job (KB)
...
006 (6512378.000.000) 11/20 17:52:00 Image size of job updated: 1025128
	999  -  MemoryUsage of job (MB)
	1022560  -  ResidentSetSize of job (KB)
...
006 (6512378.000.000) 11/20 17:57:01 Image size of job updated: 1025148
	999  -  MemoryUsage of job (MB)
	1022580  -  ResidentSetSize of job (KB)
...
006 (6512378.000.000) 11/20 18:07:02 Image size of job updated: 1025184
	999  -  MemoryUsage of job (MB)
	1022616  -  ResidentSetSize of job (KB)
...
006 (6512378.000.000) 11/20 18:17:02 Image size of job updated: 1025240
	999  -  MemoryUsage of job (MB)
	1022672  -  ResidentSetSize of job (KB)
...
006 (6512378.000.000) 11/20 18:22:03 Image size of job updated: 1025260
	999  -  MemoryUsage of job (MB)
	1022692  -  ResidentSetSize of job (KB)
...
006 (6512378.000.000) 11/20 18:27:04 Image size of job updated: 1025316
	999  -  MemoryUsage of job (MB)
	1022748  -  ResidentSetSize of job (KB)
...
006 (6512378.000.000) 11/20 18:32:04 Image size of job updated: 1025476
	999  -  MemoryUsage of job (MB)
	1022908  -  ResidentSetSize of job (KB)
...
006 (6512378.000.000) 11/20 18:37:04 Image size of job updated: 1025872
	1000  -  MemoryUsage of job (MB)
	1023304  -  ResidentSetSize of job (KB)
...
006 (6512378.000.000) 11/20 18:42:05 Image size of job updated: 1025896
	1000  -  MemoryUsage of job (MB)
	1023328  -  ResidentSetSize of job (KB)
...
006 (6512378.000.000) 11/20 18:52:06 Image size of job updated: 1025940
	1000  -  MemoryUsage of job (MB)
	1023372  -  ResidentSetSize of job (KB)
...
006 (6512378.000.000) 11/20 18:57:06 Image size of job updated: 1025976
	1000  -  MemoryUsage of job (MB)
	1023408  -  ResidentSetSize of job (KB)
...
006 (6512378.000.000) 11/20 19:02:07 Image size of job updated: 1026000
	1000  -  MemoryUsage of job (MB)
	1023432  -  ResidentSetSize of job (KB)
...
006 (6512378.000.000) 11/20 19:07:07 Image size of job updated: 1026040
	1000  -  MemoryUsage of job (MB)
	1023472  -  ResidentSetSize of job (KB)
...
006 (6512378.000.000) 11/20 19:12:07 Image size of job updated: 1026128
	1000  -  MemoryUsage of job (MB)
	1023560  -  ResidentSetSize of job (KB)
...
006 (6512378.000.000) 11/20 19:17:08 Image size of job updated: 1026168
	1000  -  MemoryUsage of job (MB)
	1023600  -  ResidentSetSize of job (KB)
...
006 (6512378.000.000) 11/20 19:22:09 Image size of job updated: 1026196
	1000  -  MemoryUsage of job (MB)
	1023628  -  ResidentSetSize of job (KB)
...
006 (6512378.000.000) 11/20 19:27:09 Image size of job updated: 1026228
	1000  -  MemoryUsage of job (MB)
	1023660  -  ResidentSetSize of job (KB)
...
006 (6512378.000.000) 11/20 19:32:09 Image size of job updated: 1026264
	1000  -  MemoryUsage of job (MB)
	1023696  -  ResidentSetSize of job (KB)
...
005 (6512378.000.000) 11/20 19:33:50 Job terminated.
	(1) Normal termination (return value 0)
		Usr 0 02:40:59, Sys 0 00:03:39  -  Run Remote Usage
		Usr 0 00:00:00, Sys 0 00:00:00  -  Run Local Usage
		Usr 0 02:40:59, Sys 0 00:03:39  -  Total Remote Usage
		Usr 0 00:00:00, Sys 0 00:00:00  -  Total Local Usage
	0  -  Run Bytes Sent By Job
	0  -  Run Bytes Received By Job
	0  -  Total Bytes Sent By Job
	0  -  Total Bytes Received By Job
	Partitionable Resources :    Usage  Request Allocated
	   Cpus                 :                 1         1
	   Disk (KB)            :       10       10 138673136
	   Memory (MB)          :     1000        1      2005
...
