000 (6512395.000.000) 11/20 16:49:46 Job submitted from host: <130.199.153.67:9618?addrs=130.199.153.67-9618&noUDP&sock=7357_7f42_4>
...
001 (6512395.000.000) 11/20 16:51:50 Job executing on host: <130.199.158.28:9618?addrs=130.199.158.28-9618&noUDP&sock=8037_b562_3>
...
006 (6512395.000.000) 11/20 16:51:58 Image size of job updated: 9476
	10  -  MemoryUsage of job (MB)
	9372  -  ResidentSetSize of job (KB)
...
006 (6512395.000.000) 11/20 16:56:58 Image size of job updated: 1043296
	1006  -  MemoryUsage of job (MB)
	1029368  -  ResidentSetSize of job (KB)
...
006 (6512395.000.000) 11/20 17:01:58 Image size of job updated: 1044544
	1007  -  MemoryUsage of job (MB)
	1030616  -  ResidentSetSize of job (KB)
...
006 (6512395.000.000) 11/20 17:06:59 Image size of job updated: 1045188
	1008  -  MemoryUsage of job (MB)
	1031260  -  ResidentSetSize of job (KB)
...
006 (6512395.000.000) 11/20 17:12:00 Image size of job updated: 1045856
	1008  -  MemoryUsage of job (MB)
	1031928  -  ResidentSetSize of job (KB)
...
006 (6512395.000.000) 11/20 17:17:00 Image size of job updated: 1045896
	1008  -  MemoryUsage of job (MB)
	1031968  -  ResidentSetSize of job (KB)
...
006 (6512395.000.000) 11/20 17:22:00 Image size of job updated: 1045928
	1008  -  MemoryUsage of job (MB)
	1032000  -  ResidentSetSize of job (KB)
...
006 (6512395.000.000) 11/20 17:24:25 Image size of job updated: 1439208
	1008  -  MemoryUsage of job (MB)
	1032000  -  ResidentSetSize of job (KB)
...
005 (6512395.000.000) 11/20 17:24:25 Job terminated.
	(1) Normal termination (return value 0)
		Usr 0 00:31:42, Sys 0 00:00:59  -  Run Remote Usage
		Usr 0 00:00:00, Sys 0 00:00:00  -  Run Local Usage
		Usr 0 00:31:42, Sys 0 00:00:59  -  Total Remote Usage
		Usr 0 00:00:00, Sys 0 00:00:00  -  Total Local Usage
	0  -  Run Bytes Sent By Job
	0  -  Run Bytes Received By Job
	0  -  Total Bytes Sent By Job
	0  -  Total Bytes Received By Job
	Partitionable Resources :    Usage  Request Allocated
	   Cpus                 :                 1         1
	   Disk (KB)            :       10       10 138707120
	   Memory (MB)          :     1008        1      2005
...
