000 (6512344.000.000) 11/20 16:49:45 Job submitted from host: <130.199.153.67:9618?addrs=130.199.153.67-9618&noUDP&sock=7357_7f42_4>
...
001 (6512344.000.000) 11/20 16:51:39 Job executing on host: <130.199.156.47:9618?addrs=130.199.156.47-9618&noUDP&sock=10679_de40_3>
...
006 (6512344.000.000) 11/20 16:51:47 Image size of job updated: 21320
	21  -  MemoryUsage of job (MB)
	21176  -  ResidentSetSize of job (KB)
...
006 (6512344.000.000) 11/20 16:56:47 Image size of job updated: 1010828
	987  -  MemoryUsage of job (MB)
	1010644  -  ResidentSetSize of job (KB)
...
006 (6512344.000.000) 11/20 17:01:47 Image size of job updated: 1017104
	994  -  MemoryUsage of job (MB)
	1016920  -  ResidentSetSize of job (KB)
...
006 (6512344.000.000) 11/20 17:06:48 Image size of job updated: 1017528
	994  -  MemoryUsage of job (MB)
	1017344  -  ResidentSetSize of job (KB)
...
006 (6512344.000.000) 11/20 17:11:49 Image size of job updated: 1017812
	994  -  MemoryUsage of job (MB)
	1017628  -  ResidentSetSize of job (KB)
...
006 (6512344.000.000) 11/20 17:16:49 Image size of job updated: 1018036
	994  -  MemoryUsage of job (MB)
	1017852  -  ResidentSetSize of job (KB)
...
006 (6512344.000.000) 11/20 17:21:49 Image size of job updated: 1018628
	995  -  MemoryUsage of job (MB)
	1018444  -  ResidentSetSize of job (KB)
...
006 (6512344.000.000) 11/20 17:26:49 Image size of job updated: 1019396
	996  -  MemoryUsage of job (MB)
	1019212  -  ResidentSetSize of job (KB)
...
006 (6512344.000.000) 11/20 17:31:50 Image size of job updated: 1019424
	996  -  MemoryUsage of job (MB)
	1019240  -  ResidentSetSize of job (KB)
...
006 (6512344.000.000) 11/20 17:36:50 Image size of job updated: 1019456
	996  -  MemoryUsage of job (MB)
	1019272  -  ResidentSetSize of job (KB)
...
006 (6512344.000.000) 11/20 17:41:50 Image size of job updated: 1019480
	996  -  MemoryUsage of job (MB)
	1019296  -  ResidentSetSize of job (KB)
...
006 (6512344.000.000) 11/20 17:51:52 Image size of job updated: 1019552
	996  -  MemoryUsage of job (MB)
	1019368  -  ResidentSetSize of job (KB)
...
006 (6512344.000.000) 11/20 17:56:53 Image size of job updated: 1019628
	996  -  MemoryUsage of job (MB)
	1019444  -  ResidentSetSize of job (KB)
...
006 (6512344.000.000) 11/20 18:01:53 Image size of job updated: 1019656
	996  -  MemoryUsage of job (MB)
	1019472  -  ResidentSetSize of job (KB)
...
006 (6512344.000.000) 11/20 18:06:53 Image size of job updated: 1020148
	997  -  MemoryUsage of job (MB)
	1019964  -  ResidentSetSize of job (KB)
...
006 (6512344.000.000) 11/20 18:11:54 Image size of job updated: 1020512
	997  -  MemoryUsage of job (MB)
	1020328  -  ResidentSetSize of job (KB)
...
006 (6512344.000.000) 11/20 18:21:56 Image size of job updated: 1020588
	997  -  MemoryUsage of job (MB)
	1020404  -  ResidentSetSize of job (KB)
...
006 (6512344.000.000) 11/20 18:26:56 Image size of job updated: 1020664
	997  -  MemoryUsage of job (MB)
	1020480  -  ResidentSetSize of job (KB)
...
006 (6512344.000.000) 11/20 18:31:56 Image size of job updated: 1020688
	997  -  MemoryUsage of job (MB)
	1020504  -  ResidentSetSize of job (KB)
...
006 (6512344.000.000) 11/20 18:36:57 Image size of job updated: 1020852
	997  -  MemoryUsage of job (MB)
	1020668  -  ResidentSetSize of job (KB)
...
006 (6512344.000.000) 11/20 18:41:58 Image size of job updated: 1020896
	997  -  MemoryUsage of job (MB)
	1020712  -  ResidentSetSize of job (KB)
...
006 (6512344.000.000) 11/20 18:46:58 Image size of job updated: 1020920
	997  -  MemoryUsage of job (MB)
	1020736  -  ResidentSetSize of job (KB)
...
006 (6512344.000.000) 11/20 18:51:58 Image size of job updated: 1020960
	997  -  MemoryUsage of job (MB)
	1020776  -  ResidentSetSize of job (KB)
...
006 (6512344.000.000) 11/20 18:56:59 Image size of job updated: 1021020
	997  -  MemoryUsage of job (MB)
	1020836  -  ResidentSetSize of job (KB)
...
006 (6512344.000.000) 11/20 19:02:00 Image size of job updated: 1021032
	997  -  MemoryUsage of job (MB)
	1020848  -  ResidentSetSize of job (KB)
...
006 (6512344.000.000) 11/20 19:07:00 Image size of job updated: 1021060
	997  -  MemoryUsage of job (MB)
	1020876  -  ResidentSetSize of job (KB)
...
006 (6512344.000.000) 11/20 19:12:00 Image size of job updated: 1021088
	997  -  MemoryUsage of job (MB)
	1020904  -  ResidentSetSize of job (KB)
...
006 (6512344.000.000) 11/20 19:17:01 Image size of job updated: 1021128
	998  -  MemoryUsage of job (MB)
	1020944  -  ResidentSetSize of job (KB)
...
006 (6512344.000.000) 11/20 19:22:02 Image size of job updated: 1021156
	998  -  MemoryUsage of job (MB)
	1020972  -  ResidentSetSize of job (KB)
...
006 (6512344.000.000) 11/20 19:27:02 Image size of job updated: 1021584
	998  -  MemoryUsage of job (MB)
	1021400  -  ResidentSetSize of job (KB)
...
006 (6512344.000.000) 11/20 19:32:03 Image size of job updated: 1022180
	999  -  MemoryUsage of job (MB)
	1021996  -  ResidentSetSize of job (KB)
...
006 (6512344.000.000) 11/20 19:42:04 Image size of job updated: 1022184
	999  -  MemoryUsage of job (MB)
	1022000  -  ResidentSetSize of job (KB)
...
006 (6512344.000.000) 11/20 19:47:05 Image size of job updated: 1022192
	999  -  MemoryUsage of job (MB)
	1022008  -  ResidentSetSize of job (KB)
...
006 (6512344.000.000) 11/20 19:57:06 Image size of job updated: 1022204
	999  -  MemoryUsage of job (MB)
	1022020  -  ResidentSetSize of job (KB)
...
006 (6512344.000.000) 11/20 20:02:07 Image size of job updated: 1022208
	999  -  MemoryUsage of job (MB)
	1022024  -  ResidentSetSize of job (KB)
...
006 (6512344.000.000) 11/20 20:07:08 Image size of job updated: 1022216
	999  -  MemoryUsage of job (MB)
	1022032  -  ResidentSetSize of job (KB)
...
006 (6512344.000.000) 11/20 20:17:09 Image size of job updated: 1022224
	999  -  MemoryUsage of job (MB)
	1022040  -  ResidentSetSize of job (KB)
...
006 (6512344.000.000) 11/20 20:27:10 Image size of job updated: 1022232
	999  -  MemoryUsage of job (MB)
	1022048  -  ResidentSetSize of job (KB)
...
006 (6512344.000.000) 11/20 20:42:12 Image size of job updated: 1022484
	999  -  MemoryUsage of job (MB)
	1022300  -  ResidentSetSize of job (KB)
...
006 (6512344.000.000) 11/20 21:04:25 Image size of job updated: 1178056
	999  -  MemoryUsage of job (MB)
	1022300  -  ResidentSetSize of job (KB)
...
005 (6512344.000.000) 11/20 21:04:26 Job terminated.
	(1) Normal termination (return value 0)
		Usr 0 04:09:57, Sys 0 00:06:46  -  Run Remote Usage
		Usr 0 00:00:00, Sys 0 00:00:00  -  Run Local Usage
		Usr 0 04:09:57, Sys 0 00:06:46  -  Total Remote Usage
		Usr 0 00:00:00, Sys 0 00:00:00  -  Total Local Usage
	0  -  Run Bytes Sent By Job
	0  -  Run Bytes Received By Job
	0  -  Total Bytes Sent By Job
	0  -  Total Bytes Received By Job
	Partitionable Resources :    Usage  Request Allocated
	   Cpus                 :                 1         1
	   Disk (KB)            :       10       10 103637140
	   Memory (MB)          :      999        1      2006
...
