000 (6512422.000.000) 11/20 16:49:46 Job submitted from host: <130.199.153.67:9618?addrs=130.199.153.67-9618&noUDP&sock=7357_7f42_4>
...
001 (6512422.000.000) 11/20 16:51:54 Job executing on host: <130.199.150.133:9618?addrs=130.199.150.133-9618&noUDP&sock=19230_26d7_3>
...
006 (6512422.000.000) 11/20 16:52:03 Image size of job updated: 22952
	14  -  MemoryUsage of job (MB)
	14080  -  ResidentSetSize of job (KB)
...
006 (6512422.000.000) 11/20 16:57:04 Image size of job updated: 1025812
	987  -  MemoryUsage of job (MB)
	1010552  -  ResidentSetSize of job (KB)
...
006 (6512422.000.000) 11/20 17:02:04 Image size of job updated: 1028800
	990  -  MemoryUsage of job (MB)
	1013540  -  ResidentSetSize of job (KB)
...
006 (6512422.000.000) 11/20 17:07:04 Image size of job updated: 1029064
	991  -  MemoryUsage of job (MB)
	1013804  -  ResidentSetSize of job (KB)
...
006 (6512422.000.000) 11/20 17:12:05 Image size of job updated: 1029300
	991  -  MemoryUsage of job (MB)
	1013804  -  ResidentSetSize of job (KB)
...
006 (6512422.000.000) 11/20 17:17:05 Image size of job updated: 1031444
	992  -  MemoryUsage of job (MB)
	1014852  -  ResidentSetSize of job (KB)
...
006 (6512422.000.000) 11/20 17:27:06 Image size of job updated: 1031552
	992  -  MemoryUsage of job (MB)
	1014852  -  ResidentSetSize of job (KB)
...
005 (6512422.000.000) 11/20 17:45:11 Job terminated.
	(1) Normal termination (return value 0)
		Usr 0 00:52:02, Sys 0 00:01:10  -  Run Remote Usage
		Usr 0 00:00:00, Sys 0 00:00:00  -  Run Local Usage
		Usr 0 00:52:02, Sys 0 00:01:10  -  Total Remote Usage
		Usr 0 00:00:00, Sys 0 00:00:00  -  Total Local Usage
	0  -  Run Bytes Sent By Job
	0  -  Run Bytes Received By Job
	0  -  Total Bytes Sent By Job
	0  -  Total Bytes Received By Job
	Partitionable Resources :    Usage  Request Allocated
	   Cpus                 :                 1         1
	   Disk (KB)            :       10       10  41489470
	   Memory (MB)          :      992        1      2007
...
