000 (6512396.000.000) 11/20 16:49:46 Job submitted from host: <130.199.153.67:9618?addrs=130.199.153.67-9618&noUDP&sock=7357_7f42_4>
...
001 (6512396.000.000) 11/20 16:51:50 Job executing on host: <130.199.158.23:9618?addrs=130.199.158.23-9618&noUDP&sock=11026_b075_3>
...
006 (6512396.000.000) 11/20 16:51:58 Image size of job updated: 29448
	13  -  MemoryUsage of job (MB)
	13276  -  ResidentSetSize of job (KB)
...
006 (6512396.000.000) 11/20 16:56:58 Image size of job updated: 1047632
	998  -  MemoryUsage of job (MB)
	1021076  -  ResidentSetSize of job (KB)
...
005 (6512396.000.000) 11/20 17:01:47 Job terminated.
	(1) Normal termination (return value 0)
		Usr 0 00:09:17, Sys 0 00:00:23  -  Run Remote Usage
		Usr 0 00:00:00, Sys 0 00:00:00  -  Run Local Usage
		Usr 0 00:09:17, Sys 0 00:00:23  -  Total Remote Usage
		Usr 0 00:00:00, Sys 0 00:00:00  -  Total Local Usage
	0  -  Run Bytes Sent By Job
	0  -  Run Bytes Received By Job
	0  -  Total Bytes Sent By Job
	0  -  Total Bytes Received By Job
	Partitionable Resources :    Usage  Request Allocated
	   Cpus                 :                 1         1
	   Disk (KB)            :       10       10 138639688
	   Memory (MB)          :      998        1      2005
...
