000 (6512495.000.000) 11/20 16:50:07 Job submitted from host: <130.199.153.67:9618?addrs=130.199.153.67-9618&noUDP&sock=7357_7f42_4>
...
001 (6512495.000.000) 11/20 16:52:08 Job executing on host: <130.199.150.135:9618?addrs=130.199.150.135-9618&noUDP&sock=18914_2447_3>
...
006 (6512495.000.000) 11/20 16:52:17 Image size of job updated: 999408
	951  -  MemoryUsage of job (MB)
	972852  -  ResidentSetSize of job (KB)
...
006 (6512495.000.000) 11/20 16:52:40 Image size of job updated: 1129824
	951  -  MemoryUsage of job (MB)
	972852  -  ResidentSetSize of job (KB)
...
005 (6512495.000.000) 11/20 16:52:40 Job terminated.
	(1) Normal termination (return value 0)
		Usr 0 00:00:22, Sys 0 00:00:06  -  Run Remote Usage
		Usr 0 00:00:00, Sys 0 00:00:00  -  Run Local Usage
		Usr 0 00:00:22, Sys 0 00:00:06  -  Total Remote Usage
		Usr 0 00:00:00, Sys 0 00:00:00  -  Total Local Usage
	0  -  Run Bytes Sent By Job
	0  -  Run Bytes Received By Job
	0  -  Total Bytes Sent By Job
	0  -  Total Bytes Received By Job
	Partitionable Resources :    Usage  Request Allocated
	   Cpus                 :                 1         1
	   Disk (KB)            :       10       10  41489196
	   Memory (MB)          :      951        1      2007
...
