000 (6512313.000.000) 11/20 16:49:24 Job submitted from host: <130.199.153.67:9618?addrs=130.199.153.67-9618&noUDP&sock=7357_7f42_4>
...
001 (6512313.000.000) 11/20 16:50:11 Job executing on host: <130.199.202.89:9618?addrs=130.199.202.89-9618&noUDP&sock=70844_54c5_3>
...
006 (6512313.000.000) 11/20 16:50:19 Image size of job updated: 972128
	950  -  MemoryUsage of job (MB)
	971944  -  ResidentSetSize of job (KB)
...
006 (6512313.000.000) 11/20 16:55:19 Image size of job updated: 1028968
	1005  -  MemoryUsage of job (MB)
	1028784  -  ResidentSetSize of job (KB)
...
006 (6512313.000.000) 11/20 17:00:20 Image size of job updated: 1030444
	1007  -  MemoryUsage of job (MB)
	1030260  -  ResidentSetSize of job (KB)
...
006 (6512313.000.000) 11/20 17:05:20 Image size of job updated: 1031504
	1008  -  MemoryUsage of job (MB)
	1031320  -  ResidentSetSize of job (KB)
...
006 (6512313.000.000) 11/20 17:10:20 Image size of job updated: 1031616
	1008  -  MemoryUsage of job (MB)
	1031432  -  ResidentSetSize of job (KB)
...
006 (6512313.000.000) 11/20 17:15:21 Image size of job updated: 1031696
	1008  -  MemoryUsage of job (MB)
	1031512  -  ResidentSetSize of job (KB)
...
006 (6512313.000.000) 11/20 17:20:22 Image size of job updated: 1032172
	1008  -  MemoryUsage of job (MB)
	1031988  -  ResidentSetSize of job (KB)
...
006 (6512313.000.000) 11/20 17:25:22 Image size of job updated: 1032380
	1009  -  MemoryUsage of job (MB)
	1032196  -  ResidentSetSize of job (KB)
...
006 (6512313.000.000) 11/20 17:30:23 Image size of job updated: 1032440
	1009  -  MemoryUsage of job (MB)
	1032256  -  ResidentSetSize of job (KB)
...
006 (6512313.000.000) 11/20 17:35:24 Image size of job updated: 1032560
	1009  -  MemoryUsage of job (MB)
	1032376  -  ResidentSetSize of job (KB)
...
006 (6512313.000.000) 11/20 17:40:24 Image size of job updated: 1478668
	1009  -  MemoryUsage of job (MB)
	1032376  -  ResidentSetSize of job (KB)
...
005 (6512313.000.000) 11/20 17:40:31 Job terminated.
	(1) Normal termination (return value 0)
		Usr 0 00:49:02, Sys 0 00:01:13  -  Run Remote Usage
		Usr 0 00:00:00, Sys 0 00:00:00  -  Run Local Usage
		Usr 0 00:49:02, Sys 0 00:01:13  -  Total Remote Usage
		Usr 0 00:00:00, Sys 0 00:00:00  -  Total Local Usage
	0  -  Run Bytes Sent By Job
	0  -  Run Bytes Received By Job
	0  -  Total Bytes Sent By Job
	0  -  Total Bytes Received By Job
	Partitionable Resources :    Usage  Request Allocated
	   Cpus                 :                 1         1
	   Disk (KB)            :       10       10  65563893
	   Memory (MB)          :     1009        1      2297
...
