000 (6512278.000.000) 11/20 16:49:24 Job submitted from host: <130.199.153.67:9618?addrs=130.199.153.67-9618&noUDP&sock=7357_7f42_4>
...
001 (6512278.000.000) 11/20 16:49:57 Job executing on host: <130.199.202.90:9618?addrs=130.199.202.90-9618&noUDP&sock=96748_9ec0_3>
...
006 (6512278.000.000) 11/20 16:50:05 Image size of job updated: 968340
	946  -  MemoryUsage of job (MB)
	968156  -  ResidentSetSize of job (KB)
...
006 (6512278.000.000) 11/20 16:55:05 Image size of job updated: 1023236
	1000  -  MemoryUsage of job (MB)
	1023052  -  ResidentSetSize of job (KB)
...
006 (6512278.000.000) 11/20 17:00:06 Image size of job updated: 1023612
	1000  -  MemoryUsage of job (MB)
	1023428  -  ResidentSetSize of job (KB)
...
006 (6512278.000.000) 11/20 17:05:07 Image size of job updated: 1024004
	1000  -  MemoryUsage of job (MB)
	1023820  -  ResidentSetSize of job (KB)
...
006 (6512278.000.000) 11/20 17:10:07 Image size of job updated: 1024372
	1001  -  MemoryUsage of job (MB)
	1024188  -  ResidentSetSize of job (KB)
...
006 (6512278.000.000) 11/20 17:15:07 Image size of job updated: 1024992
	1001  -  MemoryUsage of job (MB)
	1024808  -  ResidentSetSize of job (KB)
...
006 (6512278.000.000) 11/20 17:20:08 Image size of job updated: 1025576
	1002  -  MemoryUsage of job (MB)
	1025392  -  ResidentSetSize of job (KB)
...
006 (6512278.000.000) 11/20 17:25:08 Image size of job updated: 1025668
	1002  -  MemoryUsage of job (MB)
	1025484  -  ResidentSetSize of job (KB)
...
006 (6512278.000.000) 11/20 17:30:08 Image size of job updated: 1026108
	1002  -  MemoryUsage of job (MB)
	1025924  -  ResidentSetSize of job (KB)
...
006 (6512278.000.000) 11/20 17:35:09 Image size of job updated: 1026188
	1002  -  MemoryUsage of job (MB)
	1026004  -  ResidentSetSize of job (KB)
...
006 (6512278.000.000) 11/20 17:40:09 Image size of job updated: 1026228
	1002  -  MemoryUsage of job (MB)
	1026044  -  ResidentSetSize of job (KB)
...
006 (6512278.000.000) 11/20 17:45:09 Image size of job updated: 1026260
	1003  -  MemoryUsage of job (MB)
	1026076  -  ResidentSetSize of job (KB)
...
006 (6512278.000.000) 11/20 17:50:10 Image size of job updated: 1026368
	1003  -  MemoryUsage of job (MB)
	1026184  -  ResidentSetSize of job (KB)
...
006 (6512278.000.000) 11/20 17:55:11 Image size of job updated: 1026672
	1003  -  MemoryUsage of job (MB)
	1026488  -  ResidentSetSize of job (KB)
...
006 (6512278.000.000) 11/20 18:00:11 Image size of job updated: 1026712
	1003  -  MemoryUsage of job (MB)
	1026528  -  ResidentSetSize of job (KB)
...
006 (6512278.000.000) 11/20 18:05:12 Image size of job updated: 1026760
	1003  -  MemoryUsage of job (MB)
	1026576  -  ResidentSetSize of job (KB)
...
006 (6512278.000.000) 11/20 18:10:13 Image size of job updated: 1026804
	1003  -  MemoryUsage of job (MB)
	1026620  -  ResidentSetSize of job (KB)
...
006 (6512278.000.000) 11/20 18:15:13 Image size of job updated: 1032720
	1009  -  MemoryUsage of job (MB)
	1032536  -  ResidentSetSize of job (KB)
...
006 (6512278.000.000) 11/20 18:20:14 Image size of job updated: 1032768
	1009  -  MemoryUsage of job (MB)
	1032584  -  ResidentSetSize of job (KB)
...
006 (6512278.000.000) 11/20 18:25:15 Image size of job updated: 1063116
	1039  -  MemoryUsage of job (MB)
	1062932  -  ResidentSetSize of job (KB)
...
006 (6512278.000.000) 11/20 18:30:15 Image size of job updated: 1079940
	1055  -  MemoryUsage of job (MB)
	1079756  -  ResidentSetSize of job (KB)
...
006 (6512278.000.000) 11/20 18:35:16 Image size of job updated: 1079968
	1055  -  MemoryUsage of job (MB)
	1079784  -  ResidentSetSize of job (KB)
...
006 (6512278.000.000) 11/20 18:40:17 Image size of job updated: 1080000
	1055  -  MemoryUsage of job (MB)
	1079816  -  ResidentSetSize of job (KB)
...
006 (6512278.000.000) 11/20 18:45:17 Image size of job updated: 1081516
	1056  -  MemoryUsage of job (MB)
	1081332  -  ResidentSetSize of job (KB)
...
006 (6512278.000.000) 11/20 18:50:17 Image size of job updated: 1081516
	1057  -  MemoryUsage of job (MB)
	1081464  -  ResidentSetSize of job (KB)
...
006 (6512278.000.000) 11/20 22:23:44 Image size of job updated: 1085536
	1057  -  MemoryUsage of job (MB)
	1081464  -  ResidentSetSize of job (KB)
...
005 (6512278.000.000) 11/20 22:23:44 Job terminated.
	(1) Normal termination (return value 0)
		Usr 0 05:32:18, Sys 0 00:06:07  -  Run Remote Usage
		Usr 0 00:00:00, Sys 0 00:00:00  -  Run Local Usage
		Usr 0 05:32:18, Sys 0 00:06:07  -  Total Remote Usage
		Usr 0 00:00:00, Sys 0 00:00:00  -  Total Local Usage
	0  -  Run Bytes Sent By Job
	0  -  Run Bytes Received By Job
	0  -  Total Bytes Sent By Job
	0  -  Total Bytes Received By Job
	Partitionable Resources :    Usage  Request Allocated
	   Cpus                 :                 1         1
	   Disk (KB)            :       10       10  65563822
	   Memory (MB)          :     1057        1      2297
...
