000 (6512397.000.000) 11/20 16:49:46 Job submitted from host: <130.199.153.67:9618?addrs=130.199.153.67-9618&noUDP&sock=7357_7f42_4>
...
001 (6512397.000.000) 11/20 16:51:50 Job executing on host: <130.199.157.222:9618?addrs=130.199.157.222-9618&noUDP&sock=11244_aefc_3>
...
006 (6512397.000.000) 11/20 16:51:59 Image size of job updated: 30476
	14  -  MemoryUsage of job (MB)
	13448  -  ResidentSetSize of job (KB)
...
006 (6512397.000.000) 11/20 16:57:00 Image size of job updated: 1050068
	1000  -  MemoryUsage of job (MB)
	1023512  -  ResidentSetSize of job (KB)
...
005 (6512397.000.000) 11/20 17:00:45 Job terminated.
	(1) Normal termination (return value 0)
		Usr 0 00:07:54, Sys 0 00:00:19  -  Run Remote Usage
		Usr 0 00:00:00, Sys 0 00:00:00  -  Run Local Usage
		Usr 0 00:07:54, Sys 0 00:00:19  -  Total Remote Usage
		Usr 0 00:00:00, Sys 0 00:00:00  -  Total Local Usage
	0  -  Run Bytes Sent By Job
	0  -  Run Bytes Received By Job
	0  -  Total Bytes Sent By Job
	0  -  Total Bytes Received By Job
	Partitionable Resources :    Usage  Request Allocated
	   Cpus                 :                 1         1
	   Disk (KB)            :       10       10 138702763
	   Memory (MB)          :     1000        1      2005
...
