000 (6512469.000.000) 11/20 16:50:07 Job submitted from host: <130.199.153.67:9618?addrs=130.199.153.67-9618&noUDP&sock=7357_7f42_4>
...
001 (6512469.000.000) 11/20 16:52:03 Job executing on host: <130.199.202.90:9618?addrs=130.199.202.90-9618&noUDP&sock=96748_9ec0_3>
...
006 (6512469.000.000) 11/20 16:52:12 Image size of job updated: 976200
	954  -  MemoryUsage of job (MB)
	976016  -  ResidentSetSize of job (KB)
...
006 (6512469.000.000) 11/20 16:52:47 Image size of job updated: 1153416
	954  -  MemoryUsage of job (MB)
	976016  -  ResidentSetSize of job (KB)
...
005 (6512469.000.000) 11/20 16:52:47 Job terminated.
	(1) Normal termination (return value 0)
		Usr 0 00:00:32, Sys 0 00:00:07  -  Run Remote Usage
		Usr 0 00:00:00, Sys 0 00:00:00  -  Run Local Usage
		Usr 0 00:00:32, Sys 0 00:00:07  -  Total Remote Usage
		Usr 0 00:00:00, Sys 0 00:00:00  -  Total Local Usage
	0  -  Run Bytes Sent By Job
	0  -  Run Bytes Received By Job
	0  -  Total Bytes Sent By Job
	0  -  Total Bytes Received By Job
	Partitionable Resources :    Usage  Request Allocated
	   Cpus                 :                 1         1
	   Disk (KB)            :       10       10  65563822
	   Memory (MB)          :      954        1      2297
...
