000 (6512387.000.000) 11/20 16:49:46 Job submitted from host: <130.199.153.67:9618?addrs=130.199.153.67-9618&noUDP&sock=7357_7f42_4>
...
001 (6512387.000.000) 11/20 16:51:49 Job executing on host: <130.199.157.5:9618?addrs=130.199.157.5-9618&noUDP&sock=8814_9e85_3>
...
006 (6512387.000.000) 11/20 16:51:57 Image size of job updated: 26840
	13  -  MemoryUsage of job (MB)
	13004  -  ResidentSetSize of job (KB)
...
006 (6512387.000.000) 11/20 16:56:57 Image size of job updated: 1054908
	1005  -  MemoryUsage of job (MB)
	1028352  -  ResidentSetSize of job (KB)
...
006 (6512387.000.000) 11/20 17:01:58 Image size of job updated: 1056468
	1006  -  MemoryUsage of job (MB)
	1029912  -  ResidentSetSize of job (KB)
...
006 (6512387.000.000) 11/20 17:06:59 Image size of job updated: 1057716
	1007  -  MemoryUsage of job (MB)
	1031160  -  ResidentSetSize of job (KB)
...
006 (6512387.000.000) 11/20 17:11:59 Image size of job updated: 1057892
	1008  -  MemoryUsage of job (MB)
	1031336  -  ResidentSetSize of job (KB)
...
005 (6512387.000.000) 11/20 17:16:17 Job terminated.
	(1) Normal termination (return value 0)
		Usr 0 00:23:12, Sys 0 00:00:38  -  Run Remote Usage
		Usr 0 00:00:00, Sys 0 00:00:00  -  Run Local Usage
		Usr 0 00:23:12, Sys 0 00:00:38  -  Total Remote Usage
		Usr 0 00:00:00, Sys 0 00:00:00  -  Total Local Usage
	0  -  Run Bytes Sent By Job
	0  -  Run Bytes Received By Job
	0  -  Total Bytes Sent By Job
	0  -  Total Bytes Received By Job
	Partitionable Resources :    Usage  Request Allocated
	   Cpus                 :                 1         1
	   Disk (KB)            :       10       10 137885623
	   Memory (MB)          :     1008        1      2005
...
