000 (6512432.000.000) 11/20 16:50:05 Job submitted from host: <130.199.153.67:9618?addrs=130.199.153.67-9618&noUDP&sock=7357_7f42_4>
...
001 (6512432.000.000) 11/20 16:51:56 Job executing on host: <130.199.150.140:9618?addrs=130.199.150.140-9618&noUDP&sock=22592_2eaa_3>
...
006 (6512432.000.000) 11/20 16:52:04 Image size of job updated: 800776
	782  -  MemoryUsage of job (MB)
	800464  -  ResidentSetSize of job (KB)
...
006 (6512432.000.000) 11/20 16:57:04 Image size of job updated: 1018740
	995  -  MemoryUsage of job (MB)
	1018408  -  ResidentSetSize of job (KB)
...
006 (6512432.000.000) 11/20 17:02:05 Image size of job updated: 1019292
	996  -  MemoryUsage of job (MB)
	1018960  -  ResidentSetSize of job (KB)
...
006 (6512432.000.000) 11/20 17:07:06 Image size of job updated: 1019604
	996  -  MemoryUsage of job (MB)
	1019276  -  ResidentSetSize of job (KB)
...
006 (6512432.000.000) 11/20 17:12:06 Image size of job updated: 1019792
	996  -  MemoryUsage of job (MB)
	1019480  -  ResidentSetSize of job (KB)
...
006 (6512432.000.000) 11/20 17:16:07 Image size of job updated: 1176168
	996  -  MemoryUsage of job (MB)
	1019480  -  ResidentSetSize of job (KB)
...
005 (6512432.000.000) 11/20 17:16:08 Job terminated.
	(1) Normal termination (return value 0)
		Usr 0 00:23:46, Sys 0 00:00:41  -  Run Remote Usage
		Usr 0 00:00:00, Sys 0 00:00:00  -  Run Local Usage
		Usr 0 00:23:46, Sys 0 00:00:41  -  Total Remote Usage
		Usr 0 00:00:00, Sys 0 00:00:00  -  Total Local Usage
	0  -  Run Bytes Sent By Job
	0  -  Run Bytes Received By Job
	0  -  Total Bytes Sent By Job
	0  -  Total Bytes Received By Job
	Partitionable Resources :    Usage  Request Allocated
	   Cpus                 :                 1         1
	   Disk (KB)            :       10       10  41489591
	   Memory (MB)          :      996        1      2007
...
