000 (6512379.000.000) 11/20 16:49:46 Job submitted from host: <130.199.153.67:9618?addrs=130.199.153.67-9618&noUDP&sock=7357_7f42_4>
...
001 (6512379.000.000) 11/20 16:51:47 Job executing on host: <130.199.158.45:9618?addrs=130.199.158.45-9618&noUDP&sock=10394_ab55_3>
...
006 (6512379.000.000) 11/20 16:51:56 Image size of job updated: 29096
	13  -  MemoryUsage of job (MB)
	13284  -  ResidentSetSize of job (KB)
...
006 (6512379.000.000) 11/20 16:56:58 Image size of job updated: 991092
	942  -  MemoryUsage of job (MB)
	964536  -  ResidentSetSize of job (KB)
...
006 (6512379.000.000) 11/20 17:01:58 Image size of job updated: 1042588
	993  -  MemoryUsage of job (MB)
	1016032  -  ResidentSetSize of job (KB)
...
006 (6512379.000.000) 11/20 17:06:58 Image size of job updated: 1044480
	995  -  MemoryUsage of job (MB)
	1017924  -  ResidentSetSize of job (KB)
...
006 (6512379.000.000) 11/20 17:11:59 Image size of job updated: 1044760
	995  -  MemoryUsage of job (MB)
	1018204  -  ResidentSetSize of job (KB)
...
006 (6512379.000.000) 11/20 17:17:00 Image size of job updated: 1045032
	995  -  MemoryUsage of job (MB)
	1018476  -  ResidentSetSize of job (KB)
...
006 (6512379.000.000) 11/20 17:22:00 Image size of job updated: 1045168
	995  -  MemoryUsage of job (MB)
	1018612  -  ResidentSetSize of job (KB)
...
006 (6512379.000.000) 11/20 17:27:00 Image size of job updated: 1045384
	995  -  MemoryUsage of job (MB)
	1018828  -  ResidentSetSize of job (KB)
...
006 (6512379.000.000) 11/20 17:32:01 Image size of job updated: 1046140
	996  -  MemoryUsage of job (MB)
	1019584  -  ResidentSetSize of job (KB)
...
006 (6512379.000.000) 11/20 17:37:02 Image size of job updated: 1046616
	997  -  MemoryUsage of job (MB)
	1020060  -  ResidentSetSize of job (KB)
...
006 (6512379.000.000) 11/20 17:42:02 Image size of job updated: 1046668
	997  -  MemoryUsage of job (MB)
	1020112  -  ResidentSetSize of job (KB)
...
006 (6512379.000.000) 11/20 17:47:02 Image size of job updated: 1046688
	997  -  MemoryUsage of job (MB)
	1020132  -  ResidentSetSize of job (KB)
...
006 (6512379.000.000) 11/20 17:52:02 Image size of job updated: 1046716
	997  -  MemoryUsage of job (MB)
	1020160  -  ResidentSetSize of job (KB)
...
006 (6512379.000.000) 11/20 17:57:03 Image size of job updated: 1046732
	997  -  MemoryUsage of job (MB)
	1020176  -  ResidentSetSize of job (KB)
...
006 (6512379.000.000) 11/20 18:02:04 Image size of job updated: 1046736
	997  -  MemoryUsage of job (MB)
	1020180  -  ResidentSetSize of job (KB)
...
006 (6512379.000.000) 11/20 18:07:04 Image size of job updated: 1046808
	997  -  MemoryUsage of job (MB)
	1020252  -  ResidentSetSize of job (KB)
...
006 (6512379.000.000) 11/20 18:12:04 Image size of job updated: 1047184
	997  -  MemoryUsage of job (MB)
	1020628  -  ResidentSetSize of job (KB)
...
006 (6512379.000.000) 11/20 18:22:06 Image size of job updated: 1047228
	997  -  MemoryUsage of job (MB)
	1020672  -  ResidentSetSize of job (KB)
...
006 (6512379.000.000) 11/20 18:32:06 Image size of job updated: 1047232
	997  -  MemoryUsage of job (MB)
	1020676  -  ResidentSetSize of job (KB)
...
006 (6512379.000.000) 11/20 18:37:08 Image size of job updated: 1047636
	998  -  MemoryUsage of job (MB)
	1021080  -  ResidentSetSize of job (KB)
...
006 (6512379.000.000) 11/20 18:47:08 Image size of job updated: 1047700
	998  -  MemoryUsage of job (MB)
	1021144  -  ResidentSetSize of job (KB)
...
006 (6512379.000.000) 11/20 18:52:09 Image size of job updated: 1047700
	998  -  MemoryUsage of job (MB)
	1021300  -  ResidentSetSize of job (KB)
...
006 (6512379.000.000) 11/20 18:57:10 Image size of job updated: 1047732
	998  -  MemoryUsage of job (MB)
	1021300  -  ResidentSetSize of job (KB)
...
006 (6512379.000.000) 11/20 19:02:10 Image size of job updated: 1048012
	998  -  MemoryUsage of job (MB)
	1021456  -  ResidentSetSize of job (KB)
...
006 (6512379.000.000) 11/20 19:27:13 Image size of job updated: 1049016
	999  -  MemoryUsage of job (MB)
	1022460  -  ResidentSetSize of job (KB)
...
006 (6512379.000.000) 11/20 19:32:13 Image size of job updated: 1049016
	999  -  MemoryUsage of job (MB)
	1022560  -  ResidentSetSize of job (KB)
...
005 (6512379.000.000) 11/20 19:39:19 Job terminated.
	(1) Normal termination (return value 0)
		Usr 0 02:45:53, Sys 0 00:03:57  -  Run Remote Usage
		Usr 0 00:00:00, Sys 0 00:00:00  -  Run Local Usage
		Usr 0 02:45:53, Sys 0 00:03:57  -  Total Remote Usage
		Usr 0 00:00:00, Sys 0 00:00:00  -  Total Local Usage
	0  -  Run Bytes Sent By Job
	0  -  Run Bytes Received By Job
	0  -  Total Bytes Sent By Job
	0  -  Total Bytes Received By Job
	Partitionable Resources :    Usage  Request Allocated
	   Cpus                 :                 1         1
	   Disk (KB)            :       10       10 138710560
	   Memory (MB)          :      999        1      2005
...
