000 (6512460.000.000) 11/20 16:50:06 Job submitted from host: <130.199.153.67:9618?addrs=130.199.153.67-9618&noUDP&sock=7357_7f42_4>
...
001 (6512460.000.000) 11/20 16:52:02 Job executing on host: <130.199.150.162:9618?addrs=130.199.150.162-9618&noUDP&sock=21925_15d0_3>
...
006 (6512460.000.000) 11/20 16:52:10 Image size of job updated: 623052
	609  -  MemoryUsage of job (MB)
	622876  -  ResidentSetSize of job (KB)
...
006 (6512460.000.000) 11/20 16:54:05 Image size of job updated: 1724776
	613  -  MemoryUsage of job (MB)
	627532  -  ResidentSetSize of job (KB)
...
005 (6512460.000.000) 11/20 16:54:05 Job terminated.
	(1) Normal termination (return value 0)
		Usr 0 00:01:29, Sys 0 00:00:11  -  Run Remote Usage
		Usr 0 00:00:00, Sys 0 00:00:00  -  Run Local Usage
		Usr 0 00:01:29, Sys 0 00:00:11  -  Total Remote Usage
		Usr 0 00:00:00, Sys 0 00:00:00  -  Total Local Usage
	0  -  Run Bytes Sent By Job
	0  -  Run Bytes Received By Job
	0  -  Total Bytes Sent By Job
	0  -  Total Bytes Received By Job
	Partitionable Resources :    Usage  Request Allocated
	   Cpus                 :                 1         1
	   Disk (KB)            :       10       10  41489434
	   Memory (MB)          :      613        1      2007
...
