000 (6512270.000.000) 11/20 16:49:23 Job submitted from host: <130.199.153.67:9618?addrs=130.199.153.67-9618&noUDP&sock=7357_7f42_4>
...
001 (6512270.000.000) 11/20 16:49:55 Job executing on host: <130.199.202.109:9618?addrs=130.199.202.109-9618&noUDP&sock=203419_a51e_3>
...
006 (6512270.000.000) 11/20 16:50:04 Image size of job updated: 977444
	955  -  MemoryUsage of job (MB)
	977244  -  ResidentSetSize of job (KB)
...
006 (6512270.000.000) 11/20 16:55:05 Image size of job updated: 1045396
	1021  -  MemoryUsage of job (MB)
	1045196  -  ResidentSetSize of job (KB)
...
006 (6512270.000.000) 11/20 17:00:06 Image size of job updated: 1046200
	1022  -  MemoryUsage of job (MB)
	1046000  -  ResidentSetSize of job (KB)
...
006 (6512270.000.000) 11/20 17:05:06 Image size of job updated: 1046720
	1022  -  MemoryUsage of job (MB)
	1046520  -  ResidentSetSize of job (KB)
...
006 (6512270.000.000) 11/20 17:10:06 Image size of job updated: 1047272
	1023  -  MemoryUsage of job (MB)
	1047072  -  ResidentSetSize of job (KB)
...
006 (6512270.000.000) 11/20 17:15:07 Image size of job updated: 1048336
	1024  -  MemoryUsage of job (MB)
	1048136  -  ResidentSetSize of job (KB)
...
006 (6512270.000.000) 11/20 17:20:08 Image size of job updated: 1048816
	1025  -  MemoryUsage of job (MB)
	1048616  -  ResidentSetSize of job (KB)
...
005 (6512270.000.000) 11/20 17:24:26 Job terminated.
	(1) Normal termination (return value 0)
		Usr 0 00:32:58, Sys 0 00:01:03  -  Run Remote Usage
		Usr 0 00:00:00, Sys 0 00:00:00  -  Run Local Usage
		Usr 0 00:32:58, Sys 0 00:01:03  -  Total Remote Usage
		Usr 0 00:00:00, Sys 0 00:00:00  -  Total Local Usage
	0  -  Run Bytes Sent By Job
	0  -  Run Bytes Received By Job
	0  -  Total Bytes Sent By Job
	0  -  Total Bytes Received By Job
	Partitionable Resources :    Usage  Request Allocated
	   Cpus                 :                 1         1
	   Disk (KB)            :       10       10  66832031
	   Memory (MB)          :     1025        1      2665
...
