000 (6512415.000.000) 11/20 16:49:46 Job submitted from host: <130.199.153.67:9618?addrs=130.199.153.67-9618&noUDP&sock=7357_7f42_4>
...
001 (6512415.000.000) 11/20 16:51:53 Job executing on host: <130.199.202.85:9618?addrs=130.199.202.85-9618&noUDP&sock=154183_1293_3>
...
006 (6512415.000.000) 11/20 16:52:01 Image size of job updated: 26060
	26  -  MemoryUsage of job (MB)
	25916  -  ResidentSetSize of job (KB)
...
006 (6512415.000.000) 11/20 16:57:01 Image size of job updated: 1025256
	1002  -  MemoryUsage of job (MB)
	1025068  -  ResidentSetSize of job (KB)
...
006 (6512415.000.000) 11/20 17:02:02 Image size of job updated: 1025600
	1002  -  MemoryUsage of job (MB)
	1025068  -  ResidentSetSize of job (KB)
...
006 (6512415.000.000) 11/20 17:07:02 Image size of job updated: 1026544
	1002  -  MemoryUsage of job (MB)
	1025068  -  ResidentSetSize of job (KB)
...
006 (6512415.000.000) 11/20 17:12:02 Image size of job updated: 1026808
	1002  -  MemoryUsage of job (MB)
	1025068  -  ResidentSetSize of job (KB)
...
006 (6512415.000.000) 11/20 17:17:03 Image size of job updated: 1027064
	1002  -  MemoryUsage of job (MB)
	1025068  -  ResidentSetSize of job (KB)
...
006 (6512415.000.000) 11/20 17:22:03 Image size of job updated: 1027560
	1002  -  MemoryUsage of job (MB)
	1025068  -  ResidentSetSize of job (KB)
...
006 (6512415.000.000) 11/20 17:27:03 Image size of job updated: 1027612
	1002  -  MemoryUsage of job (MB)
	1025068  -  ResidentSetSize of job (KB)
...
006 (6512415.000.000) 11/20 17:27:59 Image size of job updated: 1171056
	1002  -  MemoryUsage of job (MB)
	1025068  -  ResidentSetSize of job (KB)
...
005 (6512415.000.000) 11/20 17:27:59 Job terminated.
	(1) Normal termination (return value 0)
		Usr 0 00:35:25, Sys 0 00:00:49  -  Run Remote Usage
		Usr 0 00:00:00, Sys 0 00:00:00  -  Run Local Usage
		Usr 0 00:35:25, Sys 0 00:00:49  -  Total Remote Usage
		Usr 0 00:00:00, Sys 0 00:00:00  -  Total Local Usage
	0  -  Run Bytes Sent By Job
	0  -  Run Bytes Received By Job
	0  -  Total Bytes Sent By Job
	0  -  Total Bytes Received By Job
	Partitionable Resources :    Usage  Request Allocated
	   Cpus                 :                 1         1
	   Disk (KB)            :       10       10  65563889
	   Memory (MB)          :     1002        1      2297
...
