000 (6512390.000.000) 11/20 16:49:46 Job submitted from host: <130.199.153.67:9618?addrs=130.199.153.67-9618&noUDP&sock=7357_7f42_4>
...
001 (6512390.000.000) 11/20 16:51:49 Job executing on host: <130.199.158.43:9618?addrs=130.199.158.43-9618&noUDP&sock=10404_d58a_3>
...
006 (6512390.000.000) 11/20 16:51:57 Image size of job updated: 14780
	15  -  MemoryUsage of job (MB)
	14780  -  ResidentSetSize of job (KB)
...
006 (6512390.000.000) 11/20 16:56:57 Image size of job updated: 1023172
	1000  -  MemoryUsage of job (MB)
	1022988  -  ResidentSetSize of job (KB)
...
005 (6512390.000.000) 11/20 17:00:46 Job terminated.
	(1) Normal termination (return value 0)
		Usr 0 00:07:45, Sys 0 00:00:20  -  Run Remote Usage
		Usr 0 00:00:00, Sys 0 00:00:00  -  Run Local Usage
		Usr 0 00:07:45, Sys 0 00:00:20  -  Total Remote Usage
		Usr 0 00:00:00, Sys 0 00:00:00  -  Total Local Usage
	0  -  Run Bytes Sent By Job
	0  -  Run Bytes Received By Job
	0  -  Total Bytes Sent By Job
	0  -  Total Bytes Received By Job
	Partitionable Resources :    Usage  Request Allocated
	   Cpus                 :                 1         1
	   Disk (KB)            :       10       10 138621879
	   Memory (MB)          :     1000        1      2005
...
