000 (6512465.000.000) 11/20 16:50:06 Job submitted from host: <130.199.153.67:9618?addrs=130.199.153.67-9618&noUDP&sock=7357_7f42_4>
...
001 (6512465.000.000) 11/20 16:52:03 Job executing on host: <130.199.202.21:9618?addrs=130.199.202.21-9618&noUDP&sock=23483_2c2b_3>
...
006 (6512465.000.000) 11/20 16:52:12 Image size of job updated: 402312
	393  -  MemoryUsage of job (MB)
	402144  -  ResidentSetSize of job (KB)
...
006 (6512465.000.000) 11/20 16:53:55 Image size of job updated: 1706812
	393  -  MemoryUsage of job (MB)
	402144  -  ResidentSetSize of job (KB)
...
005 (6512465.000.000) 11/20 16:53:56 Job terminated.
	(1) Normal termination (return value 0)
		Usr 0 00:01:31, Sys 0 00:00:13  -  Run Remote Usage
		Usr 0 00:00:00, Sys 0 00:00:00  -  Run Local Usage
		Usr 0 00:01:31, Sys 0 00:00:13  -  Total Remote Usage
		Usr 0 00:00:00, Sys 0 00:00:00  -  Total Local Usage
	0  -  Run Bytes Sent By Job
	0  -  Run Bytes Received By Job
	0  -  Total Bytes Sent By Job
	0  -  Total Bytes Received By Job
	Partitionable Resources :    Usage  Request Allocated
	   Cpus                 :                 1         1
	   Disk (KB)            :       10       10  47541181
	   Memory (MB)          :      393        1      2008
...
