000 (6512481.000.000) 11/20 16:50:07 Job submitted from host: <130.199.153.67:9618?addrs=130.199.153.67-9618&noUDP&sock=7357_7f42_4>
...
001 (6512481.000.000) 11/20 16:52:05 Job executing on host: <130.199.202.9:9618?addrs=130.199.202.9-9618&noUDP&sock=37429_e7cd_3>
...
006 (6512481.000.000) 11/20 16:52:14 Image size of job updated: 26676
	15  -  MemoryUsage of job (MB)
	14748  -  ResidentSetSize of job (KB)
...
006 (6512481.000.000) 11/20 16:54:10 Image size of job updated: 1367324
	15  -  MemoryUsage of job (MB)
	14808  -  ResidentSetSize of job (KB)
...
005 (6512481.000.000) 11/20 16:54:11 Job terminated.
	(1) Normal termination (return value 0)
		Usr 0 00:01:42, Sys 0 00:00:14  -  Run Remote Usage
		Usr 0 00:00:00, Sys 0 00:00:00  -  Run Local Usage
		Usr 0 00:01:42, Sys 0 00:00:14  -  Total Remote Usage
		Usr 0 00:00:00, Sys 0 00:00:00  -  Total Local Usage
	0  -  Run Bytes Sent By Job
	0  -  Run Bytes Received By Job
	0  -  Total Bytes Sent By Job
	0  -  Total Bytes Received By Job
	Partitionable Resources :    Usage  Request Allocated
	   Cpus                 :                 1         1
	   Disk (KB)            :       10       10  47541158
	   Memory (MB)          :       15        1      2008
...
