000 (6512437.000.000) 11/20 16:50:06 Job submitted from host: <130.199.153.67:9618?addrs=130.199.153.67-9618&noUDP&sock=7357_7f42_4>
...
001 (6512437.000.000) 11/20 16:51:57 Job executing on host: <130.199.150.187:9618?addrs=130.199.150.187-9618&noUDP&sock=21994_ec3e_3>
...
006 (6512437.000.000) 11/20 16:52:05 Image size of job updated: 36588
	26  -  MemoryUsage of job (MB)
	25772  -  ResidentSetSize of job (KB)
...
005 (6512437.000.000) 11/20 16:53:56 Job terminated.
	(1) Normal termination (return value 0)
		Usr 0 00:01:34, Sys 0 00:00:11  -  Run Remote Usage
		Usr 0 00:00:00, Sys 0 00:00:00  -  Run Local Usage
		Usr 0 00:01:34, Sys 0 00:00:11  -  Total Remote Usage
		Usr 0 00:00:00, Sys 0 00:00:00  -  Total Local Usage
	0  -  Run Bytes Sent By Job
	0  -  Run Bytes Received By Job
	0  -  Total Bytes Sent By Job
	0  -  Total Bytes Received By Job
	Partitionable Resources :    Usage  Request Allocated
	   Cpus                 :                 1         1
	   Disk (KB)            :       10       10  41489146
	   Memory (MB)          :       26        1      2007
...
