000 (6512268.000.000) 11/20 16:49:23 Job submitted from host: <130.199.153.67:9618?addrs=130.199.153.67-9618&noUDP&sock=7357_7f42_4>
...
001 (6512268.000.000) 11/20 16:49:55 Job executing on host: <130.199.202.109:9618?addrs=130.199.202.109-9618&noUDP&sock=203419_a51e_3>
...
006 (6512268.000.000) 11/20 16:50:04 Image size of job updated: 980552
	958  -  MemoryUsage of job (MB)
	980312  -  ResidentSetSize of job (KB)
...
006 (6512268.000.000) 11/20 16:55:05 Image size of job updated: 1051912
	1028  -  MemoryUsage of job (MB)
	1051672  -  ResidentSetSize of job (KB)
...
006 (6512268.000.000) 11/20 17:00:06 Image size of job updated: 1052708
	1028  -  MemoryUsage of job (MB)
	1052468  -  ResidentSetSize of job (KB)
...
006 (6512268.000.000) 11/20 17:05:07 Image size of job updated: 1052860
	1028  -  MemoryUsage of job (MB)
	1052620  -  ResidentSetSize of job (KB)
...
006 (6512268.000.000) 11/20 17:10:07 Image size of job updated: 1053704
	1029  -  MemoryUsage of job (MB)
	1053424  -  ResidentSetSize of job (KB)
...
006 (6512268.000.000) 11/20 17:29:23 Image size of job updated: 1780348
	1029  -  MemoryUsage of job (MB)
	1053424  -  ResidentSetSize of job (KB)
...
005 (6512268.000.000) 11/20 17:29:23 Job terminated.
	(1) Normal termination (return value 0)
		Usr 0 00:28:53, Sys 0 00:01:09  -  Run Remote Usage
		Usr 0 00:00:00, Sys 0 00:00:00  -  Run Local Usage
		Usr 0 00:28:53, Sys 0 00:01:09  -  Total Remote Usage
		Usr 0 00:00:00, Sys 0 00:00:00  -  Total Local Usage
	0  -  Run Bytes Sent By Job
	0  -  Run Bytes Received By Job
	0  -  Total Bytes Sent By Job
	0  -  Total Bytes Received By Job
	Partitionable Resources :    Usage  Request Allocated
	   Cpus                 :                 1         1
	   Disk (KB)            :       10       10  66832031
	   Memory (MB)          :     1029        1      2665
...
