000 (6512369.000.000) 11/20 16:49:46 Job submitted from host: <130.199.153.67:9618?addrs=130.199.153.67-9618&noUDP&sock=7357_7f42_4>
...
001 (6512369.000.000) 11/20 16:51:44 Job executing on host: <130.199.157.235:9618?addrs=130.199.157.235-9618&noUDP&sock=11864_e7dd_3>
...
006 (6512369.000.000) 11/20 16:51:52 Image size of job updated: 22280
	13  -  MemoryUsage of job (MB)
	13132  -  ResidentSetSize of job (KB)
...
006 (6512369.000.000) 11/20 16:56:52 Image size of job updated: 1032912
	989  -  MemoryUsage of job (MB)
	1012076  -  ResidentSetSize of job (KB)
...
006 (6512369.000.000) 11/20 17:01:53 Image size of job updated: 1037340
	993  -  MemoryUsage of job (MB)
	1016504  -  ResidentSetSize of job (KB)
...
006 (6512369.000.000) 11/20 17:06:53 Image size of job updated: 1037608
	993  -  MemoryUsage of job (MB)
	1016772  -  ResidentSetSize of job (KB)
...
006 (6512369.000.000) 11/20 17:11:53 Image size of job updated: 1037816
	994  -  MemoryUsage of job (MB)
	1016980  -  ResidentSetSize of job (KB)
...
006 (6512369.000.000) 11/20 17:16:54 Image size of job updated: 1038532
	994  -  MemoryUsage of job (MB)
	1017696  -  ResidentSetSize of job (KB)
...
006 (6512369.000.000) 11/20 17:21:55 Image size of job updated: 1038732
	995  -  MemoryUsage of job (MB)
	1017896  -  ResidentSetSize of job (KB)
...
006 (6512369.000.000) 11/20 17:26:55 Image size of job updated: 1038944
	995  -  MemoryUsage of job (MB)
	1018108  -  ResidentSetSize of job (KB)
...
006 (6512369.000.000) 11/20 17:31:55 Image size of job updated: 1039492
	995  -  MemoryUsage of job (MB)
	1018656  -  ResidentSetSize of job (KB)
...
006 (6512369.000.000) 11/20 17:36:56 Image size of job updated: 1039524
	995  -  MemoryUsage of job (MB)
	1018688  -  ResidentSetSize of job (KB)
...
006 (6512369.000.000) 11/20 17:41:57 Image size of job updated: 1039560
	995  -  MemoryUsage of job (MB)
	1018724  -  ResidentSetSize of job (KB)
...
006 (6512369.000.000) 11/20 17:46:57 Image size of job updated: 1039584
	995  -  MemoryUsage of job (MB)
	1018748  -  ResidentSetSize of job (KB)
...
006 (6512369.000.000) 11/20 17:51:57 Image size of job updated: 1039608
	995  -  MemoryUsage of job (MB)
	1018772  -  ResidentSetSize of job (KB)
...
006 (6512369.000.000) 11/20 18:01:58 Image size of job updated: 1039648
	995  -  MemoryUsage of job (MB)
	1018812  -  ResidentSetSize of job (KB)
...
006 (6512369.000.000) 11/20 18:06:58 Image size of job updated: 1047636
	1003  -  MemoryUsage of job (MB)
	1026800  -  ResidentSetSize of job (KB)
...
006 (6512369.000.000) 11/20 18:11:59 Image size of job updated: 1047640
	1003  -  MemoryUsage of job (MB)
	1026804  -  ResidentSetSize of job (KB)
...
006 (6512369.000.000) 11/20 18:17:00 Image size of job updated: 1047688
	1003  -  MemoryUsage of job (MB)
	1026852  -  ResidentSetSize of job (KB)
...
006 (6512369.000.000) 11/20 18:22:00 Image size of job updated: 1048004
	1004  -  MemoryUsage of job (MB)
	1027168  -  ResidentSetSize of job (KB)
...
006 (6512369.000.000) 11/20 18:42:02 Image size of job updated: 1048012
	1004  -  MemoryUsage of job (MB)
	1027176  -  ResidentSetSize of job (KB)
...
006 (6512369.000.000) 11/20 18:52:04 Image size of job updated: 1048024
	1004  -  MemoryUsage of job (MB)
	1027188  -  ResidentSetSize of job (KB)
...
006 (6512369.000.000) 11/20 18:57:04 Image size of job updated: 1048028
	1004  -  MemoryUsage of job (MB)
	1027192  -  ResidentSetSize of job (KB)
...
006 (6512369.000.000) 11/20 19:02:04 Image size of job updated: 1048032
	1004  -  MemoryUsage of job (MB)
	1027196  -  ResidentSetSize of job (KB)
...
006 (6512369.000.000) 11/20 19:07:05 Image size of job updated: 1048036
	1004  -  MemoryUsage of job (MB)
	1027200  -  ResidentSetSize of job (KB)
...
006 (6512369.000.000) 11/20 19:42:10 Image size of job updated: 1048404
	1004  -  MemoryUsage of job (MB)
	1027568  -  ResidentSetSize of job (KB)
...
006 (6512369.000.000) 11/20 19:47:10 Image size of job updated: 1048408
	1004  -  MemoryUsage of job (MB)
	1027572  -  ResidentSetSize of job (KB)
...
006 (6512369.000.000) 11/20 19:57:11 Image size of job updated: 1048824
	1004  -  MemoryUsage of job (MB)
	1027988  -  ResidentSetSize of job (KB)
...
006 (6512369.000.000) 11/20 20:35:08 Image size of job updated: 1204592
	1004  -  MemoryUsage of job (MB)
	1027988  -  ResidentSetSize of job (KB)
...
005 (6512369.000.000) 11/20 20:35:10 Job terminated.
	(1) Normal termination (return value 0)
		Usr 0 03:41:18, Sys 0 00:04:48  -  Run Remote Usage
		Usr 0 00:00:00, Sys 0 00:00:00  -  Run Local Usage
		Usr 0 03:41:18, Sys 0 00:04:48  -  Total Remote Usage
		Usr 0 00:00:00, Sys 0 00:00:00  -  Total Local Usage
	0  -  Run Bytes Sent By Job
	0  -  Run Bytes Received By Job
	0  -  Total Bytes Sent By Job
	0  -  Total Bytes Received By Job
	Partitionable Resources :    Usage  Request Allocated
	   Cpus                 :                 1         1
	   Disk (KB)            :       10       10 137450446
	   Memory (MB)          :     1004        1      2005
...
