000 (6512316.000.000) 11/20 16:49:25 Job submitted from host: <130.199.153.67:9618?addrs=130.199.153.67-9618&noUDP&sock=7357_7f42_4>
...
001 (6512316.000.000) 11/20 16:50:09 Job executing on host: <130.199.202.112:9618?addrs=130.199.202.112-9618&noUDP&sock=293591_f1d5_3>
...
006 (6512316.000.000) 11/20 16:50:18 Image size of job updated: 973296
	951  -  MemoryUsage of job (MB)
	973100  -  ResidentSetSize of job (KB)
...
006 (6512316.000.000) 11/20 16:55:19 Image size of job updated: 1030768
	1007  -  MemoryUsage of job (MB)
	1030572  -  ResidentSetSize of job (KB)
...
006 (6512316.000.000) 11/20 17:00:19 Image size of job updated: 1032128
	1008  -  MemoryUsage of job (MB)
	1031932  -  ResidentSetSize of job (KB)
...
006 (6512316.000.000) 11/20 17:05:19 Image size of job updated: 1032272
	1008  -  MemoryUsage of job (MB)
	1032076  -  ResidentSetSize of job (KB)
...
006 (6512316.000.000) 11/20 17:10:20 Image size of job updated: 1032376
	1008  -  MemoryUsage of job (MB)
	1032180  -  ResidentSetSize of job (KB)
...
006 (6512316.000.000) 11/20 17:15:22 Image size of job updated: 1033280
	1009  -  MemoryUsage of job (MB)
	1033084  -  ResidentSetSize of job (KB)
...
006 (6512316.000.000) 11/20 17:20:22 Image size of job updated: 1033280
	1010  -  MemoryUsage of job (MB)
	1033356  -  ResidentSetSize of job (KB)
...
006 (6512316.000.000) 11/20 17:33:07 Image size of job updated: 1177448
	1010  -  MemoryUsage of job (MB)
	1033356  -  ResidentSetSize of job (KB)
...
005 (6512316.000.000) 11/20 17:33:07 Job terminated.
	(1) Normal termination (return value 0)
		Usr 0 00:41:35, Sys 0 00:01:24  -  Run Remote Usage
		Usr 0 00:00:00, Sys 0 00:00:00  -  Run Local Usage
		Usr 0 00:41:35, Sys 0 00:01:24  -  Total Remote Usage
		Usr 0 00:00:00, Sys 0 00:00:00  -  Total Local Usage
	0  -  Run Bytes Sent By Job
	0  -  Run Bytes Received By Job
	0  -  Total Bytes Sent By Job
	0  -  Total Bytes Received By Job
	Partitionable Resources :    Usage  Request Allocated
	   Cpus                 :                 1         1
	   Disk (KB)            :       10       10  66831989
	   Memory (MB)          :     1010        1      2665
...
