000 (6512308.000.000) 11/20 16:49:24 Job submitted from host: <130.199.153.67:9618?addrs=130.199.153.67-9618&noUDP&sock=7357_7f42_4>
...
001 (6512308.000.000) 11/20 16:50:10 Job executing on host: <130.199.202.97:9618?addrs=130.199.202.97-9618&noUDP&sock=129860_266e_3>
...
006 (6512308.000.000) 11/20 16:50:19 Image size of job updated: 877744
	858  -  MemoryUsage of job (MB)
	877572  -  ResidentSetSize of job (KB)
...
006 (6512308.000.000) 11/20 16:55:20 Image size of job updated: 1020620
	997  -  MemoryUsage of job (MB)
	1020272  -  ResidentSetSize of job (KB)
...
006 (6512308.000.000) 11/20 17:00:21 Image size of job updated: 1021072
	997  -  MemoryUsage of job (MB)
	1020272  -  ResidentSetSize of job (KB)
...
006 (6512308.000.000) 11/20 17:05:21 Image size of job updated: 1022020
	997  -  MemoryUsage of job (MB)
	1020272  -  ResidentSetSize of job (KB)
...
006 (6512308.000.000) 11/20 17:10:22 Image size of job updated: 1022296
	997  -  MemoryUsage of job (MB)
	1020272  -  ResidentSetSize of job (KB)
...
006 (6512308.000.000) 11/20 17:15:23 Image size of job updated: 1022608
	997  -  MemoryUsage of job (MB)
	1020272  -  ResidentSetSize of job (KB)
...
006 (6512308.000.000) 11/20 17:20:23 Image size of job updated: 1023536
	997  -  MemoryUsage of job (MB)
	1020272  -  ResidentSetSize of job (KB)
...
006 (6512308.000.000) 11/20 17:25:23 Image size of job updated: 1023968
	997  -  MemoryUsage of job (MB)
	1020272  -  ResidentSetSize of job (KB)
...
006 (6512308.000.000) 11/20 17:30:24 Image size of job updated: 1024016
	997  -  MemoryUsage of job (MB)
	1020272  -  ResidentSetSize of job (KB)
...
006 (6512308.000.000) 11/20 17:35:25 Image size of job updated: 1024044
	997  -  MemoryUsage of job (MB)
	1020272  -  ResidentSetSize of job (KB)
...
006 (6512308.000.000) 11/20 17:40:25 Image size of job updated: 1024096
	997  -  MemoryUsage of job (MB)
	1020272  -  ResidentSetSize of job (KB)
...
006 (6512308.000.000) 11/20 17:45:26 Image size of job updated: 1024148
	997  -  MemoryUsage of job (MB)
	1020272  -  ResidentSetSize of job (KB)
...
006 (6512308.000.000) 11/20 17:50:27 Image size of job updated: 1024196
	997  -  MemoryUsage of job (MB)
	1020272  -  ResidentSetSize of job (KB)
...
006 (6512308.000.000) 11/20 17:55:27 Image size of job updated: 1024628
	997  -  MemoryUsage of job (MB)
	1020272  -  ResidentSetSize of job (KB)
...
006 (6512308.000.000) 11/20 18:00:27 Image size of job updated: 1031048
	997  -  MemoryUsage of job (MB)
	1020272  -  ResidentSetSize of job (KB)
...
006 (6512308.000.000) 11/20 18:15:28 Image size of job updated: 1031112
	997  -  MemoryUsage of job (MB)
	1020272  -  ResidentSetSize of job (KB)
...
006 (6512308.000.000) 11/20 18:20:29 Image size of job updated: 1031116
	997  -  MemoryUsage of job (MB)
	1020272  -  ResidentSetSize of job (KB)
...
006 (6512308.000.000) 11/20 18:25:30 Image size of job updated: 1031936
	997  -  MemoryUsage of job (MB)
	1020272  -  ResidentSetSize of job (KB)
...
006 (6512308.000.000) 11/20 18:30:30 Image size of job updated: 1036736
	997  -  MemoryUsage of job (MB)
	1020272  -  ResidentSetSize of job (KB)
...
006 (6512308.000.000) 11/20 18:35:31 Image size of job updated: 1041848
	998  -  MemoryUsage of job (MB)
	1020936  -  ResidentSetSize of job (KB)
...
006 (6512308.000.000) 11/20 18:40:32 Image size of job updated: 1046300
	1001  -  MemoryUsage of job (MB)
	1024688  -  ResidentSetSize of job (KB)
...
006 (6512308.000.000) 11/20 18:50:33 Image size of job updated: 1046464
	1001  -  MemoryUsage of job (MB)
	1024688  -  ResidentSetSize of job (KB)
...
006 (6512308.000.000) 11/20 18:55:34 Image size of job updated: 1046964
	1001  -  MemoryUsage of job (MB)
	1024688  -  ResidentSetSize of job (KB)
...
006 (6512308.000.000) 11/20 19:00:34 Image size of job updated: 1047004
	1001  -  MemoryUsage of job (MB)
	1024688  -  ResidentSetSize of job (KB)
...
006 (6512308.000.000) 11/20 19:40:37 Image size of job updated: 1047056
	1001  -  MemoryUsage of job (MB)
	1024688  -  ResidentSetSize of job (KB)
...
006 (6512308.000.000) 11/20 19:45:38 Image size of job updated: 1047060
	1001  -  MemoryUsage of job (MB)
	1024688  -  ResidentSetSize of job (KB)
...
006 (6512308.000.000) 11/20 20:10:40 Image size of job updated: 1047084
	1001  -  MemoryUsage of job (MB)
	1024688  -  ResidentSetSize of job (KB)
...
006 (6512308.000.000) 11/20 20:15:41 Image size of job updated: 1047088
	1001  -  MemoryUsage of job (MB)
	1024688  -  ResidentSetSize of job (KB)
...
006 (6512308.000.000) 11/20 20:25:42 Image size of job updated: 1047152
	1001  -  MemoryUsage of job (MB)
	1024688  -  ResidentSetSize of job (KB)
...
006 (6512308.000.000) 11/20 20:30:43 Image size of job updated: 1047160
	1001  -  MemoryUsage of job (MB)
	1024688  -  ResidentSetSize of job (KB)
...
006 (6512308.000.000) 11/20 22:00:54 Image size of job updated: 1048932
	1001  -  MemoryUsage of job (MB)
	1024688  -  ResidentSetSize of job (KB)
...
005 (6512308.000.000) 11/20 22:18:32 Job terminated.
	(1) Normal termination (return value 0)
		Usr 0 05:26:48, Sys 0 00:06:40  -  Run Remote Usage
		Usr 0 00:00:00, Sys 0 00:00:00  -  Run Local Usage
		Usr 0 05:26:48, Sys 0 00:06:40  -  Total Remote Usage
		Usr 0 00:00:00, Sys 0 00:00:00  -  Total Local Usage
	0  -  Run Bytes Sent By Job
	0  -  Run Bytes Received By Job
	0  -  Total Bytes Sent By Job
	0  -  Total Bytes Received By Job
	Partitionable Resources :    Usage  Request Allocated
	   Cpus                 :                 1         1
	   Disk (KB)            :       10       10  65563771
	   Memory (MB)          :     1001        1      2297
...
