000 (6512261.000.000) 11/20 16:49:23 Job submitted from host: <130.199.153.67:9618?addrs=130.199.153.67-9618&noUDP&sock=7357_7f42_4>
...
001 (6512261.000.000) 11/20 16:49:53 Job executing on host: <130.199.202.116:9618?addrs=130.199.202.116-9618&noUDP&sock=193740_5d1a_3>
...
006 (6512261.000.000) 11/20 16:50:02 Image size of job updated: 973976
	951  -  MemoryUsage of job (MB)
	973792  -  ResidentSetSize of job (KB)
...
006 (6512261.000.000) 11/20 16:55:03 Image size of job updated: 1032992
	1009  -  MemoryUsage of job (MB)
	1032808  -  ResidentSetSize of job (KB)
...
006 (6512261.000.000) 11/20 17:00:03 Image size of job updated: 1034300
	1010  -  MemoryUsage of job (MB)
	1034116  -  ResidentSetSize of job (KB)
...
006 (6512261.000.000) 11/20 17:05:03 Image size of job updated: 1034528
	1011  -  MemoryUsage of job (MB)
	1034344  -  ResidentSetSize of job (KB)
...
006 (6512261.000.000) 11/20 17:10:04 Image size of job updated: 1034652
	1011  -  MemoryUsage of job (MB)
	1034468  -  ResidentSetSize of job (KB)
...
006 (6512261.000.000) 11/20 17:15:05 Image size of job updated: 1035260
	1011  -  MemoryUsage of job (MB)
	1035076  -  ResidentSetSize of job (KB)
...
006 (6512261.000.000) 11/20 17:20:05 Image size of job updated: 1035344
	1011  -  MemoryUsage of job (MB)
	1035160  -  ResidentSetSize of job (KB)
...
006 (6512261.000.000) 11/20 17:25:05 Image size of job updated: 1035408
	1011  -  MemoryUsage of job (MB)
	1035224  -  ResidentSetSize of job (KB)
...
006 (6512261.000.000) 11/20 17:30:05 Image size of job updated: 1035468
	1012  -  MemoryUsage of job (MB)
	1035284  -  ResidentSetSize of job (KB)
...
006 (6512261.000.000) 11/20 17:35:06 Image size of job updated: 1035964
	1012  -  MemoryUsage of job (MB)
	1035780  -  ResidentSetSize of job (KB)
...
006 (6512261.000.000) 11/20 17:40:07 Image size of job updated: 1036092
	1012  -  MemoryUsage of job (MB)
	1035908  -  ResidentSetSize of job (KB)
...
006 (6512261.000.000) 11/20 17:45:07 Image size of job updated: 1036732
	1013  -  MemoryUsage of job (MB)
	1036548  -  ResidentSetSize of job (KB)
...
005 (6512261.000.000) 11/20 17:49:44 Job terminated.
	(1) Normal termination (return value 0)
		Usr 0 00:56:57, Sys 0 00:01:58  -  Run Remote Usage
		Usr 0 00:00:00, Sys 0 00:00:00  -  Run Local Usage
		Usr 0 00:56:57, Sys 0 00:01:58  -  Total Remote Usage
		Usr 0 00:00:00, Sys 0 00:00:00  -  Total Local Usage
	0  -  Run Bytes Sent By Job
	0  -  Run Bytes Received By Job
	0  -  Total Bytes Sent By Job
	0  -  Total Bytes Received By Job
	Partitionable Resources :    Usage  Request Allocated
	   Cpus                 :                 1         1
	   Disk (KB)            :       10       10  66832027
	   Memory (MB)          :     1013        1      2665
...
