000 (6512392.000.000) 11/20 16:49:46 Job submitted from host: <130.199.153.67:9618?addrs=130.199.153.67-9618&noUDP&sock=7357_7f42_4>
...
001 (6512392.000.000) 11/20 16:51:49 Job executing on host: <130.199.158.24:9618?addrs=130.199.158.24-9618&noUDP&sock=11151_400e_3>
...
006 (6512392.000.000) 11/20 16:51:58 Image size of job updated: 16532
	12  -  MemoryUsage of job (MB)
	12256  -  ResidentSetSize of job (KB)
...
006 (6512392.000.000) 11/20 16:56:58 Image size of job updated: 1041732
	1001  -  MemoryUsage of job (MB)
	1024796  -  ResidentSetSize of job (KB)
...
005 (6512392.000.000) 11/20 16:59:05 Job terminated.
	(1) Normal termination (return value 0)
		Usr 0 00:06:18, Sys 0 00:00:18  -  Run Remote Usage
		Usr 0 00:00:00, Sys 0 00:00:00  -  Run Local Usage
		Usr 0 00:06:18, Sys 0 00:00:18  -  Total Remote Usage
		Usr 0 00:00:00, Sys 0 00:00:00  -  Total Local Usage
	0  -  Run Bytes Sent By Job
	0  -  Run Bytes Received By Job
	0  -  Total Bytes Sent By Job
	0  -  Total Bytes Received By Job
	Partitionable Resources :    Usage  Request Allocated
	   Cpus                 :                 1         1
	   Disk (KB)            :       10       10 138699365
	   Memory (MB)          :     1001        1      2005
...
