000 (6512501.000.000) 11/20 16:50:07 Job submitted from host: <130.199.153.67:9618?addrs=130.199.153.67-9618&noUDP&sock=7357_7f42_4>
...
001 (6512501.000.000) 11/20 16:52:09 Job executing on host: <130.199.202.98:9618?addrs=130.199.202.98-9618&noUDP&sock=178572_e217_3>
...
006 (6512501.000.000) 11/20 16:52:18 Image size of job updated: 974620
	952  -  MemoryUsage of job (MB)
	974436  -  ResidentSetSize of job (KB)
...
006 (6512501.000.000) 11/20 16:53:05 Image size of job updated: 974620
	952  -  MemoryUsage of job (MB)
	974440  -  ResidentSetSize of job (KB)
...
005 (6512501.000.000) 11/20 16:53:05 Job terminated.
	(1) Normal termination (return value 0)
		Usr 0 00:00:35, Sys 0 00:00:09  -  Run Remote Usage
		Usr 0 00:00:00, Sys 0 00:00:00  -  Run Local Usage
		Usr 0 00:00:35, Sys 0 00:00:09  -  Total Remote Usage
		Usr 0 00:00:00, Sys 0 00:00:00  -  Total Local Usage
	0  -  Run Bytes Sent By Job
	0  -  Run Bytes Received By Job
	0  -  Total Bytes Sent By Job
	0  -  Total Bytes Received By Job
	Partitionable Resources :    Usage  Request Allocated
	   Cpus                 :                 1         1
	   Disk (KB)            :       10       10  65563928
	   Memory (MB)          :      952        1      2297
...
