000 (6512328.000.000) 11/20 16:49:25 Job submitted from host: <130.199.153.67:9618?addrs=130.199.153.67-9618&noUDP&sock=7357_7f42_4>
...
001 (6512328.000.000) 11/20 16:50:14 Job executing on host: <130.199.202.90:9618?addrs=130.199.202.90-9618&noUDP&sock=96748_9ec0_3>
...
006 (6512328.000.000) 11/20 16:50:22 Image size of job updated: 885432
	865  -  MemoryUsage of job (MB)
	885260  -  ResidentSetSize of job (KB)
...
006 (6512328.000.000) 11/20 16:55:22 Image size of job updated: 1051912
	1028  -  MemoryUsage of job (MB)
	1051672  -  ResidentSetSize of job (KB)
...
006 (6512328.000.000) 11/20 17:00:22 Image size of job updated: 1052748
	1028  -  MemoryUsage of job (MB)
	1052148  -  ResidentSetSize of job (KB)
...
006 (6512328.000.000) 11/20 17:05:23 Image size of job updated: 1052908
	1028  -  MemoryUsage of job (MB)
	1052164  -  ResidentSetSize of job (KB)
...
006 (6512328.000.000) 11/20 17:10:23 Image size of job updated: 1053332
	1028  -  MemoryUsage of job (MB)
	1052588  -  ResidentSetSize of job (KB)
...
006 (6512328.000.000) 11/20 17:10:34 Image size of job updated: 1182932
	1028  -  MemoryUsage of job (MB)
	1052588  -  ResidentSetSize of job (KB)
...
005 (6512328.000.000) 11/20 17:10:34 Job terminated.
	(1) Normal termination (return value 0)
		Usr 0 00:19:54, Sys 0 00:00:34  -  Run Remote Usage
		Usr 0 00:00:00, Sys 0 00:00:00  -  Run Local Usage
		Usr 0 00:19:54, Sys 0 00:00:34  -  Total Remote Usage
		Usr 0 00:00:00, Sys 0 00:00:00  -  Total Local Usage
	0  -  Run Bytes Sent By Job
	0  -  Run Bytes Received By Job
	0  -  Total Bytes Sent By Job
	0  -  Total Bytes Received By Job
	Partitionable Resources :    Usage  Request Allocated
	   Cpus                 :                 1         1
	   Disk (KB)            :       10       10  65563822
	   Memory (MB)          :     1028        1      2297
...
