000 (6512467.000.000) 11/20 16:50:07 Job submitted from host: <130.199.153.67:9618?addrs=130.199.153.67-9618&noUDP&sock=7357_7f42_4>
...
001 (6512467.000.000) 11/20 16:52:03 Job executing on host: <130.199.150.180:9618?addrs=130.199.150.180-9618&noUDP&sock=22591_dda4_3>
...
006 (6512467.000.000) 11/20 16:52:13 Image size of job updated: 366852
	333  -  MemoryUsage of job (MB)
	340380  -  ResidentSetSize of job (KB)
...
006 (6512467.000.000) 11/20 16:53:15 Image size of job updated: 366852
	333  -  MemoryUsage of job (MB)
	340384  -  ResidentSetSize of job (KB)
...
005 (6512467.000.000) 11/20 16:53:15 Job terminated.
	(1) Normal termination (return value 0)
		Usr 0 00:00:43, Sys 0 00:00:09  -  Run Remote Usage
		Usr 0 00:00:00, Sys 0 00:00:00  -  Run Local Usage
		Usr 0 00:00:43, Sys 0 00:00:09  -  Total Remote Usage
		Usr 0 00:00:00, Sys 0 00:00:00  -  Total Local Usage
	0  -  Run Bytes Sent By Job
	0  -  Run Bytes Received By Job
	0  -  Total Bytes Sent By Job
	0  -  Total Bytes Received By Job
	Partitionable Resources :    Usage  Request Allocated
	   Cpus                 :                 1         1
	   Disk (KB)            :       10       10  41489315
	   Memory (MB)          :      333        1      2007
...
