000 (6512285.000.000) 11/20 16:49:24 Job submitted from host: <130.199.153.67:9618?addrs=130.199.153.67-9618&noUDP&sock=7357_7f42_4>
...
001 (6512285.000.000) 11/20 16:49:58 Job executing on host: <130.199.202.86:9618?addrs=130.199.202.86-9618&noUDP&sock=14880_6e80_3>
...
006 (6512285.000.000) 11/20 16:50:07 Image size of job updated: 967920
	945  -  MemoryUsage of job (MB)
	967088  -  ResidentSetSize of job (KB)
...
006 (6512285.000.000) 11/20 16:55:08 Image size of job updated: 969920
	947  -  MemoryUsage of job (MB)
	968740  -  ResidentSetSize of job (KB)
...
006 (6512285.000.000) 11/20 17:00:08 Image size of job updated: 1024144
	999  -  MemoryUsage of job (MB)
	1022204  -  ResidentSetSize of job (KB)
...
006 (6512285.000.000) 11/20 17:05:08 Image size of job updated: 1024844
	999  -  MemoryUsage of job (MB)
	1022204  -  ResidentSetSize of job (KB)
...
006 (6512285.000.000) 11/20 17:10:09 Image size of job updated: 1029312
	999  -  MemoryUsage of job (MB)
	1022204  -  ResidentSetSize of job (KB)
...
006 (6512285.000.000) 11/20 17:15:10 Image size of job updated: 1029652
	999  -  MemoryUsage of job (MB)
	1022204  -  ResidentSetSize of job (KB)
...
006 (6512285.000.000) 11/20 17:20:10 Image size of job updated: 1030140
	999  -  MemoryUsage of job (MB)
	1022204  -  ResidentSetSize of job (KB)
...
006 (6512285.000.000) 11/20 17:25:11 Image size of job updated: 1030176
	999  -  MemoryUsage of job (MB)
	1022204  -  ResidentSetSize of job (KB)
...
006 (6512285.000.000) 11/20 17:30:11 Image size of job updated: 1030216
	999  -  MemoryUsage of job (MB)
	1022204  -  ResidentSetSize of job (KB)
...
006 (6512285.000.000) 11/20 17:35:11 Image size of job updated: 1030288
	999  -  MemoryUsage of job (MB)
	1022204  -  ResidentSetSize of job (KB)
...
006 (6512285.000.000) 11/20 17:50:13 Image size of job updated: 1030308
	999  -  MemoryUsage of job (MB)
	1022204  -  ResidentSetSize of job (KB)
...
006 (6512285.000.000) 11/20 17:55:14 Image size of job updated: 1031356
	999  -  MemoryUsage of job (MB)
	1022204  -  ResidentSetSize of job (KB)
...
006 (6512285.000.000) 11/20 18:00:15 Image size of job updated: 1031420
	999  -  MemoryUsage of job (MB)
	1022204  -  ResidentSetSize of job (KB)
...
006 (6512285.000.000) 11/20 18:05:15 Image size of job updated: 1031820
	999  -  MemoryUsage of job (MB)
	1022204  -  ResidentSetSize of job (KB)
...
006 (6512285.000.000) 11/20 18:10:16 Image size of job updated: 1032380
	999  -  MemoryUsage of job (MB)
	1022204  -  ResidentSetSize of job (KB)
...
006 (6512285.000.000) 11/20 18:15:17 Image size of job updated: 1032424
	999  -  MemoryUsage of job (MB)
	1022204  -  ResidentSetSize of job (KB)
...
006 (6512285.000.000) 11/20 18:20:17 Image size of job updated: 1032460
	999  -  MemoryUsage of job (MB)
	1022204  -  ResidentSetSize of job (KB)
...
006 (6512285.000.000) 11/20 18:25:18 Image size of job updated: 1032624
	999  -  MemoryUsage of job (MB)
	1022204  -  ResidentSetSize of job (KB)
...
006 (6512285.000.000) 11/20 18:30:19 Image size of job updated: 1032668
	999  -  MemoryUsage of job (MB)
	1022204  -  ResidentSetSize of job (KB)
...
006 (6512285.000.000) 11/20 18:35:19 Image size of job updated: 1033364
	999  -  MemoryUsage of job (MB)
	1022204  -  ResidentSetSize of job (KB)
...
006 (6512285.000.000) 11/20 19:10:21 Image size of job updated: 1034244
	999  -  MemoryUsage of job (MB)
	1022204  -  ResidentSetSize of job (KB)
...
006 (6512285.000.000) 11/20 19:15:22 Image size of job updated: 1034512
	999  -  MemoryUsage of job (MB)
	1022204  -  ResidentSetSize of job (KB)
...
006 (6512285.000.000) 11/20 21:10:35 Image size of job updated: 1039648
	999  -  MemoryUsage of job (MB)
	1022204  -  ResidentSetSize of job (KB)
...
006 (6512285.000.000) 11/20 21:15:36 Image size of job updated: 1039652
	999  -  MemoryUsage of job (MB)
	1022204  -  ResidentSetSize of job (KB)
...
006 (6512285.000.000) 11/20 21:50:39 Image size of job updated: 1039660
	999  -  MemoryUsage of job (MB)
	1022204  -  ResidentSetSize of job (KB)
...
006 (6512285.000.000) 11/20 21:55:39 Image size of job updated: 1047764
	999  -  MemoryUsage of job (MB)
	1022204  -  ResidentSetSize of job (KB)
...
006 (6512285.000.000) 11/20 22:00:40 Image size of job updated: 1068948
	1009  -  MemoryUsage of job (MB)
	1032656  -  ResidentSetSize of job (KB)
...
006 (6512285.000.000) 11/20 22:05:41 Image size of job updated: 1068948
	1009  -  MemoryUsage of job (MB)
	1032780  -  ResidentSetSize of job (KB)
...
006 (6512285.000.000) 11/20 22:10:41 Image size of job updated: 1068948
	1009  -  MemoryUsage of job (MB)
	1032864  -  ResidentSetSize of job (KB)
...
006 (6512285.000.000) 11/20 22:15:41 Image size of job updated: 1068956
	1009  -  MemoryUsage of job (MB)
	1032964  -  ResidentSetSize of job (KB)
...
006 (6512285.000.000) 11/20 23:02:39 Image size of job updated: 1069212
	1009  -  MemoryUsage of job (MB)
	1032964  -  ResidentSetSize of job (KB)
...
006 (6512285.000.000) 11/20 23:37:43 Image size of job updated: 1069312
	1009  -  MemoryUsage of job (MB)
	1032964  -  ResidentSetSize of job (KB)
...
006 (6512285.000.000) 11/20 23:42:44 Image size of job updated: 1069400
	1009  -  MemoryUsage of job (MB)
	1032964  -  ResidentSetSize of job (KB)
...
006 (6512285.000.000) 11/20 23:47:44 Image size of job updated: 1069660
	1009  -  MemoryUsage of job (MB)
	1032964  -  ResidentSetSize of job (KB)
...
004 (6512285.000.000) 11/20 23:57:40 Job was evicted.
	(0) Job was not checkpointed.
		Usr 0 07:07:39, Sys 0 00:08:04  -  Run Remote Usage
		Usr 0 00:00:00, Sys 0 00:00:00  -  Run Local Usage
	0  -  Run Bytes Sent By Job
	0  -  Run Bytes Received By Job
	Partitionable Resources :    Usage  Request Allocated
	   Cpus                 :                 1         1
	   Disk (KB)            :       10       10  65563846
	   Memory (MB)          :     1009        1      2297
...
009 (6512285.000.000) 11/20 23:59:02 Job was aborted by the user.
	The job attribute PeriodicRemove expression '( NumJobStarts >= 1 && JobStatus == 1 ) || ( JobStatus == 2 && ( CurrentTime - JobCurrentStartDate > ( 54000 ) ) && ( ( RemoteUserCpu + RemoteSysCpu ) / ( CurrentTime - JobCurrentStartDate ) < 0.1 ) ) || ( ( ( CurrentTime - EnteredCurrentStatus ) > ( 2 * 24 * 3600 ) ) && JobStatus == 5 )' evaluated to TRUE
...
