000 (6512265.000.000) 11/20 16:49:23 Job submitted from host: <130.199.153.67:9618?addrs=130.199.153.67-9618&noUDP&sock=7357_7f42_4>
...
001 (6512265.000.000) 11/20 16:49:53 Job executing on host: <130.199.202.116:9618?addrs=130.199.202.116-9618&noUDP&sock=193740_5d1a_3>
...
006 (6512265.000.000) 11/20 16:50:02 Image size of job updated: 980508
	958  -  MemoryUsage of job (MB)
	980324  -  ResidentSetSize of job (KB)
...
006 (6512265.000.000) 11/20 16:55:02 Image size of job updated: 1053500
	1029  -  MemoryUsage of job (MB)
	1053316  -  ResidentSetSize of job (KB)
...
006 (6512265.000.000) 11/20 17:00:02 Image size of job updated: 1054288
	1030  -  MemoryUsage of job (MB)
	1054104  -  ResidentSetSize of job (KB)
...
006 (6512265.000.000) 11/20 17:05:03 Image size of job updated: 1054900
	1030  -  MemoryUsage of job (MB)
	1054716  -  ResidentSetSize of job (KB)
...
006 (6512265.000.000) 11/20 17:10:04 Image size of job updated: 1055228
	1031  -  MemoryUsage of job (MB)
	1055044  -  ResidentSetSize of job (KB)
...
006 (6512265.000.000) 11/20 17:15:04 Image size of job updated: 1056632
	1032  -  MemoryUsage of job (MB)
	1056448  -  ResidentSetSize of job (KB)
...
006 (6512265.000.000) 11/20 17:35:20 Image size of job updated: 1071560
	1032  -  MemoryUsage of job (MB)
	1056448  -  ResidentSetSize of job (KB)
...
005 (6512265.000.000) 11/20 17:35:21 Job terminated.
	(1) Normal termination (return value 0)
		Usr 0 00:34:09, Sys 0 00:01:27  -  Run Remote Usage
		Usr 0 00:00:00, Sys 0 00:00:00  -  Run Local Usage
		Usr 0 00:34:09, Sys 0 00:01:27  -  Total Remote Usage
		Usr 0 00:00:00, Sys 0 00:00:00  -  Total Local Usage
	0  -  Run Bytes Sent By Job
	0  -  Run Bytes Received By Job
	0  -  Total Bytes Sent By Job
	0  -  Total Bytes Received By Job
	Partitionable Resources :    Usage  Request Allocated
	   Cpus                 :                 1         1
	   Disk (KB)            :       10       10  66832027
	   Memory (MB)          :     1032        1      2665
...
