000 (6512388.000.000) 11/20 16:49:46 Job submitted from host: <130.199.153.67:9618?addrs=130.199.153.67-9618&noUDP&sock=7357_7f42_4>
...
001 (6512388.000.000) 11/20 16:51:49 Job executing on host: <130.199.157.23:9618?addrs=130.199.157.23-9618&noUDP&sock=10470_b8e9_3>
...
006 (6512388.000.000) 11/20 16:51:57 Image size of job updated: 25880
	13  -  MemoryUsage of job (MB)
	12896  -  ResidentSetSize of job (KB)
...
006 (6512388.000.000) 11/20 16:56:57 Image size of job updated: 1076120
	1025  -  MemoryUsage of job (MB)
	1049564  -  ResidentSetSize of job (KB)
...
006 (6512388.000.000) 11/20 17:01:58 Image size of job updated: 1077696
	1027  -  MemoryUsage of job (MB)
	1051140  -  ResidentSetSize of job (KB)
...
005 (6512388.000.000) 11/20 17:05:37 Job terminated.
	(1) Normal termination (return value 0)
		Usr 0 00:13:04, Sys 0 00:00:25  -  Run Remote Usage
		Usr 0 00:00:00, Sys 0 00:00:00  -  Run Local Usage
		Usr 0 00:13:04, Sys 0 00:00:25  -  Total Remote Usage
		Usr 0 00:00:00, Sys 0 00:00:00  -  Total Local Usage
	0  -  Run Bytes Sent By Job
	0  -  Run Bytes Received By Job
	0  -  Total Bytes Sent By Job
	0  -  Total Bytes Received By Job
	Partitionable Resources :    Usage  Request Allocated
	   Cpus                 :                 1         1
	   Disk (KB)            :       10       10 138693477
	   Memory (MB)          :     1027        1      2005
...
