000 (6512266.000.000) 11/20 16:49:23 Job submitted from host: <130.199.153.67:9618?addrs=130.199.153.67-9618&noUDP&sock=7357_7f42_4>
...
001 (6512266.000.000) 11/20 16:49:55 Job executing on host: <130.199.202.106:9618?addrs=130.199.202.106-9618&noUDP&sock=137196_e6c9_3>
...
006 (6512266.000.000) 11/20 16:50:03 Image size of job updated: 968440
	946  -  MemoryUsage of job (MB)
	967996  -  ResidentSetSize of job (KB)
...
006 (6512266.000.000) 11/20 16:55:03 Image size of job updated: 1019104
	995  -  MemoryUsage of job (MB)
	1018660  -  ResidentSetSize of job (KB)
...
006 (6512266.000.000) 11/20 17:00:04 Image size of job updated: 1021764
	998  -  MemoryUsage of job (MB)
	1021320  -  ResidentSetSize of job (KB)
...
006 (6512266.000.000) 11/20 17:05:05 Image size of job updated: 1022060
	998  -  MemoryUsage of job (MB)
	1021616  -  ResidentSetSize of job (KB)
...
006 (6512266.000.000) 11/20 17:10:05 Image size of job updated: 1022876
	999  -  MemoryUsage of job (MB)
	1022432  -  ResidentSetSize of job (KB)
...
006 (6512266.000.000) 11/20 17:15:05 Image size of job updated: 1023472
	1000  -  MemoryUsage of job (MB)
	1023028  -  ResidentSetSize of job (KB)
...
006 (6512266.000.000) 11/20 17:20:06 Image size of job updated: 1025052
	1001  -  MemoryUsage of job (MB)
	1024608  -  ResidentSetSize of job (KB)
...
006 (6512266.000.000) 11/20 17:25:07 Image size of job updated: 1025712
	1002  -  MemoryUsage of job (MB)
	1025268  -  ResidentSetSize of job (KB)
...
006 (6512266.000.000) 11/20 17:30:07 Image size of job updated: 1025752
	1002  -  MemoryUsage of job (MB)
	1025308  -  ResidentSetSize of job (KB)
...
006 (6512266.000.000) 11/20 17:35:07 Image size of job updated: 1026128
	1002  -  MemoryUsage of job (MB)
	1025356  -  ResidentSetSize of job (KB)
...
006 (6512266.000.000) 11/20 17:40:08 Image size of job updated: 1026188
	1002  -  MemoryUsage of job (MB)
	1025416  -  ResidentSetSize of job (KB)
...
006 (6512266.000.000) 11/20 17:45:09 Image size of job updated: 1026548
	1002  -  MemoryUsage of job (MB)
	1025776  -  ResidentSetSize of job (KB)
...
006 (6512266.000.000) 11/20 17:50:09 Image size of job updated: 1026604
	1002  -  MemoryUsage of job (MB)
	1025832  -  ResidentSetSize of job (KB)
...
006 (6512266.000.000) 11/20 17:55:09 Image size of job updated: 1026656
	1002  -  MemoryUsage of job (MB)
	1025884  -  ResidentSetSize of job (KB)
...
006 (6512266.000.000) 11/20 18:00:10 Image size of job updated: 1026712
	1002  -  MemoryUsage of job (MB)
	1025940  -  ResidentSetSize of job (KB)
...
006 (6512266.000.000) 11/20 18:05:10 Image size of job updated: 1026844
	1003  -  MemoryUsage of job (MB)
	1026072  -  ResidentSetSize of job (KB)
...
006 (6512266.000.000) 11/20 18:10:10 Image size of job updated: 1026936
	1003  -  MemoryUsage of job (MB)
	1026164  -  ResidentSetSize of job (KB)
...
006 (6512266.000.000) 11/20 18:15:11 Image size of job updated: 1027000
	1003  -  MemoryUsage of job (MB)
	1026228  -  ResidentSetSize of job (KB)
...
006 (6512266.000.000) 11/20 18:20:11 Image size of job updated: 1027044
	1003  -  MemoryUsage of job (MB)
	1026272  -  ResidentSetSize of job (KB)
...
006 (6512266.000.000) 11/20 18:25:11 Image size of job updated: 1027100
	1003  -  MemoryUsage of job (MB)
	1026328  -  ResidentSetSize of job (KB)
...
006 (6512266.000.000) 11/20 18:30:12 Image size of job updated: 1027156
	1003  -  MemoryUsage of job (MB)
	1026384  -  ResidentSetSize of job (KB)
...
006 (6512266.000.000) 11/20 18:35:13 Image size of job updated: 1027548
	1003  -  MemoryUsage of job (MB)
	1026776  -  ResidentSetSize of job (KB)
...
006 (6512266.000.000) 11/20 18:40:14 Image size of job updated: 1027612
	1003  -  MemoryUsage of job (MB)
	1026840  -  ResidentSetSize of job (KB)
...
006 (6512266.000.000) 11/20 18:45:14 Image size of job updated: 1028184
	1004  -  MemoryUsage of job (MB)
	1027412  -  ResidentSetSize of job (KB)
...
006 (6512266.000.000) 11/20 18:50:15 Image size of job updated: 1028252
	1004  -  MemoryUsage of job (MB)
	1027480  -  ResidentSetSize of job (KB)
...
006 (6512266.000.000) 11/20 18:55:16 Image size of job updated: 1028296
	1004  -  MemoryUsage of job (MB)
	1027524  -  ResidentSetSize of job (KB)
...
006 (6512266.000.000) 11/20 19:00:16 Image size of job updated: 1028300
	1004  -  MemoryUsage of job (MB)
	1027528  -  ResidentSetSize of job (KB)
...
006 (6512266.000.000) 11/20 19:05:16 Image size of job updated: 1028304
	1004  -  MemoryUsage of job (MB)
	1027532  -  ResidentSetSize of job (KB)
...
006 (6512266.000.000) 11/20 19:15:18 Image size of job updated: 1028312
	1004  -  MemoryUsage of job (MB)
	1027540  -  ResidentSetSize of job (KB)
...
006 (6512266.000.000) 11/20 19:30:19 Image size of job updated: 1028316
	1004  -  MemoryUsage of job (MB)
	1027544  -  ResidentSetSize of job (KB)
...
006 (6512266.000.000) 11/20 19:40:20 Image size of job updated: 1028320
	1004  -  MemoryUsage of job (MB)
	1027548  -  ResidentSetSize of job (KB)
...
006 (6512266.000.000) 11/20 19:50:21 Image size of job updated: 1028324
	1004  -  MemoryUsage of job (MB)
	1027552  -  ResidentSetSize of job (KB)
...
006 (6512266.000.000) 11/20 20:00:22 Image size of job updated: 1028328
	1004  -  MemoryUsage of job (MB)
	1027556  -  ResidentSetSize of job (KB)
...
006 (6512266.000.000) 11/20 20:10:23 Image size of job updated: 1028332
	1004  -  MemoryUsage of job (MB)
	1027560  -  ResidentSetSize of job (KB)
...
006 (6512266.000.000) 11/20 20:20:24 Image size of job updated: 1028336
	1004  -  MemoryUsage of job (MB)
	1027564  -  ResidentSetSize of job (KB)
...
006 (6512266.000.000) 11/20 20:25:24 Image size of job updated: 1028340
	1004  -  MemoryUsage of job (MB)
	1027568  -  ResidentSetSize of job (KB)
...
006 (6512266.000.000) 11/20 20:30:25 Image size of job updated: 1028344
	1004  -  MemoryUsage of job (MB)
	1027572  -  ResidentSetSize of job (KB)
...
006 (6512266.000.000) 11/20 20:35:25 Image size of job updated: 1028352
	1004  -  MemoryUsage of job (MB)
	1027580  -  ResidentSetSize of job (KB)
...
006 (6512266.000.000) 11/20 20:40:25 Image size of job updated: 1028356
	1004  -  MemoryUsage of job (MB)
	1027584  -  ResidentSetSize of job (KB)
...
006 (6512266.000.000) 11/20 20:45:27 Image size of job updated: 1028360
	1004  -  MemoryUsage of job (MB)
	1027588  -  ResidentSetSize of job (KB)
...
006 (6512266.000.000) 11/20 21:00:28 Image size of job updated: 1028360
	1004  -  MemoryUsage of job (MB)
	1027592  -  ResidentSetSize of job (KB)
...
006 (6512266.000.000) 11/20 21:05:29 Image size of job updated: 1028360
	1004  -  MemoryUsage of job (MB)
	1027596  -  ResidentSetSize of job (KB)
...
006 (6512266.000.000) 11/20 21:10:29 Image size of job updated: 1028360
	1004  -  MemoryUsage of job (MB)
	1027600  -  ResidentSetSize of job (KB)
...
006 (6512266.000.000) 11/20 21:20:30 Image size of job updated: 1028360
	1004  -  MemoryUsage of job (MB)
	1027872  -  ResidentSetSize of job (KB)
...
006 (6512266.000.000) 11/20 21:30:31 Image size of job updated: 1028364
	1004  -  MemoryUsage of job (MB)
	1027872  -  ResidentSetSize of job (KB)
...
006 (6512266.000.000) 11/20 21:43:43 Image size of job updated: 1172392
	1004  -  MemoryUsage of job (MB)
	1027872  -  ResidentSetSize of job (KB)
...
005 (6512266.000.000) 11/20 21:43:43 Job terminated.
	(1) Normal termination (return value 0)
		Usr 0 04:49:59, Sys 0 00:08:16  -  Run Remote Usage
		Usr 0 00:00:00, Sys 0 00:00:00  -  Run Local Usage
		Usr 0 04:49:59, Sys 0 00:08:16  -  Total Remote Usage
		Usr 0 00:00:00, Sys 0 00:00:00  -  Total Local Usage
	0  -  Run Bytes Sent By Job
	0  -  Run Bytes Received By Job
	0  -  Total Bytes Sent By Job
	0  -  Total Bytes Received By Job
	Partitionable Resources :    Usage  Request Allocated
	   Cpus                 :                 1         1
	   Disk (KB)            :       10       10  66832043
	   Memory (MB)          :     1004        1      2665
...
