000 (6512454.000.000) 11/20 16:50:06 Job submitted from host: <130.199.153.67:9618?addrs=130.199.153.67-9618&noUDP&sock=7357_7f42_4>
...
001 (6512454.000.000) 11/20 16:52:00 Job executing on host: <130.199.150.200:9618?addrs=130.199.150.200-9618&noUDP&sock=22563_0110_3>
...
006 (6512454.000.000) 11/20 16:52:09 Image size of job updated: 533936
	521  -  MemoryUsage of job (MB)
	533328  -  ResidentSetSize of job (KB)
...
006 (6512454.000.000) 11/20 16:57:10 Image size of job updated: 1011468
	988  -  MemoryUsage of job (MB)
	1010824  -  ResidentSetSize of job (KB)
...
006 (6512454.000.000) 11/20 17:02:10 Image size of job updated: 1013920
	990  -  MemoryUsage of job (MB)
	1013276  -  ResidentSetSize of job (KB)
...
006 (6512454.000.000) 11/20 17:02:31 Image size of job updated: 1013920
	992  -  MemoryUsage of job (MB)
	1015328  -  ResidentSetSize of job (KB)
...
005 (6512454.000.000) 11/20 17:02:31 Job terminated.
	(1) Normal termination (return value 0)
		Usr 0 00:10:03, Sys 0 00:00:19  -  Run Remote Usage
		Usr 0 00:00:00, Sys 0 00:00:00  -  Run Local Usage
		Usr 0 00:10:03, Sys 0 00:00:19  -  Total Remote Usage
		Usr 0 00:00:00, Sys 0 00:00:00  -  Total Local Usage
	0  -  Run Bytes Sent By Job
	0  -  Run Bytes Received By Job
	0  -  Total Bytes Sent By Job
	0  -  Total Bytes Received By Job
	Partitionable Resources :    Usage  Request Allocated
	   Cpus                 :                 1         1
	   Disk (KB)            :       10       10  41489130
	   Memory (MB)          :      992        1      2007
...
