000 (6512506.000.000) 11/20 16:50:08 Job submitted from host: <130.199.153.67:9618?addrs=130.199.153.67-9618&noUDP&sock=7357_7f42_4>
...
001 (6512506.000.000) 11/20 16:52:11 Job executing on host: <130.199.202.13:9618?addrs=130.199.202.13-9618&noUDP&sock=8033_714c_3>
...
006 (6512506.000.000) 11/20 16:52:19 Image size of job updated: 775528
	758  -  MemoryUsage of job (MB)
	775356  -  ResidentSetSize of job (KB)
...
006 (6512506.000.000) 11/20 16:54:36 Image size of job updated: 1364224
	859  -  MemoryUsage of job (MB)
	879612  -  ResidentSetSize of job (KB)
...
005 (6512506.000.000) 11/20 16:54:36 Job terminated.
	(1) Normal termination (return value 0)
		Usr 0 00:02:09, Sys 0 00:00:14  -  Run Remote Usage
		Usr 0 00:00:00, Sys 0 00:00:00  -  Run Local Usage
		Usr 0 00:02:09, Sys 0 00:00:14  -  Total Remote Usage
		Usr 0 00:00:00, Sys 0 00:00:00  -  Total Local Usage
	0  -  Run Bytes Sent By Job
	0  -  Run Bytes Received By Job
	0  -  Total Bytes Sent By Job
	0  -  Total Bytes Received By Job
	Partitionable Resources :    Usage  Request Allocated
	   Cpus                 :                 1         1
	   Disk (KB)            :       10       10  47541039
	   Memory (MB)          :      859        1      2008
...
