000 (6512318.000.000) 11/20 16:49:25 Job submitted from host: <130.199.153.67:9618?addrs=130.199.153.67-9618&noUDP&sock=7357_7f42_4>
...
001 (6512318.000.000) 11/20 16:50:11 Job executing on host: <130.199.202.97:9618?addrs=130.199.202.97-9618&noUDP&sock=129860_266e_3>
...
006 (6512318.000.000) 11/20 16:50:20 Image size of job updated: 964068
	942  -  MemoryUsage of job (MB)
	963884  -  ResidentSetSize of job (KB)
...
006 (6512318.000.000) 11/20 16:55:22 Image size of job updated: 1012688
	989  -  MemoryUsage of job (MB)
	1012048  -  ResidentSetSize of job (KB)
...
006 (6512318.000.000) 11/20 17:00:22 Image size of job updated: 1013396
	989  -  MemoryUsage of job (MB)
	1012048  -  ResidentSetSize of job (KB)
...
006 (6512318.000.000) 11/20 17:05:22 Image size of job updated: 1014408
	989  -  MemoryUsage of job (MB)
	1012048  -  ResidentSetSize of job (KB)
...
006 (6512318.000.000) 11/20 17:10:23 Image size of job updated: 1015500
	989  -  MemoryUsage of job (MB)
	1012048  -  ResidentSetSize of job (KB)
...
006 (6512318.000.000) 11/20 17:15:24 Image size of job updated: 1016020
	989  -  MemoryUsage of job (MB)
	1012048  -  ResidentSetSize of job (KB)
...
006 (6512318.000.000) 11/20 17:20:24 Image size of job updated: 1016080
	989  -  MemoryUsage of job (MB)
	1012048  -  ResidentSetSize of job (KB)
...
006 (6512318.000.000) 11/20 17:25:25 Image size of job updated: 1016136
	989  -  MemoryUsage of job (MB)
	1012048  -  ResidentSetSize of job (KB)
...
006 (6512318.000.000) 11/20 17:30:26 Image size of job updated: 1016200
	989  -  MemoryUsage of job (MB)
	1012048  -  ResidentSetSize of job (KB)
...
006 (6512318.000.000) 11/20 17:35:26 Image size of job updated: 1016688
	989  -  MemoryUsage of job (MB)
	1012048  -  ResidentSetSize of job (KB)
...
006 (6512318.000.000) 11/20 17:40:26 Image size of job updated: 1016744
	989  -  MemoryUsage of job (MB)
	1012048  -  ResidentSetSize of job (KB)
...
006 (6512318.000.000) 11/20 17:45:27 Image size of job updated: 1016804
	989  -  MemoryUsage of job (MB)
	1012048  -  ResidentSetSize of job (KB)
...
006 (6512318.000.000) 11/20 17:50:27 Image size of job updated: 1016860
	989  -  MemoryUsage of job (MB)
	1012048  -  ResidentSetSize of job (KB)
...
006 (6512318.000.000) 11/20 17:55:27 Image size of job updated: 1016924
	989  -  MemoryUsage of job (MB)
	1012048  -  ResidentSetSize of job (KB)
...
006 (6512318.000.000) 11/20 18:00:28 Image size of job updated: 1017004
	989  -  MemoryUsage of job (MB)
	1012048  -  ResidentSetSize of job (KB)
...
006 (6512318.000.000) 11/20 18:05:28 Image size of job updated: 1017072
	989  -  MemoryUsage of job (MB)
	1012048  -  ResidentSetSize of job (KB)
...
006 (6512318.000.000) 11/20 18:10:28 Image size of job updated: 1017124
	989  -  MemoryUsage of job (MB)
	1012048  -  ResidentSetSize of job (KB)
...
006 (6512318.000.000) 11/20 18:15:29 Image size of job updated: 1017260
	989  -  MemoryUsage of job (MB)
	1012048  -  ResidentSetSize of job (KB)
...
006 (6512318.000.000) 11/20 18:20:30 Image size of job updated: 1018004
	989  -  MemoryUsage of job (MB)
	1012048  -  ResidentSetSize of job (KB)
...
006 (6512318.000.000) 11/20 18:30:31 Image size of job updated: 1018552
	989  -  MemoryUsage of job (MB)
	1012048  -  ResidentSetSize of job (KB)
...
006 (6512318.000.000) 11/20 18:35:32 Image size of job updated: 1018560
	989  -  MemoryUsage of job (MB)
	1012048  -  ResidentSetSize of job (KB)
...
006 (6512318.000.000) 11/20 18:40:32 Image size of job updated: 1018568
	989  -  MemoryUsage of job (MB)
	1012048  -  ResidentSetSize of job (KB)
...
006 (6512318.000.000) 11/20 18:45:32 Image size of job updated: 1018676
	989  -  MemoryUsage of job (MB)
	1012048  -  ResidentSetSize of job (KB)
...
006 (6512318.000.000) 11/20 18:50:33 Image size of job updated: 1019828
	989  -  MemoryUsage of job (MB)
	1012048  -  ResidentSetSize of job (KB)
...
006 (6512318.000.000) 11/20 18:55:33 Image size of job updated: 1019832
	989  -  MemoryUsage of job (MB)
	1012048  -  ResidentSetSize of job (KB)
...
006 (6512318.000.000) 11/20 19:05:34 Image size of job updated: 1019836
	989  -  MemoryUsage of job (MB)
	1012048  -  ResidentSetSize of job (KB)
...
006 (6512318.000.000) 11/20 19:10:35 Image size of job updated: 1019840
	989  -  MemoryUsage of job (MB)
	1012048  -  ResidentSetSize of job (KB)
...
006 (6512318.000.000) 11/20 19:15:35 Image size of job updated: 1019856
	989  -  MemoryUsage of job (MB)
	1012048  -  ResidentSetSize of job (KB)
...
006 (6512318.000.000) 11/20 19:20:36 Image size of job updated: 1019860
	989  -  MemoryUsage of job (MB)
	1012048  -  ResidentSetSize of job (KB)
...
005 (6512318.000.000) 11/20 19:21:17 Job terminated.
	(1) Normal termination (return value 0)
		Usr 0 02:29:45, Sys 0 00:03:18  -  Run Remote Usage
		Usr 0 00:00:00, Sys 0 00:00:00  -  Run Local Usage
		Usr 0 02:29:45, Sys 0 00:03:18  -  Total Remote Usage
		Usr 0 00:00:00, Sys 0 00:00:00  -  Total Local Usage
	0  -  Run Bytes Sent By Job
	0  -  Run Bytes Received By Job
	0  -  Total Bytes Sent By Job
	0  -  Total Bytes Received By Job
	Partitionable Resources :    Usage  Request Allocated
	   Cpus                 :                 1         1
	   Disk (KB)            :       10       10  65563771
	   Memory (MB)          :      989        1      2297
...
