000 (6512401.000.000) 11/20 16:49:46 Job submitted from host: <130.199.153.67:9618?addrs=130.199.153.67-9618&noUDP&sock=7357_7f42_4>
...
001 (6512401.000.000) 11/20 16:51:50 Job executing on host: <130.199.157.166:9618?addrs=130.199.157.166-9618&noUDP&sock=11319_6b8b_3>
...
006 (6512401.000.000) 11/20 16:51:59 Image size of job updated: 23012
	13  -  MemoryUsage of job (MB)
	12560  -  ResidentSetSize of job (KB)
...
006 (6512401.000.000) 11/20 16:56:59 Image size of job updated: 1049128
	999  -  MemoryUsage of job (MB)
	1022572  -  ResidentSetSize of job (KB)
...
005 (6512401.000.000) 11/20 16:58:58 Job terminated.
	(1) Normal termination (return value 0)
		Usr 0 00:06:04, Sys 0 00:00:16  -  Run Remote Usage
		Usr 0 00:00:00, Sys 0 00:00:00  -  Run Local Usage
		Usr 0 00:06:04, Sys 0 00:00:16  -  Total Remote Usage
		Usr 0 00:00:00, Sys 0 00:00:00  -  Total Local Usage
	0  -  Run Bytes Sent By Job
	0  -  Run Bytes Received By Job
	0  -  Total Bytes Sent By Job
	0  -  Total Bytes Received By Job
	Partitionable Resources :    Usage  Request Allocated
	   Cpus                 :                 1         1
	   Disk (KB)            :       10       10 138702792
	   Memory (MB)          :      999        1      2005
...
