000 (6512322.000.000) 11/20 16:49:25 Job submitted from host: <130.199.153.67:9618?addrs=130.199.153.67-9618&noUDP&sock=7357_7f42_4>
...
001 (6512322.000.000) 11/20 16:50:12 Job executing on host: <130.199.202.97:9618?addrs=130.199.202.97-9618&noUDP&sock=129860_266e_3>
...
006 (6512322.000.000) 11/20 16:50:21 Image size of job updated: 971508
	949  -  MemoryUsage of job (MB)
	971324  -  ResidentSetSize of job (KB)
...
006 (6512322.000.000) 11/20 16:55:22 Image size of job updated: 1029472
	1005  -  MemoryUsage of job (MB)
	1028836  -  ResidentSetSize of job (KB)
...
006 (6512322.000.000) 11/20 17:00:22 Image size of job updated: 1031080
	1005  -  MemoryUsage of job (MB)
	1028836  -  ResidentSetSize of job (KB)
...
006 (6512322.000.000) 11/20 17:05:22 Image size of job updated: 1031204
	1005  -  MemoryUsage of job (MB)
	1028836  -  ResidentSetSize of job (KB)
...
006 (6512322.000.000) 11/20 17:10:23 Image size of job updated: 1031328
	1005  -  MemoryUsage of job (MB)
	1028836  -  ResidentSetSize of job (KB)
...
006 (6512322.000.000) 11/20 17:15:23 Image size of job updated: 1031572
	1005  -  MemoryUsage of job (MB)
	1028836  -  ResidentSetSize of job (KB)
...
006 (6512322.000.000) 11/20 17:20:23 Image size of job updated: 1031636
	1005  -  MemoryUsage of job (MB)
	1028836  -  ResidentSetSize of job (KB)
...
006 (6512322.000.000) 11/20 17:25:24 Image size of job updated: 1032448
	1005  -  MemoryUsage of job (MB)
	1028836  -  ResidentSetSize of job (KB)
...
006 (6512322.000.000) 11/20 17:30:25 Image size of job updated: 1032484
	1005  -  MemoryUsage of job (MB)
	1028836  -  ResidentSetSize of job (KB)
...
006 (6512322.000.000) 11/20 17:35:25 Image size of job updated: 1032552
	1005  -  MemoryUsage of job (MB)
	1028836  -  ResidentSetSize of job (KB)
...
006 (6512322.000.000) 11/20 17:38:09 Image size of job updated: 1188480
	1005  -  MemoryUsage of job (MB)
	1028836  -  ResidentSetSize of job (KB)
...
005 (6512322.000.000) 11/20 17:38:09 Job terminated.
	(1) Normal termination (return value 0)
		Usr 0 00:46:51, Sys 0 00:01:10  -  Run Remote Usage
		Usr 0 00:00:00, Sys 0 00:00:00  -  Run Local Usage
		Usr 0 00:46:51, Sys 0 00:01:10  -  Total Remote Usage
		Usr 0 00:00:00, Sys 0 00:00:00  -  Total Local Usage
	0  -  Run Bytes Sent By Job
	0  -  Run Bytes Received By Job
	0  -  Total Bytes Sent By Job
	0  -  Total Bytes Received By Job
	Partitionable Resources :    Usage  Request Allocated
	   Cpus                 :                 1         1
	   Disk (KB)            :       10       10  65563771
	   Memory (MB)          :     1005        1      2297
...
