000 (6512468.000.000) 11/20 16:50:07 Job submitted from host: <130.199.153.67:9618?addrs=130.199.153.67-9618&noUDP&sock=7357_7f42_4>
...
001 (6512468.000.000) 11/20 16:52:03 Job executing on host: <130.199.150.150:9618?addrs=130.199.150.150-9618&noUDP&sock=21968_b1b4_3>
...
006 (6512468.000.000) 11/20 16:52:12 Image size of job updated: 975480
	953  -  MemoryUsage of job (MB)
	975276  -  ResidentSetSize of job (KB)
...
006 (6512468.000.000) 11/20 16:53:15 Image size of job updated: 975480
	953  -  MemoryUsage of job (MB)
	975508  -  ResidentSetSize of job (KB)
...
005 (6512468.000.000) 11/20 16:53:16 Job terminated.
	(1) Normal termination (return value 0)
		Usr 0 00:00:37, Sys 0 00:00:07  -  Run Remote Usage
		Usr 0 00:00:00, Sys 0 00:00:00  -  Run Local Usage
		Usr 0 00:00:37, Sys 0 00:00:07  -  Total Remote Usage
		Usr 0 00:00:00, Sys 0 00:00:00  -  Total Local Usage
	0  -  Run Bytes Sent By Job
	0  -  Run Bytes Received By Job
	0  -  Total Bytes Sent By Job
	0  -  Total Bytes Received By Job
	Partitionable Resources :    Usage  Request Allocated
	   Cpus                 :                 1         1
	   Disk (KB)            :       10       10  41489364
	   Memory (MB)          :      953        1      2007
...
