000 (6512368.000.000) 11/20 16:49:46 Job submitted from host: <130.199.153.67:9618?addrs=130.199.153.67-9618&noUDP&sock=7357_7f42_4>
...
001 (6512368.000.000) 11/20 16:51:44 Job executing on host: <130.199.157.229:9618?addrs=130.199.157.229-9618&noUDP&sock=11015_353b_3>
...
006 (6512368.000.000) 11/20 16:51:52 Image size of job updated: 13328
	14  -  MemoryUsage of job (MB)
	13328  -  ResidentSetSize of job (KB)
...
006 (6512368.000.000) 11/20 16:56:52 Image size of job updated: 1026084
	1002  -  MemoryUsage of job (MB)
	1025900  -  ResidentSetSize of job (KB)
...
006 (6512368.000.000) 11/20 17:01:53 Image size of job updated: 1026328
	1003  -  MemoryUsage of job (MB)
	1026144  -  ResidentSetSize of job (KB)
...
006 (6512368.000.000) 11/20 17:06:54 Image size of job updated: 1026464
	1003  -  MemoryUsage of job (MB)
	1026280  -  ResidentSetSize of job (KB)
...
006 (6512368.000.000) 11/20 17:11:54 Image size of job updated: 1026584
	1003  -  MemoryUsage of job (MB)
	1026400  -  ResidentSetSize of job (KB)
...
006 (6512368.000.000) 11/20 17:16:54 Image size of job updated: 1026696
	1003  -  MemoryUsage of job (MB)
	1026512  -  ResidentSetSize of job (KB)
...
006 (6512368.000.000) 11/20 17:21:55 Image size of job updated: 1026788
	1003  -  MemoryUsage of job (MB)
	1026604  -  ResidentSetSize of job (KB)
...
006 (6512368.000.000) 11/20 17:26:56 Image size of job updated: 1027264
	1004  -  MemoryUsage of job (MB)
	1027080  -  ResidentSetSize of job (KB)
...
006 (6512368.000.000) 11/20 17:31:56 Image size of job updated: 1027364
	1004  -  MemoryUsage of job (MB)
	1027180  -  ResidentSetSize of job (KB)
...
006 (6512368.000.000) 11/20 17:36:56 Image size of job updated: 1027500
	1004  -  MemoryUsage of job (MB)
	1027316  -  ResidentSetSize of job (KB)
...
006 (6512368.000.000) 11/20 17:41:57 Image size of job updated: 1027600
	1004  -  MemoryUsage of job (MB)
	1027416  -  ResidentSetSize of job (KB)
...
006 (6512368.000.000) 11/20 17:46:58 Image size of job updated: 1028208
	1004  -  MemoryUsage of job (MB)
	1028024  -  ResidentSetSize of job (KB)
...
006 (6512368.000.000) 11/20 17:56:58 Image size of job updated: 1028248
	1004  -  MemoryUsage of job (MB)
	1028064  -  ResidentSetSize of job (KB)
...
006 (6512368.000.000) 11/20 18:07:00 Image size of job updated: 1028280
	1004  -  MemoryUsage of job (MB)
	1028096  -  ResidentSetSize of job (KB)
...
006 (6512368.000.000) 11/20 18:12:01 Image size of job updated: 1028292
	1005  -  MemoryUsage of job (MB)
	1028108  -  ResidentSetSize of job (KB)
...
006 (6512368.000.000) 11/20 18:17:01 Image size of job updated: 1028312
	1005  -  MemoryUsage of job (MB)
	1028128  -  ResidentSetSize of job (KB)
...
006 (6512368.000.000) 11/20 18:27:03 Image size of job updated: 1028344
	1005  -  MemoryUsage of job (MB)
	1028160  -  ResidentSetSize of job (KB)
...
006 (6512368.000.000) 11/20 18:32:03 Image size of job updated: 1028364
	1005  -  MemoryUsage of job (MB)
	1028180  -  ResidentSetSize of job (KB)
...
006 (6512368.000.000) 11/20 18:37:03 Image size of job updated: 1028388
	1005  -  MemoryUsage of job (MB)
	1028204  -  ResidentSetSize of job (KB)
...
006 (6512368.000.000) 11/20 18:42:04 Image size of job updated: 1028400
	1005  -  MemoryUsage of job (MB)
	1028216  -  ResidentSetSize of job (KB)
...
006 (6512368.000.000) 11/20 18:47:05 Image size of job updated: 1028432
	1005  -  MemoryUsage of job (MB)
	1028248  -  ResidentSetSize of job (KB)
...
006 (6512368.000.000) 11/20 18:52:05 Image size of job updated: 1028848
	1005  -  MemoryUsage of job (MB)
	1028664  -  ResidentSetSize of job (KB)
...
006 (6512368.000.000) 11/20 18:57:05 Image size of job updated: 1028924
	1005  -  MemoryUsage of job (MB)
	1028740  -  ResidentSetSize of job (KB)
...
006 (6512368.000.000) 11/20 19:02:06 Image size of job updated: 1029196
	1005  -  MemoryUsage of job (MB)
	1029012  -  ResidentSetSize of job (KB)
...
006 (6512368.000.000) 11/20 19:07:06 Image size of job updated: 1029196
	1005  -  MemoryUsage of job (MB)
	1029016  -  ResidentSetSize of job (KB)
...
005 (6512368.000.000) 11/20 19:33:36 Job terminated.
	(1) Normal termination (return value 0)
		Usr 0 02:40:43, Sys 0 00:03:48  -  Run Remote Usage
		Usr 0 00:00:00, Sys 0 00:00:00  -  Run Local Usage
		Usr 0 02:40:43, Sys 0 00:03:48  -  Total Remote Usage
		Usr 0 00:00:00, Sys 0 00:00:00  -  Total Local Usage
	0  -  Run Bytes Sent By Job
	0  -  Run Bytes Received By Job
	0  -  Total Bytes Sent By Job
	0  -  Total Bytes Received By Job
	Partitionable Resources :    Usage  Request Allocated
	   Cpus                 :                 1         1
	   Disk (KB)            :       10       10 138703095
	   Memory (MB)          :     1005        1      2005
...
