000 (6512326.000.000) 11/20 16:49:25 Job submitted from host: <130.199.153.67:9618?addrs=130.199.153.67-9618&noUDP&sock=7357_7f42_4>
...
001 (6512326.000.000) 11/20 16:50:13 Job executing on host: <130.199.202.109:9618?addrs=130.199.202.109-9618&noUDP&sock=203419_a51e_3>
...
006 (6512326.000.000) 11/20 16:50:21 Image size of job updated: 979404
	957  -  MemoryUsage of job (MB)
	979192  -  ResidentSetSize of job (KB)
...
006 (6512326.000.000) 11/20 16:55:21 Image size of job updated: 1050136
	1026  -  MemoryUsage of job (MB)
	1049924  -  ResidentSetSize of job (KB)
...
006 (6512326.000.000) 11/20 17:00:21 Image size of job updated: 1050672
	1026  -  MemoryUsage of job (MB)
	1050460  -  ResidentSetSize of job (KB)
...
006 (6512326.000.000) 11/20 17:05:22 Image size of job updated: 1051312
	1027  -  MemoryUsage of job (MB)
	1051100  -  ResidentSetSize of job (KB)
...
005 (6512326.000.000) 11/20 17:07:34 Job terminated.
	(1) Normal termination (return value 0)
		Usr 0 00:16:58, Sys 0 00:00:37  -  Run Remote Usage
		Usr 0 00:00:00, Sys 0 00:00:00  -  Run Local Usage
		Usr 0 00:16:58, Sys 0 00:00:37  -  Total Remote Usage
		Usr 0 00:00:00, Sys 0 00:00:00  -  Total Local Usage
	0  -  Run Bytes Sent By Job
	0  -  Run Bytes Received By Job
	0  -  Total Bytes Sent By Job
	0  -  Total Bytes Received By Job
	Partitionable Resources :    Usage  Request Allocated
	   Cpus                 :                 1         1
	   Disk (KB)            :       10       10  66832031
	   Memory (MB)          :     1027        1      2665
...
