000 (6512370.000.000) 11/20 16:49:46 Job submitted from host: <130.199.153.67:9618?addrs=130.199.153.67-9618&noUDP&sock=7357_7f42_4>
...
001 (6512370.000.000) 11/20 16:51:44 Job executing on host: <130.199.157.178:9618?addrs=130.199.157.178-9618&noUDP&sock=11302_0a31_3>
...
006 (6512370.000.000) 11/20 16:51:53 Image size of job updated: 30124
	14  -  MemoryUsage of job (MB)
	13400  -  ResidentSetSize of job (KB)
...
006 (6512370.000.000) 11/20 16:52:04 Image size of job updated: 30124
	14  -  MemoryUsage of job (MB)
	13420  -  ResidentSetSize of job (KB)
...
005 (6512370.000.000) 11/20 16:52:04 Job terminated.
	(1) Normal termination (return value 0)
		Usr 0 00:00:03, Sys 0 00:00:04  -  Run Remote Usage
		Usr 0 00:00:00, Sys 0 00:00:00  -  Run Local Usage
		Usr 0 00:00:03, Sys 0 00:00:04  -  Total Remote Usage
		Usr 0 00:00:00, Sys 0 00:00:00  -  Total Local Usage
	0  -  Run Bytes Sent By Job
	0  -  Run Bytes Received By Job
	0  -  Total Bytes Sent By Job
	0  -  Total Bytes Received By Job
	Partitionable Resources :    Usage  Request Allocated
	   Cpus                 :                 1         1
	   Disk (KB)            :       10       10 138696852
	   Memory (MB)          :       14        1      2005
...
