000 (6512373.000.000) 11/20 16:49:46 Job submitted from host: <130.199.153.67:9618?addrs=130.199.153.67-9618&noUDP&sock=7357_7f42_4>
...
001 (6512373.000.000) 11/20 16:51:46 Job executing on host: <130.199.158.30:9618?addrs=130.199.158.30-9618&noUDP&sock=10091_c60a_3>
...
006 (6512373.000.000) 11/20 16:51:54 Image size of job updated: 27908
	13  -  MemoryUsage of job (MB)
	13132  -  ResidentSetSize of job (KB)
...
006 (6512373.000.000) 11/20 16:56:54 Image size of job updated: 1076412
	1026  -  MemoryUsage of job (MB)
	1049856  -  ResidentSetSize of job (KB)
...
006 (6512373.000.000) 11/20 17:01:55 Image size of job updated: 1077352
	1027  -  MemoryUsage of job (MB)
	1050796  -  ResidentSetSize of job (KB)
...
006 (6512373.000.000) 11/20 17:06:56 Image size of job updated: 1077880
	1027  -  MemoryUsage of job (MB)
	1051324  -  ResidentSetSize of job (KB)
...
006 (6512373.000.000) 11/20 17:11:56 Image size of job updated: 1077956
	1027  -  MemoryUsage of job (MB)
	1051400  -  ResidentSetSize of job (KB)
...
006 (6512373.000.000) 11/20 17:16:56 Image size of job updated: 1078000
	1027  -  MemoryUsage of job (MB)
	1051444  -  ResidentSetSize of job (KB)
...
005 (6512373.000.000) 11/20 17:18:52 Job terminated.
	(1) Normal termination (return value 0)
		Usr 0 00:25:41, Sys 0 00:01:13  -  Run Remote Usage
		Usr 0 00:00:00, Sys 0 00:00:00  -  Run Local Usage
		Usr 0 00:25:41, Sys 0 00:01:13  -  Total Remote Usage
		Usr 0 00:00:00, Sys 0 00:00:00  -  Total Local Usage
	0  -  Run Bytes Sent By Job
	0  -  Run Bytes Received By Job
	0  -  Total Bytes Sent By Job
	0  -  Total Bytes Received By Job
	Partitionable Resources :    Usage  Request Allocated
	   Cpus                 :                 1         1
	   Disk (KB)            :       10       10 138253214
	   Memory (MB)          :     1027        1      2005
...
