000 (6512487.000.000) 11/20 16:50:07 Job submitted from host: <130.199.153.67:9618?addrs=130.199.153.67-9618&noUDP&sock=7357_7f42_4>
...
001 (6512487.000.000) 11/20 16:52:07 Job executing on host: <130.199.202.75:9618?addrs=130.199.202.75-9618&noUDP&sock=12669_ad94_3>
...
006 (6512487.000.000) 11/20 16:52:15 Image size of job updated: 104588
	94  -  MemoryUsage of job (MB)
	95676  -  ResidentSetSize of job (KB)
...
005 (6512487.000.000) 11/20 16:52:48 Job terminated.
	(1) Normal termination (return value 0)
		Usr 0 00:00:26, Sys 0 00:00:08  -  Run Remote Usage
		Usr 0 00:00:00, Sys 0 00:00:00  -  Run Local Usage
		Usr 0 00:00:26, Sys 0 00:00:08  -  Total Remote Usage
		Usr 0 00:00:00, Sys 0 00:00:00  -  Total Local Usage
	0  -  Run Bytes Sent By Job
	0  -  Run Bytes Received By Job
	0  -  Total Bytes Sent By Job
	0  -  Total Bytes Received By Job
	Partitionable Resources :    Usage  Request Allocated
	   Cpus                 :                 1         1
	   Disk (KB)            :       10       10  65479292
	   Memory (MB)          :       94        1      2008
...
