000 (6512491.000.000) 11/20 16:50:07 Job submitted from host: <130.199.153.67:9618?addrs=130.199.153.67-9618&noUDP&sock=7357_7f42_4>
...
001 (6512491.000.000) 11/20 16:52:07 Job executing on host: <130.199.150.198:9618?addrs=130.199.150.198-9618&noUDP&sock=8674_4f9c_3>
...
006 (6512491.000.000) 11/20 16:52:16 Image size of job updated: 996824
	949  -  MemoryUsage of job (MB)
	970804  -  ResidentSetSize of job (KB)
...
006 (6512491.000.000) 11/20 16:53:38 Image size of job updated: 1144128
	949  -  MemoryUsage of job (MB)
	970804  -  ResidentSetSize of job (KB)
...
005 (6512491.000.000) 11/20 16:53:38 Job terminated.
	(1) Normal termination (return value 0)
		Usr 0 00:01:20, Sys 0 00:00:07  -  Run Remote Usage
		Usr 0 00:00:00, Sys 0 00:00:00  -  Run Local Usage
		Usr 0 00:01:20, Sys 0 00:00:07  -  Total Remote Usage
		Usr 0 00:00:00, Sys 0 00:00:00  -  Total Local Usage
	0  -  Run Bytes Sent By Job
	0  -  Run Bytes Received By Job
	0  -  Total Bytes Sent By Job
	0  -  Total Bytes Received By Job
	Partitionable Resources :    Usage  Request Allocated
	   Cpus                 :                 1         1
	   Disk (KB)            :       10       10  41489084
	   Memory (MB)          :      949        1      2007
...
