000 (6512262.000.000) 11/20 16:49:23 Job submitted from host: <130.199.153.67:9618?addrs=130.199.153.67-9618&noUDP&sock=7357_7f42_4>
...
001 (6512262.000.000) 11/20 16:49:53 Job executing on host: <130.199.202.108:9618?addrs=130.199.202.108-9618&noUDP&sock=9347_4e96_3>
...
006 (6512262.000.000) 11/20 16:50:02 Image size of job updated: 974900
	952  -  MemoryUsage of job (MB)
	974716  -  ResidentSetSize of job (KB)
...
006 (6512262.000.000) 11/20 16:55:03 Image size of job updated: 1035196
	1011  -  MemoryUsage of job (MB)
	1035012  -  ResidentSetSize of job (KB)
...
006 (6512262.000.000) 11/20 17:00:03 Image size of job updated: 1036536
	1013  -  MemoryUsage of job (MB)
	1036352  -  ResidentSetSize of job (KB)
...
006 (6512262.000.000) 11/20 17:05:03 Image size of job updated: 1036792
	1013  -  MemoryUsage of job (MB)
	1036608  -  ResidentSetSize of job (KB)
...
006 (6512262.000.000) 11/20 17:10:04 Image size of job updated: 1036936
	1013  -  MemoryUsage of job (MB)
	1036752  -  ResidentSetSize of job (KB)
...
006 (6512262.000.000) 11/20 17:15:04 Image size of job updated: 1037544
	1014  -  MemoryUsage of job (MB)
	1037360  -  ResidentSetSize of job (KB)
...
006 (6512262.000.000) 11/20 17:20:04 Image size of job updated: 1037636
	1014  -  MemoryUsage of job (MB)
	1037452  -  ResidentSetSize of job (KB)
...
006 (6512262.000.000) 11/20 17:25:05 Image size of job updated: 1037720
	1014  -  MemoryUsage of job (MB)
	1037536  -  ResidentSetSize of job (KB)
...
006 (6512262.000.000) 11/20 17:30:06 Image size of job updated: 1037780
	1014  -  MemoryUsage of job (MB)
	1037596  -  ResidentSetSize of job (KB)
...
006 (6512262.000.000) 11/20 17:35:07 Image size of job updated: 1038272
	1014  -  MemoryUsage of job (MB)
	1038088  -  ResidentSetSize of job (KB)
...
006 (6512262.000.000) 11/20 17:40:07 Image size of job updated: 1038800
	1015  -  MemoryUsage of job (MB)
	1038616  -  ResidentSetSize of job (KB)
...
006 (6512262.000.000) 11/20 17:45:07 Image size of job updated: 1039444
	1015  -  MemoryUsage of job (MB)
	1039260  -  ResidentSetSize of job (KB)
...
006 (6512262.000.000) 11/20 17:50:08 Image size of job updated: 1721892
	1015  -  MemoryUsage of job (MB)
	1039260  -  ResidentSetSize of job (KB)
...
005 (6512262.000.000) 11/20 17:50:09 Job terminated.
	(1) Normal termination (return value 0)
		Usr 0 00:57:25, Sys 0 00:01:52  -  Run Remote Usage
		Usr 0 00:00:00, Sys 0 00:00:00  -  Run Local Usage
		Usr 0 00:57:25, Sys 0 00:01:52  -  Total Remote Usage
		Usr 0 00:00:00, Sys 0 00:00:00  -  Total Local Usage
	0  -  Run Bytes Sent By Job
	0  -  Run Bytes Received By Job
	0  -  Total Bytes Sent By Job
	0  -  Total Bytes Received By Job
	Partitionable Resources :    Usage  Request Allocated
	   Cpus                 :                 1         1
	   Disk (KB)            :       10       10  66831977
	   Memory (MB)          :     1015        1      2665
...
