000 (6512424.000.000) 11/20 16:49:47 Job submitted from host: <130.199.153.67:9618?addrs=130.199.153.67-9618&noUDP&sock=7357_7f42_4>
...
001 (6512424.000.000) 11/20 16:51:54 Job executing on host: <130.199.150.143:9618?addrs=130.199.150.143-9618&noUDP&sock=21945_6a3a_3>
...
006 (6512424.000.000) 11/20 16:52:03 Image size of job updated: 727764
	685  -  MemoryUsage of job (MB)
	701288  -  ResidentSetSize of job (KB)
...
006 (6512424.000.000) 11/20 16:55:02 Image size of job updated: 727764
	738  -  MemoryUsage of job (MB)
	755200  -  ResidentSetSize of job (KB)
...
005 (6512424.000.000) 11/20 16:55:02 Job terminated.
	(1) Normal termination (return value 0)
		Usr 0 00:02:47, Sys 0 00:00:09  -  Run Remote Usage
		Usr 0 00:00:00, Sys 0 00:00:00  -  Run Local Usage
		Usr 0 00:02:47, Sys 0 00:00:09  -  Total Remote Usage
		Usr 0 00:00:00, Sys 0 00:00:00  -  Total Local Usage
	0  -  Run Bytes Sent By Job
	0  -  Run Bytes Received By Job
	0  -  Total Bytes Sent By Job
	0  -  Total Bytes Received By Job
	Partitionable Resources :    Usage  Request Allocated
	   Cpus                 :                 1         1
	   Disk (KB)            :       10       10  41489432
	   Memory (MB)          :      738        1      2007
...
