000 (6512439.000.000) 11/20 16:50:06 Job submitted from host: <130.199.153.67:9618?addrs=130.199.153.67-9618&noUDP&sock=7357_7f42_4>
...
001 (6512439.000.000) 11/20 16:51:57 Job executing on host: <130.199.150.155:9618?addrs=130.199.150.155-9618&noUDP&sock=22511_8bfb_3>
...
006 (6512439.000.000) 11/20 16:52:06 Image size of job updated: 41380
	17  -  MemoryUsage of job (MB)
	17116  -  ResidentSetSize of job (KB)
...
006 (6512439.000.000) 11/20 16:53:00 Image size of job updated: 1219120
	17  -  MemoryUsage of job (MB)
	17180  -  ResidentSetSize of job (KB)
...
005 (6512439.000.000) 11/20 16:53:00 Job terminated.
	(1) Normal termination (return value 0)
		Usr 0 00:00:41, Sys 0 00:00:07  -  Run Remote Usage
		Usr 0 00:00:00, Sys 0 00:00:00  -  Run Local Usage
		Usr 0 00:00:41, Sys 0 00:00:07  -  Total Remote Usage
		Usr 0 00:00:00, Sys 0 00:00:00  -  Total Local Usage
	0  -  Run Bytes Sent By Job
	0  -  Run Bytes Received By Job
	0  -  Total Bytes Sent By Job
	0  -  Total Bytes Received By Job
	Partitionable Resources :    Usage  Request Allocated
	   Cpus                 :                 1         1
	   Disk (KB)            :       10       10  41489247
	   Memory (MB)          :       17        1      2007
...
