000 (6512399.000.000) 11/20 16:49:46 Job submitted from host: <130.199.153.67:9618?addrs=130.199.153.67-9618&noUDP&sock=7357_7f42_4>
...
001 (6512399.000.000) 11/20 16:51:50 Job executing on host: <130.199.157.235:9618?addrs=130.199.157.235-9618&noUDP&sock=11864_e7dd_3>
...
006 (6512399.000.000) 11/20 16:51:59 Image size of job updated: 20348
	20  -  MemoryUsage of job (MB)
	20204  -  ResidentSetSize of job (KB)
...
006 (6512399.000.000) 11/20 16:52:09 Image size of job updated: 21240
	20  -  MemoryUsage of job (MB)
	20204  -  ResidentSetSize of job (KB)
...
005 (6512399.000.000) 11/20 16:52:09 Job terminated.
	(1) Normal termination (return value 0)
		Usr 0 00:00:03, Sys 0 00:00:04  -  Run Remote Usage
		Usr 0 00:00:00, Sys 0 00:00:00  -  Run Local Usage
		Usr 0 00:00:03, Sys 0 00:00:04  -  Total Remote Usage
		Usr 0 00:00:00, Sys 0 00:00:00  -  Total Local Usage
	0  -  Run Bytes Sent By Job
	0  -  Run Bytes Received By Job
	0  -  Total Bytes Sent By Job
	0  -  Total Bytes Received By Job
	Partitionable Resources :    Usage  Request Allocated
	   Cpus                 :                 1         1
	   Disk (KB)            :       10       10 137450446
	   Memory (MB)          :       20        1      2005
...
