000 (6512341.000.000) 11/20 16:49:45 Job submitted from host: <130.199.153.67:9618?addrs=130.199.153.67-9618&noUDP&sock=7357_7f42_4>
...
001 (6512341.000.000) 11/20 16:50:15 Job executing on host: <130.199.202.98:9618?addrs=130.199.202.98-9618&noUDP&sock=178572_e217_3>
...
006 (6512341.000.000) 11/20 16:50:24 Image size of job updated: 964252
	942  -  MemoryUsage of job (MB)
	964068  -  ResidentSetSize of job (KB)
...
006 (6512341.000.000) 11/20 16:55:25 Image size of job updated: 1010956
	986  -  MemoryUsage of job (MB)
	1009340  -  ResidentSetSize of job (KB)
...
006 (6512341.000.000) 11/20 17:00:26 Image size of job updated: 1014696
	986  -  MemoryUsage of job (MB)
	1009340  -  ResidentSetSize of job (KB)
...
006 (6512341.000.000) 11/20 17:05:26 Image size of job updated: 1015112
	986  -  MemoryUsage of job (MB)
	1009340  -  ResidentSetSize of job (KB)
...
006 (6512341.000.000) 11/20 17:10:27 Image size of job updated: 1015416
	986  -  MemoryUsage of job (MB)
	1009340  -  ResidentSetSize of job (KB)
...
006 (6512341.000.000) 11/20 17:15:28 Image size of job updated: 1016864
	986  -  MemoryUsage of job (MB)
	1009340  -  ResidentSetSize of job (KB)
...
006 (6512341.000.000) 11/20 17:20:28 Image size of job updated: 1016908
	986  -  MemoryUsage of job (MB)
	1009340  -  ResidentSetSize of job (KB)
...
006 (6512341.000.000) 11/20 17:25:28 Image size of job updated: 1016948
	986  -  MemoryUsage of job (MB)
	1009340  -  ResidentSetSize of job (KB)
...
006 (6512341.000.000) 11/20 17:30:29 Image size of job updated: 1016992
	986  -  MemoryUsage of job (MB)
	1009340  -  ResidentSetSize of job (KB)
...
006 (6512341.000.000) 11/20 17:35:29 Image size of job updated: 1017096
	986  -  MemoryUsage of job (MB)
	1009340  -  ResidentSetSize of job (KB)
...
006 (6512341.000.000) 11/20 17:40:29 Image size of job updated: 1017232
	986  -  MemoryUsage of job (MB)
	1009340  -  ResidentSetSize of job (KB)
...
006 (6512341.000.000) 11/20 17:45:30 Image size of job updated: 1017280
	986  -  MemoryUsage of job (MB)
	1009340  -  ResidentSetSize of job (KB)
...
006 (6512341.000.000) 11/20 17:50:30 Image size of job updated: 1017692
	986  -  MemoryUsage of job (MB)
	1009340  -  ResidentSetSize of job (KB)
...
006 (6512341.000.000) 11/20 17:55:30 Image size of job updated: 1017744
	986  -  MemoryUsage of job (MB)
	1009340  -  ResidentSetSize of job (KB)
...
006 (6512341.000.000) 11/20 18:00:32 Image size of job updated: 1018200
	986  -  MemoryUsage of job (MB)
	1009340  -  ResidentSetSize of job (KB)
...
006 (6512341.000.000) 11/20 18:05:32 Image size of job updated: 1018296
	986  -  MemoryUsage of job (MB)
	1009340  -  ResidentSetSize of job (KB)
...
006 (6512341.000.000) 11/20 18:10:32 Image size of job updated: 1018396
	986  -  MemoryUsage of job (MB)
	1009340  -  ResidentSetSize of job (KB)
...
006 (6512341.000.000) 11/20 18:15:33 Image size of job updated: 1018404
	986  -  MemoryUsage of job (MB)
	1009340  -  ResidentSetSize of job (KB)
...
006 (6512341.000.000) 11/20 18:20:34 Image size of job updated: 1018496
	986  -  MemoryUsage of job (MB)
	1009340  -  ResidentSetSize of job (KB)
...
006 (6512341.000.000) 11/20 18:25:34 Image size of job updated: 1018548
	986  -  MemoryUsage of job (MB)
	1009340  -  ResidentSetSize of job (KB)
...
006 (6512341.000.000) 11/20 18:30:34 Image size of job updated: 1018596
	986  -  MemoryUsage of job (MB)
	1009340  -  ResidentSetSize of job (KB)
...
006 (6512341.000.000) 11/20 18:35:35 Image size of job updated: 1018692
	986  -  MemoryUsage of job (MB)
	1009340  -  ResidentSetSize of job (KB)
...
006 (6512341.000.000) 11/20 18:40:35 Image size of job updated: 1019708
	986  -  MemoryUsage of job (MB)
	1009340  -  ResidentSetSize of job (KB)
...
006 (6512341.000.000) 11/20 18:45:35 Image size of job updated: 1019776
	986  -  MemoryUsage of job (MB)
	1009340  -  ResidentSetSize of job (KB)
...
006 (6512341.000.000) 11/20 18:50:36 Image size of job updated: 1019780
	986  -  MemoryUsage of job (MB)
	1009340  -  ResidentSetSize of job (KB)
...
006 (6512341.000.000) 11/20 18:55:37 Image size of job updated: 1019796
	986  -  MemoryUsage of job (MB)
	1009340  -  ResidentSetSize of job (KB)
...
006 (6512341.000.000) 11/20 19:00:37 Image size of job updated: 1019812
	986  -  MemoryUsage of job (MB)
	1009340  -  ResidentSetSize of job (KB)
...
006 (6512341.000.000) 11/20 19:05:38 Image size of job updated: 1019828
	986  -  MemoryUsage of job (MB)
	1009340  -  ResidentSetSize of job (KB)
...
006 (6512341.000.000) 11/20 19:10:39 Image size of job updated: 1019832
	986  -  MemoryUsage of job (MB)
	1009340  -  ResidentSetSize of job (KB)
...
006 (6512341.000.000) 11/20 19:15:39 Image size of job updated: 1019836
	986  -  MemoryUsage of job (MB)
	1009340  -  ResidentSetSize of job (KB)
...
006 (6512341.000.000) 11/20 19:20:40 Image size of job updated: 1019848
	986  -  MemoryUsage of job (MB)
	1009340  -  ResidentSetSize of job (KB)
...
006 (6512341.000.000) 11/20 19:25:41 Image size of job updated: 1019852
	986  -  MemoryUsage of job (MB)
	1009340  -  ResidentSetSize of job (KB)
...
006 (6512341.000.000) 11/20 19:35:42 Image size of job updated: 1019860
	986  -  MemoryUsage of job (MB)
	1009340  -  ResidentSetSize of job (KB)
...
006 (6512341.000.000) 11/20 19:40:43 Image size of job updated: 1019892
	986  -  MemoryUsage of job (MB)
	1009340  -  ResidentSetSize of job (KB)
...
006 (6512341.000.000) 11/20 19:45:43 Image size of job updated: 1019896
	986  -  MemoryUsage of job (MB)
	1009340  -  ResidentSetSize of job (KB)
...
006 (6512341.000.000) 11/20 19:48:23 Image size of job updated: 1035884
	986  -  MemoryUsage of job (MB)
	1009340  -  ResidentSetSize of job (KB)
...
005 (6512341.000.000) 11/20 19:48:23 Job terminated.
	(1) Normal termination (return value 0)
		Usr 0 02:57:31, Sys 0 00:03:33  -  Run Remote Usage
		Usr 0 00:00:00, Sys 0 00:00:00  -  Run Local Usage
		Usr 0 02:57:31, Sys 0 00:03:33  -  Total Remote Usage
		Usr 0 00:00:00, Sys 0 00:00:00  -  Total Local Usage
	0  -  Run Bytes Sent By Job
	0  -  Run Bytes Received By Job
	0  -  Total Bytes Sent By Job
	0  -  Total Bytes Received By Job
	Partitionable Resources :    Usage  Request Allocated
	   Cpus                 :                 1         1
	   Disk (KB)            :       10       10  65563928
	   Memory (MB)          :      986        1      2297
...
