000 (6512409.000.000) 11/20 16:49:46 Job submitted from host: <130.199.153.67:9618?addrs=130.199.153.67-9618&noUDP&sock=7357_7f42_4>
...
001 (6512409.000.000) 11/20 16:51:52 Job executing on host: <130.199.202.89:9618?addrs=130.199.202.89-9618&noUDP&sock=70844_54c5_3>
...
006 (6512409.000.000) 11/20 16:52:01 Image size of job updated: 712364
	696  -  MemoryUsage of job (MB)
	712192  -  ResidentSetSize of job (KB)
...
006 (6512409.000.000) 11/20 16:57:02 Image size of job updated: 1021768
	998  -  MemoryUsage of job (MB)
	1021584  -  ResidentSetSize of job (KB)
...
006 (6512409.000.000) 11/20 17:02:02 Image size of job updated: 1022756
	999  -  MemoryUsage of job (MB)
	1022572  -  ResidentSetSize of job (KB)
...
006 (6512409.000.000) 11/20 17:07:03 Image size of job updated: 1023488
	1000  -  MemoryUsage of job (MB)
	1023304  -  ResidentSetSize of job (KB)
...
006 (6512409.000.000) 11/20 17:12:04 Image size of job updated: 1023740
	1000  -  MemoryUsage of job (MB)
	1023556  -  ResidentSetSize of job (KB)
...
006 (6512409.000.000) 11/20 17:17:04 Image size of job updated: 1024552
	1001  -  MemoryUsage of job (MB)
	1024368  -  ResidentSetSize of job (KB)
...
006 (6512409.000.000) 11/20 17:22:05 Image size of job updated: 1024608
	1001  -  MemoryUsage of job (MB)
	1024424  -  ResidentSetSize of job (KB)
...
006 (6512409.000.000) 11/20 17:27:06 Image size of job updated: 1024660
	1001  -  MemoryUsage of job (MB)
	1024476  -  ResidentSetSize of job (KB)
...
006 (6512409.000.000) 11/20 17:29:13 Image size of job updated: 1135776
	1001  -  MemoryUsage of job (MB)
	1024476  -  ResidentSetSize of job (KB)
...
005 (6512409.000.000) 11/20 17:29:13 Job terminated.
	(1) Normal termination (return value 0)
		Usr 0 00:36:34, Sys 0 00:00:53  -  Run Remote Usage
		Usr 0 00:00:00, Sys 0 00:00:00  -  Run Local Usage
		Usr 0 00:36:34, Sys 0 00:00:53  -  Total Remote Usage
		Usr 0 00:00:00, Sys 0 00:00:00  -  Total Local Usage
	0  -  Run Bytes Sent By Job
	0  -  Run Bytes Received By Job
	0  -  Total Bytes Sent By Job
	0  -  Total Bytes Received By Job
	Partitionable Resources :    Usage  Request Allocated
	   Cpus                 :                 1         1
	   Disk (KB)            :       10       10  65563893
	   Memory (MB)          :     1001        1      2297
...
