000 (6512312.000.000) 11/20 16:49:24 Job submitted from host: <130.199.153.67:9618?addrs=130.199.153.67-9618&noUDP&sock=7357_7f42_4>
...
001 (6512312.000.000) 11/20 16:50:10 Job executing on host: <130.199.202.90:9618?addrs=130.199.202.90-9618&noUDP&sock=96748_9ec0_3>
...
006 (6512312.000.000) 11/20 16:50:19 Image size of job updated: 966540
	944  -  MemoryUsage of job (MB)
	966356  -  ResidentSetSize of job (KB)
...
006 (6512312.000.000) 11/20 16:55:20 Image size of job updated: 1017076
	993  -  MemoryUsage of job (MB)
	1016696  -  ResidentSetSize of job (KB)
...
006 (6512312.000.000) 11/20 17:00:21 Image size of job updated: 1017612
	993  -  MemoryUsage of job (MB)
	1016696  -  ResidentSetSize of job (KB)
...
006 (6512312.000.000) 11/20 17:05:21 Image size of job updated: 1022000
	997  -  MemoryUsage of job (MB)
	1019968  -  ResidentSetSize of job (KB)
...
006 (6512312.000.000) 11/20 17:10:22 Image size of job updated: 1022000
	997  -  MemoryUsage of job (MB)
	1020732  -  ResidentSetSize of job (KB)
...
006 (6512312.000.000) 11/20 17:15:23 Image size of job updated: 1022156
	997  -  MemoryUsage of job (MB)
	1020732  -  ResidentSetSize of job (KB)
...
006 (6512312.000.000) 11/20 17:20:23 Image size of job updated: 1022548
	997  -  MemoryUsage of job (MB)
	1020732  -  ResidentSetSize of job (KB)
...
006 (6512312.000.000) 11/20 17:25:24 Image size of job updated: 1022616
	997  -  MemoryUsage of job (MB)
	1020732  -  ResidentSetSize of job (KB)
...
006 (6512312.000.000) 11/20 17:30:25 Image size of job updated: 1022668
	997  -  MemoryUsage of job (MB)
	1020732  -  ResidentSetSize of job (KB)
...
006 (6512312.000.000) 11/20 17:35:25 Image size of job updated: 1022712
	997  -  MemoryUsage of job (MB)
	1020732  -  ResidentSetSize of job (KB)
...
006 (6512312.000.000) 11/20 17:40:26 Image size of job updated: 1022764
	997  -  MemoryUsage of job (MB)
	1020732  -  ResidentSetSize of job (KB)
...
006 (6512312.000.000) 11/20 17:45:27 Image size of job updated: 1022796
	997  -  MemoryUsage of job (MB)
	1020732  -  ResidentSetSize of job (KB)
...
006 (6512312.000.000) 11/20 17:50:27 Image size of job updated: 1022836
	997  -  MemoryUsage of job (MB)
	1020732  -  ResidentSetSize of job (KB)
...
006 (6512312.000.000) 11/20 17:55:27 Image size of job updated: 1023292
	997  -  MemoryUsage of job (MB)
	1020732  -  ResidentSetSize of job (KB)
...
006 (6512312.000.000) 11/20 18:00:28 Image size of job updated: 1023336
	997  -  MemoryUsage of job (MB)
	1020732  -  ResidentSetSize of job (KB)
...
006 (6512312.000.000) 11/20 18:05:28 Image size of job updated: 1023388
	997  -  MemoryUsage of job (MB)
	1020732  -  ResidentSetSize of job (KB)
...
006 (6512312.000.000) 11/20 18:10:28 Image size of job updated: 1024136
	997  -  MemoryUsage of job (MB)
	1020732  -  ResidentSetSize of job (KB)
...
006 (6512312.000.000) 11/20 18:15:29 Image size of job updated: 1024188
	997  -  MemoryUsage of job (MB)
	1020732  -  ResidentSetSize of job (KB)
...
006 (6512312.000.000) 11/20 18:20:30 Image size of job updated: 1024236
	997  -  MemoryUsage of job (MB)
	1020732  -  ResidentSetSize of job (KB)
...
006 (6512312.000.000) 11/20 18:25:30 Image size of job updated: 1025416
	997  -  MemoryUsage of job (MB)
	1020732  -  ResidentSetSize of job (KB)
...
006 (6512312.000.000) 11/20 18:30:31 Image size of job updated: 1025500
	997  -  MemoryUsage of job (MB)
	1020732  -  ResidentSetSize of job (KB)
...
006 (6512312.000.000) 11/20 18:35:32 Image size of job updated: 1025548
	997  -  MemoryUsage of job (MB)
	1020732  -  ResidentSetSize of job (KB)
...
006 (6512312.000.000) 11/20 18:40:32 Image size of job updated: 1025600
	997  -  MemoryUsage of job (MB)
	1020732  -  ResidentSetSize of job (KB)
...
006 (6512312.000.000) 11/20 18:45:33 Image size of job updated: 1025652
	997  -  MemoryUsage of job (MB)
	1020732  -  ResidentSetSize of job (KB)
...
006 (6512312.000.000) 11/20 18:50:34 Image size of job updated: 1026012
	997  -  MemoryUsage of job (MB)
	1020732  -  ResidentSetSize of job (KB)
...
006 (6512312.000.000) 11/20 18:55:34 Image size of job updated: 1026512
	998  -  MemoryUsage of job (MB)
	1020996  -  ResidentSetSize of job (KB)
...
006 (6512312.000.000) 11/20 19:00:34 Image size of job updated: 1031940
	1003  -  MemoryUsage of job (MB)
	1026424  -  ResidentSetSize of job (KB)
...
006 (6512312.000.000) 11/20 19:05:35 Image size of job updated: 1031988
	1003  -  MemoryUsage of job (MB)
	1026472  -  ResidentSetSize of job (KB)
...
006 (6512312.000.000) 11/20 19:20:37 Image size of job updated: 1069124
	1039  -  MemoryUsage of job (MB)
	1063608  -  ResidentSetSize of job (KB)
...
006 (6512312.000.000) 11/20 20:05:42 Image size of job updated: 1069152
	1039  -  MemoryUsage of job (MB)
	1063636  -  ResidentSetSize of job (KB)
...
006 (6512312.000.000) 11/20 20:10:43 Image size of job updated: 1069156
	1039  -  MemoryUsage of job (MB)
	1063640  -  ResidentSetSize of job (KB)
...
006 (6512312.000.000) 11/20 20:25:45 Image size of job updated: 1069160
	1039  -  MemoryUsage of job (MB)
	1063644  -  ResidentSetSize of job (KB)
...
005 (6512312.000.000) 11/20 21:20:50 Job terminated.
	(1) Normal termination (return value 0)
		Usr 0 04:30:05, Sys 0 00:05:07  -  Run Remote Usage
		Usr 0 00:00:00, Sys 0 00:00:00  -  Run Local Usage
		Usr 0 04:30:05, Sys 0 00:05:07  -  Total Remote Usage
		Usr 0 00:00:00, Sys 0 00:00:00  -  Total Local Usage
	0  -  Run Bytes Sent By Job
	0  -  Run Bytes Received By Job
	0  -  Total Bytes Sent By Job
	0  -  Total Bytes Received By Job
	Partitionable Resources :    Usage  Request Allocated
	   Cpus                 :                 1         1
	   Disk (KB)            :       10       10  65563822
	   Memory (MB)          :     1039        1      2297
...
