000 (6512500.000.000) 11/20 16:50:07 Job submitted from host: <130.199.153.67:9618?addrs=130.199.153.67-9618&noUDP&sock=7357_7f42_4>
...
001 (6512500.000.000) 11/20 16:52:09 Job executing on host: <130.199.202.96:9618?addrs=130.199.202.96-9618&noUDP&sock=8395_02d1_3>
...
006 (6512500.000.000) 11/20 16:52:18 Image size of job updated: 974924
	952  -  MemoryUsage of job (MB)
	974740  -  ResidentSetSize of job (KB)
...
006 (6512500.000.000) 11/20 16:52:53 Image size of job updated: 974924
	953  -  MemoryUsage of job (MB)
	974980  -  ResidentSetSize of job (KB)
...
005 (6512500.000.000) 11/20 16:52:53 Job terminated.
	(1) Normal termination (return value 0)
		Usr 0 00:00:30, Sys 0 00:00:06  -  Run Remote Usage
		Usr 0 00:00:00, Sys 0 00:00:00  -  Run Local Usage
		Usr 0 00:00:30, Sys 0 00:00:06  -  Total Remote Usage
		Usr 0 00:00:00, Sys 0 00:00:00  -  Total Local Usage
	0  -  Run Bytes Sent By Job
	0  -  Run Bytes Received By Job
	0  -  Total Bytes Sent By Job
	0  -  Total Bytes Received By Job
	Partitionable Resources :    Usage  Request Allocated
	   Cpus                 :                 1         1
	   Disk (KB)            :       10       10  65563444
	   Memory (MB)          :      953        1      2297
...
