000 (6512438.000.000) 11/20 16:50:06 Job submitted from host: <130.199.153.67:9618?addrs=130.199.153.67-9618&noUDP&sock=7357_7f42_4>
...
001 (6512438.000.000) 11/20 16:51:57 Job executing on host: <130.199.150.194:9618?addrs=130.199.150.194-9618&noUDP&sock=22488_4481_3>
...
006 (6512438.000.000) 11/20 16:52:05 Image size of job updated: 34428
	25  -  MemoryUsage of job (MB)
	25000  -  ResidentSetSize of job (KB)
...
005 (6512438.000.000) 11/20 16:53:32 Job terminated.
	(1) Normal termination (return value 0)
		Usr 0 00:00:46, Sys 0 00:00:09  -  Run Remote Usage
		Usr 0 00:00:00, Sys 0 00:00:00  -  Run Local Usage
		Usr 0 00:00:46, Sys 0 00:00:09  -  Total Remote Usage
		Usr 0 00:00:00, Sys 0 00:00:00  -  Total Local Usage
	0  -  Run Bytes Sent By Job
	0  -  Run Bytes Received By Job
	0  -  Total Bytes Sent By Job
	0  -  Total Bytes Received By Job
	Partitionable Resources :    Usage  Request Allocated
	   Cpus                 :                 1         1
	   Disk (KB)            :       10       10  41489379
	   Memory (MB)          :       25        1      2007
...
