000 (6512340.000.000) 11/20 16:49:45 Job submitted from host: <130.199.153.67:9618?addrs=130.199.153.67-9618&noUDP&sock=7357_7f42_4>
...
001 (6512340.000.000) 11/20 16:50:14 Job executing on host: <130.199.202.89:9618?addrs=130.199.202.89-9618&noUDP&sock=70844_54c5_3>
...
006 (6512340.000.000) 11/20 16:50:23 Image size of job updated: 972880
	950  -  MemoryUsage of job (MB)
	972692  -  ResidentSetSize of job (KB)
...
006 (6512340.000.000) 11/20 16:55:24 Image size of job updated: 1030048
	1003  -  MemoryUsage of job (MB)
	1026168  -  ResidentSetSize of job (KB)
...
006 (6512340.000.000) 11/20 17:00:25 Image size of job updated: 1032748
	1003  -  MemoryUsage of job (MB)
	1026168  -  ResidentSetSize of job (KB)
...
006 (6512340.000.000) 11/20 17:05:25 Image size of job updated: 1032816
	1003  -  MemoryUsage of job (MB)
	1026168  -  ResidentSetSize of job (KB)
...
006 (6512340.000.000) 11/20 17:10:26 Image size of job updated: 1032900
	1003  -  MemoryUsage of job (MB)
	1026168  -  ResidentSetSize of job (KB)
...
006 (6512340.000.000) 11/20 17:15:27 Image size of job updated: 1033128
	1003  -  MemoryUsage of job (MB)
	1026168  -  ResidentSetSize of job (KB)
...
006 (6512340.000.000) 11/20 17:20:27 Image size of job updated: 1033588
	1003  -  MemoryUsage of job (MB)
	1026168  -  ResidentSetSize of job (KB)
...
006 (6512340.000.000) 11/20 17:25:28 Image size of job updated: 1033648
	1003  -  MemoryUsage of job (MB)
	1026168  -  ResidentSetSize of job (KB)
...
006 (6512340.000.000) 11/20 17:28:58 Image size of job updated: 1037704
	1003  -  MemoryUsage of job (MB)
	1026168  -  ResidentSetSize of job (KB)
...
005 (6512340.000.000) 11/20 17:28:59 Job terminated.
	(1) Normal termination (return value 0)
		Usr 0 00:37:19, Sys 0 00:00:57  -  Run Remote Usage
		Usr 0 00:00:00, Sys 0 00:00:00  -  Run Local Usage
		Usr 0 00:37:19, Sys 0 00:00:57  -  Total Remote Usage
		Usr 0 00:00:00, Sys 0 00:00:00  -  Total Local Usage
	0  -  Run Bytes Sent By Job
	0  -  Run Bytes Received By Job
	0  -  Total Bytes Sent By Job
	0  -  Total Bytes Received By Job
	Partitionable Resources :    Usage  Request Allocated
	   Cpus                 :                 1         1
	   Disk (KB)            :       10       10  65563893
	   Memory (MB)          :     1003        1      2297
...
