000 (6512512.000.000) 11/20 16:50:08 Job submitted from host: <130.199.153.67:9618?addrs=130.199.153.67-9618&noUDP&sock=7357_7f42_4>
...
001 (6512512.000.000) 11/20 16:52:12 Job executing on host: <130.199.202.85:9618?addrs=130.199.202.85-9618&noUDP&sock=154183_1293_3>
...
006 (6512512.000.000) 11/20 16:52:21 Image size of job updated: 964536
	942  -  MemoryUsage of job (MB)
	964352  -  ResidentSetSize of job (KB)
...
006 (6512512.000.000) 11/20 16:52:52 Image size of job updated: 982460
	942  -  MemoryUsage of job (MB)
	964352  -  ResidentSetSize of job (KB)
...
005 (6512512.000.000) 11/20 16:52:52 Job terminated.
	(1) Normal termination (return value 0)
		Usr 0 00:00:35, Sys 0 00:00:02  -  Run Remote Usage
		Usr 0 00:00:00, Sys 0 00:00:00  -  Run Local Usage
		Usr 0 00:00:35, Sys 0 00:00:02  -  Total Remote Usage
		Usr 0 00:00:00, Sys 0 00:00:00  -  Total Local Usage
	0  -  Run Bytes Sent By Job
	0  -  Run Bytes Received By Job
	0  -  Total Bytes Sent By Job
	0  -  Total Bytes Received By Job
	Partitionable Resources :    Usage  Request Allocated
	   Cpus                 :                 1         1
	   Disk (KB)            :       10       10  65563889
	   Memory (MB)          :      942        1      2297
...
