000 (6512442.000.000) 11/20 16:50:06 Job submitted from host: <130.199.153.67:9618?addrs=130.199.153.67-9618&noUDP&sock=7357_7f42_4>
...
001 (6512442.000.000) 11/20 16:51:57 Job executing on host: <130.199.202.97:9618?addrs=130.199.202.97-9618&noUDP&sock=129860_266e_3>
...
006 (6512442.000.000) 11/20 16:52:06 Image size of job updated: 955384
	933  -  MemoryUsage of job (MB)
	955212  -  ResidentSetSize of job (KB)
...
006 (6512442.000.000) 11/20 16:53:01 Image size of job updated: 1525336
	933  -  MemoryUsage of job (MB)
	955212  -  ResidentSetSize of job (KB)
...
005 (6512442.000.000) 11/20 16:53:01 Job terminated.
	(1) Normal termination (return value 0)
		Usr 0 00:00:49, Sys 0 00:00:08  -  Run Remote Usage
		Usr 0 00:00:00, Sys 0 00:00:00  -  Run Local Usage
		Usr 0 00:00:49, Sys 0 00:00:08  -  Total Remote Usage
		Usr 0 00:00:00, Sys 0 00:00:00  -  Total Local Usage
	0  -  Run Bytes Sent By Job
	0  -  Run Bytes Received By Job
	0  -  Total Bytes Sent By Job
	0  -  Total Bytes Received By Job
	Partitionable Resources :    Usage  Request Allocated
	   Cpus                 :                 1         1
	   Disk (KB)            :       10       10  65563771
	   Memory (MB)          :      933        1      2297
...
