000 (6512299.000.000) 11/20 16:49:24 Job submitted from host: <130.199.153.67:9618?addrs=130.199.153.67-9618&noUDP&sock=7357_7f42_4>
...
001 (6512299.000.000) 11/20 16:50:08 Job executing on host: <130.199.202.100:9618?addrs=130.199.202.100-9618&noUDP&sock=178150_5354_3>
...
006 (6512299.000.000) 11/20 16:50:17 Image size of job updated: 978068
	955  -  MemoryUsage of job (MB)
	977884  -  ResidentSetSize of job (KB)
...
006 (6512299.000.000) 11/20 16:55:18 Image size of job updated: 1047416
	1023  -  MemoryUsage of job (MB)
	1047232  -  ResidentSetSize of job (KB)
...
006 (6512299.000.000) 11/20 17:00:18 Image size of job updated: 1048872
	1025  -  MemoryUsage of job (MB)
	1048688  -  ResidentSetSize of job (KB)
...
006 (6512299.000.000) 11/20 17:05:18 Image size of job updated: 1048952
	1025  -  MemoryUsage of job (MB)
	1048768  -  ResidentSetSize of job (KB)
...
006 (6512299.000.000) 11/20 17:10:20 Image size of job updated: 1049028
	1025  -  MemoryUsage of job (MB)
	1048844  -  ResidentSetSize of job (KB)
...
006 (6512299.000.000) 11/20 17:15:20 Image size of job updated: 1049528
	1025  -  MemoryUsage of job (MB)
	1049344  -  ResidentSetSize of job (KB)
...
006 (6512299.000.000) 11/20 17:20:20 Image size of job updated: 1051048
	1027  -  MemoryUsage of job (MB)
	1050864  -  ResidentSetSize of job (KB)
...
006 (6512299.000.000) 11/20 17:25:21 Image size of job updated: 1051124
	1027  -  MemoryUsage of job (MB)
	1050940  -  ResidentSetSize of job (KB)
...
006 (6512299.000.000) 11/20 17:28:16 Image size of job updated: 1051844
	1027  -  MemoryUsage of job (MB)
	1050940  -  ResidentSetSize of job (KB)
...
005 (6512299.000.000) 11/20 17:28:16 Job terminated.
	(1) Normal termination (return value 0)
		Usr 0 00:28:09, Sys 0 00:01:08  -  Run Remote Usage
		Usr 0 00:00:00, Sys 0 00:00:00  -  Run Local Usage
		Usr 0 00:28:09, Sys 0 00:01:08  -  Total Remote Usage
		Usr 0 00:00:00, Sys 0 00:00:00  -  Total Local Usage
	0  -  Run Bytes Sent By Job
	0  -  Run Bytes Received By Job
	0  -  Total Bytes Sent By Job
	0  -  Total Bytes Received By Job
	Partitionable Resources :    Usage  Request Allocated
	   Cpus                 :                 1         1
	   Disk (KB)            :       10       10  66832026
	   Memory (MB)          :     1027        1      2665
...
