000 (6512348.000.000) 11/20 16:49:45 Job submitted from host: <130.199.153.67:9618?addrs=130.199.153.67-9618&noUDP&sock=7357_7f42_4>
...
001 (6512348.000.000) 11/20 16:51:39 Job executing on host: <130.199.156.79:9618?addrs=130.199.156.79-9618&noUDP&sock=8274_b74e_3>
...
006 (6512348.000.000) 11/20 16:51:47 Image size of job updated: 21348
	14  -  MemoryUsage of job (MB)
	14140  -  ResidentSetSize of job (KB)
...
006 (6512348.000.000) 11/20 16:56:47 Image size of job updated: 1043900
	1007  -  MemoryUsage of job (MB)
	1030776  -  ResidentSetSize of job (KB)
...
006 (6512348.000.000) 11/20 17:01:48 Image size of job updated: 1045172
	1008  -  MemoryUsage of job (MB)
	1032048  -  ResidentSetSize of job (KB)
...
006 (6512348.000.000) 11/20 17:06:49 Image size of job updated: 1046376
	1010  -  MemoryUsage of job (MB)
	1033252  -  ResidentSetSize of job (KB)
...
006 (6512348.000.000) 11/20 17:11:49 Image size of job updated: 1046488
	1010  -  MemoryUsage of job (MB)
	1033364  -  ResidentSetSize of job (KB)
...
006 (6512348.000.000) 11/20 17:16:49 Image size of job updated: 1046684
	1010  -  MemoryUsage of job (MB)
	1033560  -  ResidentSetSize of job (KB)
...
006 (6512348.000.000) 11/20 17:21:50 Image size of job updated: 1046772
	1010  -  MemoryUsage of job (MB)
	1033648  -  ResidentSetSize of job (KB)
...
006 (6512348.000.000) 11/20 17:26:51 Image size of job updated: 1047156
	1010  -  MemoryUsage of job (MB)
	1034032  -  ResidentSetSize of job (KB)
...
006 (6512348.000.000) 11/20 17:31:51 Image size of job updated: 1047348
	1010  -  MemoryUsage of job (MB)
	1034224  -  ResidentSetSize of job (KB)
...
005 (6512348.000.000) 11/20 17:32:11 Job terminated.
	(1) Normal termination (return value 0)
		Usr 0 00:38:54, Sys 0 00:01:11  -  Run Remote Usage
		Usr 0 00:00:00, Sys 0 00:00:00  -  Run Local Usage
		Usr 0 00:38:54, Sys 0 00:01:11  -  Total Remote Usage
		Usr 0 00:00:00, Sys 0 00:00:00  -  Total Local Usage
	0  -  Run Bytes Sent By Job
	0  -  Run Bytes Received By Job
	0  -  Total Bytes Sent By Job
	0  -  Total Bytes Received By Job
	Partitionable Resources :    Usage  Request Allocated
	   Cpus                 :                 1         1
	   Disk (KB)            :       10       10 103839417
	   Memory (MB)          :     1010        1      2006
...
