000 (6512383.000.000) 11/20 16:49:46 Job submitted from host: <130.199.153.67:9618?addrs=130.199.153.67-9618&noUDP&sock=7357_7f42_4>
...
001 (6512383.000.000) 11/20 16:51:47 Job executing on host: <130.199.157.217:9618?addrs=130.199.157.217-9618&noUDP&sock=10745_c19f_3>
...
006 (6512383.000.000) 11/20 16:51:56 Image size of job updated: 27604
	13  -  MemoryUsage of job (MB)
	13104  -  ResidentSetSize of job (KB)
...
006 (6512383.000.000) 11/20 16:56:57 Image size of job updated: 1068448
	1018  -  MemoryUsage of job (MB)
	1041892  -  ResidentSetSize of job (KB)
...
006 (6512383.000.000) 11/20 17:01:58 Image size of job updated: 1069988
	1019  -  MemoryUsage of job (MB)
	1043432  -  ResidentSetSize of job (KB)
...
006 (6512383.000.000) 11/20 17:06:58 Image size of job updated: 1070060
	1020  -  MemoryUsage of job (MB)
	1043504  -  ResidentSetSize of job (KB)
...
006 (6512383.000.000) 11/20 17:09:30 Image size of job updated: 1476040
	1020  -  MemoryUsage of job (MB)
	1043504  -  ResidentSetSize of job (KB)
...
005 (6512383.000.000) 11/20 17:09:30 Job terminated.
	(1) Normal termination (return value 0)
		Usr 0 00:16:49, Sys 0 00:00:28  -  Run Remote Usage
		Usr 0 00:00:00, Sys 0 00:00:00  -  Run Local Usage
		Usr 0 00:16:49, Sys 0 00:00:28  -  Total Remote Usage
		Usr 0 00:00:00, Sys 0 00:00:00  -  Total Local Usage
	0  -  Run Bytes Sent By Job
	0  -  Run Bytes Received By Job
	0  -  Total Bytes Sent By Job
	0  -  Total Bytes Received By Job
	Partitionable Resources :    Usage  Request Allocated
	   Cpus                 :                 1         1
	   Disk (KB)            :       10       10 138698117
	   Memory (MB)          :     1020        1      2005
...
