000 (6512433.000.000) 11/20 16:50:06 Job submitted from host: <130.199.153.67:9618?addrs=130.199.153.67-9618&noUDP&sock=7357_7f42_4>
...
001 (6512433.000.000) 11/20 16:51:56 Job executing on host: <130.199.150.185:9618?addrs=130.199.150.185-9618&noUDP&sock=21977_8ae4_3>
...
006 (6512433.000.000) 11/20 16:52:05 Image size of job updated: 24432
	15  -  MemoryUsage of job (MB)
	14372  -  ResidentSetSize of job (KB)
...
005 (6512433.000.000) 11/20 16:52:27 Job terminated.
	(1) Normal termination (return value 0)
		Usr 0 00:00:03, Sys 0 00:00:07  -  Run Remote Usage
		Usr 0 00:00:00, Sys 0 00:00:00  -  Run Local Usage
		Usr 0 00:00:03, Sys 0 00:00:07  -  Total Remote Usage
		Usr 0 00:00:00, Sys 0 00:00:00  -  Total Local Usage
	0  -  Run Bytes Sent By Job
	0  -  Run Bytes Received By Job
	0  -  Total Bytes Sent By Job
	0  -  Total Bytes Received By Job
	Partitionable Resources :    Usage  Request Allocated
	   Cpus                 :                 1         1
	   Disk (KB)            :       10       10  41489386
	   Memory (MB)          :       15        1      2007
...
