000 (6512429.000.000) 11/20 16:49:47 Job submitted from host: <130.199.153.67:9618?addrs=130.199.153.67-9618&noUDP&sock=7357_7f42_4>
...
001 (6512429.000.000) 11/20 16:51:55 Job executing on host: <130.199.202.98:9618?addrs=130.199.202.98-9618&noUDP&sock=178572_e217_3>
...
006 (6512429.000.000) 11/20 16:52:04 Image size of job updated: 863940
	844  -  MemoryUsage of job (MB)
	863768  -  ResidentSetSize of job (KB)
...
006 (6512429.000.000) 11/20 16:57:05 Image size of job updated: 1016836
	992  -  MemoryUsage of job (MB)
	1015764  -  ResidentSetSize of job (KB)
...
006 (6512429.000.000) 11/20 17:02:05 Image size of job updated: 1017352
	992  -  MemoryUsage of job (MB)
	1015764  -  ResidentSetSize of job (KB)
...
006 (6512429.000.000) 11/20 17:07:06 Image size of job updated: 1017700
	992  -  MemoryUsage of job (MB)
	1015764  -  ResidentSetSize of job (KB)
...
005 (6512429.000.000) 11/20 17:09:36 Job terminated.
	(1) Normal termination (return value 0)
		Usr 0 00:17:25, Sys 0 00:00:29  -  Run Remote Usage
		Usr 0 00:00:00, Sys 0 00:00:00  -  Run Local Usage
		Usr 0 00:17:25, Sys 0 00:00:29  -  Total Remote Usage
		Usr 0 00:00:00, Sys 0 00:00:00  -  Total Local Usage
	0  -  Run Bytes Sent By Job
	0  -  Run Bytes Received By Job
	0  -  Total Bytes Sent By Job
	0  -  Total Bytes Received By Job
	Partitionable Resources :    Usage  Request Allocated
	   Cpus                 :                 1         1
	   Disk (KB)            :       10       10  65563928
	   Memory (MB)          :      992        1      2297
...
