000 (6512372.000.000) 11/20 16:49:46 Job submitted from host: <130.199.153.67:9618?addrs=130.199.153.67-9618&noUDP&sock=7357_7f42_4>
...
001 (6512372.000.000) 11/20 16:51:44 Job executing on host: <130.199.158.6:9618?addrs=130.199.158.6-9618&noUDP&sock=10445_cf64_3>
...
006 (6512372.000.000) 11/20 16:51:53 Image size of job updated: 13220
	13  -  MemoryUsage of job (MB)
	13220  -  ResidentSetSize of job (KB)
...
006 (6512372.000.000) 11/20 16:56:53 Image size of job updated: 1035948
	1012  -  MemoryUsage of job (MB)
	1035764  -  ResidentSetSize of job (KB)
...
006 (6512372.000.000) 11/20 17:01:53 Image size of job updated: 1037340
	1013  -  MemoryUsage of job (MB)
	1037156  -  ResidentSetSize of job (KB)
...
006 (6512372.000.000) 11/20 17:06:54 Image size of job updated: 1038184
	1014  -  MemoryUsage of job (MB)
	1038000  -  ResidentSetSize of job (KB)
...
006 (6512372.000.000) 11/20 17:11:55 Image size of job updated: 1038216
	1014  -  MemoryUsage of job (MB)
	1038032  -  ResidentSetSize of job (KB)
...
006 (6512372.000.000) 11/20 17:16:55 Image size of job updated: 1038644
	1015  -  MemoryUsage of job (MB)
	1038460  -  ResidentSetSize of job (KB)
...
006 (6512372.000.000) 11/20 17:21:55 Image size of job updated: 1038684
	1015  -  MemoryUsage of job (MB)
	1038500  -  ResidentSetSize of job (KB)
...
006 (6512372.000.000) 11/20 17:26:56 Image size of job updated: 1038728
	1015  -  MemoryUsage of job (MB)
	1038544  -  ResidentSetSize of job (KB)
...
005 (6512372.000.000) 11/20 17:30:26 Job terminated.
	(1) Normal termination (return value 0)
		Usr 0 00:37:35, Sys 0 00:01:10  -  Run Remote Usage
		Usr 0 00:00:00, Sys 0 00:00:00  -  Run Local Usage
		Usr 0 00:37:35, Sys 0 00:01:10  -  Total Remote Usage
		Usr 0 00:00:00, Sys 0 00:00:00  -  Total Local Usage
	0  -  Run Bytes Sent By Job
	0  -  Run Bytes Received By Job
	0  -  Total Bytes Sent By Job
	0  -  Total Bytes Received By Job
	Partitionable Resources :    Usage  Request Allocated
	   Cpus                 :                 1         1
	   Disk (KB)            :       10       10 138700435
	   Memory (MB)          :     1015        1      2005
...
