000 (6512452.000.000) 11/20 16:50:06 Job submitted from host: <130.199.153.67:9618?addrs=130.199.153.67-9618&noUDP&sock=7357_7f42_4>
...
001 (6512452.000.000) 11/20 16:52:00 Job executing on host: <130.199.202.72:9618?addrs=130.199.202.72-9618&noUDP&sock=884_dfd4_3>
...
006 (6512452.000.000) 11/20 16:52:08 Image size of job updated: 114592
	87  -  MemoryUsage of job (MB)
	88120  -  ResidentSetSize of job (KB)
...
006 (6512452.000.000) 11/20 16:57:08 Image size of job updated: 1039096
	989  -  MemoryUsage of job (MB)
	1012540  -  ResidentSetSize of job (KB)
...
006 (6512452.000.000) 11/20 17:02:09 Image size of job updated: 1039508
	990  -  MemoryUsage of job (MB)
	1012952  -  ResidentSetSize of job (KB)
...
006 (6512452.000.000) 11/20 17:07:09 Image size of job updated: 1039800
	990  -  MemoryUsage of job (MB)
	1013244  -  ResidentSetSize of job (KB)
...
006 (6512452.000.000) 11/20 17:12:09 Image size of job updated: 1040936
	991  -  MemoryUsage of job (MB)
	1014380  -  ResidentSetSize of job (KB)
...
006 (6512452.000.000) 11/20 17:15:18 Image size of job updated: 1497912
	991  -  MemoryUsage of job (MB)
	1014380  -  ResidentSetSize of job (KB)
...
005 (6512452.000.000) 11/20 17:15:18 Job terminated.
	(1) Normal termination (return value 0)
		Usr 0 00:22:59, Sys 0 00:00:29  -  Run Remote Usage
		Usr 0 00:00:00, Sys 0 00:00:00  -  Run Local Usage
		Usr 0 00:22:59, Sys 0 00:00:29  -  Total Remote Usage
		Usr 0 00:00:00, Sys 0 00:00:00  -  Total Local Usage
	0  -  Run Bytes Sent By Job
	0  -  Run Bytes Received By Job
	0  -  Total Bytes Sent By Job
	0  -  Total Bytes Received By Job
	Partitionable Resources :    Usage  Request Allocated
	   Cpus                 :                 1         1
	   Disk (KB)            :       10       10  65479263
	   Memory (MB)          :      991        1      2008
...
