000 (6512403.000.000) 11/20 16:49:46 Job submitted from host: <130.199.153.67:9618?addrs=130.199.153.67-9618&noUDP&sock=7357_7f42_4>
...
001 (6512403.000.000) 11/20 16:51:51 Job executing on host: <130.199.157.165:9618?addrs=130.199.157.165-9618&noUDP&sock=11278_71b1_3>
...
006 (6512403.000.000) 11/20 16:52:00 Image size of job updated: 31280
	14  -  MemoryUsage of job (MB)
	13652  -  ResidentSetSize of job (KB)
...
006 (6512403.000.000) 11/20 16:57:01 Image size of job updated: 1039028
	989  -  MemoryUsage of job (MB)
	1012472  -  ResidentSetSize of job (KB)
...
006 (6512403.000.000) 11/20 17:02:02 Image size of job updated: 1039544
	990  -  MemoryUsage of job (MB)
	1012988  -  ResidentSetSize of job (KB)
...
006 (6512403.000.000) 11/20 17:07:02 Image size of job updated: 1041824
	992  -  MemoryUsage of job (MB)
	1015268  -  ResidentSetSize of job (KB)
...
006 (6512403.000.000) 11/20 17:12:03 Image size of job updated: 1042032
	992  -  MemoryUsage of job (MB)
	1015476  -  ResidentSetSize of job (KB)
...
006 (6512403.000.000) 11/20 17:17:04 Image size of job updated: 1042260
	992  -  MemoryUsage of job (MB)
	1015704  -  ResidentSetSize of job (KB)
...
006 (6512403.000.000) 11/20 17:22:04 Image size of job updated: 1042724
	993  -  MemoryUsage of job (MB)
	1016168  -  ResidentSetSize of job (KB)
...
006 (6512403.000.000) 11/20 17:27:04 Image size of job updated: 1042948
	993  -  MemoryUsage of job (MB)
	1016392  -  ResidentSetSize of job (KB)
...
006 (6512403.000.000) 11/20 17:32:06 Image size of job updated: 1043084
	993  -  MemoryUsage of job (MB)
	1016528  -  ResidentSetSize of job (KB)
...
006 (6512403.000.000) 11/20 17:37:06 Image size of job updated: 1043476
	994  -  MemoryUsage of job (MB)
	1016920  -  ResidentSetSize of job (KB)
...
006 (6512403.000.000) 11/20 17:42:06 Image size of job updated: 1043544
	994  -  MemoryUsage of job (MB)
	1016988  -  ResidentSetSize of job (KB)
...
006 (6512403.000.000) 11/20 17:47:06 Image size of job updated: 1043744
	994  -  MemoryUsage of job (MB)
	1017188  -  ResidentSetSize of job (KB)
...
006 (6512403.000.000) 11/20 17:52:07 Image size of job updated: 1043744
	994  -  MemoryUsage of job (MB)
	1017276  -  ResidentSetSize of job (KB)
...
006 (6512403.000.000) 11/20 18:12:09 Image size of job updated: 1044276
	994  -  MemoryUsage of job (MB)
	1017720  -  ResidentSetSize of job (KB)
...
006 (6512403.000.000) 11/20 18:17:10 Image size of job updated: 1044308
	994  -  MemoryUsage of job (MB)
	1017752  -  ResidentSetSize of job (KB)
...
006 (6512403.000.000) 11/20 18:22:11 Image size of job updated: 1044360
	994  -  MemoryUsage of job (MB)
	1017804  -  ResidentSetSize of job (KB)
...
006 (6512403.000.000) 11/20 18:27:11 Image size of job updated: 1044436
	995  -  MemoryUsage of job (MB)
	1017880  -  ResidentSetSize of job (KB)
...
005 (6512403.000.000) 11/20 18:29:28 Job terminated.
	(1) Normal termination (return value 0)
		Usr 0 01:36:49, Sys 0 00:02:13  -  Run Remote Usage
		Usr 0 00:00:00, Sys 0 00:00:00  -  Run Local Usage
		Usr 0 01:36:49, Sys 0 00:02:13  -  Total Remote Usage
		Usr 0 00:00:00, Sys 0 00:00:00  -  Total Local Usage
	0  -  Run Bytes Sent By Job
	0  -  Run Bytes Received By Job
	0  -  Total Bytes Sent By Job
	0  -  Total Bytes Received By Job
	Partitionable Resources :    Usage  Request Allocated
	   Cpus                 :                 1         1
	   Disk (KB)            :       10       10 138623279
	   Memory (MB)          :      995        1      2005
...
