000 (6512300.000.000) 11/20 16:49:24 Job submitted from host: <130.199.153.67:9618?addrs=130.199.153.67-9618&noUDP&sock=7357_7f42_4>
...
001 (6512300.000.000) 11/20 16:50:08 Job executing on host: <130.199.202.106:9618?addrs=130.199.202.106-9618&noUDP&sock=137196_e6c9_3>
...
006 (6512300.000.000) 11/20 16:50:17 Image size of job updated: 979820
	957  -  MemoryUsage of job (MB)
	979616  -  ResidentSetSize of job (KB)
...
006 (6512300.000.000) 11/20 16:55:18 Image size of job updated: 1049624
	1025  -  MemoryUsage of job (MB)
	1049420  -  ResidentSetSize of job (KB)
...
006 (6512300.000.000) 11/20 17:00:18 Image size of job updated: 1050336
	1026  -  MemoryUsage of job (MB)
	1050132  -  ResidentSetSize of job (KB)
...
006 (6512300.000.000) 11/20 17:05:19 Image size of job updated: 1050580
	1026  -  MemoryUsage of job (MB)
	1050376  -  ResidentSetSize of job (KB)
...
006 (6512300.000.000) 11/20 17:10:19 Image size of job updated: 1051520
	1027  -  MemoryUsage of job (MB)
	1051316  -  ResidentSetSize of job (KB)
...
006 (6512300.000.000) 11/20 17:15:19 Image size of job updated: 1051776
	1027  -  MemoryUsage of job (MB)
	1051572  -  ResidentSetSize of job (KB)
...
006 (6512300.000.000) 11/20 17:20:19 Image size of job updated: 1052216
	1028  -  MemoryUsage of job (MB)
	1052012  -  ResidentSetSize of job (KB)
...
006 (6512300.000.000) 11/20 17:25:20 Image size of job updated: 1052276
	1028  -  MemoryUsage of job (MB)
	1052072  -  ResidentSetSize of job (KB)
...
006 (6512300.000.000) 11/20 17:30:05 Image size of job updated: 1208512
	1028  -  MemoryUsage of job (MB)
	1052072  -  ResidentSetSize of job (KB)
...
005 (6512300.000.000) 11/20 17:30:05 Job terminated.
	(1) Normal termination (return value 0)
		Usr 0 00:26:09, Sys 0 00:01:14  -  Run Remote Usage
		Usr 0 00:00:00, Sys 0 00:00:00  -  Run Local Usage
		Usr 0 00:26:09, Sys 0 00:01:14  -  Total Remote Usage
		Usr 0 00:00:00, Sys 0 00:00:00  -  Total Local Usage
	0  -  Run Bytes Sent By Job
	0  -  Run Bytes Received By Job
	0  -  Total Bytes Sent By Job
	0  -  Total Bytes Received By Job
	Partitionable Resources :    Usage  Request Allocated
	   Cpus                 :                 1         1
	   Disk (KB)            :       10       10  66832043
	   Memory (MB)          :     1028        1      2665
...
