000 (6512459.000.000) 11/20 16:50:06 Job submitted from host: <130.199.153.67:9618?addrs=130.199.153.67-9618&noUDP&sock=7357_7f42_4>
...
001 (6512459.000.000) 11/20 16:52:02 Job executing on host: <130.199.202.86:9618?addrs=130.199.202.86-9618&noUDP&sock=14880_6e80_3>
...
006 (6512459.000.000) 11/20 16:52:10 Image size of job updated: 939328
	915  -  MemoryUsage of job (MB)
	936924  -  ResidentSetSize of job (KB)
...
006 (6512459.000.000) 11/20 16:57:10 Image size of job updated: 1016020
	990  -  MemoryUsage of job (MB)
	1013488  -  ResidentSetSize of job (KB)
...
005 (6512459.000.000) 11/20 16:59:26 Job terminated.
	(1) Normal termination (return value 0)
		Usr 0 00:07:04, Sys 0 00:00:17  -  Run Remote Usage
		Usr 0 00:00:00, Sys 0 00:00:00  -  Run Local Usage
		Usr 0 00:07:04, Sys 0 00:00:17  -  Total Remote Usage
		Usr 0 00:00:00, Sys 0 00:00:00  -  Total Local Usage
	0  -  Run Bytes Sent By Job
	0  -  Run Bytes Received By Job
	0  -  Total Bytes Sent By Job
	0  -  Total Bytes Received By Job
	Partitionable Resources :    Usage  Request Allocated
	   Cpus                 :                 1         1
	   Disk (KB)            :       10       10  65563846
	   Memory (MB)          :      990        1      2297
...
