000 (6512425.000.000) 11/20 16:49:47 Job submitted from host: <130.199.153.67:9618?addrs=130.199.153.67-9618&noUDP&sock=7357_7f42_4>
...
001 (6512425.000.000) 11/20 16:51:54 Job executing on host: <130.199.150.187:9618?addrs=130.199.150.187-9618&noUDP&sock=21994_ec3e_3>
...
006 (6512425.000.000) 11/20 16:52:03 Image size of job updated: 29084
	16  -  MemoryUsage of job (MB)
	16160  -  ResidentSetSize of job (KB)
...
006 (6512425.000.000) 11/20 16:56:13 Image size of job updated: 1035336
	16  -  MemoryUsage of job (MB)
	16160  -  ResidentSetSize of job (KB)
...
005 (6512425.000.000) 11/20 16:56:13 Job terminated.
	(1) Normal termination (return value 0)
		Usr 0 00:03:45, Sys 0 00:00:16  -  Run Remote Usage
		Usr 0 00:00:00, Sys 0 00:00:00  -  Run Local Usage
		Usr 0 00:03:45, Sys 0 00:00:16  -  Total Remote Usage
		Usr 0 00:00:00, Sys 0 00:00:00  -  Total Local Usage
	0  -  Run Bytes Sent By Job
	0  -  Run Bytes Received By Job
	0  -  Total Bytes Sent By Job
	0  -  Total Bytes Received By Job
	Partitionable Resources :    Usage  Request Allocated
	   Cpus                 :                 1         1
	   Disk (KB)            :       10       10  41489146
	   Memory (MB)          :       16        1      2007
...
