000 (6512339.000.000) 11/20 16:49:45 Job submitted from host: <130.199.153.67:9618?addrs=130.199.153.67-9618&noUDP&sock=7357_7f42_4>
...
001 (6512339.000.000) 11/20 16:50:14 Job executing on host: <130.199.202.96:9618?addrs=130.199.202.96-9618&noUDP&sock=8395_02d1_3>
...
006 (6512339.000.000) 11/20 16:50:23 Image size of job updated: 975844
	953  -  MemoryUsage of job (MB)
	975660  -  ResidentSetSize of job (KB)
...
006 (6512339.000.000) 11/20 16:55:24 Image size of job updated: 1042196
	1018  -  MemoryUsage of job (MB)
	1041628  -  ResidentSetSize of job (KB)
...
006 (6512339.000.000) 11/20 17:00:25 Image size of job updated: 1043396
	1019  -  MemoryUsage of job (MB)
	1042828  -  ResidentSetSize of job (KB)
...
006 (6512339.000.000) 11/20 17:05:25 Image size of job updated: 1043552
	1019  -  MemoryUsage of job (MB)
	1042984  -  ResidentSetSize of job (KB)
...
006 (6512339.000.000) 11/20 17:10:26 Image size of job updated: 1044096
	1020  -  MemoryUsage of job (MB)
	1043528  -  ResidentSetSize of job (KB)
...
006 (6512339.000.000) 11/20 17:11:25 Image size of job updated: 1199872
	1020  -  MemoryUsage of job (MB)
	1043528  -  ResidentSetSize of job (KB)
...
005 (6512339.000.000) 11/20 17:11:26 Job terminated.
	(1) Normal termination (return value 0)
		Usr 0 00:20:26, Sys 0 00:00:32  -  Run Remote Usage
		Usr 0 00:00:00, Sys 0 00:00:00  -  Run Local Usage
		Usr 0 00:20:26, Sys 0 00:00:32  -  Total Remote Usage
		Usr 0 00:00:00, Sys 0 00:00:00  -  Total Local Usage
	0  -  Run Bytes Sent By Job
	0  -  Run Bytes Received By Job
	0  -  Total Bytes Sent By Job
	0  -  Total Bytes Received By Job
	Partitionable Resources :    Usage  Request Allocated
	   Cpus                 :                 1         1
	   Disk (KB)            :       10       10  65563444
	   Memory (MB)          :     1020        1      2297
...
