000 (6512496.000.000) 11/20 16:50:07 Job submitted from host: <130.199.153.67:9618?addrs=130.199.153.67-9618&noUDP&sock=7357_7f42_4>
...
001 (6512496.000.000) 11/20 16:52:09 Job executing on host: <130.199.150.154:9618?addrs=130.199.150.154-9618&noUDP&sock=21963_1c9a_3>
...
006 (6512496.000.000) 11/20 16:52:17 Image size of job updated: 201088
	171  -  MemoryUsage of job (MB)
	174616  -  ResidentSetSize of job (KB)
...
006 (6512496.000.000) 11/20 16:53:16 Image size of job updated: 201088
	177  -  MemoryUsage of job (MB)
	180716  -  ResidentSetSize of job (KB)
...
005 (6512496.000.000) 11/20 16:53:16 Job terminated.
	(1) Normal termination (return value 0)
		Usr 0 00:00:33, Sys 0 00:00:08  -  Run Remote Usage
		Usr 0 00:00:00, Sys 0 00:00:00  -  Run Local Usage
		Usr 0 00:00:33, Sys 0 00:00:08  -  Total Remote Usage
		Usr 0 00:00:00, Sys 0 00:00:00  -  Total Local Usage
	0  -  Run Bytes Sent By Job
	0  -  Run Bytes Received By Job
	0  -  Total Bytes Sent By Job
	0  -  Total Bytes Received By Job
	Partitionable Resources :    Usage  Request Allocated
	   Cpus                 :                 1         1
	   Disk (KB)            :       10       10  41489217
	   Memory (MB)          :      177        1      2007
...
