000 (6512281.000.000) 11/20 16:49:24 Job submitted from host: <130.199.153.67:9618?addrs=130.199.153.67-9618&noUDP&sock=7357_7f42_4>
...
001 (6512281.000.000) 11/20 16:49:57 Job executing on host: <130.199.202.89:9618?addrs=130.199.202.89-9618&noUDP&sock=70844_54c5_3>
...
006 (6512281.000.000) 11/20 16:50:05 Image size of job updated: 967648
	945  -  MemoryUsage of job (MB)
	967464  -  ResidentSetSize of job (KB)
...
006 (6512281.000.000) 11/20 16:55:05 Image size of job updated: 1018220
	991  -  MemoryUsage of job (MB)
	1014404  -  ResidentSetSize of job (KB)
...
006 (6512281.000.000) 11/20 17:00:06 Image size of job updated: 1021552
	991  -  MemoryUsage of job (MB)
	1014404  -  ResidentSetSize of job (KB)
...
006 (6512281.000.000) 11/20 17:05:06 Image size of job updated: 1021860
	991  -  MemoryUsage of job (MB)
	1014404  -  ResidentSetSize of job (KB)
...
006 (6512281.000.000) 11/20 17:10:06 Image size of job updated: 1022596
	991  -  MemoryUsage of job (MB)
	1014404  -  ResidentSetSize of job (KB)
...
006 (6512281.000.000) 11/20 17:15:07 Image size of job updated: 1023232
	991  -  MemoryUsage of job (MB)
	1014404  -  ResidentSetSize of job (KB)
...
006 (6512281.000.000) 11/20 17:20:07 Image size of job updated: 1023280
	991  -  MemoryUsage of job (MB)
	1014404  -  ResidentSetSize of job (KB)
...
006 (6512281.000.000) 11/20 17:25:07 Image size of job updated: 1023452
	991  -  MemoryUsage of job (MB)
	1014404  -  ResidentSetSize of job (KB)
...
006 (6512281.000.000) 11/20 17:30:08 Image size of job updated: 1023504
	991  -  MemoryUsage of job (MB)
	1014404  -  ResidentSetSize of job (KB)
...
006 (6512281.000.000) 11/20 17:35:09 Image size of job updated: 1023552
	991  -  MemoryUsage of job (MB)
	1014404  -  ResidentSetSize of job (KB)
...
006 (6512281.000.000) 11/20 17:40:09 Image size of job updated: 1023628
	991  -  MemoryUsage of job (MB)
	1014404  -  ResidentSetSize of job (KB)
...
006 (6512281.000.000) 11/20 17:45:10 Image size of job updated: 1024548
	991  -  MemoryUsage of job (MB)
	1014404  -  ResidentSetSize of job (KB)
...
006 (6512281.000.000) 11/20 17:50:11 Image size of job updated: 1024592
	991  -  MemoryUsage of job (MB)
	1014404  -  ResidentSetSize of job (KB)
...
006 (6512281.000.000) 11/20 17:55:11 Image size of job updated: 1026088
	991  -  MemoryUsage of job (MB)
	1014404  -  ResidentSetSize of job (KB)
...
006 (6512281.000.000) 11/20 18:00:11 Image size of job updated: 1026136
	991  -  MemoryUsage of job (MB)
	1014404  -  ResidentSetSize of job (KB)
...
006 (6512281.000.000) 11/20 18:05:12 Image size of job updated: 1026228
	991  -  MemoryUsage of job (MB)
	1014404  -  ResidentSetSize of job (KB)
...
006 (6512281.000.000) 11/20 18:10:12 Image size of job updated: 1026428
	991  -  MemoryUsage of job (MB)
	1014404  -  ResidentSetSize of job (KB)
...
006 (6512281.000.000) 11/20 18:15:12 Image size of job updated: 1027124
	991  -  MemoryUsage of job (MB)
	1014404  -  ResidentSetSize of job (KB)
...
006 (6512281.000.000) 11/20 18:20:13 Image size of job updated: 1027916
	991  -  MemoryUsage of job (MB)
	1014404  -  ResidentSetSize of job (KB)
...
006 (6512281.000.000) 11/20 18:25:14 Image size of job updated: 1027940
	991  -  MemoryUsage of job (MB)
	1014404  -  ResidentSetSize of job (KB)
...
006 (6512281.000.000) 11/20 18:30:14 Image size of job updated: 1074116
	1032  -  MemoryUsage of job (MB)
	1056596  -  ResidentSetSize of job (KB)
...
006 (6512281.000.000) 11/20 18:35:15 Image size of job updated: 1074148
	1032  -  MemoryUsage of job (MB)
	1056712  -  ResidentSetSize of job (KB)
...
006 (6512281.000.000) 11/20 18:40:16 Image size of job updated: 1074148
	1032  -  MemoryUsage of job (MB)
	1056760  -  ResidentSetSize of job (KB)
...
006 (6512281.000.000) 11/20 18:45:16 Image size of job updated: 1074276
	1033  -  MemoryUsage of job (MB)
	1056956  -  ResidentSetSize of job (KB)
...
006 (6512281.000.000) 11/20 18:50:16 Image size of job updated: 1074608
	1033  -  MemoryUsage of job (MB)
	1057320  -  ResidentSetSize of job (KB)
...
006 (6512281.000.000) 11/20 18:55:17 Image size of job updated: 1074680
	1033  -  MemoryUsage of job (MB)
	1057460  -  ResidentSetSize of job (KB)
...
006 (6512281.000.000) 11/20 19:00:17 Image size of job updated: 1074704
	1033  -  MemoryUsage of job (MB)
	1057544  -  ResidentSetSize of job (KB)
...
006 (6512281.000.000) 11/20 19:05:17 Image size of job updated: 1075244
	1034  -  MemoryUsage of job (MB)
	1058144  -  ResidentSetSize of job (KB)
...
006 (6512281.000.000) 11/20 19:10:19 Image size of job updated: 1075356
	1034  -  MemoryUsage of job (MB)
	1058296  -  ResidentSetSize of job (KB)
...
006 (6512281.000.000) 11/20 19:15:19 Image size of job updated: 1075360
	1034  -  MemoryUsage of job (MB)
	1058360  -  ResidentSetSize of job (KB)
...
006 (6512281.000.000) 11/20 19:20:19 Image size of job updated: 1075364
	1034  -  MemoryUsage of job (MB)
	1058440  -  ResidentSetSize of job (KB)
...
006 (6512281.000.000) 11/20 19:25:20 Image size of job updated: 1075368
	1034  -  MemoryUsage of job (MB)
	1058488  -  ResidentSetSize of job (KB)
...
006 (6512281.000.000) 11/20 19:30:21 Image size of job updated: 1075400
	1034  -  MemoryUsage of job (MB)
	1058556  -  ResidentSetSize of job (KB)
...
006 (6512281.000.000) 11/20 19:35:21 Image size of job updated: 1075400
	1034  -  MemoryUsage of job (MB)
	1058608  -  ResidentSetSize of job (KB)
...
006 (6512281.000.000) 11/20 19:40:21 Image size of job updated: 1075404
	1034  -  MemoryUsage of job (MB)
	1058652  -  ResidentSetSize of job (KB)
...
006 (6512281.000.000) 11/20 19:45:22 Image size of job updated: 1075412
	1034  -  MemoryUsage of job (MB)
	1058684  -  ResidentSetSize of job (KB)
...
006 (6512281.000.000) 11/20 19:50:22 Image size of job updated: 1075412
	1034  -  MemoryUsage of job (MB)
	1058740  -  ResidentSetSize of job (KB)
...
006 (6512281.000.000) 11/20 19:55:22 Image size of job updated: 1075416
	1034  -  MemoryUsage of job (MB)
	1058784  -  ResidentSetSize of job (KB)
...
006 (6512281.000.000) 11/20 20:00:23 Image size of job updated: 1075416
	1034  -  MemoryUsage of job (MB)
	1058804  -  ResidentSetSize of job (KB)
...
006 (6512281.000.000) 11/20 20:05:23 Image size of job updated: 1075420
	1035  -  MemoryUsage of job (MB)
	1058840  -  ResidentSetSize of job (KB)
...
006 (6512281.000.000) 11/20 20:10:23 Image size of job updated: 1075424
	1035  -  MemoryUsage of job (MB)
	1058868  -  ResidentSetSize of job (KB)
...
006 (6512281.000.000) 11/20 20:15:24 Image size of job updated: 1075428
	1035  -  MemoryUsage of job (MB)
	1058888  -  ResidentSetSize of job (KB)
...
006 (6512281.000.000) 11/20 20:20:24 Image size of job updated: 1075432
	1035  -  MemoryUsage of job (MB)
	1058928  -  ResidentSetSize of job (KB)
...
006 (6512281.000.000) 11/20 20:25:25 Image size of job updated: 1075432
	1035  -  MemoryUsage of job (MB)
	1058964  -  ResidentSetSize of job (KB)
...
006 (6512281.000.000) 11/20 20:30:26 Image size of job updated: 1075436
	1035  -  MemoryUsage of job (MB)
	1058992  -  ResidentSetSize of job (KB)
...
006 (6512281.000.000) 11/20 20:35:26 Image size of job updated: 1075444
	1035  -  MemoryUsage of job (MB)
	1059036  -  ResidentSetSize of job (KB)
...
006 (6512281.000.000) 11/20 20:40:26 Image size of job updated: 1075444
	1035  -  MemoryUsage of job (MB)
	1059052  -  ResidentSetSize of job (KB)
...
006 (6512281.000.000) 11/20 20:45:27 Image size of job updated: 1075700
	1035  -  MemoryUsage of job (MB)
	1059332  -  ResidentSetSize of job (KB)
...
006 (6512281.000.000) 11/20 20:50:27 Image size of job updated: 1075700
	1036  -  MemoryUsage of job (MB)
	1060556  -  ResidentSetSize of job (KB)
...
005 (6512281.000.000) 11/20 23:37:28 Job terminated.
	(1) Normal termination (return value 0)
		Usr 0 06:42:48, Sys 0 00:07:34  -  Run Remote Usage
		Usr 0 00:00:00, Sys 0 00:00:00  -  Run Local Usage
		Usr 0 06:42:48, Sys 0 00:07:34  -  Total Remote Usage
		Usr 0 00:00:00, Sys 0 00:00:00  -  Total Local Usage
	0  -  Run Bytes Sent By Job
	0  -  Run Bytes Received By Job
	0  -  Total Bytes Sent By Job
	0  -  Total Bytes Received By Job
	Partitionable Resources :    Usage  Request Allocated
	   Cpus                 :                 1         1
	   Disk (KB)            :       10       10  65563893
	   Memory (MB)          :     1036        1      2297
...
