000 (6512450.000.000) 11/20 16:50:06 Job submitted from host: <130.199.153.67:9618?addrs=130.199.153.67-9618&noUDP&sock=7357_7f42_4>
...
001 (6512450.000.000) 11/20 16:51:59 Job executing on host: <130.199.150.194:9618?addrs=130.199.150.194-9618&noUDP&sock=22488_4481_3>
...
006 (6512450.000.000) 11/20 16:52:07 Image size of job updated: 461476
	435  -  MemoryUsage of job (MB)
	444436  -  ResidentSetSize of job (KB)
...
006 (6512450.000.000) 11/20 16:57:07 Image size of job updated: 1029504
	989  -  MemoryUsage of job (MB)
	1012448  -  ResidentSetSize of job (KB)
...
006 (6512450.000.000) 11/20 17:01:43 Image size of job updated: 1164288
	989  -  MemoryUsage of job (MB)
	1012448  -  ResidentSetSize of job (KB)
...
005 (6512450.000.000) 11/20 17:01:43 Job terminated.
	(1) Normal termination (return value 0)
		Usr 0 00:09:32, Sys 0 00:00:16  -  Run Remote Usage
		Usr 0 00:00:00, Sys 0 00:00:00  -  Run Local Usage
		Usr 0 00:09:32, Sys 0 00:00:16  -  Total Remote Usage
		Usr 0 00:00:00, Sys 0 00:00:00  -  Total Local Usage
	0  -  Run Bytes Sent By Job
	0  -  Run Bytes Received By Job
	0  -  Total Bytes Sent By Job
	0  -  Total Bytes Received By Job
	Partitionable Resources :    Usage  Request Allocated
	   Cpus                 :                 1         1
	   Disk (KB)            :       10       10  41489379
	   Memory (MB)          :      989        1      2007
...
