000 (6512264.000.000) 11/20 16:49:23 Job submitted from host: <130.199.153.67:9618?addrs=130.199.153.67-9618&noUDP&sock=7357_7f42_4>
...
001 (6512264.000.000) 11/20 16:49:53 Job executing on host: <130.199.202.100:9618?addrs=130.199.202.100-9618&noUDP&sock=178150_5354_3>
...
006 (6512264.000.000) 11/20 16:50:02 Image size of job updated: 972764
	950  -  MemoryUsage of job (MB)
	972580  -  ResidentSetSize of job (KB)
...
006 (6512264.000.000) 11/20 16:55:03 Image size of job updated: 1032504
	1009  -  MemoryUsage of job (MB)
	1032320  -  ResidentSetSize of job (KB)
...
006 (6512264.000.000) 11/20 17:00:03 Image size of job updated: 1034728
	1011  -  MemoryUsage of job (MB)
	1034504  -  ResidentSetSize of job (KB)
...
006 (6512264.000.000) 11/20 17:05:03 Image size of job updated: 1034964
	1011  -  MemoryUsage of job (MB)
	1034616  -  ResidentSetSize of job (KB)
...
006 (6512264.000.000) 11/20 17:10:04 Image size of job updated: 1035108
	1011  -  MemoryUsage of job (MB)
	1034736  -  ResidentSetSize of job (KB)
...
006 (6512264.000.000) 11/20 17:15:04 Image size of job updated: 1035624
	1011  -  MemoryUsage of job (MB)
	1035220  -  ResidentSetSize of job (KB)
...
006 (6512264.000.000) 11/20 17:20:04 Image size of job updated: 1035704
	1012  -  MemoryUsage of job (MB)
	1035284  -  ResidentSetSize of job (KB)
...
006 (6512264.000.000) 11/20 17:25:04 Image size of job updated: 1035812
	1012  -  MemoryUsage of job (MB)
	1035376  -  ResidentSetSize of job (KB)
...
006 (6512264.000.000) 11/20 17:30:05 Image size of job updated: 1035916
	1012  -  MemoryUsage of job (MB)
	1035480  -  ResidentSetSize of job (KB)
...
006 (6512264.000.000) 11/20 17:35:06 Image size of job updated: 1036420
	1012  -  MemoryUsage of job (MB)
	1035984  -  ResidentSetSize of job (KB)
...
006 (6512264.000.000) 11/20 17:40:06 Image size of job updated: 1036488
	1012  -  MemoryUsage of job (MB)
	1036052  -  ResidentSetSize of job (KB)
...
005 (6512264.000.000) 11/20 17:44:00 Job terminated.
	(1) Normal termination (return value 0)
		Usr 0 00:51:14, Sys 0 00:01:44  -  Run Remote Usage
		Usr 0 00:00:00, Sys 0 00:00:00  -  Run Local Usage
		Usr 0 00:51:14, Sys 0 00:01:44  -  Total Remote Usage
		Usr 0 00:00:00, Sys 0 00:00:00  -  Total Local Usage
	0  -  Run Bytes Sent By Job
	0  -  Run Bytes Received By Job
	0  -  Total Bytes Sent By Job
	0  -  Total Bytes Received By Job
	Partitionable Resources :    Usage  Request Allocated
	   Cpus                 :                 1         1
	   Disk (KB)            :       10       10  66832026
	   Memory (MB)          :     1012        1      2665
...
