000 (6512355.000.000) 11/20 16:49:46 Job submitted from host: <130.199.153.67:9618?addrs=130.199.153.67-9618&noUDP&sock=7357_7f42_4>
...
001 (6512355.000.000) 11/20 16:51:41 Job executing on host: <130.199.156.49:9618?addrs=130.199.156.49-9618&noUDP&sock=10681_804b_3>
...
006 (6512355.000.000) 11/20 16:51:49 Image size of job updated: 31272
	14  -  MemoryUsage of job (MB)
	13644  -  ResidentSetSize of job (KB)
...
006 (6512355.000.000) 11/20 16:56:49 Image size of job updated: 1052188
	1002  -  MemoryUsage of job (MB)
	1025632  -  ResidentSetSize of job (KB)
...
006 (6512355.000.000) 11/20 17:01:50 Image size of job updated: 1052344
	1002  -  MemoryUsage of job (MB)
	1025788  -  ResidentSetSize of job (KB)
...
006 (6512355.000.000) 11/20 17:06:50 Image size of job updated: 1052512
	1002  -  MemoryUsage of job (MB)
	1025956  -  ResidentSetSize of job (KB)
...
006 (6512355.000.000) 11/20 17:08:48 Image size of job updated: 1208080
	1002  -  MemoryUsage of job (MB)
	1025956  -  ResidentSetSize of job (KB)
...
005 (6512355.000.000) 11/20 17:08:49 Job terminated.
	(1) Normal termination (return value 0)
		Usr 0 00:16:11, Sys 0 00:00:31  -  Run Remote Usage
		Usr 0 00:00:00, Sys 0 00:00:00  -  Run Local Usage
		Usr 0 00:16:11, Sys 0 00:00:31  -  Total Remote Usage
		Usr 0 00:00:00, Sys 0 00:00:00  -  Total Local Usage
	0  -  Run Bytes Sent By Job
	0  -  Run Bytes Received By Job
	0  -  Total Bytes Sent By Job
	0  -  Total Bytes Received By Job
	Partitionable Resources :    Usage  Request Allocated
	   Cpus                 :                 1         1
	   Disk (KB)            :       10       10 103614541
	   Memory (MB)          :     1002        1      2006
...
