000 (6512505.000.000) 11/20 16:50:08 Job submitted from host: <130.199.153.67:9618?addrs=130.199.153.67-9618&noUDP&sock=7357_7f42_4>
...
001 (6512505.000.000) 11/20 16:52:10 Job executing on host: <130.199.202.22:9618?addrs=130.199.202.22-9618&noUDP&sock=10949_51dc_3>
...
006 (6512505.000.000) 11/20 16:52:18 Image size of job updated: 46668
	21  -  MemoryUsage of job (MB)
	21168  -  ResidentSetSize of job (KB)
...
006 (6512505.000.000) 11/20 16:56:41 Image size of job updated: 997384
	21  -  MemoryUsage of job (MB)
	21484  -  ResidentSetSize of job (KB)
...
005 (6512505.000.000) 11/20 16:56:42 Job terminated.
	(1) Normal termination (return value 0)
		Usr 0 00:04:17, Sys 0 00:00:15  -  Run Remote Usage
		Usr 0 00:00:00, Sys 0 00:00:00  -  Run Local Usage
		Usr 0 00:04:17, Sys 0 00:00:15  -  Total Remote Usage
		Usr 0 00:00:00, Sys 0 00:00:00  -  Total Local Usage
	0  -  Run Bytes Sent By Job
	0  -  Run Bytes Received By Job
	0  -  Total Bytes Sent By Job
	0  -  Total Bytes Received By Job
	Partitionable Resources :    Usage  Request Allocated
	   Cpus                 :                 1         1
	   Disk (KB)            :       10       10  47541225
	   Memory (MB)          :       21        1      2008
...
