000 (6512350.000.000) 11/20 16:49:45 Job submitted from host: <130.199.153.67:9618?addrs=130.199.153.67-9618&noUDP&sock=7357_7f42_4>
...
001 (6512350.000.000) 11/20 16:51:40 Job executing on host: <130.199.156.51:9618?addrs=130.199.156.51-9618&noUDP&sock=10120_f3a4_3>
...
006 (6512350.000.000) 11/20 16:51:48 Image size of job updated: 27776
	27  -  MemoryUsage of job (MB)
	27632  -  ResidentSetSize of job (KB)
...
006 (6512350.000.000) 11/20 16:56:48 Image size of job updated: 1048264
	1024  -  MemoryUsage of job (MB)
	1048080  -  ResidentSetSize of job (KB)
...
006 (6512350.000.000) 11/20 17:01:48 Image size of job updated: 1049680
	1025  -  MemoryUsage of job (MB)
	1049496  -  ResidentSetSize of job (KB)
...
006 (6512350.000.000) 11/20 17:06:49 Image size of job updated: 1049780
	1025  -  MemoryUsage of job (MB)
	1049596  -  ResidentSetSize of job (KB)
...
006 (6512350.000.000) 11/20 17:11:50 Image size of job updated: 1049896
	1026  -  MemoryUsage of job (MB)
	1049712  -  ResidentSetSize of job (KB)
...
005 (6512350.000.000) 11/20 17:16:47 Job terminated.
	(1) Normal termination (return value 0)
		Usr 0 00:23:26, Sys 0 00:00:57  -  Run Remote Usage
		Usr 0 00:00:00, Sys 0 00:00:00  -  Run Local Usage
		Usr 0 00:23:26, Sys 0 00:00:57  -  Total Remote Usage
		Usr 0 00:00:00, Sys 0 00:00:00  -  Total Local Usage
	0  -  Run Bytes Sent By Job
	0  -  Run Bytes Received By Job
	0  -  Total Bytes Sent By Job
	0  -  Total Bytes Received By Job
	Partitionable Resources :    Usage  Request Allocated
	   Cpus                 :                 1         1
	   Disk (KB)            :       10       10 103806540
	   Memory (MB)          :     1026        1      2006
...
