000 (6512366.000.000) 11/20 16:49:46 Job submitted from host: <130.199.153.67:9618?addrs=130.199.153.67-9618&noUDP&sock=7357_7f42_4>
...
001 (6512366.000.000) 11/20 16:51:43 Job executing on host: <130.199.157.194:9618?addrs=130.199.157.194-9618&noUDP&sock=11208_4a3d_3>
...
006 (6512366.000.000) 11/20 16:51:51 Image size of job updated: 30496
	14  -  MemoryUsage of job (MB)
	13428  -  ResidentSetSize of job (KB)
...
006 (6512366.000.000) 11/20 16:56:51 Image size of job updated: 1068852
	1018  -  MemoryUsage of job (MB)
	1042296  -  ResidentSetSize of job (KB)
...
006 (6512366.000.000) 11/20 17:01:51 Image size of job updated: 1070888
	1020  -  MemoryUsage of job (MB)
	1044332  -  ResidentSetSize of job (KB)
...
006 (6512366.000.000) 11/20 17:06:52 Image size of job updated: 1072084
	1022  -  MemoryUsage of job (MB)
	1045528  -  ResidentSetSize of job (KB)
...
006 (6512366.000.000) 11/20 17:11:52 Image size of job updated: 1072084
	1022  -  MemoryUsage of job (MB)
	1045532  -  ResidentSetSize of job (KB)
...
006 (6512366.000.000) 11/20 17:21:52 Image size of job updated: 1072488
	1022  -  MemoryUsage of job (MB)
	1045932  -  ResidentSetSize of job (KB)
...
005 (6512366.000.000) 11/20 17:23:51 Job terminated.
	(1) Normal termination (return value 0)
		Usr 0 00:30:48, Sys 0 00:00:53  -  Run Remote Usage
		Usr 0 00:00:00, Sys 0 00:00:00  -  Run Local Usage
		Usr 0 00:30:48, Sys 0 00:00:53  -  Total Remote Usage
		Usr 0 00:00:00, Sys 0 00:00:00  -  Total Local Usage
	0  -  Run Bytes Sent By Job
	0  -  Run Bytes Received By Job
	0  -  Total Bytes Sent By Job
	0  -  Total Bytes Received By Job
	Partitionable Resources :    Usage  Request Allocated
	   Cpus                 :                 1         1
	   Disk (KB)            :       10       10 138687314
	   Memory (MB)          :     1022        1      2005
...
