000 (6512296.000.000) 11/20 16:49:24 Job submitted from host: <130.199.153.67:9618?addrs=130.199.153.67-9618&noUDP&sock=7357_7f42_4>
...
001 (6512296.000.000) 11/20 16:50:08 Job executing on host: <130.199.202.89:9618?addrs=130.199.202.89-9618&noUDP&sock=70844_54c5_3>
...
006 (6512296.000.000) 11/20 16:50:17 Image size of job updated: 976352
	954  -  MemoryUsage of job (MB)
	976164  -  ResidentSetSize of job (KB)
...
006 (6512296.000.000) 11/20 16:55:18 Image size of job updated: 1040508
	1010  -  MemoryUsage of job (MB)
	1034176  -  ResidentSetSize of job (KB)
...
006 (6512296.000.000) 11/20 17:00:18 Image size of job updated: 1041836
	1012  -  MemoryUsage of job (MB)
	1035504  -  ResidentSetSize of job (KB)
...
006 (6512296.000.000) 11/20 17:05:18 Image size of job updated: 1042172
	1012  -  MemoryUsage of job (MB)
	1035840  -  ResidentSetSize of job (KB)
...
006 (6512296.000.000) 11/20 17:10:19 Image size of job updated: 1043540
	1013  -  MemoryUsage of job (MB)
	1037208  -  ResidentSetSize of job (KB)
...
006 (6512296.000.000) 11/20 17:15:20 Image size of job updated: 1043612
	1013  -  MemoryUsage of job (MB)
	1037280  -  ResidentSetSize of job (KB)
...
006 (6512296.000.000) 11/20 17:20:20 Image size of job updated: 1044124
	1014  -  MemoryUsage of job (MB)
	1037792  -  ResidentSetSize of job (KB)
...
006 (6512296.000.000) 11/20 17:25:21 Image size of job updated: 1044184
	1014  -  MemoryUsage of job (MB)
	1037852  -  ResidentSetSize of job (KB)
...
006 (6512296.000.000) 11/20 17:26:30 Image size of job updated: 1200312
	1014  -  MemoryUsage of job (MB)
	1037852  -  ResidentSetSize of job (KB)
...
005 (6512296.000.000) 11/20 17:26:30 Job terminated.
	(1) Normal termination (return value 0)
		Usr 0 00:35:02, Sys 0 00:00:56  -  Run Remote Usage
		Usr 0 00:00:00, Sys 0 00:00:00  -  Run Local Usage
		Usr 0 00:35:02, Sys 0 00:00:56  -  Total Remote Usage
		Usr 0 00:00:00, Sys 0 00:00:00  -  Total Local Usage
	0  -  Run Bytes Sent By Job
	0  -  Run Bytes Received By Job
	0  -  Total Bytes Sent By Job
	0  -  Total Bytes Received By Job
	Partitionable Resources :    Usage  Request Allocated
	   Cpus                 :                 1         1
	   Disk (KB)            :       10       10  65563893
	   Memory (MB)          :     1014        1      2297
...
