000 (6512407.000.000) 11/20 16:49:46 Job submitted from host: <130.199.153.67:9618?addrs=130.199.153.67-9618&noUDP&sock=7357_7f42_4>
...
001 (6512407.000.000) 11/20 16:51:51 Job executing on host: <130.199.202.86:9618?addrs=130.199.202.86-9618&noUDP&sock=14880_6e80_3>
...
006 (6512407.000.000) 11/20 16:52:00 Image size of job updated: 26372
	26  -  MemoryUsage of job (MB)
	26212  -  ResidentSetSize of job (KB)
...
006 (6512407.000.000) 11/20 16:57:01 Image size of job updated: 1020580
	997  -  MemoryUsage of job (MB)
	1020312  -  ResidentSetSize of job (KB)
...
006 (6512407.000.000) 11/20 17:02:01 Image size of job updated: 1026220
	1002  -  MemoryUsage of job (MB)
	1025584  -  ResidentSetSize of job (KB)
...
006 (6512407.000.000) 11/20 17:07:02 Image size of job updated: 1026676
	1002  -  MemoryUsage of job (MB)
	1025584  -  ResidentSetSize of job (KB)
...
006 (6512407.000.000) 11/20 17:12:03 Image size of job updated: 1027408
	1002  -  MemoryUsage of job (MB)
	1025584  -  ResidentSetSize of job (KB)
...
006 (6512407.000.000) 11/20 17:17:03 Image size of job updated: 1027632
	1002  -  MemoryUsage of job (MB)
	1025584  -  ResidentSetSize of job (KB)
...
006 (6512407.000.000) 11/20 17:22:03 Image size of job updated: 1028200
	1002  -  MemoryUsage of job (MB)
	1025584  -  ResidentSetSize of job (KB)
...
006 (6512407.000.000) 11/20 17:27:04 Image size of job updated: 1028256
	1002  -  MemoryUsage of job (MB)
	1025584  -  ResidentSetSize of job (KB)
...
006 (6512407.000.000) 11/20 17:31:10 Image size of job updated: 1171832
	1002  -  MemoryUsage of job (MB)
	1025584  -  ResidentSetSize of job (KB)
...
005 (6512407.000.000) 11/20 17:31:11 Job terminated.
	(1) Normal termination (return value 0)
		Usr 0 00:38:34, Sys 0 00:00:58  -  Run Remote Usage
		Usr 0 00:00:00, Sys 0 00:00:00  -  Run Local Usage
		Usr 0 00:38:34, Sys 0 00:00:58  -  Total Remote Usage
		Usr 0 00:00:00, Sys 0 00:00:00  -  Total Local Usage
	0  -  Run Bytes Sent By Job
	0  -  Run Bytes Received By Job
	0  -  Total Bytes Sent By Job
	0  -  Total Bytes Received By Job
	Partitionable Resources :    Usage  Request Allocated
	   Cpus                 :                 1         1
	   Disk (KB)            :       10       10  65563846
	   Memory (MB)          :     1002        1      2297
...
