000 (6512419.000.000) 11/20 16:49:46 Job submitted from host: <130.199.153.67:9618?addrs=130.199.153.67-9618&noUDP&sock=7357_7f42_4>
...
001 (6512419.000.000) 11/20 16:51:53 Job executing on host: <130.199.202.97:9618?addrs=130.199.202.97-9618&noUDP&sock=129860_266e_3>
...
006 (6512419.000.000) 11/20 16:52:02 Image size of job updated: 598060
	584  -  MemoryUsage of job (MB)
	597888  -  ResidentSetSize of job (KB)
...
006 (6512419.000.000) 11/20 16:52:06 Image size of job updated: 598060
	584  -  MemoryUsage of job (MB)
	597892  -  ResidentSetSize of job (KB)
...
005 (6512419.000.000) 11/20 16:52:07 Job terminated.
	(1) Normal termination (return value 0)
		Usr 0 00:00:02, Sys 0 00:00:04  -  Run Remote Usage
		Usr 0 00:00:00, Sys 0 00:00:00  -  Run Local Usage
		Usr 0 00:00:02, Sys 0 00:00:04  -  Total Remote Usage
		Usr 0 00:00:00, Sys 0 00:00:00  -  Total Local Usage
	0  -  Run Bytes Sent By Job
	0  -  Run Bytes Received By Job
	0  -  Total Bytes Sent By Job
	0  -  Total Bytes Received By Job
	Partitionable Resources :    Usage  Request Allocated
	   Cpus                 :                 1         1
	   Disk (KB)            :       10       10  65563771
	   Memory (MB)          :      584        1      2297
...
