000 (6512329.000.000) 11/20 16:49:25 Job submitted from host: <130.199.153.67:9618?addrs=130.199.153.67-9618&noUDP&sock=7357_7f42_4>
...
001 (6512329.000.000) 11/20 16:51:39 Job executing on host: <130.199.156.41:9618?addrs=130.199.156.41-9618&noUDP&sock=10075_b5b5_3>
...
006 (6512329.000.000) 11/20 16:51:47 Image size of job updated: 28400
	28  -  MemoryUsage of job (MB)
	28256  -  ResidentSetSize of job (KB)
...
006 (6512329.000.000) 11/20 16:56:47 Image size of job updated: 1062536
	1038  -  MemoryUsage of job (MB)
	1062352  -  ResidentSetSize of job (KB)
...
006 (6512329.000.000) 11/20 17:01:47 Image size of job updated: 1064304
	1040  -  MemoryUsage of job (MB)
	1064120  -  ResidentSetSize of job (KB)
...
006 (6512329.000.000) 11/20 17:06:47 Image size of job updated: 1064412
	1040  -  MemoryUsage of job (MB)
	1064228  -  ResidentSetSize of job (KB)
...
006 (6512329.000.000) 11/20 17:11:48 Image size of job updated: 1065104
	1040  -  MemoryUsage of job (MB)
	1064920  -  ResidentSetSize of job (KB)
...
006 (6512329.000.000) 11/20 17:16:48 Image size of job updated: 1065680
	1041  -  MemoryUsage of job (MB)
	1065496  -  ResidentSetSize of job (KB)
...
006 (6512329.000.000) 11/20 17:21:05 Image size of job updated: 1794596
	1041  -  MemoryUsage of job (MB)
	1065496  -  ResidentSetSize of job (KB)
...
005 (6512329.000.000) 11/20 17:21:05 Job terminated.
	(1) Normal termination (return value 0)
		Usr 0 00:28:33, Sys 0 00:00:58  -  Run Remote Usage
		Usr 0 00:00:00, Sys 0 00:00:00  -  Run Local Usage
		Usr 0 00:28:33, Sys 0 00:00:58  -  Total Remote Usage
		Usr 0 00:00:00, Sys 0 00:00:00  -  Total Local Usage
	0  -  Run Bytes Sent By Job
	0  -  Run Bytes Received By Job
	0  -  Total Bytes Sent By Job
	0  -  Total Bytes Received By Job
	Partitionable Resources :    Usage  Request Allocated
	   Cpus                 :                 1         1
	   Disk (KB)            :       10       10 103739641
	   Memory (MB)          :     1041        1      2006
...
