000 (6512376.000.000) 11/20 16:49:46 Job submitted from host: <130.199.153.67:9618?addrs=130.199.153.67-9618&noUDP&sock=7357_7f42_4>
...
001 (6512376.000.000) 11/20 16:51:46 Job executing on host: <130.199.158.16:9618?addrs=130.199.158.16-9618&noUDP&sock=10483_d62e_3>
...
006 (6512376.000.000) 11/20 16:51:54 Image size of job updated: 13412
	14  -  MemoryUsage of job (MB)
	13412  -  ResidentSetSize of job (KB)
...
006 (6512376.000.000) 11/20 16:56:54 Image size of job updated: 1049936
	1026  -  MemoryUsage of job (MB)
	1049752  -  ResidentSetSize of job (KB)
...
006 (6512376.000.000) 11/20 17:01:55 Image size of job updated: 1051368
	1027  -  MemoryUsage of job (MB)
	1051184  -  ResidentSetSize of job (KB)
...
006 (6512376.000.000) 11/20 17:06:56 Image size of job updated: 1052396
	1028  -  MemoryUsage of job (MB)
	1052212  -  ResidentSetSize of job (KB)
...
006 (6512376.000.000) 11/20 17:11:56 Image size of job updated: 1052500
	1028  -  MemoryUsage of job (MB)
	1052316  -  ResidentSetSize of job (KB)
...
005 (6512376.000.000) 11/20 17:16:58 Job terminated.
	(1) Normal termination (return value 0)
		Usr 0 00:23:51, Sys 0 00:00:48  -  Run Remote Usage
		Usr 0 00:00:00, Sys 0 00:00:00  -  Run Local Usage
		Usr 0 00:23:51, Sys 0 00:00:48  -  Total Remote Usage
		Usr 0 00:00:00, Sys 0 00:00:00  -  Total Local Usage
	0  -  Run Bytes Sent By Job
	0  -  Run Bytes Received By Job
	0  -  Total Bytes Sent By Job
	0  -  Total Bytes Received By Job
	Partitionable Resources :    Usage  Request Allocated
	   Cpus                 :                 1         1
	   Disk (KB)            :       10       10 138710497
	   Memory (MB)          :     1028        1      2005
...
