000 (6512361.000.000) 11/20 16:49:46 Job submitted from host: <130.199.153.67:9618?addrs=130.199.153.67-9618&noUDP&sock=7357_7f42_4>
...
001 (6512361.000.000) 11/20 16:51:42 Job executing on host: <130.199.158.3:9618?addrs=130.199.158.3-9618&noUDP&sock=10939_27a7_3>
...
006 (6512361.000.000) 11/20 16:51:51 Image size of job updated: 13424
	14  -  MemoryUsage of job (MB)
	13424  -  ResidentSetSize of job (KB)
...
006 (6512361.000.000) 11/20 16:56:52 Image size of job updated: 1049504
	1025  -  MemoryUsage of job (MB)
	1049320  -  ResidentSetSize of job (KB)
...
006 (6512361.000.000) 11/20 17:01:52 Image size of job updated: 1050976
	1027  -  MemoryUsage of job (MB)
	1050792  -  ResidentSetSize of job (KB)
...
006 (6512361.000.000) 11/20 17:06:53 Image size of job updated: 1051768
	1027  -  MemoryUsage of job (MB)
	1051584  -  ResidentSetSize of job (KB)
...
005 (6512361.000.000) 11/20 17:16:55 Job terminated.
	(1) Normal termination (return value 0)
		Usr 0 00:23:29, Sys 0 00:00:41  -  Run Remote Usage
		Usr 0 00:00:00, Sys 0 00:00:00  -  Run Local Usage
		Usr 0 00:23:29, Sys 0 00:00:41  -  Total Remote Usage
		Usr 0 00:00:00, Sys 0 00:00:00  -  Total Local Usage
	0  -  Run Bytes Sent By Job
	0  -  Run Bytes Received By Job
	0  -  Total Bytes Sent By Job
	0  -  Total Bytes Received By Job
	Partitionable Resources :    Usage  Request Allocated
	   Cpus                 :                 1         1
	   Disk (KB)            :       10       10 138635594
	   Memory (MB)          :     1027        1      2005
...
