000 (6512288.000.000) 11/20 16:49:24 Job submitted from host: <130.199.153.67:9618?addrs=130.199.153.67-9618&noUDP&sock=7357_7f42_4>
...
001 (6512288.000.000) 11/20 16:49:58 Job executing on host: <130.199.202.90:9618?addrs=130.199.202.90-9618&noUDP&sock=96748_9ec0_3>
...
006 (6512288.000.000) 11/20 16:50:07 Image size of job updated: 1022688
	999  -  MemoryUsage of job (MB)
	1022504  -  ResidentSetSize of job (KB)
...
006 (6512288.000.000) 11/20 16:55:08 Image size of job updated: 1077356
	1052  -  MemoryUsage of job (MB)
	1076600  -  ResidentSetSize of job (KB)
...
006 (6512288.000.000) 11/20 17:00:08 Image size of job updated: 1079064
	1053  -  MemoryUsage of job (MB)
	1077856  -  ResidentSetSize of job (KB)
...
006 (6512288.000.000) 11/20 17:05:08 Image size of job updated: 1079632
	1054  -  MemoryUsage of job (MB)
	1078424  -  ResidentSetSize of job (KB)
...
006 (6512288.000.000) 11/20 17:10:10 Image size of job updated: 1079720
	1054  -  MemoryUsage of job (MB)
	1078512  -  ResidentSetSize of job (KB)
...
006 (6512288.000.000) 11/20 17:15:10 Image size of job updated: 1080220
	1054  -  MemoryUsage of job (MB)
	1079012  -  ResidentSetSize of job (KB)
...
006 (6512288.000.000) 11/20 17:20:10 Image size of job updated: 1080268
	1054  -  MemoryUsage of job (MB)
	1079060  -  ResidentSetSize of job (KB)
...
006 (6512288.000.000) 11/20 17:25:11 Image size of job updated: 1080316
	1054  -  MemoryUsage of job (MB)
	1079108  -  ResidentSetSize of job (KB)
...
006 (6512288.000.000) 11/20 17:30:11 Image size of job updated: 1080416
	1055  -  MemoryUsage of job (MB)
	1079376  -  ResidentSetSize of job (KB)
...
006 (6512288.000.000) 11/20 17:33:24 Image size of job updated: 1098516
	1055  -  MemoryUsage of job (MB)
	1079376  -  ResidentSetSize of job (KB)
...
005 (6512288.000.000) 11/20 17:33:24 Job terminated.
	(1) Normal termination (return value 0)
		Usr 0 00:33:27, Sys 0 00:00:58  -  Run Remote Usage
		Usr 0 00:00:00, Sys 0 00:00:00  -  Run Local Usage
		Usr 0 00:33:27, Sys 0 00:00:58  -  Total Remote Usage
		Usr 0 00:00:00, Sys 0 00:00:00  -  Total Local Usage
	0  -  Run Bytes Sent By Job
	0  -  Run Bytes Received By Job
	0  -  Total Bytes Sent By Job
	0  -  Total Bytes Received By Job
	Partitionable Resources :    Usage  Request Allocated
	   Cpus                 :                 1         1
	   Disk (KB)            :       10       10  65563822
	   Memory (MB)          :     1055        1      2297
...
