000 (6512287.000.000) 11/20 16:49:24 Job submitted from host: <130.199.153.67:9618?addrs=130.199.153.67-9618&noUDP&sock=7357_7f42_4>
...
001 (6512287.000.000) 11/20 16:49:58 Job executing on host: <130.199.202.109:9618?addrs=130.199.202.109-9618&noUDP&sock=203419_a51e_3>
...
006 (6512287.000.000) 11/20 16:50:07 Image size of job updated: 974204
	952  -  MemoryUsage of job (MB)
	973852  -  ResidentSetSize of job (KB)
...
006 (6512287.000.000) 11/20 16:55:08 Image size of job updated: 1035160
	1011  -  MemoryUsage of job (MB)
	1034808  -  ResidentSetSize of job (KB)
...
006 (6512287.000.000) 11/20 17:00:08 Image size of job updated: 1036700
	1013  -  MemoryUsage of job (MB)
	1036348  -  ResidentSetSize of job (KB)
...
006 (6512287.000.000) 11/20 17:05:08 Image size of job updated: 1036904
	1013  -  MemoryUsage of job (MB)
	1036552  -  ResidentSetSize of job (KB)
...
006 (6512287.000.000) 11/20 17:10:09 Image size of job updated: 1037072
	1013  -  MemoryUsage of job (MB)
	1036712  -  ResidentSetSize of job (KB)
...
006 (6512287.000.000) 11/20 17:15:10 Image size of job updated: 1037508
	1013  -  MemoryUsage of job (MB)
	1037156  -  ResidentSetSize of job (KB)
...
006 (6512287.000.000) 11/20 17:20:10 Image size of job updated: 1037848
	1014  -  MemoryUsage of job (MB)
	1037496  -  ResidentSetSize of job (KB)
...
005 (6512287.000.000) 11/20 17:34:56 Job terminated.
	(1) Normal termination (return value 0)
		Usr 0 00:43:24, Sys 0 00:01:19  -  Run Remote Usage
		Usr 0 00:00:00, Sys 0 00:00:00  -  Run Local Usage
		Usr 0 00:43:24, Sys 0 00:01:19  -  Total Remote Usage
		Usr 0 00:00:00, Sys 0 00:00:00  -  Total Local Usage
	0  -  Run Bytes Sent By Job
	0  -  Run Bytes Received By Job
	0  -  Total Bytes Sent By Job
	0  -  Total Bytes Received By Job
	Partitionable Resources :    Usage  Request Allocated
	   Cpus                 :                 1         1
	   Disk (KB)            :       10       10  66832031
	   Memory (MB)          :     1014        1      2665
...
