000 (6512315.000.000) 11/20 16:49:25 Job submitted from host: <130.199.153.67:9618?addrs=130.199.153.67-9618&noUDP&sock=7357_7f42_4>
...
001 (6512315.000.000) 11/20 16:50:09 Job executing on host: <130.199.202.111:9618?addrs=130.199.202.111-9618&noUDP&sock=359684_8b77_3>
...
006 (6512315.000.000) 11/20 16:50:18 Image size of job updated: 974524
	952  -  MemoryUsage of job (MB)
	974340  -  ResidentSetSize of job (KB)
...
006 (6512315.000.000) 11/20 16:55:19 Image size of job updated: 1036168
	1012  -  MemoryUsage of job (MB)
	1035984  -  ResidentSetSize of job (KB)
...
006 (6512315.000.000) 11/20 17:00:20 Image size of job updated: 1037472
	1013  -  MemoryUsage of job (MB)
	1037288  -  ResidentSetSize of job (KB)
...
006 (6512315.000.000) 11/20 17:05:21 Image size of job updated: 1037548
	1014  -  MemoryUsage of job (MB)
	1037364  -  ResidentSetSize of job (KB)
...
006 (6512315.000.000) 11/20 17:10:21 Image size of job updated: 1038152
	1014  -  MemoryUsage of job (MB)
	1037968  -  ResidentSetSize of job (KB)
...
006 (6512315.000.000) 11/20 17:15:22 Image size of job updated: 1038320
	1014  -  MemoryUsage of job (MB)
	1038136  -  ResidentSetSize of job (KB)
...
006 (6512315.000.000) 11/20 17:20:23 Image size of job updated: 1038400
	1014  -  MemoryUsage of job (MB)
	1038216  -  ResidentSetSize of job (KB)
...
006 (6512315.000.000) 11/20 17:20:41 Image size of job updated: 1182028
	1014  -  MemoryUsage of job (MB)
	1038216  -  ResidentSetSize of job (KB)
...
005 (6512315.000.000) 11/20 17:20:41 Job terminated.
	(1) Normal termination (return value 0)
		Usr 0 00:29:20, Sys 0 00:00:55  -  Run Remote Usage
		Usr 0 00:00:00, Sys 0 00:00:00  -  Run Local Usage
		Usr 0 00:29:20, Sys 0 00:00:55  -  Total Remote Usage
		Usr 0 00:00:00, Sys 0 00:00:00  -  Total Local Usage
	0  -  Run Bytes Sent By Job
	0  -  Run Bytes Received By Job
	0  -  Total Bytes Sent By Job
	0  -  Total Bytes Received By Job
	Partitionable Resources :    Usage  Request Allocated
	   Cpus                 :                 1         1
	   Disk (KB)            :       10       10  66832020
	   Memory (MB)          :     1014        1      2665
...
