000 (6512295.000.000) 11/20 16:49:24 Job submitted from host: <130.199.153.67:9618?addrs=130.199.153.67-9618&noUDP&sock=7357_7f42_4>
...
001 (6512295.000.000) 11/20 16:50:00 Job executing on host: <130.199.202.85:9618?addrs=130.199.202.85-9618&noUDP&sock=154183_1293_3>
...
006 (6512295.000.000) 11/20 16:50:08 Image size of job updated: 975620
	953  -  MemoryUsage of job (MB)
	975436  -  ResidentSetSize of job (KB)
...
006 (6512295.000.000) 11/20 16:55:08 Image size of job updated: 1030980
	1007  -  MemoryUsage of job (MB)
	1030796  -  ResidentSetSize of job (KB)
...
006 (6512295.000.000) 11/20 17:00:09 Image size of job updated: 1032612
	1009  -  MemoryUsage of job (MB)
	1032428  -  ResidentSetSize of job (KB)
...
006 (6512295.000.000) 11/20 17:05:10 Image size of job updated: 1032668
	1009  -  MemoryUsage of job (MB)
	1032484  -  ResidentSetSize of job (KB)
...
006 (6512295.000.000) 11/20 17:10:10 Image size of job updated: 1032948
	1009  -  MemoryUsage of job (MB)
	1032764  -  ResidentSetSize of job (KB)
...
006 (6512295.000.000) 11/20 17:15:10 Image size of job updated: 1033016
	1009  -  MemoryUsage of job (MB)
	1032832  -  ResidentSetSize of job (KB)
...
006 (6512295.000.000) 11/20 17:20:11 Image size of job updated: 1033480
	1010  -  MemoryUsage of job (MB)
	1033296  -  ResidentSetSize of job (KB)
...
006 (6512295.000.000) 11/20 17:25:11 Image size of job updated: 1033596
	1010  -  MemoryUsage of job (MB)
	1033412  -  ResidentSetSize of job (KB)
...
006 (6512295.000.000) 11/20 17:30:11 Image size of job updated: 1033648
	1010  -  MemoryUsage of job (MB)
	1033464  -  ResidentSetSize of job (KB)
...
006 (6512295.000.000) 11/20 17:35:12 Image size of job updated: 1041300
	1017  -  MemoryUsage of job (MB)
	1041116  -  ResidentSetSize of job (KB)
...
006 (6512295.000.000) 11/20 17:40:13 Image size of job updated: 1041304
	1017  -  MemoryUsage of job (MB)
	1041120  -  ResidentSetSize of job (KB)
...
006 (6512295.000.000) 11/20 17:45:13 Image size of job updated: 1157152
	1130  -  MemoryUsage of job (MB)
	1156968  -  ResidentSetSize of job (KB)
...
005 (6512295.000.000) 11/20 17:46:09 Job terminated.
	(1) Normal termination (return value 0)
		Usr 0 00:54:50, Sys 0 00:01:12  -  Run Remote Usage
		Usr 0 00:00:00, Sys 0 00:00:00  -  Run Local Usage
		Usr 0 00:54:50, Sys 0 00:01:12  -  Total Remote Usage
		Usr 0 00:00:00, Sys 0 00:00:00  -  Total Local Usage
	0  -  Run Bytes Sent By Job
	0  -  Run Bytes Received By Job
	0  -  Total Bytes Sent By Job
	0  -  Total Bytes Received By Job
	Partitionable Resources :    Usage  Request Allocated
	   Cpus                 :                 1         1
	   Disk (KB)            :       10       10  65563889
	   Memory (MB)          :     1130        1      2297
...
