000 (6512478.000.000) 11/20 16:50:07 Job submitted from host: <130.199.153.67:9618?addrs=130.199.153.67-9618&noUDP&sock=7357_7f42_4>
...
001 (6512478.000.000) 11/20 16:52:05 Job executing on host: <130.199.150.196:9618?addrs=130.199.150.196-9618&noUDP&sock=22546_9fb5_3>
...
006 (6512478.000.000) 11/20 16:52:14 Image size of job updated: 969388
	947  -  MemoryUsage of job (MB)
	969204  -  ResidentSetSize of job (KB)
...
006 (6512478.000.000) 11/20 16:55:59 Image size of job updated: 975028
	947  -  MemoryUsage of job (MB)
	969204  -  ResidentSetSize of job (KB)
...
005 (6512478.000.000) 11/20 16:55:59 Job terminated.
	(1) Normal termination (return value 0)
		Usr 0 00:03:44, Sys 0 00:00:10  -  Run Remote Usage
		Usr 0 00:00:00, Sys 0 00:00:00  -  Run Local Usage
		Usr 0 00:03:44, Sys 0 00:00:10  -  Total Remote Usage
		Usr 0 00:00:00, Sys 0 00:00:00  -  Total Local Usage
	0  -  Run Bytes Sent By Job
	0  -  Run Bytes Received By Job
	0  -  Total Bytes Sent By Job
	0  -  Total Bytes Received By Job
	Partitionable Resources :    Usage  Request Allocated
	   Cpus                 :                 1         1
	   Disk (KB)            :       10       10  41489294
	   Memory (MB)          :      947        1      2007
...
