000 (6512309.000.000) 11/20 16:49:24 Job submitted from host: <130.199.153.67:9618?addrs=130.199.153.67-9618&noUDP&sock=7357_7f42_4>
...
001 (6512309.000.000) 11/20 16:50:10 Job executing on host: <130.199.202.90:9618?addrs=130.199.202.90-9618&noUDP&sock=96748_9ec0_3>
...
006 (6512309.000.000) 11/20 16:50:19 Image size of job updated: 973640
	951  -  MemoryUsage of job (MB)
	973456  -  ResidentSetSize of job (KB)
...
006 (6512309.000.000) 11/20 16:55:20 Image size of job updated: 1030324
	1006  -  MemoryUsage of job (MB)
	1029948  -  ResidentSetSize of job (KB)
...
006 (6512309.000.000) 11/20 17:00:21 Image size of job updated: 1032964
	1007  -  MemoryUsage of job (MB)
	1030168  -  ResidentSetSize of job (KB)
...
006 (6512309.000.000) 11/20 17:05:21 Image size of job updated: 1034644
	1007  -  MemoryUsage of job (MB)
	1030388  -  ResidentSetSize of job (KB)
...
006 (6512309.000.000) 11/20 17:10:22 Image size of job updated: 1034644
	1007  -  MemoryUsage of job (MB)
	1030624  -  ResidentSetSize of job (KB)
...
006 (6512309.000.000) 11/20 17:45:26 Image size of job updated: 1034652
	1007  -  MemoryUsage of job (MB)
	1030624  -  ResidentSetSize of job (KB)
...
006 (6512309.000.000) 11/20 17:49:17 Image size of job updated: 1439764
	1007  -  MemoryUsage of job (MB)
	1030624  -  ResidentSetSize of job (KB)
...
005 (6512309.000.000) 11/20 17:49:18 Job terminated.
	(1) Normal termination (return value 0)
		Usr 0 00:57:47, Sys 0 00:01:17  -  Run Remote Usage
		Usr 0 00:00:00, Sys 0 00:00:00  -  Run Local Usage
		Usr 0 00:57:47, Sys 0 00:01:17  -  Total Remote Usage
		Usr 0 00:00:00, Sys 0 00:00:00  -  Total Local Usage
	0  -  Run Bytes Sent By Job
	0  -  Run Bytes Received By Job
	0  -  Total Bytes Sent By Job
	0  -  Total Bytes Received By Job
	Partitionable Resources :    Usage  Request Allocated
	   Cpus                 :                 1         1
	   Disk (KB)            :       10       10  65563822
	   Memory (MB)          :     1007        1      2297
...
