000 (6512507.000.000) 11/20 16:50:08 Job submitted from host: <130.199.153.67:9618?addrs=130.199.153.67-9618&noUDP&sock=7357_7f42_4>
...
001 (6512507.000.000) 11/20 16:52:11 Job executing on host: <130.199.202.14:9618?addrs=130.199.202.14-9618&noUDP&sock=43193_2382_3>
...
006 (6512507.000.000) 11/20 16:52:20 Image size of job updated: 945108
	923  -  MemoryUsage of job (MB)
	944788  -  ResidentSetSize of job (KB)
...
006 (6512507.000.000) 11/20 16:54:09 Image size of job updated: 945108
	926  -  MemoryUsage of job (MB)
	947284  -  ResidentSetSize of job (KB)
...
005 (6512507.000.000) 11/20 16:54:10 Job terminated.
	(1) Normal termination (return value 0)
		Usr 0 00:01:44, Sys 0 00:00:13  -  Run Remote Usage
		Usr 0 00:00:00, Sys 0 00:00:00  -  Run Local Usage
		Usr 0 00:01:44, Sys 0 00:00:13  -  Total Remote Usage
		Usr 0 00:00:00, Sys 0 00:00:00  -  Total Local Usage
	0  -  Run Bytes Sent By Job
	0  -  Run Bytes Received By Job
	0  -  Total Bytes Sent By Job
	0  -  Total Bytes Received By Job
	Partitionable Resources :    Usage  Request Allocated
	   Cpus                 :                 1         1
	   Disk (KB)            :       10       10  47541099
	   Memory (MB)          :      926        1      2008
...
