000 (6512474.000.000) 11/20 16:50:07 Job submitted from host: <130.199.153.67:9618?addrs=130.199.153.67-9618&noUDP&sock=7357_7f42_4>
...
001 (6512474.000.000) 11/20 16:52:04 Job executing on host: <130.199.150.182:9618?addrs=130.199.150.182-9618&noUDP&sock=22572_da3f_3>
...
006 (6512474.000.000) 11/20 16:52:14 Image size of job updated: 508192
	471  -  MemoryUsage of job (MB)
	481720  -  ResidentSetSize of job (KB)
...
006 (6512474.000.000) 11/20 16:53:31 Image size of job updated: 1037080
	473  -  MemoryUsage of job (MB)
	483868  -  ResidentSetSize of job (KB)
...
005 (6512474.000.000) 11/20 16:53:32 Job terminated.
	(1) Normal termination (return value 0)
		Usr 0 00:01:00, Sys 0 00:00:10  -  Run Remote Usage
		Usr 0 00:00:00, Sys 0 00:00:00  -  Run Local Usage
		Usr 0 00:01:00, Sys 0 00:00:10  -  Total Remote Usage
		Usr 0 00:00:00, Sys 0 00:00:00  -  Total Local Usage
	0  -  Run Bytes Sent By Job
	0  -  Run Bytes Received By Job
	0  -  Total Bytes Sent By Job
	0  -  Total Bytes Received By Job
	Partitionable Resources :    Usage  Request Allocated
	   Cpus                 :                 1         1
	   Disk (KB)            :       10       10  41489358
	   Memory (MB)          :      473        1      2007
...
