000 (6512303.000.000) 11/20 16:49:24 Job submitted from host: <130.199.153.67:9618?addrs=130.199.153.67-9618&noUDP&sock=7357_7f42_4>
...
001 (6512303.000.000) 11/20 16:50:09 Job executing on host: <130.199.202.112:9618?addrs=130.199.202.112-9618&noUDP&sock=293591_f1d5_3>
...
006 (6512303.000.000) 11/20 16:50:18 Image size of job updated: 973620
	950  -  MemoryUsage of job (MB)
	972644  -  ResidentSetSize of job (KB)
...
006 (6512303.000.000) 11/20 16:55:19 Image size of job updated: 1031596
	1007  -  MemoryUsage of job (MB)
	1030620  -  ResidentSetSize of job (KB)
...
006 (6512303.000.000) 11/20 17:00:20 Image size of job updated: 1033008
	1008  -  MemoryUsage of job (MB)
	1032032  -  ResidentSetSize of job (KB)
...
006 (6512303.000.000) 11/20 17:05:20 Image size of job updated: 1033512
	1009  -  MemoryUsage of job (MB)
	1032536  -  ResidentSetSize of job (KB)
...
006 (6512303.000.000) 11/20 17:10:21 Image size of job updated: 1033860
	1009  -  MemoryUsage of job (MB)
	1032884  -  ResidentSetSize of job (KB)
...
006 (6512303.000.000) 11/20 17:15:22 Image size of job updated: 1034420
	1010  -  MemoryUsage of job (MB)
	1033444  -  ResidentSetSize of job (KB)
...
006 (6512303.000.000) 11/20 17:20:22 Image size of job updated: 1034556
	1010  -  MemoryUsage of job (MB)
	1033572  -  ResidentSetSize of job (KB)
...
006 (6512303.000.000) 11/20 17:25:22 Image size of job updated: 1034628
	1010  -  MemoryUsage of job (MB)
	1033628  -  ResidentSetSize of job (KB)
...
006 (6512303.000.000) 11/20 17:30:23 Image size of job updated: 1034692
	1010  -  MemoryUsage of job (MB)
	1033640  -  ResidentSetSize of job (KB)
...
006 (6512303.000.000) 11/20 17:35:24 Image size of job updated: 1034748
	1010  -  MemoryUsage of job (MB)
	1033680  -  ResidentSetSize of job (KB)
...
005 (6512303.000.000) 11/20 17:36:17 Job terminated.
	(1) Normal termination (return value 0)
		Usr 0 00:44:56, Sys 0 00:01:30  -  Run Remote Usage
		Usr 0 00:00:00, Sys 0 00:00:00  -  Run Local Usage
		Usr 0 00:44:56, Sys 0 00:01:30  -  Total Remote Usage
		Usr 0 00:00:00, Sys 0 00:00:00  -  Total Local Usage
	0  -  Run Bytes Sent By Job
	0  -  Run Bytes Received By Job
	0  -  Total Bytes Sent By Job
	0  -  Total Bytes Received By Job
	Partitionable Resources :    Usage  Request Allocated
	   Cpus                 :                 1         1
	   Disk (KB)            :       10       10  66831989
	   Memory (MB)          :     1010        1      2665
...
