000 (6512276.000.000) 11/20 16:49:24 Job submitted from host: <130.199.153.67:9618?addrs=130.199.153.67-9618&noUDP&sock=7357_7f42_4>
...
001 (6512276.000.000) 11/20 16:49:55 Job executing on host: <130.199.202.94:9618?addrs=130.199.202.94-9618&noUDP&sock=12202_e0e2_3>
...
006 (6512276.000.000) 11/20 16:50:04 Image size of job updated: 999372
	951  -  MemoryUsage of job (MB)
	972816  -  ResidentSetSize of job (KB)
...
006 (6512276.000.000) 11/20 16:55:05 Image size of job updated: 1058248
	1008  -  MemoryUsage of job (MB)
	1031692  -  ResidentSetSize of job (KB)
...
006 (6512276.000.000) 11/20 17:00:05 Image size of job updated: 1059708
	1009  -  MemoryUsage of job (MB)
	1033152  -  ResidentSetSize of job (KB)
...
006 (6512276.000.000) 11/20 17:05:05 Image size of job updated: 1059956
	1010  -  MemoryUsage of job (MB)
	1033400  -  ResidentSetSize of job (KB)
...
006 (6512276.000.000) 11/20 17:10:06 Image size of job updated: 1060088
	1010  -  MemoryUsage of job (MB)
	1033532  -  ResidentSetSize of job (KB)
...
006 (6512276.000.000) 11/20 17:15:07 Image size of job updated: 1060576
	1010  -  MemoryUsage of job (MB)
	1034020  -  ResidentSetSize of job (KB)
...
006 (6512276.000.000) 11/20 17:20:07 Image size of job updated: 1060716
	1010  -  MemoryUsage of job (MB)
	1034160  -  ResidentSetSize of job (KB)
...
006 (6512276.000.000) 11/20 17:25:08 Image size of job updated: 1060792
	1010  -  MemoryUsage of job (MB)
	1034236  -  ResidentSetSize of job (KB)
...
006 (6512276.000.000) 11/20 17:30:09 Image size of job updated: 1060852
	1011  -  MemoryUsage of job (MB)
	1034296  -  ResidentSetSize of job (KB)
...
006 (6512276.000.000) 11/20 17:35:09 Image size of job updated: 1060912
	1011  -  MemoryUsage of job (MB)
	1034356  -  ResidentSetSize of job (KB)
...
006 (6512276.000.000) 11/20 17:40:10 Image size of job updated: 1061308
	1011  -  MemoryUsage of job (MB)
	1034752  -  ResidentSetSize of job (KB)
...
006 (6512276.000.000) 11/20 17:45:11 Image size of job updated: 1061436
	1011  -  MemoryUsage of job (MB)
	1034880  -  ResidentSetSize of job (KB)
...
006 (6512276.000.000) 11/20 17:49:50 Image size of job updated: 1205884
	1011  -  MemoryUsage of job (MB)
	1034880  -  ResidentSetSize of job (KB)
...
005 (6512276.000.000) 11/20 17:49:50 Job terminated.
	(1) Normal termination (return value 0)
		Usr 0 00:57:01, Sys 0 00:01:26  -  Run Remote Usage
		Usr 0 00:00:00, Sys 0 00:00:00  -  Run Local Usage
		Usr 0 00:57:01, Sys 0 00:01:26  -  Total Remote Usage
		Usr 0 00:00:00, Sys 0 00:00:00  -  Total Local Usage
	0  -  Run Bytes Sent By Job
	0  -  Run Bytes Received By Job
	0  -  Total Bytes Sent By Job
	0  -  Total Bytes Received By Job
	Partitionable Resources :    Usage  Request Allocated
	   Cpus                 :                 1         1
	   Disk (KB)            :       10       10  65563834
	   Memory (MB)          :     1011        1      2297
...
