000 (6512428.000.000) 11/20 16:49:47 Job submitted from host: <130.199.153.67:9618?addrs=130.199.153.67-9618&noUDP&sock=7357_7f42_4>
...
001 (6512428.000.000) 11/20 16:52:05 Job executing on host: <130.199.157.178:9618?addrs=130.199.157.178-9618&noUDP&sock=11302_0a31_3>
...
006 (6512428.000.000) 11/20 16:52:13 Image size of job updated: 483272
	472  -  MemoryUsage of job (MB)
	482960  -  ResidentSetSize of job (KB)
...
006 (6512428.000.000) 11/20 16:57:13 Image size of job updated: 964472
	942  -  MemoryUsage of job (MB)
	964140  -  ResidentSetSize of job (KB)
...
006 (6512428.000.000) 11/20 17:02:14 Image size of job updated: 1016408
	993  -  MemoryUsage of job (MB)
	1016076  -  ResidentSetSize of job (KB)
...
006 (6512428.000.000) 11/20 17:07:14 Image size of job updated: 1016792
	993  -  MemoryUsage of job (MB)
	1016460  -  ResidentSetSize of job (KB)
...
006 (6512428.000.000) 11/20 17:12:14 Image size of job updated: 1017248
	994  -  MemoryUsage of job (MB)
	1016916  -  ResidentSetSize of job (KB)
...
006 (6512428.000.000) 11/20 17:17:15 Image size of job updated: 1017440
	994  -  MemoryUsage of job (MB)
	1017108  -  ResidentSetSize of job (KB)
...
006 (6512428.000.000) 11/20 17:21:47 Image size of job updated: 1355680
	994  -  MemoryUsage of job (MB)
	1017108  -  ResidentSetSize of job (KB)
...
005 (6512428.000.000) 11/20 17:21:47 Job terminated.
	(1) Normal termination (return value 0)
		Usr 0 00:29:25, Sys 0 00:00:34  -  Run Remote Usage
		Usr 0 00:00:00, Sys 0 00:00:00  -  Run Local Usage
		Usr 0 00:29:25, Sys 0 00:00:34  -  Total Remote Usage
		Usr 0 00:00:00, Sys 0 00:00:00  -  Total Local Usage
	0  -  Run Bytes Sent By Job
	0  -  Run Bytes Received By Job
	0  -  Total Bytes Sent By Job
	0  -  Total Bytes Received By Job
	Partitionable Resources :    Usage  Request Allocated
	   Cpus                 :                 1         1
	   Disk (KB)            :       10       10 138696852
	   Memory (MB)          :      994        1      2005
...
