000 (6512414.000.000) 11/20 16:49:46 Job submitted from host: <130.199.153.67:9618?addrs=130.199.153.67-9618&noUDP&sock=7357_7f42_4>
...
001 (6512414.000.000) 11/20 16:51:52 Job executing on host: <130.199.202.89:9618?addrs=130.199.202.89-9618&noUDP&sock=70844_54c5_3>
...
006 (6512414.000.000) 11/20 16:52:01 Image size of job updated: 665448
	650  -  MemoryUsage of job (MB)
	665276  -  ResidentSetSize of job (KB)
...
006 (6512414.000.000) 11/20 16:55:07 Image size of job updated: 1165524
	650  -  MemoryUsage of job (MB)
	665276  -  ResidentSetSize of job (KB)
...
005 (6512414.000.000) 11/20 16:55:07 Job terminated.
	(1) Normal termination (return value 0)
		Usr 0 00:02:55, Sys 0 00:00:15  -  Run Remote Usage
		Usr 0 00:00:00, Sys 0 00:00:00  -  Run Local Usage
		Usr 0 00:02:55, Sys 0 00:00:15  -  Total Remote Usage
		Usr 0 00:00:00, Sys 0 00:00:00  -  Total Local Usage
	0  -  Run Bytes Sent By Job
	0  -  Run Bytes Received By Job
	0  -  Total Bytes Sent By Job
	0  -  Total Bytes Received By Job
	Partitionable Resources :    Usage  Request Allocated
	   Cpus                 :                 1         1
	   Disk (KB)            :       10       10  65563893
	   Memory (MB)          :      650        1      2297
...
