000 (6512444.000.000) 11/20 16:50:06 Job submitted from host: <130.199.153.67:9618?addrs=130.199.153.67-9618&noUDP&sock=7357_7f42_4>
...
001 (6512444.000.000) 11/20 16:51:57 Job executing on host: <130.199.150.200:9618?addrs=130.199.150.200-9618&noUDP&sock=22563_0110_3>
...
006 (6512444.000.000) 11/20 16:52:06 Image size of job updated: 51312
	25  -  MemoryUsage of job (MB)
	25480  -  ResidentSetSize of job (KB)
...
006 (6512444.000.000) 11/20 16:53:47 Image size of job updated: 51312
	25  -  MemoryUsage of job (MB)
	25508  -  ResidentSetSize of job (KB)
...
005 (6512444.000.000) 11/20 16:53:47 Job terminated.
	(1) Normal termination (return value 0)
		Usr 0 00:01:02, Sys 0 00:00:08  -  Run Remote Usage
		Usr 0 00:00:00, Sys 0 00:00:00  -  Run Local Usage
		Usr 0 00:01:02, Sys 0 00:00:08  -  Total Remote Usage
		Usr 0 00:00:00, Sys 0 00:00:00  -  Total Local Usage
	0  -  Run Bytes Sent By Job
	0  -  Run Bytes Received By Job
	0  -  Total Bytes Sent By Job
	0  -  Total Bytes Received By Job
	Partitionable Resources :    Usage  Request Allocated
	   Cpus                 :                 1         1
	   Disk (KB)            :       10       10  41489130
	   Memory (MB)          :       25        1      2007
...
