000 (6512430.000.000) 11/20 16:49:47 Job submitted from host: <130.199.153.67:9618?addrs=130.199.153.67-9618&noUDP&sock=7357_7f42_4>
...
001 (6512430.000.000) 11/20 16:51:56 Job executing on host: <130.199.150.185:9618?addrs=130.199.150.185-9618&noUDP&sock=21977_8ae4_3>
...
006 (6512430.000.000) 11/20 16:52:05 Image size of job updated: 18620
	15  -  MemoryUsage of job (MB)
	14424  -  ResidentSetSize of job (KB)
...
006 (6512430.000.000) 11/20 16:57:06 Image size of job updated: 1023032
	992  -  MemoryUsage of job (MB)
	1015580  -  ResidentSetSize of job (KB)
...
006 (6512430.000.000) 11/20 17:02:06 Image size of job updated: 1023508
	993  -  MemoryUsage of job (MB)
	1016052  -  ResidentSetSize of job (KB)
...
006 (6512430.000.000) 11/20 17:07:06 Image size of job updated: 1023728
	993  -  MemoryUsage of job (MB)
	1016052  -  ResidentSetSize of job (KB)
...
006 (6512430.000.000) 11/20 17:12:07 Image size of job updated: 1023924
	993  -  MemoryUsage of job (MB)
	1016052  -  ResidentSetSize of job (KB)
...
006 (6512430.000.000) 11/20 17:17:08 Image size of job updated: 1167120
	1127  -  MemoryUsage of job (MB)
	1153840  -  ResidentSetSize of job (KB)
...
006 (6512430.000.000) 11/20 17:17:17 Image size of job updated: 1167120
	1127  -  MemoryUsage of job (MB)
	1153876  -  ResidentSetSize of job (KB)
...
005 (6512430.000.000) 11/20 17:17:18 Job terminated.
	(1) Normal termination (return value 0)
		Usr 0 00:24:44, Sys 0 00:00:38  -  Run Remote Usage
		Usr 0 00:00:00, Sys 0 00:00:00  -  Run Local Usage
		Usr 0 00:24:44, Sys 0 00:00:38  -  Total Remote Usage
		Usr 0 00:00:00, Sys 0 00:00:00  -  Total Local Usage
	0  -  Run Bytes Sent By Job
	0  -  Run Bytes Received By Job
	0  -  Total Bytes Sent By Job
	0  -  Total Bytes Received By Job
	Partitionable Resources :    Usage  Request Allocated
	   Cpus                 :                 1         1
	   Disk (KB)            :       10       10  41489386
	   Memory (MB)          :     1127        1      2007
...
