000 (6512470.000.000) 11/20 16:50:07 Job submitted from host: <130.199.153.67:9618?addrs=130.199.153.67-9618&noUDP&sock=7357_7f42_4>
...
001 (6512470.000.000) 11/20 16:52:04 Job executing on host: <130.199.150.141:9618?addrs=130.199.150.141-9618&noUDP&sock=22468_f016_3>
...
006 (6512470.000.000) 11/20 16:52:13 Image size of job updated: 980192
	957  -  MemoryUsage of job (MB)
	979844  -  ResidentSetSize of job (KB)
...
006 (6512470.000.000) 11/20 16:52:52 Image size of job updated: 1804484
	958  -  MemoryUsage of job (MB)
	980096  -  ResidentSetSize of job (KB)
...
005 (6512470.000.000) 11/20 16:52:52 Job terminated.
	(1) Normal termination (return value 0)
		Usr 0 00:00:37, Sys 0 00:00:04  -  Run Remote Usage
		Usr 0 00:00:00, Sys 0 00:00:00  -  Run Local Usage
		Usr 0 00:00:37, Sys 0 00:00:04  -  Total Remote Usage
		Usr 0 00:00:00, Sys 0 00:00:00  -  Total Local Usage
	0  -  Run Bytes Sent By Job
	0  -  Run Bytes Received By Job
	0  -  Total Bytes Sent By Job
	0  -  Total Bytes Received By Job
	Partitionable Resources :    Usage  Request Allocated
	   Cpus                 :                 1         1
	   Disk (KB)            :       10       10  41489329
	   Memory (MB)          :      958        1      2007
...
