000 (6512473.000.000) 11/20 16:50:07 Job submitted from host: <130.199.153.67:9618?addrs=130.199.153.67-9618&noUDP&sock=7357_7f42_4>
...
001 (6512473.000.000) 11/20 16:52:04 Job executing on host: <130.199.150.152:9618?addrs=130.199.150.152-9618&noUDP&sock=9858_0833_3>
...
006 (6512473.000.000) 11/20 16:52:13 Image size of job updated: 912400
	891  -  MemoryUsage of job (MB)
	912228  -  ResidentSetSize of job (KB)
...
006 (6512473.000.000) 11/20 16:53:19 Image size of job updated: 1789968
	891  -  MemoryUsage of job (MB)
	912228  -  ResidentSetSize of job (KB)
...
005 (6512473.000.000) 11/20 16:53:19 Job terminated.
	(1) Normal termination (return value 0)
		Usr 0 00:01:00, Sys 0 00:00:10  -  Run Remote Usage
		Usr 0 00:00:00, Sys 0 00:00:00  -  Run Local Usage
		Usr 0 00:01:00, Sys 0 00:00:10  -  Total Remote Usage
		Usr 0 00:00:00, Sys 0 00:00:00  -  Total Local Usage
	0  -  Run Bytes Sent By Job
	0  -  Run Bytes Received By Job
	0  -  Total Bytes Sent By Job
	0  -  Total Bytes Received By Job
	Partitionable Resources :    Usage  Request Allocated
	   Cpus                 :                 1         1
	   Disk (KB)            :       10       10  41489141
	   Memory (MB)          :      891        1      2007
...
