000 (6512393.000.000) 11/20 16:49:46 Job submitted from host: <130.199.153.67:9618?addrs=130.199.153.67-9618&noUDP&sock=7357_7f42_4>
...
001 (6512393.000.000) 11/20 16:51:49 Job executing on host: <130.199.158.28:9618?addrs=130.199.158.28-9618&noUDP&sock=8037_b562_3>
...
006 (6512393.000.000) 11/20 16:51:58 Image size of job updated: 9304
	9  -  MemoryUsage of job (MB)
	9100  -  ResidentSetSize of job (KB)
...
006 (6512393.000.000) 11/20 16:52:22 Image size of job updated: 12628
	9  -  MemoryUsage of job (MB)
	9108  -  ResidentSetSize of job (KB)
...
005 (6512393.000.000) 11/20 16:52:22 Job terminated.
	(1) Normal termination (return value 0)
		Usr 0 00:00:04, Sys 0 00:00:06  -  Run Remote Usage
		Usr 0 00:00:00, Sys 0 00:00:00  -  Run Local Usage
		Usr 0 00:00:04, Sys 0 00:00:06  -  Total Remote Usage
		Usr 0 00:00:00, Sys 0 00:00:00  -  Total Local Usage
	0  -  Run Bytes Sent By Job
	0  -  Run Bytes Received By Job
	0  -  Total Bytes Sent By Job
	0  -  Total Bytes Received By Job
	Partitionable Resources :    Usage  Request Allocated
	   Cpus                 :                 1         1
	   Disk (KB)            :       10       10 138707120
	   Memory (MB)          :        9        1      2005
...
