000 (6512249.000.000) 11/20 16:49:23 Job submitted from host: <130.199.153.67:9618?addrs=130.199.153.67-9618&noUDP&sock=7357_7f42_4>
...
001 (6512249.000.000) 11/20 16:49:51 Job executing on host: <130.199.202.100:9618?addrs=130.199.202.100-9618&noUDP&sock=178150_5354_3>
...
006 (6512249.000.000) 11/20 16:50:00 Image size of job updated: 975256
	953  -  MemoryUsage of job (MB)
	975072  -  ResidentSetSize of job (KB)
...
006 (6512249.000.000) 11/20 16:55:01 Image size of job updated: 1035944
	1012  -  MemoryUsage of job (MB)
	1035760  -  ResidentSetSize of job (KB)
...
006 (6512249.000.000) 11/20 17:00:02 Image size of job updated: 1038904
	1015  -  MemoryUsage of job (MB)
	1038720  -  ResidentSetSize of job (KB)
...
006 (6512249.000.000) 11/20 17:05:02 Image size of job updated: 1039052
	1015  -  MemoryUsage of job (MB)
	1038868  -  ResidentSetSize of job (KB)
...
006 (6512249.000.000) 11/20 17:10:02 Image size of job updated: 1040032
	1016  -  MemoryUsage of job (MB)
	1039848  -  ResidentSetSize of job (KB)
...
006 (6512249.000.000) 11/20 17:15:03 Image size of job updated: 1040608
	1017  -  MemoryUsage of job (MB)
	1040424  -  ResidentSetSize of job (KB)
...
006 (6512249.000.000) 11/20 17:20:04 Image size of job updated: 1040692
	1017  -  MemoryUsage of job (MB)
	1040508  -  ResidentSetSize of job (KB)
...
006 (6512249.000.000) 11/20 17:25:05 Image size of job updated: 1040760
	1017  -  MemoryUsage of job (MB)
	1040576  -  ResidentSetSize of job (KB)
...
006 (6512249.000.000) 11/20 17:30:05 Image size of job updated: 1040832
	1017  -  MemoryUsage of job (MB)
	1040648  -  ResidentSetSize of job (KB)
...
006 (6512249.000.000) 11/20 17:35:05 Image size of job updated: 1041316
	1017  -  MemoryUsage of job (MB)
	1041132  -  ResidentSetSize of job (KB)
...
006 (6512249.000.000) 11/20 17:40:06 Image size of job updated: 1041440
	1017  -  MemoryUsage of job (MB)
	1041256  -  ResidentSetSize of job (KB)
...
006 (6512249.000.000) 11/20 17:45:06 Image size of job updated: 1042064
	1018  -  MemoryUsage of job (MB)
	1041880  -  ResidentSetSize of job (KB)
...
005 (6512249.000.000) 11/20 17:49:49 Job terminated.
	(1) Normal termination (return value 0)
		Usr 0 00:57:11, Sys 0 00:01:51  -  Run Remote Usage
		Usr 0 00:00:00, Sys 0 00:00:00  -  Run Local Usage
		Usr 0 00:57:11, Sys 0 00:01:51  -  Total Remote Usage
		Usr 0 00:00:00, Sys 0 00:00:00  -  Total Local Usage
	0  -  Run Bytes Sent By Job
	0  -  Run Bytes Received By Job
	0  -  Total Bytes Sent By Job
	0  -  Total Bytes Received By Job
	Partitionable Resources :    Usage  Request Allocated
	   Cpus                 :                 1         1
	   Disk (KB)            :       10       10  66832026
	   Memory (MB)          :     1018        1      2665
...
