000 (6512479.000.000) 11/20 16:50:07 Job submitted from host: <130.199.153.67:9618?addrs=130.199.153.67-9618&noUDP&sock=7357_7f42_4>
...
001 (6512479.000.000) 11/20 16:52:05 Job executing on host: <130.199.150.137:9618?addrs=130.199.150.137-9618&noUDP&sock=22036_371e_3>
...
006 (6512479.000.000) 11/20 16:52:15 Image size of job updated: 989028
	940  -  MemoryUsage of job (MB)
	962516  -  ResidentSetSize of job (KB)
...
006 (6512479.000.000) 11/20 16:53:48 Image size of job updated: 1007100
	942  -  MemoryUsage of job (MB)
	964456  -  ResidentSetSize of job (KB)
...
005 (6512479.000.000) 11/20 16:53:49 Job terminated.
	(1) Normal termination (return value 0)
		Usr 0 00:01:33, Sys 0 00:00:08  -  Run Remote Usage
		Usr 0 00:00:00, Sys 0 00:00:00  -  Run Local Usage
		Usr 0 00:01:33, Sys 0 00:00:08  -  Total Remote Usage
		Usr 0 00:00:00, Sys 0 00:00:00  -  Total Local Usage
	0  -  Run Bytes Sent By Job
	0  -  Run Bytes Received By Job
	0  -  Total Bytes Sent By Job
	0  -  Total Bytes Received By Job
	Partitionable Resources :    Usage  Request Allocated
	   Cpus                 :                 1         1
	   Disk (KB)            :       10       10  41489415
	   Memory (MB)          :      942        1      2007
...
