000 (6512291.000.000) 11/20 16:49:24 Job submitted from host: <130.199.153.67:9618?addrs=130.199.153.67-9618&noUDP&sock=7357_7f42_4>
...
001 (6512291.000.000) 11/20 16:50:00 Job executing on host: <130.199.202.105:9618?addrs=130.199.202.105-9618&noUDP&sock=361804_7f7f_3>
...
006 (6512291.000.000) 11/20 16:50:08 Image size of job updated: 973940
	951  -  MemoryUsage of job (MB)
	973756  -  ResidentSetSize of job (KB)
...
006 (6512291.000.000) 11/20 16:55:08 Image size of job updated: 1030680
	1007  -  MemoryUsage of job (MB)
	1030496  -  ResidentSetSize of job (KB)
...
006 (6512291.000.000) 11/20 17:00:08 Image size of job updated: 1032332
	1008  -  MemoryUsage of job (MB)
	1032148  -  ResidentSetSize of job (KB)
...
006 (6512291.000.000) 11/20 17:05:09 Image size of job updated: 1032480
	1009  -  MemoryUsage of job (MB)
	1032296  -  ResidentSetSize of job (KB)
...
006 (6512291.000.000) 11/20 17:10:10 Image size of job updated: 1032592
	1009  -  MemoryUsage of job (MB)
	1032408  -  ResidentSetSize of job (KB)
...
006 (6512291.000.000) 11/20 17:15:10 Image size of job updated: 1033192
	1009  -  MemoryUsage of job (MB)
	1033008  -  ResidentSetSize of job (KB)
...
006 (6512291.000.000) 11/20 17:20:10 Image size of job updated: 1033276
	1009  -  MemoryUsage of job (MB)
	1033092  -  ResidentSetSize of job (KB)
...
006 (6512291.000.000) 11/20 17:25:11 Image size of job updated: 1033380
	1009  -  MemoryUsage of job (MB)
	1033196  -  ResidentSetSize of job (KB)
...
006 (6512291.000.000) 11/20 17:30:12 Image size of job updated: 1033452
	1010  -  MemoryUsage of job (MB)
	1033268  -  ResidentSetSize of job (KB)
...
006 (6512291.000.000) 11/20 17:35:12 Image size of job updated: 1033520
	1010  -  MemoryUsage of job (MB)
	1033336  -  ResidentSetSize of job (KB)
...
006 (6512291.000.000) 11/20 17:37:22 Image size of job updated: 1033520
	1010  -  MemoryUsage of job (MB)
	1033408  -  ResidentSetSize of job (KB)
...
005 (6512291.000.000) 11/20 17:37:22 Job terminated.
	(1) Normal termination (return value 0)
		Usr 0 00:45:38, Sys 0 00:01:28  -  Run Remote Usage
		Usr 0 00:00:00, Sys 0 00:00:00  -  Run Local Usage
		Usr 0 00:45:38, Sys 0 00:01:28  -  Total Remote Usage
		Usr 0 00:00:00, Sys 0 00:00:00  -  Total Local Usage
	0  -  Run Bytes Sent By Job
	0  -  Run Bytes Received By Job
	0  -  Total Bytes Sent By Job
	0  -  Total Bytes Received By Job
	Partitionable Resources :    Usage  Request Allocated
	   Cpus                 :                 1         1
	   Disk (KB)            :       10       10  66832050
	   Memory (MB)          :     1010        1      2665
...
