000 (6512456.000.000) 11/20 16:50:06 Job submitted from host: <130.199.153.67:9618?addrs=130.199.153.67-9618&noUDP&sock=7357_7f42_4>
...
001 (6512456.000.000) 11/20 16:52:00 Job executing on host: <130.199.202.89:9618?addrs=130.199.202.89-9618&noUDP&sock=70844_54c5_3>
...
006 (6512456.000.000) 11/20 16:52:09 Image size of job updated: 962728
	940  -  MemoryUsage of job (MB)
	962544  -  ResidentSetSize of job (KB)
...
006 (6512456.000.000) 11/20 16:57:10 Image size of job updated: 1013436
	990  -  MemoryUsage of job (MB)
	1013020  -  ResidentSetSize of job (KB)
...
005 (6512456.000.000) 11/20 16:59:55 Job terminated.
	(1) Normal termination (return value 0)
		Usr 0 00:07:26, Sys 0 00:00:17  -  Run Remote Usage
		Usr 0 00:00:00, Sys 0 00:00:00  -  Run Local Usage
		Usr 0 00:07:26, Sys 0 00:00:17  -  Total Remote Usage
		Usr 0 00:00:00, Sys 0 00:00:00  -  Total Local Usage
	0  -  Run Bytes Sent By Job
	0  -  Run Bytes Received By Job
	0  -  Total Bytes Sent By Job
	0  -  Total Bytes Received By Job
	Partitionable Resources :    Usage  Request Allocated
	   Cpus                 :                 1         1
	   Disk (KB)            :       10       10  65563893
	   Memory (MB)          :      990        1      2297
...
