000 (6323757.000.000) 11/14 09:28:38 Job submitted from host: <130.199.153.67:9618?addrs=130.199.153.67-9618&noUDP&sock=7357_7f42_4>
...
001 (6323757.000.000) 11/14 09:29:33 Job executing on host: <130.199.202.90:9618?addrs=130.199.202.90-9618&noUDP&sock=96748_9ec0_3>
...
006 (6323757.000.000) 11/14 09:29:42 Image size of job updated: 1320
	2  -  MemoryUsage of job (MB)
	1320  -  ResidentSetSize of job (KB)
...
006 (6323757.000.000) 11/14 09:29:44 Image size of job updated: 22056
	2  -  MemoryUsage of job (MB)
	1320  -  ResidentSetSize of job (KB)
...
005 (6323757.000.000) 11/14 09:29:45 Job terminated.
	(1) Normal termination (return value 0)
		Usr 0 00:00:03, Sys 0 00:00:02  -  Run Remote Usage
		Usr 0 00:00:00, Sys 0 00:00:00  -  Run Local Usage
		Usr 0 00:00:03, Sys 0 00:00:02  -  Total Remote Usage
		Usr 0 00:00:00, Sys 0 00:00:00  -  Total Local Usage
	0  -  Run Bytes Sent By Job
	0  -  Run Bytes Received By Job
	0  -  Total Bytes Sent By Job
	0  -  Total Bytes Received By Job
	Partitionable Resources :    Usage  Request Allocated
	   Cpus                 :                 1         1
	   Disk (KB)            :       10       10  65563822
	   Memory (MB)          :        2        1      2297
...
