000 (6323505.000.000) 11/14 09:28:29 Job submitted from host: <130.199.153.67:9618?addrs=130.199.153.67-9618&noUDP&sock=7357_7f42_4>
...
001 (6323505.000.000) 11/14 09:28:45 Job executing on host: <130.199.202.100:9618?addrs=130.199.202.100-9618&noUDP&sock=178150_5354_3>
...
006 (6323505.000.000) 11/14 09:28:53 Image size of job updated: 451244
	441  -  MemoryUsage of job (MB)
	451072  -  ResidentSetSize of job (KB)
...
005 (6323505.000.000) 11/14 09:29:50 Job terminated.
	(1) Normal termination (return value 0)
		Usr 0 00:00:03, Sys 0 00:00:06  -  Run Remote Usage
		Usr 0 00:00:00, Sys 0 00:00:00  -  Run Local Usage
		Usr 0 00:00:03, Sys 0 00:00:06  -  Total Remote Usage
		Usr 0 00:00:00, Sys 0 00:00:00  -  Total Local Usage
	0  -  Run Bytes Sent By Job
	0  -  Run Bytes Received By Job
	0  -  Total Bytes Sent By Job
	0  -  Total Bytes Received By Job
	Partitionable Resources :    Usage  Request Allocated
	   Cpus                 :                 1         1
	   Disk (KB)            :       10       10  66832026
	   Memory (MB)          :      441        1      2665
...
