000 (6323759.000.000) 11/14 09:28:38 Job submitted from host: <130.199.153.67:9618?addrs=130.199.153.67-9618&noUDP&sock=7357_7f42_4>
...
001 (6323759.000.000) 11/14 09:29:33 Job executing on host: <130.199.202.96:9618?addrs=130.199.202.96-9618&noUDP&sock=8395_02d1_3>
...
006 (6323759.000.000) 11/14 09:29:42 Image size of job updated: 1316
	2  -  MemoryUsage of job (MB)
	1316  -  ResidentSetSize of job (KB)
...
005 (6323759.000.000) 11/14 09:29:43 Job terminated.
	(1) Normal termination (return value 0)
		Usr 0 00:00:01, Sys 0 00:00:01  -  Run Remote Usage
		Usr 0 00:00:00, Sys 0 00:00:00  -  Run Local Usage
		Usr 0 00:00:01, Sys 0 00:00:01  -  Total Remote Usage
		Usr 0 00:00:00, Sys 0 00:00:00  -  Total Local Usage
	0  -  Run Bytes Sent By Job
	0  -  Run Bytes Received By Job
	0  -  Total Bytes Sent By Job
	0  -  Total Bytes Received By Job
	Partitionable Resources :    Usage  Request Allocated
	   Cpus                 :                 1         1
	   Disk (KB)            :       10       10  65563444
	   Memory (MB)          :        2        1      2297
...
