000 (6323686.000.000) 11/14 09:28:34 Job submitted from host: <130.199.153.67:9618?addrs=130.199.153.67-9618&noUDP&sock=7357_7f42_4>
...
001 (6323686.000.000) 11/14 09:29:20 Job executing on host: <130.199.202.107:9618?addrs=130.199.202.107-9618&noUDP&sock=344612_7272_3>
...
006 (6323686.000.000) 11/14 09:29:28 Image size of job updated: 20308
	20  -  MemoryUsage of job (MB)
	20168  -  ResidentSetSize of job (KB)
...
006 (6323686.000.000) 11/14 09:29:45 Image size of job updated: 58964
	20  -  MemoryUsage of job (MB)
	20168  -  ResidentSetSize of job (KB)
...
005 (6323686.000.000) 11/14 09:29:49 Job terminated.
	(1) Normal termination (return value 0)
		Usr 0 00:00:01, Sys 0 00:00:02  -  Run Remote Usage
		Usr 0 00:00:00, Sys 0 00:00:00  -  Run Local Usage
		Usr 0 00:00:01, Sys 0 00:00:02  -  Total Remote Usage
		Usr 0 00:00:00, Sys 0 00:00:00  -  Total Local Usage
	0  -  Run Bytes Sent By Job
	0  -  Run Bytes Received By Job
	0  -  Total Bytes Sent By Job
	0  -  Total Bytes Received By Job
	Partitionable Resources :    Usage  Request Allocated
	   Cpus                 :                 1         1
	   Disk (KB)            :       10       10  66832051
	   Memory (MB)          :       20        1      2665
...
