000 (6323656.000.000) 11/14 09:28:34 Job submitted from host: <130.199.153.67:9618?addrs=130.199.153.67-9618&noUDP&sock=7357_7f42_4>
...
001 (6323656.000.000) 11/14 09:29:13 Job executing on host: <130.199.202.106:9618?addrs=130.199.202.106-9618&noUDP&sock=137196_e6c9_3>
...
006 (6323656.000.000) 11/14 09:29:22 Image size of job updated: 3700
	2  -  MemoryUsage of job (MB)
	1296  -  ResidentSetSize of job (KB)
...
005 (6323656.000.000) 11/14 09:29:48 Job terminated.
	(1) Normal termination (return value 0)
		Usr 0 00:00:04, Sys 0 00:00:04  -  Run Remote Usage
		Usr 0 00:00:00, Sys 0 00:00:00  -  Run Local Usage
		Usr 0 00:00:04, Sys 0 00:00:04  -  Total Remote Usage
		Usr 0 00:00:00, Sys 0 00:00:00  -  Total Local Usage
	0  -  Run Bytes Sent By Job
	0  -  Run Bytes Received By Job
	0  -  Total Bytes Sent By Job
	0  -  Total Bytes Received By Job
	Partitionable Resources :    Usage  Request Allocated
	   Cpus                 :                 1         1
	   Disk (KB)            :       10       10  66832043
	   Memory (MB)          :        2        1      2665
...
