000 (6846018.000.000) 11/26 13:04:22 Job submitted from host: <130.199.153.67:9618?addrs=130.199.153.67-9618&noUDP&sock=7357_7f42_4>
...
001 (6846018.000.000) 11/26 13:05:33 Job executing on host: <130.199.150.202:9618?addrs=130.199.150.202-9618&noUDP&sock=21963_1c9a_3>
...
006 (6846018.000.000) 11/26 13:05:42 Image size of job updated: 694992
	679  -  MemoryUsage of job (MB)
	694660  -  ResidentSetSize of job (KB)
...
005 (6846018.000.000) 11/26 13:06:13 Job terminated.
	(1) Normal termination (return value 0)
		Usr 0 00:00:02, Sys 0 00:00:03  -  Run Remote Usage
		Usr 0 00:00:00, Sys 0 00:00:00  -  Run Local Usage
		Usr 0 00:00:02, Sys 0 00:00:03  -  Total Remote Usage
		Usr 0 00:00:00, Sys 0 00:00:00  -  Total Local Usage
	0  -  Run Bytes Sent By Job
	0  -  Run Bytes Received By Job
	0  -  Total Bytes Sent By Job
	0  -  Total Bytes Received By Job
	Partitionable Resources :    Usage  Request Allocated
	   Cpus                 :                 1         1
	   Disk (KB)            :       10       10  59426063
	   Memory (MB)          :      679        1      2007
...
