000 (6846021.000.000) 11/26 13:04:22 Job submitted from host: <130.199.153.67:9618?addrs=130.199.153.67-9618&noUDP&sock=7357_7f42_4>
...
001 (6846021.000.000) 11/26 13:05:29 Job executing on host: <130.199.150.220:9618?addrs=130.199.150.220-9618&noUDP&sock=22266_01e4_3>
...
006 (6846021.000.000) 11/26 13:05:38 Image size of job updated: 1296
	2  -  MemoryUsage of job (MB)
	1296  -  ResidentSetSize of job (KB)
...
006 (6846021.000.000) 11/26 13:05:45 Image size of job updated: 17960
	2  -  MemoryUsage of job (MB)
	1296  -  ResidentSetSize of job (KB)
...
005 (6846021.000.000) 11/26 13:06:13 Job terminated.
	(1) Normal termination (return value 0)
		Usr 0 00:00:02, Sys 0 00:00:02  -  Run Remote Usage
		Usr 0 00:00:00, Sys 0 00:00:00  -  Run Local Usage
		Usr 0 00:00:02, Sys 0 00:00:02  -  Total Remote Usage
		Usr 0 00:00:00, Sys 0 00:00:00  -  Total Local Usage
	0  -  Run Bytes Sent By Job
	0  -  Run Bytes Received By Job
	0  -  Total Bytes Sent By Job
	0  -  Total Bytes Received By Job
	Partitionable Resources :    Usage  Request Allocated
	   Cpus                 :                 1         1
	   Disk (KB)            :       10       10  59427093
	   Memory (MB)          :        2        1      2007
...
