000 (6845886.000.000) 11/26 13:04:18 Job submitted from host: <130.199.153.67:9618?addrs=130.199.153.67-9618&noUDP&sock=7357_7f42_4>
...
001 (6845886.000.000) 11/26 13:05:04 Job executing on host: <130.199.202.89:9618?addrs=130.199.202.89-9618&noUDP&sock=70844_54c5_3>
...
006 (6845886.000.000) 11/26 13:05:15 Image size of job updated: 817428
	799  -  MemoryUsage of job (MB)
	817252  -  ResidentSetSize of job (KB)
...
006 (6845886.000.000) 11/26 13:10:16 Image size of job updated: 892824
	872  -  MemoryUsage of job (MB)
	892456  -  ResidentSetSize of job (KB)
...
006 (6845886.000.000) 11/26 13:15:16 Image size of job updated: 893416
	872  -  MemoryUsage of job (MB)
	892456  -  ResidentSetSize of job (KB)
...
006 (6845886.000.000) 11/26 13:20:17 Image size of job updated: 896048
	872  -  MemoryUsage of job (MB)
	892456  -  ResidentSetSize of job (KB)
...
006 (6845886.000.000) 11/26 13:25:18 Image size of job updated: 896336
	872  -  MemoryUsage of job (MB)
	892456  -  ResidentSetSize of job (KB)
...
006 (6845886.000.000) 11/26 13:30:18 Image size of job updated: 897452
	872  -  MemoryUsage of job (MB)
	892456  -  ResidentSetSize of job (KB)
...
006 (6845886.000.000) 11/26 13:35:18 Image size of job updated: 897788
	872  -  MemoryUsage of job (MB)
	892456  -  ResidentSetSize of job (KB)
...
006 (6845886.000.000) 11/26 13:40:19 Image size of job updated: 898140
	872  -  MemoryUsage of job (MB)
	892456  -  ResidentSetSize of job (KB)
...
006 (6845886.000.000) 11/26 13:45:19 Image size of job updated: 899040
	872  -  MemoryUsage of job (MB)
	892456  -  ResidentSetSize of job (KB)
...
006 (6845886.000.000) 11/26 13:50:19 Image size of job updated: 899044
	872  -  MemoryUsage of job (MB)
	892456  -  ResidentSetSize of job (KB)
...
006 (6845886.000.000) 11/26 13:55:20 Image size of job updated: 899052
	872  -  MemoryUsage of job (MB)
	892456  -  ResidentSetSize of job (KB)
...
006 (6845886.000.000) 11/26 14:00:21 Image size of job updated: 899092
	872  -  MemoryUsage of job (MB)
	892456  -  ResidentSetSize of job (KB)
...
006 (6845886.000.000) 11/26 14:05:21 Image size of job updated: 899104
	872  -  MemoryUsage of job (MB)
	892456  -  ResidentSetSize of job (KB)
...
006 (6845886.000.000) 11/26 14:10:31 Image size of job updated: 1226600
	872  -  MemoryUsage of job (MB)
	892456  -  ResidentSetSize of job (KB)
...
005 (6845886.000.000) 11/26 14:10:31 Job terminated.
	(1) Normal termination (return value 0)
		Usr 0 00:04:08, Sys 0 00:01:18  -  Run Remote Usage
		Usr 0 00:00:00, Sys 0 00:00:00  -  Run Local Usage
		Usr 0 00:04:08, Sys 0 00:01:18  -  Total Remote Usage
		Usr 0 00:00:00, Sys 0 00:00:00  -  Total Local Usage
	0  -  Run Bytes Sent By Job
	0  -  Run Bytes Received By Job
	0  -  Total Bytes Sent By Job
	0  -  Total Bytes Received By Job
	Partitionable Resources :    Usage  Request Allocated
	   Cpus                 :                 1         1
	   Disk (KB)            :       10       10  65563893
	   Memory (MB)          :      872        1      2297
...
