000 (6845951.000.000) 11/26 13:04:22 Job submitted from host: <130.199.153.67:9618?addrs=130.199.153.67-9618&noUDP&sock=7357_7f42_4>
...
001 (6845951.000.000) 11/26 13:05:16 Job executing on host: <130.199.150.203:9618?addrs=130.199.150.203-9618&noUDP&sock=21975_e8d9_3>
...
006 (6845951.000.000) 11/26 13:05:25 Image size of job updated: 836560
	817  -  MemoryUsage of job (MB)
	836140  -  ResidentSetSize of job (KB)
...
006 (6845951.000.000) 11/26 13:10:30 Image size of job updated: 890812
	870  -  MemoryUsage of job (MB)
	890376  -  ResidentSetSize of job (KB)
...
006 (6845951.000.000) 11/26 13:15:26 Image size of job updated: 893256
	872  -  MemoryUsage of job (MB)
	892816  -  ResidentSetSize of job (KB)
...
006 (6845951.000.000) 11/26 13:18:58 Image size of job updated: 1241540
	872  -  MemoryUsage of job (MB)
	892816  -  ResidentSetSize of job (KB)
...
005 (6845951.000.000) 11/26 13:18:58 Job terminated.
	(1) Normal termination (return value 0)
		Usr 0 00:03:05, Sys 0 00:00:24  -  Run Remote Usage
		Usr 0 00:00:00, Sys 0 00:00:00  -  Run Local Usage
		Usr 0 00:03:05, Sys 0 00:00:24  -  Total Remote Usage
		Usr 0 00:00:00, Sys 0 00:00:00  -  Total Local Usage
	0  -  Run Bytes Sent By Job
	0  -  Run Bytes Received By Job
	0  -  Total Bytes Sent By Job
	0  -  Total Bytes Received By Job
	Partitionable Resources :    Usage  Request Allocated
	   Cpus                 :                 1         1
	   Disk (KB)            :       10       10  59425958
	   Memory (MB)          :      872        1      2007
...
