000 (6845938.000.000) 11/26 13:04:22 Job submitted from host: <130.199.153.67:9618?addrs=130.199.153.67-9618&noUDP&sock=7357_7f42_4>
...
001 (6845938.000.000) 11/26 13:05:13 Job executing on host: <130.199.202.95:9618?addrs=130.199.202.95-9618&noUDP&sock=44453_e9ad_3>
...
006 (6845938.000.000) 11/26 13:05:22 Image size of job updated: 838192
	819  -  MemoryUsage of job (MB)
	838004  -  ResidentSetSize of job (KB)
...
006 (6845938.000.000) 11/26 13:10:32 Image size of job updated: 890168
	867  -  MemoryUsage of job (MB)
	887656  -  ResidentSetSize of job (KB)
...
006 (6845938.000.000) 11/26 13:15:24 Image size of job updated: 892128
	867  -  MemoryUsage of job (MB)
	887656  -  ResidentSetSize of job (KB)
...
006 (6845938.000.000) 11/26 13:17:50 Image size of job updated: 941492
	867  -  MemoryUsage of job (MB)
	887656  -  ResidentSetSize of job (KB)
...
005 (6845938.000.000) 11/26 13:17:52 Job terminated.
	(1) Normal termination (return value 0)
		Usr 0 00:02:21, Sys 0 00:00:23  -  Run Remote Usage
		Usr 0 00:00:00, Sys 0 00:00:00  -  Run Local Usage
		Usr 0 00:02:21, Sys 0 00:00:23  -  Total Remote Usage
		Usr 0 00:00:00, Sys 0 00:00:00  -  Total Local Usage
	0  -  Run Bytes Sent By Job
	0  -  Run Bytes Received By Job
	0  -  Total Bytes Sent By Job
	0  -  Total Bytes Received By Job
	Partitionable Resources :    Usage  Request Allocated
	   Cpus                 :                 1         1
	   Disk (KB)            :       10       10  65563792
	   Memory (MB)          :      867        1      2297
...
