000 (6845958.000.000) 11/26 13:04:22 Job submitted from host: <130.199.153.67:9618?addrs=130.199.153.67-9618&noUDP&sock=7357_7f42_4>
...
001 (6845958.000.000) 11/26 13:05:18 Job executing on host: <130.199.150.231:9618?addrs=130.199.150.231-9618&noUDP&sock=21996_8e49_3>
...
006 (6845958.000.000) 11/26 13:05:26 Image size of job updated: 848304
	829  -  MemoryUsage of job (MB)
	848116  -  ResidentSetSize of job (KB)
...
006 (6845958.000.000) 11/26 13:10:26 Image size of job updated: 848304
	829  -  MemoryUsage of job (MB)
	848244  -  ResidentSetSize of job (KB)
...
005 (6845958.000.000) 11/26 13:10:36 Job terminated.
	(1) Normal termination (return value 0)
		Usr 0 00:02:55, Sys 0 00:00:14  -  Run Remote Usage
		Usr 0 00:00:00, Sys 0 00:00:00  -  Run Local Usage
		Usr 0 00:02:55, Sys 0 00:00:14  -  Total Remote Usage
		Usr 0 00:00:00, Sys 0 00:00:00  -  Total Local Usage
	0  -  Run Bytes Sent By Job
	0  -  Run Bytes Received By Job
	0  -  Total Bytes Sent By Job
	0  -  Total Bytes Received By Job
	Partitionable Resources :    Usage  Request Allocated
	   Cpus                 :                 1         1
	   Disk (KB)            :       10       10  59426133
	   Memory (MB)          :      829        1      2007
...
