000 (6845841.000.000) 11/26 13:04:18 Job submitted from host: <130.199.153.67:9618?addrs=130.199.153.67-9618&noUDP&sock=7357_7f42_4>
...
001 (6845841.000.000) 11/26 13:04:55 Job executing on host: <130.199.202.93:9618?addrs=130.199.202.93-9618&noUDP&sock=8288_2598_3>
...
006 (6845841.000.000) 11/26 13:05:04 Image size of job updated: 16268
	15  -  MemoryUsage of job (MB)
	14448  -  ResidentSetSize of job (KB)
...
006 (6845841.000.000) 11/26 13:10:05 Image size of job updated: 898004
	873  -  MemoryUsage of job (MB)
	893704  -  ResidentSetSize of job (KB)
...
006 (6845841.000.000) 11/26 13:15:06 Image size of job updated: 898364
	873  -  MemoryUsage of job (MB)
	893704  -  ResidentSetSize of job (KB)
...
006 (6845841.000.000) 11/26 13:20:06 Image size of job updated: 898712
	873  -  MemoryUsage of job (MB)
	893704  -  ResidentSetSize of job (KB)
...
006 (6845841.000.000) 11/26 13:25:07 Image size of job updated: 898996
	873  -  MemoryUsage of job (MB)
	893704  -  ResidentSetSize of job (KB)
...
006 (6845841.000.000) 11/26 13:30:08 Image size of job updated: 899616
	873  -  MemoryUsage of job (MB)
	893704  -  ResidentSetSize of job (KB)
...
006 (6845841.000.000) 11/26 13:35:08 Image size of job updated: 900212
	873  -  MemoryUsage of job (MB)
	893704  -  ResidentSetSize of job (KB)
...
006 (6845841.000.000) 11/26 13:40:08 Image size of job updated: 900428
	873  -  MemoryUsage of job (MB)
	893704  -  ResidentSetSize of job (KB)
...
006 (6845841.000.000) 11/26 13:45:09 Image size of job updated: 900620
	873  -  MemoryUsage of job (MB)
	893704  -  ResidentSetSize of job (KB)
...
006 (6845841.000.000) 11/26 13:50:10 Image size of job updated: 901672
	873  -  MemoryUsage of job (MB)
	893704  -  ResidentSetSize of job (KB)
...
006 (6845841.000.000) 11/26 13:55:10 Image size of job updated: 901688
	873  -  MemoryUsage of job (MB)
	893704  -  ResidentSetSize of job (KB)
...
006 (6845841.000.000) 11/26 14:05:12 Image size of job updated: 901696
	873  -  MemoryUsage of job (MB)
	893704  -  ResidentSetSize of job (KB)
...
006 (6845841.000.000) 11/26 14:10:13 Image size of job updated: 901708
	873  -  MemoryUsage of job (MB)
	893704  -  ResidentSetSize of job (KB)
...
006 (6845841.000.000) 11/26 14:20:14 Image size of job updated: 901720
	873  -  MemoryUsage of job (MB)
	893704  -  ResidentSetSize of job (KB)
...
006 (6845841.000.000) 11/26 14:25:15 Image size of job updated: 901724
	873  -  MemoryUsage of job (MB)
	893704  -  ResidentSetSize of job (KB)
...
006 (6845841.000.000) 11/26 14:30:15 Image size of job updated: 907012
	873  -  MemoryUsage of job (MB)
	893704  -  ResidentSetSize of job (KB)
...
006 (6845841.000.000) 11/26 14:40:16 Image size of job updated: 934008
	873  -  MemoryUsage of job (MB)
	893704  -  ResidentSetSize of job (KB)
...
005 (6845841.000.000) 11/26 14:42:15 Job terminated.
	(1) Normal termination (return value 0)
		Usr 0 00:05:29, Sys 0 00:02:04  -  Run Remote Usage
		Usr 0 00:00:00, Sys 0 00:00:00  -  Run Local Usage
		Usr 0 00:05:29, Sys 0 00:02:04  -  Total Remote Usage
		Usr 0 00:00:00, Sys 0 00:00:00  -  Total Local Usage
	0  -  Run Bytes Sent By Job
	0  -  Run Bytes Received By Job
	0  -  Total Bytes Sent By Job
	0  -  Total Bytes Received By Job
	Partitionable Resources :    Usage  Request Allocated
	   Cpus                 :                 1         1
	   Disk (KB)            :       10       10  65563578
	   Memory (MB)          :      873        1      2297
...
