000 (6845983.000.000) 11/26 13:04:22 Job submitted from host: <130.199.153.67:9618?addrs=130.199.153.67-9618&noUDP&sock=7357_7f42_4>
...
001 (6845983.000.000) 11/26 13:05:23 Job executing on host: <130.199.150.232:9618?addrs=130.199.150.232-9618&noUDP&sock=21960_298a_3>
...
006 (6845983.000.000) 11/26 13:05:33 Image size of job updated: 847196
	828  -  MemoryUsage of job (MB)
	847008  -  ResidentSetSize of job (KB)
...
006 (6845983.000.000) 11/26 13:08:25 Image size of job updated: 947832
	828  -  MemoryUsage of job (MB)
	847008  -  ResidentSetSize of job (KB)
...
005 (6845983.000.000) 11/26 13:08:28 Job terminated.
	(1) Normal termination (return value 0)
		Usr 0 00:01:44, Sys 0 00:00:12  -  Run Remote Usage
		Usr 0 00:00:00, Sys 0 00:00:00  -  Run Local Usage
		Usr 0 00:01:44, Sys 0 00:00:12  -  Total Remote Usage
		Usr 0 00:00:00, Sys 0 00:00:00  -  Total Local Usage
	0  -  Run Bytes Sent By Job
	0  -  Run Bytes Received By Job
	0  -  Total Bytes Sent By Job
	0  -  Total Bytes Received By Job
	Partitionable Resources :    Usage  Request Allocated
	   Cpus                 :                 1         1
	   Disk (KB)            :       10       10  59426056
	   Memory (MB)          :      828        1      2007
...
