000 (6845944.000.000) 11/26 13:04:22 Job submitted from host: <130.199.153.67:9618?addrs=130.199.153.67-9618&noUDP&sock=7357_7f42_4>
...
001 (6845944.000.000) 11/26 13:05:15 Job executing on host: <130.199.150.236:9618?addrs=130.199.150.236-9618&noUDP&sock=22019_d5c3_3>
...
006 (6845944.000.000) 11/26 13:05:23 Image size of job updated: 46572
	21  -  MemoryUsage of job (MB)
	21068  -  ResidentSetSize of job (KB)
...
006 (6845944.000.000) 11/26 13:10:23 Image size of job updated: 916536
	870  -  MemoryUsage of job (MB)
	889968  -  ResidentSetSize of job (KB)
...
006 (6845944.000.000) 11/26 13:15:24 Image size of job updated: 916948
	870  -  MemoryUsage of job (MB)
	890380  -  ResidentSetSize of job (KB)
...
006 (6845944.000.000) 11/26 13:20:25 Image size of job updated: 917796
	871  -  MemoryUsage of job (MB)
	891228  -  ResidentSetSize of job (KB)
...
006 (6845944.000.000) 11/26 13:25:25 Image size of job updated: 918244
	871  -  MemoryUsage of job (MB)
	891676  -  ResidentSetSize of job (KB)
...
006 (6845944.000.000) 11/26 13:30:26 Image size of job updated: 919332
	872  -  MemoryUsage of job (MB)
	892764  -  ResidentSetSize of job (KB)
...
006 (6845944.000.000) 11/26 13:35:27 Image size of job updated: 919632
	873  -  MemoryUsage of job (MB)
	893032  -  ResidentSetSize of job (KB)
...
006 (6845944.000.000) 11/26 13:40:27 Image size of job updated: 925772
	879  -  MemoryUsage of job (MB)
	899140  -  ResidentSetSize of job (KB)
...
006 (6845944.000.000) 11/26 13:45:27 Image size of job updated: 925772
	879  -  MemoryUsage of job (MB)
	899508  -  ResidentSetSize of job (KB)
...
006 (6845944.000.000) 11/26 13:46:45 Image size of job updated: 929624
	879  -  MemoryUsage of job (MB)
	899508  -  ResidentSetSize of job (KB)
...
005 (6845944.000.000) 11/26 13:46:45 Job terminated.
	(1) Normal termination (return value 0)
		Usr 0 00:02:47, Sys 0 00:00:47  -  Run Remote Usage
		Usr 0 00:00:00, Sys 0 00:00:00  -  Run Local Usage
		Usr 0 00:02:47, Sys 0 00:00:47  -  Total Remote Usage
		Usr 0 00:00:00, Sys 0 00:00:00  -  Total Local Usage
	0  -  Run Bytes Sent By Job
	0  -  Run Bytes Received By Job
	0  -  Total Bytes Sent By Job
	0  -  Total Bytes Received By Job
	Partitionable Resources :    Usage  Request Allocated
	   Cpus                 :                 1         1
	   Disk (KB)            :       10       10  59426138
	   Memory (MB)          :      879        1      2007
...
