000 (6845898.000.000) 11/26 13:04:18 Job submitted from host: <130.199.153.67:9618?addrs=130.199.153.67-9618&noUDP&sock=7357_7f42_4>
...
001 (6845898.000.000) 11/26 13:05:06 Job executing on host: <130.199.150.231:9618?addrs=130.199.150.231-9618&noUDP&sock=21996_8e49_3>
...
006 (6845898.000.000) 11/26 13:05:15 Image size of job updated: 852100
	807  -  MemoryUsage of job (MB)
	825580  -  ResidentSetSize of job (KB)
...
006 (6845898.000.000) 11/26 13:10:16 Image size of job updated: 950300
	902  -  MemoryUsage of job (MB)
	923460  -  ResidentSetSize of job (KB)
...
006 (6845898.000.000) 11/26 13:15:17 Image size of job updated: 952856
	905  -  MemoryUsage of job (MB)
	925740  -  ResidentSetSize of job (KB)
...
006 (6845898.000.000) 11/26 13:20:17 Image size of job updated: 954668
	906  -  MemoryUsage of job (MB)
	927256  -  ResidentSetSize of job (KB)
...
006 (6845898.000.000) 11/26 13:25:17 Image size of job updated: 954784
	906  -  MemoryUsage of job (MB)
	927256  -  ResidentSetSize of job (KB)
...
006 (6845898.000.000) 11/26 13:28:06 Image size of job updated: 972396
	906  -  MemoryUsage of job (MB)
	927256  -  ResidentSetSize of job (KB)
...
005 (6845898.000.000) 11/26 13:28:07 Job terminated.
	(1) Normal termination (return value 0)
		Usr 0 00:06:18, Sys 0 00:00:36  -  Run Remote Usage
		Usr 0 00:00:00, Sys 0 00:00:00  -  Run Local Usage
		Usr 0 00:06:18, Sys 0 00:00:36  -  Total Remote Usage
		Usr 0 00:00:00, Sys 0 00:00:00  -  Total Local Usage
	0  -  Run Bytes Sent By Job
	0  -  Run Bytes Received By Job
	0  -  Total Bytes Sent By Job
	0  -  Total Bytes Received By Job
	Partitionable Resources :    Usage  Request Allocated
	   Cpus                 :                 1         1
	   Disk (KB)            :       10       10  59426133
	   Memory (MB)          :      906        1      2007
...
