000 (6846014.000.000) 11/26 13:04:22 Job submitted from host: <130.199.153.67:9618?addrs=130.199.153.67-9618&noUDP&sock=7357_7f42_4>
...
001 (6846014.000.000) 11/26 13:05:28 Job executing on host: <130.199.202.67:9618?addrs=130.199.202.67-9618&noUDP&sock=20072_a254_3>
...
006 (6846014.000.000) 11/26 13:05:37 Image size of job updated: 618120
	593  -  MemoryUsage of job (MB)
	607232  -  ResidentSetSize of job (KB)
...
005 (6846014.000.000) 11/26 13:06:17 Job terminated.
	(1) Normal termination (return value 0)
		Usr 0 00:00:32, Sys 0 00:00:07  -  Run Remote Usage
		Usr 0 00:00:00, Sys 0 00:00:00  -  Run Local Usage
		Usr 0 00:00:32, Sys 0 00:00:07  -  Total Remote Usage
		Usr 0 00:00:00, Sys 0 00:00:00  -  Total Local Usage
	0  -  Run Bytes Sent By Job
	0  -  Run Bytes Received By Job
	0  -  Total Bytes Sent By Job
	0  -  Total Bytes Received By Job
	Partitionable Resources :    Usage  Request Allocated
	   Cpus                 :                 1         1
	   Disk (KB)            :       10       10  65479245
	   Memory (MB)          :      593        1      2008
...
