000 (6845945.000.000) 11/26 13:04:22 Job submitted from host: <130.199.153.67:9618?addrs=130.199.153.67-9618&noUDP&sock=7357_7f42_4>
...
001 (6845945.000.000) 11/26 13:05:15 Job executing on host: <130.199.150.232:9618?addrs=130.199.150.232-9618&noUDP&sock=21960_298a_3>
...
006 (6845945.000.000) 11/26 13:05:24 Image size of job updated: 823280
	804  -  MemoryUsage of job (MB)
	823104  -  ResidentSetSize of job (KB)
...
006 (6845945.000.000) 11/26 13:10:25 Image size of job updated: 887668
	867  -  MemoryUsage of job (MB)
	887312  -  ResidentSetSize of job (KB)
...
006 (6845945.000.000) 11/26 13:15:25 Image size of job updated: 889732
	869  -  MemoryUsage of job (MB)
	889364  -  ResidentSetSize of job (KB)
...
006 (6845945.000.000) 11/26 13:20:25 Image size of job updated: 892608
	871  -  MemoryUsage of job (MB)
	891508  -  ResidentSetSize of job (KB)
...
005 (6845945.000.000) 11/26 13:23:05 Job terminated.
	(1) Normal termination (return value 0)
		Usr 0 00:02:57, Sys 0 00:00:26  -  Run Remote Usage
		Usr 0 00:00:00, Sys 0 00:00:00  -  Run Local Usage
		Usr 0 00:02:57, Sys 0 00:00:26  -  Total Remote Usage
		Usr 0 00:00:00, Sys 0 00:00:00  -  Total Local Usage
	0  -  Run Bytes Sent By Job
	0  -  Run Bytes Received By Job
	0  -  Total Bytes Sent By Job
	0  -  Total Bytes Received By Job
	Partitionable Resources :    Usage  Request Allocated
	   Cpus                 :                 1         1
	   Disk (KB)            :       10       10  59426056
	   Memory (MB)          :      871        1      2007
...
