000 (6845943.000.000) 11/26 13:04:22 Job submitted from host: <130.199.153.67:9618?addrs=130.199.153.67-9618&noUDP&sock=7357_7f42_4>
...
001 (6845943.000.000) 11/26 13:05:15 Job executing on host: <130.199.150.226:9618?addrs=130.199.150.226-9618&noUDP&sock=22075_8eed_3>
...
006 (6845943.000.000) 11/26 13:05:23 Image size of job updated: 24760
	14  -  MemoryUsage of job (MB)
	13668  -  ResidentSetSize of job (KB)
...
006 (6845943.000.000) 11/26 13:10:23 Image size of job updated: 956844
	909  -  MemoryUsage of job (MB)
	930280  -  ResidentSetSize of job (KB)
...
005 (6845943.000.000) 11/26 13:12:30 Job terminated.
	(1) Normal termination (return value 0)
		Usr 0 00:03:22, Sys 0 00:00:19  -  Run Remote Usage
		Usr 0 00:00:00, Sys 0 00:00:00  -  Run Local Usage
		Usr 0 00:03:22, Sys 0 00:00:19  -  Total Remote Usage
		Usr 0 00:00:00, Sys 0 00:00:00  -  Total Local Usage
	0  -  Run Bytes Sent By Job
	0  -  Run Bytes Received By Job
	0  -  Total Bytes Sent By Job
	0  -  Total Bytes Received By Job
	Partitionable Resources :    Usage  Request Allocated
	   Cpus                 :                 1         1
	   Disk (KB)            :       10       10  59425947
	   Memory (MB)          :      909        1      2007
...
