000 (6845887.000.000) 11/26 13:04:18 Job submitted from host: <130.199.153.67:9618?addrs=130.199.153.67-9618&noUDP&sock=7357_7f42_4>
...
001 (6845887.000.000) 11/26 13:05:04 Job executing on host: <130.199.202.97:9618?addrs=130.199.202.97-9618&noUDP&sock=129860_266e_3>
...
006 (6845887.000.000) 11/26 13:05:13 Image size of job updated: 842704
	822  -  MemoryUsage of job (MB)
	841400  -  ResidentSetSize of job (KB)
...
006 (6845887.000.000) 11/26 13:10:14 Image size of job updated: 910508
	887  -  MemoryUsage of job (MB)
	907700  -  ResidentSetSize of job (KB)
...
006 (6845887.000.000) 11/26 13:15:15 Image size of job updated: 912668
	888  -  MemoryUsage of job (MB)
	909232  -  ResidentSetSize of job (KB)
...
006 (6845887.000.000) 11/26 13:20:15 Image size of job updated: 912992
	889  -  MemoryUsage of job (MB)
	909556  -  ResidentSetSize of job (KB)
...
005 (6845887.000.000) 11/26 13:27:46 Job terminated.
	(1) Normal termination (return value 0)
		Usr 0 00:04:22, Sys 0 00:00:35  -  Run Remote Usage
		Usr 0 00:00:00, Sys 0 00:00:00  -  Run Local Usage
		Usr 0 00:04:22, Sys 0 00:00:35  -  Total Remote Usage
		Usr 0 00:00:00, Sys 0 00:00:00  -  Total Local Usage
	0  -  Run Bytes Sent By Job
	0  -  Run Bytes Received By Job
	0  -  Total Bytes Sent By Job
	0  -  Total Bytes Received By Job
	Partitionable Resources :    Usage  Request Allocated
	   Cpus                 :                 1         1
	   Disk (KB)            :       10       10  65563771
	   Memory (MB)          :      889        1      2297
...
