000 (6845860.000.000) 11/26 13:04:18 Job submitted from host: <130.199.153.67:9618?addrs=130.199.153.67-9618&noUDP&sock=7357_7f42_4>
...
001 (6845860.000.000) 11/26 13:04:58 Job executing on host: <130.199.202.93:9618?addrs=130.199.202.93-9618&noUDP&sock=8288_2598_3>
...
006 (6845860.000.000) 11/26 13:05:07 Image size of job updated: 16256
	16  -  MemoryUsage of job (MB)
	16036  -  ResidentSetSize of job (KB)
...
006 (6845860.000.000) 11/26 13:10:08 Image size of job updated: 925416
	903  -  MemoryUsage of job (MB)
	923652  -  ResidentSetSize of job (KB)
...
006 (6845860.000.000) 11/26 13:15:08 Image size of job updated: 927780
	904  -  MemoryUsage of job (MB)
	924716  -  ResidentSetSize of job (KB)
...
006 (6845860.000.000) 11/26 13:20:08 Image size of job updated: 928344
	904  -  MemoryUsage of job (MB)
	925280  -  ResidentSetSize of job (KB)
...
006 (6845860.000.000) 11/26 13:25:09 Image size of job updated: 928444
	904  -  MemoryUsage of job (MB)
	925380  -  ResidentSetSize of job (KB)
...
006 (6845860.000.000) 11/26 13:28:06 Image size of job updated: 980584
	904  -  MemoryUsage of job (MB)
	925380  -  ResidentSetSize of job (KB)
...
005 (6845860.000.000) 11/26 13:28:06 Job terminated.
	(1) Normal termination (return value 0)
		Usr 0 00:05:23, Sys 0 00:00:44  -  Run Remote Usage
		Usr 0 00:00:00, Sys 0 00:00:00  -  Run Local Usage
		Usr 0 00:05:23, Sys 0 00:00:44  -  Total Remote Usage
		Usr 0 00:00:00, Sys 0 00:00:00  -  Total Local Usage
	0  -  Run Bytes Sent By Job
	0  -  Run Bytes Received By Job
	0  -  Total Bytes Sent By Job
	0  -  Total Bytes Received By Job
	Partitionable Resources :    Usage  Request Allocated
	   Cpus                 :                 1         1
	   Disk (KB)            :       10       10  65563578
	   Memory (MB)          :      904        1      2297
...
