000 (6845849.000.000) 11/26 13:04:18 Job submitted from host: <130.199.153.67:9618?addrs=130.199.153.67-9618&noUDP&sock=7357_7f42_4>
...
001 (6845849.000.000) 11/26 13:04:57 Job executing on host: <130.199.202.98:9618?addrs=130.199.202.98-9618&noUDP&sock=178572_e217_3>
...
006 (6845849.000.000) 11/26 13:05:06 Image size of job updated: 838068
	819  -  MemoryUsage of job (MB)
	837808  -  ResidentSetSize of job (KB)
...
006 (6845849.000.000) 11/26 13:10:07 Image size of job updated: 912400
	891  -  MemoryUsage of job (MB)
	912128  -  ResidentSetSize of job (KB)
...
006 (6845849.000.000) 11/26 13:15:07 Image size of job updated: 914088
	893  -  MemoryUsage of job (MB)
	913816  -  ResidentSetSize of job (KB)
...
006 (6845849.000.000) 11/26 13:20:07 Image size of job updated: 914396
	893  -  MemoryUsage of job (MB)
	914124  -  ResidentSetSize of job (KB)
...
006 (6845849.000.000) 11/26 13:29:51 Image size of job updated: 936756
	893  -  MemoryUsage of job (MB)
	914124  -  ResidentSetSize of job (KB)
...
005 (6845849.000.000) 11/26 13:30:08 Job terminated.
	(1) Normal termination (return value 0)
		Usr 0 00:05:09, Sys 0 00:00:40  -  Run Remote Usage
		Usr 0 00:00:00, Sys 0 00:00:00  -  Run Local Usage
		Usr 0 00:05:09, Sys 0 00:00:40  -  Total Remote Usage
		Usr 0 00:00:00, Sys 0 00:00:00  -  Total Local Usage
	0  -  Run Bytes Sent By Job
	0  -  Run Bytes Received By Job
	0  -  Total Bytes Sent By Job
	0  -  Total Bytes Received By Job
	Partitionable Resources :    Usage  Request Allocated
	   Cpus                 :                 1         1
	   Disk (KB)            :       10       10  65563928
	   Memory (MB)          :      893        1      2297
...
