000 (6845934.000.000) 11/26 13:04:22 Job submitted from host: <130.199.153.67:9618?addrs=130.199.153.67-9618&noUDP&sock=7357_7f42_4>
...
001 (6845934.000.000) 11/26 13:05:13 Job executing on host: <130.199.202.85:9618?addrs=130.199.202.85-9618&noUDP&sock=154183_1293_3>
...
006 (6845934.000.000) 11/26 13:05:22 Image size of job updated: 816280
	797  -  MemoryUsage of job (MB)
	816104  -  ResidentSetSize of job (KB)
...
006 (6845934.000.000) 11/26 13:10:23 Image size of job updated: 891856
	870  -  MemoryUsage of job (MB)
	890772  -  ResidentSetSize of job (KB)
...
006 (6845934.000.000) 11/26 13:15:24 Image size of job updated: 895948
	871  -  MemoryUsage of job (MB)
	891056  -  ResidentSetSize of job (KB)
...
006 (6845934.000.000) 11/26 13:20:24 Image size of job updated: 896296
	871  -  MemoryUsage of job (MB)
	891056  -  ResidentSetSize of job (KB)
...
006 (6845934.000.000) 11/26 13:25:25 Image size of job updated: 896620
	871  -  MemoryUsage of job (MB)
	891056  -  ResidentSetSize of job (KB)
...
006 (6845934.000.000) 11/26 13:30:26 Image size of job updated: 897808
	871  -  MemoryUsage of job (MB)
	891056  -  ResidentSetSize of job (KB)
...
006 (6845934.000.000) 11/26 13:35:26 Image size of job updated: 898064
	871  -  MemoryUsage of job (MB)
	891056  -  ResidentSetSize of job (KB)
...
006 (6845934.000.000) 11/26 13:40:26 Image size of job updated: 898340
	871  -  MemoryUsage of job (MB)
	891056  -  ResidentSetSize of job (KB)
...
006 (6845934.000.000) 11/26 13:45:27 Image size of job updated: 899220
	871  -  MemoryUsage of job (MB)
	891056  -  ResidentSetSize of job (KB)
...
006 (6845934.000.000) 11/26 13:50:27 Image size of job updated: 899232
	871  -  MemoryUsage of job (MB)
	891056  -  ResidentSetSize of job (KB)
...
006 (6845934.000.000) 11/26 13:55:27 Image size of job updated: 899248
	871  -  MemoryUsage of job (MB)
	891056  -  ResidentSetSize of job (KB)
...
005 (6845934.000.000) 11/26 13:57:09 Job terminated.
	(1) Normal termination (return value 0)
		Usr 0 00:02:59, Sys 0 00:01:07  -  Run Remote Usage
		Usr 0 00:00:00, Sys 0 00:00:00  -  Run Local Usage
		Usr 0 00:02:59, Sys 0 00:01:07  -  Total Remote Usage
		Usr 0 00:00:00, Sys 0 00:00:00  -  Total Local Usage
	0  -  Run Bytes Sent By Job
	0  -  Run Bytes Received By Job
	0  -  Total Bytes Sent By Job
	0  -  Total Bytes Received By Job
	Partitionable Resources :    Usage  Request Allocated
	   Cpus                 :                 1         1
	   Disk (KB)            :       10       10  65563889
	   Memory (MB)          :      871        1      2297
...
