000 (6845891.000.000) 11/26 13:04:18 Job submitted from host: <130.199.153.67:9618?addrs=130.199.153.67-9618&noUDP&sock=7357_7f42_4>
...
001 (6845891.000.000) 11/26 13:05:05 Job executing on host: <130.199.202.94:9618?addrs=130.199.202.94-9618&noUDP&sock=12202_e0e2_3>
...
006 (6845891.000.000) 11/26 13:05:14 Image size of job updated: 831520
	810  -  MemoryUsage of job (MB)
	829076  -  ResidentSetSize of job (KB)
...
006 (6845891.000.000) 11/26 13:10:15 Image size of job updated: 906664
	884  -  MemoryUsage of job (MB)
	904196  -  ResidentSetSize of job (KB)
...
006 (6845891.000.000) 11/26 13:15:16 Image size of job updated: 908972
	886  -  MemoryUsage of job (MB)
	906500  -  ResidentSetSize of job (KB)
...
006 (6845891.000.000) 11/26 13:20:16 Image size of job updated: 909032
	886  -  MemoryUsage of job (MB)
	906560  -  ResidentSetSize of job (KB)
...
006 (6845891.000.000) 11/26 13:25:16 Image size of job updated: 909036
	886  -  MemoryUsage of job (MB)
	906564  -  ResidentSetSize of job (KB)
...
005 (6845891.000.000) 11/26 13:25:48 Job terminated.
	(1) Normal termination (return value 0)
		Usr 0 00:04:02, Sys 0 00:00:35  -  Run Remote Usage
		Usr 0 00:00:00, Sys 0 00:00:00  -  Run Local Usage
		Usr 0 00:04:02, Sys 0 00:00:35  -  Total Remote Usage
		Usr 0 00:00:00, Sys 0 00:00:00  -  Total Local Usage
	0  -  Run Bytes Sent By Job
	0  -  Run Bytes Received By Job
	0  -  Total Bytes Sent By Job
	0  -  Total Bytes Received By Job
	Partitionable Resources :    Usage  Request Allocated
	   Cpus                 :                 1         1
	   Disk (KB)            :       10       10  65563834
	   Memory (MB)          :      886        1      2297
...
