000 (6845839.000.000) 11/26 13:04:18 Job submitted from host: <130.199.153.67:9618?addrs=130.199.153.67-9618&noUDP&sock=7357_7f42_4>
...
001 (6845839.000.000) 11/26 13:04:55 Job executing on host: <130.199.202.114:9618?addrs=130.199.202.114-9618&noUDP&sock=225847_d2e9_3>
...
006 (6845839.000.000) 11/26 13:05:03 Image size of job updated: 822548
	804  -  MemoryUsage of job (MB)
	822372  -  ResidentSetSize of job (KB)
...
006 (6845839.000.000) 11/26 13:10:03 Image size of job updated: 894580
	874  -  MemoryUsage of job (MB)
	894392  -  ResidentSetSize of job (KB)
...
006 (6845839.000.000) 11/26 13:15:04 Image size of job updated: 895108
	874  -  MemoryUsage of job (MB)
	894920  -  ResidentSetSize of job (KB)
...
006 (6845839.000.000) 11/26 13:20:05 Image size of job updated: 895452
	875  -  MemoryUsage of job (MB)
	895264  -  ResidentSetSize of job (KB)
...
006 (6845839.000.000) 11/26 13:25:05 Image size of job updated: 895784
	875  -  MemoryUsage of job (MB)
	895596  -  ResidentSetSize of job (KB)
...
006 (6845839.000.000) 11/26 13:30:05 Image size of job updated: 898224
	877  -  MemoryUsage of job (MB)
	898036  -  ResidentSetSize of job (KB)
...
006 (6845839.000.000) 11/26 13:35:06 Image size of job updated: 898708
	878  -  MemoryUsage of job (MB)
	898520  -  ResidentSetSize of job (KB)
...
006 (6845839.000.000) 11/26 13:40:07 Image size of job updated: 899532
	879  -  MemoryUsage of job (MB)
	899344  -  ResidentSetSize of job (KB)
...
006 (6845839.000.000) 11/26 13:45:07 Image size of job updated: 899908
	879  -  MemoryUsage of job (MB)
	899720  -  ResidentSetSize of job (KB)
...
006 (6845839.000.000) 11/26 13:50:07 Image size of job updated: 899916
	879  -  MemoryUsage of job (MB)
	899728  -  ResidentSetSize of job (KB)
...
006 (6845839.000.000) 11/26 13:55:08 Image size of job updated: 899932
	879  -  MemoryUsage of job (MB)
	899744  -  ResidentSetSize of job (KB)
...
006 (6845839.000.000) 11/26 14:00:09 Image size of job updated: 899940
	879  -  MemoryUsage of job (MB)
	899752  -  ResidentSetSize of job (KB)
...
006 (6845839.000.000) 11/26 14:05:09 Image size of job updated: 899956
	879  -  MemoryUsage of job (MB)
	899768  -  ResidentSetSize of job (KB)
...
006 (6845839.000.000) 11/26 14:10:09 Image size of job updated: 899960
	879  -  MemoryUsage of job (MB)
	899772  -  ResidentSetSize of job (KB)
...
006 (6845839.000.000) 11/26 14:15:10 Image size of job updated: 899976
	879  -  MemoryUsage of job (MB)
	899788  -  ResidentSetSize of job (KB)
...
006 (6845839.000.000) 11/26 14:20:10 Image size of job updated: 899988
	879  -  MemoryUsage of job (MB)
	899800  -  ResidentSetSize of job (KB)
...
006 (6845839.000.000) 11/26 14:25:10 Image size of job updated: 900000
	879  -  MemoryUsage of job (MB)
	899812  -  ResidentSetSize of job (KB)
...
006 (6845839.000.000) 11/26 14:29:57 Image size of job updated: 952248
	879  -  MemoryUsage of job (MB)
	899812  -  ResidentSetSize of job (KB)
...
005 (6845839.000.000) 11/26 14:29:57 Job terminated.
	(1) Normal termination (return value 0)
		Usr 0 00:04:49, Sys 0 00:02:13  -  Run Remote Usage
		Usr 0 00:00:00, Sys 0 00:00:00  -  Run Local Usage
		Usr 0 00:04:49, Sys 0 00:02:13  -  Total Remote Usage
		Usr 0 00:00:00, Sys 0 00:00:00  -  Total Local Usage
	0  -  Run Bytes Sent By Job
	0  -  Run Bytes Received By Job
	0  -  Total Bytes Sent By Job
	0  -  Total Bytes Received By Job
	Partitionable Resources :    Usage  Request Allocated
	   Cpus                 :                 1         1
	   Disk (KB)            :       10       10  66832019
	   Memory (MB)          :      879        1      2665
...
