000 (6845867.000.000) 11/26 13:04:18 Job submitted from host: <130.199.153.67:9618?addrs=130.199.153.67-9618&noUDP&sock=7357_7f42_4>
...
001 (6845867.000.000) 11/26 13:05:00 Job executing on host: <130.199.202.98:9618?addrs=130.199.202.98-9618&noUDP&sock=178572_e217_3>
...
006 (6845867.000.000) 11/26 13:05:08 Image size of job updated: 775656
	758  -  MemoryUsage of job (MB)
	775480  -  ResidentSetSize of job (KB)
...
006 (6845867.000.000) 11/26 13:10:08 Image size of job updated: 896268
	875  -  MemoryUsage of job (MB)
	895444  -  ResidentSetSize of job (KB)
...
006 (6845867.000.000) 11/26 13:15:09 Image size of job updated: 896672
	875  -  MemoryUsage of job (MB)
	895444  -  ResidentSetSize of job (KB)
...
006 (6845867.000.000) 11/26 13:20:10 Image size of job updated: 896944
	875  -  MemoryUsage of job (MB)
	895444  -  ResidentSetSize of job (KB)
...
006 (6845867.000.000) 11/26 13:25:10 Image size of job updated: 897260
	875  -  MemoryUsage of job (MB)
	895444  -  ResidentSetSize of job (KB)
...
006 (6845867.000.000) 11/26 13:30:11 Image size of job updated: 897560
	875  -  MemoryUsage of job (MB)
	895444  -  ResidentSetSize of job (KB)
...
006 (6845867.000.000) 11/26 13:35:13 Image size of job updated: 898596
	875  -  MemoryUsage of job (MB)
	895444  -  ResidentSetSize of job (KB)
...
006 (6845867.000.000) 11/26 13:40:13 Image size of job updated: 898832
	875  -  MemoryUsage of job (MB)
	895444  -  ResidentSetSize of job (KB)
...
006 (6845867.000.000) 11/26 13:45:13 Image size of job updated: 899040
	875  -  MemoryUsage of job (MB)
	895444  -  ResidentSetSize of job (KB)
...
006 (6845867.000.000) 11/26 13:50:14 Image size of job updated: 899260
	875  -  MemoryUsage of job (MB)
	895444  -  ResidentSetSize of job (KB)
...
006 (6845867.000.000) 11/26 13:55:15 Image size of job updated: 900144
	875  -  MemoryUsage of job (MB)
	895444  -  ResidentSetSize of job (KB)
...
006 (6845867.000.000) 11/26 14:00:15 Image size of job updated: 900152
	875  -  MemoryUsage of job (MB)
	895444  -  ResidentSetSize of job (KB)
...
006 (6845867.000.000) 11/26 14:05:15 Image size of job updated: 900164
	875  -  MemoryUsage of job (MB)
	895444  -  ResidentSetSize of job (KB)
...
006 (6845867.000.000) 11/26 14:10:16 Image size of job updated: 900176
	875  -  MemoryUsage of job (MB)
	895444  -  ResidentSetSize of job (KB)
...
006 (6845867.000.000) 11/26 14:15:16 Image size of job updated: 900188
	875  -  MemoryUsage of job (MB)
	895444  -  ResidentSetSize of job (KB)
...
006 (6845867.000.000) 11/26 14:20:16 Image size of job updated: 900192
	875  -  MemoryUsage of job (MB)
	895444  -  ResidentSetSize of job (KB)
...
006 (6845867.000.000) 11/26 14:25:17 Image size of job updated: 900212
	875  -  MemoryUsage of job (MB)
	895444  -  ResidentSetSize of job (KB)
...
006 (6845867.000.000) 11/26 14:30:18 Image size of job updated: 900228
	875  -  MemoryUsage of job (MB)
	895444  -  ResidentSetSize of job (KB)
...
006 (6845867.000.000) 11/26 14:35:18 Image size of job updated: 900244
	875  -  MemoryUsage of job (MB)
	895444  -  ResidentSetSize of job (KB)
...
006 (6845867.000.000) 11/26 14:40:18 Image size of job updated: 900256
	875  -  MemoryUsage of job (MB)
	895444  -  ResidentSetSize of job (KB)
...
005 (6845867.000.000) 11/26 14:41:58 Job terminated.
	(1) Normal termination (return value 0)
		Usr 0 00:05:46, Sys 0 00:02:06  -  Run Remote Usage
		Usr 0 00:00:00, Sys 0 00:00:00  -  Run Local Usage
		Usr 0 00:05:46, Sys 0 00:02:06  -  Total Remote Usage
		Usr 0 00:00:00, Sys 0 00:00:00  -  Total Local Usage
	0  -  Run Bytes Sent By Job
	0  -  Run Bytes Received By Job
	0  -  Total Bytes Sent By Job
	0  -  Total Bytes Received By Job
	Partitionable Resources :    Usage  Request Allocated
	   Cpus                 :                 1         1
	   Disk (KB)            :       10       10  65563928
	   Memory (MB)          :      875        1      2297
...
