000 (6845954.000.000) 11/26 13:04:22 Job submitted from host: <130.199.153.67:9618?addrs=130.199.153.67-9618&noUDP&sock=7357_7f42_4>
...
001 (6845954.000.000) 11/26 13:05:16 Job executing on host: <130.199.150.253:9618?addrs=130.199.150.253-9618&noUDP&sock=22474_d636_3>
...
006 (6845954.000.000) 11/26 13:05:25 Image size of job updated: 844444
	799  -  MemoryUsage of job (MB)
	817920  -  ResidentSetSize of job (KB)
...
006 (6845954.000.000) 11/26 13:10:26 Image size of job updated: 920008
	872  -  MemoryUsage of job (MB)
	892288  -  ResidentSetSize of job (KB)
...
006 (6845954.000.000) 11/26 13:15:26 Image size of job updated: 923460
	874  -  MemoryUsage of job (MB)
	894160  -  ResidentSetSize of job (KB)
...
006 (6845954.000.000) 11/26 13:20:27 Image size of job updated: 925604
	874  -  MemoryUsage of job (MB)
	894160  -  ResidentSetSize of job (KB)
...
006 (6845954.000.000) 11/26 13:21:48 Image size of job updated: 943560
	874  -  MemoryUsage of job (MB)
	894160  -  ResidentSetSize of job (KB)
...
005 (6845954.000.000) 11/26 13:22:08 Job terminated.
	(1) Normal termination (return value 0)
		Usr 0 00:02:19, Sys 0 00:00:22  -  Run Remote Usage
		Usr 0 00:00:00, Sys 0 00:00:00  -  Run Local Usage
		Usr 0 00:02:19, Sys 0 00:00:22  -  Total Remote Usage
		Usr 0 00:00:00, Sys 0 00:00:00  -  Total Local Usage
	0  -  Run Bytes Sent By Job
	0  -  Run Bytes Received By Job
	0  -  Total Bytes Sent By Job
	0  -  Total Bytes Received By Job
	Partitionable Resources :    Usage  Request Allocated
	   Cpus                 :                 1         1
	   Disk (KB)            :       10       10  59426049
	   Memory (MB)          :      874        1      2007
...
