000 (6845920.000.000) 11/26 13:04:18 Job submitted from host: <130.199.153.67:9618?addrs=130.199.153.67-9618&noUDP&sock=7357_7f42_4>
...
001 (6845920.000.000) 11/26 13:05:11 Job executing on host: <130.199.150.221:9618?addrs=130.199.150.221-9618&noUDP&sock=8829_5dd4_3>
...
006 (6845920.000.000) 11/26 13:05:19 Image size of job updated: 14824
	13  -  MemoryUsage of job (MB)
	12520  -  ResidentSetSize of job (KB)
...
006 (6845920.000.000) 11/26 13:10:19 Image size of job updated: 917316
	870  -  MemoryUsage of job (MB)
	890688  -  ResidentSetSize of job (KB)
...
006 (6845920.000.000) 11/26 13:15:20 Image size of job updated: 919204
	870  -  MemoryUsage of job (MB)
	890688  -  ResidentSetSize of job (KB)
...
006 (6845920.000.000) 11/26 13:20:21 Image size of job updated: 920760
	870  -  MemoryUsage of job (MB)
	890688  -  ResidentSetSize of job (KB)
...
006 (6845920.000.000) 11/26 13:25:21 Image size of job updated: 921084
	870  -  MemoryUsage of job (MB)
	890688  -  ResidentSetSize of job (KB)
...
006 (6845920.000.000) 11/26 13:30:21 Image size of job updated: 922748
	870  -  MemoryUsage of job (MB)
	890688  -  ResidentSetSize of job (KB)
...
006 (6845920.000.000) 11/26 13:35:22 Image size of job updated: 930276
	870  -  MemoryUsage of job (MB)
	890688  -  ResidentSetSize of job (KB)
...
006 (6845920.000.000) 11/26 13:40:22 Image size of job updated: 931748
	870  -  MemoryUsage of job (MB)
	890688  -  ResidentSetSize of job (KB)
...
006 (6845920.000.000) 11/26 13:45:22 Image size of job updated: 978048
	870  -  MemoryUsage of job (MB)
	890688  -  ResidentSetSize of job (KB)
...
005 (6845920.000.000) 11/26 13:55:43 Job terminated.
	(1) Normal termination (return value 0)
		Usr 0 00:03:37, Sys 0 00:00:52  -  Run Remote Usage
		Usr 0 00:00:00, Sys 0 00:00:00  -  Run Local Usage
		Usr 0 00:03:37, Sys 0 00:00:52  -  Total Remote Usage
		Usr 0 00:00:00, Sys 0 00:00:00  -  Total Local Usage
	0  -  Run Bytes Sent By Job
	0  -  Run Bytes Received By Job
	0  -  Total Bytes Sent By Job
	0  -  Total Bytes Received By Job
	Partitionable Resources :    Usage  Request Allocated
	   Cpus                 :                 1         1
	   Disk (KB)            :       10       10  59425716
	   Memory (MB)          :      870        1      2007
...
