000 (6846002.000.000) 11/26 13:04:22 Job submitted from host: <130.199.153.67:9618?addrs=130.199.153.67-9618&noUDP&sock=7357_7f42_4>
...
001 (6846002.000.000) 11/26 13:05:26 Job executing on host: <130.199.150.215:9618?addrs=130.199.150.215-9618&noUDP&sock=22007_0983_3>
...
006 (6846002.000.000) 11/26 13:05:35 Image size of job updated: 163256
	134  -  MemoryUsage of job (MB)
	136780  -  ResidentSetSize of job (KB)
...
006 (6846002.000.000) 11/26 13:10:38 Image size of job updated: 914540
	868  -  MemoryUsage of job (MB)
	887980  -  ResidentSetSize of job (KB)
...
005 (6846002.000.000) 11/26 13:15:43 Job terminated.
	(1) Normal termination (return value 0)
		Usr 0 00:01:08, Sys 0 00:00:14  -  Run Remote Usage
		Usr 0 00:00:00, Sys 0 00:00:00  -  Run Local Usage
		Usr 0 00:01:08, Sys 0 00:00:14  -  Total Remote Usage
		Usr 0 00:00:00, Sys 0 00:00:00  -  Total Local Usage
	0  -  Run Bytes Sent By Job
	0  -  Run Bytes Received By Job
	0  -  Total Bytes Sent By Job
	0  -  Total Bytes Received By Job
	Partitionable Resources :    Usage  Request Allocated
	   Cpus                 :                 1         1
	   Disk (KB)            :       10       10  59426181
	   Memory (MB)          :      868        1      2007
...
