000 (6845986.000.000) 11/26 13:04:22 Job submitted from host: <130.199.153.67:9618?addrs=130.199.153.67-9618&noUDP&sock=7357_7f42_4>
...
001 (6845986.000.000) 11/26 13:05:23 Job executing on host: <130.199.202.51:9618?addrs=130.199.202.51-9618&noUDP&sock=5283_1a30_3>
...
006 (6845986.000.000) 11/26 13:05:32 Image size of job updated: 14908
	13  -  MemoryUsage of job (MB)
	12560  -  ResidentSetSize of job (KB)
...
006 (6845986.000.000) 11/26 13:10:33 Image size of job updated: 925060
	877  -  MemoryUsage of job (MB)
	897708  -  ResidentSetSize of job (KB)
...
005 (6845986.000.000) 11/26 13:15:01 Job terminated.
	(1) Normal termination (return value 0)
		Usr 0 00:01:09, Sys 0 00:00:16  -  Run Remote Usage
		Usr 0 00:00:00, Sys 0 00:00:00  -  Run Local Usage
		Usr 0 00:01:09, Sys 0 00:00:16  -  Total Remote Usage
		Usr 0 00:00:00, Sys 0 00:00:00  -  Total Local Usage
	0  -  Run Bytes Sent By Job
	0  -  Run Bytes Received By Job
	0  -  Total Bytes Sent By Job
	0  -  Total Bytes Received By Job
	Partitionable Resources :    Usage  Request Allocated
	   Cpus                 :                 1         1
	   Disk (KB)            :       10       10  65479092
	   Memory (MB)          :      877        1      2008
...
