000 (6846057.000.000) 11/26 13:04:27 Job submitted from host: <130.199.153.67:9618?addrs=130.199.153.67-9618&noUDP&sock=7357_7f42_4>
...
001 (6846057.000.000) 11/26 13:05:36 Job executing on host: <130.199.202.38:9618?addrs=130.199.202.38-9618&noUDP&sock=38764_6a87_3>
...
006 (6846057.000.000) 11/26 13:05:45 Image size of job updated: 46704
	21  -  MemoryUsage of job (MB)
	21200  -  ResidentSetSize of job (KB)
...
006 (6846057.000.000) 11/26 13:07:08 Image size of job updated: 959260
	21  -  MemoryUsage of job (MB)
	21200  -  ResidentSetSize of job (KB)
...
005 (6846057.000.000) 11/26 13:07:08 Job terminated.
	(1) Normal termination (return value 0)
		Usr 0 00:00:14, Sys 0 00:00:04  -  Run Remote Usage
		Usr 0 00:00:00, Sys 0 00:00:00  -  Run Local Usage
		Usr 0 00:00:14, Sys 0 00:00:04  -  Total Remote Usage
		Usr 0 00:00:00, Sys 0 00:00:00  -  Total Local Usage
	0  -  Run Bytes Sent By Job
	0  -  Run Bytes Received By Job
	0  -  Total Bytes Sent By Job
	0  -  Total Bytes Received By Job
	Partitionable Resources :    Usage  Request Allocated
	   Cpus                 :                 1         1
	   Disk (KB)            :       10       10  65479256
	   Memory (MB)          :       21        1      2008
...
