000 (6845969.000.000) 11/26 13:04:22 Job submitted from host: <130.199.153.67:9618?addrs=130.199.153.67-9618&noUDP&sock=7357_7f42_4>
...
001 (6845969.000.000) 11/26 13:05:20 Job executing on host: <130.199.202.66:9618?addrs=130.199.202.66-9618&noUDP&sock=21319_4b3a_3>
...
006 (6845969.000.000) 11/26 13:05:29 Image size of job updated: 816792
	798  -  MemoryUsage of job (MB)
	816616  -  ResidentSetSize of job (KB)
...
006 (6845969.000.000) 11/26 13:10:29 Image size of job updated: 889284
	868  -  MemoryUsage of job (MB)
	888424  -  ResidentSetSize of job (KB)
...
006 (6845969.000.000) 11/26 13:15:29 Image size of job updated: 891820
	868  -  MemoryUsage of job (MB)
	888424  -  ResidentSetSize of job (KB)
...
006 (6845969.000.000) 11/26 13:20:29 Image size of job updated: 893492
	868  -  MemoryUsage of job (MB)
	888424  -  ResidentSetSize of job (KB)
...
005 (6845969.000.000) 11/26 13:22:43 Job terminated.
	(1) Normal termination (return value 0)
		Usr 0 00:02:24, Sys 0 00:00:21  -  Run Remote Usage
		Usr 0 00:00:00, Sys 0 00:00:00  -  Run Local Usage
		Usr 0 00:02:24, Sys 0 00:00:21  -  Total Remote Usage
		Usr 0 00:00:00, Sys 0 00:00:00  -  Total Local Usage
	0  -  Run Bytes Sent By Job
	0  -  Run Bytes Received By Job
	0  -  Total Bytes Sent By Job
	0  -  Total Bytes Received By Job
	Partitionable Resources :    Usage  Request Allocated
	   Cpus                 :                 1         1
	   Disk (KB)            :       10       10  65479220
	   Memory (MB)          :      868        1      2008
...
