000 (6845959.000.000) 11/26 13:04:22 Job submitted from host: <130.199.153.67:9618?addrs=130.199.153.67-9618&noUDP&sock=7357_7f42_4>
...
001 (6845959.000.000) 11/26 13:05:18 Job executing on host: <130.199.150.245:9618?addrs=130.199.150.245-9618&noUDP&sock=21987_b519_3>
...
006 (6845959.000.000) 11/26 13:05:27 Image size of job updated: 58556
	32  -  MemoryUsage of job (MB)
	32080  -  ResidentSetSize of job (KB)
...
006 (6845959.000.000) 11/26 13:10:28 Image size of job updated: 915428
	869  -  MemoryUsage of job (MB)
	888868  -  ResidentSetSize of job (KB)
...
006 (6845959.000.000) 11/26 13:15:29 Image size of job updated: 916672
	870  -  MemoryUsage of job (MB)
	890112  -  ResidentSetSize of job (KB)
...
006 (6845959.000.000) 11/26 13:20:29 Image size of job updated: 919396
	871  -  MemoryUsage of job (MB)
	891588  -  ResidentSetSize of job (KB)
...
006 (6845959.000.000) 11/26 13:23:32 Image size of job updated: 1261444
	871  -  MemoryUsage of job (MB)
	891588  -  ResidentSetSize of job (KB)
...
005 (6845959.000.000) 11/26 13:23:32 Job terminated.
	(1) Normal termination (return value 0)
		Usr 0 00:02:47, Sys 0 00:00:28  -  Run Remote Usage
		Usr 0 00:00:00, Sys 0 00:00:00  -  Run Local Usage
		Usr 0 00:02:47, Sys 0 00:00:28  -  Total Remote Usage
		Usr 0 00:00:00, Sys 0 00:00:00  -  Total Local Usage
	0  -  Run Bytes Sent By Job
	0  -  Run Bytes Received By Job
	0  -  Total Bytes Sent By Job
	0  -  Total Bytes Received By Job
	Partitionable Resources :    Usage  Request Allocated
	   Cpus                 :                 1         1
	   Disk (KB)            :       10       10  59426234
	   Memory (MB)          :      871        1      2007
...
