000 (6845914.000.000) 11/26 13:04:18 Job submitted from host: <130.199.153.67:9618?addrs=130.199.153.67-9618&noUDP&sock=7357_7f42_4>
...
001 (6845914.000.000) 11/26 13:05:08 Job executing on host: <130.199.150.219:9618?addrs=130.199.150.219-9618&noUDP&sock=22597_c3c4_3>
...
006 (6845914.000.000) 11/26 13:05:17 Image size of job updated: 854848
	835  -  MemoryUsage of job (MB)
	854656  -  ResidentSetSize of job (KB)
...
006 (6845914.000.000) 11/26 13:10:18 Image size of job updated: 929416
	908  -  MemoryUsage of job (MB)
	929212  -  ResidentSetSize of job (KB)
...
006 (6845914.000.000) 11/26 13:10:38 Image size of job updated: 973900
	908  -  MemoryUsage of job (MB)
	929212  -  ResidentSetSize of job (KB)
...
005 (6845914.000.000) 11/26 13:10:38 Job terminated.
	(1) Normal termination (return value 0)
		Usr 0 00:04:35, Sys 0 00:00:17  -  Run Remote Usage
		Usr 0 00:00:00, Sys 0 00:00:00  -  Run Local Usage
		Usr 0 00:04:35, Sys 0 00:00:17  -  Total Remote Usage
		Usr 0 00:00:00, Sys 0 00:00:00  -  Total Local Usage
	0  -  Run Bytes Sent By Job
	0  -  Run Bytes Received By Job
	0  -  Total Bytes Sent By Job
	0  -  Total Bytes Received By Job
	Partitionable Resources :    Usage  Request Allocated
	   Cpus                 :                 1         1
	   Disk (KB)            :       10       10  59425972
	   Memory (MB)          :      908        1      2007
...
