000 (6845953.000.000) 11/26 13:04:22 Job submitted from host: <130.199.153.67:9618?addrs=130.199.153.67-9618&noUDP&sock=7357_7f42_4>
...
001 (6845953.000.000) 11/26 13:05:17 Job executing on host: <130.199.150.205:9618?addrs=130.199.150.205-9618&noUDP&sock=21966_0fa9_3>
...
006 (6845953.000.000) 11/26 13:05:25 Image size of job updated: 14708
	14  -  MemoryUsage of job (MB)
	14220  -  ResidentSetSize of job (KB)
...
006 (6845953.000.000) 11/26 13:10:25 Image size of job updated: 893112
	872  -  MemoryUsage of job (MB)
	892264  -  ResidentSetSize of job (KB)
...
006 (6845953.000.000) 11/26 13:15:25 Image size of job updated: 893896
	873  -  MemoryUsage of job (MB)
	893048  -  ResidentSetSize of job (KB)
...
006 (6845953.000.000) 11/26 13:20:26 Image size of job updated: 895944
	875  -  MemoryUsage of job (MB)
	895096  -  ResidentSetSize of job (KB)
...
005 (6845953.000.000) 11/26 13:22:38 Job terminated.
	(1) Normal termination (return value 0)
		Usr 0 00:02:22, Sys 0 00:00:28  -  Run Remote Usage
		Usr 0 00:00:00, Sys 0 00:00:00  -  Run Local Usage
		Usr 0 00:02:22, Sys 0 00:00:28  -  Total Remote Usage
		Usr 0 00:00:00, Sys 0 00:00:00  -  Total Local Usage
	0  -  Run Bytes Sent By Job
	0  -  Run Bytes Received By Job
	0  -  Total Bytes Sent By Job
	0  -  Total Bytes Received By Job
	Partitionable Resources :    Usage  Request Allocated
	   Cpus                 :                 1         1
	   Disk (KB)            :       10       10  59426227
	   Memory (MB)          :      875        1      2007
...
