000 (6846029.000.000) 11/26 13:04:22 Job submitted from host: <130.199.153.67:9618?addrs=130.199.153.67-9618&noUDP&sock=7357_7f42_4>
...
001 (6846029.000.000) 11/26 13:05:33 Job executing on host: <130.199.150.229:9618?addrs=130.199.150.229-9618&noUDP&sock=13646_e2df_3>
...
006 (6846029.000.000) 11/26 13:05:41 Image size of job updated: 810408
	792  -  MemoryUsage of job (MB)
	810232  -  ResidentSetSize of job (KB)
...
006 (6846029.000.000) 11/26 13:10:30 Image size of job updated: 1323428
	792  -  MemoryUsage of job (MB)
	810232  -  ResidentSetSize of job (KB)
...
005 (6846029.000.000) 11/26 13:10:30 Job terminated.
	(1) Normal termination (return value 0)
		Usr 0 00:00:23, Sys 0 00:00:09  -  Run Remote Usage
		Usr 0 00:00:00, Sys 0 00:00:00  -  Run Local Usage
		Usr 0 00:00:23, Sys 0 00:00:09  -  Total Remote Usage
		Usr 0 00:00:00, Sys 0 00:00:00  -  Total Local Usage
	0  -  Run Bytes Sent By Job
	0  -  Run Bytes Received By Job
	0  -  Total Bytes Sent By Job
	0  -  Total Bytes Received By Job
	Partitionable Resources :    Usage  Request Allocated
	   Cpus                 :                 1         1
	   Disk (KB)            :       10       10  59425694
	   Memory (MB)          :      792        1      2007
...
