000 (6845872.000.000) 11/26 13:04:18 Job submitted from host: <130.199.153.67:9618?addrs=130.199.153.67-9618&noUDP&sock=7357_7f42_4>
...
001 (6845872.000.000) 11/26 13:05:00 Job executing on host: <130.199.202.96:9618?addrs=130.199.202.96-9618&noUDP&sock=8395_02d1_3>
...
006 (6845872.000.000) 11/26 13:05:09 Image size of job updated: 818676
	800  -  MemoryUsage of job (MB)
	818488  -  ResidentSetSize of job (KB)
...
006 (6845872.000.000) 11/26 13:10:10 Image size of job updated: 908224
	885  -  MemoryUsage of job (MB)
	906220  -  ResidentSetSize of job (KB)
...
005 (6845872.000.000) 11/26 13:13:42 Job terminated.
	(1) Normal termination (return value 0)
		Usr 0 00:04:31, Sys 0 00:00:27  -  Run Remote Usage
		Usr 0 00:00:00, Sys 0 00:00:00  -  Run Local Usage
		Usr 0 00:04:31, Sys 0 00:00:27  -  Total Remote Usage
		Usr 0 00:00:00, Sys 0 00:00:00  -  Total Local Usage
	0  -  Run Bytes Sent By Job
	0  -  Run Bytes Received By Job
	0  -  Total Bytes Sent By Job
	0  -  Total Bytes Received By Job
	Partitionable Resources :    Usage  Request Allocated
	   Cpus                 :                 1         1
	   Disk (KB)            :       10       10  65563444
	   Memory (MB)          :      885        1      2297
...
