000 (6845904.000.000) 11/26 13:04:18 Job submitted from host: <130.199.153.67:9618?addrs=130.199.153.67-9618&noUDP&sock=7357_7f42_4>
...
001 (6845904.000.000) 11/26 13:05:07 Job executing on host: <130.199.202.93:9618?addrs=130.199.202.93-9618&noUDP&sock=8288_2598_3>
...
006 (6845904.000.000) 11/26 13:05:15 Image size of job updated: 815388
	797  -  MemoryUsage of job (MB)
	815212  -  ResidentSetSize of job (KB)
...
006 (6845904.000.000) 11/26 13:10:15 Image size of job updated: 925804
	902  -  MemoryUsage of job (MB)
	923380  -  ResidentSetSize of job (KB)
...
006 (6845904.000.000) 11/26 13:15:17 Image size of job updated: 928304
	902  -  MemoryUsage of job (MB)
	923380  -  ResidentSetSize of job (KB)
...
006 (6845904.000.000) 11/26 13:20:17 Image size of job updated: 928884
	902  -  MemoryUsage of job (MB)
	923380  -  ResidentSetSize of job (KB)
...
006 (6845904.000.000) 11/26 13:23:23 Image size of job updated: 933976
	902  -  MemoryUsage of job (MB)
	923380  -  ResidentSetSize of job (KB)
...
005 (6845904.000.000) 11/26 13:23:23 Job terminated.
	(1) Normal termination (return value 0)
		Usr 0 00:03:37, Sys 0 00:00:37  -  Run Remote Usage
		Usr 0 00:00:00, Sys 0 00:00:00  -  Run Local Usage
		Usr 0 00:03:37, Sys 0 00:00:37  -  Total Remote Usage
		Usr 0 00:00:00, Sys 0 00:00:00  -  Total Local Usage
	0  -  Run Bytes Sent By Job
	0  -  Run Bytes Received By Job
	0  -  Total Bytes Sent By Job
	0  -  Total Bytes Received By Job
	Partitionable Resources :    Usage  Request Allocated
	   Cpus                 :                 1         1
	   Disk (KB)            :       10       10  65563578
	   Memory (MB)          :      902        1      2297
...
