000 (6845890.000.000) 11/26 13:04:18 Job submitted from host: <130.199.153.67:9618?addrs=130.199.153.67-9618&noUDP&sock=7357_7f42_4>
...
001 (6845890.000.000) 11/26 13:05:04 Job executing on host: <130.199.202.91:9618?addrs=130.199.202.91-9618&noUDP&sock=128364_af5c_3>
...
006 (6845890.000.000) 11/26 13:05:16 Image size of job updated: 845712
	826  -  MemoryUsage of job (MB)
	845524  -  ResidentSetSize of job (KB)
...
006 (6845890.000.000) 11/26 13:10:14 Image size of job updated: 906200
	884  -  MemoryUsage of job (MB)
	905016  -  ResidentSetSize of job (KB)
...
006 (6845890.000.000) 11/26 13:15:15 Image size of job updated: 908776
	887  -  MemoryUsage of job (MB)
	907336  -  ResidentSetSize of job (KB)
...
006 (6845890.000.000) 11/26 13:25:53 Image size of job updated: 912308
	887  -  MemoryUsage of job (MB)
	907336  -  ResidentSetSize of job (KB)
...
005 (6845890.000.000) 11/26 13:25:53 Job terminated.
	(1) Normal termination (return value 0)
		Usr 0 00:04:10, Sys 0 00:00:32  -  Run Remote Usage
		Usr 0 00:00:00, Sys 0 00:00:00  -  Run Local Usage
		Usr 0 00:04:10, Sys 0 00:00:32  -  Total Remote Usage
		Usr 0 00:00:00, Sys 0 00:00:00  -  Total Local Usage
	0  -  Run Bytes Sent By Job
	0  -  Run Bytes Received By Job
	0  -  Total Bytes Sent By Job
	0  -  Total Bytes Received By Job
	Partitionable Resources :    Usage  Request Allocated
	   Cpus                 :                 1         1
	   Disk (KB)            :       10       10  65563823
	   Memory (MB)          :      887        1      2297
...
