000 (6846043.000.000) 11/26 13:04:27 Job submitted from host: <130.199.153.67:9618?addrs=130.199.153.67-9618&noUDP&sock=7357_7f42_4>
...
001 (6846043.000.000) 11/26 13:05:34 Job executing on host: <130.199.202.85:9618?addrs=130.199.202.85-9618&noUDP&sock=154183_1293_3>
...
006 (6846043.000.000) 11/26 13:05:42 Image size of job updated: 851948
	832  -  MemoryUsage of job (MB)
	851760  -  ResidentSetSize of job (KB)
...
006 (6846043.000.000) 11/26 13:06:03 Image size of job updated: 889376
	832  -  MemoryUsage of job (MB)
	851760  -  ResidentSetSize of job (KB)
...
005 (6846043.000.000) 11/26 13:06:14 Job terminated.
	(1) Normal termination (return value 0)
		Usr 0 00:00:11, Sys 0 00:00:08  -  Run Remote Usage
		Usr 0 00:00:00, Sys 0 00:00:00  -  Run Local Usage
		Usr 0 00:00:11, Sys 0 00:00:08  -  Total Remote Usage
		Usr 0 00:00:00, Sys 0 00:00:00  -  Total Local Usage
	0  -  Run Bytes Sent By Job
	0  -  Run Bytes Received By Job
	0  -  Total Bytes Sent By Job
	0  -  Total Bytes Received By Job
	Partitionable Resources :    Usage  Request Allocated
	   Cpus                 :                 1         1
	   Disk (KB)            :       10       10  65563889
	   Memory (MB)          :      832        1      2297
...
