000 (6845832.000.000) 11/26 13:04:18 Job submitted from host: <130.199.153.67:9618?addrs=130.199.153.67-9618&noUDP&sock=7357_7f42_4>
...
001 (6845832.000.000) 11/26 13:04:53 Job executing on host: <130.199.202.114:9618?addrs=130.199.202.114-9618&noUDP&sock=225847_d2e9_3>
...
006 (6845832.000.000) 11/26 13:05:01 Image size of job updated: 844596
	799  -  MemoryUsage of job (MB)
	818080  -  ResidentSetSize of job (KB)
...
006 (6845832.000.000) 11/26 13:10:02 Image size of job updated: 922316
	875  -  MemoryUsage of job (MB)
	895756  -  ResidentSetSize of job (KB)
...
006 (6845832.000.000) 11/26 13:15:02 Image size of job updated: 922684
	876  -  MemoryUsage of job (MB)
	896124  -  ResidentSetSize of job (KB)
...
006 (6845832.000.000) 11/26 13:20:02 Image size of job updated: 924524
	877  -  MemoryUsage of job (MB)
	897964  -  ResidentSetSize of job (KB)
...
006 (6845832.000.000) 11/26 13:25:03 Image size of job updated: 925300
	878  -  MemoryUsage of job (MB)
	898740  -  ResidentSetSize of job (KB)
...
006 (6845832.000.000) 11/26 13:30:04 Image size of job updated: 926524
	879  -  MemoryUsage of job (MB)
	899964  -  ResidentSetSize of job (KB)
...
006 (6845832.000.000) 11/26 13:35:04 Image size of job updated: 926872
	880  -  MemoryUsage of job (MB)
	900312  -  ResidentSetSize of job (KB)
...
006 (6845832.000.000) 11/26 13:40:04 Image size of job updated: 928020
	881  -  MemoryUsage of job (MB)
	901460  -  ResidentSetSize of job (KB)
...
006 (6845832.000.000) 11/26 13:45:04 Image size of job updated: 928044
	881  -  MemoryUsage of job (MB)
	901484  -  ResidentSetSize of job (KB)
...
006 (6845832.000.000) 11/26 13:50:05 Image size of job updated: 928052
	881  -  MemoryUsage of job (MB)
	901492  -  ResidentSetSize of job (KB)
...
006 (6845832.000.000) 11/26 13:55:06 Image size of job updated: 928072
	881  -  MemoryUsage of job (MB)
	901512  -  ResidentSetSize of job (KB)
...
006 (6845832.000.000) 11/26 14:00:06 Image size of job updated: 928088
	881  -  MemoryUsage of job (MB)
	901528  -  ResidentSetSize of job (KB)
...
006 (6845832.000.000) 11/26 14:05:06 Image size of job updated: 928108
	881  -  MemoryUsage of job (MB)
	901548  -  ResidentSetSize of job (KB)
...
006 (6845832.000.000) 11/26 14:10:07 Image size of job updated: 928116
	881  -  MemoryUsage of job (MB)
	901556  -  ResidentSetSize of job (KB)
...
006 (6845832.000.000) 11/26 14:15:08 Image size of job updated: 928132
	881  -  MemoryUsage of job (MB)
	901572  -  ResidentSetSize of job (KB)
...
006 (6845832.000.000) 11/26 14:20:08 Image size of job updated: 928156
	881  -  MemoryUsage of job (MB)
	901596  -  ResidentSetSize of job (KB)
...
006 (6845832.000.000) 11/26 14:25:08 Image size of job updated: 928172
	881  -  MemoryUsage of job (MB)
	901612  -  ResidentSetSize of job (KB)
...
005 (6845832.000.000) 11/26 14:27:17 Job terminated.
	(1) Normal termination (return value 0)
		Usr 0 00:04:53, Sys 0 00:02:07  -  Run Remote Usage
		Usr 0 00:00:00, Sys 0 00:00:00  -  Run Local Usage
		Usr 0 00:04:53, Sys 0 00:02:07  -  Total Remote Usage
		Usr 0 00:00:00, Sys 0 00:00:00  -  Total Local Usage
	0  -  Run Bytes Sent By Job
	0  -  Run Bytes Received By Job
	0  -  Total Bytes Sent By Job
	0  -  Total Bytes Received By Job
	Partitionable Resources :    Usage  Request Allocated
	   Cpus                 :                 1         1
	   Disk (KB)            :       10       10  66832019
	   Memory (MB)          :      881        1      2665
...
