000 (6846010.000.000) 11/26 13:04:22 Job submitted from host: <130.199.153.67:9618?addrs=130.199.153.67-9618&noUDP&sock=7357_7f42_4>
...
001 (6846010.000.000) 11/26 13:05:27 Job executing on host: <130.199.150.251:9618?addrs=130.199.150.251-9618&noUDP&sock=21611_b54a_3>
...
006 (6846010.000.000) 11/26 13:05:36 Image size of job updated: 822372
	803  -  MemoryUsage of job (MB)
	822196  -  ResidentSetSize of job (KB)
...
006 (6846010.000.000) 11/26 13:10:37 Image size of job updated: 883904
	864  -  MemoryUsage of job (MB)
	883716  -  ResidentSetSize of job (KB)
...
005 (6846010.000.000) 11/26 13:16:29 Job terminated.
	(1) Normal termination (return value 0)
		Usr 0 00:01:26, Sys 0 00:00:17  -  Run Remote Usage
		Usr 0 00:00:00, Sys 0 00:00:00  -  Run Local Usage
		Usr 0 00:01:26, Sys 0 00:00:17  -  Total Remote Usage
		Usr 0 00:00:00, Sys 0 00:00:00  -  Total Local Usage
	0  -  Run Bytes Sent By Job
	0  -  Run Bytes Received By Job
	0  -  Total Bytes Sent By Job
	0  -  Total Bytes Received By Job
	Partitionable Resources :    Usage  Request Allocated
	   Cpus                 :                 1         1
	   Disk (KB)            :       10       10  59426970
	   Memory (MB)          :      864        1      2007
...
