000 (6845935.000.000) 11/26 13:04:22 Job submitted from host: <130.199.153.67:9618?addrs=130.199.153.67-9618&noUDP&sock=7357_7f42_4>
...
001 (6845935.000.000) 11/26 13:05:13 Job executing on host: <130.199.150.209:9618?addrs=130.199.150.209-9618&noUDP&sock=22356_7dc3_3>
...
006 (6845935.000.000) 11/26 13:05:21 Image size of job updated: 824368
	805  -  MemoryUsage of job (MB)
	824192  -  ResidentSetSize of job (KB)
...
006 (6845935.000.000) 11/26 13:10:21 Image size of job updated: 931696
	910  -  MemoryUsage of job (MB)
	931500  -  ResidentSetSize of job (KB)
...
006 (6845935.000.000) 11/26 13:15:22 Image size of job updated: 934004
	912  -  MemoryUsage of job (MB)
	933812  -  ResidentSetSize of job (KB)
...
006 (6845935.000.000) 11/26 13:20:22 Image size of job updated: 935192
	914  -  MemoryUsage of job (MB)
	935000  -  ResidentSetSize of job (KB)
...
006 (6845935.000.000) 11/26 13:21:34 Image size of job updated: 942228
	914  -  MemoryUsage of job (MB)
	935000  -  ResidentSetSize of job (KB)
...
005 (6845935.000.000) 11/26 13:22:08 Job terminated.
	(1) Normal termination (return value 0)
		Usr 0 00:03:30, Sys 0 00:00:23  -  Run Remote Usage
		Usr 0 00:00:00, Sys 0 00:00:00  -  Run Local Usage
		Usr 0 00:03:30, Sys 0 00:00:23  -  Total Remote Usage
		Usr 0 00:00:00, Sys 0 00:00:00  -  Total Local Usage
	0  -  Run Bytes Sent By Job
	0  -  Run Bytes Received By Job
	0  -  Total Bytes Sent By Job
	0  -  Total Bytes Received By Job
	Partitionable Resources :    Usage  Request Allocated
	   Cpus                 :                 1         1
	   Disk (KB)            :       10       10  59426065
	   Memory (MB)          :      914        1      2007
...
