000 (6845892.000.000) 11/26 13:04:18 Job submitted from host: <130.199.153.67:9618?addrs=130.199.153.67-9618&noUDP&sock=7357_7f42_4>
...
001 (6845892.000.000) 11/26 13:05:07 Job executing on host: <130.199.202.85:9618?addrs=130.199.202.85-9618&noUDP&sock=154183_1293_3>
...
006 (6845892.000.000) 11/26 13:05:15 Image size of job updated: 632096
	618  -  MemoryUsage of job (MB)
	631916  -  ResidentSetSize of job (KB)
...
006 (6845892.000.000) 11/26 13:10:15 Image size of job updated: 897956
	876  -  MemoryUsage of job (MB)
	896588  -  ResidentSetSize of job (KB)
...
006 (6845892.000.000) 11/26 13:15:16 Image size of job updated: 898264
	876  -  MemoryUsage of job (MB)
	896588  -  ResidentSetSize of job (KB)
...
006 (6845892.000.000) 11/26 13:20:17 Image size of job updated: 898712
	876  -  MemoryUsage of job (MB)
	896588  -  ResidentSetSize of job (KB)
...
006 (6845892.000.000) 11/26 13:25:17 Image size of job updated: 899008
	876  -  MemoryUsage of job (MB)
	896588  -  ResidentSetSize of job (KB)
...
006 (6845892.000.000) 11/26 13:30:17 Image size of job updated: 900200
	876  -  MemoryUsage of job (MB)
	896588  -  ResidentSetSize of job (KB)
...
006 (6845892.000.000) 11/26 13:35:19 Image size of job updated: 900436
	876  -  MemoryUsage of job (MB)
	896588  -  ResidentSetSize of job (KB)
...
006 (6845892.000.000) 11/26 13:40:19 Image size of job updated: 900660
	876  -  MemoryUsage of job (MB)
	896588  -  ResidentSetSize of job (KB)
...
006 (6845892.000.000) 11/26 13:45:19 Image size of job updated: 900896
	876  -  MemoryUsage of job (MB)
	896588  -  ResidentSetSize of job (KB)
...
006 (6845892.000.000) 11/26 13:50:20 Image size of job updated: 901796
	876  -  MemoryUsage of job (MB)
	896588  -  ResidentSetSize of job (KB)
...
006 (6845892.000.000) 11/26 13:55:21 Image size of job updated: 902060
	876  -  MemoryUsage of job (MB)
	896588  -  ResidentSetSize of job (KB)
...
006 (6845892.000.000) 11/26 14:42:23 Image size of job updated: 955352
	876  -  MemoryUsage of job (MB)
	896588  -  ResidentSetSize of job (KB)
...
005 (6845892.000.000) 11/26 14:42:23 Job terminated.
	(1) Normal termination (return value 0)
		Usr 0 00:05:22, Sys 0 00:01:55  -  Run Remote Usage
		Usr 0 00:00:00, Sys 0 00:00:00  -  Run Local Usage
		Usr 0 00:05:22, Sys 0 00:01:55  -  Total Remote Usage
		Usr 0 00:00:00, Sys 0 00:00:00  -  Total Local Usage
	0  -  Run Bytes Sent By Job
	0  -  Run Bytes Received By Job
	0  -  Total Bytes Sent By Job
	0  -  Total Bytes Received By Job
	Partitionable Resources :    Usage  Request Allocated
	   Cpus                 :                 1         1
	   Disk (KB)            :       10       10  65563889
	   Memory (MB)          :      876        1      2297
...
