000 (6845930.000.000) 11/26 13:04:18 Job submitted from host: <130.199.153.67:9618?addrs=130.199.153.67-9618&noUDP&sock=7357_7f42_4>
...
001 (6845930.000.000) 11/26 13:05:12 Job executing on host: <130.199.202.90:9618?addrs=130.199.202.90-9618&noUDP&sock=96748_9ec0_3>
...
006 (6845930.000.000) 11/26 13:05:21 Image size of job updated: 823336
	804  -  MemoryUsage of job (MB)
	823160  -  ResidentSetSize of job (KB)
...
006 (6845930.000.000) 11/26 13:10:21 Image size of job updated: 920404
	899  -  MemoryUsage of job (MB)
	919916  -  ResidentSetSize of job (KB)
...
006 (6845930.000.000) 11/26 13:15:21 Image size of job updated: 923280
	899  -  MemoryUsage of job (MB)
	920520  -  ResidentSetSize of job (KB)
...
006 (6845930.000.000) 11/26 13:20:22 Image size of job updated: 929620
	906  -  MemoryUsage of job (MB)
	927060  -  ResidentSetSize of job (KB)
...
006 (6845930.000.000) 11/26 13:20:41 Image size of job updated: 1480612
	906  -  MemoryUsage of job (MB)
	927060  -  ResidentSetSize of job (KB)
...
005 (6845930.000.000) 11/26 13:20:41 Job terminated.
	(1) Normal termination (return value 0)
		Usr 0 00:03:01, Sys 0 00:00:31  -  Run Remote Usage
		Usr 0 00:00:00, Sys 0 00:00:00  -  Run Local Usage
		Usr 0 00:03:01, Sys 0 00:00:31  -  Total Remote Usage
		Usr 0 00:00:00, Sys 0 00:00:00  -  Total Local Usage
	0  -  Run Bytes Sent By Job
	0  -  Run Bytes Received By Job
	0  -  Total Bytes Sent By Job
	0  -  Total Bytes Received By Job
	Partitionable Resources :    Usage  Request Allocated
	   Cpus                 :                 1         1
	   Disk (KB)            :       10       10  65563822
	   Memory (MB)          :      906        1      2297
...
