000 (6845905.000.000) 11/26 13:04:18 Job submitted from host: <130.199.153.67:9618?addrs=130.199.153.67-9618&noUDP&sock=7357_7f42_4>
...
001 (6845905.000.000) 11/26 13:05:07 Job executing on host: <130.199.202.94:9618?addrs=130.199.202.94-9618&noUDP&sock=12202_e0e2_3>
...
006 (6845905.000.000) 11/26 13:05:15 Image size of job updated: 814372
	796  -  MemoryUsage of job (MB)
	814196  -  ResidentSetSize of job (KB)
...
006 (6845905.000.000) 11/26 13:10:15 Image size of job updated: 892156
	870  -  MemoryUsage of job (MB)
	890204  -  ResidentSetSize of job (KB)
...
006 (6845905.000.000) 11/26 13:15:16 Image size of job updated: 893460
	870  -  MemoryUsage of job (MB)
	890204  -  ResidentSetSize of job (KB)
...
006 (6845905.000.000) 11/26 13:20:16 Image size of job updated: 894836
	870  -  MemoryUsage of job (MB)
	890204  -  ResidentSetSize of job (KB)
...
006 (6845905.000.000) 11/26 13:25:16 Image size of job updated: 895180
	870  -  MemoryUsage of job (MB)
	890204  -  ResidentSetSize of job (KB)
...
006 (6845905.000.000) 11/26 13:30:17 Image size of job updated: 896292
	870  -  MemoryUsage of job (MB)
	890204  -  ResidentSetSize of job (KB)
...
006 (6845905.000.000) 11/26 13:35:18 Image size of job updated: 896640
	870  -  MemoryUsage of job (MB)
	890204  -  ResidentSetSize of job (KB)
...
006 (6845905.000.000) 11/26 13:40:18 Image size of job updated: 897688
	870  -  MemoryUsage of job (MB)
	890204  -  ResidentSetSize of job (KB)
...
006 (6845905.000.000) 11/26 13:50:20 Image size of job updated: 897692
	870  -  MemoryUsage of job (MB)
	890204  -  ResidentSetSize of job (KB)
...
006 (6845905.000.000) 11/26 14:00:20 Image size of job updated: 897700
	870  -  MemoryUsage of job (MB)
	890204  -  ResidentSetSize of job (KB)
...
006 (6845905.000.000) 11/26 14:05:21 Image size of job updated: 897716
	870  -  MemoryUsage of job (MB)
	890204  -  ResidentSetSize of job (KB)
...
006 (6845905.000.000) 11/26 14:15:22 Image size of job updated: 897720
	870  -  MemoryUsage of job (MB)
	890204  -  ResidentSetSize of job (KB)
...
006 (6845905.000.000) 11/26 14:20:23 Image size of job updated: 897724
	870  -  MemoryUsage of job (MB)
	890204  -  ResidentSetSize of job (KB)
...
006 (6845905.000.000) 11/26 14:28:52 Image size of job updated: 915372
	870  -  MemoryUsage of job (MB)
	890204  -  ResidentSetSize of job (KB)
...
005 (6845905.000.000) 11/26 14:28:52 Job terminated.
	(1) Normal termination (return value 0)
		Usr 0 00:05:34, Sys 0 00:01:39  -  Run Remote Usage
		Usr 0 00:00:00, Sys 0 00:00:00  -  Run Local Usage
		Usr 0 00:05:34, Sys 0 00:01:39  -  Total Remote Usage
		Usr 0 00:00:00, Sys 0 00:00:00  -  Total Local Usage
	0  -  Run Bytes Sent By Job
	0  -  Run Bytes Received By Job
	0  -  Total Bytes Sent By Job
	0  -  Total Bytes Received By Job
	Partitionable Resources :    Usage  Request Allocated
	   Cpus                 :                 1         1
	   Disk (KB)            :       10       10  65563834
	   Memory (MB)          :      870        1      2297
...
