000 (6845854.000.000) 11/26 13:04:18 Job submitted from host: <130.199.153.67:9618?addrs=130.199.153.67-9618&noUDP&sock=7357_7f42_4>
...
001 (6845854.000.000) 11/26 13:04:58 Job executing on host: <130.199.202.85:9618?addrs=130.199.202.85-9618&noUDP&sock=154183_1293_3>
...
006 (6845854.000.000) 11/26 13:05:07 Image size of job updated: 30760
	17  -  MemoryUsage of job (MB)
	17172  -  ResidentSetSize of job (KB)
...
006 (6845854.000.000) 11/26 13:10:06 Image size of job updated: 908956
	875  -  MemoryUsage of job (MB)
	895072  -  ResidentSetSize of job (KB)
...
006 (6845854.000.000) 11/26 13:15:06 Image size of job updated: 909248
	875  -  MemoryUsage of job (MB)
	895212  -  ResidentSetSize of job (KB)
...
006 (6845854.000.000) 11/26 13:20:07 Image size of job updated: 909564
	875  -  MemoryUsage of job (MB)
	895316  -  ResidentSetSize of job (KB)
...
006 (6845854.000.000) 11/26 13:25:08 Image size of job updated: 909864
	875  -  MemoryUsage of job (MB)
	895572  -  ResidentSetSize of job (KB)
...
006 (6845854.000.000) 11/26 13:30:08 Image size of job updated: 911144
	876  -  MemoryUsage of job (MB)
	896852  -  ResidentSetSize of job (KB)
...
006 (6845854.000.000) 11/26 13:35:09 Image size of job updated: 911512
	877  -  MemoryUsage of job (MB)
	897220  -  ResidentSetSize of job (KB)
...
006 (6845854.000.000) 11/26 13:40:10 Image size of job updated: 911864
	877  -  MemoryUsage of job (MB)
	897572  -  ResidentSetSize of job (KB)
...
006 (6845854.000.000) 11/26 13:45:10 Image size of job updated: 912732
	878  -  MemoryUsage of job (MB)
	898440  -  ResidentSetSize of job (KB)
...
006 (6845854.000.000) 11/26 13:50:10 Image size of job updated: 912744
	878  -  MemoryUsage of job (MB)
	898452  -  ResidentSetSize of job (KB)
...
006 (6845854.000.000) 11/26 14:00:11 Image size of job updated: 912752
	878  -  MemoryUsage of job (MB)
	898452  -  ResidentSetSize of job (KB)
...
006 (6845854.000.000) 11/26 14:05:11 Image size of job updated: 912764
	878  -  MemoryUsage of job (MB)
	898452  -  ResidentSetSize of job (KB)
...
006 (6845854.000.000) 11/26 14:10:12 Image size of job updated: 912768
	878  -  MemoryUsage of job (MB)
	898452  -  ResidentSetSize of job (KB)
...
006 (6845854.000.000) 11/26 14:25:13 Image size of job updated: 917936
	878  -  MemoryUsage of job (MB)
	898452  -  ResidentSetSize of job (KB)
...
005 (6845854.000.000) 11/26 14:29:25 Job terminated.
	(1) Normal termination (return value 0)
		Usr 0 00:05:15, Sys 0 00:01:40  -  Run Remote Usage
		Usr 0 00:00:00, Sys 0 00:00:00  -  Run Local Usage
		Usr 0 00:05:15, Sys 0 00:01:40  -  Total Remote Usage
		Usr 0 00:00:00, Sys 0 00:00:00  -  Total Local Usage
	0  -  Run Bytes Sent By Job
	0  -  Run Bytes Received By Job
	0  -  Total Bytes Sent By Job
	0  -  Total Bytes Received By Job
	Partitionable Resources :    Usage  Request Allocated
	   Cpus                 :                 1         1
	   Disk (KB)            :       10       10  65563889
	   Memory (MB)          :      878        1      2297
...
