000 (6845895.000.000) 11/26 13:04:18 Job submitted from host: <130.199.153.67:9618?addrs=130.199.153.67-9618&noUDP&sock=7357_7f42_4>
...
001 (6845895.000.000) 11/26 13:05:05 Job executing on host: <130.199.150.213:9618?addrs=130.199.150.213-9618&noUDP&sock=22669_8d43_3>
...
006 (6845895.000.000) 11/26 13:05:14 Image size of job updated: 868712
	823  -  MemoryUsage of job (MB)
	842188  -  ResidentSetSize of job (KB)
...
006 (6845895.000.000) 11/26 13:10:15 Image size of job updated: 932720
	885  -  MemoryUsage of job (MB)
	906152  -  ResidentSetSize of job (KB)
...
006 (6845895.000.000) 11/26 13:13:03 Image size of job updated: 1312328
	885  -  MemoryUsage of job (MB)
	906152  -  ResidentSetSize of job (KB)
...
005 (6845895.000.000) 11/26 13:13:41 Job terminated.
	(1) Normal termination (return value 0)
		Usr 0 00:04:31, Sys 0 00:00:19  -  Run Remote Usage
		Usr 0 00:00:00, Sys 0 00:00:00  -  Run Local Usage
		Usr 0 00:04:31, Sys 0 00:00:19  -  Total Remote Usage
		Usr 0 00:00:00, Sys 0 00:00:00  -  Total Local Usage
	0  -  Run Bytes Sent By Job
	0  -  Run Bytes Received By Job
	0  -  Total Bytes Sent By Job
	0  -  Total Bytes Received By Job
	Partitionable Resources :    Usage  Request Allocated
	   Cpus                 :                 1         1
	   Disk (KB)            :       10       10  59426098
	   Memory (MB)          :      885        1      2007
...
