000 (6846026.000.000) 11/26 13:04:22 Job submitted from host: <130.199.153.67:9618?addrs=130.199.153.67-9618&noUDP&sock=7357_7f42_4>
...
001 (6846026.000.000) 11/26 13:05:31 Job executing on host: <130.199.150.244:9618?addrs=130.199.150.244-9618&noUDP&sock=22538_178b_3>
...
006 (6846026.000.000) 11/26 13:05:39 Image size of job updated: 813812
	795  -  MemoryUsage of job (MB)
	813636  -  ResidentSetSize of job (KB)
...
006 (6846026.000.000) 11/26 13:10:26 Image size of job updated: 937256
	795  -  MemoryUsage of job (MB)
	813636  -  ResidentSetSize of job (KB)
...
005 (6846026.000.000) 11/26 13:10:26 Job terminated.
	(1) Normal termination (return value 0)
		Usr 0 00:00:24, Sys 0 00:00:07  -  Run Remote Usage
		Usr 0 00:00:00, Sys 0 00:00:00  -  Run Local Usage
		Usr 0 00:00:24, Sys 0 00:00:07  -  Total Remote Usage
		Usr 0 00:00:00, Sys 0 00:00:00  -  Total Local Usage
	0  -  Run Bytes Sent By Job
	0  -  Run Bytes Received By Job
	0  -  Total Bytes Sent By Job
	0  -  Total Bytes Received By Job
	Partitionable Resources :    Usage  Request Allocated
	   Cpus                 :                 1         1
	   Disk (KB)            :       10       10  59426115
	   Memory (MB)          :      795        1      2007
...
