000 (6846028.000.000) 11/26 13:04:22 Job submitted from host: <130.199.153.67:9618?addrs=130.199.153.67-9618&noUDP&sock=7357_7f42_4>
...
001 (6846028.000.000) 11/26 13:05:31 Job executing on host: <130.199.150.217:9618?addrs=130.199.150.217-9618&noUDP&sock=22499_bfbb_3>
...
006 (6846028.000.000) 11/26 13:05:39 Image size of job updated: 813336
	795  -  MemoryUsage of job (MB)
	813160  -  ResidentSetSize of job (KB)
...
006 (6846028.000.000) 11/26 13:10:39 Image size of job updated: 888312
	868  -  MemoryUsage of job (MB)
	887872  -  ResidentSetSize of job (KB)
...
006 (6846028.000.000) 11/26 13:10:53 Image size of job updated: 936596
	868  -  MemoryUsage of job (MB)
	887872  -  ResidentSetSize of job (KB)
...
005 (6846028.000.000) 11/26 13:10:53 Job terminated.
	(1) Normal termination (return value 0)
		Usr 0 00:00:28, Sys 0 00:00:08  -  Run Remote Usage
		Usr 0 00:00:00, Sys 0 00:00:00  -  Run Local Usage
		Usr 0 00:00:28, Sys 0 00:00:08  -  Total Remote Usage
		Usr 0 00:00:00, Sys 0 00:00:00  -  Total Local Usage
	0  -  Run Bytes Sent By Job
	0  -  Run Bytes Received By Job
	0  -  Total Bytes Sent By Job
	0  -  Total Bytes Received By Job
	Partitionable Resources :    Usage  Request Allocated
	   Cpus                 :                 1         1
	   Disk (KB)            :       10       10  59426043
	   Memory (MB)          :      868        1      2007
...
