000 (6845901.000.000) 11/26 13:04:18 Job submitted from host: <130.199.153.67:9618?addrs=130.199.153.67-9618&noUDP&sock=7357_7f42_4>
...
001 (6845901.000.000) 11/26 13:05:06 Job executing on host: <130.199.150.218:9618?addrs=130.199.150.218-9618&noUDP&sock=22548_41c0_3>
...
006 (6845901.000.000) 11/26 13:05:15 Image size of job updated: 866436
	821  -  MemoryUsage of job (MB)
	839908  -  ResidentSetSize of job (KB)
...
006 (6845901.000.000) 11/26 13:10:16 Image size of job updated: 933628
	886  -  MemoryUsage of job (MB)
	907056  -  ResidentSetSize of job (KB)
...
006 (6845901.000.000) 11/26 13:15:17 Image size of job updated: 936028
	889  -  MemoryUsage of job (MB)
	909456  -  ResidentSetSize of job (KB)
...
006 (6845901.000.000) 11/26 13:20:17 Image size of job updated: 936052
	889  -  MemoryUsage of job (MB)
	909480  -  ResidentSetSize of job (KB)
...
006 (6845901.000.000) 11/26 13:25:17 Image size of job updated: 936096
	889  -  MemoryUsage of job (MB)
	909524  -  ResidentSetSize of job (KB)
...
006 (6845901.000.000) 11/26 13:25:26 Image size of job updated: 967284
	889  -  MemoryUsage of job (MB)
	909524  -  ResidentSetSize of job (KB)
...
005 (6845901.000.000) 11/26 13:25:27 Job terminated.
	(1) Normal termination (return value 0)
		Usr 0 00:04:36, Sys 0 00:00:30  -  Run Remote Usage
		Usr 0 00:00:00, Sys 0 00:00:00  -  Run Local Usage
		Usr 0 00:04:36, Sys 0 00:00:30  -  Total Remote Usage
		Usr 0 00:00:00, Sys 0 00:00:00  -  Total Local Usage
	0  -  Run Bytes Sent By Job
	0  -  Run Bytes Received By Job
	0  -  Total Bytes Sent By Job
	0  -  Total Bytes Received By Job
	Partitionable Resources :    Usage  Request Allocated
	   Cpus                 :                 1         1
	   Disk (KB)            :       10       10  59426040
	   Memory (MB)          :      889        1      2007
...
