000 (6846022.000.000) 11/26 13:04:22 Job submitted from host: <130.199.153.67:9618?addrs=130.199.153.67-9618&noUDP&sock=7357_7f42_4>
...
001 (6846022.000.000) 11/26 13:05:29 Job executing on host: <130.199.202.95:9618?addrs=130.199.202.95-9618&noUDP&sock=44453_e9ad_3>
...
006 (6846022.000.000) 11/26 13:05:38 Image size of job updated: 816268
	797  -  MemoryUsage of job (MB)
	816092  -  ResidentSetSize of job (KB)
...
006 (6846022.000.000) 11/26 13:10:39 Image size of job updated: 887276
	864  -  MemoryUsage of job (MB)
	883784  -  ResidentSetSize of job (KB)
...
006 (6846022.000.000) 11/26 13:14:36 Image size of job updated: 1316232
	864  -  MemoryUsage of job (MB)
	883784  -  ResidentSetSize of job (KB)
...
005 (6846022.000.000) 11/26 13:14:37 Job terminated.
	(1) Normal termination (return value 0)
		Usr 0 00:00:36, Sys 0 00:00:15  -  Run Remote Usage
		Usr 0 00:00:00, Sys 0 00:00:00  -  Run Local Usage
		Usr 0 00:00:36, Sys 0 00:00:15  -  Total Remote Usage
		Usr 0 00:00:00, Sys 0 00:00:00  -  Total Local Usage
	0  -  Run Bytes Sent By Job
	0  -  Run Bytes Received By Job
	0  -  Total Bytes Sent By Job
	0  -  Total Bytes Received By Job
	Partitionable Resources :    Usage  Request Allocated
	   Cpus                 :                 1         1
	   Disk (KB)            :       10       10  65563792
	   Memory (MB)          :      864        1      2297
...
