000 (6845903.000.000) 11/26 13:04:18 Job submitted from host: <130.199.153.67:9618?addrs=130.199.153.67-9618&noUDP&sock=7357_7f42_4>
...
001 (6845903.000.000) 11/26 13:05:07 Job executing on host: <130.199.202.92:9618?addrs=130.199.202.92-9618&noUDP&sock=86375_b253_3>
...
006 (6845903.000.000) 11/26 13:05:15 Image size of job updated: 844896
	825  -  MemoryUsage of job (MB)
	844708  -  ResidentSetSize of job (KB)
...
006 (6845903.000.000) 11/26 13:10:15 Image size of job updated: 907096
	886  -  MemoryUsage of job (MB)
	906512  -  ResidentSetSize of job (KB)
...
006 (6845903.000.000) 11/26 13:11:39 Image size of job updated: 959204
	886  -  MemoryUsage of job (MB)
	906512  -  ResidentSetSize of job (KB)
...
005 (6845903.000.000) 11/26 13:11:39 Job terminated.
	(1) Normal termination (return value 0)
		Usr 0 00:03:26, Sys 0 00:00:23  -  Run Remote Usage
		Usr 0 00:00:00, Sys 0 00:00:00  -  Run Local Usage
		Usr 0 00:03:26, Sys 0 00:00:23  -  Total Remote Usage
		Usr 0 00:00:00, Sys 0 00:00:00  -  Total Local Usage
	0  -  Run Bytes Sent By Job
	0  -  Run Bytes Received By Job
	0  -  Total Bytes Sent By Job
	0  -  Total Bytes Received By Job
	Partitionable Resources :    Usage  Request Allocated
	   Cpus                 :                 1         1
	   Disk (KB)            :       10       10  65563844
	   Memory (MB)          :      886        1      2297
...
