000 (6845990.000.000) 11/26 13:04:22 Job submitted from host: <130.199.153.67:9618?addrs=130.199.153.67-9618&noUDP&sock=7357_7f42_4>
...
001 (6845990.000.000) 11/26 13:05:24 Job executing on host: <130.199.202.54:9618?addrs=130.199.202.54-9618&noUDP&sock=13693_c2d9_3>
...
006 (6845990.000.000) 11/26 13:05:33 Image size of job updated: 818868
	800  -  MemoryUsage of job (MB)
	818692  -  ResidentSetSize of job (KB)
...
006 (6845990.000.000) 11/26 13:10:34 Image size of job updated: 894468
	873  -  MemoryUsage of job (MB)
	893700  -  ResidentSetSize of job (KB)
...
005 (6845990.000.000) 11/26 13:15:37 Job terminated.
	(1) Normal termination (return value 0)
		Usr 0 00:00:46, Sys 0 00:00:13  -  Run Remote Usage
		Usr 0 00:00:00, Sys 0 00:00:00  -  Run Local Usage
		Usr 0 00:00:46, Sys 0 00:00:13  -  Total Remote Usage
		Usr 0 00:00:00, Sys 0 00:00:00  -  Total Local Usage
	0  -  Run Bytes Sent By Job
	0  -  Run Bytes Received By Job
	0  -  Total Bytes Sent By Job
	0  -  Total Bytes Received By Job
	Partitionable Resources :    Usage  Request Allocated
	   Cpus                 :                 1         1
	   Disk (KB)            :       10       10  65479260
	   Memory (MB)          :      873        1      2008
...
