000 (6845889.000.000) 11/26 13:04:18 Job submitted from host: <130.199.153.67:9618?addrs=130.199.153.67-9618&noUDP&sock=7357_7f42_4>
...
001 (6845889.000.000) 11/26 13:05:04 Job executing on host: <130.199.202.92:9618?addrs=130.199.202.92-9618&noUDP&sock=86375_b253_3>
...
006 (6845889.000.000) 11/26 13:05:13 Image size of job updated: 622616
	608  -  MemoryUsage of job (MB)
	622440  -  ResidentSetSize of job (KB)
...
006 (6845889.000.000) 11/26 13:10:14 Image size of job updated: 888800
	868  -  MemoryUsage of job (MB)
	888340  -  ResidentSetSize of job (KB)
...
006 (6845889.000.000) 11/26 13:15:15 Image size of job updated: 889172
	868  -  MemoryUsage of job (MB)
	888504  -  ResidentSetSize of job (KB)
...
006 (6845889.000.000) 11/26 13:20:15 Image size of job updated: 890708
	868  -  MemoryUsage of job (MB)
	888504  -  ResidentSetSize of job (KB)
...
006 (6845889.000.000) 11/26 13:25:16 Image size of job updated: 890776
	868  -  MemoryUsage of job (MB)
	888504  -  ResidentSetSize of job (KB)
...
006 (6845889.000.000) 11/26 13:30:17 Image size of job updated: 891876
	868  -  MemoryUsage of job (MB)
	888504  -  ResidentSetSize of job (KB)
...
006 (6845889.000.000) 11/26 13:35:17 Image size of job updated: 892148
	868  -  MemoryUsage of job (MB)
	888504  -  ResidentSetSize of job (KB)
...
006 (6845889.000.000) 11/26 13:40:17 Image size of job updated: 892356
	868  -  MemoryUsage of job (MB)
	888504  -  ResidentSetSize of job (KB)
...
006 (6845889.000.000) 11/26 13:45:21 Image size of job updated: 893052
	868  -  MemoryUsage of job (MB)
	888504  -  ResidentSetSize of job (KB)
...
006 (6845889.000.000) 11/26 13:50:19 Image size of job updated: 893492
	868  -  MemoryUsage of job (MB)
	888504  -  ResidentSetSize of job (KB)
...
006 (6845889.000.000) 11/26 13:55:20 Image size of job updated: 893496
	868  -  MemoryUsage of job (MB)
	888504  -  ResidentSetSize of job (KB)
...
006 (6845889.000.000) 11/26 14:00:21 Image size of job updated: 893508
	868  -  MemoryUsage of job (MB)
	888504  -  ResidentSetSize of job (KB)
...
006 (6845889.000.000) 11/26 14:05:21 Image size of job updated: 893516
	868  -  MemoryUsage of job (MB)
	888504  -  ResidentSetSize of job (KB)
...
006 (6845889.000.000) 11/26 14:10:23 Image size of job updated: 893532
	868  -  MemoryUsage of job (MB)
	888504  -  ResidentSetSize of job (KB)
...
006 (6845889.000.000) 11/26 14:15:23 Image size of job updated: 893544
	868  -  MemoryUsage of job (MB)
	888504  -  ResidentSetSize of job (KB)
...
005 (6845889.000.000) 11/26 14:18:57 Job terminated.
	(1) Normal termination (return value 0)
		Usr 0 00:04:14, Sys 0 00:01:34  -  Run Remote Usage
		Usr 0 00:00:00, Sys 0 00:00:00  -  Run Local Usage
		Usr 0 00:04:14, Sys 0 00:01:34  -  Total Remote Usage
		Usr 0 00:00:00, Sys 0 00:00:00  -  Total Local Usage
	0  -  Run Bytes Sent By Job
	0  -  Run Bytes Received By Job
	0  -  Total Bytes Sent By Job
	0  -  Total Bytes Received By Job
	Partitionable Resources :    Usage  Request Allocated
	   Cpus                 :                 1         1
	   Disk (KB)            :       10       10  65563844
	   Memory (MB)          :      868        1      2297
...
