000 (6845989.000.000) 11/26 13:04:22 Job submitted from host: <130.199.153.67:9618?addrs=130.199.153.67-9618&noUDP&sock=7357_7f42_4>
...
001 (6845989.000.000) 11/26 13:05:24 Job executing on host: <130.199.202.45:9618?addrs=130.199.202.45-9618&noUDP&sock=34383_e28b_3>
...
006 (6845989.000.000) 11/26 13:05:33 Image size of job updated: 819316
	800  -  MemoryUsage of job (MB)
	819012  -  ResidentSetSize of job (KB)
...
006 (6845989.000.000) 11/26 13:10:34 Image size of job updated: 891548
	871  -  MemoryUsage of job (MB)
	891232  -  ResidentSetSize of job (KB)
...
005 (6845989.000.000) 11/26 13:13:42 Job terminated.
	(1) Normal termination (return value 0)
		Usr 0 00:01:07, Sys 0 00:00:12  -  Run Remote Usage
		Usr 0 00:00:00, Sys 0 00:00:00  -  Run Local Usage
		Usr 0 00:01:07, Sys 0 00:00:12  -  Total Remote Usage
		Usr 0 00:00:00, Sys 0 00:00:00  -  Total Local Usage
	0  -  Run Bytes Sent By Job
	0  -  Run Bytes Received By Job
	0  -  Total Bytes Sent By Job
	0  -  Total Bytes Received By Job
	Partitionable Resources :    Usage  Request Allocated
	   Cpus                 :                 1         1
	   Disk (KB)            :       10       10  65479135
	   Memory (MB)          :      871        1      2008
...
