000 (6845997.000.000) 11/26 13:04:22 Job submitted from host: <130.199.153.67:9618?addrs=130.199.153.67-9618&noUDP&sock=7357_7f42_4>
...
001 (6845997.000.000) 11/26 13:05:25 Job executing on host: <130.199.202.87:9618?addrs=130.199.202.87-9618&noUDP&sock=118306_7479_3>
...
006 (6845997.000.000) 11/26 13:05:34 Image size of job updated: 819260
	800  -  MemoryUsage of job (MB)
	819084  -  ResidentSetSize of job (KB)
...
006 (6845997.000.000) 11/26 13:10:35 Image size of job updated: 896492
	870  -  MemoryUsage of job (MB)
	890476  -  ResidentSetSize of job (KB)
...
005 (6845997.000.000) 11/26 13:16:12 Job terminated.
	(1) Normal termination (return value 0)
		Usr 0 00:00:43, Sys 0 00:00:19  -  Run Remote Usage
		Usr 0 00:00:00, Sys 0 00:00:00  -  Run Local Usage
		Usr 0 00:00:43, Sys 0 00:00:19  -  Total Remote Usage
		Usr 0 00:00:00, Sys 0 00:00:00  -  Total Local Usage
	0  -  Run Bytes Sent By Job
	0  -  Run Bytes Received By Job
	0  -  Total Bytes Sent By Job
	0  -  Total Bytes Received By Job
	Partitionable Resources :    Usage  Request Allocated
	   Cpus                 :                 1         1
	   Disk (KB)            :       10       10  65563848
	   Memory (MB)          :      870        1      2297
...
