000 (6845974.000.000) 11/26 13:04:22 Job submitted from host: <130.199.153.67:9618?addrs=130.199.153.67-9618&noUDP&sock=7357_7f42_4>
...
001 (6845974.000.000) 11/26 13:05:21 Job executing on host: <130.199.150.214:9618?addrs=130.199.150.214-9618&noUDP&sock=36139_a303_3>
...
006 (6845974.000.000) 11/26 13:05:29 Image size of job updated: 873692
	828  -  MemoryUsage of job (MB)
	847128  -  ResidentSetSize of job (KB)
...
006 (6845974.000.000) 11/26 13:09:17 Image size of job updated: 992984
	828  -  MemoryUsage of job (MB)
	847128  -  ResidentSetSize of job (KB)
...
005 (6845974.000.000) 11/26 13:09:18 Job terminated.
	(1) Normal termination (return value 0)
		Usr 0 00:02:19, Sys 0 00:00:11  -  Run Remote Usage
		Usr 0 00:00:00, Sys 0 00:00:00  -  Run Local Usage
		Usr 0 00:02:19, Sys 0 00:00:11  -  Total Remote Usage
		Usr 0 00:00:00, Sys 0 00:00:00  -  Total Local Usage
	0  -  Run Bytes Sent By Job
	0  -  Run Bytes Received By Job
	0  -  Total Bytes Sent By Job
	0  -  Total Bytes Received By Job
	Partitionable Resources :    Usage  Request Allocated
	   Cpus                 :                 1         1
	   Disk (KB)            :       10       10  59428110
	   Memory (MB)          :      828        1      2007
...
