000 (6846110.000.000) 11/26 13:04:27 Job submitted from host: <130.199.153.67:9618?addrs=130.199.153.67-9618&noUDP&sock=7357_7f42_4>
...
001 (6846110.000.000) 11/26 13:06:17 Job executing on host: <130.199.202.44:9618?addrs=130.199.202.44-9618&noUDP&sock=6457_a891_3>
...
006 (6846110.000.000) 11/26 13:06:26 Image size of job updated: 818864
	800  -  MemoryUsage of job (MB)
	818688  -  ResidentSetSize of job (KB)
...
006 (6846110.000.000) 11/26 13:06:50 Image size of job updated: 893416
	800  -  MemoryUsage of job (MB)
	818688  -  ResidentSetSize of job (KB)
...
005 (6846110.000.000) 11/26 13:06:50 Job terminated.
	(1) Normal termination (return value 0)
		Usr 0 00:00:08, Sys 0 00:00:04  -  Run Remote Usage
		Usr 0 00:00:00, Sys 0 00:00:00  -  Run Local Usage
		Usr 0 00:00:08, Sys 0 00:00:04  -  Total Remote Usage
		Usr 0 00:00:00, Sys 0 00:00:00  -  Total Local Usage
	0  -  Run Bytes Sent By Job
	0  -  Run Bytes Received By Job
	0  -  Total Bytes Sent By Job
	0  -  Total Bytes Received By Job
	Partitionable Resources :    Usage  Request Allocated
	   Cpus                 :                 1         1
	   Disk (KB)            :       10       10  65479208
	   Memory (MB)          :      800        1      2008
...
