000 (6845856.000.000) 11/26 13:04:18 Job submitted from host: <130.199.153.67:9618?addrs=130.199.153.67-9618&noUDP&sock=7357_7f42_4>
...
001 (6845856.000.000) 11/26 13:04:58 Job executing on host: <130.199.202.98:9618?addrs=130.199.202.98-9618&noUDP&sock=178572_e217_3>
...
006 (6845856.000.000) 11/26 13:05:07 Image size of job updated: 846268
	827  -  MemoryUsage of job (MB)
	846072  -  ResidentSetSize of job (KB)
...
006 (6845856.000.000) 11/26 13:10:08 Image size of job updated: 909776
	889  -  MemoryUsage of job (MB)
	909580  -  ResidentSetSize of job (KB)
...
006 (6845856.000.000) 11/26 13:13:35 Image size of job updated: 961912
	889  -  MemoryUsage of job (MB)
	909580  -  ResidentSetSize of job (KB)
...
005 (6845856.000.000) 11/26 13:13:42 Job terminated.
	(1) Normal termination (return value 0)
		Usr 0 00:04:54, Sys 0 00:00:24  -  Run Remote Usage
		Usr 0 00:00:00, Sys 0 00:00:00  -  Run Local Usage
		Usr 0 00:04:54, Sys 0 00:00:24  -  Total Remote Usage
		Usr 0 00:00:00, Sys 0 00:00:00  -  Total Local Usage
	0  -  Run Bytes Sent By Job
	0  -  Run Bytes Received By Job
	0  -  Total Bytes Sent By Job
	0  -  Total Bytes Received By Job
	Partitionable Resources :    Usage  Request Allocated
	   Cpus                 :                 1         1
	   Disk (KB)            :       10       10  65563928
	   Memory (MB)          :      889        1      2297
...
