000 (6845909.000.000) 11/26 13:04:18 Job submitted from host: <130.199.153.67:9618?addrs=130.199.153.67-9618&noUDP&sock=7357_7f42_4>
...
001 (6845909.000.000) 11/26 13:05:08 Job executing on host: <130.199.202.85:9618?addrs=130.199.202.85-9618&noUDP&sock=154183_1293_3>
...
006 (6845909.000.000) 11/26 13:05:17 Image size of job updated: 841252
	822  -  MemoryUsage of job (MB)
	841060  -  ResidentSetSize of job (KB)
...
006 (6845909.000.000) 11/26 13:10:18 Image size of job updated: 907108
	885  -  MemoryUsage of job (MB)
	905956  -  ResidentSetSize of job (KB)
...
006 (6845909.000.000) 11/26 13:12:08 Image size of job updated: 955364
	885  -  MemoryUsage of job (MB)
	905956  -  ResidentSetSize of job (KB)
...
005 (6845909.000.000) 11/26 13:12:08 Job terminated.
	(1) Normal termination (return value 0)
		Usr 0 00:03:38, Sys 0 00:00:21  -  Run Remote Usage
		Usr 0 00:00:00, Sys 0 00:00:00  -  Run Local Usage
		Usr 0 00:03:38, Sys 0 00:00:21  -  Total Remote Usage
		Usr 0 00:00:00, Sys 0 00:00:00  -  Total Local Usage
	0  -  Run Bytes Sent By Job
	0  -  Run Bytes Received By Job
	0  -  Total Bytes Sent By Job
	0  -  Total Bytes Received By Job
	Partitionable Resources :    Usage  Request Allocated
	   Cpus                 :                 1         1
	   Disk (KB)            :       10       10  65563889
	   Memory (MB)          :      885        1      2297
...
