000 (6845857.000.000) 11/26 13:04:18 Job submitted from host: <130.199.153.67:9618?addrs=130.199.153.67-9618&noUDP&sock=7357_7f42_4>
...
001 (6845857.000.000) 11/26 13:04:58 Job executing on host: <130.199.202.91:9618?addrs=130.199.202.91-9618&noUDP&sock=128364_af5c_3>
...
006 (6845857.000.000) 11/26 13:05:07 Image size of job updated: 814660
	796  -  MemoryUsage of job (MB)
	814484  -  ResidentSetSize of job (KB)
...
006 (6845857.000.000) 11/26 13:10:08 Image size of job updated: 897740
	877  -  MemoryUsage of job (MB)
	897552  -  ResidentSetSize of job (KB)
...
006 (6845857.000.000) 11/26 13:15:09 Image size of job updated: 898520
	878  -  MemoryUsage of job (MB)
	898332  -  ResidentSetSize of job (KB)
...
006 (6845857.000.000) 11/26 13:20:09 Image size of job updated: 898896
	878  -  MemoryUsage of job (MB)
	898708  -  ResidentSetSize of job (KB)
...
006 (6845857.000.000) 11/26 13:25:09 Image size of job updated: 899228
	878  -  MemoryUsage of job (MB)
	899040  -  ResidentSetSize of job (KB)
...
006 (6845857.000.000) 11/26 13:30:10 Image size of job updated: 900492
	880  -  MemoryUsage of job (MB)
	900304  -  ResidentSetSize of job (KB)
...
006 (6845857.000.000) 11/26 13:35:11 Image size of job updated: 900888
	880  -  MemoryUsage of job (MB)
	900700  -  ResidentSetSize of job (KB)
...
006 (6845857.000.000) 11/26 13:40:11 Image size of job updated: 901904
	881  -  MemoryUsage of job (MB)
	901716  -  ResidentSetSize of job (KB)
...
006 (6845857.000.000) 11/26 13:45:12 Image size of job updated: 901932
	881  -  MemoryUsage of job (MB)
	901744  -  ResidentSetSize of job (KB)
...
006 (6845857.000.000) 11/26 13:50:13 Image size of job updated: 901956
	881  -  MemoryUsage of job (MB)
	901768  -  ResidentSetSize of job (KB)
...
006 (6845857.000.000) 11/26 13:55:13 Image size of job updated: 902008
	881  -  MemoryUsage of job (MB)
	901820  -  ResidentSetSize of job (KB)
...
006 (6845857.000.000) 11/26 14:00:13 Image size of job updated: 902024
	881  -  MemoryUsage of job (MB)
	901836  -  ResidentSetSize of job (KB)
...
006 (6845857.000.000) 11/26 14:05:14 Image size of job updated: 902044
	881  -  MemoryUsage of job (MB)
	901856  -  ResidentSetSize of job (KB)
...
006 (6845857.000.000) 11/26 14:10:15 Image size of job updated: 902068
	881  -  MemoryUsage of job (MB)
	901880  -  ResidentSetSize of job (KB)
...
006 (6845857.000.000) 11/26 14:15:15 Image size of job updated: 902088
	881  -  MemoryUsage of job (MB)
	901900  -  ResidentSetSize of job (KB)
...
006 (6845857.000.000) 11/26 14:20:16 Image size of job updated: 902108
	881  -  MemoryUsage of job (MB)
	901920  -  ResidentSetSize of job (KB)
...
006 (6845857.000.000) 11/26 14:25:17 Image size of job updated: 902132
	881  -  MemoryUsage of job (MB)
	901944  -  ResidentSetSize of job (KB)
...
005 (6845857.000.000) 11/26 14:27:06 Job terminated.
	(1) Normal termination (return value 0)
		Usr 0 00:05:28, Sys 0 00:01:39  -  Run Remote Usage
		Usr 0 00:00:00, Sys 0 00:00:00  -  Run Local Usage
		Usr 0 00:05:28, Sys 0 00:01:39  -  Total Remote Usage
		Usr 0 00:00:00, Sys 0 00:00:00  -  Total Local Usage
	0  -  Run Bytes Sent By Job
	0  -  Run Bytes Received By Job
	0  -  Total Bytes Sent By Job
	0  -  Total Bytes Received By Job
	Partitionable Resources :    Usage  Request Allocated
	   Cpus                 :                 1         1
	   Disk (KB)            :       10       10  65563823
	   Memory (MB)          :      881        1      2297
...
