000 (6845853.000.000) 11/26 13:04:18 Job submitted from host: <130.199.153.67:9618?addrs=130.199.153.67-9618&noUDP&sock=7357_7f42_4>
...
001 (6845853.000.000) 11/26 13:04:57 Job executing on host: <130.199.202.91:9618?addrs=130.199.202.91-9618&noUDP&sock=128364_af5c_3>
...
006 (6845853.000.000) 11/26 13:05:06 Image size of job updated: 493000
	482  -  MemoryUsage of job (MB)
	492824  -  ResidentSetSize of job (KB)
...
006 (6845853.000.000) 11/26 13:10:06 Image size of job updated: 891804
	870  -  MemoryUsage of job (MB)
	890804  -  ResidentSetSize of job (KB)
...
006 (6845853.000.000) 11/26 13:15:06 Image size of job updated: 897684
	875  -  MemoryUsage of job (MB)
	895920  -  ResidentSetSize of job (KB)
...
006 (6845853.000.000) 11/26 13:20:07 Image size of job updated: 898160
	875  -  MemoryUsage of job (MB)
	895920  -  ResidentSetSize of job (KB)
...
006 (6845853.000.000) 11/26 13:25:08 Image size of job updated: 898740
	875  -  MemoryUsage of job (MB)
	895920  -  ResidentSetSize of job (KB)
...
006 (6845853.000.000) 11/26 13:30:08 Image size of job updated: 899928
	875  -  MemoryUsage of job (MB)
	895920  -  ResidentSetSize of job (KB)
...
006 (6845853.000.000) 11/26 13:35:09 Image size of job updated: 900208
	875  -  MemoryUsage of job (MB)
	895920  -  ResidentSetSize of job (KB)
...
006 (6845853.000.000) 11/26 13:40:10 Image size of job updated: 900440
	875  -  MemoryUsage of job (MB)
	895920  -  ResidentSetSize of job (KB)
...
006 (6845853.000.000) 11/26 13:45:10 Image size of job updated: 900716
	875  -  MemoryUsage of job (MB)
	895920  -  ResidentSetSize of job (KB)
...
006 (6845853.000.000) 11/26 13:50:10 Image size of job updated: 901568
	875  -  MemoryUsage of job (MB)
	895920  -  ResidentSetSize of job (KB)
...
006 (6845853.000.000) 11/26 13:55:11 Image size of job updated: 901572
	875  -  MemoryUsage of job (MB)
	895920  -  ResidentSetSize of job (KB)
...
006 (6845853.000.000) 11/26 14:05:12 Image size of job updated: 901640
	875  -  MemoryUsage of job (MB)
	895920  -  ResidentSetSize of job (KB)
...
006 (6845853.000.000) 11/26 14:10:12 Image size of job updated: 901652
	875  -  MemoryUsage of job (MB)
	895920  -  ResidentSetSize of job (KB)
...
006 (6845853.000.000) 11/26 14:15:13 Image size of job updated: 901660
	875  -  MemoryUsage of job (MB)
	895920  -  ResidentSetSize of job (KB)
...
006 (6845853.000.000) 11/26 14:20:14 Image size of job updated: 901672
	875  -  MemoryUsage of job (MB)
	895920  -  ResidentSetSize of job (KB)
...
006 (6845853.000.000) 11/26 14:25:14 Image size of job updated: 901676
	875  -  MemoryUsage of job (MB)
	895920  -  ResidentSetSize of job (KB)
...
006 (6845853.000.000) 11/26 14:30:15 Image size of job updated: 901688
	875  -  MemoryUsage of job (MB)
	895920  -  ResidentSetSize of job (KB)
...
006 (6845853.000.000) 11/26 14:35:16 Image size of job updated: 907164
	875  -  MemoryUsage of job (MB)
	895920  -  ResidentSetSize of job (KB)
...
006 (6845853.000.000) 11/26 14:43:13 Image size of job updated: 955580
	875  -  MemoryUsage of job (MB)
	895920  -  ResidentSetSize of job (KB)
...
005 (6845853.000.000) 11/26 14:43:34 Job terminated.
	(1) Normal termination (return value 0)
		Usr 0 00:05:49, Sys 0 00:02:04  -  Run Remote Usage
		Usr 0 00:00:00, Sys 0 00:00:00  -  Run Local Usage
		Usr 0 00:05:49, Sys 0 00:02:04  -  Total Remote Usage
		Usr 0 00:00:00, Sys 0 00:00:00  -  Total Local Usage
	0  -  Run Bytes Sent By Job
	0  -  Run Bytes Received By Job
	0  -  Total Bytes Sent By Job
	0  -  Total Bytes Received By Job
	Partitionable Resources :    Usage  Request Allocated
	   Cpus                 :                 1         1
	   Disk (KB)            :       10       10  65563823
	   Memory (MB)          :      875        1      2297
...
