000 (6845911.000.000) 11/26 13:04:18 Job submitted from host: <130.199.153.67:9618?addrs=130.199.153.67-9618&noUDP&sock=7357_7f42_4>
...
001 (6845911.000.000) 11/26 13:05:10 Job executing on host: <130.199.150.234:9618?addrs=130.199.150.234-9618&noUDP&sock=21977_8ae4_3>
...
006 (6845911.000.000) 11/26 13:05:18 Image size of job updated: 15236
	14  -  MemoryUsage of job (MB)
	13384  -  ResidentSetSize of job (KB)
...
006 (6845911.000.000) 11/26 13:10:18 Image size of job updated: 929184
	904  -  MemoryUsage of job (MB)
	925192  -  ResidentSetSize of job (KB)
...
006 (6845911.000.000) 11/26 13:15:18 Image size of job updated: 932268
	907  -  MemoryUsage of job (MB)
	928276  -  ResidentSetSize of job (KB)
...
006 (6845911.000.000) 11/26 13:20:19 Image size of job updated: 933804
	909  -  MemoryUsage of job (MB)
	929812  -  ResidentSetSize of job (KB)
...
006 (6845911.000.000) 11/26 13:25:16 Image size of job updated: 982160
	909  -  MemoryUsage of job (MB)
	929812  -  ResidentSetSize of job (KB)
...
005 (6845911.000.000) 11/26 13:25:17 Job terminated.
	(1) Normal termination (return value 0)
		Usr 0 00:05:03, Sys 0 00:00:31  -  Run Remote Usage
		Usr 0 00:00:00, Sys 0 00:00:00  -  Run Local Usage
		Usr 0 00:05:03, Sys 0 00:00:31  -  Total Remote Usage
		Usr 0 00:00:00, Sys 0 00:00:00  -  Total Local Usage
	0  -  Run Bytes Sent By Job
	0  -  Run Bytes Received By Job
	0  -  Total Bytes Sent By Job
	0  -  Total Bytes Received By Job
	Partitionable Resources :    Usage  Request Allocated
	   Cpus                 :                 1         1
	   Disk (KB)            :       10       10  59426052
	   Memory (MB)          :      909        1      2007
...
