000 (6846052.000.000) 11/26 13:04:27 Job submitted from host: <130.199.153.67:9618?addrs=130.199.153.67-9618&noUDP&sock=7357_7f42_4>
...
001 (6846052.000.000) 11/26 13:05:36 Job executing on host: <130.199.150.250:9618?addrs=130.199.150.250-9618&noUDP&sock=22012_9e9e_3>
...
006 (6846052.000.000) 11/26 13:05:44 Image size of job updated: 813188
	794  -  MemoryUsage of job (MB)
	813000  -  ResidentSetSize of job (KB)
...
005 (6846052.000.000) 11/26 13:10:29 Job terminated.
	(1) Normal termination (return value 0)
		Usr 0 00:00:27, Sys 0 00:00:08  -  Run Remote Usage
		Usr 0 00:00:00, Sys 0 00:00:00  -  Run Local Usage
		Usr 0 00:00:27, Sys 0 00:00:08  -  Total Remote Usage
		Usr 0 00:00:00, Sys 0 00:00:00  -  Total Local Usage
	0  -  Run Bytes Sent By Job
	0  -  Run Bytes Received By Job
	0  -  Total Bytes Sent By Job
	0  -  Total Bytes Received By Job
	Partitionable Resources :    Usage  Request Allocated
	   Cpus                 :                 1         1
	   Disk (KB)            :       10       10  59426088
	   Memory (MB)          :      794        1      2007
...
