000 (6845865.000.000) 11/26 13:04:18 Job submitted from host: <130.199.153.67:9618?addrs=130.199.153.67-9618&noUDP&sock=7357_7f42_4>
...
001 (6845865.000.000) 11/26 13:04:59 Job executing on host: <130.199.202.93:9618?addrs=130.199.202.93-9618&noUDP&sock=8288_2598_3>
...
006 (6845865.000.000) 11/26 13:05:08 Image size of job updated: 17404
	17  -  MemoryUsage of job (MB)
	17312  -  ResidentSetSize of job (KB)
...
006 (6845865.000.000) 11/26 13:10:09 Image size of job updated: 927356
	905  -  MemoryUsage of job (MB)
	926604  -  ResidentSetSize of job (KB)
...
006 (6845865.000.000) 11/26 13:15:10 Image size of job updated: 930248
	908  -  MemoryUsage of job (MB)
	929496  -  ResidentSetSize of job (KB)
...
006 (6845865.000.000) 11/26 13:20:10 Image size of job updated: 930780
	909  -  MemoryUsage of job (MB)
	930028  -  ResidentSetSize of job (KB)
...
006 (6845865.000.000) 11/26 13:25:11 Image size of job updated: 932140
	910  -  MemoryUsage of job (MB)
	931388  -  ResidentSetSize of job (KB)
...
006 (6845865.000.000) 11/26 13:28:22 Image size of job updated: 982996
	910  -  MemoryUsage of job (MB)
	931388  -  ResidentSetSize of job (KB)
...
005 (6845865.000.000) 11/26 13:28:22 Job terminated.
	(1) Normal termination (return value 0)
		Usr 0 00:05:24, Sys 0 00:00:44  -  Run Remote Usage
		Usr 0 00:00:00, Sys 0 00:00:00  -  Run Local Usage
		Usr 0 00:05:24, Sys 0 00:00:44  -  Total Remote Usage
		Usr 0 00:00:00, Sys 0 00:00:00  -  Total Local Usage
	0  -  Run Bytes Sent By Job
	0  -  Run Bytes Received By Job
	0  -  Total Bytes Sent By Job
	0  -  Total Bytes Received By Job
	Partitionable Resources :    Usage  Request Allocated
	   Cpus                 :                 1         1
	   Disk (KB)            :       10       10  65563578
	   Memory (MB)          :      910        1      2297
...
