000 (6846030.000.000) 11/26 13:04:22 Job submitted from host: <130.199.153.67:9618?addrs=130.199.153.67-9618&noUDP&sock=7357_7f42_4>
...
001 (6846030.000.000) 11/26 13:05:32 Job executing on host: <130.199.150.247:9618?addrs=130.199.150.247-9618&noUDP&sock=22033_440e_3>
...
006 (6846030.000.000) 11/26 13:05:41 Image size of job updated: 814328
	795  -  MemoryUsage of job (MB)
	813992  -  ResidentSetSize of job (KB)
...
006 (6846030.000.000) 11/26 13:10:29 Image size of job updated: 890672
	795  -  MemoryUsage of job (MB)
	813992  -  ResidentSetSize of job (KB)
...
005 (6846030.000.000) 11/26 13:10:30 Job terminated.
	(1) Normal termination (return value 0)
		Usr 0 00:00:25, Sys 0 00:00:08  -  Run Remote Usage
		Usr 0 00:00:00, Sys 0 00:00:00  -  Run Local Usage
		Usr 0 00:00:25, Sys 0 00:00:08  -  Total Remote Usage
		Usr 0 00:00:00, Sys 0 00:00:00  -  Total Local Usage
	0  -  Run Bytes Sent By Job
	0  -  Run Bytes Received By Job
	0  -  Total Bytes Sent By Job
	0  -  Total Bytes Received By Job
	Partitionable Resources :    Usage  Request Allocated
	   Cpus                 :                 1         1
	   Disk (KB)            :       10       10  59426056
	   Memory (MB)          :      795        1      2007
...
