000 (6845852.000.000) 11/26 13:04:18 Job submitted from host: <130.199.153.67:9618?addrs=130.199.153.67-9618&noUDP&sock=7357_7f42_4>
...
001 (6845852.000.000) 11/26 13:04:57 Job executing on host: <130.199.202.93:9618?addrs=130.199.202.93-9618&noUDP&sock=8288_2598_3>
...
006 (6845852.000.000) 11/26 13:05:06 Image size of job updated: 16324
	16  -  MemoryUsage of job (MB)
	15880  -  ResidentSetSize of job (KB)
...
006 (6845852.000.000) 11/26 13:10:07 Image size of job updated: 910820
	889  -  MemoryUsage of job (MB)
	909520  -  ResidentSetSize of job (KB)
...
005 (6845852.000.000) 11/26 13:13:55 Job terminated.
	(1) Normal termination (return value 0)
		Usr 0 00:05:00, Sys 0 00:00:29  -  Run Remote Usage
		Usr 0 00:00:00, Sys 0 00:00:00  -  Run Local Usage
		Usr 0 00:05:00, Sys 0 00:00:29  -  Total Remote Usage
		Usr 0 00:00:00, Sys 0 00:00:00  -  Total Local Usage
	0  -  Run Bytes Sent By Job
	0  -  Run Bytes Received By Job
	0  -  Total Bytes Sent By Job
	0  -  Total Bytes Received By Job
	Partitionable Resources :    Usage  Request Allocated
	   Cpus                 :                 1         1
	   Disk (KB)            :       10       10  65563578
	   Memory (MB)          :      889        1      2297
...
