000 (6845978.000.000) 11/26 13:04:22 Job submitted from host: <130.199.153.67:9618?addrs=130.199.153.67-9618&noUDP&sock=7357_7f42_4>
...
001 (6845978.000.000) 11/26 13:05:22 Job executing on host: <130.199.150.243:9618?addrs=130.199.150.243-9618&noUDP&sock=22049_5463_3>
...
006 (6845978.000.000) 11/26 13:05:31 Image size of job updated: 814488
	796  -  MemoryUsage of job (MB)
	814312  -  ResidentSetSize of job (KB)
...
006 (6845978.000.000) 11/26 13:10:32 Image size of job updated: 892940
	872  -  MemoryUsage of job (MB)
	892752  -  ResidentSetSize of job (KB)
...
006 (6845978.000.000) 11/26 13:15:33 Image size of job updated: 893344
	873  -  MemoryUsage of job (MB)
	893156  -  ResidentSetSize of job (KB)
...
006 (6845978.000.000) 11/26 13:20:33 Image size of job updated: 893928
	873  -  MemoryUsage of job (MB)
	893740  -  ResidentSetSize of job (KB)
...
006 (6845978.000.000) 11/26 13:25:33 Image size of job updated: 894936
	874  -  MemoryUsage of job (MB)
	894748  -  ResidentSetSize of job (KB)
...
006 (6845978.000.000) 11/26 13:29:19 Image size of job updated: 943024
	874  -  MemoryUsage of job (MB)
	894748  -  ResidentSetSize of job (KB)
...
005 (6845978.000.000) 11/26 13:29:20 Job terminated.
	(1) Normal termination (return value 0)
		Usr 0 00:01:52, Sys 0 00:00:28  -  Run Remote Usage
		Usr 0 00:00:00, Sys 0 00:00:00  -  Run Local Usage
		Usr 0 00:01:52, Sys 0 00:00:28  -  Total Remote Usage
		Usr 0 00:00:00, Sys 0 00:00:00  -  Total Local Usage
	0  -  Run Bytes Sent By Job
	0  -  Run Bytes Received By Job
	0  -  Total Bytes Sent By Job
	0  -  Total Bytes Received By Job
	Partitionable Resources :    Usage  Request Allocated
	   Cpus                 :                 1         1
	   Disk (KB)            :       10       10  59426008
	   Memory (MB)          :      874        1      2007
...
