000 (6845995.000.000) 11/26 13:04:22 Job submitted from host: <130.199.153.67:9618?addrs=130.199.153.67-9618&noUDP&sock=7357_7f42_4>
...
001 (6845995.000.000) 11/26 13:05:25 Job executing on host: <130.199.150.210:9618?addrs=130.199.150.210-9618&noUDP&sock=21968_b1b4_3>
...
006 (6845995.000.000) 11/26 13:05:34 Image size of job updated: 853924
	809  -  MemoryUsage of job (MB)
	827408  -  ResidentSetSize of job (KB)
...
006 (6845995.000.000) 11/26 13:08:39 Image size of job updated: 853924
	809  -  MemoryUsage of job (MB)
	827456  -  ResidentSetSize of job (KB)
...
005 (6845995.000.000) 11/26 13:08:39 Job terminated.
	(1) Normal termination (return value 0)
		Usr 0 00:01:23, Sys 0 00:00:10  -  Run Remote Usage
		Usr 0 00:00:00, Sys 0 00:00:00  -  Run Local Usage
		Usr 0 00:01:23, Sys 0 00:00:10  -  Total Remote Usage
		Usr 0 00:00:00, Sys 0 00:00:00  -  Total Local Usage
	0  -  Run Bytes Sent By Job
	0  -  Run Bytes Received By Job
	0  -  Total Bytes Sent By Job
	0  -  Total Bytes Received By Job
	Partitionable Resources :    Usage  Request Allocated
	   Cpus                 :                 1         1
	   Disk (KB)            :       10       10  59426175
	   Memory (MB)          :      809        1      2007
...
