000 (6845921.000.000) 11/26 13:04:18 Job submitted from host: <130.199.153.67:9618?addrs=130.199.153.67-9618&noUDP&sock=7357_7f42_4>
...
001 (6845921.000.000) 11/26 13:05:10 Job executing on host: <130.199.202.86:9618?addrs=130.199.202.86-9618&noUDP&sock=14880_6e80_3>
...
006 (6845921.000.000) 11/26 13:05:18 Image size of job updated: 816540
	797  -  MemoryUsage of job (MB)
	816128  -  ResidentSetSize of job (KB)
...
006 (6845921.000.000) 11/26 13:10:18 Image size of job updated: 892236
	868  -  MemoryUsage of job (MB)
	888540  -  ResidentSetSize of job (KB)
...
006 (6845921.000.000) 11/26 13:15:18 Image size of job updated: 892368
	868  -  MemoryUsage of job (MB)
	888540  -  ResidentSetSize of job (KB)
...
006 (6845921.000.000) 11/26 13:20:19 Image size of job updated: 892596
	868  -  MemoryUsage of job (MB)
	888540  -  ResidentSetSize of job (KB)
...
005 (6845921.000.000) 11/26 13:24:08 Job terminated.
	(1) Normal termination (return value 0)
		Usr 0 00:02:03, Sys 0 00:00:31  -  Run Remote Usage
		Usr 0 00:00:00, Sys 0 00:00:00  -  Run Local Usage
		Usr 0 00:02:03, Sys 0 00:00:31  -  Total Remote Usage
		Usr 0 00:00:00, Sys 0 00:00:00  -  Total Local Usage
	0  -  Run Bytes Sent By Job
	0  -  Run Bytes Received By Job
	0  -  Total Bytes Sent By Job
	0  -  Total Bytes Received By Job
	Partitionable Resources :    Usage  Request Allocated
	   Cpus                 :                 1         1
	   Disk (KB)            :       10       10  65563846
	   Memory (MB)          :      868        1      2297
...
