000 (6845932.000.000) 11/26 13:04:22 Job submitted from host: <130.199.153.67:9618?addrs=130.199.153.67-9618&noUDP&sock=7357_7f42_4>
...
001 (6845932.000.000) 11/26 13:05:13 Job executing on host: <130.199.202.89:9618?addrs=130.199.202.89-9618&noUDP&sock=70844_54c5_3>
...
006 (6845932.000.000) 11/26 13:05:21 Image size of job updated: 856032
	836  -  MemoryUsage of job (MB)
	855844  -  ResidentSetSize of job (KB)
...
006 (6845932.000.000) 11/26 13:09:44 Image size of job updated: 972304
	836  -  MemoryUsage of job (MB)
	855848  -  ResidentSetSize of job (KB)
...
005 (6845932.000.000) 11/26 13:09:44 Job terminated.
	(1) Normal termination (return value 0)
		Usr 0 00:02:41, Sys 0 00:00:13  -  Run Remote Usage
		Usr 0 00:00:00, Sys 0 00:00:00  -  Run Local Usage
		Usr 0 00:02:41, Sys 0 00:00:13  -  Total Remote Usage
		Usr 0 00:00:00, Sys 0 00:00:00  -  Total Local Usage
	0  -  Run Bytes Sent By Job
	0  -  Run Bytes Received By Job
	0  -  Total Bytes Sent By Job
	0  -  Total Bytes Received By Job
	Partitionable Resources :    Usage  Request Allocated
	   Cpus                 :                 1         1
	   Disk (KB)            :       10       10  65563893
	   Memory (MB)          :      836        1      2297
...
