000 (6846015.000.000) 11/26 13:04:22 Job submitted from host: <130.199.153.67:9618?addrs=130.199.153.67-9618&noUDP&sock=7357_7f42_4>
...
001 (6846015.000.000) 11/26 13:05:28 Job executing on host: <130.199.202.58:9618?addrs=130.199.202.58-9618&noUDP&sock=33426_01aa_3>
...
006 (6846015.000.000) 11/26 13:05:37 Image size of job updated: 819972
	801  -  MemoryUsage of job (MB)
	819796  -  ResidentSetSize of job (KB)
...
006 (6846015.000.000) 11/26 13:10:38 Image size of job updated: 897348
	876  -  MemoryUsage of job (MB)
	896464  -  ResidentSetSize of job (KB)
...
005 (6846015.000.000) 11/26 13:13:29 Job terminated.
	(1) Normal termination (return value 0)
		Usr 0 00:00:53, Sys 0 00:00:10  -  Run Remote Usage
		Usr 0 00:00:00, Sys 0 00:00:00  -  Run Local Usage
		Usr 0 00:00:53, Sys 0 00:00:10  -  Total Remote Usage
		Usr 0 00:00:00, Sys 0 00:00:00  -  Total Local Usage
	0  -  Run Bytes Sent By Job
	0  -  Run Bytes Received By Job
	0  -  Total Bytes Sent By Job
	0  -  Total Bytes Received By Job
	Partitionable Resources :    Usage  Request Allocated
	   Cpus                 :                 1         1
	   Disk (KB)            :       10       10  65479296
	   Memory (MB)          :      876        1      2008
...
