000 (6845918.000.000) 11/26 13:04:18 Job submitted from host: <130.199.153.67:9618?addrs=130.199.153.67-9618&noUDP&sock=7357_7f42_4>
...
001 (6845918.000.000) 11/26 13:05:13 Job executing on host: <130.199.202.93:9618?addrs=130.199.202.93-9618&noUDP&sock=8288_2598_3>
...
006 (6845918.000.000) 11/26 13:05:21 Image size of job updated: 823956
	805  -  MemoryUsage of job (MB)
	823780  -  ResidentSetSize of job (KB)
...
006 (6845918.000.000) 11/26 13:10:21 Image size of job updated: 886720
	864  -  MemoryUsage of job (MB)
	884732  -  ResidentSetSize of job (KB)
...
006 (6845918.000.000) 11/26 13:15:22 Image size of job updated: 888396
	864  -  MemoryUsage of job (MB)
	884732  -  ResidentSetSize of job (KB)
...
005 (6845918.000.000) 11/26 13:20:44 Job terminated.
	(1) Normal termination (return value 0)
		Usr 0 00:02:42, Sys 0 00:00:24  -  Run Remote Usage
		Usr 0 00:00:00, Sys 0 00:00:00  -  Run Local Usage
		Usr 0 00:02:42, Sys 0 00:00:24  -  Total Remote Usage
		Usr 0 00:00:00, Sys 0 00:00:00  -  Total Local Usage
	0  -  Run Bytes Sent By Job
	0  -  Run Bytes Received By Job
	0  -  Total Bytes Sent By Job
	0  -  Total Bytes Received By Job
	Partitionable Resources :    Usage  Request Allocated
	   Cpus                 :                 1         1
	   Disk (KB)            :       10       10  65563578
	   Memory (MB)          :      864        1      2297
...
