000 (6845862.000.000) 11/26 13:04:18 Job submitted from host: <130.199.153.67:9618?addrs=130.199.153.67-9618&noUDP&sock=7357_7f42_4>
...
001 (6845862.000.000) 11/26 13:04:59 Job executing on host: <130.199.202.88:9618?addrs=130.199.202.88-9618&noUDP&sock=169515_74fe_3>
...
006 (6845862.000.000) 11/26 13:05:08 Image size of job updated: 354612
	326  -  MemoryUsage of job (MB)
	332804  -  ResidentSetSize of job (KB)
...
006 (6845862.000.000) 11/26 13:10:09 Image size of job updated: 930488
	888  -  MemoryUsage of job (MB)
	908620  -  ResidentSetSize of job (KB)
...
006 (6845862.000.000) 11/26 13:15:10 Image size of job updated: 932732
	890  -  MemoryUsage of job (MB)
	910864  -  ResidentSetSize of job (KB)
...
006 (6845862.000.000) 11/26 13:20:10 Image size of job updated: 932888
	890  -  MemoryUsage of job (MB)
	911012  -  ResidentSetSize of job (KB)
...
006 (6845862.000.000) 11/26 13:25:10 Image size of job updated: 932944
	890  -  MemoryUsage of job (MB)
	911012  -  ResidentSetSize of job (KB)
...
005 (6845862.000.000) 11/26 13:30:09 Job terminated.
	(1) Normal termination (return value 0)
		Usr 0 00:05:09, Sys 0 00:00:39  -  Run Remote Usage
		Usr 0 00:00:00, Sys 0 00:00:00  -  Run Local Usage
		Usr 0 00:05:09, Sys 0 00:00:39  -  Total Remote Usage
		Usr 0 00:00:00, Sys 0 00:00:00  -  Total Local Usage
	0  -  Run Bytes Sent By Job
	0  -  Run Bytes Received By Job
	0  -  Total Bytes Sent By Job
	0  -  Total Bytes Received By Job
	Partitionable Resources :    Usage  Request Allocated
	   Cpus                 :                 1         1
	   Disk (KB)            :       10       10  65563789
	   Memory (MB)          :      890        1      2297
...
