000 (6845917.000.000) 11/26 13:04:18 Job submitted from host: <130.199.153.67:9618?addrs=130.199.153.67-9618&noUDP&sock=7357_7f42_4>
...
001 (6845917.000.000) 11/26 13:05:09 Job executing on host: <130.199.202.58:9618?addrs=130.199.202.58-9618&noUDP&sock=33426_01aa_3>
...
006 (6845917.000.000) 11/26 13:05:18 Image size of job updated: 27912
	21  -  MemoryUsage of job (MB)
	21204  -  ResidentSetSize of job (KB)
...
006 (6845917.000.000) 11/26 13:10:19 Image size of job updated: 899736
	873  -  MemoryUsage of job (MB)
	892988  -  ResidentSetSize of job (KB)
...
006 (6845917.000.000) 11/26 13:15:19 Image size of job updated: 900584
	873  -  MemoryUsage of job (MB)
	893836  -  ResidentSetSize of job (KB)
...
006 (6845917.000.000) 11/26 13:20:19 Image size of job updated: 900964
	874  -  MemoryUsage of job (MB)
	894216  -  ResidentSetSize of job (KB)
...
006 (6845917.000.000) 11/26 13:25:19 Image size of job updated: 901452
	874  -  MemoryUsage of job (MB)
	894704  -  ResidentSetSize of job (KB)
...
006 (6845917.000.000) 11/26 13:30:20 Image size of job updated: 908396
	881  -  MemoryUsage of job (MB)
	901648  -  ResidentSetSize of job (KB)
...
006 (6845917.000.000) 11/26 13:35:22 Image size of job updated: 908536
	881  -  MemoryUsage of job (MB)
	901788  -  ResidentSetSize of job (KB)
...
006 (6845917.000.000) 11/26 13:40:22 Image size of job updated: 908664
	881  -  MemoryUsage of job (MB)
	901916  -  ResidentSetSize of job (KB)
...
006 (6845917.000.000) 11/26 13:45:22 Image size of job updated: 909252
	881  -  MemoryUsage of job (MB)
	901916  -  ResidentSetSize of job (KB)
...
006 (6845917.000.000) 11/26 13:55:22 Image size of job updated: 909480
	881  -  MemoryUsage of job (MB)
	901916  -  ResidentSetSize of job (KB)
...
005 (6845917.000.000) 11/26 13:57:30 Job terminated.
	(1) Normal termination (return value 0)
		Usr 0 00:02:51, Sys 0 00:00:47  -  Run Remote Usage
		Usr 0 00:00:00, Sys 0 00:00:00  -  Run Local Usage
		Usr 0 00:02:51, Sys 0 00:00:47  -  Total Remote Usage
		Usr 0 00:00:00, Sys 0 00:00:00  -  Total Local Usage
	0  -  Run Bytes Sent By Job
	0  -  Run Bytes Received By Job
	0  -  Total Bytes Sent By Job
	0  -  Total Bytes Received By Job
	Partitionable Resources :    Usage  Request Allocated
	   Cpus                 :                 1         1
	   Disk (KB)            :       10       10  65479296
	   Memory (MB)          :      881        1      2008
...
