000 (6845948.000.000) 11/26 13:04:22 Job submitted from host: <130.199.153.67:9618?addrs=130.199.153.67-9618&noUDP&sock=7357_7f42_4>
...
001 (6845948.000.000) 11/26 13:05:16 Job executing on host: <130.199.150.153:9618?addrs=130.199.150.153-9618&noUDP&sock=21940_d51f_3>
...
006 (6845948.000.000) 11/26 13:05:24 Image size of job updated: 43620
	18  -  MemoryUsage of job (MB)
	18116  -  ResidentSetSize of job (KB)
...
006 (6845948.000.000) 11/26 13:10:24 Image size of job updated: 931160
	884  -  MemoryUsage of job (MB)
	904632  -  ResidentSetSize of job (KB)
...
006 (6845948.000.000) 11/26 13:15:25 Image size of job updated: 933720
	886  -  MemoryUsage of job (MB)
	907192  -  ResidentSetSize of job (KB)
...
006 (6845948.000.000) 11/26 13:19:00 Image size of job updated: 937920
	886  -  MemoryUsage of job (MB)
	907192  -  ResidentSetSize of job (KB)
...
005 (6845948.000.000) 11/26 13:19:00 Job terminated.
	(1) Normal termination (return value 0)
		Usr 0 00:04:06, Sys 0 00:00:26  -  Run Remote Usage
		Usr 0 00:00:00, Sys 0 00:00:00  -  Run Local Usage
		Usr 0 00:04:06, Sys 0 00:00:26  -  Total Remote Usage
		Usr 0 00:00:00, Sys 0 00:00:00  -  Total Local Usage
	0  -  Run Bytes Sent By Job
	0  -  Run Bytes Received By Job
	0  -  Total Bytes Sent By Job
	0  -  Total Bytes Received By Job
	Partitionable Resources :    Usage  Request Allocated
	   Cpus                 :                 1         1
	   Disk (KB)            :       10       10  41489257
	   Memory (MB)          :      886        1      2007
...
