000 (6845941.000.000) 11/26 13:04:22 Job submitted from host: <130.199.153.67:9618?addrs=130.199.153.67-9618&noUDP&sock=7357_7f42_4>
...
001 (6845941.000.000) 11/26 13:05:15 Job executing on host: <130.199.150.205:9618?addrs=130.199.150.205-9618&noUDP&sock=21966_0fa9_3>
...
006 (6845941.000.000) 11/26 13:05:24 Image size of job updated: 14400
	14  -  MemoryUsage of job (MB)
	14008  -  ResidentSetSize of job (KB)
...
006 (6845941.000.000) 11/26 13:10:25 Image size of job updated: 887832
	867  -  MemoryUsage of job (MB)
	887240  -  ResidentSetSize of job (KB)
...
006 (6845941.000.000) 11/26 13:15:25 Image size of job updated: 888812
	868  -  MemoryUsage of job (MB)
	888220  -  ResidentSetSize of job (KB)
...
006 (6845941.000.000) 11/26 13:20:25 Image size of job updated: 889716
	869  -  MemoryUsage of job (MB)
	889124  -  ResidentSetSize of job (KB)
...
006 (6845941.000.000) 11/26 13:25:26 Image size of job updated: 890072
	869  -  MemoryUsage of job (MB)
	889480  -  ResidentSetSize of job (KB)
...
006 (6845941.000.000) 11/26 13:30:27 Image size of job updated: 891120
	870  -  MemoryUsage of job (MB)
	890528  -  ResidentSetSize of job (KB)
...
006 (6845941.000.000) 11/26 13:35:27 Image size of job updated: 891432
	870  -  MemoryUsage of job (MB)
	890840  -  ResidentSetSize of job (KB)
...
006 (6845941.000.000) 11/26 13:40:27 Image size of job updated: 891704
	871  -  MemoryUsage of job (MB)
	891112  -  ResidentSetSize of job (KB)
...
006 (6845941.000.000) 11/26 13:45:28 Image size of job updated: 892544
	872  -  MemoryUsage of job (MB)
	891952  -  ResidentSetSize of job (KB)
...
006 (6845941.000.000) 11/26 13:46:16 Image size of job updated: 1272076
	872  -  MemoryUsage of job (MB)
	891952  -  ResidentSetSize of job (KB)
...
005 (6845941.000.000) 11/26 13:46:16 Job terminated.
	(1) Normal termination (return value 0)
		Usr 0 00:02:39, Sys 0 00:00:47  -  Run Remote Usage
		Usr 0 00:00:00, Sys 0 00:00:00  -  Run Local Usage
		Usr 0 00:02:39, Sys 0 00:00:47  -  Total Remote Usage
		Usr 0 00:00:00, Sys 0 00:00:00  -  Total Local Usage
	0  -  Run Bytes Sent By Job
	0  -  Run Bytes Received By Job
	0  -  Total Bytes Sent By Job
	0  -  Total Bytes Received By Job
	Partitionable Resources :    Usage  Request Allocated
	   Cpus                 :                 1         1
	   Disk (KB)            :       10       10  59426227
	   Memory (MB)          :      872        1      2007
...
