000 (6845863.000.000) 11/26 13:04:18 Job submitted from host: <130.199.153.67:9618?addrs=130.199.153.67-9618&noUDP&sock=7357_7f42_4>
...
001 (6845863.000.000) 11/26 13:04:59 Job executing on host: <130.199.202.89:9618?addrs=130.199.202.89-9618&noUDP&sock=70844_54c5_3>
...
006 (6845863.000.000) 11/26 13:05:08 Image size of job updated: 851388
	832  -  MemoryUsage of job (MB)
	851152  -  ResidentSetSize of job (KB)
...
006 (6845863.000.000) 11/26 13:10:09 Image size of job updated: 923780
	902  -  MemoryUsage of job (MB)
	922652  -  ResidentSetSize of job (KB)
...
006 (6845863.000.000) 11/26 13:12:39 Image size of job updated: 1388192
	902  -  MemoryUsage of job (MB)
	922652  -  ResidentSetSize of job (KB)
...
005 (6845863.000.000) 11/26 13:13:29 Job terminated.
	(1) Normal termination (return value 0)
		Usr 0 00:04:43, Sys 0 00:00:23  -  Run Remote Usage
		Usr 0 00:00:00, Sys 0 00:00:00  -  Run Local Usage
		Usr 0 00:04:43, Sys 0 00:00:23  -  Total Remote Usage
		Usr 0 00:00:00, Sys 0 00:00:00  -  Total Local Usage
	0  -  Run Bytes Sent By Job
	0  -  Run Bytes Received By Job
	0  -  Total Bytes Sent By Job
	0  -  Total Bytes Received By Job
	Partitionable Resources :    Usage  Request Allocated
	   Cpus                 :                 1         1
	   Disk (KB)            :       10       10  65563893
	   Memory (MB)          :      902        1      2297
...
