000 (6846087.000.000) 11/26 13:04:27 Job submitted from host: <130.199.153.67:9618?addrs=130.199.153.67-9618&noUDP&sock=7357_7f42_4>
...
001 (6846087.000.000) 11/26 13:06:13 Job executing on host: <130.199.202.35:9618?addrs=130.199.202.35-9618&noUDP&sock=48291_9763_3>
...
006 (6846087.000.000) 11/26 13:06:22 Image size of job updated: 907764
	887  -  MemoryUsage of job (MB)
	907572  -  ResidentSetSize of job (KB)
...
006 (6846087.000.000) 11/26 13:06:28 Image size of job updated: 907764
	887  -  MemoryUsage of job (MB)
	907592  -  ResidentSetSize of job (KB)
...
005 (6846087.000.000) 11/26 13:06:28 Job terminated.
	(1) Normal termination (return value 0)
		Usr 0 00:00:08, Sys 0 00:00:04  -  Run Remote Usage
		Usr 0 00:00:00, Sys 0 00:00:00  -  Run Local Usage
		Usr 0 00:00:08, Sys 0 00:00:04  -  Total Remote Usage
		Usr 0 00:00:00, Sys 0 00:00:00  -  Total Local Usage
	0  -  Run Bytes Sent By Job
	0  -  Run Bytes Received By Job
	0  -  Total Bytes Sent By Job
	0  -  Total Bytes Received By Job
	Partitionable Resources :    Usage  Request Allocated
	   Cpus                 :                 1         1
	   Disk (KB)            :       10       10  65479039
	   Memory (MB)          :      887        1      2008
...
