000 (6845877.000.000) 11/26 13:04:18 Job submitted from host: <130.199.153.67:9618?addrs=130.199.153.67-9618&noUDP&sock=7357_7f42_4>
...
001 (6845877.000.000) 11/26 13:05:01 Job executing on host: <130.199.202.93:9618?addrs=130.199.202.93-9618&noUDP&sock=8288_2598_3>
...
006 (6845877.000.000) 11/26 13:05:10 Image size of job updated: 21588
	21  -  MemoryUsage of job (MB)
	21040  -  ResidentSetSize of job (KB)
...
006 (6845877.000.000) 11/26 13:10:11 Image size of job updated: 929196
	906  -  MemoryUsage of job (MB)
	927412  -  ResidentSetSize of job (KB)
...
006 (6845877.000.000) 11/26 13:15:11 Image size of job updated: 931820
	907  -  MemoryUsage of job (MB)
	928692  -  ResidentSetSize of job (KB)
...
006 (6845877.000.000) 11/26 13:20:11 Image size of job updated: 932500
	907  -  MemoryUsage of job (MB)
	928692  -  ResidentSetSize of job (KB)
...
006 (6845877.000.000) 11/26 13:25:12 Image size of job updated: 932552
	907  -  MemoryUsage of job (MB)
	928692  -  ResidentSetSize of job (KB)
...
006 (6845877.000.000) 11/26 13:27:47 Image size of job updated: 980960
	907  -  MemoryUsage of job (MB)
	928692  -  ResidentSetSize of job (KB)
...
005 (6845877.000.000) 11/26 13:27:50 Job terminated.
	(1) Normal termination (return value 0)
		Usr 0 00:05:08, Sys 0 00:00:46  -  Run Remote Usage
		Usr 0 00:00:00, Sys 0 00:00:00  -  Run Local Usage
		Usr 0 00:05:08, Sys 0 00:00:46  -  Total Remote Usage
		Usr 0 00:00:00, Sys 0 00:00:00  -  Total Local Usage
	0  -  Run Bytes Sent By Job
	0  -  Run Bytes Received By Job
	0  -  Total Bytes Sent By Job
	0  -  Total Bytes Received By Job
	Partitionable Resources :    Usage  Request Allocated
	   Cpus                 :                 1         1
	   Disk (KB)            :       10       10  65563578
	   Memory (MB)          :      907        1      2297
...
