000 (6846003.000.000) 11/26 13:04:22 Job submitted from host: <130.199.153.67:9618?addrs=130.199.153.67-9618&noUDP&sock=7357_7f42_4>
...
001 (6846003.000.000) 11/26 13:05:26 Job executing on host: <130.199.150.235:9618?addrs=130.199.150.235-9618&noUDP&sock=21967_60af_3>
...
006 (6846003.000.000) 11/26 13:05:35 Image size of job updated: 835800
	791  -  MemoryUsage of job (MB)
	809300  -  ResidentSetSize of job (KB)
...
006 (6846003.000.000) 11/26 13:10:36 Image size of job updated: 914400
	868  -  MemoryUsage of job (MB)
	887824  -  ResidentSetSize of job (KB)
...
006 (6846003.000.000) 11/26 13:15:37 Image size of job updated: 914804
	868  -  MemoryUsage of job (MB)
	888228  -  ResidentSetSize of job (KB)
...
006 (6846003.000.000) 11/26 13:19:46 Image size of job updated: 922392
	868  -  MemoryUsage of job (MB)
	888228  -  ResidentSetSize of job (KB)
...
005 (6846003.000.000) 11/26 13:19:46 Job terminated.
	(1) Normal termination (return value 0)
		Usr 0 00:01:10, Sys 0 00:00:18  -  Run Remote Usage
		Usr 0 00:00:00, Sys 0 00:00:00  -  Run Local Usage
		Usr 0 00:01:10, Sys 0 00:00:18  -  Total Remote Usage
		Usr 0 00:00:00, Sys 0 00:00:00  -  Total Local Usage
	0  -  Run Bytes Sent By Job
	0  -  Run Bytes Received By Job
	0  -  Total Bytes Sent By Job
	0  -  Total Bytes Received By Job
	Partitionable Resources :    Usage  Request Allocated
	   Cpus                 :                 1         1
	   Disk (KB)            :       10       10  59426283
	   Memory (MB)          :      868        1      2007
...
