000 (6845966.000.000) 11/26 13:04:22 Job submitted from host: <130.199.153.67:9618?addrs=130.199.153.67-9618&noUDP&sock=7357_7f42_4>
...
001 (6845966.000.000) 11/26 13:05:19 Job executing on host: <130.199.202.40:9618?addrs=130.199.202.40-9618&noUDP&sock=49005_9037_3>
...
006 (6845966.000.000) 11/26 13:05:28 Image size of job updated: 28412
	15  -  MemoryUsage of job (MB)
	14980  -  ResidentSetSize of job (KB)
...
005 (6845966.000.000) 11/26 13:09:54 Job terminated.
	(1) Normal termination (return value 0)
		Usr 0 00:02:39, Sys 0 00:00:12  -  Run Remote Usage
		Usr 0 00:00:00, Sys 0 00:00:00  -  Run Local Usage
		Usr 0 00:02:39, Sys 0 00:00:12  -  Total Remote Usage
		Usr 0 00:00:00, Sys 0 00:00:00  -  Total Local Usage
	0  -  Run Bytes Sent By Job
	0  -  Run Bytes Received By Job
	0  -  Total Bytes Sent By Job
	0  -  Total Bytes Received By Job
	Partitionable Resources :    Usage  Request Allocated
	   Cpus                 :                 1         1
	   Disk (KB)            :       10       10  65479168
	   Memory (MB)          :       15        1      2008
...
