000 (6845955.000.000) 11/26 13:04:22 Job submitted from host: <130.199.153.67:9618?addrs=130.199.153.67-9618&noUDP&sock=7357_7f42_4>
...
001 (6845955.000.000) 11/26 13:05:16 Job executing on host: <130.199.150.243:9618?addrs=130.199.150.243-9618&noUDP&sock=22049_5463_3>
...
006 (6845955.000.000) 11/26 13:05:25 Image size of job updated: 817388
	799  -  MemoryUsage of job (MB)
	817212  -  ResidentSetSize of job (KB)
...
006 (6845955.000.000) 11/26 13:10:25 Image size of job updated: 897664
	877  -  MemoryUsage of job (MB)
	897148  -  ResidentSetSize of job (KB)
...
006 (6845955.000.000) 11/26 13:15:25 Image size of job updated: 898352
	877  -  MemoryUsage of job (MB)
	897320  -  ResidentSetSize of job (KB)
...
006 (6845955.000.000) 11/26 13:20:26 Image size of job updated: 898508
	877  -  MemoryUsage of job (MB)
	897320  -  ResidentSetSize of job (KB)
...
006 (6845955.000.000) 11/26 13:22:19 Image size of job updated: 914328
	877  -  MemoryUsage of job (MB)
	897320  -  ResidentSetSize of job (KB)
...
005 (6845955.000.000) 11/26 13:22:19 Job terminated.
	(1) Normal termination (return value 0)
		Usr 0 00:01:52, Sys 0 00:00:22  -  Run Remote Usage
		Usr 0 00:00:00, Sys 0 00:00:00  -  Run Local Usage
		Usr 0 00:01:52, Sys 0 00:00:22  -  Total Remote Usage
		Usr 0 00:00:00, Sys 0 00:00:00  -  Total Local Usage
	0  -  Run Bytes Sent By Job
	0  -  Run Bytes Received By Job
	0  -  Total Bytes Sent By Job
	0  -  Total Bytes Received By Job
	Partitionable Resources :    Usage  Request Allocated
	   Cpus                 :                 1         1
	   Disk (KB)            :       10       10  59426008
	   Memory (MB)          :      877        1      2007
...
