000 (6845979.000.000) 11/26 13:04:22 Job submitted from host: <130.199.153.67:9618?addrs=130.199.153.67-9618&noUDP&sock=7357_7f42_4>
...
001 (6845979.000.000) 11/26 13:05:22 Job executing on host: <130.199.150.206:9618?addrs=130.199.150.206-9618&noUDP&sock=21929_59e5_3>
...
006 (6845979.000.000) 11/26 13:05:31 Image size of job updated: 816228
	797  -  MemoryUsage of job (MB)
	816052  -  ResidentSetSize of job (KB)
...
006 (6845979.000.000) 11/26 13:10:32 Image size of job updated: 890912
	870  -  MemoryUsage of job (MB)
	890244  -  ResidentSetSize of job (KB)
...
006 (6845979.000.000) 11/26 13:15:33 Image size of job updated: 891888
	870  -  MemoryUsage of job (MB)
	890244  -  ResidentSetSize of job (KB)
...
006 (6845979.000.000) 11/26 13:20:34 Image size of job updated: 892228
	870  -  MemoryUsage of job (MB)
	890244  -  ResidentSetSize of job (KB)
...
006 (6845979.000.000) 11/26 13:25:34 Image size of job updated: 892568
	870  -  MemoryUsage of job (MB)
	890244  -  ResidentSetSize of job (KB)
...
006 (6845979.000.000) 11/26 13:25:53 Image size of job updated: 936724
	870  -  MemoryUsage of job (MB)
	890244  -  ResidentSetSize of job (KB)
...
005 (6845979.000.000) 11/26 13:25:53 Job terminated.
	(1) Normal termination (return value 0)
		Usr 0 00:01:32, Sys 0 00:00:24  -  Run Remote Usage
		Usr 0 00:00:00, Sys 0 00:00:00  -  Run Local Usage
		Usr 0 00:01:32, Sys 0 00:00:24  -  Total Remote Usage
		Usr 0 00:00:00, Sys 0 00:00:00  -  Total Local Usage
	0  -  Run Bytes Sent By Job
	0  -  Run Bytes Received By Job
	0  -  Total Bytes Sent By Job
	0  -  Total Bytes Received By Job
	Partitionable Resources :    Usage  Request Allocated
	   Cpus                 :                 1         1
	   Disk (KB)            :       10       10  59426359
	   Memory (MB)          :      870        1      2007
...
