000 (6845960.000.000) 11/26 13:04:22 Job submitted from host: <130.199.153.67:9618?addrs=130.199.153.67-9618&noUDP&sock=7357_7f42_4>
...
001 (6845960.000.000) 11/26 13:05:18 Job executing on host: <130.199.150.238:9618?addrs=130.199.150.238-9618&noUDP&sock=22592_2eaa_3>
...
006 (6845960.000.000) 11/26 13:05:27 Image size of job updated: 437868
	402  -  MemoryUsage of job (MB)
	411372  -  ResidentSetSize of job (KB)
...
006 (6845960.000.000) 11/26 13:10:28 Image size of job updated: 916456
	870  -  MemoryUsage of job (MB)
	889876  -  ResidentSetSize of job (KB)
...
006 (6845960.000.000) 11/26 13:15:29 Image size of job updated: 918132
	871  -  MemoryUsage of job (MB)
	891548  -  ResidentSetSize of job (KB)
...
006 (6845960.000.000) 11/26 13:20:29 Image size of job updated: 919856
	873  -  MemoryUsage of job (MB)
	893276  -  ResidentSetSize of job (KB)
...
005 (6845960.000.000) 11/26 13:22:09 Job terminated.
	(1) Normal termination (return value 0)
		Usr 0 00:02:27, Sys 0 00:00:24  -  Run Remote Usage
		Usr 0 00:00:00, Sys 0 00:00:00  -  Run Local Usage
		Usr 0 00:02:27, Sys 0 00:00:24  -  Total Remote Usage
		Usr 0 00:00:00, Sys 0 00:00:00  -  Total Local Usage
	0  -  Run Bytes Sent By Job
	0  -  Run Bytes Received By Job
	0  -  Total Bytes Sent By Job
	0  -  Total Bytes Received By Job
	Partitionable Resources :    Usage  Request Allocated
	   Cpus                 :                 1         1
	   Disk (KB)            :       10       10  59426394
	   Memory (MB)          :      873        1      2007
...
