000 (6845910.000.000) 11/26 13:04:18 Job submitted from host: <130.199.153.67:9618?addrs=130.199.153.67-9618&noUDP&sock=7357_7f42_4>
...
001 (6845910.000.000) 11/26 13:05:08 Job executing on host: <130.199.202.89:9618?addrs=130.199.202.89-9618&noUDP&sock=70844_54c5_3>
...
006 (6845910.000.000) 11/26 13:05:17 Image size of job updated: 847096
	828  -  MemoryUsage of job (MB)
	846908  -  ResidentSetSize of job (KB)
...
006 (6845910.000.000) 11/26 13:10:18 Image size of job updated: 908088
	887  -  MemoryUsage of job (MB)
	907724  -  ResidentSetSize of job (KB)
...
006 (6845910.000.000) 11/26 13:11:15 Image size of job updated: 1400124
	887  -  MemoryUsage of job (MB)
	907724  -  ResidentSetSize of job (KB)
...
005 (6845910.000.000) 11/26 13:11:16 Job terminated.
	(1) Normal termination (return value 0)
		Usr 0 00:03:08, Sys 0 00:00:17  -  Run Remote Usage
		Usr 0 00:00:00, Sys 0 00:00:00  -  Run Local Usage
		Usr 0 00:03:08, Sys 0 00:00:17  -  Total Remote Usage
		Usr 0 00:00:00, Sys 0 00:00:00  -  Total Local Usage
	0  -  Run Bytes Sent By Job
	0  -  Run Bytes Received By Job
	0  -  Total Bytes Sent By Job
	0  -  Total Bytes Received By Job
	Partitionable Resources :    Usage  Request Allocated
	   Cpus                 :                 1         1
	   Disk (KB)            :       10       10  65563893
	   Memory (MB)          :      887        1      2297
...
