000 (6845888.000.000) 11/26 13:04:18 Job submitted from host: <130.199.153.67:9618?addrs=130.199.153.67-9618&noUDP&sock=7357_7f42_4>
...
001 (6845888.000.000) 11/26 13:05:04 Job executing on host: <130.199.150.219:9618?addrs=130.199.150.219-9618&noUDP&sock=22597_c3c4_3>
...
006 (6845888.000.000) 11/26 13:05:13 Image size of job updated: 856908
	811  -  MemoryUsage of job (MB)
	830380  -  ResidentSetSize of job (KB)
...
006 (6845888.000.000) 11/26 13:10:14 Image size of job updated: 951796
	904  -  MemoryUsage of job (MB)
	925216  -  ResidentSetSize of job (KB)
...
006 (6845888.000.000) 11/26 13:15:15 Image size of job updated: 955424
	908  -  MemoryUsage of job (MB)
	928844  -  ResidentSetSize of job (KB)
...
006 (6845888.000.000) 11/26 13:20:15 Image size of job updated: 956652
	909  -  MemoryUsage of job (MB)
	930072  -  ResidentSetSize of job (KB)
...
006 (6845888.000.000) 11/26 13:25:15 Image size of job updated: 956784
	909  -  MemoryUsage of job (MB)
	930204  -  ResidentSetSize of job (KB)
...
006 (6845888.000.000) 11/26 13:27:15 Image size of job updated: 1004988
	909  -  MemoryUsage of job (MB)
	930204  -  ResidentSetSize of job (KB)
...
005 (6845888.000.000) 11/26 13:27:47 Job terminated.
	(1) Normal termination (return value 0)
		Usr 0 00:05:55, Sys 0 00:00:33  -  Run Remote Usage
		Usr 0 00:00:00, Sys 0 00:00:00  -  Run Local Usage
		Usr 0 00:05:55, Sys 0 00:00:33  -  Total Remote Usage
		Usr 0 00:00:00, Sys 0 00:00:00  -  Total Local Usage
	0  -  Run Bytes Sent By Job
	0  -  Run Bytes Received By Job
	0  -  Total Bytes Sent By Job
	0  -  Total Bytes Received By Job
	Partitionable Resources :    Usage  Request Allocated
	   Cpus                 :                 1         1
	   Disk (KB)            :       10       10  59425972
	   Memory (MB)          :      909        1      2007
...
