000 (6846089.000.000) 11/26 13:04:27 Job submitted from host: <130.199.153.67:9618?addrs=130.199.153.67-9618&noUDP&sock=7357_7f42_4>
...
001 (6846089.000.000) 11/26 13:06:15 Job executing on host: <130.199.202.54:9618?addrs=130.199.202.54-9618&noUDP&sock=13693_c2d9_3>
...
006 (6846089.000.000) 11/26 13:06:23 Image size of job updated: 837176
	818  -  MemoryUsage of job (MB)
	837000  -  ResidentSetSize of job (KB)
...
006 (6846089.000.000) 11/26 13:07:14 Image size of job updated: 837176
	818  -  MemoryUsage of job (MB)
	837092  -  ResidentSetSize of job (KB)
...
005 (6846089.000.000) 11/26 13:07:15 Job terminated.
	(1) Normal termination (return value 0)
		Usr 0 00:00:11, Sys 0 00:00:06  -  Run Remote Usage
		Usr 0 00:00:00, Sys 0 00:00:00  -  Run Local Usage
		Usr 0 00:00:11, Sys 0 00:00:06  -  Total Remote Usage
		Usr 0 00:00:00, Sys 0 00:00:00  -  Total Local Usage
	0  -  Run Bytes Sent By Job
	0  -  Run Bytes Received By Job
	0  -  Total Bytes Sent By Job
	0  -  Total Bytes Received By Job
	Partitionable Resources :    Usage  Request Allocated
	   Cpus                 :                 1         1
	   Disk (KB)            :       10       10  65479260
	   Memory (MB)          :      818        1      2008
...
