000 (6845874.000.000) 11/26 13:04:18 Job submitted from host: <130.199.153.67:9618?addrs=130.199.153.67-9618&noUDP&sock=7357_7f42_4>
...
001 (6845874.000.000) 11/26 13:05:01 Job executing on host: <130.199.202.90:9618?addrs=130.199.202.90-9618&noUDP&sock=96748_9ec0_3>
...
006 (6845874.000.000) 11/26 13:05:10 Image size of job updated: 820092
	801  -  MemoryUsage of job (MB)
	819916  -  ResidentSetSize of job (KB)
...
006 (6845874.000.000) 11/26 13:10:11 Image size of job updated: 894676
	873  -  MemoryUsage of job (MB)
	893652  -  ResidentSetSize of job (KB)
...
006 (6845874.000.000) 11/26 13:15:11 Image size of job updated: 895504
	873  -  MemoryUsage of job (MB)
	893652  -  ResidentSetSize of job (KB)
...
006 (6845874.000.000) 11/26 13:20:11 Image size of job updated: 895804
	873  -  MemoryUsage of job (MB)
	893652  -  ResidentSetSize of job (KB)
...
006 (6845874.000.000) 11/26 13:25:12 Image size of job updated: 897048
	873  -  MemoryUsage of job (MB)
	893652  -  ResidentSetSize of job (KB)
...
006 (6845874.000.000) 11/26 13:30:12 Image size of job updated: 897436
	873  -  MemoryUsage of job (MB)
	893652  -  ResidentSetSize of job (KB)
...
006 (6845874.000.000) 11/26 13:35:12 Image size of job updated: 897776
	873  -  MemoryUsage of job (MB)
	893652  -  ResidentSetSize of job (KB)
...
006 (6845874.000.000) 11/26 13:40:13 Image size of job updated: 898804
	873  -  MemoryUsage of job (MB)
	893652  -  ResidentSetSize of job (KB)
...
006 (6845874.000.000) 11/26 13:45:14 Image size of job updated: 898824
	873  -  MemoryUsage of job (MB)
	893652  -  ResidentSetSize of job (KB)
...
006 (6845874.000.000) 11/26 13:50:14 Image size of job updated: 898828
	873  -  MemoryUsage of job (MB)
	893652  -  ResidentSetSize of job (KB)
...
006 (6845874.000.000) 11/26 13:55:14 Image size of job updated: 898840
	873  -  MemoryUsage of job (MB)
	893652  -  ResidentSetSize of job (KB)
...
006 (6845874.000.000) 11/26 14:00:15 Image size of job updated: 898844
	873  -  MemoryUsage of job (MB)
	893652  -  ResidentSetSize of job (KB)
...
006 (6845874.000.000) 11/26 14:05:16 Image size of job updated: 898864
	873  -  MemoryUsage of job (MB)
	893652  -  ResidentSetSize of job (KB)
...
006 (6845874.000.000) 11/26 14:10:16 Image size of job updated: 898880
	873  -  MemoryUsage of job (MB)
	893652  -  ResidentSetSize of job (KB)
...
006 (6845874.000.000) 11/26 14:15:16 Image size of job updated: 898888
	873  -  MemoryUsage of job (MB)
	893652  -  ResidentSetSize of job (KB)
...
006 (6845874.000.000) 11/26 14:16:02 Image size of job updated: 930288
	873  -  MemoryUsage of job (MB)
	893652  -  ResidentSetSize of job (KB)
...
005 (6845874.000.000) 11/26 14:16:02 Job terminated.
	(1) Normal termination (return value 0)
		Usr 0 00:04:43, Sys 0 00:01:29  -  Run Remote Usage
		Usr 0 00:00:00, Sys 0 00:00:00  -  Run Local Usage
		Usr 0 00:04:43, Sys 0 00:01:29  -  Total Remote Usage
		Usr 0 00:00:00, Sys 0 00:00:00  -  Total Local Usage
	0  -  Run Bytes Sent By Job
	0  -  Run Bytes Received By Job
	0  -  Total Bytes Sent By Job
	0  -  Total Bytes Received By Job
	Partitionable Resources :    Usage  Request Allocated
	   Cpus                 :                 1         1
	   Disk (KB)            :       10       10  65563822
	   Memory (MB)          :      873        1      2297
...
