000 (6845875.000.000) 11/26 13:04:18 Job submitted from host: <130.199.153.67:9618?addrs=130.199.153.67-9618&noUDP&sock=7357_7f42_4>
...
001 (6845875.000.000) 11/26 13:05:01 Job executing on host: <130.199.202.85:9618?addrs=130.199.202.85-9618&noUDP&sock=154183_1293_3>
...
006 (6845875.000.000) 11/26 13:05:10 Image size of job updated: 210248
	202  -  MemoryUsage of job (MB)
	206136  -  ResidentSetSize of job (KB)
...
006 (6845875.000.000) 11/26 13:10:11 Image size of job updated: 895992
	871  -  MemoryUsage of job (MB)
	891832  -  ResidentSetSize of job (KB)
...
006 (6845875.000.000) 11/26 13:15:11 Image size of job updated: 896280
	872  -  MemoryUsage of job (MB)
	892120  -  ResidentSetSize of job (KB)
...
006 (6845875.000.000) 11/26 13:20:11 Image size of job updated: 896656
	872  -  MemoryUsage of job (MB)
	892496  -  ResidentSetSize of job (KB)
...
006 (6845875.000.000) 11/26 13:25:12 Image size of job updated: 896964
	872  -  MemoryUsage of job (MB)
	892804  -  ResidentSetSize of job (KB)
...
006 (6845875.000.000) 11/26 13:30:13 Image size of job updated: 897732
	873  -  MemoryUsage of job (MB)
	893572  -  ResidentSetSize of job (KB)
...
006 (6845875.000.000) 11/26 13:35:13 Image size of job updated: 898356
	874  -  MemoryUsage of job (MB)
	894196  -  ResidentSetSize of job (KB)
...
006 (6845875.000.000) 11/26 13:40:13 Image size of job updated: 899704
	875  -  MemoryUsage of job (MB)
	895544  -  ResidentSetSize of job (KB)
...
006 (6845875.000.000) 11/26 13:45:14 Image size of job updated: 900724
	876  -  MemoryUsage of job (MB)
	896564  -  ResidentSetSize of job (KB)
...
006 (6845875.000.000) 11/26 13:50:14 Image size of job updated: 900736
	876  -  MemoryUsage of job (MB)
	896576  -  ResidentSetSize of job (KB)
...
006 (6845875.000.000) 11/26 13:55:14 Image size of job updated: 900752
	876  -  MemoryUsage of job (MB)
	896592  -  ResidentSetSize of job (KB)
...
006 (6845875.000.000) 11/26 14:00:15 Image size of job updated: 900756
	876  -  MemoryUsage of job (MB)
	896596  -  ResidentSetSize of job (KB)
...
006 (6845875.000.000) 11/26 14:05:16 Image size of job updated: 900768
	876  -  MemoryUsage of job (MB)
	896596  -  ResidentSetSize of job (KB)
...
006 (6845875.000.000) 11/26 14:10:16 Image size of job updated: 900776
	876  -  MemoryUsage of job (MB)
	896596  -  ResidentSetSize of job (KB)
...
006 (6845875.000.000) 11/26 14:15:16 Image size of job updated: 900784
	876  -  MemoryUsage of job (MB)
	896596  -  ResidentSetSize of job (KB)
...
006 (6845875.000.000) 11/26 14:20:17 Image size of job updated: 900804
	876  -  MemoryUsage of job (MB)
	896596  -  ResidentSetSize of job (KB)
...
006 (6845875.000.000) 11/26 14:25:17 Image size of job updated: 900812
	876  -  MemoryUsage of job (MB)
	896596  -  ResidentSetSize of job (KB)
...
005 (6845875.000.000) 11/26 14:28:58 Job terminated.
	(1) Normal termination (return value 0)
		Usr 0 00:05:16, Sys 0 00:01:43  -  Run Remote Usage
		Usr 0 00:00:00, Sys 0 00:00:00  -  Run Local Usage
		Usr 0 00:05:16, Sys 0 00:01:43  -  Total Remote Usage
		Usr 0 00:00:00, Sys 0 00:00:00  -  Total Local Usage
	0  -  Run Bytes Sent By Job
	0  -  Run Bytes Received By Job
	0  -  Total Bytes Sent By Job
	0  -  Total Bytes Received By Job
	Partitionable Resources :    Usage  Request Allocated
	   Cpus                 :                 1         1
	   Disk (KB)            :       10       10  65563889
	   Memory (MB)          :      876        1      2297
...
