000 (6845916.000.000) 11/26 13:04:18 Job submitted from host: <130.199.153.67:9618?addrs=130.199.153.67-9618&noUDP&sock=7357_7f42_4>
...
001 (6845916.000.000) 11/26 13:05:09 Job executing on host: <130.199.202.66:9618?addrs=130.199.202.66-9618&noUDP&sock=21319_4b3a_3>
...
006 (6845916.000.000) 11/26 13:05:18 Image size of job updated: 37124
	16  -  MemoryUsage of job (MB)
	16084  -  ResidentSetSize of job (KB)
...
006 (6845916.000.000) 11/26 13:10:19 Image size of job updated: 927804
	884  -  MemoryUsage of job (MB)
	904588  -  ResidentSetSize of job (KB)
...
006 (6845916.000.000) 11/26 13:15:19 Image size of job updated: 930276
	886  -  MemoryUsage of job (MB)
	906928  -  ResidentSetSize of job (KB)
...
006 (6845916.000.000) 11/26 13:20:20 Image size of job updated: 930380
	886  -  MemoryUsage of job (MB)
	906928  -  ResidentSetSize of job (KB)
...
006 (6845916.000.000) 11/26 13:25:02 Image size of job updated: 1323124
	886  -  MemoryUsage of job (MB)
	906928  -  ResidentSetSize of job (KB)
...
005 (6845916.000.000) 11/26 13:25:02 Job terminated.
	(1) Normal termination (return value 0)
		Usr 0 00:04:17, Sys 0 00:00:26  -  Run Remote Usage
		Usr 0 00:00:00, Sys 0 00:00:00  -  Run Local Usage
		Usr 0 00:04:17, Sys 0 00:00:26  -  Total Remote Usage
		Usr 0 00:00:00, Sys 0 00:00:00  -  Total Local Usage
	0  -  Run Bytes Sent By Job
	0  -  Run Bytes Received By Job
	0  -  Total Bytes Sent By Job
	0  -  Total Bytes Received By Job
	Partitionable Resources :    Usage  Request Allocated
	   Cpus                 :                 1         1
	   Disk (KB)            :       10       10  65479220
	   Memory (MB)          :      886        1      2008
...
