000 (6845928.000.000) 11/26 13:04:18 Job submitted from host: <130.199.153.67:9618?addrs=130.199.153.67-9618&noUDP&sock=7357_7f42_4>
...
001 (6845928.000.000) 11/26 13:05:12 Job executing on host: <130.199.202.43:9618?addrs=130.199.202.43-9618&noUDP&sock=2339_5d0b_3>
...
006 (6845928.000.000) 11/26 13:05:21 Image size of job updated: 47868
	22  -  MemoryUsage of job (MB)
	22120  -  ResidentSetSize of job (KB)
...
006 (6845928.000.000) 11/26 13:08:46 Image size of job updated: 969604
	22  -  MemoryUsage of job (MB)
	22132  -  ResidentSetSize of job (KB)
...
005 (6845928.000.000) 11/26 13:08:46 Job terminated.
	(1) Normal termination (return value 0)
		Usr 0 00:03:06, Sys 0 00:00:11  -  Run Remote Usage
		Usr 0 00:00:00, Sys 0 00:00:00  -  Run Local Usage
		Usr 0 00:03:06, Sys 0 00:00:11  -  Total Remote Usage
		Usr 0 00:00:00, Sys 0 00:00:00  -  Total Local Usage
	0  -  Run Bytes Sent By Job
	0  -  Run Bytes Received By Job
	0  -  Total Bytes Sent By Job
	0  -  Total Bytes Received By Job
	Partitionable Resources :    Usage  Request Allocated
	   Cpus                 :                 1         1
	   Disk (KB)            :       10       10  65479265
	   Memory (MB)          :       22        1      2008
...
