000 (6845879.000.000) 11/26 13:04:18 Job submitted from host: <130.199.153.67:9618?addrs=130.199.153.67-9618&noUDP&sock=7357_7f42_4>
...
001 (6845879.000.000) 11/26 13:05:02 Job executing on host: <130.199.202.91:9618?addrs=130.199.202.91-9618&noUDP&sock=128364_af5c_3>
...
006 (6845879.000.000) 11/26 13:05:10 Image size of job updated: 813344
	795  -  MemoryUsage of job (MB)
	813168  -  ResidentSetSize of job (KB)
...
006 (6845879.000.000) 11/26 13:10:10 Image size of job updated: 889388
	866  -  MemoryUsage of job (MB)
	886368  -  ResidentSetSize of job (KB)
...
006 (6845879.000.000) 11/26 13:15:11 Image size of job updated: 889740
	866  -  MemoryUsage of job (MB)
	886368  -  ResidentSetSize of job (KB)
...
006 (6845879.000.000) 11/26 13:20:12 Image size of job updated: 891828
	866  -  MemoryUsage of job (MB)
	886368  -  ResidentSetSize of job (KB)
...
006 (6845879.000.000) 11/26 13:25:12 Image size of job updated: 892120
	866  -  MemoryUsage of job (MB)
	886368  -  ResidentSetSize of job (KB)
...
006 (6845879.000.000) 11/26 13:30:13 Image size of job updated: 893100
	866  -  MemoryUsage of job (MB)
	886368  -  ResidentSetSize of job (KB)
...
006 (6845879.000.000) 11/26 13:35:14 Image size of job updated: 893368
	866  -  MemoryUsage of job (MB)
	886368  -  ResidentSetSize of job (KB)
...
006 (6845879.000.000) 11/26 13:40:14 Image size of job updated: 893620
	866  -  MemoryUsage of job (MB)
	886368  -  ResidentSetSize of job (KB)
...
006 (6845879.000.000) 11/26 13:45:14 Image size of job updated: 894596
	866  -  MemoryUsage of job (MB)
	886368  -  ResidentSetSize of job (KB)
...
006 (6845879.000.000) 11/26 13:50:15 Image size of job updated: 895200
	866  -  MemoryUsage of job (MB)
	886368  -  ResidentSetSize of job (KB)
...
006 (6845879.000.000) 11/26 13:55:16 Image size of job updated: 895212
	866  -  MemoryUsage of job (MB)
	886368  -  ResidentSetSize of job (KB)
...
006 (6845879.000.000) 11/26 14:00:16 Image size of job updated: 895216
	866  -  MemoryUsage of job (MB)
	886368  -  ResidentSetSize of job (KB)
...
006 (6845879.000.000) 11/26 14:05:17 Image size of job updated: 895228
	866  -  MemoryUsage of job (MB)
	886368  -  ResidentSetSize of job (KB)
...
006 (6845879.000.000) 11/26 14:10:18 Image size of job updated: 895232
	866  -  MemoryUsage of job (MB)
	886368  -  ResidentSetSize of job (KB)
...
006 (6845879.000.000) 11/26 14:15:19 Image size of job updated: 895636
	866  -  MemoryUsage of job (MB)
	886368  -  ResidentSetSize of job (KB)
...
006 (6845879.000.000) 11/26 14:20:19 Image size of job updated: 895644
	866  -  MemoryUsage of job (MB)
	886368  -  ResidentSetSize of job (KB)
...
006 (6845879.000.000) 11/26 14:25:20 Image size of job updated: 895656
	866  -  MemoryUsage of job (MB)
	886368  -  ResidentSetSize of job (KB)
...
006 (6845879.000.000) 11/26 14:30:21 Image size of job updated: 895664
	866  -  MemoryUsage of job (MB)
	886368  -  ResidentSetSize of job (KB)
...
006 (6845879.000.000) 11/26 14:40:21 Image size of job updated: 895684
	866  -  MemoryUsage of job (MB)
	886368  -  ResidentSetSize of job (KB)
...
005 (6845879.000.000) 11/26 14:43:35 Job terminated.
	(1) Normal termination (return value 0)
		Usr 0 00:05:40, Sys 0 00:01:57  -  Run Remote Usage
		Usr 0 00:00:00, Sys 0 00:00:00  -  Run Local Usage
		Usr 0 00:05:40, Sys 0 00:01:57  -  Total Remote Usage
		Usr 0 00:00:00, Sys 0 00:00:00  -  Total Local Usage
	0  -  Run Bytes Sent By Job
	0  -  Run Bytes Received By Job
	0  -  Total Bytes Sent By Job
	0  -  Total Bytes Received By Job
	Partitionable Resources :    Usage  Request Allocated
	   Cpus                 :                 1         1
	   Disk (KB)            :       10       10  65563823
	   Memory (MB)          :      866        1      2297
...
