000 (6845912.000.000) 11/26 13:04:18 Job submitted from host: <130.199.153.67:9618?addrs=130.199.153.67-9618&noUDP&sock=7357_7f42_4>
...
001 (6845912.000.000) 11/26 13:05:08 Job executing on host: <130.199.202.88:9618?addrs=130.199.202.88-9618&noUDP&sock=169515_74fe_3>
...
006 (6845912.000.000) 11/26 13:05:17 Image size of job updated: 818456
	800  -  MemoryUsage of job (MB)
	818280  -  ResidentSetSize of job (KB)
...
006 (6845912.000.000) 11/26 13:10:18 Image size of job updated: 891164
	870  -  MemoryUsage of job (MB)
	890528  -  ResidentSetSize of job (KB)
...
006 (6845912.000.000) 11/26 13:15:18 Image size of job updated: 891640
	870  -  MemoryUsage of job (MB)
	890528  -  ResidentSetSize of job (KB)
...
006 (6845912.000.000) 11/26 13:20:18 Image size of job updated: 892676
	870  -  MemoryUsage of job (MB)
	890528  -  ResidentSetSize of job (KB)
...
006 (6845912.000.000) 11/26 13:25:19 Image size of job updated: 894196
	870  -  MemoryUsage of job (MB)
	890528  -  ResidentSetSize of job (KB)
...
006 (6845912.000.000) 11/26 13:30:20 Image size of job updated: 895424
	870  -  MemoryUsage of job (MB)
	890528  -  ResidentSetSize of job (KB)
...
006 (6845912.000.000) 11/26 13:35:20 Image size of job updated: 895752
	870  -  MemoryUsage of job (MB)
	890528  -  ResidentSetSize of job (KB)
...
006 (6845912.000.000) 11/26 13:40:20 Image size of job updated: 896892
	870  -  MemoryUsage of job (MB)
	890528  -  ResidentSetSize of job (KB)
...
006 (6845912.000.000) 11/26 13:45:21 Image size of job updated: 896908
	870  -  MemoryUsage of job (MB)
	890528  -  ResidentSetSize of job (KB)
...
006 (6845912.000.000) 11/26 13:50:21 Image size of job updated: 896928
	870  -  MemoryUsage of job (MB)
	890528  -  ResidentSetSize of job (KB)
...
006 (6845912.000.000) 11/26 13:54:02 Image size of job updated: 1275148
	870  -  MemoryUsage of job (MB)
	890528  -  ResidentSetSize of job (KB)
...
005 (6845912.000.000) 11/26 13:54:02 Job terminated.
	(1) Normal termination (return value 0)
		Usr 0 00:03:07, Sys 0 00:01:04  -  Run Remote Usage
		Usr 0 00:00:00, Sys 0 00:00:00  -  Run Local Usage
		Usr 0 00:03:07, Sys 0 00:01:04  -  Total Remote Usage
		Usr 0 00:00:00, Sys 0 00:00:00  -  Total Local Usage
	0  -  Run Bytes Sent By Job
	0  -  Run Bytes Received By Job
	0  -  Total Bytes Sent By Job
	0  -  Total Bytes Received By Job
	Partitionable Resources :    Usage  Request Allocated
	   Cpus                 :                 1         1
	   Disk (KB)            :       10       10  65563789
	   Memory (MB)          :      870        1      2297
...
