000 (6845996.000.000) 11/26 13:04:22 Job submitted from host: <130.199.153.67:9618?addrs=130.199.153.67-9618&noUDP&sock=7357_7f42_4>
...
001 (6845996.000.000) 11/26 13:05:25 Job executing on host: <130.199.202.94:9618?addrs=130.199.202.94-9618&noUDP&sock=12202_e0e2_3>
...
006 (6845996.000.000) 11/26 13:05:34 Image size of job updated: 821668
	803  -  MemoryUsage of job (MB)
	821492  -  ResidentSetSize of job (KB)
...
006 (6845996.000.000) 11/26 13:10:35 Image size of job updated: 892940
	871  -  MemoryUsage of job (MB)
	891740  -  ResidentSetSize of job (KB)
...
006 (6845996.000.000) 11/26 13:15:05 Image size of job updated: 899340
	871  -  MemoryUsage of job (MB)
	891740  -  ResidentSetSize of job (KB)
...
005 (6845996.000.000) 11/26 13:15:05 Job terminated.
	(1) Normal termination (return value 0)
		Usr 0 00:00:43, Sys 0 00:00:18  -  Run Remote Usage
		Usr 0 00:00:00, Sys 0 00:00:00  -  Run Local Usage
		Usr 0 00:00:43, Sys 0 00:00:18  -  Total Remote Usage
		Usr 0 00:00:00, Sys 0 00:00:00  -  Total Local Usage
	0  -  Run Bytes Sent By Job
	0  -  Run Bytes Received By Job
	0  -  Total Bytes Sent By Job
	0  -  Total Bytes Received By Job
	Partitionable Resources :    Usage  Request Allocated
	   Cpus                 :                 1         1
	   Disk (KB)            :       10       10  65563834
	   Memory (MB)          :      871        1      2297
...
