000 (6846004.000.000) 11/26 13:04:22 Job submitted from host: <130.199.153.67:9618?addrs=130.199.153.67-9618&noUDP&sock=7357_7f42_4>
...
001 (6846004.000.000) 11/26 13:05:26 Job executing on host: <130.199.150.206:9618?addrs=130.199.150.206-9618&noUDP&sock=21929_59e5_3>
...
006 (6846004.000.000) 11/26 13:05:35 Image size of job updated: 818568
	800  -  MemoryUsage of job (MB)
	818388  -  ResidentSetSize of job (KB)
...
006 (6846004.000.000) 11/26 13:10:36 Image size of job updated: 892520
	872  -  MemoryUsage of job (MB)
	892200  -  ResidentSetSize of job (KB)
...
005 (6846004.000.000) 11/26 13:14:13 Job terminated.
	(1) Normal termination (return value 0)
		Usr 0 00:01:08, Sys 0 00:00:14  -  Run Remote Usage
		Usr 0 00:00:00, Sys 0 00:00:00  -  Run Local Usage
		Usr 0 00:01:08, Sys 0 00:00:14  -  Total Remote Usage
		Usr 0 00:00:00, Sys 0 00:00:00  -  Total Local Usage
	0  -  Run Bytes Sent By Job
	0  -  Run Bytes Received By Job
	0  -  Total Bytes Sent By Job
	0  -  Total Bytes Received By Job
	Partitionable Resources :    Usage  Request Allocated
	   Cpus                 :                 1         1
	   Disk (KB)            :       10       10  59426359
	   Memory (MB)          :      872        1      2007
...
