000 (6845861.000.000) 11/26 13:04:18 Job submitted from host: <130.199.153.67:9618?addrs=130.199.153.67-9618&noUDP&sock=7357_7f42_4>
...
001 (6845861.000.000) 11/26 13:04:59 Job executing on host: <130.199.202.96:9618?addrs=130.199.202.96-9618&noUDP&sock=8395_02d1_3>
...
006 (6845861.000.000) 11/26 13:05:07 Image size of job updated: 738652
	721  -  MemoryUsage of job (MB)
	738252  -  ResidentSetSize of job (KB)
...
006 (6845861.000.000) 11/26 13:10:07 Image size of job updated: 907472
	873  -  MemoryUsage of job (MB)
	893724  -  ResidentSetSize of job (KB)
...
006 (6845861.000.000) 11/26 13:15:08 Image size of job updated: 909800
	874  -  MemoryUsage of job (MB)
	894368  -  ResidentSetSize of job (KB)
...
006 (6845861.000.000) 11/26 13:20:08 Image size of job updated: 909868
	874  -  MemoryUsage of job (MB)
	894496  -  ResidentSetSize of job (KB)
...
006 (6845861.000.000) 11/26 13:25:08 Image size of job updated: 909912
	874  -  MemoryUsage of job (MB)
	894568  -  ResidentSetSize of job (KB)
...
006 (6845861.000.000) 11/26 13:30:03 Image size of job updated: 930468
	874  -  MemoryUsage of job (MB)
	894568  -  ResidentSetSize of job (KB)
...
005 (6845861.000.000) 11/26 13:30:08 Job terminated.
	(1) Normal termination (return value 0)
		Usr 0 00:05:02, Sys 0 00:00:46  -  Run Remote Usage
		Usr 0 00:00:00, Sys 0 00:00:00  -  Run Local Usage
		Usr 0 00:05:02, Sys 0 00:00:46  -  Total Remote Usage
		Usr 0 00:00:00, Sys 0 00:00:00  -  Total Local Usage
	0  -  Run Bytes Sent By Job
	0  -  Run Bytes Received By Job
	0  -  Total Bytes Sent By Job
	0  -  Total Bytes Received By Job
	Partitionable Resources :    Usage  Request Allocated
	   Cpus                 :                 1         1
	   Disk (KB)            :       10       10  65563444
	   Memory (MB)          :      874        1      2297
...
