000 (6845858.000.000) 11/26 13:04:18 Job submitted from host: <130.199.153.67:9618?addrs=130.199.153.67-9618&noUDP&sock=7357_7f42_4>
...
001 (6845858.000.000) 11/26 13:04:58 Job executing on host: <130.199.202.90:9618?addrs=130.199.202.90-9618&noUDP&sock=96748_9ec0_3>
...
006 (6845858.000.000) 11/26 13:05:07 Image size of job updated: 819512
	801  -  MemoryUsage of job (MB)
	819336  -  ResidentSetSize of job (KB)
...
006 (6845858.000.000) 11/26 13:10:08 Image size of job updated: 892676
	872  -  MemoryUsage of job (MB)
	891916  -  ResidentSetSize of job (KB)
...
006 (6845858.000.000) 11/26 13:15:09 Image size of job updated: 894248
	872  -  MemoryUsage of job (MB)
	891916  -  ResidentSetSize of job (KB)
...
006 (6845858.000.000) 11/26 13:20:09 Image size of job updated: 895528
	872  -  MemoryUsage of job (MB)
	891916  -  ResidentSetSize of job (KB)
...
006 (6845858.000.000) 11/26 13:25:10 Image size of job updated: 897132
	872  -  MemoryUsage of job (MB)
	891916  -  ResidentSetSize of job (KB)
...
006 (6845858.000.000) 11/26 13:30:11 Image size of job updated: 897464
	872  -  MemoryUsage of job (MB)
	891916  -  ResidentSetSize of job (KB)
...
006 (6845858.000.000) 11/26 13:35:11 Image size of job updated: 897856
	872  -  MemoryUsage of job (MB)
	891916  -  ResidentSetSize of job (KB)
...
006 (6845858.000.000) 11/26 13:40:11 Image size of job updated: 898872
	872  -  MemoryUsage of job (MB)
	891916  -  ResidentSetSize of job (KB)
...
006 (6845858.000.000) 11/26 13:45:12 Image size of job updated: 898908
	872  -  MemoryUsage of job (MB)
	891916  -  ResidentSetSize of job (KB)
...
006 (6845858.000.000) 11/26 13:55:12 Image size of job updated: 899544
	872  -  MemoryUsage of job (MB)
	891916  -  ResidentSetSize of job (KB)
...
006 (6845858.000.000) 11/26 14:00:13 Image size of job updated: 899560
	872  -  MemoryUsage of job (MB)
	891916  -  ResidentSetSize of job (KB)
...
006 (6845858.000.000) 11/26 14:05:14 Image size of job updated: 899584
	872  -  MemoryUsage of job (MB)
	891916  -  ResidentSetSize of job (KB)
...
006 (6845858.000.000) 11/26 14:10:14 Image size of job updated: 899600
	872  -  MemoryUsage of job (MB)
	891916  -  ResidentSetSize of job (KB)
...
006 (6845858.000.000) 11/26 14:15:14 Image size of job updated: 899604
	872  -  MemoryUsage of job (MB)
	891916  -  ResidentSetSize of job (KB)
...
006 (6845858.000.000) 11/26 14:20:16 Image size of job updated: 899612
	872  -  MemoryUsage of job (MB)
	891916  -  ResidentSetSize of job (KB)
...
006 (6845858.000.000) 11/26 14:23:51 Image size of job updated: 930920
	872  -  MemoryUsage of job (MB)
	891916  -  ResidentSetSize of job (KB)
...
005 (6845858.000.000) 11/26 14:23:51 Job terminated.
	(1) Normal termination (return value 0)
		Usr 0 00:05:27, Sys 0 00:01:39  -  Run Remote Usage
		Usr 0 00:00:00, Sys 0 00:00:00  -  Run Local Usage
		Usr 0 00:05:27, Sys 0 00:01:39  -  Total Remote Usage
		Usr 0 00:00:00, Sys 0 00:00:00  -  Total Local Usage
	0  -  Run Bytes Sent By Job
	0  -  Run Bytes Received By Job
	0  -  Total Bytes Sent By Job
	0  -  Total Bytes Received By Job
	Partitionable Resources :    Usage  Request Allocated
	   Cpus                 :                 1         1
	   Disk (KB)            :       10       10  65563822
	   Memory (MB)          :      872        1      2297
...
