000 (6845864.000.000) 11/26 13:04:18 Job submitted from host: <130.199.153.67:9618?addrs=130.199.153.67-9618&noUDP&sock=7357_7f42_4>
...
001 (6845864.000.000) 11/26 13:04:59 Job executing on host: <130.199.202.92:9618?addrs=130.199.202.92-9618&noUDP&sock=86375_b253_3>
...
006 (6845864.000.000) 11/26 13:05:08 Image size of job updated: 849776
	830  -  MemoryUsage of job (MB)
	849588  -  ResidentSetSize of job (KB)
...
006 (6845864.000.000) 11/26 13:10:09 Image size of job updated: 908228
	886  -  MemoryUsage of job (MB)
	907136  -  ResidentSetSize of job (KB)
...
006 (6845864.000.000) 11/26 13:15:10 Image size of job updated: 910440
	888  -  MemoryUsage of job (MB)
	909296  -  ResidentSetSize of job (KB)
...
006 (6845864.000.000) 11/26 13:20:10 Image size of job updated: 910512
	889  -  MemoryUsage of job (MB)
	909368  -  ResidentSetSize of job (KB)
...
006 (6845864.000.000) 11/26 13:25:10 Image size of job updated: 910560
	889  -  MemoryUsage of job (MB)
	909416  -  ResidentSetSize of job (KB)
...
006 (6845864.000.000) 11/26 13:29:23 Image size of job updated: 958840
	889  -  MemoryUsage of job (MB)
	909416  -  ResidentSetSize of job (KB)
...
005 (6845864.000.000) 11/26 13:29:23 Job terminated.
	(1) Normal termination (return value 0)
		Usr 0 00:05:00, Sys 0 00:00:37  -  Run Remote Usage
		Usr 0 00:00:00, Sys 0 00:00:00  -  Run Local Usage
		Usr 0 00:05:00, Sys 0 00:00:37  -  Total Remote Usage
		Usr 0 00:00:00, Sys 0 00:00:00  -  Total Local Usage
	0  -  Run Bytes Sent By Job
	0  -  Run Bytes Received By Job
	0  -  Total Bytes Sent By Job
	0  -  Total Bytes Received By Job
	Partitionable Resources :    Usage  Request Allocated
	   Cpus                 :                 1         1
	   Disk (KB)            :       10       10  65563844
	   Memory (MB)          :      889        1      2297
...
