000 (6845855.000.000) 11/26 13:04:18 Job submitted from host: <130.199.153.67:9618?addrs=130.199.153.67-9618&noUDP&sock=7357_7f42_4>
...
001 (6845855.000.000) 11/26 13:04:58 Job executing on host: <130.199.202.96:9618?addrs=130.199.202.96-9618&noUDP&sock=8395_02d1_3>
...
006 (6845855.000.000) 11/26 13:05:07 Image size of job updated: 585456
	572  -  MemoryUsage of job (MB)
	585272  -  ResidentSetSize of job (KB)
...
006 (6845855.000.000) 11/26 13:10:08 Image size of job updated: 900180
	878  -  MemoryUsage of job (MB)
	898624  -  ResidentSetSize of job (KB)
...
006 (6845855.000.000) 11/26 13:15:09 Image size of job updated: 903700
	878  -  MemoryUsage of job (MB)
	898624  -  ResidentSetSize of job (KB)
...
006 (6845855.000.000) 11/26 13:20:09 Image size of job updated: 903964
	878  -  MemoryUsage of job (MB)
	898624  -  ResidentSetSize of job (KB)
...
006 (6845855.000.000) 11/26 13:25:09 Image size of job updated: 904224
	878  -  MemoryUsage of job (MB)
	898624  -  ResidentSetSize of job (KB)
...
006 (6845855.000.000) 11/26 13:30:10 Image size of job updated: 904524
	878  -  MemoryUsage of job (MB)
	898624  -  ResidentSetSize of job (KB)
...
006 (6845855.000.000) 11/26 13:35:11 Image size of job updated: 905732
	878  -  MemoryUsage of job (MB)
	898624  -  ResidentSetSize of job (KB)
...
006 (6845855.000.000) 11/26 13:40:11 Image size of job updated: 906048
	878  -  MemoryUsage of job (MB)
	898624  -  ResidentSetSize of job (KB)
...
006 (6845855.000.000) 11/26 13:45:12 Image size of job updated: 907112
	878  -  MemoryUsage of job (MB)
	898624  -  ResidentSetSize of job (KB)
...
006 (6845855.000.000) 11/26 13:50:13 Image size of job updated: 907132
	878  -  MemoryUsage of job (MB)
	898624  -  ResidentSetSize of job (KB)
...
006 (6845855.000.000) 11/26 13:55:13 Image size of job updated: 907152
	878  -  MemoryUsage of job (MB)
	898624  -  ResidentSetSize of job (KB)
...
006 (6845855.000.000) 11/26 14:00:13 Image size of job updated: 907156
	878  -  MemoryUsage of job (MB)
	898624  -  ResidentSetSize of job (KB)
...
006 (6845855.000.000) 11/26 14:05:14 Image size of job updated: 907180
	878  -  MemoryUsage of job (MB)
	898624  -  ResidentSetSize of job (KB)
...
006 (6845855.000.000) 11/26 14:10:15 Image size of job updated: 907188
	878  -  MemoryUsage of job (MB)
	898624  -  ResidentSetSize of job (KB)
...
006 (6845855.000.000) 11/26 14:15:15 Image size of job updated: 907200
	878  -  MemoryUsage of job (MB)
	898624  -  ResidentSetSize of job (KB)
...
006 (6845855.000.000) 11/26 14:20:16 Image size of job updated: 907228
	878  -  MemoryUsage of job (MB)
	898624  -  ResidentSetSize of job (KB)
...
006 (6845855.000.000) 11/26 14:25:17 Image size of job updated: 907256
	878  -  MemoryUsage of job (MB)
	898624  -  ResidentSetSize of job (KB)
...
005 (6845855.000.000) 11/26 14:29:20 Job terminated.
	(1) Normal termination (return value 0)
		Usr 0 00:05:23, Sys 0 00:01:46  -  Run Remote Usage
		Usr 0 00:00:00, Sys 0 00:00:00  -  Run Local Usage
		Usr 0 00:05:23, Sys 0 00:01:46  -  Total Remote Usage
		Usr 0 00:00:00, Sys 0 00:00:00  -  Total Local Usage
	0  -  Run Bytes Sent By Job
	0  -  Run Bytes Received By Job
	0  -  Total Bytes Sent By Job
	0  -  Total Bytes Received By Job
	Partitionable Resources :    Usage  Request Allocated
	   Cpus                 :                 1         1
	   Disk (KB)            :       10       10  65563444
	   Memory (MB)          :      878        1      2297
...
