000 (6846084.000.000) 11/26 13:04:27 Job submitted from host: <130.199.153.67:9618?addrs=130.199.153.67-9618&noUDP&sock=7357_7f42_4>
...
001 (6846084.000.000) 11/26 13:06:13 Job executing on host: <130.199.202.10:9618?addrs=130.199.202.10-9618&noUDP&sock=30268_8a14_3>
...
006 (6846084.000.000) 11/26 13:06:22 Image size of job updated: 813724
	795  -  MemoryUsage of job (MB)
	813524  -  ResidentSetSize of job (KB)
...
006 (6846084.000.000) 11/26 13:06:53 Image size of job updated: 858052
	795  -  MemoryUsage of job (MB)
	813884  -  ResidentSetSize of job (KB)
...
005 (6846084.000.000) 11/26 13:06:53 Job terminated.
	(1) Normal termination (return value 0)
		Usr 0 00:00:13, Sys 0 00:00:07  -  Run Remote Usage
		Usr 0 00:00:00, Sys 0 00:00:00  -  Run Local Usage
		Usr 0 00:00:13, Sys 0 00:00:07  -  Total Remote Usage
		Usr 0 00:00:00, Sys 0 00:00:00  -  Total Local Usage
	0  -  Run Bytes Sent By Job
	0  -  Run Bytes Received By Job
	0  -  Total Bytes Sent By Job
	0  -  Total Bytes Received By Job
	Partitionable Resources :    Usage  Request Allocated
	   Cpus                 :                 1         1
	   Disk (KB)            :       10       10  47541146
	   Memory (MB)          :      795        1      2008
...
