000 (6846024.000.000) 11/26 13:04:22 Job submitted from host: <130.199.153.67:9618?addrs=130.199.153.67-9618&noUDP&sock=7357_7f42_4>
...
001 (6846024.000.000) 11/26 13:05:31 Job executing on host: <130.199.150.205:9618?addrs=130.199.150.205-9618&noUDP&sock=21966_0fa9_3>
...
006 (6846024.000.000) 11/26 13:05:39 Image size of job updated: 818220
	799  -  MemoryUsage of job (MB)
	818044  -  ResidentSetSize of job (KB)
...
006 (6846024.000.000) 11/26 13:08:31 Image size of job updated: 818220
	800  -  MemoryUsage of job (MB)
	818240  -  ResidentSetSize of job (KB)
...
005 (6846024.000.000) 11/26 13:08:31 Job terminated.
	(1) Normal termination (return value 0)
		Usr 0 00:00:31, Sys 0 00:00:08  -  Run Remote Usage
		Usr 0 00:00:00, Sys 0 00:00:00  -  Run Local Usage
		Usr 0 00:00:31, Sys 0 00:00:08  -  Total Remote Usage
		Usr 0 00:00:00, Sys 0 00:00:00  -  Total Local Usage
	0  -  Run Bytes Sent By Job
	0  -  Run Bytes Received By Job
	0  -  Total Bytes Sent By Job
	0  -  Total Bytes Received By Job
	Partitionable Resources :    Usage  Request Allocated
	   Cpus                 :                 1         1
	   Disk (KB)            :       10       10  59426227
	   Memory (MB)          :      800        1      2007
...
