000 (6846063.000.000) 11/26 13:04:27 Job submitted from host: <130.199.153.67:9618?addrs=130.199.153.67-9618&noUDP&sock=7357_7f42_4>
...
001 (6846063.000.000) 11/26 13:05:38 Job executing on host: <130.199.202.87:9618?addrs=130.199.202.87-9618&noUDP&sock=118306_7479_3>
...
006 (6846063.000.000) 11/26 13:05:46 Image size of job updated: 825392
	806  -  MemoryUsage of job (MB)
	825216  -  ResidentSetSize of job (KB)
...
006 (6846063.000.000) 11/26 13:06:13 Image size of job updated: 923496
	806  -  MemoryUsage of job (MB)
	825216  -  ResidentSetSize of job (KB)
...
005 (6846063.000.000) 11/26 13:06:16 Job terminated.
	(1) Normal termination (return value 0)
		Usr 0 00:00:10, Sys 0 00:00:06  -  Run Remote Usage
		Usr 0 00:00:00, Sys 0 00:00:00  -  Run Local Usage
		Usr 0 00:00:10, Sys 0 00:00:06  -  Total Remote Usage
		Usr 0 00:00:00, Sys 0 00:00:00  -  Total Local Usage
	0  -  Run Bytes Sent By Job
	0  -  Run Bytes Received By Job
	0  -  Total Bytes Sent By Job
	0  -  Total Bytes Received By Job
	Partitionable Resources :    Usage  Request Allocated
	   Cpus                 :                 1         1
	   Disk (KB)            :       10       10  65563848
	   Memory (MB)          :      806        1      2297
...
