000 (6845922.000.000) 11/26 13:04:18 Job submitted from host: <130.199.153.67:9618?addrs=130.199.153.67-9618&noUDP&sock=7357_7f42_4>
...
001 (6845922.000.000) 11/26 13:05:11 Job executing on host: <130.199.202.96:9618?addrs=130.199.202.96-9618&noUDP&sock=8395_02d1_3>
...
006 (6845922.000.000) 11/26 13:05:19 Image size of job updated: 845104
	826  -  MemoryUsage of job (MB)
	844916  -  ResidentSetSize of job (KB)
...
006 (6845922.000.000) 11/26 13:10:19 Image size of job updated: 905796
	884  -  MemoryUsage of job (MB)
	904744  -  ResidentSetSize of job (KB)
...
006 (6845922.000.000) 11/26 13:10:45 Image size of job updated: 957832
	884  -  MemoryUsage of job (MB)
	904744  -  ResidentSetSize of job (KB)
...
005 (6845922.000.000) 11/26 13:10:45 Job terminated.
	(1) Normal termination (return value 0)
		Usr 0 00:02:44, Sys 0 00:00:18  -  Run Remote Usage
		Usr 0 00:00:00, Sys 0 00:00:00  -  Run Local Usage
		Usr 0 00:02:44, Sys 0 00:00:18  -  Total Remote Usage
		Usr 0 00:00:00, Sys 0 00:00:00  -  Total Local Usage
	0  -  Run Bytes Sent By Job
	0  -  Run Bytes Received By Job
	0  -  Total Bytes Sent By Job
	0  -  Total Bytes Received By Job
	Partitionable Resources :    Usage  Request Allocated
	   Cpus                 :                 1         1
	   Disk (KB)            :       10       10  65563444
	   Memory (MB)          :      884        1      2297
...
