000 (6846016.000.000) 11/26 13:04:22 Job submitted from host: <130.199.153.67:9618?addrs=130.199.153.67-9618&noUDP&sock=7357_7f42_4>
...
001 (6846016.000.000) 11/26 13:05:28 Job executing on host: <130.199.202.90:9618?addrs=130.199.202.90-9618&noUDP&sock=96748_9ec0_3>
...
006 (6846016.000.000) 11/26 13:05:37 Image size of job updated: 890860
	870  -  MemoryUsage of job (MB)
	890672  -  ResidentSetSize of job (KB)
...
006 (6846016.000.000) 11/26 13:06:19 Image size of job updated: 915668
	870  -  MemoryUsage of job (MB)
	890672  -  ResidentSetSize of job (KB)
...
005 (6846016.000.000) 11/26 13:06:20 Job terminated.
	(1) Normal termination (return value 0)
		Usr 0 00:00:30, Sys 0 00:00:14  -  Run Remote Usage
		Usr 0 00:00:00, Sys 0 00:00:00  -  Run Local Usage
		Usr 0 00:00:30, Sys 0 00:00:14  -  Total Remote Usage
		Usr 0 00:00:00, Sys 0 00:00:00  -  Total Local Usage
	0  -  Run Bytes Sent By Job
	0  -  Run Bytes Received By Job
	0  -  Total Bytes Sent By Job
	0  -  Total Bytes Received By Job
	Partitionable Resources :    Usage  Request Allocated
	   Cpus                 :                 1         1
	   Disk (KB)            :       10       10  65563822
	   Memory (MB)          :      870        1      2297
...
