000 (6845906.000.000) 11/26 13:04:18 Job submitted from host: <130.199.153.67:9618?addrs=130.199.153.67-9618&noUDP&sock=7357_7f42_4>
...
001 (6845906.000.000) 11/26 13:05:07 Job executing on host: <130.199.150.220:9618?addrs=130.199.150.220-9618&noUDP&sock=22266_01e4_3>
...
006 (6845906.000.000) 11/26 13:05:16 Image size of job updated: 844132
	799  -  MemoryUsage of job (MB)
	817616  -  ResidentSetSize of job (KB)
...
006 (6845906.000.000) 11/26 13:10:17 Image size of job updated: 920852
	874  -  MemoryUsage of job (MB)
	894292  -  ResidentSetSize of job (KB)
...
006 (6845906.000.000) 11/26 13:15:18 Image size of job updated: 921676
	875  -  MemoryUsage of job (MB)
	895116  -  ResidentSetSize of job (KB)
...
006 (6845906.000.000) 11/26 13:20:19 Image size of job updated: 921984
	875  -  MemoryUsage of job (MB)
	895424  -  ResidentSetSize of job (KB)
...
006 (6845906.000.000) 11/26 13:25:19 Image size of job updated: 922312
	875  -  MemoryUsage of job (MB)
	895752  -  ResidentSetSize of job (KB)
...
006 (6845906.000.000) 11/26 13:30:19 Image size of job updated: 923508
	876  -  MemoryUsage of job (MB)
	896948  -  ResidentSetSize of job (KB)
...
006 (6845906.000.000) 11/26 13:35:19 Image size of job updated: 923884
	877  -  MemoryUsage of job (MB)
	897324  -  ResidentSetSize of job (KB)
...
006 (6845906.000.000) 11/26 13:40:20 Image size of job updated: 924244
	877  -  MemoryUsage of job (MB)
	897684  -  ResidentSetSize of job (KB)
...
006 (6845906.000.000) 11/26 13:45:21 Image size of job updated: 925220
	878  -  MemoryUsage of job (MB)
	898660  -  ResidentSetSize of job (KB)
...
006 (6845906.000.000) 11/26 13:50:22 Image size of job updated: 925244
	878  -  MemoryUsage of job (MB)
	898684  -  ResidentSetSize of job (KB)
...
006 (6845906.000.000) 11/26 13:55:23 Image size of job updated: 925256
	878  -  MemoryUsage of job (MB)
	898696  -  ResidentSetSize of job (KB)
...
006 (6845906.000.000) 11/26 14:00:23 Image size of job updated: 925280
	878  -  MemoryUsage of job (MB)
	898720  -  ResidentSetSize of job (KB)
...
005 (6845906.000.000) 11/26 14:02:53 Job terminated.
	(1) Normal termination (return value 0)
		Usr 0 00:04:03, Sys 0 00:01:00  -  Run Remote Usage
		Usr 0 00:00:00, Sys 0 00:00:00  -  Run Local Usage
		Usr 0 00:04:03, Sys 0 00:01:00  -  Total Remote Usage
		Usr 0 00:00:00, Sys 0 00:00:00  -  Total Local Usage
	0  -  Run Bytes Sent By Job
	0  -  Run Bytes Received By Job
	0  -  Total Bytes Sent By Job
	0  -  Total Bytes Received By Job
	Partitionable Resources :    Usage  Request Allocated
	   Cpus                 :                 1         1
	   Disk (KB)            :       10       10  59427093
	   Memory (MB)          :      878        1      2007
...
