000 (6845952.000.000) 11/26 13:04:22 Job submitted from host: <130.199.153.67:9618?addrs=130.199.153.67-9618&noUDP&sock=7357_7f42_4>
...
001 (6845952.000.000) 11/26 13:05:16 Job executing on host: <130.199.150.213:9618?addrs=130.199.150.213-9618&noUDP&sock=22669_8d43_3>
...
006 (6845952.000.000) 11/26 13:05:25 Image size of job updated: 841148
	822  -  MemoryUsage of job (MB)
	840960  -  ResidentSetSize of job (KB)
...
006 (6845952.000.000) 11/26 13:08:00 Image size of job updated: 896000
	822  -  MemoryUsage of job (MB)
	840960  -  ResidentSetSize of job (KB)
...
005 (6845952.000.000) 11/26 13:08:00 Job terminated.
	(1) Normal termination (return value 0)
		Usr 0 00:02:09, Sys 0 00:00:11  -  Run Remote Usage
		Usr 0 00:00:00, Sys 0 00:00:00  -  Run Local Usage
		Usr 0 00:02:09, Sys 0 00:00:11  -  Total Remote Usage
		Usr 0 00:00:00, Sys 0 00:00:00  -  Total Local Usage
	0  -  Run Bytes Sent By Job
	0  -  Run Bytes Received By Job
	0  -  Total Bytes Sent By Job
	0  -  Total Bytes Received By Job
	Partitionable Resources :    Usage  Request Allocated
	   Cpus                 :                 1         1
	   Disk (KB)            :       10       10  59426098
	   Memory (MB)          :      822        1      2007
...
