000 (6845873.000.000) 11/26 13:04:18 Job submitted from host: <130.199.153.67:9618?addrs=130.199.153.67-9618&noUDP&sock=7357_7f42_4>
...
001 (6845873.000.000) 11/26 13:05:01 Job executing on host: <130.199.202.91:9618?addrs=130.199.202.91-9618&noUDP&sock=128364_af5c_3>
...
006 (6845873.000.000) 11/26 13:05:10 Image size of job updated: 851524
	832  -  MemoryUsage of job (MB)
	851324  -  ResidentSetSize of job (KB)
...
006 (6845873.000.000) 11/26 13:10:11 Image size of job updated: 922928
	901  -  MemoryUsage of job (MB)
	921980  -  ResidentSetSize of job (KB)
...
005 (6845873.000.000) 11/26 13:13:42 Job terminated.
	(1) Normal termination (return value 0)
		Usr 0 00:04:46, Sys 0 00:00:23  -  Run Remote Usage
		Usr 0 00:00:00, Sys 0 00:00:00  -  Run Local Usage
		Usr 0 00:04:46, Sys 0 00:00:23  -  Total Remote Usage
		Usr 0 00:00:00, Sys 0 00:00:00  -  Total Local Usage
	0  -  Run Bytes Sent By Job
	0  -  Run Bytes Received By Job
	0  -  Total Bytes Sent By Job
	0  -  Total Bytes Received By Job
	Partitionable Resources :    Usage  Request Allocated
	   Cpus                 :                 1         1
	   Disk (KB)            :       10       10  65563823
	   Memory (MB)          :      901        1      2297
...
