000 (6845931.000.000) 11/26 13:04:18 Job submitted from host: <130.199.153.67:9618?addrs=130.199.153.67-9618&noUDP&sock=7357_7f42_4>
...
001 (6845931.000.000) 11/26 13:05:13 Job executing on host: <130.199.150.151:9618?addrs=130.199.150.151-9618&noUDP&sock=21966_0fa9_3>
...
006 (6845931.000.000) 11/26 13:05:21 Image size of job updated: 282232
	269  -  MemoryUsage of job (MB)
	274604  -  ResidentSetSize of job (KB)
...
006 (6845931.000.000) 11/26 13:10:21 Image size of job updated: 931860
	903  -  MemoryUsage of job (MB)
	924208  -  ResidentSetSize of job (KB)
...
005 (6845931.000.000) 11/26 13:15:10 Job terminated.
	(1) Normal termination (return value 0)
		Usr 0 00:05:06, Sys 0 00:00:26  -  Run Remote Usage
		Usr 0 00:00:00, Sys 0 00:00:00  -  Run Local Usage
		Usr 0 00:05:06, Sys 0 00:00:26  -  Total Remote Usage
		Usr 0 00:00:00, Sys 0 00:00:00  -  Total Local Usage
	0  -  Run Bytes Sent By Job
	0  -  Run Bytes Received By Job
	0  -  Total Bytes Sent By Job
	0  -  Total Bytes Received By Job
	Partitionable Resources :    Usage  Request Allocated
	   Cpus                 :                 1         1
	   Disk (KB)            :       10       10  41489375
	   Memory (MB)          :      903        1      2007
...
