000 (6845881.000.000) 11/26 13:04:18 Job submitted from host: <130.199.153.67:9618?addrs=130.199.153.67-9618&noUDP&sock=7357_7f42_4>
...
001 (6845881.000.000) 11/26 13:05:02 Job executing on host: <130.199.202.89:9618?addrs=130.199.202.89-9618&noUDP&sock=70844_54c5_3>
...
006 (6845881.000.000) 11/26 13:05:11 Image size of job updated: 821488
	803  -  MemoryUsage of job (MB)
	821312  -  ResidentSetSize of job (KB)
...
006 (6845881.000.000) 11/26 13:10:12 Image size of job updated: 893276
	872  -  MemoryUsage of job (MB)
	892680  -  ResidentSetSize of job (KB)
...
006 (6845881.000.000) 11/26 13:15:13 Image size of job updated: 893944
	872  -  MemoryUsage of job (MB)
	892680  -  ResidentSetSize of job (KB)
...
006 (6845881.000.000) 11/26 13:20:13 Image size of job updated: 895312
	872  -  MemoryUsage of job (MB)
	892680  -  ResidentSetSize of job (KB)
...
006 (6845881.000.000) 11/26 13:25:13 Image size of job updated: 897416
	872  -  MemoryUsage of job (MB)
	892680  -  ResidentSetSize of job (KB)
...
006 (6845881.000.000) 11/26 13:30:14 Image size of job updated: 897760
	872  -  MemoryUsage of job (MB)
	892680  -  ResidentSetSize of job (KB)
...
006 (6845881.000.000) 11/26 13:35:15 Image size of job updated: 898532
	872  -  MemoryUsage of job (MB)
	892680  -  ResidentSetSize of job (KB)
...
006 (6845881.000.000) 11/26 13:40:15 Image size of job updated: 899596
	872  -  MemoryUsage of job (MB)
	892680  -  ResidentSetSize of job (KB)
...
006 (6845881.000.000) 11/26 13:45:16 Image size of job updated: 899624
	872  -  MemoryUsage of job (MB)
	892680  -  ResidentSetSize of job (KB)
...
006 (6845881.000.000) 11/26 13:50:17 Image size of job updated: 899640
	872  -  MemoryUsage of job (MB)
	892680  -  ResidentSetSize of job (KB)
...
006 (6845881.000.000) 11/26 13:55:17 Image size of job updated: 899660
	872  -  MemoryUsage of job (MB)
	892680  -  ResidentSetSize of job (KB)
...
006 (6845881.000.000) 11/26 14:00:17 Image size of job updated: 899704
	872  -  MemoryUsage of job (MB)
	892680  -  ResidentSetSize of job (KB)
...
006 (6845881.000.000) 11/26 14:05:18 Image size of job updated: 899720
	872  -  MemoryUsage of job (MB)
	892680  -  ResidentSetSize of job (KB)
...
006 (6845881.000.000) 11/26 14:10:18 Image size of job updated: 899744
	872  -  MemoryUsage of job (MB)
	892680  -  ResidentSetSize of job (KB)
...
006 (6845881.000.000) 11/26 14:15:18 Image size of job updated: 899768
	872  -  MemoryUsage of job (MB)
	892680  -  ResidentSetSize of job (KB)
...
006 (6845881.000.000) 11/26 14:20:19 Image size of job updated: 899792
	872  -  MemoryUsage of job (MB)
	892680  -  ResidentSetSize of job (KB)
...
006 (6845881.000.000) 11/26 14:25:20 Image size of job updated: 899808
	872  -  MemoryUsage of job (MB)
	892680  -  ResidentSetSize of job (KB)
...
005 (6845881.000.000) 11/26 14:28:27 Job terminated.
	(1) Normal termination (return value 0)
		Usr 0 00:05:44, Sys 0 00:01:37  -  Run Remote Usage
		Usr 0 00:00:00, Sys 0 00:00:00  -  Run Local Usage
		Usr 0 00:05:44, Sys 0 00:01:37  -  Total Remote Usage
		Usr 0 00:00:00, Sys 0 00:00:00  -  Total Local Usage
	0  -  Run Bytes Sent By Job
	0  -  Run Bytes Received By Job
	0  -  Total Bytes Sent By Job
	0  -  Total Bytes Received By Job
	Partitionable Resources :    Usage  Request Allocated
	   Cpus                 :                 1         1
	   Disk (KB)            :       10       10  65563893
	   Memory (MB)          :      872        1      2297
...
