000 (6845882.000.000) 11/26 13:04:18 Job submitted from host: <130.199.153.67:9618?addrs=130.199.153.67-9618&noUDP&sock=7357_7f42_4>
...
001 (6845882.000.000) 11/26 13:05:02 Job executing on host: <130.199.202.92:9618?addrs=130.199.202.92-9618&noUDP&sock=86375_b253_3>
...
006 (6845882.000.000) 11/26 13:05:11 Image size of job updated: 812132
	793  -  MemoryUsage of job (MB)
	811956  -  ResidentSetSize of job (KB)
...
006 (6845882.000.000) 11/26 13:10:12 Image size of job updated: 893552
	872  -  MemoryUsage of job (MB)
	892364  -  ResidentSetSize of job (KB)
...
006 (6845882.000.000) 11/26 13:15:13 Image size of job updated: 894464
	872  -  MemoryUsage of job (MB)
	892388  -  ResidentSetSize of job (KB)
...
006 (6845882.000.000) 11/26 13:20:13 Image size of job updated: 894812
	872  -  MemoryUsage of job (MB)
	892388  -  ResidentSetSize of job (KB)
...
006 (6845882.000.000) 11/26 13:25:13 Image size of job updated: 895216
	872  -  MemoryUsage of job (MB)
	892388  -  ResidentSetSize of job (KB)
...
006 (6845882.000.000) 11/26 13:30:14 Image size of job updated: 896396
	872  -  MemoryUsage of job (MB)
	892388  -  ResidentSetSize of job (KB)
...
006 (6845882.000.000) 11/26 13:35:15 Image size of job updated: 896684
	872  -  MemoryUsage of job (MB)
	892388  -  ResidentSetSize of job (KB)
...
006 (6845882.000.000) 11/26 13:40:15 Image size of job updated: 897064
	872  -  MemoryUsage of job (MB)
	892388  -  ResidentSetSize of job (KB)
...
006 (6845882.000.000) 11/26 13:45:21 Image size of job updated: 897880
	872  -  MemoryUsage of job (MB)
	892388  -  ResidentSetSize of job (KB)
...
006 (6845882.000.000) 11/26 13:50:17 Image size of job updated: 897944
	872  -  MemoryUsage of job (MB)
	892388  -  ResidentSetSize of job (KB)
...
006 (6845882.000.000) 11/26 13:55:18 Image size of job updated: 897960
	872  -  MemoryUsage of job (MB)
	892388  -  ResidentSetSize of job (KB)
...
006 (6845882.000.000) 11/26 14:00:18 Image size of job updated: 897976
	872  -  MemoryUsage of job (MB)
	892388  -  ResidentSetSize of job (KB)
...
006 (6845882.000.000) 11/26 14:05:18 Image size of job updated: 897992
	872  -  MemoryUsage of job (MB)
	892388  -  ResidentSetSize of job (KB)
...
006 (6845882.000.000) 11/26 14:10:19 Image size of job updated: 898004
	872  -  MemoryUsage of job (MB)
	892388  -  ResidentSetSize of job (KB)
...
005 (6845882.000.000) 11/26 14:14:28 Job terminated.
	(1) Normal termination (return value 0)
		Usr 0 00:04:24, Sys 0 00:01:28  -  Run Remote Usage
		Usr 0 00:00:00, Sys 0 00:00:00  -  Run Local Usage
		Usr 0 00:04:24, Sys 0 00:01:28  -  Total Remote Usage
		Usr 0 00:00:00, Sys 0 00:00:00  -  Total Local Usage
	0  -  Run Bytes Sent By Job
	0  -  Run Bytes Received By Job
	0  -  Total Bytes Sent By Job
	0  -  Total Bytes Received By Job
	Partitionable Resources :    Usage  Request Allocated
	   Cpus                 :                 1         1
	   Disk (KB)            :       10       10  65563844
	   Memory (MB)          :      872        1      2297
...
