000 (6846067.000.000) 11/26 13:04:27 Job submitted from host: <130.199.153.67:9618?addrs=130.199.153.67-9618&noUDP&sock=7357_7f42_4>
...
001 (6846067.000.000) 11/26 13:05:39 Job executing on host: <130.199.150.209:9618?addrs=130.199.150.209-9618&noUDP&sock=22356_7dc3_3>
...
006 (6846067.000.000) 11/26 13:05:48 Image size of job updated: 833716
	815  -  MemoryUsage of job (MB)
	833540  -  ResidentSetSize of job (KB)
...
006 (6846067.000.000) 11/26 13:06:02 Image size of job updated: 853156
	815  -  MemoryUsage of job (MB)
	833540  -  ResidentSetSize of job (KB)
...
005 (6846067.000.000) 11/26 13:06:14 Job terminated.
	(1) Normal termination (return value 0)
		Usr 0 00:00:09, Sys 0 00:00:04  -  Run Remote Usage
		Usr 0 00:00:00, Sys 0 00:00:00  -  Run Local Usage
		Usr 0 00:00:09, Sys 0 00:00:04  -  Total Remote Usage
		Usr 0 00:00:00, Sys 0 00:00:00  -  Total Local Usage
	0  -  Run Bytes Sent By Job
	0  -  Run Bytes Received By Job
	0  -  Total Bytes Sent By Job
	0  -  Total Bytes Received By Job
	Partitionable Resources :    Usage  Request Allocated
	   Cpus                 :                 1         1
	   Disk (KB)            :       10       10  59426065
	   Memory (MB)          :      815        1      2007
...
