000 (6846013.000.000) 11/26 13:04:22 Job submitted from host: <130.199.153.67:9618?addrs=130.199.153.67-9618&noUDP&sock=7357_7f42_4>
...
001 (6846013.000.000) 11/26 13:05:28 Job executing on host: <130.199.202.54:9618?addrs=130.199.202.54-9618&noUDP&sock=13693_c2d9_3>
...
006 (6846013.000.000) 11/26 13:05:36 Image size of job updated: 20336
	20  -  MemoryUsage of job (MB)
	20188  -  ResidentSetSize of job (KB)
...
005 (6846013.000.000) 11/26 13:05:41 Job terminated.
	(1) Normal termination (return value 0)
		Usr 0 00:00:02, Sys 0 00:00:03  -  Run Remote Usage
		Usr 0 00:00:00, Sys 0 00:00:00  -  Run Local Usage
		Usr 0 00:00:02, Sys 0 00:00:03  -  Total Remote Usage
		Usr 0 00:00:00, Sys 0 00:00:00  -  Total Local Usage
	0  -  Run Bytes Sent By Job
	0  -  Run Bytes Received By Job
	0  -  Total Bytes Sent By Job
	0  -  Total Bytes Received By Job
	Partitionable Resources :    Usage  Request Allocated
	   Cpus                 :                 1         1
	   Disk (KB)            :       10       10  65479260
	   Memory (MB)          :       20        1      2008
...
