000 (6845843.000.000) 11/26 13:04:18 Job submitted from host: <130.199.153.67:9618?addrs=130.199.153.67-9618&noUDP&sock=7357_7f42_4>
...
001 (6845843.000.000) 11/26 13:04:56 Job executing on host: <130.199.202.93:9618?addrs=130.199.202.93-9618&noUDP&sock=8288_2598_3>
...
006 (6845843.000.000) 11/26 13:05:05 Image size of job updated: 19336
	15  -  MemoryUsage of job (MB)
	14968  -  ResidentSetSize of job (KB)
...
006 (6845843.000.000) 11/26 13:10:06 Image size of job updated: 900408
	874  -  MemoryUsage of job (MB)
	894820  -  ResidentSetSize of job (KB)
...
006 (6845843.000.000) 11/26 13:15:07 Image size of job updated: 901736
	876  -  MemoryUsage of job (MB)
	896148  -  ResidentSetSize of job (KB)
...
006 (6845843.000.000) 11/26 13:20:07 Image size of job updated: 902980
	877  -  MemoryUsage of job (MB)
	897392  -  ResidentSetSize of job (KB)
...
006 (6845843.000.000) 11/26 13:25:07 Image size of job updated: 903332
	877  -  MemoryUsage of job (MB)
	897744  -  ResidentSetSize of job (KB)
...
006 (6845843.000.000) 11/26 13:30:08 Image size of job updated: 904556
	878  -  MemoryUsage of job (MB)
	898968  -  ResidentSetSize of job (KB)
...
006 (6845843.000.000) 11/26 13:35:09 Image size of job updated: 904804
	879  -  MemoryUsage of job (MB)
	899140  -  ResidentSetSize of job (KB)
...
006 (6845843.000.000) 11/26 13:40:09 Image size of job updated: 905472
	879  -  MemoryUsage of job (MB)
	899552  -  ResidentSetSize of job (KB)
...
006 (6845843.000.000) 11/26 13:45:10 Image size of job updated: 906500
	880  -  MemoryUsage of job (MB)
	900392  -  ResidentSetSize of job (KB)
...
006 (6845843.000.000) 11/26 13:50:11 Image size of job updated: 906504
	880  -  MemoryUsage of job (MB)
	900392  -  ResidentSetSize of job (KB)
...
006 (6845843.000.000) 11/26 13:55:11 Image size of job updated: 906512
	880  -  MemoryUsage of job (MB)
	900392  -  ResidentSetSize of job (KB)
...
006 (6845843.000.000) 11/26 14:00:11 Image size of job updated: 906520
	880  -  MemoryUsage of job (MB)
	900392  -  ResidentSetSize of job (KB)
...
006 (6845843.000.000) 11/26 14:35:14 Image size of job updated: 906736
	880  -  MemoryUsage of job (MB)
	900392  -  ResidentSetSize of job (KB)
...
005 (6845843.000.000) 11/26 14:43:54 Job terminated.
	(1) Normal termination (return value 0)
		Usr 0 00:05:28, Sys 0 00:02:01  -  Run Remote Usage
		Usr 0 00:00:00, Sys 0 00:00:00  -  Run Local Usage
		Usr 0 00:05:28, Sys 0 00:02:01  -  Total Remote Usage
		Usr 0 00:00:00, Sys 0 00:00:00  -  Total Local Usage
	0  -  Run Bytes Sent By Job
	0  -  Run Bytes Received By Job
	0  -  Total Bytes Sent By Job
	0  -  Total Bytes Received By Job
	Partitionable Resources :    Usage  Request Allocated
	   Cpus                 :                 1         1
	   Disk (KB)            :       10       10  65563578
	   Memory (MB)          :      880        1      2297
...
