000 (6845876.000.000) 11/26 13:04:18 Job submitted from host: <130.199.153.67:9618?addrs=130.199.153.67-9618&noUDP&sock=7357_7f42_4>
...
001 (6845876.000.000) 11/26 13:05:01 Job executing on host: <130.199.202.92:9618?addrs=130.199.202.92-9618&noUDP&sock=86375_b253_3>
...
006 (6845876.000.000) 11/26 13:05:10 Image size of job updated: 846384
	827  -  MemoryUsage of job (MB)
	846196  -  ResidentSetSize of job (KB)
...
006 (6845876.000.000) 11/26 13:10:11 Image size of job updated: 905348
	884  -  MemoryUsage of job (MB)
	905160  -  ResidentSetSize of job (KB)
...
006 (6845876.000.000) 11/26 13:15:12 Image size of job updated: 907536
	887  -  MemoryUsage of job (MB)
	907348  -  ResidentSetSize of job (KB)
...
006 (6845876.000.000) 11/26 13:20:12 Image size of job updated: 907580
	887  -  MemoryUsage of job (MB)
	907392  -  ResidentSetSize of job (KB)
...
006 (6845876.000.000) 11/26 13:25:12 Image size of job updated: 907616
	887  -  MemoryUsage of job (MB)
	907428  -  ResidentSetSize of job (KB)
...
006 (6845876.000.000) 11/26 13:29:07 Image size of job updated: 1412296
	887  -  MemoryUsage of job (MB)
	907428  -  ResidentSetSize of job (KB)
...
005 (6845876.000.000) 11/26 13:29:07 Job terminated.
	(1) Normal termination (return value 0)
		Usr 0 00:04:52, Sys 0 00:00:38  -  Run Remote Usage
		Usr 0 00:00:00, Sys 0 00:00:00  -  Run Local Usage
		Usr 0 00:04:52, Sys 0 00:00:38  -  Total Remote Usage
		Usr 0 00:00:00, Sys 0 00:00:00  -  Total Local Usage
	0  -  Run Bytes Sent By Job
	0  -  Run Bytes Received By Job
	0  -  Total Bytes Sent By Job
	0  -  Total Bytes Received By Job
	Partitionable Resources :    Usage  Request Allocated
	   Cpus                 :                 1         1
	   Disk (KB)            :       10       10  65563844
	   Memory (MB)          :      887        1      2297
...
