000 (6845926.000.000) 11/26 13:04:18 Job submitted from host: <130.199.153.67:9618?addrs=130.199.153.67-9618&noUDP&sock=7357_7f42_4>
...
001 (6845926.000.000) 11/26 13:05:11 Job executing on host: <130.199.150.251:9618?addrs=130.199.150.251-9618&noUDP&sock=21611_b54a_3>
...
006 (6845926.000.000) 11/26 13:05:20 Image size of job updated: 877912
	832  -  MemoryUsage of job (MB)
	851352  -  ResidentSetSize of job (KB)
...
005 (6845926.000.000) 11/26 13:09:33 Job terminated.
	(1) Normal termination (return value 0)
		Usr 0 00:03:38, Sys 0 00:00:15  -  Run Remote Usage
		Usr 0 00:00:00, Sys 0 00:00:00  -  Run Local Usage
		Usr 0 00:03:38, Sys 0 00:00:15  -  Total Remote Usage
		Usr 0 00:00:00, Sys 0 00:00:00  -  Total Local Usage
	0  -  Run Bytes Sent By Job
	0  -  Run Bytes Received By Job
	0  -  Total Bytes Sent By Job
	0  -  Total Bytes Received By Job
	Partitionable Resources :    Usage  Request Allocated
	   Cpus                 :                 1         1
	   Disk (KB)            :       10       10  59426970
	   Memory (MB)          :      832        1      2007
...
