000 (6845896.000.000) 11/26 13:04:18 Job submitted from host: <130.199.153.67:9618?addrs=130.199.153.67-9618&noUDP&sock=7357_7f42_4>
...
001 (6845896.000.000) 11/26 13:05:05 Job executing on host: <130.199.150.244:9618?addrs=130.199.150.244-9618&noUDP&sock=22538_178b_3>
...
006 (6845896.000.000) 11/26 13:05:14 Image size of job updated: 873196
	830  -  MemoryUsage of job (MB)
	849044  -  ResidentSetSize of job (KB)
...
006 (6845896.000.000) 11/26 13:10:15 Image size of job updated: 941796
	896  -  MemoryUsage of job (MB)
	917264  -  ResidentSetSize of job (KB)
...
005 (6845896.000.000) 11/26 13:13:41 Job terminated.
	(1) Normal termination (return value 0)
		Usr 0 00:04:54, Sys 0 00:00:20  -  Run Remote Usage
		Usr 0 00:00:00, Sys 0 00:00:00  -  Run Local Usage
		Usr 0 00:04:54, Sys 0 00:00:20  -  Total Remote Usage
		Usr 0 00:00:00, Sys 0 00:00:00  -  Total Local Usage
	0  -  Run Bytes Sent By Job
	0  -  Run Bytes Received By Job
	0  -  Total Bytes Sent By Job
	0  -  Total Bytes Received By Job
	Partitionable Resources :    Usage  Request Allocated
	   Cpus                 :                 1         1
	   Disk (KB)            :       10       10  59426115
	   Memory (MB)          :      896        1      2007
...
