000 (6846005.000.000) 11/26 13:04:22 Job submitted from host: <130.199.153.67:9618?addrs=130.199.153.67-9618&noUDP&sock=7357_7f42_4>
...
001 (6846005.000.000) 11/26 13:05:27 Job executing on host: <130.199.150.240:9618?addrs=130.199.150.240-9618&noUDP&sock=22015_91ae_3>
...
006 (6846005.000.000) 11/26 13:05:35 Image size of job updated: 817492
	799  -  MemoryUsage of job (MB)
	817316  -  ResidentSetSize of job (KB)
...
006 (6846005.000.000) 11/26 13:10:35 Image size of job updated: 888576
	868  -  MemoryUsage of job (MB)
	888340  -  ResidentSetSize of job (KB)
...
006 (6846005.000.000) 11/26 13:14:46 Image size of job updated: 1283484
	868  -  MemoryUsage of job (MB)
	888340  -  ResidentSetSize of job (KB)
...
005 (6846005.000.000) 11/26 13:14:46 Job terminated.
	(1) Normal termination (return value 0)
		Usr 0 00:01:12, Sys 0 00:00:13  -  Run Remote Usage
		Usr 0 00:00:00, Sys 0 00:00:00  -  Run Local Usage
		Usr 0 00:01:12, Sys 0 00:00:13  -  Total Remote Usage
		Usr 0 00:00:00, Sys 0 00:00:00  -  Total Local Usage
	0  -  Run Bytes Sent By Job
	0  -  Run Bytes Received By Job
	0  -  Total Bytes Sent By Job
	0  -  Total Bytes Received By Job
	Partitionable Resources :    Usage  Request Allocated
	   Cpus                 :                 1         1
	   Disk (KB)            :       10       10  59426164
	   Memory (MB)          :      868        1      2007
...
