000 (6845907.000.000) 11/26 13:04:18 Job submitted from host: <130.199.153.67:9618?addrs=130.199.153.67-9618&noUDP&sock=7357_7f42_4>
...
001 (6845907.000.000) 11/26 13:05:07 Job executing on host: <130.199.202.95:9618?addrs=130.199.202.95-9618&noUDP&sock=44453_e9ad_3>
...
006 (6845907.000.000) 11/26 13:05:16 Image size of job updated: 848708
	829  -  MemoryUsage of job (MB)
	848520  -  ResidentSetSize of job (KB)
...
006 (6845907.000.000) 11/26 13:10:17 Image size of job updated: 921732
	900  -  MemoryUsage of job (MB)
	921084  -  ResidentSetSize of job (KB)
...
005 (6845907.000.000) 11/26 13:11:21 Job terminated.
	(1) Normal termination (return value 0)
		Usr 0 00:03:24, Sys 0 00:00:18  -  Run Remote Usage
		Usr 0 00:00:00, Sys 0 00:00:00  -  Run Local Usage
		Usr 0 00:03:24, Sys 0 00:00:18  -  Total Remote Usage
		Usr 0 00:00:00, Sys 0 00:00:00  -  Total Local Usage
	0  -  Run Bytes Sent By Job
	0  -  Run Bytes Received By Job
	0  -  Total Bytes Sent By Job
	0  -  Total Bytes Received By Job
	Partitionable Resources :    Usage  Request Allocated
	   Cpus                 :                 1         1
	   Disk (KB)            :       10       10  65563792
	   Memory (MB)          :      900        1      2297
...
