000 (6845919.000.000) 11/26 13:04:18 Job submitted from host: <130.199.153.67:9618?addrs=130.199.153.67-9618&noUDP&sock=7357_7f42_4>
...
001 (6845919.000.000) 11/26 13:05:10 Job executing on host: <130.199.202.94:9618?addrs=130.199.202.94-9618&noUDP&sock=12202_e0e2_3>
...
006 (6845919.000.000) 11/26 13:05:19 Image size of job updated: 840264
	821  -  MemoryUsage of job (MB)
	840076  -  ResidentSetSize of job (KB)
...
006 (6845919.000.000) 11/26 13:10:20 Image size of job updated: 893196
	873  -  MemoryUsage of job (MB)
	893008  -  ResidentSetSize of job (KB)
...
006 (6845919.000.000) 11/26 13:15:21 Image size of job updated: 895168
	875  -  MemoryUsage of job (MB)
	894980  -  ResidentSetSize of job (KB)
...
006 (6845919.000.000) 11/26 13:18:37 Image size of job updated: 898712
	875  -  MemoryUsage of job (MB)
	894980  -  ResidentSetSize of job (KB)
...
005 (6845919.000.000) 11/26 13:18:38 Job terminated.
	(1) Normal termination (return value 0)
		Usr 0 00:02:39, Sys 0 00:00:31  -  Run Remote Usage
		Usr 0 00:00:00, Sys 0 00:00:00  -  Run Local Usage
		Usr 0 00:02:39, Sys 0 00:00:31  -  Total Remote Usage
		Usr 0 00:00:00, Sys 0 00:00:00  -  Total Local Usage
	0  -  Run Bytes Sent By Job
	0  -  Run Bytes Received By Job
	0  -  Total Bytes Sent By Job
	0  -  Total Bytes Received By Job
	Partitionable Resources :    Usage  Request Allocated
	   Cpus                 :                 1         1
	   Disk (KB)            :       10       10  65563834
	   Memory (MB)          :      875        1      2297
...
