000 (6845998.000.000) 11/26 13:04:22 Job submitted from host: <130.199.153.67:9618?addrs=130.199.153.67-9618&noUDP&sock=7357_7f42_4>
...
001 (6845998.000.000) 11/26 13:05:25 Job executing on host: <130.199.150.221:9618?addrs=130.199.150.221-9618&noUDP&sock=8829_5dd4_3>
...
006 (6845998.000.000) 11/26 13:05:34 Image size of job updated: 811288
	793  -  MemoryUsage of job (MB)
	811092  -  ResidentSetSize of job (KB)
...
006 (6845998.000.000) 11/26 13:10:35 Image size of job updated: 894836
	859  -  MemoryUsage of job (MB)
	878688  -  ResidentSetSize of job (KB)
...
006 (6845998.000.000) 11/26 13:15:35 Image size of job updated: 894936
	859  -  MemoryUsage of job (MB)
	878688  -  ResidentSetSize of job (KB)
...
006 (6845998.000.000) 11/26 13:17:31 Image size of job updated: 943572
	859  -  MemoryUsage of job (MB)
	878688  -  ResidentSetSize of job (KB)
...
005 (6845998.000.000) 11/26 13:17:32 Job terminated.
	(1) Normal termination (return value 0)
		Usr 0 00:00:51, Sys 0 00:00:17  -  Run Remote Usage
		Usr 0 00:00:00, Sys 0 00:00:00  -  Run Local Usage
		Usr 0 00:00:51, Sys 0 00:00:17  -  Total Remote Usage
		Usr 0 00:00:00, Sys 0 00:00:00  -  Total Local Usage
	0  -  Run Bytes Sent By Job
	0  -  Run Bytes Received By Job
	0  -  Total Bytes Sent By Job
	0  -  Total Bytes Received By Job
	Partitionable Resources :    Usage  Request Allocated
	   Cpus                 :                 1         1
	   Disk (KB)            :       10       10  59425716
	   Memory (MB)          :      859        1      2007
...
