000 (6845885.000.000) 11/26 13:04:18 Job submitted from host: <130.199.153.67:9618?addrs=130.199.153.67-9618&noUDP&sock=7357_7f42_4>
...
001 (6845885.000.000) 11/26 13:05:04 Job executing on host: <130.199.202.85:9618?addrs=130.199.202.85-9618&noUDP&sock=154183_1293_3>
...
006 (6845885.000.000) 11/26 13:05:12 Image size of job updated: 280600
	274  -  MemoryUsage of job (MB)
	280132  -  ResidentSetSize of job (KB)
...
006 (6845885.000.000) 11/26 13:10:12 Image size of job updated: 899028
	878  -  MemoryUsage of job (MB)
	898548  -  ResidentSetSize of job (KB)
...
006 (6845885.000.000) 11/26 13:15:13 Image size of job updated: 900756
	880  -  MemoryUsage of job (MB)
	900276  -  ResidentSetSize of job (KB)
...
006 (6845885.000.000) 11/26 13:20:14 Image size of job updated: 901436
	880  -  MemoryUsage of job (MB)
	900956  -  ResidentSetSize of job (KB)
...
006 (6845885.000.000) 11/26 13:25:14 Image size of job updated: 902316
	881  -  MemoryUsage of job (MB)
	901836  -  ResidentSetSize of job (KB)
...
006 (6845885.000.000) 11/26 13:30:15 Image size of job updated: 902608
	881  -  MemoryUsage of job (MB)
	902128  -  ResidentSetSize of job (KB)
...
006 (6845885.000.000) 11/26 13:35:16 Image size of job updated: 903612
	882  -  MemoryUsage of job (MB)
	903132  -  ResidentSetSize of job (KB)
...
006 (6845885.000.000) 11/26 13:40:16 Image size of job updated: 903812
	883  -  MemoryUsage of job (MB)
	903332  -  ResidentSetSize of job (KB)
...
006 (6845885.000.000) 11/26 13:45:16 Image size of job updated: 904000
	883  -  MemoryUsage of job (MB)
	903520  -  ResidentSetSize of job (KB)
...
006 (6845885.000.000) 11/26 13:50:17 Image size of job updated: 905148
	884  -  MemoryUsage of job (MB)
	904668  -  ResidentSetSize of job (KB)
...
006 (6845885.000.000) 11/26 13:55:18 Image size of job updated: 905160
	884  -  MemoryUsage of job (MB)
	904680  -  ResidentSetSize of job (KB)
...
006 (6845885.000.000) 11/26 14:00:18 Image size of job updated: 905164
	884  -  MemoryUsage of job (MB)
	904684  -  ResidentSetSize of job (KB)
...
006 (6845885.000.000) 11/26 14:05:18 Image size of job updated: 905184
	884  -  MemoryUsage of job (MB)
	904704  -  ResidentSetSize of job (KB)
...
006 (6845885.000.000) 11/26 14:10:19 Image size of job updated: 905192
	884  -  MemoryUsage of job (MB)
	904712  -  ResidentSetSize of job (KB)
...
006 (6845885.000.000) 11/26 14:15:20 Image size of job updated: 905204
	884  -  MemoryUsage of job (MB)
	904724  -  ResidentSetSize of job (KB)
...
006 (6845885.000.000) 11/26 14:20:20 Image size of job updated: 905216
	884  -  MemoryUsage of job (MB)
	904736  -  ResidentSetSize of job (KB)
...
006 (6845885.000.000) 11/26 14:25:21 Image size of job updated: 905224
	884  -  MemoryUsage of job (MB)
	904744  -  ResidentSetSize of job (KB)
...
006 (6845885.000.000) 11/26 14:30:22 Image size of job updated: 905240
	884  -  MemoryUsage of job (MB)
	904760  -  ResidentSetSize of job (KB)
...
006 (6845885.000.000) 11/26 14:35:22 Image size of job updated: 910696
	889  -  MemoryUsage of job (MB)
	910216  -  ResidentSetSize of job (KB)
...
005 (6845885.000.000) 11/26 14:41:34 Job terminated.
	(1) Normal termination (return value 0)
		Usr 0 00:05:26, Sys 0 00:01:57  -  Run Remote Usage
		Usr 0 00:00:00, Sys 0 00:00:00  -  Run Local Usage
		Usr 0 00:05:26, Sys 0 00:01:57  -  Total Remote Usage
		Usr 0 00:00:00, Sys 0 00:00:00  -  Total Local Usage
	0  -  Run Bytes Sent By Job
	0  -  Run Bytes Received By Job
	0  -  Total Bytes Sent By Job
	0  -  Total Bytes Received By Job
	Partitionable Resources :    Usage  Request Allocated
	   Cpus                 :                 1         1
	   Disk (KB)            :       10       10  65563889
	   Memory (MB)          :      889        1      2297
...
