000 (6845900.000.000) 11/26 13:04:18 Job submitted from host: <130.199.153.67:9618?addrs=130.199.153.67-9618&noUDP&sock=7357_7f42_4>
...
001 (6845900.000.000) 11/26 13:05:07 Job executing on host: <130.199.150.208:9618?addrs=130.199.150.208-9618&noUDP&sock=22075_8eed_3>
...
006 (6845900.000.000) 11/26 13:05:16 Image size of job updated: 40072
	22  -  MemoryUsage of job (MB)
	21584  -  ResidentSetSize of job (KB)
...
006 (6845900.000.000) 11/26 13:10:17 Image size of job updated: 945136
	904  -  MemoryUsage of job (MB)
	925624  -  ResidentSetSize of job (KB)
...
006 (6845900.000.000) 11/26 13:15:18 Image size of job updated: 947592
	907  -  MemoryUsage of job (MB)
	928080  -  ResidentSetSize of job (KB)
...
006 (6845900.000.000) 11/26 13:20:18 Image size of job updated: 950012
	909  -  MemoryUsage of job (MB)
	930500  -  ResidentSetSize of job (KB)
...
006 (6845900.000.000) 11/26 13:25:18 Image size of job updated: 950040
	909  -  MemoryUsage of job (MB)
	930528  -  ResidentSetSize of job (KB)
...
005 (6845900.000.000) 11/26 13:27:46 Job terminated.
	(1) Normal termination (return value 0)
		Usr 0 00:05:24, Sys 0 00:00:34  -  Run Remote Usage
		Usr 0 00:00:00, Sys 0 00:00:00  -  Run Local Usage
		Usr 0 00:05:24, Sys 0 00:00:34  -  Total Remote Usage
		Usr 0 00:00:00, Sys 0 00:00:00  -  Total Local Usage
	0  -  Run Bytes Sent By Job
	0  -  Run Bytes Received By Job
	0  -  Total Bytes Sent By Job
	0  -  Total Bytes Received By Job
	Partitionable Resources :    Usage  Request Allocated
	   Cpus                 :                 1         1
	   Disk (KB)            :       10       10  59426271
	   Memory (MB)          :      909        1      2007
...
