000 (6845950.000.000) 11/26 13:04:22 Job submitted from host: <130.199.153.67:9618?addrs=130.199.153.67-9618&noUDP&sock=7357_7f42_4>
...
001 (6845950.000.000) 11/26 13:05:16 Job executing on host: <130.199.150.211:9618?addrs=130.199.150.211-9618&noUDP&sock=22624_4f54_3>
...
006 (6845950.000.000) 11/26 13:05:24 Image size of job updated: 768904
	726  -  MemoryUsage of job (MB)
	742424  -  ResidentSetSize of job (KB)
...
006 (6845950.000.000) 11/26 13:09:26 Image size of job updated: 1487396
	726  -  MemoryUsage of job (MB)
	742424  -  ResidentSetSize of job (KB)
...
005 (6845950.000.000) 11/26 13:09:26 Job terminated.
	(1) Normal termination (return value 0)
		Usr 0 00:03:03, Sys 0 00:00:15  -  Run Remote Usage
		Usr 0 00:00:00, Sys 0 00:00:00  -  Run Local Usage
		Usr 0 00:03:03, Sys 0 00:00:15  -  Total Remote Usage
		Usr 0 00:00:00, Sys 0 00:00:00  -  Total Local Usage
	0  -  Run Bytes Sent By Job
	0  -  Run Bytes Received By Job
	0  -  Total Bytes Sent By Job
	0  -  Total Bytes Received By Job
	Partitionable Resources :    Usage  Request Allocated
	   Cpus                 :                 1         1
	   Disk (KB)            :       10       10  59426165
	   Memory (MB)          :      726        1      2007
...
