000 (6845971.000.000) 11/26 13:04:22 Job submitted from host: <130.199.153.67:9618?addrs=130.199.153.67-9618&noUDP&sock=7357_7f42_4>
...
001 (6845971.000.000) 11/26 13:05:21 Job executing on host: <130.199.202.92:9618?addrs=130.199.202.92-9618&noUDP&sock=86375_b253_3>
...
006 (6845971.000.000) 11/26 13:05:29 Image size of job updated: 815716
	797  -  MemoryUsage of job (MB)
	815540  -  ResidentSetSize of job (KB)
...
006 (6845971.000.000) 11/26 13:10:29 Image size of job updated: 892912
	871  -  MemoryUsage of job (MB)
	891260  -  ResidentSetSize of job (KB)
...
006 (6845971.000.000) 11/26 13:15:29 Image size of job updated: 893548
	871  -  MemoryUsage of job (MB)
	891260  -  ResidentSetSize of job (KB)
...
006 (6845971.000.000) 11/26 13:20:30 Image size of job updated: 894048
	871  -  MemoryUsage of job (MB)
	891260  -  ResidentSetSize of job (KB)
...
006 (6845971.000.000) 11/26 13:25:30 Image size of job updated: 895220
	871  -  MemoryUsage of job (MB)
	891260  -  ResidentSetSize of job (KB)
...
006 (6845971.000.000) 11/26 13:30:30 Image size of job updated: 895676
	871  -  MemoryUsage of job (MB)
	891260  -  ResidentSetSize of job (KB)
...
006 (6845971.000.000) 11/26 13:34:44 Image size of job updated: 1255308
	871  -  MemoryUsage of job (MB)
	891260  -  ResidentSetSize of job (KB)
...
005 (6845971.000.000) 11/26 13:34:44 Job terminated.
	(1) Normal termination (return value 0)
		Usr 0 00:01:56, Sys 0 00:00:36  -  Run Remote Usage
		Usr 0 00:00:00, Sys 0 00:00:00  -  Run Local Usage
		Usr 0 00:01:56, Sys 0 00:00:36  -  Total Remote Usage
		Usr 0 00:00:00, Sys 0 00:00:00  -  Total Local Usage
	0  -  Run Bytes Sent By Job
	0  -  Run Bytes Received By Job
	0  -  Total Bytes Sent By Job
	0  -  Total Bytes Received By Job
	Partitionable Resources :    Usage  Request Allocated
	   Cpus                 :                 1         1
	   Disk (KB)            :       10       10  65563844
	   Memory (MB)          :      871        1      2297
...
