000 (6845924.000.000) 11/26 13:04:18 Job submitted from host: <130.199.153.67:9618?addrs=130.199.153.67-9618&noUDP&sock=7357_7f42_4>
...
001 (6845924.000.000) 11/26 13:05:11 Job executing on host: <130.199.150.240:9618?addrs=130.199.150.240-9618&noUDP&sock=22015_91ae_3>
...
006 (6845924.000.000) 11/26 13:05:19 Image size of job updated: 872272
	826  -  MemoryUsage of job (MB)
	845756  -  ResidentSetSize of job (KB)
...
006 (6845924.000.000) 11/26 13:10:19 Image size of job updated: 936544
	889  -  MemoryUsage of job (MB)
	909984  -  ResidentSetSize of job (KB)
...
005 (6845924.000.000) 11/26 13:11:46 Job terminated.
	(1) Normal termination (return value 0)
		Usr 0 00:03:48, Sys 0 00:00:16  -  Run Remote Usage
		Usr 0 00:00:00, Sys 0 00:00:00  -  Run Local Usage
		Usr 0 00:03:48, Sys 0 00:00:16  -  Total Remote Usage
		Usr 0 00:00:00, Sys 0 00:00:00  -  Total Local Usage
	0  -  Run Bytes Sent By Job
	0  -  Run Bytes Received By Job
	0  -  Total Bytes Sent By Job
	0  -  Total Bytes Received By Job
	Partitionable Resources :    Usage  Request Allocated
	   Cpus                 :                 1         1
	   Disk (KB)            :       10       10  59426164
	   Memory (MB)          :      889        1      2007
...
