000 (6845868.000.000) 11/26 13:04:18 Job submitted from host: <130.199.153.67:9618?addrs=130.199.153.67-9618&noUDP&sock=7357_7f42_4>
...
001 (6845868.000.000) 11/26 13:05:00 Job executing on host: <130.199.202.89:9618?addrs=130.199.202.89-9618&noUDP&sock=70844_54c5_3>
...
006 (6845868.000.000) 11/26 13:05:08 Image size of job updated: 821820
	803  -  MemoryUsage of job (MB)
	821636  -  ResidentSetSize of job (KB)
...
006 (6845868.000.000) 11/26 13:10:08 Image size of job updated: 928796
	906  -  MemoryUsage of job (MB)
	927660  -  ResidentSetSize of job (KB)
...
006 (6845868.000.000) 11/26 13:15:09 Image size of job updated: 931248
	907  -  MemoryUsage of job (MB)
	928764  -  ResidentSetSize of job (KB)
...
006 (6845868.000.000) 11/26 13:20:10 Image size of job updated: 931248
	908  -  MemoryUsage of job (MB)
	929020  -  ResidentSetSize of job (KB)
...
006 (6845868.000.000) 11/26 13:26:48 Image size of job updated: 935100
	908  -  MemoryUsage of job (MB)
	929020  -  ResidentSetSize of job (KB)
...
005 (6845868.000.000) 11/26 13:27:46 Job terminated.
	(1) Normal termination (return value 0)
		Usr 0 00:04:44, Sys 0 00:00:35  -  Run Remote Usage
		Usr 0 00:00:00, Sys 0 00:00:00  -  Run Local Usage
		Usr 0 00:04:44, Sys 0 00:00:35  -  Total Remote Usage
		Usr 0 00:00:00, Sys 0 00:00:00  -  Total Local Usage
	0  -  Run Bytes Sent By Job
	0  -  Run Bytes Received By Job
	0  -  Total Bytes Sent By Job
	0  -  Total Bytes Received By Job
	Partitionable Resources :    Usage  Request Allocated
	   Cpus                 :                 1         1
	   Disk (KB)            :       10       10  65563893
	   Memory (MB)          :      908        1      2297
...
