000 (6845923.000.000) 11/26 13:04:18 Job submitted from host: <130.199.153.67:9618?addrs=130.199.153.67-9618&noUDP&sock=7357_7f42_4>
...
001 (6845923.000.000) 11/26 13:05:11 Job executing on host: <130.199.150.234:9618?addrs=130.199.150.234-9618&noUDP&sock=21977_8ae4_3>
...
006 (6845923.000.000) 11/26 13:05:20 Image size of job updated: 23820
	21  -  MemoryUsage of job (MB)
	21200  -  ResidentSetSize of job (KB)
...
006 (6845923.000.000) 11/26 13:10:21 Image size of job updated: 888844
	866  -  MemoryUsage of job (MB)
	885936  -  ResidentSetSize of job (KB)
...
006 (6845923.000.000) 11/26 13:15:22 Image size of job updated: 890900
	868  -  MemoryUsage of job (MB)
	887988  -  ResidentSetSize of job (KB)
...
006 (6845923.000.000) 11/26 13:20:22 Image size of job updated: 940828
	916  -  MemoryUsage of job (MB)
	937916  -  ResidentSetSize of job (KB)
...
005 (6845923.000.000) 11/26 13:20:44 Job terminated.
	(1) Normal termination (return value 0)
		Usr 0 00:03:30, Sys 0 00:00:26  -  Run Remote Usage
		Usr 0 00:00:00, Sys 0 00:00:00  -  Run Local Usage
		Usr 0 00:03:30, Sys 0 00:00:26  -  Total Remote Usage
		Usr 0 00:00:00, Sys 0 00:00:00  -  Total Local Usage
	0  -  Run Bytes Sent By Job
	0  -  Run Bytes Received By Job
	0  -  Total Bytes Sent By Job
	0  -  Total Bytes Received By Job
	Partitionable Resources :    Usage  Request Allocated
	   Cpus                 :                 1         1
	   Disk (KB)            :       10       10  59426052
	   Memory (MB)          :      916        1      2007
...
