000 (6845859.000.000) 11/26 13:04:18 Job submitted from host: <130.199.153.67:9618?addrs=130.199.153.67-9618&noUDP&sock=7357_7f42_4>
...
001 (6845859.000.000) 11/26 13:04:58 Job executing on host: <130.199.202.92:9618?addrs=130.199.202.92-9618&noUDP&sock=86375_b253_3>
...
006 (6845859.000.000) 11/26 13:05:07 Image size of job updated: 850004
	830  -  MemoryUsage of job (MB)
	849816  -  ResidentSetSize of job (KB)
...
006 (6845859.000.000) 11/26 13:10:09 Image size of job updated: 908620
	885  -  MemoryUsage of job (MB)
	906072  -  ResidentSetSize of job (KB)
...
006 (6845859.000.000) 11/26 13:15:09 Image size of job updated: 911780
	889  -  MemoryUsage of job (MB)
	909328  -  ResidentSetSize of job (KB)
...
006 (6845859.000.000) 11/26 13:20:09 Image size of job updated: 911852
	889  -  MemoryUsage of job (MB)
	909400  -  ResidentSetSize of job (KB)
...
006 (6845859.000.000) 11/26 13:25:10 Image size of job updated: 911892
	889  -  MemoryUsage of job (MB)
	909440  -  ResidentSetSize of job (KB)
...
006 (6845859.000.000) 11/26 13:30:11 Image size of job updated: 913544
	890  -  MemoryUsage of job (MB)
	911320  -  ResidentSetSize of job (KB)
...
006 (6845859.000.000) 11/26 13:30:16 Image size of job updated: 963996
	890  -  MemoryUsage of job (MB)
	911324  -  ResidentSetSize of job (KB)
...
005 (6845859.000.000) 11/26 13:30:16 Job terminated.
	(1) Normal termination (return value 0)
		Usr 0 00:05:19, Sys 0 00:00:39  -  Run Remote Usage
		Usr 0 00:00:00, Sys 0 00:00:00  -  Run Local Usage
		Usr 0 00:05:19, Sys 0 00:00:39  -  Total Remote Usage
		Usr 0 00:00:00, Sys 0 00:00:00  -  Total Local Usage
	0  -  Run Bytes Sent By Job
	0  -  Run Bytes Received By Job
	0  -  Total Bytes Sent By Job
	0  -  Total Bytes Received By Job
	Partitionable Resources :    Usage  Request Allocated
	   Cpus                 :                 1         1
	   Disk (KB)            :       10       10  65563844
	   Memory (MB)          :      890        1      2297
...
