000 (6845851.000.000) 11/26 13:04:18 Job submitted from host: <130.199.153.67:9618?addrs=130.199.153.67-9618&noUDP&sock=7357_7f42_4>
...
001 (6845851.000.000) 11/26 13:04:57 Job executing on host: <130.199.202.92:9618?addrs=130.199.202.92-9618&noUDP&sock=86375_b253_3>
...
006 (6845851.000.000) 11/26 13:05:06 Image size of job updated: 815332
	797  -  MemoryUsage of job (MB)
	815156  -  ResidentSetSize of job (KB)
...
006 (6845851.000.000) 11/26 13:10:07 Image size of job updated: 897524
	877  -  MemoryUsage of job (MB)
	897336  -  ResidentSetSize of job (KB)
...
006 (6845851.000.000) 11/26 13:15:08 Image size of job updated: 898052
	877  -  MemoryUsage of job (MB)
	897864  -  ResidentSetSize of job (KB)
...
006 (6845851.000.000) 11/26 13:20:08 Image size of job updated: 898368
	878  -  MemoryUsage of job (MB)
	898180  -  ResidentSetSize of job (KB)
...
006 (6845851.000.000) 11/26 13:25:09 Image size of job updated: 898676
	878  -  MemoryUsage of job (MB)
	898488  -  ResidentSetSize of job (KB)
...
006 (6845851.000.000) 11/26 13:30:09 Image size of job updated: 899880
	879  -  MemoryUsage of job (MB)
	899692  -  ResidentSetSize of job (KB)
...
006 (6845851.000.000) 11/26 13:35:09 Image size of job updated: 900228
	879  -  MemoryUsage of job (MB)
	900040  -  ResidentSetSize of job (KB)
...
006 (6845851.000.000) 11/26 13:40:10 Image size of job updated: 901404
	881  -  MemoryUsage of job (MB)
	901216  -  ResidentSetSize of job (KB)
...
006 (6845851.000.000) 11/26 13:50:10 Image size of job updated: 901412
	881  -  MemoryUsage of job (MB)
	901224  -  ResidentSetSize of job (KB)
...
006 (6845851.000.000) 11/26 13:55:11 Image size of job updated: 901420
	881  -  MemoryUsage of job (MB)
	901232  -  ResidentSetSize of job (KB)
...
006 (6845851.000.000) 11/26 14:05:12 Image size of job updated: 901424
	881  -  MemoryUsage of job (MB)
	901236  -  ResidentSetSize of job (KB)
...
006 (6845851.000.000) 11/26 14:15:13 Image size of job updated: 901436
	881  -  MemoryUsage of job (MB)
	901236  -  ResidentSetSize of job (KB)
...
006 (6845851.000.000) 11/26 14:21:16 Image size of job updated: 1237776
	881  -  MemoryUsage of job (MB)
	901236  -  ResidentSetSize of job (KB)
...
005 (6845851.000.000) 11/26 14:21:16 Job terminated.
	(1) Normal termination (return value 0)
		Usr 0 00:05:25, Sys 0 00:01:38  -  Run Remote Usage
		Usr 0 00:00:00, Sys 0 00:00:00  -  Run Local Usage
		Usr 0 00:05:25, Sys 0 00:01:38  -  Total Remote Usage
		Usr 0 00:00:00, Sys 0 00:00:00  -  Total Local Usage
	0  -  Run Bytes Sent By Job
	0  -  Run Bytes Received By Job
	0  -  Total Bytes Sent By Job
	0  -  Total Bytes Received By Job
	Partitionable Resources :    Usage  Request Allocated
	   Cpus                 :                 1         1
	   Disk (KB)            :       10       10  65563844
	   Memory (MB)          :      881        1      2297
...
