000 (6846009.000.000) 11/26 13:04:22 Job submitted from host: <130.199.153.67:9618?addrs=130.199.153.67-9618&noUDP&sock=7357_7f42_4>
...
001 (6846009.000.000) 11/26 13:05:27 Job executing on host: <130.199.150.217:9618?addrs=130.199.150.217-9618&noUDP&sock=22499_bfbb_3>
...
006 (6846009.000.000) 11/26 13:05:36 Image size of job updated: 829880
	792  -  MemoryUsage of job (MB)
	810420  -  ResidentSetSize of job (KB)
...
006 (6846009.000.000) 11/26 13:10:37 Image size of job updated: 914136
	874  -  MemoryUsage of job (MB)
	894620  -  ResidentSetSize of job (KB)
...
005 (6846009.000.000) 11/26 13:14:00 Job terminated.
	(1) Normal termination (return value 0)
		Usr 0 00:01:08, Sys 0 00:00:12  -  Run Remote Usage
		Usr 0 00:00:00, Sys 0 00:00:00  -  Run Local Usage
		Usr 0 00:01:08, Sys 0 00:00:12  -  Total Remote Usage
		Usr 0 00:00:00, Sys 0 00:00:00  -  Total Local Usage
	0  -  Run Bytes Sent By Job
	0  -  Run Bytes Received By Job
	0  -  Total Bytes Sent By Job
	0  -  Total Bytes Received By Job
	Partitionable Resources :    Usage  Request Allocated
	   Cpus                 :                 1         1
	   Disk (KB)            :       10       10  59426043
	   Memory (MB)          :      874        1      2007
...
