000 (6846102.000.000) 11/26 13:04:27 Job submitted from host: <130.199.153.67:9618?addrs=130.199.153.67-9618&noUDP&sock=7357_7f42_4>
...
001 (6846102.000.000) 11/26 13:06:16 Job executing on host: <130.199.150.228:9618?addrs=130.199.150.228-9618&noUDP&sock=22198_7c7b_3>
...
006 (6846102.000.000) 11/26 13:06:24 Image size of job updated: 818860
	800  -  MemoryUsage of job (MB)
	818684  -  ResidentSetSize of job (KB)
...
006 (6846102.000.000) 11/26 13:07:00 Image size of job updated: 818860
	800  -  MemoryUsage of job (MB)
	818824  -  ResidentSetSize of job (KB)
...
005 (6846102.000.000) 11/26 13:07:00 Job terminated.
	(1) Normal termination (return value 0)
		Usr 0 00:00:12, Sys 0 00:00:06  -  Run Remote Usage
		Usr 0 00:00:00, Sys 0 00:00:00  -  Run Local Usage
		Usr 0 00:00:12, Sys 0 00:00:06  -  Total Remote Usage
		Usr 0 00:00:00, Sys 0 00:00:00  -  Total Local Usage
	0  -  Run Bytes Sent By Job
	0  -  Run Bytes Received By Job
	0  -  Total Bytes Sent By Job
	0  -  Total Bytes Received By Job
	Partitionable Resources :    Usage  Request Allocated
	   Cpus                 :                 1         1
	   Disk (KB)            :       10       10  59425989
	   Memory (MB)          :      800        1      2007
...
