000 (6846086.000.000) 11/26 13:04:27 Job submitted from host: <130.199.153.67:9618?addrs=130.199.153.67-9618&noUDP&sock=7357_7f42_4>
...
001 (6846086.000.000) 11/26 13:06:16 Job executing on host: <130.199.202.43:9618?addrs=130.199.202.43-9618&noUDP&sock=2339_5d0b_3>
...
006 (6846086.000.000) 11/26 13:06:25 Image size of job updated: 21492
	21  -  MemoryUsage of job (MB)
	21312  -  ResidentSetSize of job (KB)
...
005 (6846086.000.000) 11/26 13:06:45 Job terminated.
	(1) Normal termination (return value 0)
		Usr 0 00:00:02, Sys 0 00:00:02  -  Run Remote Usage
		Usr 0 00:00:00, Sys 0 00:00:00  -  Run Local Usage
		Usr 0 00:00:02, Sys 0 00:00:02  -  Total Remote Usage
		Usr 0 00:00:00, Sys 0 00:00:00  -  Total Local Usage
	0  -  Run Bytes Sent By Job
	0  -  Run Bytes Received By Job
	0  -  Total Bytes Sent By Job
	0  -  Total Bytes Received By Job
	Partitionable Resources :    Usage  Request Allocated
	   Cpus                 :                 1         1
	   Disk (KB)            :       10       10  65479265
	   Memory (MB)          :       21        1      2008
...
