000 (6845847.000.000) 11/26 13:04:18 Job submitted from host: <130.199.153.67:9618?addrs=130.199.153.67-9618&noUDP&sock=7357_7f42_4>
...
001 (6845847.000.000) 11/26 13:04:56 Job executing on host: <130.199.202.93:9618?addrs=130.199.202.93-9618&noUDP&sock=8288_2598_3>
...
006 (6845847.000.000) 11/26 13:05:05 Image size of job updated: 16056
	15  -  MemoryUsage of job (MB)
	14960  -  ResidentSetSize of job (KB)
...
006 (6845847.000.000) 11/26 13:10:06 Image size of job updated: 906004
	880  -  MemoryUsage of job (MB)
	900140  -  ResidentSetSize of job (KB)
...
006 (6845847.000.000) 11/26 13:15:07 Image size of job updated: 909684
	880  -  MemoryUsage of job (MB)
	900140  -  ResidentSetSize of job (KB)
...
006 (6845847.000.000) 11/26 13:20:07 Image size of job updated: 909960
	880  -  MemoryUsage of job (MB)
	900140  -  ResidentSetSize of job (KB)
...
006 (6845847.000.000) 11/26 13:25:08 Image size of job updated: 910336
	880  -  MemoryUsage of job (MB)
	900140  -  ResidentSetSize of job (KB)
...
006 (6845847.000.000) 11/26 13:30:09 Image size of job updated: 910564
	880  -  MemoryUsage of job (MB)
	900140  -  ResidentSetSize of job (KB)
...
006 (6845847.000.000) 11/26 13:35:10 Image size of job updated: 911692
	880  -  MemoryUsage of job (MB)
	900140  -  ResidentSetSize of job (KB)
...
006 (6845847.000.000) 11/26 13:40:10 Image size of job updated: 911928
	880  -  MemoryUsage of job (MB)
	900140  -  ResidentSetSize of job (KB)
...
006 (6845847.000.000) 11/26 13:45:11 Image size of job updated: 912152
	880  -  MemoryUsage of job (MB)
	900140  -  ResidentSetSize of job (KB)
...
006 (6845847.000.000) 11/26 13:50:12 Image size of job updated: 912816
	880  -  MemoryUsage of job (MB)
	900140  -  ResidentSetSize of job (KB)
...
006 (6845847.000.000) 11/26 13:55:12 Image size of job updated: 913192
	880  -  MemoryUsage of job (MB)
	900140  -  ResidentSetSize of job (KB)
...
006 (6845847.000.000) 11/26 14:00:12 Image size of job updated: 913204
	880  -  MemoryUsage of job (MB)
	900140  -  ResidentSetSize of job (KB)
...
006 (6845847.000.000) 11/26 14:05:13 Image size of job updated: 913212
	880  -  MemoryUsage of job (MB)
	900140  -  ResidentSetSize of job (KB)
...
006 (6845847.000.000) 11/26 14:10:14 Image size of job updated: 913220
	880  -  MemoryUsage of job (MB)
	900140  -  ResidentSetSize of job (KB)
...
006 (6845847.000.000) 11/26 14:15:14 Image size of job updated: 913232
	880  -  MemoryUsage of job (MB)
	900140  -  ResidentSetSize of job (KB)
...
006 (6845847.000.000) 11/26 14:20:15 Image size of job updated: 913244
	880  -  MemoryUsage of job (MB)
	900140  -  ResidentSetSize of job (KB)
...
006 (6845847.000.000) 11/26 14:25:16 Image size of job updated: 913256
	880  -  MemoryUsage of job (MB)
	900140  -  ResidentSetSize of job (KB)
...
006 (6845847.000.000) 11/26 14:30:16 Image size of job updated: 913264
	880  -  MemoryUsage of job (MB)
	900140  -  ResidentSetSize of job (KB)
...
006 (6845847.000.000) 11/26 14:35:16 Image size of job updated: 913268
	880  -  MemoryUsage of job (MB)
	900140  -  ResidentSetSize of job (KB)
...
006 (6845847.000.000) 11/26 14:40:17 Image size of job updated: 913280
	880  -  MemoryUsage of job (MB)
	900140  -  ResidentSetSize of job (KB)
...
005 (6845847.000.000) 11/26 14:41:31 Job terminated.
	(1) Normal termination (return value 0)
		Usr 0 00:05:29, Sys 0 00:02:07  -  Run Remote Usage
		Usr 0 00:00:00, Sys 0 00:00:00  -  Run Local Usage
		Usr 0 00:05:29, Sys 0 00:02:07  -  Total Remote Usage
		Usr 0 00:00:00, Sys 0 00:00:00  -  Total Local Usage
	0  -  Run Bytes Sent By Job
	0  -  Run Bytes Received By Job
	0  -  Total Bytes Sent By Job
	0  -  Total Bytes Received By Job
	Partitionable Resources :    Usage  Request Allocated
	   Cpus                 :                 1         1
	   Disk (KB)            :       10       10  65563578
	   Memory (MB)          :      880        1      2297
...
