000 (6845992.000.000) 11/26 13:04:22 Job submitted from host: <130.199.153.67:9618?addrs=130.199.153.67-9618&noUDP&sock=7357_7f42_4>
...
001 (6845992.000.000) 11/26 13:05:24 Job executing on host: <130.199.202.66:9618?addrs=130.199.202.66-9618&noUDP&sock=21319_4b3a_3>
...
006 (6845992.000.000) 11/26 13:05:33 Image size of job updated: 818496
	800  -  MemoryUsage of job (MB)
	818320  -  ResidentSetSize of job (KB)
...
006 (6845992.000.000) 11/26 13:10:34 Image size of job updated: 896680
	875  -  MemoryUsage of job (MB)
	895236  -  ResidentSetSize of job (KB)
...
005 (6845992.000.000) 11/26 13:15:15 Job terminated.
	(1) Normal termination (return value 0)
		Usr 0 00:00:40, Sys 0 00:00:13  -  Run Remote Usage
		Usr 0 00:00:00, Sys 0 00:00:00  -  Run Local Usage
		Usr 0 00:00:40, Sys 0 00:00:13  -  Total Remote Usage
		Usr 0 00:00:00, Sys 0 00:00:00  -  Total Local Usage
	0  -  Run Bytes Sent By Job
	0  -  Run Bytes Received By Job
	0  -  Total Bytes Sent By Job
	0  -  Total Bytes Received By Job
	Partitionable Resources :    Usage  Request Allocated
	   Cpus                 :                 1         1
	   Disk (KB)            :       10       10  65479220
	   Memory (MB)          :      875        1      2008
...
