000 (6845866.000.000) 11/26 13:04:18 Job submitted from host: <130.199.153.67:9618?addrs=130.199.153.67-9618&noUDP&sock=7357_7f42_4>
...
001 (6845866.000.000) 11/26 13:04:59 Job executing on host: <130.199.202.87:9618?addrs=130.199.202.87-9618&noUDP&sock=118306_7479_3>
...
006 (6845866.000.000) 11/26 13:05:08 Image size of job updated: 821388
	802  -  MemoryUsage of job (MB)
	820940  -  ResidentSetSize of job (KB)
...
006 (6845866.000.000) 11/26 13:10:09 Image size of job updated: 894516
	874  -  MemoryUsage of job (MB)
	894056  -  ResidentSetSize of job (KB)
...
006 (6845866.000.000) 11/26 13:15:10 Image size of job updated: 897060
	876  -  MemoryUsage of job (MB)
	896600  -  ResidentSetSize of job (KB)
...
006 (6845866.000.000) 11/26 13:20:10 Image size of job updated: 897400
	876  -  MemoryUsage of job (MB)
	896940  -  ResidentSetSize of job (KB)
...
006 (6845866.000.000) 11/26 13:25:10 Image size of job updated: 898564
	878  -  MemoryUsage of job (MB)
	898104  -  ResidentSetSize of job (KB)
...
006 (6845866.000.000) 11/26 13:30:11 Image size of job updated: 898924
	878  -  MemoryUsage of job (MB)
	898464  -  ResidentSetSize of job (KB)
...
006 (6845866.000.000) 11/26 13:35:11 Image size of job updated: 899312
	878  -  MemoryUsage of job (MB)
	898852  -  ResidentSetSize of job (KB)
...
006 (6845866.000.000) 11/26 13:40:11 Image size of job updated: 900352
	879  -  MemoryUsage of job (MB)
	899892  -  ResidentSetSize of job (KB)
...
006 (6845866.000.000) 11/26 13:45:12 Image size of job updated: 900376
	879  -  MemoryUsage of job (MB)
	899916  -  ResidentSetSize of job (KB)
...
006 (6845866.000.000) 11/26 13:50:13 Image size of job updated: 900432
	879  -  MemoryUsage of job (MB)
	899932  -  ResidentSetSize of job (KB)
...
006 (6845866.000.000) 11/26 13:55:13 Image size of job updated: 900444
	879  -  MemoryUsage of job (MB)
	899944  -  ResidentSetSize of job (KB)
...
006 (6845866.000.000) 11/26 14:00:14 Image size of job updated: 900468
	879  -  MemoryUsage of job (MB)
	899968  -  ResidentSetSize of job (KB)
...
006 (6845866.000.000) 11/26 14:05:15 Image size of job updated: 900476
	879  -  MemoryUsage of job (MB)
	899976  -  ResidentSetSize of job (KB)
...
006 (6845866.000.000) 11/26 14:10:15 Image size of job updated: 900488
	879  -  MemoryUsage of job (MB)
	899988  -  ResidentSetSize of job (KB)
...
006 (6845866.000.000) 11/26 14:15:15 Image size of job updated: 900500
	879  -  MemoryUsage of job (MB)
	900004  -  ResidentSetSize of job (KB)
...
006 (6845866.000.000) 11/26 14:20:05 Image size of job updated: 944512
	879  -  MemoryUsage of job (MB)
	900004  -  ResidentSetSize of job (KB)
...
005 (6845866.000.000) 11/26 14:20:05 Job terminated.
	(1) Normal termination (return value 0)
		Usr 0 00:05:09, Sys 0 00:01:27  -  Run Remote Usage
		Usr 0 00:00:00, Sys 0 00:00:00  -  Run Local Usage
		Usr 0 00:05:09, Sys 0 00:01:27  -  Total Remote Usage
		Usr 0 00:00:00, Sys 0 00:00:00  -  Total Local Usage
	0  -  Run Bytes Sent By Job
	0  -  Run Bytes Received By Job
	0  -  Total Bytes Sent By Job
	0  -  Total Bytes Received By Job
	Partitionable Resources :    Usage  Request Allocated
	   Cpus                 :                 1         1
	   Disk (KB)            :       10       10  65563848
	   Memory (MB)          :      879        1      2297
...
