000 (6845883.000.000) 11/26 13:04:18 Job submitted from host: <130.199.153.67:9618?addrs=130.199.153.67-9618&noUDP&sock=7357_7f42_4>
...
001 (6845883.000.000) 11/26 13:05:02 Job executing on host: <130.199.202.92:9618?addrs=130.199.202.92-9618&noUDP&sock=86375_b253_3>
...
006 (6845883.000.000) 11/26 13:05:11 Image size of job updated: 823472
	804  -  MemoryUsage of job (MB)
	823296  -  ResidentSetSize of job (KB)
...
006 (6845883.000.000) 11/26 13:10:12 Image size of job updated: 920928
	899  -  MemoryUsage of job (MB)
	919932  -  ResidentSetSize of job (KB)
...
006 (6845883.000.000) 11/26 13:15:13 Image size of job updated: 924340
	901  -  MemoryUsage of job (MB)
	922600  -  ResidentSetSize of job (KB)
...
006 (6845883.000.000) 11/26 13:20:13 Image size of job updated: 924568
	902  -  MemoryUsage of job (MB)
	922828  -  ResidentSetSize of job (KB)
...
006 (6845883.000.000) 11/26 13:25:13 Image size of job updated: 924648
	902  -  MemoryUsage of job (MB)
	922908  -  ResidentSetSize of job (KB)
...
006 (6845883.000.000) 11/26 13:25:57 Image size of job updated: 972832
	902  -  MemoryUsage of job (MB)
	922908  -  ResidentSetSize of job (KB)
...
005 (6845883.000.000) 11/26 13:25:58 Job terminated.
	(1) Normal termination (return value 0)
		Usr 0 00:04:28, Sys 0 00:00:34  -  Run Remote Usage
		Usr 0 00:00:00, Sys 0 00:00:00  -  Run Local Usage
		Usr 0 00:04:28, Sys 0 00:00:34  -  Total Remote Usage
		Usr 0 00:00:00, Sys 0 00:00:00  -  Total Local Usage
	0  -  Run Bytes Sent By Job
	0  -  Run Bytes Received By Job
	0  -  Total Bytes Sent By Job
	0  -  Total Bytes Received By Job
	Partitionable Resources :    Usage  Request Allocated
	   Cpus                 :                 1         1
	   Disk (KB)            :       10       10  65563844
	   Memory (MB)          :      902        1      2297
...
