000 (6845915.000.000) 11/26 13:04:18 Job submitted from host: <130.199.153.67:9618?addrs=130.199.153.67-9618&noUDP&sock=7357_7f42_4>
...
001 (6845915.000.000) 11/26 13:05:09 Job executing on host: <130.199.202.54:9618?addrs=130.199.202.54-9618&noUDP&sock=13693_c2d9_3>
...
006 (6845915.000.000) 11/26 13:05:18 Image size of job updated: 26400
	17  -  MemoryUsage of job (MB)
	17076  -  ResidentSetSize of job (KB)
...
006 (6845915.000.000) 11/26 13:10:19 Image size of job updated: 920684
	889  -  MemoryUsage of job (MB)
	910128  -  ResidentSetSize of job (KB)
...
006 (6845915.000.000) 11/26 13:15:19 Image size of job updated: 922920
	891  -  MemoryUsage of job (MB)
	912336  -  ResidentSetSize of job (KB)
...
006 (6845915.000.000) 11/26 13:19:25 Image size of job updated: 1329972
	891  -  MemoryUsage of job (MB)
	912336  -  ResidentSetSize of job (KB)
...
005 (6845915.000.000) 11/26 13:19:25 Job terminated.
	(1) Normal termination (return value 0)
		Usr 0 00:03:12, Sys 0 00:00:20  -  Run Remote Usage
		Usr 0 00:00:00, Sys 0 00:00:00  -  Run Local Usage
		Usr 0 00:03:12, Sys 0 00:00:20  -  Total Remote Usage
		Usr 0 00:00:00, Sys 0 00:00:00  -  Total Local Usage
	0  -  Run Bytes Sent By Job
	0  -  Run Bytes Received By Job
	0  -  Total Bytes Sent By Job
	0  -  Total Bytes Received By Job
	Partitionable Resources :    Usage  Request Allocated
	   Cpus                 :                 1         1
	   Disk (KB)            :       10       10  65479260
	   Memory (MB)          :      891        1      2008
...
