000 (6845871.000.000) 11/26 13:04:18 Job submitted from host: <130.199.153.67:9618?addrs=130.199.153.67-9618&noUDP&sock=7357_7f42_4>
...
001 (6845871.000.000) 11/26 13:05:00 Job executing on host: <130.199.202.94:9618?addrs=130.199.202.94-9618&noUDP&sock=12202_e0e2_3>
...
006 (6845871.000.000) 11/26 13:05:09 Image size of job updated: 43848
	20  -  MemoryUsage of job (MB)
	20224  -  ResidentSetSize of job (KB)
...
006 (6845871.000.000) 11/26 13:10:10 Image size of job updated: 915564
	871  -  MemoryUsage of job (MB)
	891280  -  ResidentSetSize of job (KB)
...
006 (6845871.000.000) 11/26 13:15:11 Image size of job updated: 915920
	871  -  MemoryUsage of job (MB)
	891636  -  ResidentSetSize of job (KB)
...
006 (6845871.000.000) 11/26 13:20:11 Image size of job updated: 916724
	871  -  MemoryUsage of job (MB)
	891636  -  ResidentSetSize of job (KB)
...
006 (6845871.000.000) 11/26 13:25:11 Image size of job updated: 918964
	871  -  MemoryUsage of job (MB)
	891636  -  ResidentSetSize of job (KB)
...
006 (6845871.000.000) 11/26 13:30:12 Image size of job updated: 920524
	871  -  MemoryUsage of job (MB)
	891636  -  ResidentSetSize of job (KB)
...
006 (6845871.000.000) 11/26 13:35:13 Image size of job updated: 921700
	871  -  MemoryUsage of job (MB)
	891636  -  ResidentSetSize of job (KB)
...
006 (6845871.000.000) 11/26 13:40:16 Image size of job updated: 922780
	871  -  MemoryUsage of job (MB)
	891636  -  ResidentSetSize of job (KB)
...
006 (6845871.000.000) 11/26 13:45:17 Image size of job updated: 922788
	871  -  MemoryUsage of job (MB)
	891636  -  ResidentSetSize of job (KB)
...
006 (6845871.000.000) 11/26 13:50:15 Image size of job updated: 922800
	871  -  MemoryUsage of job (MB)
	891636  -  ResidentSetSize of job (KB)
...
006 (6845871.000.000) 11/26 13:55:15 Image size of job updated: 922808
	871  -  MemoryUsage of job (MB)
	891636  -  ResidentSetSize of job (KB)
...
006 (6845871.000.000) 11/26 14:00:16 Image size of job updated: 922816
	871  -  MemoryUsage of job (MB)
	891636  -  ResidentSetSize of job (KB)
...
006 (6845871.000.000) 11/26 14:05:18 Image size of job updated: 922824
	871  -  MemoryUsage of job (MB)
	891636  -  ResidentSetSize of job (KB)
...
006 (6845871.000.000) 11/26 14:10:17 Image size of job updated: 922868
	871  -  MemoryUsage of job (MB)
	891636  -  ResidentSetSize of job (KB)
...
005 (6845871.000.000) 11/26 14:16:02 Job terminated.
	(1) Normal termination (return value 0)
		Usr 0 00:04:54, Sys 0 00:01:29  -  Run Remote Usage
		Usr 0 00:00:00, Sys 0 00:00:00  -  Run Local Usage
		Usr 0 00:04:54, Sys 0 00:01:29  -  Total Remote Usage
		Usr 0 00:00:00, Sys 0 00:00:00  -  Total Local Usage
	0  -  Run Bytes Sent By Job
	0  -  Run Bytes Received By Job
	0  -  Total Bytes Sent By Job
	0  -  Total Bytes Received By Job
	Partitionable Resources :    Usage  Request Allocated
	   Cpus                 :                 1         1
	   Disk (KB)            :       10       10  65563834
	   Memory (MB)          :      871        1      2297
...
