000 (6845925.000.000) 11/26 13:04:18 Job submitted from host: <130.199.153.67:9618?addrs=130.199.153.67-9618&noUDP&sock=7357_7f42_4>
...
001 (6845925.000.000) 11/26 13:05:11 Job executing on host: <130.199.150.232:9618?addrs=130.199.150.232-9618&noUDP&sock=21960_298a_3>
...
006 (6845925.000.000) 11/26 13:05:19 Image size of job updated: 839188
	820  -  MemoryUsage of job (MB)
	839000  -  ResidentSetSize of job (KB)
...
006 (6845925.000.000) 11/26 13:10:19 Image size of job updated: 887796
	867  -  MemoryUsage of job (MB)
	887608  -  ResidentSetSize of job (KB)
...
006 (6845925.000.000) 11/26 13:15:20 Image size of job updated: 889780
	869  -  MemoryUsage of job (MB)
	889592  -  ResidentSetSize of job (KB)
...
006 (6845925.000.000) 11/26 13:20:21 Image size of job updated: 891484
	871  -  MemoryUsage of job (MB)
	891296  -  ResidentSetSize of job (KB)
...
006 (6845925.000.000) 11/26 13:20:54 Image size of job updated: 935352
	871  -  MemoryUsage of job (MB)
	891296  -  ResidentSetSize of job (KB)
...
005 (6845925.000.000) 11/26 13:20:55 Job terminated.
	(1) Normal termination (return value 0)
		Usr 0 00:03:18, Sys 0 00:00:24  -  Run Remote Usage
		Usr 0 00:00:00, Sys 0 00:00:00  -  Run Local Usage
		Usr 0 00:03:18, Sys 0 00:00:24  -  Total Remote Usage
		Usr 0 00:00:00, Sys 0 00:00:00  -  Total Local Usage
	0  -  Run Bytes Sent By Job
	0  -  Run Bytes Received By Job
	0  -  Total Bytes Sent By Job
	0  -  Total Bytes Received By Job
	Partitionable Resources :    Usage  Request Allocated
	   Cpus                 :                 1         1
	   Disk (KB)            :       10       10  59426056
	   Memory (MB)          :      871        1      2007
...
