000 (6845946.000.000) 11/26 13:04:22 Job submitted from host: <130.199.153.67:9618?addrs=130.199.153.67-9618&noUDP&sock=7357_7f42_4>
...
001 (6845946.000.000) 11/26 13:05:15 Job executing on host: <130.199.150.251:9618?addrs=130.199.150.251-9618&noUDP&sock=21611_b54a_3>
...
006 (6845946.000.000) 11/26 13:05:24 Image size of job updated: 823636
	805  -  MemoryUsage of job (MB)
	823460  -  ResidentSetSize of job (KB)
...
006 (6845946.000.000) 11/26 13:10:25 Image size of job updated: 886312
	866  -  MemoryUsage of job (MB)
	886124  -  ResidentSetSize of job (KB)
...
006 (6845946.000.000) 11/26 13:15:25 Image size of job updated: 887808
	867  -  MemoryUsage of job (MB)
	887620  -  ResidentSetSize of job (KB)
...
006 (6845946.000.000) 11/26 13:20:26 Image size of job updated: 890124
	870  -  MemoryUsage of job (MB)
	889936  -  ResidentSetSize of job (KB)
...
006 (6845946.000.000) 11/26 13:22:52 Image size of job updated: 943288
	870  -  MemoryUsage of job (MB)
	889936  -  ResidentSetSize of job (KB)
...
005 (6845946.000.000) 11/26 13:22:52 Job terminated.
	(1) Normal termination (return value 0)
		Usr 0 00:02:53, Sys 0 00:00:26  -  Run Remote Usage
		Usr 0 00:00:00, Sys 0 00:00:00  -  Run Local Usage
		Usr 0 00:02:53, Sys 0 00:00:26  -  Total Remote Usage
		Usr 0 00:00:00, Sys 0 00:00:00  -  Total Local Usage
	0  -  Run Bytes Sent By Job
	0  -  Run Bytes Received By Job
	0  -  Total Bytes Sent By Job
	0  -  Total Bytes Received By Job
	Partitionable Resources :    Usage  Request Allocated
	   Cpus                 :                 1         1
	   Disk (KB)            :       10       10  59426970
	   Memory (MB)          :      870        1      2007
...
