000 (6845975.000.000) 11/26 13:04:22 Job submitted from host: <130.199.153.67:9618?addrs=130.199.153.67-9618&noUDP&sock=7357_7f42_4>
...
001 (6845975.000.000) 11/26 13:05:22 Job executing on host: <130.199.202.96:9618?addrs=130.199.202.96-9618&noUDP&sock=8395_02d1_3>
...
006 (6845975.000.000) 11/26 13:05:30 Image size of job updated: 817272
	798  -  MemoryUsage of job (MB)
	817096  -  ResidentSetSize of job (KB)
...
006 (6845975.000.000) 11/26 13:10:32 Image size of job updated: 897220
	873  -  MemoryUsage of job (MB)
	893628  -  ResidentSetSize of job (KB)
...
006 (6845975.000.000) 11/26 13:15:31 Image size of job updated: 899156
	873  -  MemoryUsage of job (MB)
	893628  -  ResidentSetSize of job (KB)
...
006 (6845975.000.000) 11/26 13:15:46 Image size of job updated: 1327692
	873  -  MemoryUsage of job (MB)
	893628  -  ResidentSetSize of job (KB)
...
005 (6845975.000.000) 11/26 13:15:46 Job terminated.
	(1) Normal termination (return value 0)
		Usr 0 00:01:39, Sys 0 00:00:21  -  Run Remote Usage
		Usr 0 00:00:00, Sys 0 00:00:00  -  Run Local Usage
		Usr 0 00:01:39, Sys 0 00:00:21  -  Total Remote Usage
		Usr 0 00:00:00, Sys 0 00:00:00  -  Total Local Usage
	0  -  Run Bytes Sent By Job
	0  -  Run Bytes Received By Job
	0  -  Total Bytes Sent By Job
	0  -  Total Bytes Received By Job
	Partitionable Resources :    Usage  Request Allocated
	   Cpus                 :                 1         1
	   Disk (KB)            :       10       10  65563444
	   Memory (MB)          :      873        1      2297
...
