000 (6846054.000.000) 11/26 13:04:27 Job submitted from host: <130.199.153.67:9618?addrs=130.199.153.67-9618&noUDP&sock=7357_7f42_4>
...
001 (6846054.000.000) 11/26 13:05:36 Job executing on host: <130.199.150.218:9618?addrs=130.199.150.218-9618&noUDP&sock=22548_41c0_3>
...
006 (6846054.000.000) 11/26 13:05:44 Image size of job updated: 814196
	795  -  MemoryUsage of job (MB)
	814020  -  ResidentSetSize of job (KB)
...
005 (6846054.000.000) 11/26 13:08:42 Job terminated.
	(1) Normal termination (return value 0)
		Usr 0 00:00:14, Sys 0 00:00:06  -  Run Remote Usage
		Usr 0 00:00:00, Sys 0 00:00:00  -  Run Local Usage
		Usr 0 00:00:14, Sys 0 00:00:06  -  Total Remote Usage
		Usr 0 00:00:00, Sys 0 00:00:00  -  Total Local Usage
	0  -  Run Bytes Sent By Job
	0  -  Run Bytes Received By Job
	0  -  Total Bytes Sent By Job
	0  -  Total Bytes Received By Job
	Partitionable Resources :    Usage  Request Allocated
	   Cpus                 :                 1         1
	   Disk (KB)            :       10       10  59426040
	   Memory (MB)          :      795        1      2007
...
