000 (6845967.000.000) 11/26 13:04:22 Job submitted from host: <130.199.153.67:9618?addrs=130.199.153.67-9618&noUDP&sock=7357_7f42_4>
...
001 (6845967.000.000) 11/26 13:05:19 Job executing on host: <130.199.202.39:9618?addrs=130.199.202.39-9618&noUDP&sock=30214_72f5_3>
...
006 (6845967.000.000) 11/26 13:05:28 Image size of job updated: 24364
	15  -  MemoryUsage of job (MB)
	14952  -  ResidentSetSize of job (KB)
...
006 (6845967.000.000) 11/26 13:10:29 Image size of job updated: 911120
	877  -  MemoryUsage of job (MB)
	897944  -  ResidentSetSize of job (KB)
...
006 (6845967.000.000) 11/26 13:15:29 Image size of job updated: 913328
	880  -  MemoryUsage of job (MB)
	900152  -  ResidentSetSize of job (KB)
...
005 (6845967.000.000) 11/26 13:18:27 Job terminated.
	(1) Normal termination (return value 0)
		Usr 0 00:01:59, Sys 0 00:00:17  -  Run Remote Usage
		Usr 0 00:00:00, Sys 0 00:00:00  -  Run Local Usage
		Usr 0 00:01:59, Sys 0 00:00:17  -  Total Remote Usage
		Usr 0 00:00:00, Sys 0 00:00:00  -  Total Local Usage
	0  -  Run Bytes Sent By Job
	0  -  Run Bytes Received By Job
	0  -  Total Bytes Sent By Job
	0  -  Total Bytes Received By Job
	Partitionable Resources :    Usage  Request Allocated
	   Cpus                 :                 1         1
	   Disk (KB)            :       10       10  65479108
	   Memory (MB)          :      880        1      2008
...
