000 (6845850.000.000) 11/26 13:04:18 Job submitted from host: <130.199.153.67:9618?addrs=130.199.153.67-9618&noUDP&sock=7357_7f42_4>
...
001 (6845850.000.000) 11/26 13:04:57 Job executing on host: <130.199.202.110:9618?addrs=130.199.202.110-9618&noUDP&sock=285616_f534_3>
...
006 (6845850.000.000) 11/26 13:05:06 Image size of job updated: 851804
	832  -  MemoryUsage of job (MB)
	851528  -  ResidentSetSize of job (KB)
...
006 (6845850.000.000) 11/26 13:10:06 Image size of job updated: 924104
	903  -  MemoryUsage of job (MB)
	923828  -  ResidentSetSize of job (KB)
...
006 (6845850.000.000) 11/26 13:15:06 Image size of job updated: 926584
	905  -  MemoryUsage of job (MB)
	926308  -  ResidentSetSize of job (KB)
...
006 (6845850.000.000) 11/26 13:20:06 Image size of job updated: 926604
	905  -  MemoryUsage of job (MB)
	926328  -  ResidentSetSize of job (KB)
...
006 (6845850.000.000) 11/26 13:25:07 Image size of job updated: 926756
	905  -  MemoryUsage of job (MB)
	926480  -  ResidentSetSize of job (KB)
...
006 (6845850.000.000) 11/26 13:27:10 Image size of job updated: 926776
	905  -  MemoryUsage of job (MB)
	926480  -  ResidentSetSize of job (KB)
...
005 (6845850.000.000) 11/26 13:27:47 Job terminated.
	(1) Normal termination (return value 0)
		Usr 0 00:04:27, Sys 0 00:00:39  -  Run Remote Usage
		Usr 0 00:00:00, Sys 0 00:00:00  -  Run Local Usage
		Usr 0 00:04:27, Sys 0 00:00:39  -  Total Remote Usage
		Usr 0 00:00:00, Sys 0 00:00:00  -  Total Local Usage
	0  -  Run Bytes Sent By Job
	0  -  Run Bytes Received By Job
	0  -  Total Bytes Sent By Job
	0  -  Total Bytes Received By Job
	Partitionable Resources :    Usage  Request Allocated
	   Cpus                 :                 1         1
	   Disk (KB)            :       10       10  66832012
	   Memory (MB)          :      905        1      2665
...
