000 (6845902.000.000) 11/26 13:04:18 Job submitted from host: <130.199.153.67:9618?addrs=130.199.153.67-9618&noUDP&sock=7357_7f42_4>
...
001 (6845902.000.000) 11/26 13:05:06 Job executing on host: <130.199.202.46:9618?addrs=130.199.202.46-9618&noUDP&sock=17516_b13e_3>
...
006 (6845902.000.000) 11/26 13:05:15 Image size of job updated: 834772
	801  -  MemoryUsage of job (MB)
	819928  -  ResidentSetSize of job (KB)
...
006 (6845902.000.000) 11/26 13:10:16 Image size of job updated: 920464
	885  -  MemoryUsage of job (MB)
	905592  -  ResidentSetSize of job (KB)
...
006 (6845902.000.000) 11/26 13:15:17 Image size of job updated: 923188
	888  -  MemoryUsage of job (MB)
	908316  -  ResidentSetSize of job (KB)
...
006 (6845902.000.000) 11/26 13:20:17 Image size of job updated: 923224
	888  -  MemoryUsage of job (MB)
	908352  -  ResidentSetSize of job (KB)
...
006 (6845902.000.000) 11/26 13:24:18 Image size of job updated: 966848
	888  -  MemoryUsage of job (MB)
	908352  -  ResidentSetSize of job (KB)
...
005 (6845902.000.000) 11/26 13:24:18 Job terminated.
	(1) Normal termination (return value 0)
		Usr 0 00:04:40, Sys 0 00:00:26  -  Run Remote Usage
		Usr 0 00:00:00, Sys 0 00:00:00  -  Run Local Usage
		Usr 0 00:04:40, Sys 0 00:00:26  -  Total Remote Usage
		Usr 0 00:00:00, Sys 0 00:00:00  -  Total Local Usage
	0  -  Run Bytes Sent By Job
	0  -  Run Bytes Received By Job
	0  -  Total Bytes Sent By Job
	0  -  Total Bytes Received By Job
	Partitionable Resources :    Usage  Request Allocated
	   Cpus                 :                 1         1
	   Disk (KB)            :       10       10  65479346
	   Memory (MB)          :      888        1      2008
...
