000 (6846034.000.000) 11/26 13:04:27 Job submitted from host: <130.199.153.67:9618?addrs=130.199.153.67-9618&noUDP&sock=7357_7f42_4>
...
001 (6846034.000.000) 11/26 13:05:32 Job executing on host: <130.199.150.239:9618?addrs=130.199.150.239-9618&noUDP&sock=21958_877f_3>
...
006 (6846034.000.000) 11/26 13:05:41 Image size of job updated: 813432
	795  -  MemoryUsage of job (MB)
	813256  -  ResidentSetSize of job (KB)
...
006 (6846034.000.000) 11/26 13:10:13 Image size of job updated: 884612
	795  -  MemoryUsage of job (MB)
	813256  -  ResidentSetSize of job (KB)
...
005 (6846034.000.000) 11/26 13:10:14 Job terminated.
	(1) Normal termination (return value 0)
		Usr 0 00:00:24, Sys 0 00:00:08  -  Run Remote Usage
		Usr 0 00:00:00, Sys 0 00:00:00  -  Run Local Usage
		Usr 0 00:00:24, Sys 0 00:00:08  -  Total Remote Usage
		Usr 0 00:00:00, Sys 0 00:00:00  -  Total Local Usage
	0  -  Run Bytes Sent By Job
	0  -  Run Bytes Received By Job
	0  -  Total Bytes Sent By Job
	0  -  Total Bytes Received By Job
	Partitionable Resources :    Usage  Request Allocated
	   Cpus                 :                 1         1
	   Disk (KB)            :       10       10  59425971
	   Memory (MB)          :      795        1      2007
...
