000 (6845987.000.000) 11/26 13:04:22 Job submitted from host: <130.199.153.67:9618?addrs=130.199.153.67-9618&noUDP&sock=7357_7f42_4>
...
001 (6845987.000.000) 11/26 13:05:24 Job executing on host: <130.199.202.39:9618?addrs=130.199.202.39-9618&noUDP&sock=30214_72f5_3>
...
006 (6845987.000.000) 11/26 13:05:32 Image size of job updated: 27824
	16  -  MemoryUsage of job (MB)
	16140  -  ResidentSetSize of job (KB)
...
005 (6845987.000.000) 11/26 13:08:45 Job terminated.
	(1) Normal termination (return value 0)
		Usr 0 00:01:14, Sys 0 00:00:10  -  Run Remote Usage
		Usr 0 00:00:00, Sys 0 00:00:00  -  Run Local Usage
		Usr 0 00:01:14, Sys 0 00:00:10  -  Total Remote Usage
		Usr 0 00:00:00, Sys 0 00:00:00  -  Total Local Usage
	0  -  Run Bytes Sent By Job
	0  -  Run Bytes Received By Job
	0  -  Total Bytes Sent By Job
	0  -  Total Bytes Received By Job
	Partitionable Resources :    Usage  Request Allocated
	   Cpus                 :                 1         1
	   Disk (KB)            :       10       10  65479108
	   Memory (MB)          :       16        1      2008
...
