000 (6845844.000.000) 11/26 13:04:18 Job submitted from host: <130.199.153.67:9618?addrs=130.199.153.67-9618&noUDP&sock=7357_7f42_4>
...
001 (6845844.000.000) 11/26 13:04:56 Job executing on host: <130.199.202.95:9618?addrs=130.199.202.95-9618&noUDP&sock=44453_e9ad_3>
...
006 (6845844.000.000) 11/26 13:05:05 Image size of job updated: 819236
	800  -  MemoryUsage of job (MB)
	819060  -  ResidentSetSize of job (KB)
...
006 (6845844.000.000) 11/26 13:10:06 Image size of job updated: 895648
	875  -  MemoryUsage of job (MB)
	895460  -  ResidentSetSize of job (KB)
...
006 (6845844.000.000) 11/26 13:15:08 Image size of job updated: 896068
	875  -  MemoryUsage of job (MB)
	895880  -  ResidentSetSize of job (KB)
...
006 (6845844.000.000) 11/26 13:20:07 Image size of job updated: 896840
	876  -  MemoryUsage of job (MB)
	896652  -  ResidentSetSize of job (KB)
...
006 (6845844.000.000) 11/26 13:25:08 Image size of job updated: 897536
	877  -  MemoryUsage of job (MB)
	897348  -  ResidentSetSize of job (KB)
...
006 (6845844.000.000) 11/26 13:30:08 Image size of job updated: 898196
	877  -  MemoryUsage of job (MB)
	898008  -  ResidentSetSize of job (KB)
...
006 (6845844.000.000) 11/26 13:35:08 Image size of job updated: 898544
	878  -  MemoryUsage of job (MB)
	898356  -  ResidentSetSize of job (KB)
...
006 (6845844.000.000) 11/26 13:40:16 Image size of job updated: 899756
	879  -  MemoryUsage of job (MB)
	899568  -  ResidentSetSize of job (KB)
...
006 (6845844.000.000) 11/26 13:45:10 Image size of job updated: 899776
	879  -  MemoryUsage of job (MB)
	899588  -  ResidentSetSize of job (KB)
...
006 (6845844.000.000) 11/26 13:50:11 Image size of job updated: 899820
	879  -  MemoryUsage of job (MB)
	899632  -  ResidentSetSize of job (KB)
...
006 (6845844.000.000) 11/26 13:55:11 Image size of job updated: 899844
	879  -  MemoryUsage of job (MB)
	899656  -  ResidentSetSize of job (KB)
...
006 (6845844.000.000) 11/26 14:00:11 Image size of job updated: 899856
	879  -  MemoryUsage of job (MB)
	899668  -  ResidentSetSize of job (KB)
...
006 (6845844.000.000) 11/26 14:05:12 Image size of job updated: 899884
	879  -  MemoryUsage of job (MB)
	899696  -  ResidentSetSize of job (KB)
...
006 (6845844.000.000) 11/26 14:10:12 Image size of job updated: 899892
	879  -  MemoryUsage of job (MB)
	899704  -  ResidentSetSize of job (KB)
...
006 (6845844.000.000) 11/26 14:15:12 Image size of job updated: 899908
	879  -  MemoryUsage of job (MB)
	899720  -  ResidentSetSize of job (KB)
...
006 (6845844.000.000) 11/26 14:20:13 Image size of job updated: 899928
	879  -  MemoryUsage of job (MB)
	899740  -  ResidentSetSize of job (KB)
...
006 (6845844.000.000) 11/26 14:25:14 Image size of job updated: 899956
	879  -  MemoryUsage of job (MB)
	899768  -  ResidentSetSize of job (KB)
...
005 (6845844.000.000) 11/26 14:28:00 Job terminated.
	(1) Normal termination (return value 0)
		Usr 0 00:05:35, Sys 0 00:01:42  -  Run Remote Usage
		Usr 0 00:00:00, Sys 0 00:00:00  -  Run Local Usage
		Usr 0 00:05:35, Sys 0 00:01:42  -  Total Remote Usage
		Usr 0 00:00:00, Sys 0 00:00:00  -  Total Local Usage
	0  -  Run Bytes Sent By Job
	0  -  Run Bytes Received By Job
	0  -  Total Bytes Sent By Job
	0  -  Total Bytes Received By Job
	Partitionable Resources :    Usage  Request Allocated
	   Cpus                 :                 1         1
	   Disk (KB)            :       10       10  65563792
	   Memory (MB)          :      879        1      2297
...
