000 (6845837.000.000) 11/26 13:04:18 Job submitted from host: <130.199.153.67:9618?addrs=130.199.153.67-9618&noUDP&sock=7357_7f42_4>
...
001 (6845837.000.000) 11/26 13:06:18 Job executing on host: <130.199.202.109:9618?addrs=130.199.202.109-9618&noUDP&sock=7765_9fbc_3>
...
006 (6845837.000.000) 11/26 13:06:27 Image size of job updated: 829200
	797  -  MemoryUsage of job (MB)
	815200  -  ResidentSetSize of job (KB)
...
006 (6845837.000.000) 11/26 13:11:44 Image size of job updated: 908900
	874  -  MemoryUsage of job (MB)
	894880  -  ResidentSetSize of job (KB)
...
006 (6845837.000.000) 11/26 13:16:28 Image size of job updated: 913188
	879  -  MemoryUsage of job (MB)
	899168  -  ResidentSetSize of job (KB)
...
006 (6845837.000.000) 11/26 13:21:28 Image size of job updated: 913492
	879  -  MemoryUsage of job (MB)
	899472  -  ResidentSetSize of job (KB)
...
006 (6845837.000.000) 11/26 13:26:29 Image size of job updated: 914120
	880  -  MemoryUsage of job (MB)
	900100  -  ResidentSetSize of job (KB)
...
006 (6845837.000.000) 11/26 13:31:30 Image size of job updated: 914416
	880  -  MemoryUsage of job (MB)
	900396  -  ResidentSetSize of job (KB)
...
006 (6845837.000.000) 11/26 13:36:30 Image size of job updated: 915536
	881  -  MemoryUsage of job (MB)
	901516  -  ResidentSetSize of job (KB)
...
006 (6845837.000.000) 11/26 13:41:30 Image size of job updated: 916248
	882  -  MemoryUsage of job (MB)
	902228  -  ResidentSetSize of job (KB)
...
006 (6845837.000.000) 11/26 13:46:31 Image size of job updated: 916644
	882  -  MemoryUsage of job (MB)
	902624  -  ResidentSetSize of job (KB)
...
006 (6845837.000.000) 11/26 13:51:32 Image size of job updated: 917492
	883  -  MemoryUsage of job (MB)
	903472  -  ResidentSetSize of job (KB)
...
006 (6845837.000.000) 11/26 13:56:32 Image size of job updated: 917500
	883  -  MemoryUsage of job (MB)
	903480  -  ResidentSetSize of job (KB)
...
006 (6845837.000.000) 11/26 14:01:33 Image size of job updated: 917508
	883  -  MemoryUsage of job (MB)
	903488  -  ResidentSetSize of job (KB)
...
006 (6845837.000.000) 11/26 14:06:34 Image size of job updated: 917520
	883  -  MemoryUsage of job (MB)
	903500  -  ResidentSetSize of job (KB)
...
006 (6845837.000.000) 11/26 14:11:34 Image size of job updated: 917528
	883  -  MemoryUsage of job (MB)
	903508  -  ResidentSetSize of job (KB)
...
006 (6845837.000.000) 11/26 14:16:34 Image size of job updated: 917568
	883  -  MemoryUsage of job (MB)
	903548  -  ResidentSetSize of job (KB)
...
006 (6845837.000.000) 11/26 14:21:35 Image size of job updated: 917576
	883  -  MemoryUsage of job (MB)
	903556  -  ResidentSetSize of job (KB)
...
006 (6845837.000.000) 11/26 14:26:36 Image size of job updated: 917592
	883  -  MemoryUsage of job (MB)
	903572  -  ResidentSetSize of job (KB)
...
005 (6845837.000.000) 11/26 14:29:35 Job terminated.
	(1) Normal termination (return value 0)
		Usr 0 00:04:17, Sys 0 00:02:09  -  Run Remote Usage
		Usr 0 00:00:00, Sys 0 00:00:00  -  Run Local Usage
		Usr 0 00:04:17, Sys 0 00:02:09  -  Total Remote Usage
		Usr 0 00:00:00, Sys 0 00:00:00  -  Total Local Usage
	0  -  Run Bytes Sent By Job
	0  -  Run Bytes Received By Job
	0  -  Total Bytes Sent By Job
	0  -  Total Bytes Received By Job
	Partitionable Resources :    Usage  Request Allocated
	   Cpus                 :                 1         1
	   Disk (KB)            :       10       10  66831893
	   Memory (MB)          :      883        1      2665
...
