000 (6845949.000.000) 11/26 13:04:22 Job submitted from host: <130.199.153.67:9618?addrs=130.199.153.67-9618&noUDP&sock=7357_7f42_4>
...
001 (6845949.000.000) 11/26 13:05:16 Job executing on host: <130.199.150.220:9618?addrs=130.199.150.220-9618&noUDP&sock=22266_01e4_3>
...
006 (6845949.000.000) 11/26 13:05:24 Image size of job updated: 844468
	825  -  MemoryUsage of job (MB)
	844280  -  ResidentSetSize of job (KB)
...
006 (6845949.000.000) 11/26 13:09:36 Image size of job updated: 925672
	825  -  MemoryUsage of job (MB)
	844280  -  ResidentSetSize of job (KB)
...
005 (6845949.000.000) 11/26 13:09:37 Job terminated.
	(1) Normal termination (return value 0)
		Usr 0 00:02:18, Sys 0 00:00:13  -  Run Remote Usage
		Usr 0 00:00:00, Sys 0 00:00:00  -  Run Local Usage
		Usr 0 00:02:18, Sys 0 00:00:13  -  Total Remote Usage
		Usr 0 00:00:00, Sys 0 00:00:00  -  Total Local Usage
	0  -  Run Bytes Sent By Job
	0  -  Run Bytes Received By Job
	0  -  Total Bytes Sent By Job
	0  -  Total Bytes Received By Job
	Partitionable Resources :    Usage  Request Allocated
	   Cpus                 :                 1         1
	   Disk (KB)            :       10       10  59427093
	   Memory (MB)          :      825        1      2007
...
