000 (6845880.000.000) 11/26 13:04:18 Job submitted from host: <130.199.153.67:9618?addrs=130.199.153.67-9618&noUDP&sock=7357_7f42_4>
...
001 (6845880.000.000) 11/26 13:05:02 Job executing on host: <130.199.202.85:9618?addrs=130.199.202.85-9618&noUDP&sock=154183_1293_3>
...
006 (6845880.000.000) 11/26 13:05:10 Image size of job updated: 38244
	36  -  MemoryUsage of job (MB)
	36352  -  ResidentSetSize of job (KB)
...
006 (6845880.000.000) 11/26 13:10:10 Image size of job updated: 895276
	872  -  MemoryUsage of job (MB)
	892604  -  ResidentSetSize of job (KB)
...
006 (6845880.000.000) 11/26 13:15:11 Image size of job updated: 895756
	872  -  MemoryUsage of job (MB)
	892604  -  ResidentSetSize of job (KB)
...
006 (6845880.000.000) 11/26 13:20:11 Image size of job updated: 896156
	872  -  MemoryUsage of job (MB)
	892604  -  ResidentSetSize of job (KB)
...
006 (6845880.000.000) 11/26 13:25:11 Image size of job updated: 896472
	872  -  MemoryUsage of job (MB)
	892604  -  ResidentSetSize of job (KB)
...
006 (6845880.000.000) 11/26 13:30:12 Image size of job updated: 898088
	872  -  MemoryUsage of job (MB)
	892604  -  ResidentSetSize of job (KB)
...
006 (6845880.000.000) 11/26 13:35:13 Image size of job updated: 898416
	872  -  MemoryUsage of job (MB)
	892604  -  ResidentSetSize of job (KB)
...
006 (6845880.000.000) 11/26 13:40:13 Image size of job updated: 898764
	872  -  MemoryUsage of job (MB)
	892604  -  ResidentSetSize of job (KB)
...
006 (6845880.000.000) 11/26 13:45:13 Image size of job updated: 899736
	872  -  MemoryUsage of job (MB)
	892604  -  ResidentSetSize of job (KB)
...
006 (6845880.000.000) 11/26 13:50:14 Image size of job updated: 899740
	872  -  MemoryUsage of job (MB)
	892604  -  ResidentSetSize of job (KB)
...
006 (6845880.000.000) 11/26 13:55:14 Image size of job updated: 899748
	872  -  MemoryUsage of job (MB)
	892604  -  ResidentSetSize of job (KB)
...
006 (6845880.000.000) 11/26 14:05:15 Image size of job updated: 899776
	872  -  MemoryUsage of job (MB)
	892604  -  ResidentSetSize of job (KB)
...
006 (6845880.000.000) 11/26 14:15:16 Image size of job updated: 899788
	872  -  MemoryUsage of job (MB)
	892604  -  ResidentSetSize of job (KB)
...
006 (6845880.000.000) 11/26 14:20:17 Image size of job updated: 899796
	872  -  MemoryUsage of job (MB)
	892604  -  ResidentSetSize of job (KB)
...
006 (6845880.000.000) 11/26 14:25:18 Image size of job updated: 899808
	872  -  MemoryUsage of job (MB)
	892604  -  ResidentSetSize of job (KB)
...
006 (6845880.000.000) 11/26 14:30:18 Image size of job updated: 904904
	872  -  MemoryUsage of job (MB)
	892604  -  ResidentSetSize of job (KB)
...
005 (6845880.000.000) 11/26 14:31:58 Job terminated.
	(1) Normal termination (return value 0)
		Usr 0 00:05:23, Sys 0 00:01:42  -  Run Remote Usage
		Usr 0 00:00:00, Sys 0 00:00:00  -  Run Local Usage
		Usr 0 00:05:23, Sys 0 00:01:42  -  Total Remote Usage
		Usr 0 00:00:00, Sys 0 00:00:00  -  Total Local Usage
	0  -  Run Bytes Sent By Job
	0  -  Run Bytes Received By Job
	0  -  Total Bytes Sent By Job
	0  -  Total Bytes Received By Job
	Partitionable Resources :    Usage  Request Allocated
	   Cpus                 :                 1         1
	   Disk (KB)            :       10       10  65563889
	   Memory (MB)          :      872        1      2297
...
