000 (6846006.000.000) 11/26 13:04:22 Job submitted from host: <130.199.153.67:9618?addrs=130.199.153.67-9618&noUDP&sock=7357_7f42_4>
...
001 (6846006.000.000) 11/26 13:05:27 Job executing on host: <130.199.150.226:9618?addrs=130.199.150.226-9618&noUDP&sock=22075_8eed_3>
...
006 (6846006.000.000) 11/26 13:05:36 Image size of job updated: 647048
	632  -  MemoryUsage of job (MB)
	646872  -  ResidentSetSize of job (KB)
...
006 (6846006.000.000) 11/26 13:10:37 Image size of job updated: 887476
	867  -  MemoryUsage of job (MB)
	887288  -  ResidentSetSize of job (KB)
...
006 (6846006.000.000) 11/26 13:15:38 Image size of job updated: 888100
	868  -  MemoryUsage of job (MB)
	887912  -  ResidentSetSize of job (KB)
...
006 (6846006.000.000) 11/26 13:20:17 Image size of job updated: 888100
	868  -  MemoryUsage of job (MB)
	887916  -  ResidentSetSize of job (KB)
...
005 (6846006.000.000) 11/26 13:20:23 Job terminated.
	(1) Normal termination (return value 0)
		Usr 0 00:01:09, Sys 0 00:00:20  -  Run Remote Usage
		Usr 0 00:00:00, Sys 0 00:00:00  -  Run Local Usage
		Usr 0 00:01:09, Sys 0 00:00:20  -  Total Remote Usage
		Usr 0 00:00:00, Sys 0 00:00:00  -  Total Local Usage
	0  -  Run Bytes Sent By Job
	0  -  Run Bytes Received By Job
	0  -  Total Bytes Sent By Job
	0  -  Total Bytes Received By Job
	Partitionable Resources :    Usage  Request Allocated
	   Cpus                 :                 1         1
	   Disk (KB)            :       10       10  59425947
	   Memory (MB)          :      868        1      2007
...
