000 (6845845.000.000) 11/26 13:04:18 Job submitted from host: <130.199.153.67:9618?addrs=130.199.153.67-9618&noUDP&sock=7357_7f42_4>
...
001 (6845845.000.000) 11/26 13:04:56 Job executing on host: <130.199.202.115:9618?addrs=130.199.202.115-9618&noUDP&sock=81620_cc92_3>
...
006 (6845845.000.000) 11/26 13:05:05 Image size of job updated: 821952
	803  -  MemoryUsage of job (MB)
	821776  -  ResidentSetSize of job (KB)
...
006 (6845845.000.000) 11/26 13:10:06 Image size of job updated: 893460
	873  -  MemoryUsage of job (MB)
	893272  -  ResidentSetSize of job (KB)
...
006 (6845845.000.000) 11/26 13:15:07 Image size of job updated: 894312
	874  -  MemoryUsage of job (MB)
	894124  -  ResidentSetSize of job (KB)
...
006 (6845845.000.000) 11/26 13:20:07 Image size of job updated: 894664
	874  -  MemoryUsage of job (MB)
	894476  -  ResidentSetSize of job (KB)
...
006 (6845845.000.000) 11/26 13:25:07 Image size of job updated: 895388
	875  -  MemoryUsage of job (MB)
	895200  -  ResidentSetSize of job (KB)
...
006 (6845845.000.000) 11/26 13:30:08 Image size of job updated: 896544
	876  -  MemoryUsage of job (MB)
	896356  -  ResidentSetSize of job (KB)
...
006 (6845845.000.000) 11/26 13:35:09 Image size of job updated: 896908
	876  -  MemoryUsage of job (MB)
	896720  -  ResidentSetSize of job (KB)
...
006 (6845845.000.000) 11/26 13:40:11 Image size of job updated: 897152
	876  -  MemoryUsage of job (MB)
	896964  -  ResidentSetSize of job (KB)
...
006 (6845845.000.000) 11/26 13:45:10 Image size of job updated: 898096
	877  -  MemoryUsage of job (MB)
	897908  -  ResidentSetSize of job (KB)
...
006 (6845845.000.000) 11/26 13:50:10 Image size of job updated: 898120
	877  -  MemoryUsage of job (MB)
	897932  -  ResidentSetSize of job (KB)
...
006 (6845845.000.000) 11/26 14:00:12 Image size of job updated: 898128
	877  -  MemoryUsage of job (MB)
	897940  -  ResidentSetSize of job (KB)
...
006 (6845845.000.000) 11/26 14:05:12 Image size of job updated: 898144
	877  -  MemoryUsage of job (MB)
	897956  -  ResidentSetSize of job (KB)
...
006 (6845845.000.000) 11/26 14:10:12 Image size of job updated: 898432
	878  -  MemoryUsage of job (MB)
	898244  -  ResidentSetSize of job (KB)
...
006 (6845845.000.000) 11/26 14:40:15 Image size of job updated: 898508
	878  -  MemoryUsage of job (MB)
	898320  -  ResidentSetSize of job (KB)
...
005 (6845845.000.000) 11/26 14:42:38 Job terminated.
	(1) Normal termination (return value 0)
		Usr 0 00:04:48, Sys 0 00:02:34  -  Run Remote Usage
		Usr 0 00:00:00, Sys 0 00:00:00  -  Run Local Usage
		Usr 0 00:04:48, Sys 0 00:02:34  -  Total Remote Usage
		Usr 0 00:00:00, Sys 0 00:00:00  -  Total Local Usage
	0  -  Run Bytes Sent By Job
	0  -  Run Bytes Received By Job
	0  -  Total Bytes Sent By Job
	0  -  Total Bytes Received By Job
	Partitionable Resources :    Usage  Request Allocated
	   Cpus                 :                 1         1
	   Disk (KB)            :       10       10  66832012
	   Memory (MB)          :      878        1      2665
...
