000 (6845964.000.000) 11/26 13:04:22 Job submitted from host: <130.199.153.67:9618?addrs=130.199.153.67-9618&noUDP&sock=7357_7f42_4>
...
001 (6845964.000.000) 11/26 13:05:19 Job executing on host: <130.199.150.239:9618?addrs=130.199.150.239-9618&noUDP&sock=21958_877f_3>
...
006 (6845964.000.000) 11/26 13:05:28 Image size of job updated: 852220
	833  -  MemoryUsage of job (MB)
	852004  -  ResidentSetSize of job (KB)
...
005 (6845964.000.000) 11/26 13:08:50 Job terminated.
	(1) Normal termination (return value 0)
		Usr 0 00:02:56, Sys 0 00:00:12  -  Run Remote Usage
		Usr 0 00:00:00, Sys 0 00:00:00  -  Run Local Usage
		Usr 0 00:02:56, Sys 0 00:00:12  -  Total Remote Usage
		Usr 0 00:00:00, Sys 0 00:00:00  -  Total Local Usage
	0  -  Run Bytes Sent By Job
	0  -  Run Bytes Received By Job
	0  -  Total Bytes Sent By Job
	0  -  Total Bytes Received By Job
	Partitionable Resources :    Usage  Request Allocated
	   Cpus                 :                 1         1
	   Disk (KB)            :       10       10  59425971
	   Memory (MB)          :      833        1      2007
...
