000 (6845965.000.000) 11/26 13:04:22 Job submitted from host: <130.199.153.67:9618?addrs=130.199.153.67-9618&noUDP&sock=7357_7f42_4>
...
001 (6845965.000.000) 11/26 13:05:19 Job executing on host: <130.199.150.249:9618?addrs=130.199.150.249-9618&noUDP&sock=21930_aaea_3>
...
006 (6845965.000.000) 11/26 13:05:28 Image size of job updated: 872380
	834  -  MemoryUsage of job (MB)
	853780  -  ResidentSetSize of job (KB)
...
006 (6845965.000.000) 11/26 13:08:29 Image size of job updated: 963388
	834  -  MemoryUsage of job (MB)
	853780  -  ResidentSetSize of job (KB)
...
005 (6845965.000.000) 11/26 13:08:30 Job terminated.
	(1) Normal termination (return value 0)
		Usr 0 00:02:35, Sys 0 00:00:12  -  Run Remote Usage
		Usr 0 00:00:00, Sys 0 00:00:00  -  Run Local Usage
		Usr 0 00:02:35, Sys 0 00:00:12  -  Total Remote Usage
		Usr 0 00:00:00, Sys 0 00:00:00  -  Total Local Usage
	0  -  Run Bytes Sent By Job
	0  -  Run Bytes Received By Job
	0  -  Total Bytes Sent By Job
	0  -  Total Bytes Received By Job
	Partitionable Resources :    Usage  Request Allocated
	   Cpus                 :                 1         1
	   Disk (KB)            :       10       10  59426060
	   Memory (MB)          :      834        1      2007
...
