000 (6845984.000.000) 11/26 13:04:22 Job submitted from host: <130.199.153.67:9618?addrs=130.199.153.67-9618&noUDP&sock=7357_7f42_4>
...
001 (6845984.000.000) 11/26 13:05:23 Job executing on host: <130.199.150.218:9618?addrs=130.199.150.218-9618&noUDP&sock=22548_41c0_3>
...
006 (6845984.000.000) 11/26 13:05:32 Image size of job updated: 833936
	815  -  MemoryUsage of job (MB)
	833760  -  ResidentSetSize of job (KB)
...
006 (6845984.000.000) 11/26 13:10:33 Image size of job updated: 887188
	867  -  MemoryUsage of job (MB)
	887000  -  ResidentSetSize of job (KB)
...
005 (6845984.000.000) 11/26 13:16:34 Job terminated.
	(1) Normal termination (return value 0)
		Usr 0 00:01:27, Sys 0 00:00:15  -  Run Remote Usage
		Usr 0 00:00:00, Sys 0 00:00:00  -  Run Local Usage
		Usr 0 00:01:27, Sys 0 00:00:15  -  Total Remote Usage
		Usr 0 00:00:00, Sys 0 00:00:00  -  Total Local Usage
	0  -  Run Bytes Sent By Job
	0  -  Run Bytes Received By Job
	0  -  Total Bytes Sent By Job
	0  -  Total Bytes Received By Job
	Partitionable Resources :    Usage  Request Allocated
	   Cpus                 :                 1         1
	   Disk (KB)            :       10       10  59426040
	   Memory (MB)          :      867        1      2007
...
