000 (6845834.000.000) 11/26 13:04:18 Job submitted from host: <130.199.153.67:9618?addrs=130.199.153.67-9618&noUDP&sock=7357_7f42_4>
...
001 (6845834.000.000) 11/26 13:04:53 Job executing on host: <130.199.202.102:9618?addrs=130.199.202.102-9618&noUDP&sock=240561_9e7e_3>
...
006 (6845834.000.000) 11/26 13:05:02 Image size of job updated: 844848
	800  -  MemoryUsage of job (MB)
	818332  -  ResidentSetSize of job (KB)
...
006 (6845834.000.000) 11/26 13:10:03 Image size of job updated: 925912
	879  -  MemoryUsage of job (MB)
	899352  -  ResidentSetSize of job (KB)
...
006 (6845834.000.000) 11/26 13:15:04 Image size of job updated: 926888
	880  -  MemoryUsage of job (MB)
	900328  -  ResidentSetSize of job (KB)
...
006 (6845834.000.000) 11/26 13:20:05 Image size of job updated: 927204
	880  -  MemoryUsage of job (MB)
	900644  -  ResidentSetSize of job (KB)
...
006 (6845834.000.000) 11/26 13:25:05 Image size of job updated: 927560
	880  -  MemoryUsage of job (MB)
	901000  -  ResidentSetSize of job (KB)
...
006 (6845834.000.000) 11/26 13:30:05 Image size of job updated: 928588
	881  -  MemoryUsage of job (MB)
	902028  -  ResidentSetSize of job (KB)
...
006 (6845834.000.000) 11/26 13:35:06 Image size of job updated: 928848
	882  -  MemoryUsage of job (MB)
	902288  -  ResidentSetSize of job (KB)
...
006 (6845834.000.000) 11/26 13:40:07 Image size of job updated: 929064
	882  -  MemoryUsage of job (MB)
	902504  -  ResidentSetSize of job (KB)
...
006 (6845834.000.000) 11/26 13:45:07 Image size of job updated: 929348
	882  -  MemoryUsage of job (MB)
	902788  -  ResidentSetSize of job (KB)
...
006 (6845834.000.000) 11/26 13:50:07 Image size of job updated: 930272
	883  -  MemoryUsage of job (MB)
	903712  -  ResidentSetSize of job (KB)
...
006 (6845834.000.000) 11/26 13:55:08 Image size of job updated: 930276
	883  -  MemoryUsage of job (MB)
	903716  -  ResidentSetSize of job (KB)
...
006 (6845834.000.000) 11/26 14:00:09 Image size of job updated: 930284
	883  -  MemoryUsage of job (MB)
	903724  -  ResidentSetSize of job (KB)
...
006 (6845834.000.000) 11/26 14:05:09 Image size of job updated: 930296
	883  -  MemoryUsage of job (MB)
	903736  -  ResidentSetSize of job (KB)
...
006 (6845834.000.000) 11/26 14:10:09 Image size of job updated: 931788
	885  -  MemoryUsage of job (MB)
	905228  -  ResidentSetSize of job (KB)
...
005 (6845834.000.000) 11/26 14:40:57 Job terminated.
	(1) Normal termination (return value 0)
		Usr 0 00:04:45, Sys 0 00:02:34  -  Run Remote Usage
		Usr 0 00:00:00, Sys 0 00:00:00  -  Run Local Usage
		Usr 0 00:04:45, Sys 0 00:02:34  -  Total Remote Usage
		Usr 0 00:00:00, Sys 0 00:00:00  -  Total Local Usage
	0  -  Run Bytes Sent By Job
	0  -  Run Bytes Received By Job
	0  -  Total Bytes Sent By Job
	0  -  Total Bytes Received By Job
	Partitionable Resources :    Usage  Request Allocated
	   Cpus                 :                 1         1
	   Disk (KB)            :       10       10  66831982
	   Memory (MB)          :      885        1      2665
...
