000 (6845836.000.000) 11/26 13:04:18 Job submitted from host: <130.199.153.67:9618?addrs=130.199.153.67-9618&noUDP&sock=7357_7f42_4>
...
001 (6845836.000.000) 11/26 13:04:54 Job executing on host: <130.199.202.86:9618?addrs=130.199.202.86-9618&noUDP&sock=14880_6e80_3>
...
006 (6845836.000.000) 11/26 13:05:03 Image size of job updated: 24432
	13  -  MemoryUsage of job (MB)
	12748  -  ResidentSetSize of job (KB)
...
006 (6845836.000.000) 11/26 13:10:04 Image size of job updated: 922148
	875  -  MemoryUsage of job (MB)
	895708  -  ResidentSetSize of job (KB)
...
006 (6845836.000.000) 11/26 13:15:04 Image size of job updated: 922856
	876  -  MemoryUsage of job (MB)
	896416  -  ResidentSetSize of job (KB)
...
006 (6845836.000.000) 11/26 13:20:04 Image size of job updated: 923204
	876  -  MemoryUsage of job (MB)
	896764  -  ResidentSetSize of job (KB)
...
006 (6845836.000.000) 11/26 13:25:05 Image size of job updated: 923984
	877  -  MemoryUsage of job (MB)
	897440  -  ResidentSetSize of job (KB)
...
006 (6845836.000.000) 11/26 13:30:05 Image size of job updated: 925484
	877  -  MemoryUsage of job (MB)
	897440  -  ResidentSetSize of job (KB)
...
006 (6845836.000.000) 11/26 13:35:05 Image size of job updated: 925740
	877  -  MemoryUsage of job (MB)
	897440  -  ResidentSetSize of job (KB)
...
006 (6845836.000.000) 11/26 13:40:06 Image size of job updated: 926020
	877  -  MemoryUsage of job (MB)
	897440  -  ResidentSetSize of job (KB)
...
006 (6845836.000.000) 11/26 13:45:07 Image size of job updated: 926232
	877  -  MemoryUsage of job (MB)
	897440  -  ResidentSetSize of job (KB)
...
006 (6845836.000.000) 11/26 13:50:07 Image size of job updated: 927116
	877  -  MemoryUsage of job (MB)
	897440  -  ResidentSetSize of job (KB)
...
006 (6845836.000.000) 11/26 13:55:07 Image size of job updated: 927124
	877  -  MemoryUsage of job (MB)
	897440  -  ResidentSetSize of job (KB)
...
005 (6845836.000.000) 11/26 14:42:14 Job terminated.
	(1) Normal termination (return value 0)
		Usr 0 00:05:35, Sys 0 00:01:59  -  Run Remote Usage
		Usr 0 00:00:00, Sys 0 00:00:00  -  Run Local Usage
		Usr 0 00:05:35, Sys 0 00:01:59  -  Total Remote Usage
		Usr 0 00:00:00, Sys 0 00:00:00  -  Total Local Usage
	0  -  Run Bytes Sent By Job
	0  -  Run Bytes Received By Job
	0  -  Total Bytes Sent By Job
	0  -  Total Bytes Received By Job
	Partitionable Resources :    Usage  Request Allocated
	   Cpus                 :                 1         1
	   Disk (KB)            :       10       10  65563846
	   Memory (MB)          :      877        1      2297
...
