000 (6845942.000.000) 11/26 13:04:22 Job submitted from host: <130.199.153.67:9618?addrs=130.199.153.67-9618&noUDP&sock=7357_7f42_4>
...
001 (6845942.000.000) 11/26 13:05:14 Job executing on host: <130.199.150.230:9618?addrs=130.199.150.230-9618&noUDP&sock=21949_ae4f_3>
...
006 (6845942.000.000) 11/26 13:05:23 Image size of job updated: 857436
	834  -  MemoryUsage of job (MB)
	854000  -  ResidentSetSize of job (KB)
...
006 (6845942.000.000) 11/26 13:08:55 Image size of job updated: 974044
	834  -  MemoryUsage of job (MB)
	854000  -  ResidentSetSize of job (KB)
...
005 (6845942.000.000) 11/26 13:08:55 Job terminated.
	(1) Normal termination (return value 0)
		Usr 0 00:03:03, Sys 0 00:00:13  -  Run Remote Usage
		Usr 0 00:00:00, Sys 0 00:00:00  -  Run Local Usage
		Usr 0 00:03:03, Sys 0 00:00:13  -  Total Remote Usage
		Usr 0 00:00:00, Sys 0 00:00:00  -  Total Local Usage
	0  -  Run Bytes Sent By Job
	0  -  Run Bytes Received By Job
	0  -  Total Bytes Sent By Job
	0  -  Total Bytes Received By Job
	Partitionable Resources :    Usage  Request Allocated
	   Cpus                 :                 1         1
	   Disk (KB)            :       10       10  59426071
	   Memory (MB)          :      834        1      2007
...
