000 (6845848.000.000) 11/26 13:04:18 Job submitted from host: <130.199.153.67:9618?addrs=130.199.153.67-9618&noUDP&sock=7357_7f42_4>
...
001 (6845848.000.000) 11/26 13:04:56 Job executing on host: <130.199.202.96:9618?addrs=130.199.202.96-9618&noUDP&sock=8395_02d1_3>
...
006 (6845848.000.000) 11/26 13:05:05 Image size of job updated: 203868
	197  -  MemoryUsage of job (MB)
	201236  -  ResidentSetSize of job (KB)
...
006 (6845848.000.000) 11/26 13:10:06 Image size of job updated: 900964
	875  -  MemoryUsage of job (MB)
	895656  -  ResidentSetSize of job (KB)
...
006 (6845848.000.000) 11/26 13:15:06 Image size of job updated: 901584
	875  -  MemoryUsage of job (MB)
	895656  -  ResidentSetSize of job (KB)
...
006 (6845848.000.000) 11/26 13:20:06 Image size of job updated: 902760
	875  -  MemoryUsage of job (MB)
	895656  -  ResidentSetSize of job (KB)
...
006 (6845848.000.000) 11/26 13:25:07 Image size of job updated: 903940
	875  -  MemoryUsage of job (MB)
	895656  -  ResidentSetSize of job (KB)
...
006 (6845848.000.000) 11/26 13:30:08 Image size of job updated: 906536
	875  -  MemoryUsage of job (MB)
	895656  -  ResidentSetSize of job (KB)
...
006 (6845848.000.000) 11/26 13:35:08 Image size of job updated: 907656
	875  -  MemoryUsage of job (MB)
	895656  -  ResidentSetSize of job (KB)
...
006 (6845848.000.000) 11/26 13:40:08 Image size of job updated: 907984
	875  -  MemoryUsage of job (MB)
	895656  -  ResidentSetSize of job (KB)
...
006 (6845848.000.000) 11/26 13:45:09 Image size of job updated: 909072
	875  -  MemoryUsage of job (MB)
	895656  -  ResidentSetSize of job (KB)
...
006 (6845848.000.000) 11/26 13:50:09 Image size of job updated: 909076
	875  -  MemoryUsage of job (MB)
	895656  -  ResidentSetSize of job (KB)
...
006 (6845848.000.000) 11/26 13:55:09 Image size of job updated: 909092
	875  -  MemoryUsage of job (MB)
	895656  -  ResidentSetSize of job (KB)
...
006 (6845848.000.000) 11/26 14:00:10 Image size of job updated: 909108
	875  -  MemoryUsage of job (MB)
	895656  -  ResidentSetSize of job (KB)
...
006 (6845848.000.000) 11/26 14:05:11 Image size of job updated: 909120
	875  -  MemoryUsage of job (MB)
	895656  -  ResidentSetSize of job (KB)
...
006 (6845848.000.000) 11/26 14:10:11 Image size of job updated: 909124
	875  -  MemoryUsage of job (MB)
	895656  -  ResidentSetSize of job (KB)
...
006 (6845848.000.000) 11/26 14:15:12 Image size of job updated: 909140
	875  -  MemoryUsage of job (MB)
	895656  -  ResidentSetSize of job (KB)
...
006 (6845848.000.000) 11/26 14:20:13 Image size of job updated: 909156
	875  -  MemoryUsage of job (MB)
	895656  -  ResidentSetSize of job (KB)
...
006 (6845848.000.000) 11/26 14:25:13 Image size of job updated: 909176
	875  -  MemoryUsage of job (MB)
	895656  -  ResidentSetSize of job (KB)
...
005 (6845848.000.000) 11/26 14:29:20 Job terminated.
	(1) Normal termination (return value 0)
		Usr 0 00:05:29, Sys 0 00:01:47  -  Run Remote Usage
		Usr 0 00:00:00, Sys 0 00:00:00  -  Run Local Usage
		Usr 0 00:05:29, Sys 0 00:01:47  -  Total Remote Usage
		Usr 0 00:00:00, Sys 0 00:00:00  -  Total Local Usage
	0  -  Run Bytes Sent By Job
	0  -  Run Bytes Received By Job
	0  -  Total Bytes Sent By Job
	0  -  Total Bytes Received By Job
	Partitionable Resources :    Usage  Request Allocated
	   Cpus                 :                 1         1
	   Disk (KB)            :       10       10  65563444
	   Memory (MB)          :      875        1      2297
...
