000 (6846090.000.000) 11/26 13:04:27 Job submitted from host: <130.199.153.67:9618?addrs=130.199.153.67-9618&noUDP&sock=7357_7f42_4>
...
001 (6846090.000.000) 11/26 13:06:14 Job executing on host: <130.199.150.214:9618?addrs=130.199.150.214-9618&noUDP&sock=36139_a303_3>
...
006 (6846090.000.000) 11/26 13:06:23 Image size of job updated: 842768
	823  -  MemoryUsage of job (MB)
	842580  -  ResidentSetSize of job (KB)
...
006 (6846090.000.000) 11/26 13:06:41 Image size of job updated: 852952
	823  -  MemoryUsage of job (MB)
	842580  -  ResidentSetSize of job (KB)
...
005 (6846090.000.000) 11/26 13:06:42 Job terminated.
	(1) Normal termination (return value 0)
		Usr 0 00:00:12, Sys 0 00:00:04  -  Run Remote Usage
		Usr 0 00:00:00, Sys 0 00:00:00  -  Run Local Usage
		Usr 0 00:00:12, Sys 0 00:00:04  -  Total Remote Usage
		Usr 0 00:00:00, Sys 0 00:00:00  -  Total Local Usage
	0  -  Run Bytes Sent By Job
	0  -  Run Bytes Received By Job
	0  -  Total Bytes Sent By Job
	0  -  Total Bytes Received By Job
	Partitionable Resources :    Usage  Request Allocated
	   Cpus                 :                 1         1
	   Disk (KB)            :       10       10  59428110
	   Memory (MB)          :      823        1      2007
...
