000 (6845842.000.000) 11/26 13:04:18 Job submitted from host: <130.199.153.67:9618?addrs=130.199.153.67-9618&noUDP&sock=7357_7f42_4>
...
001 (6845842.000.000) 11/26 13:04:56 Job executing on host: <130.199.202.93:9618?addrs=130.199.202.93-9618&noUDP&sock=8288_2598_3>
...
006 (6845842.000.000) 11/26 13:05:05 Image size of job updated: 17320
	15  -  MemoryUsage of job (MB)
	14952  -  ResidentSetSize of job (KB)
...
006 (6845842.000.000) 11/26 13:10:06 Image size of job updated: 900900
	877  -  MemoryUsage of job (MB)
	897184  -  ResidentSetSize of job (KB)
...
006 (6845842.000.000) 11/26 13:15:07 Image size of job updated: 903872
	880  -  MemoryUsage of job (MB)
	900156  -  ResidentSetSize of job (KB)
...
006 (6845842.000.000) 11/26 13:20:07 Image size of job updated: 904176
	880  -  MemoryUsage of job (MB)
	900460  -  ResidentSetSize of job (KB)
...
006 (6845842.000.000) 11/26 13:25:07 Image size of job updated: 904472
	880  -  MemoryUsage of job (MB)
	900756  -  ResidentSetSize of job (KB)
...
006 (6845842.000.000) 11/26 13:30:08 Image size of job updated: 904704
	880  -  MemoryUsage of job (MB)
	900988  -  ResidentSetSize of job (KB)
...
006 (6845842.000.000) 11/26 13:35:09 Image size of job updated: 905540
	881  -  MemoryUsage of job (MB)
	901824  -  ResidentSetSize of job (KB)
...
006 (6845842.000.000) 11/26 13:40:09 Image size of job updated: 905844
	881  -  MemoryUsage of job (MB)
	902128  -  ResidentSetSize of job (KB)
...
006 (6845842.000.000) 11/26 13:45:09 Image size of job updated: 906152
	882  -  MemoryUsage of job (MB)
	902436  -  ResidentSetSize of job (KB)
...
006 (6845842.000.000) 11/26 13:50:10 Image size of job updated: 906968
	883  -  MemoryUsage of job (MB)
	903252  -  ResidentSetSize of job (KB)
...
006 (6845842.000.000) 11/26 13:55:11 Image size of job updated: 906976
	883  -  MemoryUsage of job (MB)
	903260  -  ResidentSetSize of job (KB)
...
006 (6845842.000.000) 11/26 14:05:12 Image size of job updated: 906980
	883  -  MemoryUsage of job (MB)
	903260  -  ResidentSetSize of job (KB)
...
006 (6845842.000.000) 11/26 14:10:13 Image size of job updated: 906984
	883  -  MemoryUsage of job (MB)
	903260  -  ResidentSetSize of job (KB)
...
006 (6845842.000.000) 11/26 14:15:13 Image size of job updated: 906988
	883  -  MemoryUsage of job (MB)
	903260  -  ResidentSetSize of job (KB)
...
006 (6845842.000.000) 11/26 14:20:13 Image size of job updated: 907000
	883  -  MemoryUsage of job (MB)
	903260  -  ResidentSetSize of job (KB)
...
006 (6845842.000.000) 11/26 14:25:14 Image size of job updated: 907080
	883  -  MemoryUsage of job (MB)
	903260  -  ResidentSetSize of job (KB)
...
005 (6845842.000.000) 11/26 14:29:48 Job terminated.
	(1) Normal termination (return value 0)
		Usr 0 00:05:27, Sys 0 00:01:54  -  Run Remote Usage
		Usr 0 00:00:00, Sys 0 00:00:00  -  Run Local Usage
		Usr 0 00:05:27, Sys 0 00:01:54  -  Total Remote Usage
		Usr 0 00:00:00, Sys 0 00:00:00  -  Total Local Usage
	0  -  Run Bytes Sent By Job
	0  -  Run Bytes Received By Job
	0  -  Total Bytes Sent By Job
	0  -  Total Bytes Received By Job
	Partitionable Resources :    Usage  Request Allocated
	   Cpus                 :                 1         1
	   Disk (KB)            :       10       10  65563578
	   Memory (MB)          :      883        1      2297
...
