000 (6845908.000.000) 11/26 13:04:18 Job submitted from host: <130.199.153.67:9618?addrs=130.199.153.67-9618&noUDP&sock=7357_7f42_4>
...
001 (6845908.000.000) 11/26 13:05:07 Job executing on host: <130.199.150.204:9618?addrs=130.199.150.204-9618&noUDP&sock=22670_de48_3>
...
006 (6845908.000.000) 11/26 13:05:16 Image size of job updated: 817132
	798  -  MemoryUsage of job (MB)
	816956  -  ResidentSetSize of job (KB)
...
006 (6845908.000.000) 11/26 13:10:17 Image size of job updated: 894320
	873  -  MemoryUsage of job (MB)
	893296  -  ResidentSetSize of job (KB)
...
006 (6845908.000.000) 11/26 13:15:18 Image size of job updated: 895296
	874  -  MemoryUsage of job (MB)
	893980  -  ResidentSetSize of job (KB)
...
006 (6845908.000.000) 11/26 13:20:18 Image size of job updated: 895596
	874  -  MemoryUsage of job (MB)
	894212  -  ResidentSetSize of job (KB)
...
006 (6845908.000.000) 11/26 13:25:19 Image size of job updated: 896268
	874  -  MemoryUsage of job (MB)
	894212  -  ResidentSetSize of job (KB)
...
006 (6845908.000.000) 11/26 13:30:19 Image size of job updated: 897452
	874  -  MemoryUsage of job (MB)
	894212  -  ResidentSetSize of job (KB)
...
006 (6845908.000.000) 11/26 13:35:20 Image size of job updated: 897736
	874  -  MemoryUsage of job (MB)
	894212  -  ResidentSetSize of job (KB)
...
006 (6845908.000.000) 11/26 13:40:21 Image size of job updated: 897980
	874  -  MemoryUsage of job (MB)
	894212  -  ResidentSetSize of job (KB)
...
006 (6845908.000.000) 11/26 13:45:21 Image size of job updated: 899028
	874  -  MemoryUsage of job (MB)
	894212  -  ResidentSetSize of job (KB)
...
006 (6845908.000.000) 11/26 13:50:21 Image size of job updated: 904392
	874  -  MemoryUsage of job (MB)
	894212  -  ResidentSetSize of job (KB)
...
006 (6845908.000.000) 11/26 14:00:23 Image size of job updated: 904396
	874  -  MemoryUsage of job (MB)
	894212  -  ResidentSetSize of job (KB)
...
006 (6845908.000.000) 11/26 14:14:21 Image size of job updated: 956556
	874  -  MemoryUsage of job (MB)
	894212  -  ResidentSetSize of job (KB)
...
005 (6845908.000.000) 11/26 14:14:29 Job terminated.
	(1) Normal termination (return value 0)
		Usr 0 00:04:05, Sys 0 00:01:06  -  Run Remote Usage
		Usr 0 00:00:00, Sys 0 00:00:00  -  Run Local Usage
		Usr 0 00:04:05, Sys 0 00:01:06  -  Total Remote Usage
		Usr 0 00:00:00, Sys 0 00:00:00  -  Total Local Usage
	0  -  Run Bytes Sent By Job
	0  -  Run Bytes Received By Job
	0  -  Total Bytes Sent By Job
	0  -  Total Bytes Received By Job
	Partitionable Resources :    Usage  Request Allocated
	   Cpus                 :                 1         1
	   Disk (KB)            :       10       10  59426222
	   Memory (MB)          :      874        1      2007
...
