000 (6846098.000.000) 11/26 13:04:27 Job submitted from host: <130.199.153.67:9618?addrs=130.199.153.67-9618&noUDP&sock=7357_7f42_4>
...
001 (6846098.000.000) 11/26 13:06:15 Job executing on host: <130.199.150.231:9618?addrs=130.199.150.231-9618&noUDP&sock=21996_8e49_3>
...
006 (6846098.000.000) 11/26 13:06:24 Image size of job updated: 829996
	811  -  MemoryUsage of job (MB)
	829820  -  ResidentSetSize of job (KB)
...
006 (6846098.000.000) 11/26 13:06:46 Image size of job updated: 857544
	811  -  MemoryUsage of job (MB)
	829912  -  ResidentSetSize of job (KB)
...
005 (6846098.000.000) 11/26 13:06:47 Job terminated.
	(1) Normal termination (return value 0)
		Usr 0 00:00:12, Sys 0 00:00:04  -  Run Remote Usage
		Usr 0 00:00:00, Sys 0 00:00:00  -  Run Local Usage
		Usr 0 00:00:12, Sys 0 00:00:04  -  Total Remote Usage
		Usr 0 00:00:00, Sys 0 00:00:00  -  Total Local Usage
	0  -  Run Bytes Sent By Job
	0  -  Run Bytes Received By Job
	0  -  Total Bytes Sent By Job
	0  -  Total Bytes Received By Job
	Partitionable Resources :    Usage  Request Allocated
	   Cpus                 :                 1         1
	   Disk (KB)            :       10       10  59426133
	   Memory (MB)          :      811        1      2007
...
