000 (6845981.000.000) 11/26 13:04:22 Job submitted from host: <130.199.153.67:9618?addrs=130.199.153.67-9618&noUDP&sock=7357_7f42_4>
...
001 (6845981.000.000) 11/26 13:05:23 Job executing on host: <130.199.150.241:9618?addrs=130.199.150.241-9618&noUDP&sock=21935_4005_3>
...
006 (6845981.000.000) 11/26 13:05:31 Image size of job updated: 824420
	780  -  MemoryUsage of job (MB)
	797928  -  ResidentSetSize of job (KB)
...
006 (6845981.000.000) 11/26 13:10:31 Image size of job updated: 927492
	880  -  MemoryUsage of job (MB)
	900916  -  ResidentSetSize of job (KB)
...
005 (6845981.000.000) 11/26 13:16:28 Job terminated.
	(1) Normal termination (return value 0)
		Usr 0 00:01:39, Sys 0 00:00:16  -  Run Remote Usage
		Usr 0 00:00:00, Sys 0 00:00:00  -  Run Local Usage
		Usr 0 00:01:39, Sys 0 00:00:16  -  Total Remote Usage
		Usr 0 00:00:00, Sys 0 00:00:00  -  Total Local Usage
	0  -  Run Bytes Sent By Job
	0  -  Run Bytes Received By Job
	0  -  Total Bytes Sent By Job
	0  -  Total Bytes Received By Job
	Partitionable Resources :    Usage  Request Allocated
	   Cpus                 :                 1         1
	   Disk (KB)            :       10       10  59426073
	   Memory (MB)          :      880        1      2007
...
