000 (6845884.000.000) 11/26 13:04:18 Job submitted from host: <130.199.153.67:9618?addrs=130.199.153.67-9618&noUDP&sock=7357_7f42_4>
...
001 (6845884.000.000) 11/26 13:05:02 Job executing on host: <130.199.202.96:9618?addrs=130.199.202.96-9618&noUDP&sock=8395_02d1_3>
...
006 (6845884.000.000) 11/26 13:05:11 Image size of job updated: 814296
	796  -  MemoryUsage of job (MB)
	814112  -  ResidentSetSize of job (KB)
...
006 (6845884.000.000) 11/26 13:10:12 Image size of job updated: 897540
	875  -  MemoryUsage of job (MB)
	895392  -  ResidentSetSize of job (KB)
...
006 (6845884.000.000) 11/26 13:15:13 Image size of job updated: 899332
	875  -  MemoryUsage of job (MB)
	895392  -  ResidentSetSize of job (KB)
...
006 (6845884.000.000) 11/26 13:20:13 Image size of job updated: 899596
	875  -  MemoryUsage of job (MB)
	895392  -  ResidentSetSize of job (KB)
...
006 (6845884.000.000) 11/26 13:25:13 Image size of job updated: 901656
	875  -  MemoryUsage of job (MB)
	895392  -  ResidentSetSize of job (KB)
...
006 (6845884.000.000) 11/26 13:30:14 Image size of job updated: 901852
	875  -  MemoryUsage of job (MB)
	895392  -  ResidentSetSize of job (KB)
...
006 (6845884.000.000) 11/26 13:35:15 Image size of job updated: 902852
	875  -  MemoryUsage of job (MB)
	895392  -  ResidentSetSize of job (KB)
...
006 (6845884.000.000) 11/26 13:40:15 Image size of job updated: 903076
	875  -  MemoryUsage of job (MB)
	895392  -  ResidentSetSize of job (KB)
...
006 (6845884.000.000) 11/26 13:45:16 Image size of job updated: 903344
	875  -  MemoryUsage of job (MB)
	895392  -  ResidentSetSize of job (KB)
...
006 (6845884.000.000) 11/26 13:50:17 Image size of job updated: 903556
	875  -  MemoryUsage of job (MB)
	895392  -  ResidentSetSize of job (KB)
...
006 (6845884.000.000) 11/26 13:55:17 Image size of job updated: 904468
	875  -  MemoryUsage of job (MB)
	895392  -  ResidentSetSize of job (KB)
...
006 (6845884.000.000) 11/26 14:00:17 Image size of job updated: 904480
	875  -  MemoryUsage of job (MB)
	895392  -  ResidentSetSize of job (KB)
...
006 (6845884.000.000) 11/26 14:05:18 Image size of job updated: 904488
	875  -  MemoryUsage of job (MB)
	895392  -  ResidentSetSize of job (KB)
...
006 (6845884.000.000) 11/26 14:10:18 Image size of job updated: 904500
	875  -  MemoryUsage of job (MB)
	895392  -  ResidentSetSize of job (KB)
...
006 (6845884.000.000) 11/26 14:15:18 Image size of job updated: 904508
	875  -  MemoryUsage of job (MB)
	895392  -  ResidentSetSize of job (KB)
...
006 (6845884.000.000) 11/26 14:20:19 Image size of job updated: 904516
	875  -  MemoryUsage of job (MB)
	895392  -  ResidentSetSize of job (KB)
...
006 (6845884.000.000) 11/26 14:30:20 Image size of job updated: 909716
	875  -  MemoryUsage of job (MB)
	895392  -  ResidentSetSize of job (KB)
...
005 (6845884.000.000) 11/26 14:41:24 Job terminated.
	(1) Normal termination (return value 0)
		Usr 0 00:05:18, Sys 0 00:01:54  -  Run Remote Usage
		Usr 0 00:00:00, Sys 0 00:00:00  -  Run Local Usage
		Usr 0 00:05:18, Sys 0 00:01:54  -  Total Remote Usage
		Usr 0 00:00:00, Sys 0 00:00:00  -  Total Local Usage
	0  -  Run Bytes Sent By Job
	0  -  Run Bytes Received By Job
	0  -  Total Bytes Sent By Job
	0  -  Total Bytes Received By Job
	Partitionable Resources :    Usage  Request Allocated
	   Cpus                 :                 1         1
	   Disk (KB)            :       10       10  65563444
	   Memory (MB)          :      875        1      2297
...
