000 (6845897.000.000) 11/26 13:04:18 Job submitted from host: <130.199.153.67:9618?addrs=130.199.153.67-9618&noUDP&sock=7357_7f42_4>
...
001 (6845897.000.000) 11/26 13:05:06 Job executing on host: <130.199.202.87:9618?addrs=130.199.202.87-9618&noUDP&sock=118306_7479_3>
...
006 (6845897.000.000) 11/26 13:05:14 Image size of job updated: 846080
	827  -  MemoryUsage of job (MB)
	845892  -  ResidentSetSize of job (KB)
...
006 (6845897.000.000) 11/26 13:10:14 Image size of job updated: 908708
	888  -  MemoryUsage of job (MB)
	908456  -  ResidentSetSize of job (KB)
...
006 (6845897.000.000) 11/26 13:11:46 Image size of job updated: 924468
	888  -  MemoryUsage of job (MB)
	908456  -  ResidentSetSize of job (KB)
...
005 (6845897.000.000) 11/26 13:11:46 Job terminated.
	(1) Normal termination (return value 0)
		Usr 0 00:03:29, Sys 0 00:00:18  -  Run Remote Usage
		Usr 0 00:00:00, Sys 0 00:00:00  -  Run Local Usage
		Usr 0 00:03:29, Sys 0 00:00:18  -  Total Remote Usage
		Usr 0 00:00:00, Sys 0 00:00:00  -  Total Local Usage
	0  -  Run Bytes Sent By Job
	0  -  Run Bytes Received By Job
	0  -  Total Bytes Sent By Job
	0  -  Total Bytes Received By Job
	Partitionable Resources :    Usage  Request Allocated
	   Cpus                 :                 1         1
	   Disk (KB)            :       10       10  65563848
	   Memory (MB)          :      888        1      2297
...
