000 (6845838.000.000) 11/26 13:04:18 Job submitted from host: <130.199.153.67:9618?addrs=130.199.153.67-9618&noUDP&sock=7357_7f42_4>
...
001 (6845838.000.000) 11/26 13:04:55 Job executing on host: <130.199.202.97:9618?addrs=130.199.202.97-9618&noUDP&sock=129860_266e_3>
...
006 (6845838.000.000) 11/26 13:05:03 Image size of job updated: 32588
	15  -  MemoryUsage of job (MB)
	14920  -  ResidentSetSize of job (KB)
...
006 (6845838.000.000) 11/26 13:10:03 Image size of job updated: 924548
	879  -  MemoryUsage of job (MB)
	899556  -  ResidentSetSize of job (KB)
...
006 (6845838.000.000) 11/26 13:15:03 Image size of job updated: 924920
	879  -  MemoryUsage of job (MB)
	899928  -  ResidentSetSize of job (KB)
...
006 (6845838.000.000) 11/26 13:20:04 Image size of job updated: 925236
	880  -  MemoryUsage of job (MB)
	900244  -  ResidentSetSize of job (KB)
...
006 (6845838.000.000) 11/26 13:25:05 Image size of job updated: 925524
	880  -  MemoryUsage of job (MB)
	900532  -  ResidentSetSize of job (KB)
...
006 (6845838.000.000) 11/26 13:30:05 Image size of job updated: 926696
	881  -  MemoryUsage of job (MB)
	901704  -  ResidentSetSize of job (KB)
...
006 (6845838.000.000) 11/26 13:35:06 Image size of job updated: 927068
	881  -  MemoryUsage of job (MB)
	902076  -  ResidentSetSize of job (KB)
...
006 (6845838.000.000) 11/26 13:40:07 Image size of job updated: 928276
	883  -  MemoryUsage of job (MB)
	903284  -  ResidentSetSize of job (KB)
...
006 (6845838.000.000) 11/26 13:45:07 Image size of job updated: 928292
	883  -  MemoryUsage of job (MB)
	903284  -  ResidentSetSize of job (KB)
...
006 (6845838.000.000) 11/26 13:50:07 Image size of job updated: 928880
	883  -  MemoryUsage of job (MB)
	903284  -  ResidentSetSize of job (KB)
...
006 (6845838.000.000) 11/26 13:55:08 Image size of job updated: 928888
	883  -  MemoryUsage of job (MB)
	903284  -  ResidentSetSize of job (KB)
...
006 (6845838.000.000) 11/26 14:00:09 Image size of job updated: 928904
	883  -  MemoryUsage of job (MB)
	903284  -  ResidentSetSize of job (KB)
...
006 (6845838.000.000) 11/26 14:25:10 Image size of job updated: 931228
	887  -  MemoryUsage of job (MB)
	907924  -  ResidentSetSize of job (KB)
...
006 (6845838.000.000) 11/26 14:27:07 Image size of job updated: 937556
	887  -  MemoryUsage of job (MB)
	907924  -  ResidentSetSize of job (KB)
...
005 (6845838.000.000) 11/26 14:27:10 Job terminated.
	(1) Normal termination (return value 0)
		Usr 0 00:05:43, Sys 0 00:01:39  -  Run Remote Usage
		Usr 0 00:00:00, Sys 0 00:00:00  -  Run Local Usage
		Usr 0 00:05:43, Sys 0 00:01:39  -  Total Remote Usage
		Usr 0 00:00:00, Sys 0 00:00:00  -  Total Local Usage
	0  -  Run Bytes Sent By Job
	0  -  Run Bytes Received By Job
	0  -  Total Bytes Sent By Job
	0  -  Total Bytes Received By Job
	Partitionable Resources :    Usage  Request Allocated
	   Cpus                 :                 1         1
	   Disk (KB)            :       10       10  65563771
	   Memory (MB)          :      887        1      2297
...
