[1]  + Done                          ( ( setenv SUMS_EXECUTION 1 && nohup $0 $* ) > $SCRATCH/.output.log ) >& $SCRATCH/.errror.log
Warning in <TClass::TClass>: no dictionary for class StStrangeMuDst is available
Warning in <TClass::TClass>: no dictionary for class StStrangeAssoc is available
181114 12:58:28 24432 Xrd: CheckErrorStatus: Server [xrdstar.rcf.bnl.gov:1095] declared: No servers are available to read the file.(error code: 3011)
181114 12:58:28 24432 Xrd: Open: Error opening the file /home/starreco/reco/fixedTarget2015/ReversedFullField/P16ia/2015/140/16140028/st_physics_16140028_raw_2000001.MuDst.root on host xrdstar04.rcf.bnl.gov:1095
Error in <TXNetFile::CreateXClient>: open attempt failed on root://xrdstar.rcf.bnl.gov:1095//home/starreco/reco/fixedTarget2015/ReversedFullField/P16ia/2015/140/16140028/st_physics_16140028_raw_2000001.MuDst.root
Warning in <StMuDstMaker::setBranchAddresses>: Branch name MuEvent does not exist
181114 12:58:28 24432 Xrd: CheckErrorStatus: Server [xrdstar.rcf.bnl.gov:1095] declared: No servers are available to read the file.(error code: 3011)
181114 12:58:28 24432 Xrd: Open: Error opening the file /home/starreco/reco/fixedTarget2015/ReversedFullField/P16ia/2015/140/16140028/st_physics_16140028_raw_2000001.MuDst.root on host xrdstar04.rcf.bnl.gov:1095
Error in <TXNetFile::CreateXClient>: open attempt failed on root://xrdstar.rcf.bnl.gov:1095//home/starreco/reco/fixedTarget2015/ReversedFullField/P16ia/2015/140/16140028/st_physics_16140028_raw_2000001.MuDst.root
Warning in <StMuDstMaker::setBranchAddresses>: Branch name PrimaryVertices does not exist
181114 12:58:28 24432 Xrd: CheckErrorStatus: Server [xrdstar.rcf.bnl.gov:1095] declared: No servers are available to read the file.(error code: 3011)
181114 12:58:28 24432 Xrd: Open: Error opening the file /home/starreco/reco/fixedTarget2015/ReversedFullField/P16ia/2015/140/16140028/st_physics_16140028_raw_2000001.MuDst.root on host xrdstar04.rcf.bnl.gov:1095
Error in <TXNetFile::CreateXClient>: open attempt failed on root://xrdstar.rcf.bnl.gov:1095//home/starreco/reco/fixedTarget2015/ReversedFullField/P16ia/2015/140/16140028/st_physics_16140028_raw_2000001.MuDst.root
Warning in <StMuDstMaker::setBranchAddresses>: Branch name PrimaryTracks does not exist
181114 12:58:28 24432 Xrd: CheckErrorStatus: Server [xrdstar.rcf.bnl.gov:1095] declared: No servers are available to read the file.(error code: 3011)
181114 12:58:28 24432 Xrd: Open: Error opening the file /home/starreco/reco/fixedTarget2015/ReversedFullField/P16ia/2015/140/16140028/st_physics_16140028_raw_2000001.MuDst.root on host xrdstar04.rcf.bnl.gov:1095
Error in <TXNetFile::CreateXClient>: open attempt failed on root://xrdstar.rcf.bnl.gov:1095//home/starreco/reco/fixedTarget2015/ReversedFullField/P16ia/2015/140/16140028/st_physics_16140028_raw_2000001.MuDst.root
Warning in <StMuDstMaker::setBranchAddresses>: Branch name GlobalTracks does not exist
181114 12:58:28 24432 Xrd: CheckErrorStatus: Server [xrdstar.rcf.bnl.gov:1095] declared: No servers are available to read the file.(error code: 3011)
181114 12:58:28 24432 Xrd: Open: Error opening the file /home/starreco/reco/fixedTarget2015/ReversedFullField/P16ia/2015/140/16140028/st_physics_16140028_raw_2000001.MuDst.root on host xrdstar04.rcf.bnl.gov:1095
Error in <TXNetFile::CreateXClient>: open attempt failed on root://xrdstar.rcf.bnl.gov:1095//home/starreco/reco/fixedTarget2015/ReversedFullField/P16ia/2015/140/16140028/st_physics_16140028_raw_2000001.MuDst.root
Warning in <StMuDstMaker::setBranchAddresses>: Branch name OtherTracks does not exist
181114 12:58:28 24432 Xrd: CheckErrorStatus: Server [xrdstar.rcf.bnl.gov:1095] declared: No servers are available to read the file.(error code: 3011)
181114 12:58:28 24432 Xrd: Open: Error opening the file /home/starreco/reco/fixedTarget2015/ReversedFullField/P16ia/2015/140/16140028/st_physics_16140028_raw_2000001.MuDst.root on host xrdstar04.rcf.bnl.gov:1095
Error in <TXNetFile::CreateXClient>: open attempt failed on root://xrdstar.rcf.bnl.gov:1095//home/starreco/reco/fixedTarget2015/ReversedFullField/P16ia/2015/140/16140028/st_physics_16140028_raw_2000001.MuDst.root
Warning in <StMuDstMaker::setBranchAddresses>: Branch name L3Tracks does not exist
181114 12:58:28 24432 Xrd: CheckErrorStatus: Server [xrdstar.rcf.bnl.gov:1095] declared: No servers are available to read the file.(error code: 3011)
181114 12:58:28 24432 Xrd: Open: Error opening the file /home/starreco/reco/fixedTarget2015/ReversedFullField/P16ia/2015/140/16140028/st_physics_16140028_raw_2000001.MuDst.root on host xrdstar04.rcf.bnl.gov:1095
Error in <TXNetFile::CreateXClient>: open attempt failed on root://xrdstar.rcf.bnl.gov:1095//home/starreco/reco/fixedTarget2015/ReversedFullField/P16ia/2015/140/16140028/st_physics_16140028_raw_2000001.MuDst.root
Warning in <StMuDstMaker::setBranchAddresses>: Branch name RichSpectra does not exist
181114 12:58:28 24432 Xrd: CheckErrorStatus: Server [xrdstar.rcf.bnl.gov:1095] declared: No servers are available to read the file.(error code: 3011)
181114 12:58:28 24432 Xrd: Open: Error opening the file /home/starreco/reco/fixedTarget2015/ReversedFullField/P16ia/2015/140/16140028/st_physics_16140028_raw_2000001.MuDst.root on host xrdstar04.rcf.bnl.gov:1095
Error in <TXNetFile::CreateXClient>: open attempt failed on root://xrdstar.rcf.bnl.gov:1095//home/starreco/reco/fixedTarget2015/ReversedFullField/P16ia/2015/140/16140028/st_physics_16140028_raw_2000001.MuDst.root
Warning in <StMuDstMaker::setBranchAddresses>: Branch name DetectorStates does not exist
181114 12:58:28 24432 Xrd: CheckErrorStatus: Server [xrdstar.rcf.bnl.gov:1095] declared: No servers are available to read the file.(error code: 3011)
181114 12:58:28 24432 Xrd: Open: Error opening the file /home/starreco/reco/fixedTarget2015/ReversedFullField/P16ia/2015/140/16140028/st_physics_16140028_raw_2000001.MuDst.root on host xrdstar04.rcf.bnl.gov:1095
Error in <TXNetFile::CreateXClient>: open attempt failed on root://xrdstar.rcf.bnl.gov:1095//home/starreco/reco/fixedTarget2015/ReversedFullField/P16ia/2015/140/16140028/st_physics_16140028_raw_2000001.MuDst.root
Warning in <StMuDstMaker::setBranchAddresses>: Branch name L3AlgoAccept does not exist
181114 12:58:28 24432 Xrd: CheckErrorStatus: Server [xrdstar.rcf.bnl.gov:1095] declared: No servers are available to read the file.(error code: 3011)
181114 12:58:28 24432 Xrd: Open: Error opening the file /home/starreco/reco/fixedTarget2015/ReversedFullField/P16ia/2015/140/16140028/st_physics_16140028_raw_2000001.MuDst.root on host xrdstar04.rcf.bnl.gov:1095
Error in <TXNetFile::CreateXClient>: open attempt failed on root://xrdstar.rcf.bnl.gov:1095//home/starreco/reco/fixedTarget2015/ReversedFullField/P16ia/2015/140/16140028/st_physics_16140028_raw_2000001.MuDst.root
Warning in <StMuDstMaker::setBranchAddresses>: Branch name L3AlgoReject does not exist
181114 12:58:28 24432 Xrd: CheckErrorStatus: Server [xrdstar.rcf.bnl.gov:1095] declared: No servers are available to read the file.(error code: 3011)
181114 12:58:28 24432 Xrd: Open: Error opening the file /home/starreco/reco/fixedTarget2015/ReversedFullField/P16ia/2015/140/16140028/st_physics_16140028_raw_2000001.MuDst.root on host xrdstar04.rcf.bnl.gov:1095
Error in <TXNetFile::CreateXClient>: open attempt failed on root://xrdstar.rcf.bnl.gov:1095//home/starreco/reco/fixedTarget2015/ReversedFullField/P16ia/2015/140/16140028/st_physics_16140028_raw_2000001.MuDst.root
Warning in <StMuDstMaker::setBranchAddresses>: Branch name CovGlobTrack does not exist
181114 12:58:28 24432 Xrd: CheckErrorStatus: Server [xrdstar.rcf.bnl.gov:1095] declared: No servers are available to read the file.(error code: 3011)
181114 12:58:28 24432 Xrd: Open: Error opening the file /home/starreco/reco/fixedTarget2015/ReversedFullField/P16ia/2015/140/16140028/st_physics_16140028_raw_2000001.MuDst.root on host xrdstar04.rcf.bnl.gov:1095
Error in <TXNetFile::CreateXClient>: open attempt failed on root://xrdstar.rcf.bnl.gov:1095//home/starreco/reco/fixedTarget2015/ReversedFullField/P16ia/2015/140/16140028/st_physics_16140028_raw_2000001.MuDst.root
Warning in <StMuDstMaker::setBranchAddresses>: Branch name CovPrimTrack does not exist
181114 12:58:28 24432 Xrd: CheckErrorStatus: Server [xrdstar.rcf.bnl.gov:1095] declared: No servers are available to read the file.(error code: 3011)
181114 12:58:28 24432 Xrd: Open: Error opening the file /home/starreco/reco/fixedTarget2015/ReversedFullField/P16ia/2015/140/16140028/st_physics_16140028_raw_2000001.MuDst.root on host xrdstar04.rcf.bnl.gov:1095
Error in <TXNetFile::CreateXClient>: open attempt failed on root://xrdstar.rcf.bnl.gov:1095//home/starreco/reco/fixedTarget2015/ReversedFullField/P16ia/2015/140/16140028/st_physics_16140028_raw_2000001.MuDst.root
Warning in <StMuDstMaker::setBranchAddresses>: Branch name pp2pp does not exist
181114 12:58:28 24432 Xrd: CheckErrorStatus: Server [xrdstar.rcf.bnl.gov:1095] declared: No servers are available to read the file.(error code: 3011)
181114 12:58:28 24432 Xrd: Open: Error opening the file /home/starreco/reco/fixedTarget2015/ReversedFullField/P16ia/2015/140/16140028/st_physics_16140028_raw_2000001.MuDst.root on host xrdstar04.rcf.bnl.gov:1095
Error in <TXNetFile::CreateXClient>: open attempt failed on root://xrdstar.rcf.bnl.gov:1095//home/starreco/reco/fixedTarget2015/ReversedFullField/P16ia/2015/140/16140028/st_physics_16140028_raw_2000001.MuDst.root
Warning in <StMuDstMaker::setBranchAddresses>: Branch name mtd does not exist
181114 12:58:28 24432 Xrd: CheckErrorStatus: Server [xrdstar.rcf.bnl.gov:1095] declared: No servers are available to read the file.(error code: 3011)
181114 12:58:28 24432 Xrd: Open: Error opening the file /home/starreco/reco/fixedTarget2015/ReversedFullField/P16ia/2015/140/16140028/st_physics_16140028_raw_2000001.MuDst.root on host xrdstar04.rcf.bnl.gov:1095
Error in <TXNetFile::CreateXClient>: open attempt failed on root://xrdstar.rcf.bnl.gov:1095//home/starreco/reco/fixedTarget2015/ReversedFullField/P16ia/2015/140/16140028/st_physics_16140028_raw_2000001.MuDst.root
Warning in <StMuDstMaker::setBranchAddresses>: Branch name Event does not exist
181114 12:58:28 24432 Xrd: CheckErrorStatus: Server [xrdstar.rcf.bnl.gov:1095] declared: No servers are available to read the file.(error code: 3011)
181114 12:58:28 24432 Xrd: Open: Error opening the file /home/starreco/reco/fixedTarget2015/ReversedFullField/P16ia/2015/140/16140028/st_physics_16140028_raw_2000001.MuDst.root on host xrdstar04.rcf.bnl.gov:1095
Error in <TXNetFile::CreateXClient>: open attempt failed on root://xrdstar.rcf.bnl.gov:1095//home/starreco/reco/fixedTarget2015/ReversedFullField/P16ia/2015/140/16140028/st_physics_16140028_raw_2000001.MuDst.root
Warning in <StMuDstMaker::setBranchAddresses>: Branch name McEvent does not exist
181114 12:58:28 24432 Xrd: CheckErrorStatus: Server [xrdstar.rcf.bnl.gov:1095] declared: No servers are available to read the file.(error code: 3011)
181114 12:58:28 24432 Xrd: Open: Error opening the file /home/starreco/reco/fixedTarget2015/ReversedFullField/P16ia/2015/140/16140028/st_physics_16140028_raw_2000001.MuDst.root on host xrdstar04.rcf.bnl.gov:1095
Error in <TXNetFile::CreateXClient>: open attempt failed on root://xrdstar.rcf.bnl.gov:1095//home/starreco/reco/fixedTarget2015/ReversedFullField/P16ia/2015/140/16140028/st_physics_16140028_raw_2000001.MuDst.root
Warning in <StMuDstMaker::setBranchAddresses>: Branch name V0 does not exist
181114 12:58:28 24432 Xrd: CheckErrorStatus: Server [xrdstar.rcf.bnl.gov:1095] declared: No servers are available to read the file.(error code: 3011)
181114 12:58:28 24432 Xrd: Open: Error opening the file /home/starreco/reco/fixedTarget2015/ReversedFullField/P16ia/2015/140/16140028/st_physics_16140028_raw_2000001.MuDst.root on host xrdstar04.rcf.bnl.gov:1095
Error in <TXNetFile::CreateXClient>: open attempt failed on root://xrdstar.rcf.bnl.gov:1095//home/starreco/reco/fixedTarget2015/ReversedFullField/P16ia/2015/140/16140028/st_physics_16140028_raw_2000001.MuDst.root
Warning in <StMuDstMaker::setBranchAddresses>: Branch name McV0 does not exist
181114 12:58:28 24432 Xrd: CheckErrorStatus: Server [xrdstar.rcf.bnl.gov:1095] declared: No servers are available to read the file.(error code: 3011)
181114 12:58:28 24432 Xrd: Open: Error opening the file /home/starreco/reco/fixedTarget2015/ReversedFullField/P16ia/2015/140/16140028/st_physics_16140028_raw_2000001.MuDst.root on host xrdstar04.rcf.bnl.gov:1095
Error in <TXNetFile::CreateXClient>: open attempt failed on root://xrdstar.rcf.bnl.gov:1095//home/starreco/reco/fixedTarget2015/ReversedFullField/P16ia/2015/140/16140028/st_physics_16140028_raw_2000001.MuDst.root
Warning in <StMuDstMaker::setBranchAddresses>: Branch name V0Assoc does not exist
181114 12:58:28 24432 Xrd: CheckErrorStatus: Server [xrdstar.rcf.bnl.gov:1095] declared: No servers are available to read the file.(error code: 3011)
181114 12:58:28 24432 Xrd: Open: Error opening the file /home/starreco/reco/fixedTarget2015/ReversedFullField/P16ia/2015/140/16140028/st_physics_16140028_raw_2000001.MuDst.root on host xrdstar04.rcf.bnl.gov:1095
Error in <TXNetFile::CreateXClient>: open attempt failed on root://xrdstar.rcf.bnl.gov:1095//home/starreco/reco/fixedTarget2015/ReversedFullField/P16ia/2015/140/16140028/st_physics_16140028_raw_2000001.MuDst.root
Warning in <StMuDstMaker::setBranchAddresses>: Branch name Xi does not exist
181114 12:58:28 24432 Xrd: CheckErrorStatus: Server [xrdstar.rcf.bnl.gov:1095] declared: No servers are available to read the file.(error code: 3011)
181114 12:58:28 24432 Xrd: Open: Error opening the file /home/starreco/reco/fixedTarget2015/ReversedFullField/P16ia/2015/140/16140028/st_physics_16140028_raw_2000001.MuDst.root on host xrdstar04.rcf.bnl.gov:1095
Error in <TXNetFile::CreateXClient>: open attempt failed on root://xrdstar.rcf.bnl.gov:1095//home/starreco/reco/fixedTarget2015/ReversedFullField/P16ia/2015/140/16140028/st_physics_16140028_raw_2000001.MuDst.root
Warning in <StMuDstMaker::setBranchAddresses>: Branch name McXi does not exist
181114 12:58:28 24432 Xrd: CheckErrorStatus: Server [xrdstar.rcf.bnl.gov:1095] declared: No servers are available to read the file.(error code: 3011)
181114 12:58:28 24432 Xrd: Open: Error opening the file /home/starreco/reco/fixedTarget2015/ReversedFullField/P16ia/2015/140/16140028/st_physics_16140028_raw_2000001.MuDst.root on host xrdstar04.rcf.bnl.gov:1095
Error in <TXNetFile::CreateXClient>: open attempt failed on root://xrdstar.rcf.bnl.gov:1095//home/starreco/reco/fixedTarget2015/ReversedFullField/P16ia/2015/140/16140028/st_physics_16140028_raw_2000001.MuDst.root
Warning in <StMuDstMaker::setBranchAddresses>: Branch name XiAssoc does not exist
181114 12:58:28 24432 Xrd: CheckErrorStatus: Server [xrdstar.rcf.bnl.gov:1095] declared: No servers are available to read the file.(error code: 3011)
181114 12:58:28 24432 Xrd: Open: Error opening the file /home/starreco/reco/fixedTarget2015/ReversedFullField/P16ia/2015/140/16140028/st_physics_16140028_raw_2000001.MuDst.root on host xrdstar04.rcf.bnl.gov:1095
Error in <TXNetFile::CreateXClient>: open attempt failed on root://xrdstar.rcf.bnl.gov:1095//home/starreco/reco/fixedTarget2015/ReversedFullField/P16ia/2015/140/16140028/st_physics_16140028_raw_2000001.MuDst.root
Warning in <StMuDstMaker::setBranchAddresses>: Branch name Kink does not exist
181114 12:58:28 24432 Xrd: CheckErrorStatus: Server [xrdstar.rcf.bnl.gov:1095] declared: No servers are available to read the file.(error code: 3011)
181114 12:58:28 24432 Xrd: Open: Error opening the file /home/starreco/reco/fixedTarget2015/ReversedFullField/P16ia/2015/140/16140028/st_physics_16140028_raw_2000001.MuDst.root on host xrdstar04.rcf.bnl.gov:1095
Error in <TXNetFile::CreateXClient>: open attempt failed on root://xrdstar.rcf.bnl.gov:1095//home/starreco/reco/fixedTarget2015/ReversedFullField/P16ia/2015/140/16140028/st_physics_16140028_raw_2000001.MuDst.root
Warning in <StMuDstMaker::setBranchAddresses>: Branch name McKink does not exist
181114 12:58:28 24432 Xrd: CheckErrorStatus: Server [xrdstar.rcf.bnl.gov:1095] declared: No servers are available to read the file.(error code: 3011)
181114 12:58:28 24432 Xrd: Open: Error opening the file /home/starreco/reco/fixedTarget2015/ReversedFullField/P16ia/2015/140/16140028/st_physics_16140028_raw_2000001.MuDst.root on host xrdstar04.rcf.bnl.gov:1095
Error in <TXNetFile::CreateXClient>: open attempt failed on root://xrdstar.rcf.bnl.gov:1095//home/starreco/reco/fixedTarget2015/ReversedFullField/P16ia/2015/140/16140028/st_physics_16140028_raw_2000001.MuDst.root
Warning in <StMuDstMaker::setBranchAddresses>: Branch name KinkAssoc does not exist
181114 12:58:28 24432 Xrd: CheckErrorStatus: Server [xrdstar.rcf.bnl.gov:1095] declared: No servers are available to read the file.(error code: 3011)
181114 12:58:28 24432 Xrd: Open: Error opening the file /home/starreco/reco/fixedTarget2015/ReversedFullField/P16ia/2015/140/16140028/st_physics_16140028_raw_2000001.MuDst.root on host xrdstar04.rcf.bnl.gov:1095
Error in <TXNetFile::CreateXClient>: open attempt failed on root://xrdstar.rcf.bnl.gov:1095//home/starreco/reco/fixedTarget2015/ReversedFullField/P16ia/2015/140/16140028/st_physics_16140028_raw_2000001.MuDst.root
Warning in <StMuDstMaker::setBranchAddresses>: Branch name StrangeCuts does not exist
181114 12:58:28 24432 Xrd: CheckErrorStatus: Server [xrdstar.rcf.bnl.gov:1095] declared: No servers are available to read the file.(error code: 3011)
181114 12:58:28 24432 Xrd: Open: Error opening the file /home/starreco/reco/fixedTarget2015/ReversedFullField/P16ia/2015/140/16140028/st_physics_16140028_raw_2000001.MuDst.root on host xrdstar04.rcf.bnl.gov:1095
Error in <TXNetFile::CreateXClient>: open attempt failed on root://xrdstar.rcf.bnl.gov:1095//home/starreco/reco/fixedTarget2015/ReversedFullField/P16ia/2015/140/16140028/st_physics_16140028_raw_2000001.MuDst.root
Warning in <StMuDstMaker::setBranchAddresses>: Branch name StMuMcVertex does not exist
181114 12:58:28 24432 Xrd: CheckErrorStatus: Server [xrdstar.rcf.bnl.gov:1095] declared: No servers are available to read the file.(error code: 3011)
181114 12:58:28 24432 Xrd: Open: Error opening the file /home/starreco/reco/fixedTarget2015/ReversedFullField/P16ia/2015/140/16140028/st_physics_16140028_raw_2000001.MuDst.root on host xrdstar04.rcf.bnl.gov:1095
Error in <TXNetFile::CreateXClient>: open attempt failed on root://xrdstar.rcf.bnl.gov:1095//home/starreco/reco/fixedTarget2015/ReversedFullField/P16ia/2015/140/16140028/st_physics_16140028_raw_2000001.MuDst.root
Warning in <StMuDstMaker::setBranchAddresses>: Branch name StMuMcTrack does not exist
181114 12:58:28 24432 Xrd: CheckErrorStatus: Server [xrdstar.rcf.bnl.gov:1095] declared: No servers are available to read the file.(error code: 3011)
181114 12:58:28 24432 Xrd: Open: Error opening the file /home/starreco/reco/fixedTarget2015/ReversedFullField/P16ia/2015/140/16140028/st_physics_16140028_raw_2000001.MuDst.root on host xrdstar04.rcf.bnl.gov:1095
Error in <TXNetFile::CreateXClient>: open attempt failed on root://xrdstar.rcf.bnl.gov:1095//home/starreco/reco/fixedTarget2015/ReversedFullField/P16ia/2015/140/16140028/st_physics_16140028_raw_2000001.MuDst.root
181114 12:58:28 24432 Xrd: CheckErrorStatus: Server [xrdstar.rcf.bnl.gov:1095] declared: No servers are available to read the file.(error code: 3011)
181114 12:58:28 24432 Xrd: Open: Error opening the file /home/starreco/reco/fixedTarget2015/ReversedFullField/P16ia/2015/140/16140028/st_physics_16140028_raw_2000001.MuDst.root on host xrdstar04.rcf.bnl.gov:1095
Error in <TXNetFile::CreateXClient>: open attempt failed on root://xrdstar.rcf.bnl.gov:1095//home/starreco/reco/fixedTarget2015/ReversedFullField/P16ia/2015/140/16140028/st_physics_16140028_raw_2000001.MuDst.root
181114 12:58:28 24432 Xrd: CheckErrorStatus: Server [xrdstar.rcf.bnl.gov:1095] declared: No servers are available to read the file.(error code: 3011)
181114 12:58:28 24432 Xrd: Open: Error opening the file /home/starreco/reco/fixedTarget2015/ReversedFullField/P16ia/2015/140/16140028/st_physics_16140028_raw_2000001.MuDst.root on host xrdstar04.rcf.bnl.gov:1095
Error in <TXNetFile::CreateXClient>: open attempt failed on root://xrdstar.rcf.bnl.gov:1095//home/starreco/reco/fixedTarget2015/ReversedFullField/P16ia/2015/140/16140028/st_physics_16140028_raw_2000001.MuDst.root
181114 12:58:28 24432 Xrd: CheckErrorStatus: Server [xrdstar.rcf.bnl.gov:1095] declared: No servers are available to read the file.(error code: 3011)
181114 12:58:28 24432 Xrd: Open: Error opening the file /home/starreco/reco/fixedTarget2015/ReversedFullField/P16ia/2015/140/16140028/st_physics_16140028_raw_2000001.MuDst.root on host xrdstar04.rcf.bnl.gov:1095
Error in <TXNetFile::CreateXClient>: open attempt failed on root://xrdstar.rcf.bnl.gov:1095//home/starreco/reco/fixedTarget2015/ReversedFullField/P16ia/2015/140/16140028/st_physics_16140028_raw_2000001.MuDst.root
181114 12:58:28 24432 Xrd: CheckErrorStatus: Server [xrdstar.rcf.bnl.gov:1095] declared: No servers are available to read the file.(error code: 3011)
181114 12:58:28 24432 Xrd: Open: Error opening the file /home/starreco/reco/fixedTarget2015/ReversedFullField/P16ia/2015/140/16140028/st_physics_16140028_raw_2000001.MuDst.root on host xrdstar04.rcf.bnl.gov:1095
Error in <TXNetFile::CreateXClient>: open attempt failed on root://xrdstar.rcf.bnl.gov:1095//home/starreco/reco/fixedTarget2015/ReversedFullField/P16ia/2015/140/16140028/st_physics_16140028_raw_2000001.MuDst.root
181114 12:58:28 24432 Xrd: CheckErrorStatus: Server [xrdstar.rcf.bnl.gov:1095] declared: No servers are available to read the file.(error code: 3011)
181114 12:58:28 24432 Xrd: Open: Error opening the file /home/starreco/reco/fixedTarget2015/ReversedFullField/P16ia/2015/140/16140028/st_physics_16140028_raw_2000001.MuDst.root on host xrdstar04.rcf.bnl.gov:1095
Error in <TXNetFile::CreateXClient>: open attempt failed on root://xrdstar.rcf.bnl.gov:1095//home/starreco/reco/fixedTarget2015/ReversedFullField/P16ia/2015/140/16140028/st_physics_16140028_raw_2000001.MuDst.root
181114 12:58:28 24432 Xrd: CheckErrorStatus: Server [xrdstar.rcf.bnl.gov:1095] declared: No servers are available to read the file.(error code: 3011)
181114 12:58:28 24432 Xrd: Open: Error opening the file /home/starreco/reco/fixedTarget2015/ReversedFullField/P16ia/2015/140/16140028/st_physics_16140028_raw_2000001.MuDst.root on host xrdstar04.rcf.bnl.gov:1095
Error in <TXNetFile::CreateXClient>: open attempt failed on root://xrdstar.rcf.bnl.gov:1095//home/starreco/reco/fixedTarget2015/ReversedFullField/P16ia/2015/140/16140028/st_physics_16140028_raw_2000001.MuDst.root
181114 12:58:28 24432 Xrd: CheckErrorStatus: Server [xrdstar.rcf.bnl.gov:1095] declared: No servers are available to read the file.(error code: 3011)
181114 12:58:28 24432 Xrd: Open: Error opening the file /home/starreco/reco/fixedTarget2015/ReversedFullField/P16ia/2015/140/16140028/st_physics_16140028_raw_2000001.MuDst.root on host xrdstar04.rcf.bnl.gov:1095
Error in <TXNetFile::CreateXClient>: open attempt failed on root://xrdstar.rcf.bnl.gov:1095//home/starreco/reco/fixedTarget2015/ReversedFullField/P16ia/2015/140/16140028/st_physics_16140028_raw_2000001.MuDst.root
181114 12:58:28 24432 Xrd: CheckErrorStatus: Server [xrdstar.rcf.bnl.gov:1095] declared: No servers are available to read the file.(error code: 3011)
181114 12:58:28 24432 Xrd: Open: Error opening the file /home/starreco/reco/fixedTarget2015/ReversedFullField/P16ia/2015/140/16140028/st_physics_16140028_raw_2000001.MuDst.root on host xrdstar04.rcf.bnl.gov:1095
Error in <TXNetFile::CreateXClient>: open attempt failed on root://xrdstar.rcf.bnl.gov:1095//home/starreco/reco/fixedTarget2015/ReversedFullField/P16ia/2015/140/16140028/st_physics_16140028_raw_2000001.MuDst.root
181114 12:58:28 24432 Xrd: CheckErrorStatus: Server [xrdstar.rcf.bnl.gov:1095] declared: No servers are available to read the file.(error code: 3011)
181114 12:58:28 24432 Xrd: Open: Error opening the file /home/starreco/reco/fixedTarget2015/ReversedFullField/P16ia/2015/140/16140028/st_physics_16140028_raw_2000001.MuDst.root on host xrdstar04.rcf.bnl.gov:1095
Error in <TXNetFile::CreateXClient>: open attempt failed on root://xrdstar.rcf.bnl.gov:1095//home/starreco/reco/fixedTarget2015/ReversedFullField/P16ia/2015/140/16140028/st_physics_16140028_raw_2000001.MuDst.root
181114 12:58:28 24432 Xrd: CheckErrorStatus: Server [xrdstar.rcf.bnl.gov:1095] declared: No servers are available to read the file.(error code: 3011)
181114 12:58:28 24432 Xrd: Open: Error opening the file /home/starreco/reco/fixedTarget2015/ReversedFullField/P16ia/2015/140/16140028/st_physics_16140028_raw_2000001.MuDst.root on host xrdstar04.rcf.bnl.gov:1095
Error in <TXNetFile::CreateXClient>: open attempt failed on root://xrdstar.rcf.bnl.gov:1095//home/starreco/reco/fixedTarget2015/ReversedFullField/P16ia/2015/140/16140028/st_physics_16140028_raw_2000001.MuDst.root
181114 12:58:28 24432 Xrd: CheckErrorStatus: Server [xrdstar.rcf.bnl.gov:1095] declared: No servers are available to read the file.(error code: 3011)
181114 12:58:28 24432 Xrd: Open: Error opening the file /home/starreco/reco/fixedTarget2015/ReversedFullField/P16ia/2015/140/16140028/st_physics_16140028_raw_2000001.MuDst.root on host xrdstar04.rcf.bnl.gov:1095
Error in <TXNetFile::CreateXClient>: open attempt failed on root://xrdstar.rcf.bnl.gov:1095//home/starreco/reco/fixedTarget2015/ReversedFullField/P16ia/2015/140/16140028/st_physics_16140028_raw_2000001.MuDst.root
Warning in <StMuDstMaker::setBranchAddresses>: Branch name FmsHit does not exist
181114 12:58:28 24432 Xrd: CheckErrorStatus: Server [xrdstar.rcf.bnl.gov:1095] declared: No servers are available to read the file.(error code: 3011)
181114 12:58:28 24432 Xrd: Open: Error opening the file /home/starreco/reco/fixedTarget2015/ReversedFullField/P16ia/2015/140/16140028/st_physics_16140028_raw_2000001.MuDst.root on host xrdstar04.rcf.bnl.gov:1095
Error in <TXNetFile::CreateXClient>: open attempt failed on root://xrdstar.rcf.bnl.gov:1095//home/starreco/reco/fixedTarget2015/ReversedFullField/P16ia/2015/140/16140028/st_physics_16140028_raw_2000001.MuDst.root
Warning in <StMuDstMaker::setBranchAddresses>: Branch name FmsCluster does not exist
181114 12:58:28 24432 Xrd: CheckErrorStatus: Server [xrdstar.rcf.bnl.gov:1095] declared: No servers are available to read the file.(error code: 3011)
181114 12:58:28 24432 Xrd: Open: Error opening the file /home/starreco/reco/fixedTarget2015/ReversedFullField/P16ia/2015/140/16140028/st_physics_16140028_raw_2000001.MuDst.root on host xrdstar04.rcf.bnl.gov:1095
Error in <TXNetFile::CreateXClient>: open attempt failed on root://xrdstar.rcf.bnl.gov:1095//home/starreco/reco/fixedTarget2015/ReversedFullField/P16ia/2015/140/16140028/st_physics_16140028_raw_2000001.MuDst.root
Warning in <StMuDstMaker::setBranchAddresses>: Branch name FmsPoint does not exist
181114 12:58:28 24432 Xrd: CheckErrorStatus: Server [xrdstar.rcf.bnl.gov:1095] declared: No servers are available to read the file.(error code: 3011)
181114 12:58:28 24432 Xrd: Open: Error opening the file /home/starreco/reco/fixedTarget2015/ReversedFullField/P16ia/2015/140/16140028/st_physics_16140028_raw_2000001.MuDst.root on host xrdstar04.rcf.bnl.gov:1095
Error in <TXNetFile::CreateXClient>: open attempt failed on root://xrdstar.rcf.bnl.gov:1095//home/starreco/reco/fixedTarget2015/ReversedFullField/P16ia/2015/140/16140028/st_physics_16140028_raw_2000001.MuDst.root
Warning in <StMuDstMaker::setBranchAddresses>: Branch name FmsInfo does not exist
181114 12:58:28 24432 Xrd: CheckErrorStatus: Server [xrdstar.rcf.bnl.gov:1095] declared: No servers are available to read the file.(error code: 3011)
181114 12:58:28 24432 Xrd: Open: Error opening the file /home/starreco/reco/fixedTarget2015/ReversedFullField/P16ia/2015/140/16140028/st_physics_16140028_raw_2000001.MuDst.root on host xrdstar04.rcf.bnl.gov:1095
Error in <TXNetFile::CreateXClient>: open attempt failed on root://xrdstar.rcf.bnl.gov:1095//home/starreco/reco/fixedTarget2015/ReversedFullField/P16ia/2015/140/16140028/st_physics_16140028_raw_2000001.MuDst.root
Warning in <StMuDstMaker::setBranchAddresses>: Branch name TofHit does not exist
181114 12:58:28 24432 Xrd: CheckErrorStatus: Server [xrdstar.rcf.bnl.gov:1095] declared: No servers are available to read the file.(error code: 3011)
181114 12:58:28 24432 Xrd: Open: Error opening the file /home/starreco/reco/fixedTarget2015/ReversedFullField/P16ia/2015/140/16140028/st_physics_16140028_raw_2000001.MuDst.root on host xrdstar04.rcf.bnl.gov:1095
Error in <TXNetFile::CreateXClient>: open attempt failed on root://xrdstar.rcf.bnl.gov:1095//home/starreco/reco/fixedTarget2015/ReversedFullField/P16ia/2015/140/16140028/st_physics_16140028_raw_2000001.MuDst.root
Warning in <StMuDstMaker::setBranchAddresses>: Branch name TofData does not exist
181114 12:58:28 24432 Xrd: CheckErrorStatus: Server [xrdstar.rcf.bnl.gov:1095] declared: No servers are available to read the file.(error code: 3011)
181114 12:58:28 24432 Xrd: Open: Error opening the file /home/starreco/reco/fixedTarget2015/ReversedFullField/P16ia/2015/140/16140028/st_physics_16140028_raw_2000001.MuDst.root on host xrdstar04.rcf.bnl.gov:1095
Error in <TXNetFile::CreateXClient>: open attempt failed on root://xrdstar.rcf.bnl.gov:1095//home/starreco/reco/fixedTarget2015/ReversedFullField/P16ia/2015/140/16140028/st_physics_16140028_raw_2000001.MuDst.root
Warning in <StMuDstMaker::setBranchAddresses>: Branch name TofRawData does not exist
181114 12:58:28 24432 Xrd: CheckErrorStatus: Server [xrdstar.rcf.bnl.gov:1095] declared: No servers are available to read the file.(error code: 3011)
181114 12:58:28 24432 Xrd: Open: Error opening the file /home/starreco/reco/fixedTarget2015/ReversedFullField/P16ia/2015/140/16140028/st_physics_16140028_raw_2000001.MuDst.root on host xrdstar04.rcf.bnl.gov:1095
Error in <TXNetFile::CreateXClient>: open attempt failed on root://xrdstar.rcf.bnl.gov:1095//home/starreco/reco/fixedTarget2015/ReversedFullField/P16ia/2015/140/16140028/st_physics_16140028_raw_2000001.MuDst.root
Warning in <StMuDstMaker::setBranchAddresses>: Branch name BTofHit does not exist
181114 12:58:28 24432 Xrd: CheckErrorStatus: Server [xrdstar.rcf.bnl.gov:1095] declared: No servers are available to read the file.(error code: 3011)
181114 12:58:28 24432 Xrd: Open: Error opening the file /home/starreco/reco/fixedTarget2015/ReversedFullField/P16ia/2015/140/16140028/st_physics_16140028_raw_2000001.MuDst.root on host xrdstar04.rcf.bnl.gov:1095
Error in <TXNetFile::CreateXClient>: open attempt failed on root://xrdstar.rcf.bnl.gov:1095//home/starreco/reco/fixedTarget2015/ReversedFullField/P16ia/2015/140/16140028/st_physics_16140028_raw_2000001.MuDst.root
Warning in <StMuDstMaker::setBranchAddresses>: Branch name BTofRawHit does not exist
181114 12:58:28 24432 Xrd: CheckErrorStatus: Server [xrdstar.rcf.bnl.gov:1095] declared: No servers are available to read the file.(error code: 3011)
181114 12:58:28 24432 Xrd: Open: Error opening the file /home/starreco/reco/fixedTarget2015/ReversedFullField/P16ia/2015/140/16140028/st_physics_16140028_raw_2000001.MuDst.root on host xrdstar04.rcf.bnl.gov:1095
Error in <TXNetFile::CreateXClient>: open attempt failed on root://xrdstar.rcf.bnl.gov:1095//home/starreco/reco/fixedTarget2015/ReversedFullField/P16ia/2015/140/16140028/st_physics_16140028_raw_2000001.MuDst.root
Warning in <StMuDstMaker::setBranchAddresses>: Branch name BTofHeader does not exist
181114 12:58:28 24432 Xrd: CheckErrorStatus: Server [xrdstar.rcf.bnl.gov:1095] declared: No servers are available to read the file.(error code: 3011)
181114 12:58:28 24432 Xrd: Open: Error opening the file /home/starreco/reco/fixedTarget2015/ReversedFullField/P16ia/2015/140/16140028/st_physics_16140028_raw_2000001.MuDst.root on host xrdstar04.rcf.bnl.gov:1095
Error in <TXNetFile::CreateXClient>: open attempt failed on root://xrdstar.rcf.bnl.gov:1095//home/starreco/reco/fixedTarget2015/ReversedFullField/P16ia/2015/140/16140028/st_physics_16140028_raw_2000001.MuDst.root
Warning in <StMuDstMaker::setBranchAddresses>: Branch name EpdHit does not exist
181114 12:58:28 24432 Xrd: CheckErrorStatus: Server [xrdstar.rcf.bnl.gov:1095] declared: No servers are available to read the file.(error code: 3011)
181114 12:58:28 24432 Xrd: Open: Error opening the file /home/starreco/reco/fixedTarget2015/ReversedFullField/P16ia/2015/140/16140028/st_physics_16140028_raw_2000001.MuDst.root on host xrdstar04.rcf.bnl.gov:1095
Error in <TXNetFile::CreateXClient>: open attempt failed on root://xrdstar.rcf.bnl.gov:1095//home/starreco/reco/fixedTarget2015/ReversedFullField/P16ia/2015/140/16140028/st_physics_16140028_raw_2000001.MuDst.root
Warning in <StMuDstMaker::setBranchAddresses>: Branch name MTDHit does not exist
181114 12:58:28 24432 Xrd: CheckErrorStatus: Server [xrdstar.rcf.bnl.gov:1095] declared: No servers are available to read the file.(error code: 3011)
181114 12:58:28 24432 Xrd: Open: Error opening the file /home/starreco/reco/fixedTarget2015/ReversedFullField/P16ia/2015/140/16140028/st_physics_16140028_raw_2000001.MuDst.root on host xrdstar04.rcf.bnl.gov:1095
Error in <TXNetFile::CreateXClient>: open attempt failed on root://xrdstar.rcf.bnl.gov:1095//home/starreco/reco/fixedTarget2015/ReversedFullField/P16ia/2015/140/16140028/st_physics_16140028_raw_2000001.MuDst.root
Warning in <StMuDstMaker::setBranchAddresses>: Branch name MTDRawHit does not exist
181114 12:58:28 24432 Xrd: CheckErrorStatus: Server [xrdstar.rcf.bnl.gov:1095] declared: No servers are available to read the file.(error code: 3011)
181114 12:58:28 24432 Xrd: Open: Error opening the file /home/starreco/reco/fixedTarget2015/ReversedFullField/P16ia/2015/140/16140028/st_physics_16140028_raw_2000001.MuDst.root on host xrdstar04.rcf.bnl.gov:1095
Error in <TXNetFile::CreateXClient>: open attempt failed on root://xrdstar.rcf.bnl.gov:1095//home/starreco/reco/fixedTarget2015/ReversedFullField/P16ia/2015/140/16140028/st_physics_16140028_raw_2000001.MuDst.root
Warning in <StMuDstMaker::setBranchAddresses>: Branch name MTDHeader does not exist
181114 12:58:28 24432 Xrd: CheckErrorStatus: Server [xrdstar.rcf.bnl.gov:1095] declared: No servers are available to read the file.(error code: 3011)
181114 12:58:28 24432 Xrd: Open: Error opening the file /home/starreco/reco/fixedTarget2015/ReversedFullField/P16ia/2015/140/16140028/st_physics_16140028_raw_2000001.MuDst.root on host xrdstar04.rcf.bnl.gov:1095
Error in <TXNetFile::CreateXClient>: open attempt failed on root://xrdstar.rcf.bnl.gov:1095//home/starreco/reco/fixedTarget2015/ReversedFullField/P16ia/2015/140/16140028/st_physics_16140028_raw_2000001.MuDst.root
Warning in <StMuDstMaker::setBranchAddresses>: Branch name FgtStrip does not exist
181114 12:58:28 24432 Xrd: CheckErrorStatus: Server [xrdstar.rcf.bnl.gov:1095] declared: No servers are available to read the file.(error code: 3011)
181114 12:58:28 24432 Xrd: Open: Error opening the file /home/starreco/reco/fixedTarget2015/ReversedFullField/P16ia/2015/140/16140028/st_physics_16140028_raw_2000001.MuDst.root on host xrdstar04.rcf.bnl.gov:1095
Error in <TXNetFile::CreateXClient>: open attempt failed on root://xrdstar.rcf.bnl.gov:1095//home/starreco/reco/fixedTarget2015/ReversedFullField/P16ia/2015/140/16140028/st_physics_16140028_raw_2000001.MuDst.root
Warning in <StMuDstMaker::setBranchAddresses>: Branch name FgtCluster does not exist
181114 12:58:28 24432 Xrd: CheckErrorStatus: Server [xrdstar.rcf.bnl.gov:1095] declared: No servers are available to read the file.(error code: 3011)
181114 12:58:28 24432 Xrd: Open: Error opening the file /home/starreco/reco/fixedTarget2015/ReversedFullField/P16ia/2015/140/16140028/st_physics_16140028_raw_2000001.MuDst.root on host xrdstar04.rcf.bnl.gov:1095
Error in <TXNetFile::CreateXClient>: open attempt failed on root://xrdstar.rcf.bnl.gov:1095//home/starreco/reco/fixedTarget2015/ReversedFullField/P16ia/2015/140/16140028/st_physics_16140028_raw_2000001.MuDst.root
Warning in <StMuDstMaker::setBranchAddresses>: Branch name FgtStripAssociation does not exist
181114 12:58:28 24432 Xrd: CheckErrorStatus: Server [xrdstar.rcf.bnl.gov:1095] declared: No servers are available to read the file.(error code: 3011)
181114 12:58:28 24432 Xrd: Open: Error opening the file /home/starreco/reco/fixedTarget2015/ReversedFullField/P16ia/2015/140/16140028/st_physics_16140028_raw_2000001.MuDst.root on host xrdstar04.rcf.bnl.gov:1095
Error in <TXNetFile::CreateXClient>: open attempt failed on root://xrdstar.rcf.bnl.gov:1095//home/starreco/reco/fixedTarget2015/ReversedFullField/P16ia/2015/140/16140028/st_physics_16140028_raw_2000001.MuDst.root
Warning in <StMuDstMaker::setBranchAddresses>: Branch name FgtAdc does not exist
181114 12:58:28 24432 Xrd: CheckErrorStatus: Server [xrdstar.rcf.bnl.gov:1095] declared: No servers are available to read the file.(error code: 3011)
181114 12:58:28 24432 Xrd: Open: Error opening the file /home/starreco/reco/fixedTarget2015/ReversedFullField/P16ia/2015/140/16140028/st_physics_16140028_raw_2000001.MuDst.root on host xrdstar04.rcf.bnl.gov:1095
Error in <TXNetFile::CreateXClient>: open attempt failed on root://xrdstar.rcf.bnl.gov:1095//home/starreco/reco/fixedTarget2015/ReversedFullField/P16ia/2015/140/16140028/st_physics_16140028_raw_2000001.MuDst.root
181114 12:58:28 24432 Xrd: CheckErrorStatus: Server [xrdstar.rcf.bnl.gov:1095] declared: No servers are available to read the file.(error code: 3011)
181114 12:58:28 24432 Xrd: Open: Error opening the file /home/starreco/reco/fixedTarget2015/ReversedFullField/P16ia/2015/140/16140028/st_physics_16140028_raw_2000001.MuDst.root on host xrdstar04.rcf.bnl.gov:1095
Error in <TXNetFile::CreateXClient>: open attempt failed on root://xrdstar.rcf.bnl.gov:1095//home/starreco/reco/fixedTarget2015/ReversedFullField/P16ia/2015/140/16140028/st_physics_16140028_raw_2000001.MuDst.root
181114 12:58:28 24432 Xrd: CheckErrorStatus: Server [xrdstar.rcf.bnl.gov:1095] declared: No servers are available to read the file.(error code: 3011)
181114 12:58:28 24432 Xrd: Open: Error opening the file /home/starreco/reco/fixedTarget2015/ReversedFullField/P16ia/2015/140/16140028/st_physics_16140028_raw_2000001.MuDst.root on host xrdstar04.rcf.bnl.gov:1095
Error in <TXNetFile::CreateXClient>: open attempt failed on root://xrdstar.rcf.bnl.gov:1095//home/starreco/reco/fixedTarget2015/ReversedFullField/P16ia/2015/140/16140028/st_physics_16140028_raw_2000001.MuDst.root
Warning in <StMuDstMaker::setBranchAddresses>: Branch name MuEvent does not exist
181114 12:58:28 24432 Xrd: CheckErrorStatus: Server [xrdstar.rcf.bnl.gov:1095] declared: No servers are available to read the file.(error code: 3011)
181114 12:58:28 24432 Xrd: Open: Error opening the file /home/starreco/reco/fixedTarget2015/ReversedFullField/P16ia/2015/140/16140028/st_physics_16140028_raw_2000001.MuDst.root on host xrdstar04.rcf.bnl.gov:1095
Error in <TXNetFile::CreateXClient>: open attempt failed on root://xrdstar.rcf.bnl.gov:1095//home/starreco/reco/fixedTarget2015/ReversedFullField/P16ia/2015/140/16140028/st_physics_16140028_raw_2000001.MuDst.root
Warning in <StMuDstMaker::setBranchAddresses>: Branch name PrimaryVertices does not exist
181114 12:58:28 24432 Xrd: CheckErrorStatus: Server [xrdstar.rcf.bnl.gov:1095] declared: No servers are available to read the file.(error code: 3011)
181114 12:58:28 24432 Xrd: Open: Error opening the file /home/starreco/reco/fixedTarget2015/ReversedFullField/P16ia/2015/140/16140028/st_physics_16140028_raw_2000001.MuDst.root on host xrdstar04.rcf.bnl.gov:1095
Error in <TXNetFile::CreateXClient>: open attempt failed on root://xrdstar.rcf.bnl.gov:1095//home/starreco/reco/fixedTarget2015/ReversedFullField/P16ia/2015/140/16140028/st_physics_16140028_raw_2000001.MuDst.root
Warning in <StMuDstMaker::setBranchAddresses>: Branch name PrimaryTracks does not exist
181114 12:58:28 24432 Xrd: CheckErrorStatus: Server [xrdstar.rcf.bnl.gov:1095] declared: No servers are available to read the file.(error code: 3011)
181114 12:58:28 24432 Xrd: Open: Error opening the file /home/starreco/reco/fixedTarget2015/ReversedFullField/P16ia/2015/140/16140028/st_physics_16140028_raw_2000001.MuDst.root on host xrdstar04.rcf.bnl.gov:1095
Error in <TXNetFile::CreateXClient>: open attempt failed on root://xrdstar.rcf.bnl.gov:1095//home/starreco/reco/fixedTarget2015/ReversedFullField/P16ia/2015/140/16140028/st_physics_16140028_raw_2000001.MuDst.root
Warning in <StMuDstMaker::setBranchAddresses>: Branch name GlobalTracks does not exist
181114 12:58:28 24432 Xrd: CheckErrorStatus: Server [xrdstar.rcf.bnl.gov:1095] declared: No servers are available to read the file.(error code: 3011)
181114 12:58:28 24432 Xrd: Open: Error opening the file /home/starreco/reco/fixedTarget2015/ReversedFullField/P16ia/2015/140/16140028/st_physics_16140028_raw_2000001.MuDst.root on host xrdstar04.rcf.bnl.gov:1095
Error in <TXNetFile::CreateXClient>: open attempt failed on root://xrdstar.rcf.bnl.gov:1095//home/starreco/reco/fixedTarget2015/ReversedFullField/P16ia/2015/140/16140028/st_physics_16140028_raw_2000001.MuDst.root
Warning in <StMuDstMaker::setBranchAddresses>: Branch name OtherTracks does not exist
181114 12:58:28 24432 Xrd: CheckErrorStatus: Server [xrdstar.rcf.bnl.gov:1095] declared: No servers are available to read the file.(error code: 3011)
181114 12:58:28 24432 Xrd: Open: Error opening the file /home/starreco/reco/fixedTarget2015/ReversedFullField/P16ia/2015/140/16140028/st_physics_16140028_raw_2000001.MuDst.root on host xrdstar04.rcf.bnl.gov:1095
Error in <TXNetFile::CreateXClient>: open attempt failed on root://xrdstar.rcf.bnl.gov:1095//home/starreco/reco/fixedTarget2015/ReversedFullField/P16ia/2015/140/16140028/st_physics_16140028_raw_2000001.MuDst.root
Warning in <StMuDstMaker::setBranchAddresses>: Branch name L3Tracks does not exist
181114 12:58:28 24432 Xrd: CheckErrorStatus: Server [xrdstar.rcf.bnl.gov:1095] declared: No servers are available to read the file.(error code: 3011)
181114 12:58:28 24432 Xrd: Open: Error opening the file /home/starreco/reco/fixedTarget2015/ReversedFullField/P16ia/2015/140/16140028/st_physics_16140028_raw_2000001.MuDst.root on host xrdstar04.rcf.bnl.gov:1095
Error in <TXNetFile::CreateXClient>: open attempt failed on root://xrdstar.rcf.bnl.gov:1095//home/starreco/reco/fixedTarget2015/ReversedFullField/P16ia/2015/140/16140028/st_physics_16140028_raw_2000001.MuDst.root
Warning in <StMuDstMaker::setBranchAddresses>: Branch name RichSpectra does not exist
181114 12:58:28 24432 Xrd: CheckErrorStatus: Server [xrdstar.rcf.bnl.gov:1095] declared: No servers are available to read the file.(error code: 3011)
181114 12:58:28 24432 Xrd: Open: Error opening the file /home/starreco/reco/fixedTarget2015/ReversedFullField/P16ia/2015/140/16140028/st_physics_16140028_raw_2000001.MuDst.root on host xrdstar04.rcf.bnl.gov:1095
Error in <TXNetFile::CreateXClient>: open attempt failed on root://xrdstar.rcf.bnl.gov:1095//home/starreco/reco/fixedTarget2015/ReversedFullField/P16ia/2015/140/16140028/st_physics_16140028_raw_2000001.MuDst.root
Warning in <StMuDstMaker::setBranchAddresses>: Branch name DetectorStates does not exist
181114 12:58:28 24432 Xrd: CheckErrorStatus: Server [xrdstar.rcf.bnl.gov:1095] declared: No servers are available to read the file.(error code: 3011)
181114 12:58:28 24432 Xrd: Open: Error opening the file /home/starreco/reco/fixedTarget2015/ReversedFullField/P16ia/2015/140/16140028/st_physics_16140028_raw_2000001.MuDst.root on host xrdstar04.rcf.bnl.gov:1095
Error in <TXNetFile::CreateXClient>: open attempt failed on root://xrdstar.rcf.bnl.gov:1095//home/starreco/reco/fixedTarget2015/ReversedFullField/P16ia/2015/140/16140028/st_physics_16140028_raw_2000001.MuDst.root
Warning in <StMuDstMaker::setBranchAddresses>: Branch name L3AlgoAccept does not exist
181114 12:58:28 24432 Xrd: CheckErrorStatus: Server [xrdstar.rcf.bnl.gov:1095] declared: No servers are available to read the file.(error code: 3011)
181114 12:58:28 24432 Xrd: Open: Error opening the file /home/starreco/reco/fixedTarget2015/ReversedFullField/P16ia/2015/140/16140028/st_physics_16140028_raw_2000001.MuDst.root on host xrdstar04.rcf.bnl.gov:1095
Error in <TXNetFile::CreateXClient>: open attempt failed on root://xrdstar.rcf.bnl.gov:1095//home/starreco/reco/fixedTarget2015/ReversedFullField/P16ia/2015/140/16140028/st_physics_16140028_raw_2000001.MuDst.root
Warning in <StMuDstMaker::setBranchAddresses>: Branch name L3AlgoReject does not exist
181114 12:58:28 24432 Xrd: CheckErrorStatus: Server [xrdstar.rcf.bnl.gov:1095] declared: No servers are available to read the file.(error code: 3011)
181114 12:58:28 24432 Xrd: Open: Error opening the file /home/starreco/reco/fixedTarget2015/ReversedFullField/P16ia/2015/140/16140028/st_physics_16140028_raw_2000001.MuDst.root on host xrdstar04.rcf.bnl.gov:1095
Error in <TXNetFile::CreateXClient>: open attempt failed on root://xrdstar.rcf.bnl.gov:1095//home/starreco/reco/fixedTarget2015/ReversedFullField/P16ia/2015/140/16140028/st_physics_16140028_raw_2000001.MuDst.root
Warning in <StMuDstMaker::setBranchAddresses>: Branch name CovGlobTrack does not exist
181114 12:58:28 24432 Xrd: CheckErrorStatus: Server [xrdstar.rcf.bnl.gov:1095] declared: No servers are available to read the file.(error code: 3011)
181114 12:58:28 24432 Xrd: Open: Error opening the file /home/starreco/reco/fixedTarget2015/ReversedFullField/P16ia/2015/140/16140028/st_physics_16140028_raw_2000001.MuDst.root on host xrdstar04.rcf.bnl.gov:1095
Error in <TXNetFile::CreateXClient>: open attempt failed on root://xrdstar.rcf.bnl.gov:1095//home/starreco/reco/fixedTarget2015/ReversedFullField/P16ia/2015/140/16140028/st_physics_16140028_raw_2000001.MuDst.root
Warning in <StMuDstMaker::setBranchAddresses>: Branch name CovPrimTrack does not exist
181114 12:58:28 24432 Xrd: CheckErrorStatus: Server [xrdstar.rcf.bnl.gov:1095] declared: No servers are available to read the file.(error code: 3011)
181114 12:58:28 24432 Xrd: Open: Error opening the file /home/starreco/reco/fixedTarget2015/ReversedFullField/P16ia/2015/140/16140028/st_physics_16140028_raw_2000001.MuDst.root on host xrdstar04.rcf.bnl.gov:1095
Error in <TXNetFile::CreateXClient>: open attempt failed on root://xrdstar.rcf.bnl.gov:1095//home/starreco/reco/fixedTarget2015/ReversedFullField/P16ia/2015/140/16140028/st_physics_16140028_raw_2000001.MuDst.root
Warning in <StMuDstMaker::setBranchAddresses>: Branch name pp2pp does not exist
181114 12:58:28 24432 Xrd: CheckErrorStatus: Server [xrdstar.rcf.bnl.gov:1095] declared: No servers are available to read the file.(error code: 3011)
181114 12:58:28 24432 Xrd: Open: Error opening the file /home/starreco/reco/fixedTarget2015/ReversedFullField/P16ia/2015/140/16140028/st_physics_16140028_raw_2000001.MuDst.root on host xrdstar04.rcf.bnl.gov:1095
Error in <TXNetFile::CreateXClient>: open attempt failed on root://xrdstar.rcf.bnl.gov:1095//home/starreco/reco/fixedTarget2015/ReversedFullField/P16ia/2015/140/16140028/st_physics_16140028_raw_2000001.MuDst.root
Warning in <StMuDstMaker::setBranchAddresses>: Branch name mtd does not exist
181114 12:58:28 24432 Xrd: CheckErrorStatus: Server [xrdstar.rcf.bnl.gov:1095] declared: No servers are available to read the file.(error code: 3011)
181114 12:58:28 24432 Xrd: Open: Error opening the file /home/starreco/reco/fixedTarget2015/ReversedFullField/P16ia/2015/140/16140028/st_physics_16140028_raw_2000001.MuDst.root on host xrdstar04.rcf.bnl.gov:1095
Error in <TXNetFile::CreateXClient>: open attempt failed on root://xrdstar.rcf.bnl.gov:1095//home/starreco/reco/fixedTarget2015/ReversedFullField/P16ia/2015/140/16140028/st_physics_16140028_raw_2000001.MuDst.root
Warning in <StMuDstMaker::setBranchAddresses>: Branch name Event does not exist
181114 12:58:28 24432 Xrd: CheckErrorStatus: Server [xrdstar.rcf.bnl.gov:1095] declared: No servers are available to read the file.(error code: 3011)
181114 12:58:28 24432 Xrd: Open: Error opening the file /home/starreco/reco/fixedTarget2015/ReversedFullField/P16ia/2015/140/16140028/st_physics_16140028_raw_2000001.MuDst.root on host xrdstar04.rcf.bnl.gov:1095
Error in <TXNetFile::CreateXClient>: open attempt failed on root://xrdstar.rcf.bnl.gov:1095//home/starreco/reco/fixedTarget2015/ReversedFullField/P16ia/2015/140/16140028/st_physics_16140028_raw_2000001.MuDst.root
Warning in <StMuDstMaker::setBranchAddresses>: Branch name McEvent does not exist
181114 12:58:28 24432 Xrd: CheckErrorStatus: Server [xrdstar.rcf.bnl.gov:1095] declared: No servers are available to read the file.(error code: 3011)
181114 12:58:28 24432 Xrd: Open: Error opening the file /home/starreco/reco/fixedTarget2015/ReversedFullField/P16ia/2015/140/16140028/st_physics_16140028_raw_2000001.MuDst.root on host xrdstar04.rcf.bnl.gov:1095
Error in <TXNetFile::CreateXClient>: open attempt failed on root://xrdstar.rcf.bnl.gov:1095//home/starreco/reco/fixedTarget2015/ReversedFullField/P16ia/2015/140/16140028/st_physics_16140028_raw_2000001.MuDst.root
Warning in <StMuDstMaker::setBranchAddresses>: Branch name V0 does not exist
181114 12:58:28 24432 Xrd: CheckErrorStatus: Server [xrdstar.rcf.bnl.gov:1095] declared: No servers are available to read the file.(error code: 3011)
181114 12:58:28 24432 Xrd: Open: Error opening the file /home/starreco/reco/fixedTarget2015/ReversedFullField/P16ia/2015/140/16140028/st_physics_16140028_raw_2000001.MuDst.root on host xrdstar04.rcf.bnl.gov:1095
Error in <TXNetFile::CreateXClient>: open attempt failed on root://xrdstar.rcf.bnl.gov:1095//home/starreco/reco/fixedTarget2015/ReversedFullField/P16ia/2015/140/16140028/st_physics_16140028_raw_2000001.MuDst.root
Warning in <StMuDstMaker::setBranchAddresses>: Branch name McV0 does not exist
181114 12:58:28 24432 Xrd: CheckErrorStatus: Server [xrdstar.rcf.bnl.gov:1095] declared: No servers are available to read the file.(error code: 3011)
181114 12:58:28 24432 Xrd: Open: Error opening the file /home/starreco/reco/fixedTarget2015/ReversedFullField/P16ia/2015/140/16140028/st_physics_16140028_raw_2000001.MuDst.root on host xrdstar04.rcf.bnl.gov:1095
Error in <TXNetFile::CreateXClient>: open attempt failed on root://xrdstar.rcf.bnl.gov:1095//home/starreco/reco/fixedTarget2015/ReversedFullField/P16ia/2015/140/16140028/st_physics_16140028_raw_2000001.MuDst.root
Warning in <StMuDstMaker::setBranchAddresses>: Branch name V0Assoc does not exist
181114 12:58:28 24432 Xrd: CheckErrorStatus: Server [xrdstar.rcf.bnl.gov:1095] declared: No servers are available to read the file.(error code: 3011)
181114 12:58:28 24432 Xrd: Open: Error opening the file /home/starreco/reco/fixedTarget2015/ReversedFullField/P16ia/2015/140/16140028/st_physics_16140028_raw_2000001.MuDst.root on host xrdstar04.rcf.bnl.gov:1095
Error in <TXNetFile::CreateXClient>: open attempt failed on root://xrdstar.rcf.bnl.gov:1095//home/starreco/reco/fixedTarget2015/ReversedFullField/P16ia/2015/140/16140028/st_physics_16140028_raw_2000001.MuDst.root
Warning in <StMuDstMaker::setBranchAddresses>: Branch name Xi does not exist
181114 12:58:28 24432 Xrd: CheckErrorStatus: Server [xrdstar.rcf.bnl.gov:1095] declared: No servers are available to read the file.(error code: 3011)
181114 12:58:28 24432 Xrd: Open: Error opening the file /home/starreco/reco/fixedTarget2015/ReversedFullField/P16ia/2015/140/16140028/st_physics_16140028_raw_2000001.MuDst.root on host xrdstar04.rcf.bnl.gov:1095
Error in <TXNetFile::CreateXClient>: open attempt failed on root://xrdstar.rcf.bnl.gov:1095//home/starreco/reco/fixedTarget2015/ReversedFullField/P16ia/2015/140/16140028/st_physics_16140028_raw_2000001.MuDst.root
Warning in <StMuDstMaker::setBranchAddresses>: Branch name McXi does not exist
181114 12:58:28 24432 Xrd: CheckErrorStatus: Server [xrdstar.rcf.bnl.gov:1095] declared: No servers are available to read the file.(error code: 3011)
181114 12:58:28 24432 Xrd: Open: Error opening the file /home/starreco/reco/fixedTarget2015/ReversedFullField/P16ia/2015/140/16140028/st_physics_16140028_raw_2000001.MuDst.root on host xrdstar04.rcf.bnl.gov:1095
Error in <TXNetFile::CreateXClient>: open attempt failed on root://xrdstar.rcf.bnl.gov:1095//home/starreco/reco/fixedTarget2015/ReversedFullField/P16ia/2015/140/16140028/st_physics_16140028_raw_2000001.MuDst.root
Warning in <StMuDstMaker::setBranchAddresses>: Branch name XiAssoc does not exist
181114 12:58:28 24432 Xrd: CheckErrorStatus: Server [xrdstar.rcf.bnl.gov:1095] declared: No servers are available to read the file.(error code: 3011)
181114 12:58:28 24432 Xrd: Open: Error opening the file /home/starreco/reco/fixedTarget2015/ReversedFullField/P16ia/2015/140/16140028/st_physics_16140028_raw_2000001.MuDst.root on host xrdstar04.rcf.bnl.gov:1095
Error in <TXNetFile::CreateXClient>: open attempt failed on root://xrdstar.rcf.bnl.gov:1095//home/starreco/reco/fixedTarget2015/ReversedFullField/P16ia/2015/140/16140028/st_physics_16140028_raw_2000001.MuDst.root
Warning in <StMuDstMaker::setBranchAddresses>: Branch name Kink does not exist
181114 12:58:28 24432 Xrd: CheckErrorStatus: Server [xrdstar.rcf.bnl.gov:1095] declared: No servers are available to read the file.(error code: 3011)
181114 12:58:28 24432 Xrd: Open: Error opening the file /home/starreco/reco/fixedTarget2015/ReversedFullField/P16ia/2015/140/16140028/st_physics_16140028_raw_2000001.MuDst.root on host xrdstar04.rcf.bnl.gov:1095
Error in <TXNetFile::CreateXClient>: open attempt failed on root://xrdstar.rcf.bnl.gov:1095//home/starreco/reco/fixedTarget2015/ReversedFullField/P16ia/2015/140/16140028/st_physics_16140028_raw_2000001.MuDst.root
Warning in <StMuDstMaker::setBranchAddresses>: Branch name McKink does not exist
181114 12:58:28 24432 Xrd: CheckErrorStatus: Server [xrdstar.rcf.bnl.gov:1095] declared: No servers are available to read the file.(error code: 3011)
181114 12:58:28 24432 Xrd: Open: Error opening the file /home/starreco/reco/fixedTarget2015/ReversedFullField/P16ia/2015/140/16140028/st_physics_16140028_raw_2000001.MuDst.root on host xrdstar04.rcf.bnl.gov:1095
Error in <TXNetFile::CreateXClient>: open attempt failed on root://xrdstar.rcf.bnl.gov:1095//home/starreco/reco/fixedTarget2015/ReversedFullField/P16ia/2015/140/16140028/st_physics_16140028_raw_2000001.MuDst.root
Warning in <StMuDstMaker::setBranchAddresses>: Branch name KinkAssoc does not exist
181114 12:58:28 24432 Xrd: CheckErrorStatus: Server [xrdstar.rcf.bnl.gov:1095] declared: No servers are available to read the file.(error code: 3011)
181114 12:58:28 24432 Xrd: Open: Error opening the file /home/starreco/reco/fixedTarget2015/ReversedFullField/P16ia/2015/140/16140028/st_physics_16140028_raw_2000001.MuDst.root on host xrdstar04.rcf.bnl.gov:1095
Error in <TXNetFile::CreateXClient>: open attempt failed on root://xrdstar.rcf.bnl.gov:1095//home/starreco/reco/fixedTarget2015/ReversedFullField/P16ia/2015/140/16140028/st_physics_16140028_raw_2000001.MuDst.root
Warning in <StMuDstMaker::setBranchAddresses>: Branch name StrangeCuts does not exist
181114 12:58:28 24432 Xrd: CheckErrorStatus: Server [xrdstar.rcf.bnl.gov:1095] declared: No servers are available to read the file.(error code: 3011)
181114 12:58:28 24432 Xrd: Open: Error opening the file /home/starreco/reco/fixedTarget2015/ReversedFullField/P16ia/2015/140/16140028/st_physics_16140028_raw_2000001.MuDst.root on host xrdstar04.rcf.bnl.gov:1095
Error in <TXNetFile::CreateXClient>: open attempt failed on root://xrdstar.rcf.bnl.gov:1095//home/starreco/reco/fixedTarget2015/ReversedFullField/P16ia/2015/140/16140028/st_physics_16140028_raw_2000001.MuDst.root
Warning in <StMuDstMaker::setBranchAddresses>: Branch name StMuMcVertex does not exist
181114 12:58:28 24432 Xrd: CheckErrorStatus: Server [xrdstar.rcf.bnl.gov:1095] declared: No servers are available to read the file.(error code: 3011)
181114 12:58:28 24432 Xrd: Open: Error opening the file /home/starreco/reco/fixedTarget2015/ReversedFullField/P16ia/2015/140/16140028/st_physics_16140028_raw_2000001.MuDst.root on host xrdstar04.rcf.bnl.gov:1095
Error in <TXNetFile::CreateXClient>: open attempt failed on root://xrdstar.rcf.bnl.gov:1095//home/starreco/reco/fixedTarget2015/ReversedFullField/P16ia/2015/140/16140028/st_physics_16140028_raw_2000001.MuDst.root
Warning in <StMuDstMaker::setBranchAddresses>: Branch name StMuMcTrack does not exist
181114 12:58:28 24432 Xrd: CheckErrorStatus: Server [xrdstar.rcf.bnl.gov:1095] declared: No servers are available to read the file.(error code: 3011)
181114 12:58:28 24432 Xrd: Open: Error opening the file /home/starreco/reco/fixedTarget2015/ReversedFullField/P16ia/2015/140/16140028/st_physics_16140028_raw_2000001.MuDst.root on host xrdstar04.rcf.bnl.gov:1095
Error in <TXNetFile::CreateXClient>: open attempt failed on root://xrdstar.rcf.bnl.gov:1095//home/starreco/reco/fixedTarget2015/ReversedFullField/P16ia/2015/140/16140028/st_physics_16140028_raw_2000001.MuDst.root
181114 12:58:28 24432 Xrd: CheckErrorStatus: Server [xrdstar.rcf.bnl.gov:1095] declared: No servers are available to read the file.(error code: 3011)
181114 12:58:28 24432 Xrd: Open: Error opening the file /home/starreco/reco/fixedTarget2015/ReversedFullField/P16ia/2015/140/16140028/st_physics_16140028_raw_2000001.MuDst.root on host xrdstar04.rcf.bnl.gov:1095
Error in <TXNetFile::CreateXClient>: open attempt failed on root://xrdstar.rcf.bnl.gov:1095//home/starreco/reco/fixedTarget2015/ReversedFullField/P16ia/2015/140/16140028/st_physics_16140028_raw_2000001.MuDst.root
181114 12:58:28 24432 Xrd: CheckErrorStatus: Server [xrdstar.rcf.bnl.gov:1095] declared: No servers are available to read the file.(error code: 3011)
181114 12:58:28 24432 Xrd: Open: Error opening the file /home/starreco/reco/fixedTarget2015/ReversedFullField/P16ia/2015/140/16140028/st_physics_16140028_raw_2000001.MuDst.root on host xrdstar04.rcf.bnl.gov:1095
Error in <TXNetFile::CreateXClient>: open attempt failed on root://xrdstar.rcf.bnl.gov:1095//home/starreco/reco/fixedTarget2015/ReversedFullField/P16ia/2015/140/16140028/st_physics_16140028_raw_2000001.MuDst.root
181114 12:58:28 24432 Xrd: CheckErrorStatus: Server [xrdstar.rcf.bnl.gov:1095] declared: No servers are available to read the file.(error code: 3011)
181114 12:58:28 24432 Xrd: Open: Error opening the file /home/starreco/reco/fixedTarget2015/ReversedFullField/P16ia/2015/140/16140028/st_physics_16140028_raw_2000001.MuDst.root on host xrdstar04.rcf.bnl.gov:1095
Error in <TXNetFile::CreateXClient>: open attempt failed on root://xrdstar.rcf.bnl.gov:1095//home/starreco/reco/fixedTarget2015/ReversedFullField/P16ia/2015/140/16140028/st_physics_16140028_raw_2000001.MuDst.root
181114 12:58:28 24432 Xrd: CheckErrorStatus: Server [xrdstar.rcf.bnl.gov:1095] declared: No servers are available to read the file.(error code: 3011)
181114 12:58:28 24432 Xrd: Open: Error opening the file /home/starreco/reco/fixedTarget2015/ReversedFullField/P16ia/2015/140/16140028/st_physics_16140028_raw_2000001.MuDst.root on host xrdstar04.rcf.bnl.gov:1095
Error in <TXNetFile::CreateXClient>: open attempt failed on root://xrdstar.rcf.bnl.gov:1095//home/starreco/reco/fixedTarget2015/ReversedFullField/P16ia/2015/140/16140028/st_physics_16140028_raw_2000001.MuDst.root
181114 12:58:28 24432 Xrd: CheckErrorStatus: Server [xrdstar.rcf.bnl.gov:1095] declared: No servers are available to read the file.(error code: 3011)
181114 12:58:28 24432 Xrd: Open: Error opening the file /home/starreco/reco/fixedTarget2015/ReversedFullField/P16ia/2015/140/16140028/st_physics_16140028_raw_2000001.MuDst.root on host xrdstar04.rcf.bnl.gov:1095
Error in <TXNetFile::CreateXClient>: open attempt failed on root://xrdstar.rcf.bnl.gov:1095//home/starreco/reco/fixedTarget2015/ReversedFullField/P16ia/2015/140/16140028/st_physics_16140028_raw_2000001.MuDst.root
181114 12:58:28 24432 Xrd: CheckErrorStatus: Server [xrdstar.rcf.bnl.gov:1095] declared: No servers are available to read the file.(error code: 3011)
181114 12:58:28 24432 Xrd: Open: Error opening the file /home/starreco/reco/fixedTarget2015/ReversedFullField/P16ia/2015/140/16140028/st_physics_16140028_raw_2000001.MuDst.root on host xrdstar04.rcf.bnl.gov:1095
Error in <TXNetFile::CreateXClient>: open attempt failed on root://xrdstar.rcf.bnl.gov:1095//home/starreco/reco/fixedTarget2015/ReversedFullField/P16ia/2015/140/16140028/st_physics_16140028_raw_2000001.MuDst.root
181114 12:58:28 24432 Xrd: CheckErrorStatus: Server [xrdstar.rcf.bnl.gov:1095] declared: No servers are available to read the file.(error code: 3011)
181114 12:58:28 24432 Xrd: Open: Error opening the file /home/starreco/reco/fixedTarget2015/ReversedFullField/P16ia/2015/140/16140028/st_physics_16140028_raw_2000001.MuDst.root on host xrdstar04.rcf.bnl.gov:1095
Error in <TXNetFile::CreateXClient>: open attempt failed on root://xrdstar.rcf.bnl.gov:1095//home/starreco/reco/fixedTarget2015/ReversedFullField/P16ia/2015/140/16140028/st_physics_16140028_raw_2000001.MuDst.root
181114 12:58:28 24432 Xrd: CheckErrorStatus: Server [xrdstar.rcf.bnl.gov:1095] declared: No servers are available to read the file.(error code: 3011)
181114 12:58:28 24432 Xrd: Open: Error opening the file /home/starreco/reco/fixedTarget2015/ReversedFullField/P16ia/2015/140/16140028/st_physics_16140028_raw_2000001.MuDst.root on host xrdstar04.rcf.bnl.gov:1095
Error in <TXNetFile::CreateXClient>: open attempt failed on root://xrdstar.rcf.bnl.gov:1095//home/starreco/reco/fixedTarget2015/ReversedFullField/P16ia/2015/140/16140028/st_physics_16140028_raw_2000001.MuDst.root
181114 12:58:28 24432 Xrd: CheckErrorStatus: Server [xrdstar.rcf.bnl.gov:1095] declared: No servers are available to read the file.(error code: 3011)
181114 12:58:28 24432 Xrd: Open: Error opening the file /home/starreco/reco/fixedTarget2015/ReversedFullField/P16ia/2015/140/16140028/st_physics_16140028_raw_2000001.MuDst.root on host xrdstar04.rcf.bnl.gov:1095
Error in <TXNetFile::CreateXClient>: open attempt failed on root://xrdstar.rcf.bnl.gov:1095//home/starreco/reco/fixedTarget2015/ReversedFullField/P16ia/2015/140/16140028/st_physics_16140028_raw_2000001.MuDst.root
181114 12:58:28 24432 Xrd: CheckErrorStatus: Server [xrdstar.rcf.bnl.gov:1095] declared: No servers are available to read the file.(error code: 3011)
181114 12:58:28 24432 Xrd: Open: Error opening the file /home/starreco/reco/fixedTarget2015/ReversedFullField/P16ia/2015/140/16140028/st_physics_16140028_raw_2000001.MuDst.root on host xrdstar04.rcf.bnl.gov:1095
Error in <TXNetFile::CreateXClient>: open attempt failed on root://xrdstar.rcf.bnl.gov:1095//home/starreco/reco/fixedTarget2015/ReversedFullField/P16ia/2015/140/16140028/st_physics_16140028_raw_2000001.MuDst.root
181114 12:58:28 24432 Xrd: CheckErrorStatus: Server [xrdstar.rcf.bnl.gov:1095] declared: No servers are available to read the file.(error code: 3011)
181114 12:58:28 24432 Xrd: Open: Error opening the file /home/starreco/reco/fixedTarget2015/ReversedFullField/P16ia/2015/140/16140028/st_physics_16140028_raw_2000001.MuDst.root on host xrdstar04.rcf.bnl.gov:1095
Error in <TXNetFile::CreateXClient>: open attempt failed on root://xrdstar.rcf.bnl.gov:1095//home/starreco/reco/fixedTarget2015/ReversedFullField/P16ia/2015/140/16140028/st_physics_16140028_raw_2000001.MuDst.root
Warning in <StMuDstMaker::setBranchAddresses>: Branch name FmsHit does not exist
181114 12:58:28 24432 Xrd: CheckErrorStatus: Server [xrdstar.rcf.bnl.gov:1095] declared: No servers are available to read the file.(error code: 3011)
181114 12:58:28 24432 Xrd: Open: Error opening the file /home/starreco/reco/fixedTarget2015/ReversedFullField/P16ia/2015/140/16140028/st_physics_16140028_raw_2000001.MuDst.root on host xrdstar04.rcf.bnl.gov:1095
Error in <TXNetFile::CreateXClient>: open attempt failed on root://xrdstar.rcf.bnl.gov:1095//home/starreco/reco/fixedTarget2015/ReversedFullField/P16ia/2015/140/16140028/st_physics_16140028_raw_2000001.MuDst.root
Warning in <StMuDstMaker::setBranchAddresses>: Branch name FmsCluster does not exist
181114 12:58:28 24432 Xrd: CheckErrorStatus: Server [xrdstar.rcf.bnl.gov:1095] declared: No servers are available to read the file.(error code: 3011)
181114 12:58:28 24432 Xrd: Open: Error opening the file /home/starreco/reco/fixedTarget2015/ReversedFullField/P16ia/2015/140/16140028/st_physics_16140028_raw_2000001.MuDst.root on host xrdstar04.rcf.bnl.gov:1095
Error in <TXNetFile::CreateXClient>: open attempt failed on root://xrdstar.rcf.bnl.gov:1095//home/starreco/reco/fixedTarget2015/ReversedFullField/P16ia/2015/140/16140028/st_physics_16140028_raw_2000001.MuDst.root
Warning in <StMuDstMaker::setBranchAddresses>: Branch name FmsPoint does not exist
181114 12:58:28 24432 Xrd: CheckErrorStatus: Server [xrdstar.rcf.bnl.gov:1095] declared: No servers are available to read the file.(error code: 3011)
181114 12:58:28 24432 Xrd: Open: Error opening the file /home/starreco/reco/fixedTarget2015/ReversedFullField/P16ia/2015/140/16140028/st_physics_16140028_raw_2000001.MuDst.root on host xrdstar04.rcf.bnl.gov:1095
Error in <TXNetFile::CreateXClient>: open attempt failed on root://xrdstar.rcf.bnl.gov:1095//home/starreco/reco/fixedTarget2015/ReversedFullField/P16ia/2015/140/16140028/st_physics_16140028_raw_2000001.MuDst.root
Warning in <StMuDstMaker::setBranchAddresses>: Branch name FmsInfo does not exist
181114 12:58:28 24432 Xrd: CheckErrorStatus: Server [xrdstar.rcf.bnl.gov:1095] declared: No servers are available to read the file.(error code: 3011)
181114 12:58:28 24432 Xrd: Open: Error opening the file /home/starreco/reco/fixedTarget2015/ReversedFullField/P16ia/2015/140/16140028/st_physics_16140028_raw_2000001.MuDst.root on host xrdstar04.rcf.bnl.gov:1095
Error in <TXNetFile::CreateXClient>: open attempt failed on root://xrdstar.rcf.bnl.gov:1095//home/starreco/reco/fixedTarget2015/ReversedFullField/P16ia/2015/140/16140028/st_physics_16140028_raw_2000001.MuDst.root
Warning in <StMuDstMaker::setBranchAddresses>: Branch name TofHit does not exist
181114 12:58:28 24432 Xrd: CheckErrorStatus: Server [xrdstar.rcf.bnl.gov:1095] declared: No servers are available to read the file.(error code: 3011)
181114 12:58:28 24432 Xrd: Open: Error opening the file /home/starreco/reco/fixedTarget2015/ReversedFullField/P16ia/2015/140/16140028/st_physics_16140028_raw_2000001.MuDst.root on host xrdstar04.rcf.bnl.gov:1095
Error in <TXNetFile::CreateXClient>: open attempt failed on root://xrdstar.rcf.bnl.gov:1095//home/starreco/reco/fixedTarget2015/ReversedFullField/P16ia/2015/140/16140028/st_physics_16140028_raw_2000001.MuDst.root
Warning in <StMuDstMaker::setBranchAddresses>: Branch name TofData does not exist
181114 12:58:28 24432 Xrd: CheckErrorStatus: Server [xrdstar.rcf.bnl.gov:1095] declared: No servers are available to read the file.(error code: 3011)
181114 12:58:28 24432 Xrd: Open: Error opening the file /home/starreco/reco/fixedTarget2015/ReversedFullField/P16ia/2015/140/16140028/st_physics_16140028_raw_2000001.MuDst.root on host xrdstar04.rcf.bnl.gov:1095
Error in <TXNetFile::CreateXClient>: open attempt failed on root://xrdstar.rcf.bnl.gov:1095//home/starreco/reco/fixedTarget2015/ReversedFullField/P16ia/2015/140/16140028/st_physics_16140028_raw_2000001.MuDst.root
Warning in <StMuDstMaker::setBranchAddresses>: Branch name TofRawData does not exist
181114 12:58:28 24432 Xrd: CheckErrorStatus: Server [xrdstar.rcf.bnl.gov:1095] declared: No servers are available to read the file.(error code: 3011)
181114 12:58:28 24432 Xrd: Open: Error opening the file /home/starreco/reco/fixedTarget2015/ReversedFullField/P16ia/2015/140/16140028/st_physics_16140028_raw_2000001.MuDst.root on host xrdstar04.rcf.bnl.gov:1095
Error in <TXNetFile::CreateXClient>: open attempt failed on root://xrdstar.rcf.bnl.gov:1095//home/starreco/reco/fixedTarget2015/ReversedFullField/P16ia/2015/140/16140028/st_physics_16140028_raw_2000001.MuDst.root
Warning in <StMuDstMaker::setBranchAddresses>: Branch name BTofHit does not exist
181114 12:58:28 24432 Xrd: CheckErrorStatus: Server [xrdstar.rcf.bnl.gov:1095] declared: No servers are available to read the file.(error code: 3011)
181114 12:58:28 24432 Xrd: Open: Error opening the file /home/starreco/reco/fixedTarget2015/ReversedFullField/P16ia/2015/140/16140028/st_physics_16140028_raw_2000001.MuDst.root on host xrdstar04.rcf.bnl.gov:1095
Error in <TXNetFile::CreateXClient>: open attempt failed on root://xrdstar.rcf.bnl.gov:1095//home/starreco/reco/fixedTarget2015/ReversedFullField/P16ia/2015/140/16140028/st_physics_16140028_raw_2000001.MuDst.root
Warning in <StMuDstMaker::setBranchAddresses>: Branch name BTofRawHit does not exist
181114 12:58:28 24432 Xrd: CheckErrorStatus: Server [xrdstar.rcf.bnl.gov:1095] declared: No servers are available to read the file.(error code: 3011)
181114 12:58:28 24432 Xrd: Open: Error opening the file /home/starreco/reco/fixedTarget2015/ReversedFullField/P16ia/2015/140/16140028/st_physics_16140028_raw_2000001.MuDst.root on host xrdstar04.rcf.bnl.gov:1095
Error in <TXNetFile::CreateXClient>: open attempt failed on root://xrdstar.rcf.bnl.gov:1095//home/starreco/reco/fixedTarget2015/ReversedFullField/P16ia/2015/140/16140028/st_physics_16140028_raw_2000001.MuDst.root
Warning in <StMuDstMaker::setBranchAddresses>: Branch name BTofHeader does not exist
181114 12:58:28 24432 Xrd: CheckErrorStatus: Server [xrdstar.rcf.bnl.gov:1095] declared: No servers are available to read the file.(error code: 3011)
181114 12:58:28 24432 Xrd: Open: Error opening the file /home/starreco/reco/fixedTarget2015/ReversedFullField/P16ia/2015/140/16140028/st_physics_16140028_raw_2000001.MuDst.root on host xrdstar04.rcf.bnl.gov:1095
Error in <TXNetFile::CreateXClient>: open attempt failed on root://xrdstar.rcf.bnl.gov:1095//home/starreco/reco/fixedTarget2015/ReversedFullField/P16ia/2015/140/16140028/st_physics_16140028_raw_2000001.MuDst.root
Warning in <StMuDstMaker::setBranchAddresses>: Branch name EpdHit does not exist
181114 12:58:28 24432 Xrd: CheckErrorStatus: Server [xrdstar.rcf.bnl.gov:1095] declared: No servers are available to read the file.(error code: 3011)
181114 12:58:28 24432 Xrd: Open: Error opening the file /home/starreco/reco/fixedTarget2015/ReversedFullField/P16ia/2015/140/16140028/st_physics_16140028_raw_2000001.MuDst.root on host xrdstar04.rcf.bnl.gov:1095
Error in <TXNetFile::CreateXClient>: open attempt failed on root://xrdstar.rcf.bnl.gov:1095//home/starreco/reco/fixedTarget2015/ReversedFullField/P16ia/2015/140/16140028/st_physics_16140028_raw_2000001.MuDst.root
Warning in <StMuDstMaker::setBranchAddresses>: Branch name MTDHit does not exist
181114 12:58:28 24432 Xrd: CheckErrorStatus: Server [xrdstar.rcf.bnl.gov:1095] declared: No servers are available to read the file.(error code: 3011)
181114 12:58:28 24432 Xrd: Open: Error opening the file /home/starreco/reco/fixedTarget2015/ReversedFullField/P16ia/2015/140/16140028/st_physics_16140028_raw_2000001.MuDst.root on host xrdstar04.rcf.bnl.gov:1095
Error in <TXNetFile::CreateXClient>: open attempt failed on root://xrdstar.rcf.bnl.gov:1095//home/starreco/reco/fixedTarget2015/ReversedFullField/P16ia/2015/140/16140028/st_physics_16140028_raw_2000001.MuDst.root
Warning in <StMuDstMaker::setBranchAddresses>: Branch name MTDRawHit does not exist
181114 12:58:28 24432 Xrd: CheckErrorStatus: Server [xrdstar.rcf.bnl.gov:1095] declared: No servers are available to read the file.(error code: 3011)
181114 12:58:28 24432 Xrd: Open: Error opening the file /home/starreco/reco/fixedTarget2015/ReversedFullField/P16ia/2015/140/16140028/st_physics_16140028_raw_2000001.MuDst.root on host xrdstar04.rcf.bnl.gov:1095
Error in <TXNetFile::CreateXClient>: open attempt failed on root://xrdstar.rcf.bnl.gov:1095//home/starreco/reco/fixedTarget2015/ReversedFullField/P16ia/2015/140/16140028/st_physics_16140028_raw_2000001.MuDst.root
Warning in <StMuDstMaker::setBranchAddresses>: Branch name MTDHeader does not exist
181114 12:58:28 24432 Xrd: CheckErrorStatus: Server [xrdstar.rcf.bnl.gov:1095] declared: No servers are available to read the file.(error code: 3011)
181114 12:58:28 24432 Xrd: Open: Error opening the file /home/starreco/reco/fixedTarget2015/ReversedFullField/P16ia/2015/140/16140028/st_physics_16140028_raw_2000001.MuDst.root on host xrdstar04.rcf.bnl.gov:1095
Error in <TXNetFile::CreateXClient>: open attempt failed on root://xrdstar.rcf.bnl.gov:1095//home/starreco/reco/fixedTarget2015/ReversedFullField/P16ia/2015/140/16140028/st_physics_16140028_raw_2000001.MuDst.root
Warning in <StMuDstMaker::setBranchAddresses>: Branch name FgtStrip does not exist
181114 12:58:28 24432 Xrd: CheckErrorStatus: Server [xrdstar.rcf.bnl.gov:1095] declared: No servers are available to read the file.(error code: 3011)
181114 12:58:28 24432 Xrd: Open: Error opening the file /home/starreco/reco/fixedTarget2015/ReversedFullField/P16ia/2015/140/16140028/st_physics_16140028_raw_2000001.MuDst.root on host xrdstar04.rcf.bnl.gov:1095
Error in <TXNetFile::CreateXClient>: open attempt failed on root://xrdstar.rcf.bnl.gov:1095//home/starreco/reco/fixedTarget2015/ReversedFullField/P16ia/2015/140/16140028/st_physics_16140028_raw_2000001.MuDst.root
Warning in <StMuDstMaker::setBranchAddresses>: Branch name FgtCluster does not exist
181114 12:58:28 24432 Xrd: CheckErrorStatus: Server [xrdstar.rcf.bnl.gov:1095] declared: No servers are available to read the file.(error code: 3011)
181114 12:58:28 24432 Xrd: Open: Error opening the file /home/starreco/reco/fixedTarget2015/ReversedFullField/P16ia/2015/140/16140028/st_physics_16140028_raw_2000001.MuDst.root on host xrdstar04.rcf.bnl.gov:1095
Error in <TXNetFile::CreateXClient>: open attempt failed on root://xrdstar.rcf.bnl.gov:1095//home/starreco/reco/fixedTarget2015/ReversedFullField/P16ia/2015/140/16140028/st_physics_16140028_raw_2000001.MuDst.root
Warning in <StMuDstMaker::setBranchAddresses>: Branch name FgtStripAssociation does not exist
181114 12:58:28 24432 Xrd: CheckErrorStatus: Server [xrdstar.rcf.bnl.gov:1095] declared: No servers are available to read the file.(error code: 3011)
181114 12:58:28 24432 Xrd: Open: Error opening the file /home/starreco/reco/fixedTarget2015/ReversedFullField/P16ia/2015/140/16140028/st_physics_16140028_raw_2000001.MuDst.root on host xrdstar04.rcf.bnl.gov:1095
Error in <TXNetFile::CreateXClient>: open attempt failed on root://xrdstar.rcf.bnl.gov:1095//home/starreco/reco/fixedTarget2015/ReversedFullField/P16ia/2015/140/16140028/st_physics_16140028_raw_2000001.MuDst.root
Warning in <StMuDstMaker::setBranchAddresses>: Branch name FgtAdc does not exist
181114 12:58:28 24432 Xrd: CheckErrorStatus: Server [xrdstar.rcf.bnl.gov:1095] declared: No servers are available to read the file.(error code: 3011)
181114 12:58:28 24432 Xrd: Open: Error opening the file /home/starreco/reco/fixedTarget2015/ReversedFullField/P16ia/2015/140/16140028/st_physics_16140028_raw_2000001.MuDst.root on host xrdstar04.rcf.bnl.gov:1095
Error in <TXNetFile::CreateXClient>: open attempt failed on root://xrdstar.rcf.bnl.gov:1095//home/starreco/reco/fixedTarget2015/ReversedFullField/P16ia/2015/140/16140028/st_physics_16140028_raw_2000001.MuDst.root
Warning in <StMuDstMaker::setBranchAddresses>: Branch name EztHead does not exist
181114 12:58:28 24432 Xrd: CheckErrorStatus: Server [xrdstar.rcf.bnl.gov:1095] declared: No servers are available to read the file.(error code: 3011)
181114 12:58:28 24432 Xrd: Open: Error opening the file /home/starreco/reco/fixedTarget2015/ReversedFullField/P16ia/2015/140/16140028/st_physics_16140028_raw_2000001.MuDst.root on host xrdstar04.rcf.bnl.gov:1095
Error in <TXNetFile::CreateXClient>: open attempt failed on root://xrdstar.rcf.bnl.gov:1095//home/starreco/reco/fixedTarget2015/ReversedFullField/P16ia/2015/140/16140028/st_physics_16140028_raw_2000001.MuDst.root
Warning in <StMuDstMaker::setBranchAddresses>: Branch name EztTrig does not exist
181114 12:58:28 24432 Xrd: CheckErrorStatus: Server [xrdstar.rcf.bnl.gov:1095] declared: No servers are available to read the file.(error code: 3011)
181114 12:58:28 24432 Xrd: Open: Error opening the file /home/starreco/reco/fixedTarget2015/ReversedFullField/P16ia/2015/140/16140028/st_physics_16140028_raw_2000001.MuDst.root on host xrdstar04.rcf.bnl.gov:1095
Error in <TXNetFile::CreateXClient>: open attempt failed on root://xrdstar.rcf.bnl.gov:1095//home/starreco/reco/fixedTarget2015/ReversedFullField/P16ia/2015/140/16140028/st_physics_16140028_raw_2000001.MuDst.root
Warning in <StMuDstMaker::setBranchAddresses>: Branch name EztETow does not exist
181114 12:58:28 24432 Xrd: CheckErrorStatus: Server [xrdstar.rcf.bnl.gov:1095] declared: No servers are available to read the file.(error code: 3011)
181114 12:58:28 24432 Xrd: Open: Error opening the file /home/starreco/reco/fixedTarget2015/ReversedFullField/P16ia/2015/140/16140028/st_physics_16140028_raw_2000001.MuDst.root on host xrdstar04.rcf.bnl.gov:1095
Error in <TXNetFile::CreateXClient>: open attempt failed on root://xrdstar.rcf.bnl.gov:1095//home/starreco/reco/fixedTarget2015/ReversedFullField/P16ia/2015/140/16140028/st_physics_16140028_raw_2000001.MuDst.root
Warning in <StMuDstMaker::setBranchAddresses>: Branch name EztESmd does not exist
181114 12:58:28 24432 Xrd: CheckErrorStatus: Server [xrdstar.rcf.bnl.gov:1095] declared: No servers are available to read the file.(error code: 3011)
181114 12:58:28 24432 Xrd: Open: Error opening the file /home/starreco/reco/fixedTarget2015/ReversedFullField/P16ia/2015/140/16140028/st_physics_16140028_raw_2000001.MuDst.root on host xrdstar04.rcf.bnl.gov:1095
Error in <TXNetFile::CreateXClient>: open attempt failed on root://xrdstar.rcf.bnl.gov:1095//home/starreco/reco/fixedTarget2015/ReversedFullField/P16ia/2015/140/16140028/st_physics_16140028_raw_2000001.MuDst.root
Warning in <StMuDstMaker::setBranchAddresses>: Branch name EztFpd does not exist
181114 12:58:28 24432 Xrd: CheckErrorStatus: Server [xrdstar.rcf.bnl.gov:1095] declared: No servers are available to read the file.(error code: 3011)
181114 12:58:28 24432 Xrd: Open: Error opening the file /home/starreco/reco/fixedTarget2015/ReversedFullField/P16ia/2015/140/16140028/st_physics_16140028_raw_2000001.MuDst.root on host xrdstar04.rcf.bnl.gov:1095
Error in <TXNetFile::CreateXClient>: open attempt failed on root://xrdstar.rcf.bnl.gov:1095//home/starreco/reco/fixedTarget2015/ReversedFullField/P16ia/2015/140/16140028/st_physics_16140028_raw_2000001.MuDst.root
181114 12:58:28 24432 Xrd: CheckErrorStatus: Server [xrdstar.rcf.bnl.gov:1095] declared: No servers are available to read the file.(error code: 3011)
181114 12:58:28 24432 Xrd: Open: Error opening the file /home/starreco/reco/fixedTarget2015/ReversedFullField/P16ia/2015/140/16140028/st_physics_16140028_raw_2000001.MuDst.root on host xrdstar04.rcf.bnl.gov:1095
Error in <TXNetFile::CreateXClient>: open attempt failed on root://xrdstar.rcf.bnl.gov:1095//home/starreco/reco/fixedTarget2015/ReversedFullField/P16ia/2015/140/16140028/st_physics_16140028_raw_2000001.MuDst.root
