We are starting on node: rcas6348.rcf.bnl.gov
HOME is not defined
Using getent method
HOME is now /star/u/jhai
17490 We will spawn ourselves (/star/u/jhai/STAR/FixedTarget/H3LAndH4L-FXT/Lambda/input/part/runinfo/csh/sched147AE5D82CF7B6677D242A2FFD4BF6BB_6.csh )
17490 We BEGIN on [Tue Nov 20 16:52:12 EST 2018]
[1] 17689
17490 We are waiting for 17689 
17490 Grandchild PID is 17858 - found in 10 x 1 seconds
17490 Establishing first watcher   on    Tue Nov 20 16:52:22 EST 2018
17490 Process tree is 17490 (main) -> 17689 (child) -> 17858 (grandchild)
F S   UID   PID  PPID  C PRI  NI ADDR SZ WCHAN  TTY        TIME CMD
0 R 11732 17858 17689 86  80   0 - 293001 -     ?          0:08 root4star -q -b reco.C("/star/u/jhai/STAR/FixedTarget/H3LAndH4L-FXT/Lambda/input/part/runinfo/list/sched147AE5D82CF7B6677D242A2FFD4BF6BB_6.list",1,0,"/tmp/jhai/147AE5D82CF7B6677D242A2FFD4BF6BB_6/","147AE5D82CF7B6677D242A2FFD4BF6BB_6")
17689 Stepping into the main SUMS wrapper program with []
--------------------------------
STAR Unified Meta Scheduler 1.10.28 we are starting in $SCRATCH : /home/tmp/jhai/147AE5D82CF7B6677D242A2FFD4BF6BB_6
--------------------------------
total 0
  *******************************************
  *                                         *
  *        W E L C O M E  to  R O O T       *
  *                                         *
  *   Version   5.34/30     23 April 2015   *
  *                                         *
  *  You are welcome to visit our Web site  *
  *          http://root.cern.ch            *
  *                                         *
  *******************************************

ROOT 5.34/30 (v5-34-30@v5-34-30, Apr 23 2015, 18:31:46 on linux)

CINT/ROOT C/C++ Interpreter version 5.18.00, July 2, 2010
Type ? for help. Commands must be C++ statements.
Enclose multiple statements between { }.
*** Float Point Exception is OFF ***
 *** Start at Date : Tue Nov 20 16:52:13 2018
QAInfo:You are using STAR_LEVEL : new, ROOT_LEVEL : 5.34.30 and node : rcas6348.rcf.bnl.gov 

Processing reco.C("/star/u/jhai/STAR/FixedTarget/H3LAndH4L-FXT/Lambda/input/part/runinfo/list/sched147AE5D82CF7B6677D242A2FFD4BF6BB_6.list",1,0,"/tmp/jhai/147AE5D82CF7B6677D242A2FFD4BF6BB_6/","147AE5D82CF7B6677D242A2FFD4BF6BB_6")...
strangeArrayNames-arrayNames-__NARRAYS__ = 0
 loading of shared libraries done
##### void StMuDstMaker::setProbabilityPidFile(const char*) ##### ATTENTION: pid table hardwired to /afs/rhic.bnl.gov/star/packages/SL18f/StarDb/dEdxModel/PIDTableP01gl.root
StInfo: StMuDstMaker::SetStatus 1 to MuEvent
StInfo: StMuDstMaker::SetStatus 1 to PrimaryVertices
StInfo: StMuDstMaker::SetStatus 1 to PrimaryTracks
StInfo: StMuDstMaker::SetStatus 1 to GlobalTracks
StInfo: StMuDstMaker::SetStatus 1 to OtherTracks
StInfo: StMuDstMaker::SetStatus 1 to L3Tracks
StInfo: StMuDstMaker::SetStatus 1 to RichSpectra
StInfo: StMuDstMaker::SetStatus 1 to DetectorStates
StInfo: StMuDstMaker::SetStatus 1 to L3AlgoAccept
StInfo: StMuDstMaker::SetStatus 1 to L3AlgoReject
StInfo: StMuDstMaker::SetStatus 1 to CovGlobTrack
StInfo: StMuDstMaker::SetStatus 1 to CovPrimTrack
StInfo: StMuDstMaker::SetStatus 1 to pp2pp
StInfo: StMuDstMaker::SetStatus 1 to mtd
StInfo: StMuDstMaker::SetStatus 1 to Event
StInfo: StMuDstMaker::SetStatus 1 to McEvent
StInfo: StMuDstMaker::SetStatus 1 to V0
StInfo: StMuDstMaker::SetStatus 1 to McV0
StInfo: StMuDstMaker::SetStatus 1 to V0Assoc
StInfo: StMuDstMaker::SetStatus 1 to Xi
StInfo: StMuDstMaker::SetStatus 1 to McXi
StInfo: StMuDstMaker::SetStatus 1 to XiAssoc
StInfo: StMuDstMaker::SetStatus 1 to Kink
StInfo: StMuDstMaker::SetStatus 1 to McKink
StInfo: StMuDstMaker::SetStatus 1 to KinkAssoc
StInfo: StMuDstMaker::SetStatus 1 to StrangeCuts
StInfo: StMuDstMaker::SetStatus 1 to StMuMcVertex
StInfo: StMuDstMaker::SetStatus 1 to StMuMcTrack
StInfo: StMuDstMaker::SetStatus 1 to EmcTow
StInfo: StMuDstMaker::SetStatus 1 to EmcPrs
StInfo: StMuDstMaker::SetStatus 1 to EmcSmde
StInfo: StMuDstMaker::SetStatus 1 to EmcSmdp
StInfo: StMuDstMaker::SetStatus 1 to EEmcPrs
StInfo: StMuDstMaker::SetStatus 1 to EEmcSmdu
StInfo: StMuDstMaker::SetStatus 1 to EEmcSmdv
StInfo: StMuDstMaker::SetStatus 1 to PmdHit
StInfo: StMuDstMaker::SetStatus 1 to CpvHit
StInfo: StMuDstMaker::SetStatus 1 to PmdCluster
StInfo: StMuDstMaker::SetStatus 1 to CpvCluster
StInfo: StMuDstMaker::SetStatus 1 to FmsHit
StInfo: StMuDstMaker::SetStatus 1 to FmsCluster
StInfo: StMuDstMaker::SetStatus 1 to FmsPoint
StInfo: StMuDstMaker::SetStatus 1 to FmsInfo
StInfo: StMuDstMaker::SetStatus 1 to TofHit
StInfo: StMuDstMaker::SetStatus 1 to TofData
StInfo: StMuDstMaker::SetStatus 1 to TofRawData
StInfo: StMuDstMaker::SetStatus 1 to BTofHit
StInfo: StMuDstMaker::SetStatus 1 to BTofRawHit
StInfo: StMuDstMaker::SetStatus 1 to BTofHeader
StInfo: StMuDstMaker::SetStatus 1 to EpdHit
StInfo: StMuDstMaker::SetStatus 1 to MTDHit
StInfo: StMuDstMaker::SetStatus 1 to MTDRawHit
StInfo: StMuDstMaker::SetStatus 1 to MTDHeader
StInfo: StMuDstMaker::SetStatus 1 to FgtStrip
StInfo: StMuDstMaker::SetStatus 1 to FgtCluster
StInfo: StMuDstMaker::SetStatus 1 to FgtStripAssociation
StInfo: StMuDstMaker::SetStatus 1 to FgtAdc
StInfo: StMuDstMaker::SetStatus 1 to EztHead
StInfo: StMuDstMaker::SetStatus 1 to EztTrig
StInfo: StMuDstMaker::SetStatus 1 to EztETow
StInfo: StMuDstMaker::SetStatus 1 to EztESmd
StInfo: StMuDstMaker::SetStatus 1 to EztFpd
 Total entries = 146
StQAInfo: =================================================================================
StQAInfo: QAInfo:Chain              StChain::bfcChain             Ast =100.78        Cpu = 98.17
StQAInfo: QAInfo:Maker            StV0Maker::v0makerfirst_antisignal Ast =  7.17( 7.1%) Cpu =  7.00( 7.1%)
StQAInfo: QAInfo:Maker            StV0Maker::v0makerfirst_signal  Ast = 90.17(89.5%) Cpu = 89.59(91.3%)
StQAInfo: QAInfo:Maker         StMuDstMaker::MuDst                Ast =  3.44( 3.4%) Cpu =  1.58( 1.6%)
Total Events Processed in StV0Maker 143
Total Events Processed in StV0Maker 143
StInfo: --------------Error Codes-------------------------
StInfo:      nStOK   nStWarn    nStEOF    nStErr  nStFatal
StInfo:        438         0         0         0         0
StInfo: --------------------------------------------------
               StMemStat::Summary(calls)        Min        Aver         Max         RMS 
=============================================================================================
              StMuDstMaker(MuDst)::Clear(125)    0.000000    0.000000    0.000000    0.000000
              StMuDstMaker(MuDst)::Make (126)   -0.037512    0.001254    0.076144    0.010523
StV0Maker(v0makerfirst_antisignal)::Clea(125)    0.000000    0.000000    0.000000    0.000000
StV0Maker(v0makerfirst_antisignal)::Make(126)    0.000000    0.000025    0.002816    0.000252
   StV0Maker(v0makerfirst_signal)::Clear(125)    0.000000    0.000000    0.000000    0.000000
   StV0Maker(v0makerfirst_signal)::Make (126)    0.000000    0.000067    0.008448    0.000750
---------------------------------------------------------------------------------------------
                                   Total(6)   -0.037512    0.001347    0.076144    0.010552
=============================================================================================

This is the end of ROOT -- Goodbye

Starting copy block
Running copy command:  /bin/cp -fp /tmp/jhai/147AE5D82CF7B6677D242A2FFD4BF6BB_6/147AE5D82CF7B6677D242A2FFD4BF6BB_6.ala.histo.root /star/u/jhai/scratch/FixedTarget/Lambda/output/
Running copy command:  /bin/cp -fp /tmp/jhai/147AE5D82CF7B6677D242A2FFD4BF6BB_6/147AE5D82CF7B6677D242A2FFD4BF6BB_6.ala.picodst.root /star/u/jhai/scratch/FixedTarget/Lambda/output/
Running copy command:  /bin/cp -fp /tmp/jhai/147AE5D82CF7B6677D242A2FFD4BF6BB_6/147AE5D82CF7B6677D242A2FFD4BF6BB_6.la.histo.root /star/u/jhai/scratch/FixedTarget/Lambda/output/
Running copy command:  /bin/cp -fp /tmp/jhai/147AE5D82CF7B6677D242A2FFD4BF6BB_6/147AE5D82CF7B6677D242A2FFD4BF6BB_6.la.picodst.root /star/u/jhai/scratch/FixedTarget/Lambda/output/
17490 Execution of (/star/u/jhai/STAR/FixedTarget/H3LAndH4L-FXT/Lambda/input/part/runinfo/csh/sched147AE5D82CF7B6677D242A2FFD4BF6BB_6.csh ) has ended, exiting normally
17490 We END on [Tue Nov 20 16:54:09 EST 2018]
