We are starting on node: rcas6075.rcf.bnl.gov
HOME is not defined
Using getent method
HOME is now /star/u/jhai
18185 We will spawn ourselves (/star/u/jhai/STAR/FixedTarget/H3LAndH4L-FXT/Lambda/input/part/runinfo/csh/sched147AE5D82CF7B6677D242A2FFD4BF6BB_37.csh )
18185 We BEGIN on [Tue Nov 20 16:52:06 EST 2018]
[1] 18337
18185 We are waiting for 18337 
18185 Grandchild PID is 18489 - found in 10 x 1 seconds
18185 Establishing first watcher   on    Tue Nov 20 16:52:16 EST 2018
18185 Process tree is 18185 (main) -> 18337 (child) -> 18489 (grandchild)
F S   UID    PID   PPID  C PRI  NI ADDR SZ WCHAN  TTY        TIME CMD
0 R 11732  18489  18337 62  80   0 - 335932 -     ?          0:06 root4star -q -b reco.C("/star/u/jhai/STAR/FixedTarget/H3LAndH4L-FXT/Lambda/input/part/runinfo/list/sched147AE5D82CF7B6677D242A2FFD4BF6BB_37.list",1,0,"/tmp/jhai/147AE5D82CF7B6677D242A2FFD4BF6BB_37/","147AE5D82CF7B6677D242A2FFD4BF6BB_37")
18185 Grandchild PID is 19870 - found in 30 x 2 seconds
18185 Grandchild to watch has changed on Tue Nov 20 16:52:57 EST 2018
18185 Process tree is 18185 (main) -> 18337 (child) -> 19870 (grandchild)
F S   UID    PID   PPID  C PRI  NI ADDR SZ WCHAN  TTY        TIME CMD
0 D 11732  19870  18337  0  80   0 - 30772 cxiWai ?          0:00 /bin/cp -fp /tmp/jhai/147AE5D82CF7B6677D242A2FFD4BF6BB_37/147AE5D82CF7B6677D242A2FFD4BF6BB_37.ala.histo.root /star/u/jhai/scratch/FixedTarget/Lambda/output/
18337 Stepping into the main SUMS wrapper program with []
--------------------------------
STAR Unified Meta Scheduler 1.10.28 we are starting in $SCRATCH : /home/tmp/jhai/147AE5D82CF7B6677D242A2FFD4BF6BB_37
--------------------------------
total 0
  *******************************************
  *                                         *
  *        W E L C O M E  to  R O O T       *
  *                                         *
  *   Version   5.34/30     23 April 2015   *
  *                                         *
  *  You are welcome to visit our Web site  *
  *          http://root.cern.ch            *
  *                                         *
  *******************************************

ROOT 5.34/30 (v5-34-30@v5-34-30, Apr 23 2015, 18:31:46 on linux)

CINT/ROOT C/C++ Interpreter version 5.18.00, July 2, 2010
Type ? for help. Commands must be C++ statements.
Enclose multiple statements between { }.
*** Float Point Exception is OFF ***
 *** Start at Date : Tue Nov 20 16:52:07 2018
QAInfo:You are using STAR_LEVEL : new, ROOT_LEVEL : 5.34.30 and node : rcas6075.rcf.bnl.gov 

Processing reco.C("/star/u/jhai/STAR/FixedTarget/H3LAndH4L-FXT/Lambda/input/part/runinfo/list/sched147AE5D82CF7B6677D242A2FFD4BF6BB_37.list",1,0,"/tmp/jhai/147AE5D82CF7B6677D242A2FFD4BF6BB_37/","147AE5D82CF7B6677D242A2FFD4BF6BB_37")...
strangeArrayNames-arrayNames-__NARRAYS__ = 0
 loading of shared libraries done
##### void StMuDstMaker::setProbabilityPidFile(const char*) ##### ATTENTION: pid table hardwired to /afs/rhic.bnl.gov/star/packages/SL18f/StarDb/dEdxModel/PIDTableP01gl.root
StInfo: StMuDstMaker::SetStatus 1 to MuEvent
StInfo: StMuDstMaker::SetStatus 1 to PrimaryVertices
StInfo: StMuDstMaker::SetStatus 1 to PrimaryTracks
StInfo: StMuDstMaker::SetStatus 1 to GlobalTracks
StInfo: StMuDstMaker::SetStatus 1 to OtherTracks
StInfo: StMuDstMaker::SetStatus 1 to L3Tracks
StInfo: StMuDstMaker::SetStatus 1 to RichSpectra
StInfo: StMuDstMaker::SetStatus 1 to DetectorStates
StInfo: StMuDstMaker::SetStatus 1 to L3AlgoAccept
StInfo: StMuDstMaker::SetStatus 1 to L3AlgoReject
StInfo: StMuDstMaker::SetStatus 1 to CovGlobTrack
StInfo: StMuDstMaker::SetStatus 1 to CovPrimTrack
StInfo: StMuDstMaker::SetStatus 1 to pp2pp
StInfo: StMuDstMaker::SetStatus 1 to mtd
StInfo: StMuDstMaker::SetStatus 1 to Event
StInfo: StMuDstMaker::SetStatus 1 to McEvent
StInfo: StMuDstMaker::SetStatus 1 to V0
StInfo: StMuDstMaker::SetStatus 1 to McV0
StInfo: StMuDstMaker::SetStatus 1 to V0Assoc
StInfo: StMuDstMaker::SetStatus 1 to Xi
StInfo: StMuDstMaker::SetStatus 1 to McXi
StInfo: StMuDstMaker::SetStatus 1 to XiAssoc
StInfo: StMuDstMaker::SetStatus 1 to Kink
StInfo: StMuDstMaker::SetStatus 1 to McKink
StInfo: StMuDstMaker::SetStatus 1 to KinkAssoc
StInfo: StMuDstMaker::SetStatus 1 to StrangeCuts
StInfo: StMuDstMaker::SetStatus 1 to StMuMcVertex
StInfo: StMuDstMaker::SetStatus 1 to StMuMcTrack
StInfo: StMuDstMaker::SetStatus 1 to EmcTow
StInfo: StMuDstMaker::SetStatus 1 to EmcPrs
StInfo: StMuDstMaker::SetStatus 1 to EmcSmde
StInfo: StMuDstMaker::SetStatus 1 to EmcSmdp
StInfo: StMuDstMaker::SetStatus 1 to EEmcPrs
StInfo: StMuDstMaker::SetStatus 1 to EEmcSmdu
StInfo: StMuDstMaker::SetStatus 1 to EEmcSmdv
StInfo: StMuDstMaker::SetStatus 1 to PmdHit
StInfo: StMuDstMaker::SetStatus 1 to CpvHit
StInfo: StMuDstMaker::SetStatus 1 to PmdCluster
StInfo: StMuDstMaker::SetStatus 1 to CpvCluster
StInfo: StMuDstMaker::SetStatus 1 to FmsHit
StInfo: StMuDstMaker::SetStatus 1 to FmsCluster
StInfo: StMuDstMaker::SetStatus 1 to FmsPoint
StInfo: StMuDstMaker::SetStatus 1 to FmsInfo
StInfo: StMuDstMaker::SetStatus 1 to TofHit
StInfo: StMuDstMaker::SetStatus 1 to TofData
StInfo: StMuDstMaker::SetStatus 1 to TofRawData
StInfo: StMuDstMaker::SetStatus 1 to BTofHit
StInfo: StMuDstMaker::SetStatus 1 to BTofRawHit
StInfo: StMuDstMaker::SetStatus 1 to BTofHeader
StInfo: StMuDstMaker::SetStatus 1 to EpdHit
StInfo: StMuDstMaker::SetStatus 1 to MTDHit
StInfo: StMuDstMaker::SetStatus 1 to MTDRawHit
StInfo: StMuDstMaker::SetStatus 1 to MTDHeader
StInfo: StMuDstMaker::SetStatus 1 to FgtStrip
StInfo: StMuDstMaker::SetStatus 1 to FgtCluster
StInfo: StMuDstMaker::SetStatus 1 to FgtStripAssociation
StInfo: StMuDstMaker::SetStatus 1 to FgtAdc
StInfo: StMuDstMaker::SetStatus 1 to EztHead
StInfo: StMuDstMaker::SetStatus 1 to EztTrig
StInfo: StMuDstMaker::SetStatus 1 to EztETow
StInfo: StMuDstMaker::SetStatus 1 to EztESmd
StInfo: StMuDstMaker::SetStatus 1 to EztFpd
 Total entries = 771
StQAInfo: =================================================================================
StQAInfo: QAInfo:Chain              StChain::bfcChain             Ast = 40.37        Cpu = 33.57
StQAInfo: QAInfo:Maker            StV0Maker::v0makerfirst_antisignal Ast =  3.15( 7.8%) Cpu =  3.18( 9.5%)
StQAInfo: QAInfo:Maker            StV0Maker::v0makerfirst_signal  Ast = 27.18(67.3%) Cpu = 27.21(81.1%)
StQAInfo: QAInfo:Maker         StMuDstMaker::MuDst                Ast = 10.05(24.9%) Cpu =  3.18( 9.5%)
Total Events Processed in StV0Maker 738
Total Events Processed in StV0Maker 738
StInfo: --------------Error Codes-------------------------
StInfo:      nStOK   nStWarn    nStEOF    nStErr  nStFatal
StInfo:       2313         0         0         0         0
StInfo: --------------------------------------------------
               StMemStat::Summary(calls)        Min        Aver         Max         RMS 
=============================================================================================
              StMuDstMaker(MuDst)::Clear(750)    0.000000    0.000000    0.000000    0.000000
              StMuDstMaker(MuDst)::Make (751)   -2.327584   -0.003068    0.050896    0.084926
StV0Maker(v0makerfirst_antisignal)::Clea(750)    0.000000    0.000000    0.000000    0.000000
StV0Maker(v0makerfirst_antisignal)::Make(751)    0.000000    0.003379    2.537464    0.092532
   StV0Maker(v0makerfirst_signal)::Clear(750)    0.000000    0.000000    0.000000    0.000000
   StV0Maker(v0makerfirst_signal)::Make (751)    0.000000    0.000006    0.002816    0.000115
---------------------------------------------------------------------------------------------
                                   Total(6)   -2.327584    0.000317    2.537464    0.125597
=============================================================================================

This is the end of ROOT -- Goodbye

Starting copy block
Running copy command:  /bin/cp -fp /tmp/jhai/147AE5D82CF7B6677D242A2FFD4BF6BB_37/147AE5D82CF7B6677D242A2FFD4BF6BB_37.ala.histo.root /star/u/jhai/scratch/FixedTarget/Lambda/output/
Running copy command:  /bin/cp -fp /tmp/jhai/147AE5D82CF7B6677D242A2FFD4BF6BB_37/147AE5D82CF7B6677D242A2FFD4BF6BB_37.ala.picodst.root /star/u/jhai/scratch/FixedTarget/Lambda/output/
Running copy command:  /bin/cp -fp /tmp/jhai/147AE5D82CF7B6677D242A2FFD4BF6BB_37/147AE5D82CF7B6677D242A2FFD4BF6BB_37.la.histo.root /star/u/jhai/scratch/FixedTarget/Lambda/output/
Running copy command:  /bin/cp -fp /tmp/jhai/147AE5D82CF7B6677D242A2FFD4BF6BB_37/147AE5D82CF7B6677D242A2FFD4BF6BB_37.la.picodst.root /star/u/jhai/scratch/FixedTarget/Lambda/output/
18185 Execution of (/star/u/jhai/STAR/FixedTarget/H3LAndH4L-FXT/Lambda/input/part/runinfo/csh/sched147AE5D82CF7B6677D242A2FFD4BF6BB_37.csh ) has ended, exiting normally
18185 We END on [Tue Nov 20 16:52:59 EST 2018]
