We are starting on node: rcrs6250.rcf.bnl.gov
HOME is not defined
Using getent method
HOME is now /star/u/jhai
8575 We will spawn ourselves (/star/u/jhai/STAR/FixedTarget/H3LAndH4L-FXT/Hypertriton/input/runinfo/csh/sched041239ADF7763BC03611C85295C7C045_67.csh )
8575 We BEGIN on [Mon Nov 26 13:05:35 EST 2018]
[1] 8756
8575 We are waiting for 8756 
8575 Grandchild PID is 8930 - found in 10 x 1 seconds
8575 Establishing first watcher   on    Mon Nov 26 13:05:45 EST 2018
8575 Process tree is 8575 (main) -> 8756 (child) -> 8930 (grandchild)
F S   UID   PID  PPID  C PRI  NI ADDR SZ WCHAN  TTY        TIME CMD
0 R 11732  8930  8756 74  80   0 - 271817 -     ?          0:07 root4star -q -b reco.C("/star/u/jhai/STAR/FixedTarget/H3LAndH4L-FXT/Hypertriton/input/runinfo/list/sched041239ADF7763BC03611C85295C7C045_67.list",1,0,"/tmp/jhai/041239ADF7763BC03611C85295C7C045_67/","041239ADF7763BC03611C85295C7C045_67")
8575 Grandchild PID is 9422 - found in 20 x 2 seconds
8575 Grandchild to watch has changed on Mon Nov 26 13:06:05 EST 2018
8575 Process tree is 8575 (main) -> 8756 (child) -> 9422 (grandchild)
F S   UID   PID  PPID  C PRI  NI ADDR SZ WCHAN  TTY        TIME CMD
0 D 11732  9422  8756  0  80   0 - 30772 cxiWai ?          0:00 /bin/cp -fp /tmp/jhai/041239ADF7763BC03611C85295C7C045_67/041239ADF7763BC03611C85295C7C045_67.alabg.histo.root /star/u/jhai/scratch/FixedTarget/H3L/output/
8756 Stepping into the main SUMS wrapper program with []
--------------------------------
STAR Unified Meta Scheduler 1.10.28 we are starting in $SCRATCH : /home/tmp/jhai/041239ADF7763BC03611C85295C7C045_67
--------------------------------
total 0
  *******************************************
  *                                         *
  *        W E L C O M E  to  R O O T       *
  *                                         *
  *   Version   5.34/30     23 April 2015   *
  *                                         *
  *  You are welcome to visit our Web site  *
  *          http://root.cern.ch            *
  *                                         *
  *******************************************

ROOT 5.34/30 (v5-34-30@v5-34-30, Apr 23 2015, 18:31:46 on linux)

CINT/ROOT C/C++ Interpreter version 5.18.00, July 2, 2010
Type ? for help. Commands must be C++ statements.
Enclose multiple statements between { }.
*** Float Point Exception is OFF ***
 *** Start at Date : Mon Nov 26 13:05:36 2018
QAInfo:You are using STAR_LEVEL : new, ROOT_LEVEL : 5.34.30 and node : rcrs6250.rcf.bnl.gov 

Processing reco.C("/star/u/jhai/STAR/FixedTarget/H3LAndH4L-FXT/Hypertriton/input/runinfo/list/sched041239ADF7763BC03611C85295C7C045_67.list",1,0,"/tmp/jhai/041239ADF7763BC03611C85295C7C045_67/","041239ADF7763BC03611C85295C7C045_67")...
strangeArrayNames-arrayNames-__NARRAYS__ = 0
 loading of shared libraries done
##### void StMuDstMaker::setProbabilityPidFile(const char*) ##### ATTENTION: pid table hardwired to /afs/rhic.bnl.gov/star/packages/SL18f/StarDb/dEdxModel/PIDTableP01gl.root
StInfo: StMuDstMaker::SetStatus 1 to MuEvent
StInfo: StMuDstMaker::SetStatus 1 to PrimaryVertices
StInfo: StMuDstMaker::SetStatus 1 to PrimaryTracks
StInfo: StMuDstMaker::SetStatus 1 to GlobalTracks
StInfo: StMuDstMaker::SetStatus 1 to OtherTracks
StInfo: StMuDstMaker::SetStatus 1 to L3Tracks
StInfo: StMuDstMaker::SetStatus 1 to RichSpectra
StInfo: StMuDstMaker::SetStatus 1 to DetectorStates
StInfo: StMuDstMaker::SetStatus 1 to L3AlgoAccept
StInfo: StMuDstMaker::SetStatus 1 to L3AlgoReject
StInfo: StMuDstMaker::SetStatus 1 to CovGlobTrack
StInfo: StMuDstMaker::SetStatus 1 to CovPrimTrack
StInfo: StMuDstMaker::SetStatus 1 to pp2pp
StInfo: StMuDstMaker::SetStatus 1 to mtd
StInfo: StMuDstMaker::SetStatus 1 to Event
StInfo: StMuDstMaker::SetStatus 1 to McEvent
StInfo: StMuDstMaker::SetStatus 1 to V0
StInfo: StMuDstMaker::SetStatus 1 to McV0
StInfo: StMuDstMaker::SetStatus 1 to V0Assoc
StInfo: StMuDstMaker::SetStatus 1 to Xi
StInfo: StMuDstMaker::SetStatus 1 to McXi
StInfo: StMuDstMaker::SetStatus 1 to XiAssoc
StInfo: StMuDstMaker::SetStatus 1 to Kink
StInfo: StMuDstMaker::SetStatus 1 to McKink
StInfo: StMuDstMaker::SetStatus 1 to KinkAssoc
StInfo: StMuDstMaker::SetStatus 1 to StrangeCuts
StInfo: StMuDstMaker::SetStatus 1 to StMuMcVertex
StInfo: StMuDstMaker::SetStatus 1 to StMuMcTrack
StInfo: StMuDstMaker::SetStatus 1 to EmcTow
StInfo: StMuDstMaker::SetStatus 1 to EmcPrs
StInfo: StMuDstMaker::SetStatus 1 to EmcSmde
StInfo: StMuDstMaker::SetStatus 1 to EmcSmdp
StInfo: StMuDstMaker::SetStatus 1 to EEmcPrs
StInfo: StMuDstMaker::SetStatus 1 to EEmcSmdu
StInfo: StMuDstMaker::SetStatus 1 to EEmcSmdv
StInfo: StMuDstMaker::SetStatus 1 to PmdHit
StInfo: StMuDstMaker::SetStatus 1 to CpvHit
StInfo: StMuDstMaker::SetStatus 1 to PmdCluster
StInfo: StMuDstMaker::SetStatus 1 to CpvCluster
StInfo: StMuDstMaker::SetStatus 1 to FmsHit
StInfo: StMuDstMaker::SetStatus 1 to FmsCluster
StInfo: StMuDstMaker::SetStatus 1 to FmsPoint
StInfo: StMuDstMaker::SetStatus 1 to FmsInfo
StInfo: StMuDstMaker::SetStatus 1 to TofHit
StInfo: StMuDstMaker::SetStatus 1 to TofData
StInfo: StMuDstMaker::SetStatus 1 to TofRawData
StInfo: StMuDstMaker::SetStatus 1 to BTofHit
StInfo: StMuDstMaker::SetStatus 1 to BTofRawHit
StInfo: StMuDstMaker::SetStatus 1 to BTofHeader
StInfo: StMuDstMaker::SetStatus 1 to EpdHit
StInfo: StMuDstMaker::SetStatus 1 to MTDHit
StInfo: StMuDstMaker::SetStatus 1 to MTDRawHit
StInfo: StMuDstMaker::SetStatus 1 to MTDHeader
StInfo: StMuDstMaker::SetStatus 1 to FgtStrip
StInfo: StMuDstMaker::SetStatus 1 to FgtCluster
StInfo: StMuDstMaker::SetStatus 1 to FgtStripAssociation
StInfo: StMuDstMaker::SetStatus 1 to FgtAdc
StInfo: StMuDstMaker::SetStatus 1 to EztHead
StInfo: StMuDstMaker::SetStatus 1 to EztTrig
StInfo: StMuDstMaker::SetStatus 1 to EztETow
StInfo: StMuDstMaker::SetStatus 1 to EztESmd
StInfo: StMuDstMaker::SetStatus 1 to EztFpd
 Total entries = 507
StQAInfo: =================================================================================
StQAInfo: QAInfo:Chain              StChain::bfcChain             Ast = 12.25        Cpu =  8.98
StQAInfo: QAInfo:Maker            StV0Maker::v0makerfirst_antibackground Ast =  1.04( 8.5%) Cpu =  0.86( 9.6%)
StQAInfo: QAInfo:Maker            StV0Maker::v0makerfirst_background Ast =  1.61(13.1%) Cpu =  1.53(17.0%)
StQAInfo: QAInfo:Maker            StV0Maker::v0makerfirst_antisignal Ast =  1.40(11.5%) Cpu =  1.22(13.6%)
StQAInfo: QAInfo:Maker            StV0Maker::v0makerfirst_signal  Ast =  1.44(11.7%) Cpu =  1.57(17.5%)
StQAInfo: QAInfo:Maker         StMuDstMaker::MuDst                Ast =  6.76(55.2%) Cpu =  3.80(42.3%)
Total Events Processed in StV0Maker 491
Total Events Processed in StV0Maker 491
Total Events Processed in StV0Maker 491
Total Events Processed in StV0Maker 491
StInfo: --------------Error Codes-------------------------
StInfo:      nStOK   nStWarn    nStEOF    nStErr  nStFatal
StInfo:       2535         0         0         0         0
StInfo: --------------------------------------------------
               StMemStat::Summary(calls)        Min        Aver         Max         RMS 
=============================================================================================
              StMuDstMaker(MuDst)::Clear(486)    0.000000    0.000000    0.000000    0.000000
              StMuDstMaker(MuDst)::Make (487)   -0.298432   -0.000282    0.178584    0.019824
StV0Maker(v0makerfirst_antibackground)::(486)    0.000000    0.000000    0.000000    0.000000
StV0Maker(v0makerfirst_antibackground)::(487)    0.000000    0.000003    0.001408    0.000064
StV0Maker(v0makerfirst_antisignal)::Clea(486)    0.000000    0.000000    0.000000    0.000000
StV0Maker(v0makerfirst_antisignal)::Make(487)    0.000000    0.000003    0.001408    0.000064
StV0Maker(v0makerfirst_background)::Clea(486)    0.000000    0.000000    0.000000    0.000000
StV0Maker(v0makerfirst_background)::Make(487)    0.000000    0.000000    0.000088    0.000004
   StV0Maker(v0makerfirst_signal)::Clear(486)    0.000000    0.000000    0.000000    0.000000
   StV0Maker(v0makerfirst_signal)::Make (487)    0.000000    0.000000    0.000096    0.000005
---------------------------------------------------------------------------------------------
                                   Total(10)   -0.298432   -0.000276    0.178584    0.019825
=============================================================================================

This is the end of ROOT -- Goodbye

Starting copy block
Running copy command:  /bin/cp -fp /tmp/jhai/041239ADF7763BC03611C85295C7C045_67/041239ADF7763BC03611C85295C7C045_67.alabg.histo.root /star/u/jhai/scratch/FixedTarget/H3L/output/
Running copy command:  /bin/cp -fp /tmp/jhai/041239ADF7763BC03611C85295C7C045_67/041239ADF7763BC03611C85295C7C045_67.alabg.picodst.root /star/u/jhai/scratch/FixedTarget/H3L/output/
Running copy command:  /bin/cp -fp /tmp/jhai/041239ADF7763BC03611C85295C7C045_67/041239ADF7763BC03611C85295C7C045_67.ala.histo.root /star/u/jhai/scratch/FixedTarget/H3L/output/
Running copy command:  /bin/cp -fp /tmp/jhai/041239ADF7763BC03611C85295C7C045_67/041239ADF7763BC03611C85295C7C045_67.ala.picodst.root /star/u/jhai/scratch/FixedTarget/H3L/output/
Running copy command:  /bin/cp -fp /tmp/jhai/041239ADF7763BC03611C85295C7C045_67/041239ADF7763BC03611C85295C7C045_67.labg.histo.root /star/u/jhai/scratch/FixedTarget/H3L/output/
Running copy command:  /bin/cp -fp /tmp/jhai/041239ADF7763BC03611C85295C7C045_67/041239ADF7763BC03611C85295C7C045_67.labg.picodst.root /star/u/jhai/scratch/FixedTarget/H3L/output/
Running copy command:  /bin/cp -fp /tmp/jhai/041239ADF7763BC03611C85295C7C045_67/041239ADF7763BC03611C85295C7C045_67.la.histo.root /star/u/jhai/scratch/FixedTarget/H3L/output/
Running copy command:  /bin/cp -fp /tmp/jhai/041239ADF7763BC03611C85295C7C045_67/041239ADF7763BC03611C85295C7C045_67.la.picodst.root /star/u/jhai/scratch/FixedTarget/H3L/output/
8575 Execution of (/star/u/jhai/STAR/FixedTarget/H3LAndH4L-FXT/Hypertriton/input/runinfo/csh/sched041239ADF7763BC03611C85295C7C045_67.csh ) has ended, exiting normally
8575 We END on [Mon Nov 26 13:06:16 EST 2018]
