We are starting on node: rcrs6240.rcf.bnl.gov
HOME is not defined
Using getent method
HOME is now /star/u/jhai
53528 We will spawn ourselves (/star/u/jhai/STAR/FixedTarget/H3LAndH4L-FXT/Hypertriton/input/runinfo/csh/sched041239ADF7763BC03611C85295C7C045_18.csh )
53528 We BEGIN on [Mon Nov 26 13:06:16 EST 2018]
[1] 53687
53528 We are waiting for 53687 
53528 Grandchild PID is 53871 - found in 10 x 1 seconds
53528 Establishing first watcher   on    Mon Nov 26 13:06:26 EST 2018
53528 Process tree is 53528 (main) -> 53687 (child) -> 53871 (grandchild)
F S   UID   PID  PPID  C PRI  NI ADDR SZ WCHAN  TTY        TIME CMD
0 R 11732 53871 53687 74  80   0 - 275719 -     ?          0:07 root4star -q -b reco.C("/star/u/jhai/STAR/FixedTarget/H3LAndH4L-FXT/Hypertriton/input/runinfo/list/sched041239ADF7763BC03611C85295C7C045_18.list",1,0,"/tmp/jhai/041239ADF7763BC03611C85295C7C045_18/","041239ADF7763BC03611C85295C7C045_18")
53528 Grandchild PID is 54179 - found in 20 x 2 seconds
53528 Grandchild to watch has changed on Mon Nov 26 13:06:46 EST 2018
53528 Process tree is 53528 (main) -> 53687 (child) -> 54179 (grandchild)
F S   UID   PID  PPID  C PRI  NI ADDR SZ WCHAN  TTY        TIME CMD
0 D 11732 54179 53687  0  80   0 - 30772 cxiWai ?          0:00 /bin/cp -fp /tmp/jhai/041239ADF7763BC03611C85295C7C045_18/041239ADF7763BC03611C85295C7C045_18.alabg.histo.root /star/u/jhai/scratch/FixedTarget/H3L/output/
53687 Stepping into the main SUMS wrapper program with []
--------------------------------
STAR Unified Meta Scheduler 1.10.28 we are starting in $SCRATCH : /home/tmp/jhai/041239ADF7763BC03611C85295C7C045_18
--------------------------------
total 0
  *******************************************
  *                                         *
  *        W E L C O M E  to  R O O T       *
  *                                         *
  *   Version   5.34/30     23 April 2015   *
  *                                         *
  *  You are welcome to visit our Web site  *
  *          http://root.cern.ch            *
  *                                         *
  *******************************************

ROOT 5.34/30 (v5-34-30@v5-34-30, Apr 23 2015, 18:31:46 on linux)

CINT/ROOT C/C++ Interpreter version 5.18.00, July 2, 2010
Type ? for help. Commands must be C++ statements.
Enclose multiple statements between { }.
*** Float Point Exception is OFF ***
 *** Start at Date : Mon Nov 26 13:06:17 2018
QAInfo:You are using STAR_LEVEL : new, ROOT_LEVEL : 5.34.30 and node : rcrs6240.rcf.bnl.gov 

Processing reco.C("/star/u/jhai/STAR/FixedTarget/H3LAndH4L-FXT/Hypertriton/input/runinfo/list/sched041239ADF7763BC03611C85295C7C045_18.list",1,0,"/tmp/jhai/041239ADF7763BC03611C85295C7C045_18/","041239ADF7763BC03611C85295C7C045_18")...
strangeArrayNames-arrayNames-__NARRAYS__ = 0
 loading of shared libraries done
##### void StMuDstMaker::setProbabilityPidFile(const char*) ##### ATTENTION: pid table hardwired to /afs/rhic.bnl.gov/star/packages/SL18f/StarDb/dEdxModel/PIDTableP01gl.root
StInfo: StMuDstMaker::SetStatus 1 to MuEvent
StInfo: StMuDstMaker::SetStatus 1 to PrimaryVertices
StInfo: StMuDstMaker::SetStatus 1 to PrimaryTracks
StInfo: StMuDstMaker::SetStatus 1 to GlobalTracks
StInfo: StMuDstMaker::SetStatus 1 to OtherTracks
StInfo: StMuDstMaker::SetStatus 1 to L3Tracks
StInfo: StMuDstMaker::SetStatus 1 to RichSpectra
StInfo: StMuDstMaker::SetStatus 1 to DetectorStates
StInfo: StMuDstMaker::SetStatus 1 to L3AlgoAccept
StInfo: StMuDstMaker::SetStatus 1 to L3AlgoReject
StInfo: StMuDstMaker::SetStatus 1 to CovGlobTrack
StInfo: StMuDstMaker::SetStatus 1 to CovPrimTrack
StInfo: StMuDstMaker::SetStatus 1 to pp2pp
StInfo: StMuDstMaker::SetStatus 1 to mtd
StInfo: StMuDstMaker::SetStatus 1 to Event
StInfo: StMuDstMaker::SetStatus 1 to McEvent
StInfo: StMuDstMaker::SetStatus 1 to V0
StInfo: StMuDstMaker::SetStatus 1 to McV0
StInfo: StMuDstMaker::SetStatus 1 to V0Assoc
StInfo: StMuDstMaker::SetStatus 1 to Xi
StInfo: StMuDstMaker::SetStatus 1 to McXi
StInfo: StMuDstMaker::SetStatus 1 to XiAssoc
StInfo: StMuDstMaker::SetStatus 1 to Kink
StInfo: StMuDstMaker::SetStatus 1 to McKink
StInfo: StMuDstMaker::SetStatus 1 to KinkAssoc
StInfo: StMuDstMaker::SetStatus 1 to StrangeCuts
StInfo: StMuDstMaker::SetStatus 1 to StMuMcVertex
StInfo: StMuDstMaker::SetStatus 1 to StMuMcTrack
StInfo: StMuDstMaker::SetStatus 1 to EmcTow
StInfo: StMuDstMaker::SetStatus 1 to EmcPrs
StInfo: StMuDstMaker::SetStatus 1 to EmcSmde
StInfo: StMuDstMaker::SetStatus 1 to EmcSmdp
StInfo: StMuDstMaker::SetStatus 1 to EEmcPrs
StInfo: StMuDstMaker::SetStatus 1 to EEmcSmdu
StInfo: StMuDstMaker::SetStatus 1 to EEmcSmdv
StInfo: StMuDstMaker::SetStatus 1 to PmdHit
StInfo: StMuDstMaker::SetStatus 1 to CpvHit
StInfo: StMuDstMaker::SetStatus 1 to PmdCluster
StInfo: StMuDstMaker::SetStatus 1 to CpvCluster
StInfo: StMuDstMaker::SetStatus 1 to FmsHit
StInfo: StMuDstMaker::SetStatus 1 to FmsCluster
StInfo: StMuDstMaker::SetStatus 1 to FmsPoint
StInfo: StMuDstMaker::SetStatus 1 to FmsInfo
StInfo: StMuDstMaker::SetStatus 1 to TofHit
StInfo: StMuDstMaker::SetStatus 1 to TofData
StInfo: StMuDstMaker::SetStatus 1 to TofRawData
StInfo: StMuDstMaker::SetStatus 1 to BTofHit
StInfo: StMuDstMaker::SetStatus 1 to BTofRawHit
StInfo: StMuDstMaker::SetStatus 1 to BTofHeader
StInfo: StMuDstMaker::SetStatus 1 to EpdHit
StInfo: StMuDstMaker::SetStatus 1 to MTDHit
StInfo: StMuDstMaker::SetStatus 1 to MTDRawHit
StInfo: StMuDstMaker::SetStatus 1 to MTDHeader
StInfo: StMuDstMaker::SetStatus 1 to FgtStrip
StInfo: StMuDstMaker::SetStatus 1 to FgtCluster
StInfo: StMuDstMaker::SetStatus 1 to FgtStripAssociation
StInfo: StMuDstMaker::SetStatus 1 to FgtAdc
StInfo: StMuDstMaker::SetStatus 1 to EztHead
StInfo: StMuDstMaker::SetStatus 1 to EztTrig
StInfo: StMuDstMaker::SetStatus 1 to EztETow
StInfo: StMuDstMaker::SetStatus 1 to EztESmd
StInfo: StMuDstMaker::SetStatus 1 to EztFpd
 Total entries = 567
StQAInfo: =================================================================================
StQAInfo: QAInfo:Chain              StChain::bfcChain             Ast =  5.58        Cpu =  4.17
StQAInfo: QAInfo:Maker            StV0Maker::v0makerfirst_antibackground Ast =  0.36( 6.5%) Cpu =  0.31( 7.4%)
StQAInfo: QAInfo:Maker            StV0Maker::v0makerfirst_background Ast =  0.78(13.9%) Cpu =  0.69(16.5%)
StQAInfo: QAInfo:Maker            StV0Maker::v0makerfirst_antisignal Ast =  0.48( 8.7%) Cpu =  0.35( 8.4%)
StQAInfo: QAInfo:Maker            StV0Maker::v0makerfirst_signal  Ast =  0.69(12.3%) Cpu =  0.54(12.9%)
StQAInfo: QAInfo:Maker         StMuDstMaker::MuDst                Ast =  3.27(58.5%) Cpu =  2.28(54.7%)
Total Events Processed in StV0Maker 261
Total Events Processed in StV0Maker 261
Total Events Processed in StV0Maker 261
Total Events Processed in StV0Maker 261
StInfo: --------------Error Codes-------------------------
StInfo:      nStOK   nStWarn    nStEOF    nStErr  nStFatal
StInfo:       2835         0         0         0         0
StInfo: --------------------------------------------------
               StMemStat::Summary(calls)        Min        Aver         Max         RMS 
=============================================================================================
              StMuDstMaker(MuDst)::Clear(546)    0.000000    0.000000    0.000000    0.000000
              StMuDstMaker(MuDst)::Make (547)   -0.018792    0.000149    0.026864    0.002203
StV0Maker(v0makerfirst_antibackground)::(546)    0.000000    0.000000    0.000000    0.000000
StV0Maker(v0makerfirst_antibackground)::(547)    0.000000    0.000001    0.000688    0.000029
StV0Maker(v0makerfirst_antisignal)::Clea(546)    0.000000    0.000000    0.000000    0.000000
StV0Maker(v0makerfirst_antisignal)::Make(547)    0.000000    0.000001    0.000688    0.000029
StV0Maker(v0makerfirst_background)::Clea(546)    0.000000    0.000000    0.000000    0.000000
StV0Maker(v0makerfirst_background)::Make(547)    0.000000    0.004507    2.465184    0.105307
   StV0Maker(v0makerfirst_signal)::Clear(546)    0.000000    0.000000    0.000000    0.000000
   StV0Maker(v0makerfirst_signal)::Make (547)    0.000000    0.000001    0.000408    0.000018
---------------------------------------------------------------------------------------------
                                   Total(10)   -0.018792    0.004659    2.465184    0.105330
=============================================================================================

This is the end of ROOT -- Goodbye

Starting copy block
Running copy command:  /bin/cp -fp /tmp/jhai/041239ADF7763BC03611C85295C7C045_18/041239ADF7763BC03611C85295C7C045_18.alabg.histo.root /star/u/jhai/scratch/FixedTarget/H3L/output/
Running copy command:  /bin/cp -fp /tmp/jhai/041239ADF7763BC03611C85295C7C045_18/041239ADF7763BC03611C85295C7C045_18.alabg.picodst.root /star/u/jhai/scratch/FixedTarget/H3L/output/
Running copy command:  /bin/cp -fp /tmp/jhai/041239ADF7763BC03611C85295C7C045_18/041239ADF7763BC03611C85295C7C045_18.ala.histo.root /star/u/jhai/scratch/FixedTarget/H3L/output/
Running copy command:  /bin/cp -fp /tmp/jhai/041239ADF7763BC03611C85295C7C045_18/041239ADF7763BC03611C85295C7C045_18.ala.picodst.root /star/u/jhai/scratch/FixedTarget/H3L/output/
Running copy command:  /bin/cp -fp /tmp/jhai/041239ADF7763BC03611C85295C7C045_18/041239ADF7763BC03611C85295C7C045_18.labg.histo.root /star/u/jhai/scratch/FixedTarget/H3L/output/
Running copy command:  /bin/cp -fp /tmp/jhai/041239ADF7763BC03611C85295C7C045_18/041239ADF7763BC03611C85295C7C045_18.labg.picodst.root /star/u/jhai/scratch/FixedTarget/H3L/output/
Running copy command:  /bin/cp -fp /tmp/jhai/041239ADF7763BC03611C85295C7C045_18/041239ADF7763BC03611C85295C7C045_18.la.histo.root /star/u/jhai/scratch/FixedTarget/H3L/output/
Running copy command:  /bin/cp -fp /tmp/jhai/041239ADF7763BC03611C85295C7C045_18/041239ADF7763BC03611C85295C7C045_18.la.picodst.root /star/u/jhai/scratch/FixedTarget/H3L/output/
53528 Execution of (/star/u/jhai/STAR/FixedTarget/H3LAndH4L-FXT/Hypertriton/input/runinfo/csh/sched041239ADF7763BC03611C85295C7C045_18.csh ) has ended, exiting normally
53528 We END on [Mon Nov 26 13:06:48 EST 2018]
