We are starting on node: rcrs6219.rcf.bnl.gov
HOME is not defined
Using getent method
HOME is now /star/u/jhai
20592 We will spawn ourselves (/star/u/jhai/STAR/FixedTarget/H3LAndH4L-FXT/Hypertriton/input/runinfo/csh/sched041239ADF7763BC03611C85295C7C045_59.csh )
20592 We BEGIN on [Mon Nov 26 13:05:36 EST 2018]
[1] 20758
20592 We are waiting for 20758 
20592 Grandchild PID is 20929 - found in 10 x 1 seconds
20592 Establishing first watcher   on    Mon Nov 26 13:05:47 EST 2018
20592 Process tree is 20592 (main) -> 20758 (child) -> 20929 (grandchild)
F S   UID   PID  PPID  C PRI  NI ADDR SZ WCHAN  TTY        TIME CMD
0 S 11732 20929 20758 33  80   0 - 244659 futex_ ?         0:03 root4star -q -b reco.C("/star/u/jhai/STAR/FixedTarget/H3LAndH4L-FXT/Hypertriton/input/runinfo/list/sched041239ADF7763BC03611C85295C7C045_59.list",1,0,"/tmp/jhai/041239ADF7763BC03611C85295C7C045_59/","041239ADF7763BC03611C85295C7C045_59")
20592 Grandchild PID is 23493 - found in 80 x 2 seconds
20592 Grandchild to watch has changed on Mon Nov 26 13:08:09 EST 2018
20592 Process tree is 20592 (main) -> 20758 (child) -> 23493 (grandchild)
F S   UID   PID  PPID  C PRI  NI ADDR SZ WCHAN  TTY        TIME CMD
0 D 11732 23493 20758  0  80   0 - 30772 cxiWai ?          0:00 /bin/cp -fp /tmp/jhai/041239ADF7763BC03611C85295C7C045_59/041239ADF7763BC03611C85295C7C045_59.alabg.histo.root /star/u/jhai/scratch/FixedTarget/H3L/output/
20758 Stepping into the main SUMS wrapper program with []
--------------------------------
STAR Unified Meta Scheduler 1.10.28 we are starting in $SCRATCH : /home/tmp/jhai/041239ADF7763BC03611C85295C7C045_59
--------------------------------
total 0
  *******************************************
  *                                         *
  *        W E L C O M E  to  R O O T       *
  *                                         *
  *   Version   5.34/30     23 April 2015   *
  *                                         *
  *  You are welcome to visit our Web site  *
  *          http://root.cern.ch            *
  *                                         *
  *******************************************

ROOT 5.34/30 (v5-34-30@v5-34-30, Apr 23 2015, 18:31:46 on linux)

CINT/ROOT C/C++ Interpreter version 5.18.00, July 2, 2010
Type ? for help. Commands must be C++ statements.
Enclose multiple statements between { }.
*** Float Point Exception is OFF ***
 *** Start at Date : Mon Nov 26 13:05:38 2018
QAInfo:You are using STAR_LEVEL : new, ROOT_LEVEL : 5.34.30 and node : rcrs6219.rcf.bnl.gov 

Processing reco.C("/star/u/jhai/STAR/FixedTarget/H3LAndH4L-FXT/Hypertriton/input/runinfo/list/sched041239ADF7763BC03611C85295C7C045_59.list",1,0,"/tmp/jhai/041239ADF7763BC03611C85295C7C045_59/","041239ADF7763BC03611C85295C7C045_59")...
strangeArrayNames-arrayNames-__NARRAYS__ = 0
 loading of shared libraries done
##### void StMuDstMaker::setProbabilityPidFile(const char*) ##### ATTENTION: pid table hardwired to /afs/rhic.bnl.gov/star/packages/SL18f/StarDb/dEdxModel/PIDTableP01gl.root
StInfo: StMuDstMaker::SetStatus 1 to MuEvent
StInfo: StMuDstMaker::SetStatus 1 to PrimaryVertices
StInfo: StMuDstMaker::SetStatus 1 to PrimaryTracks
StInfo: StMuDstMaker::SetStatus 1 to GlobalTracks
StInfo: StMuDstMaker::SetStatus 1 to OtherTracks
StInfo: StMuDstMaker::SetStatus 1 to L3Tracks
StInfo: StMuDstMaker::SetStatus 1 to RichSpectra
StInfo: StMuDstMaker::SetStatus 1 to DetectorStates
StInfo: StMuDstMaker::SetStatus 1 to L3AlgoAccept
StInfo: StMuDstMaker::SetStatus 1 to L3AlgoReject
StInfo: StMuDstMaker::SetStatus 1 to CovGlobTrack
StInfo: StMuDstMaker::SetStatus 1 to CovPrimTrack
StInfo: StMuDstMaker::SetStatus 1 to pp2pp
StInfo: StMuDstMaker::SetStatus 1 to mtd
StInfo: StMuDstMaker::SetStatus 1 to Event
StInfo: StMuDstMaker::SetStatus 1 to McEvent
StInfo: StMuDstMaker::SetStatus 1 to V0
StInfo: StMuDstMaker::SetStatus 1 to McV0
StInfo: StMuDstMaker::SetStatus 1 to V0Assoc
StInfo: StMuDstMaker::SetStatus 1 to Xi
StInfo: StMuDstMaker::SetStatus 1 to McXi
StInfo: StMuDstMaker::SetStatus 1 to XiAssoc
StInfo: StMuDstMaker::SetStatus 1 to Kink
StInfo: StMuDstMaker::SetStatus 1 to McKink
StInfo: StMuDstMaker::SetStatus 1 to KinkAssoc
StInfo: StMuDstMaker::SetStatus 1 to StrangeCuts
StInfo: StMuDstMaker::SetStatus 1 to StMuMcVertex
StInfo: StMuDstMaker::SetStatus 1 to StMuMcTrack
StInfo: StMuDstMaker::SetStatus 1 to EmcTow
StInfo: StMuDstMaker::SetStatus 1 to EmcPrs
StInfo: StMuDstMaker::SetStatus 1 to EmcSmde
StInfo: StMuDstMaker::SetStatus 1 to EmcSmdp
StInfo: StMuDstMaker::SetStatus 1 to EEmcPrs
StInfo: StMuDstMaker::SetStatus 1 to EEmcSmdu
StInfo: StMuDstMaker::SetStatus 1 to EEmcSmdv
StInfo: StMuDstMaker::SetStatus 1 to PmdHit
StInfo: StMuDstMaker::SetStatus 1 to CpvHit
StInfo: StMuDstMaker::SetStatus 1 to PmdCluster
StInfo: StMuDstMaker::SetStatus 1 to CpvCluster
StInfo: StMuDstMaker::SetStatus 1 to FmsHit
StInfo: StMuDstMaker::SetStatus 1 to FmsCluster
StInfo: StMuDstMaker::SetStatus 1 to FmsPoint
StInfo: StMuDstMaker::SetStatus 1 to FmsInfo
StInfo: StMuDstMaker::SetStatus 1 to TofHit
StInfo: StMuDstMaker::SetStatus 1 to TofData
StInfo: StMuDstMaker::SetStatus 1 to TofRawData
StInfo: StMuDstMaker::SetStatus 1 to BTofHit
StInfo: StMuDstMaker::SetStatus 1 to BTofRawHit
StInfo: StMuDstMaker::SetStatus 1 to BTofHeader
StInfo: StMuDstMaker::SetStatus 1 to EpdHit
StInfo: StMuDstMaker::SetStatus 1 to MTDHit
StInfo: StMuDstMaker::SetStatus 1 to MTDRawHit
StInfo: StMuDstMaker::SetStatus 1 to MTDHeader
StInfo: StMuDstMaker::SetStatus 1 to FgtStrip
StInfo: StMuDstMaker::SetStatus 1 to FgtCluster
StInfo: StMuDstMaker::SetStatus 1 to FgtStripAssociation
StInfo: StMuDstMaker::SetStatus 1 to FgtAdc
StInfo: StMuDstMaker::SetStatus 1 to EztHead
StInfo: StMuDstMaker::SetStatus 1 to EztTrig
StInfo: StMuDstMaker::SetStatus 1 to EztETow
StInfo: StMuDstMaker::SetStatus 1 to EztESmd
StInfo: StMuDstMaker::SetStatus 1 to EztFpd
 Total entries = 506
StQAInfo: =================================================================================
StQAInfo: QAInfo:Chain              StChain::bfcChain             Ast =123.00        Cpu =  8.52
StQAInfo: QAInfo:Maker            StV0Maker::v0makerfirst_antibackground Ast =  1.28( 1.0%) Cpu =  1.10(12.9%)
StQAInfo: QAInfo:Maker            StV0Maker::v0makerfirst_background Ast =  1.15( 0.9%) Cpu =  1.04(12.2%)
StQAInfo: QAInfo:Maker            StV0Maker::v0makerfirst_antisignal Ast =  1.28( 1.0%) Cpu =  1.34(15.7%)
StQAInfo: QAInfo:Maker            StV0Maker::v0makerfirst_signal  Ast =  1.50( 1.2%) Cpu =  1.48(17.4%)
StQAInfo: QAInfo:Maker         StMuDstMaker::MuDst                Ast =117.79(95.8%) Cpu =  3.56(41.8%)
Total Events Processed in StV0Maker 487
Total Events Processed in StV0Maker 487
Total Events Processed in StV0Maker 487
Total Events Processed in StV0Maker 487
StInfo: --------------Error Codes-------------------------
StInfo:      nStOK   nStWarn    nStEOF    nStErr  nStFatal
StInfo:       2530         0         0         0         0
StInfo: --------------------------------------------------
               StMemStat::Summary(calls)        Min        Aver         Max         RMS 
=============================================================================================
              StMuDstMaker(MuDst)::Clear(485)    0.000000    0.000000    0.000000    0.000000
              StMuDstMaker(MuDst)::Make (486)   -0.340016   -0.000801    0.175672    0.020264
StV0Maker(v0makerfirst_antibackground)::(485)    0.000000    0.000000    0.000000    0.000000
StV0Maker(v0makerfirst_antibackground)::(486)    0.000000    0.000003    0.001416    0.000064
StV0Maker(v0makerfirst_antisignal)::Clea(485)    0.000000    0.000000    0.000000    0.000000
StV0Maker(v0makerfirst_antisignal)::Make(486)    0.000000    0.000003    0.001408    0.000064
StV0Maker(v0makerfirst_background)::Clea(485)    0.000000    0.000000    0.000000    0.000000
StV0Maker(v0makerfirst_background)::Make(486)    0.000000    0.000000    0.000088    0.000004
   StV0Maker(v0makerfirst_signal)::Clear(485)    0.000000    0.000000    0.000000    0.000000
   StV0Maker(v0makerfirst_signal)::Make (486)    0.000000    0.000000    0.000088    0.000004
---------------------------------------------------------------------------------------------
                                   Total(10)   -0.340016   -0.000795    0.175672    0.020265
=============================================================================================

This is the end of ROOT -- Goodbye

Starting copy block
Running copy command:  /bin/cp -fp /tmp/jhai/041239ADF7763BC03611C85295C7C045_59/041239ADF7763BC03611C85295C7C045_59.alabg.histo.root /star/u/jhai/scratch/FixedTarget/H3L/output/
Running copy command:  /bin/cp -fp /tmp/jhai/041239ADF7763BC03611C85295C7C045_59/041239ADF7763BC03611C85295C7C045_59.alabg.picodst.root /star/u/jhai/scratch/FixedTarget/H3L/output/
Running copy command:  /bin/cp -fp /tmp/jhai/041239ADF7763BC03611C85295C7C045_59/041239ADF7763BC03611C85295C7C045_59.ala.histo.root /star/u/jhai/scratch/FixedTarget/H3L/output/
Running copy command:  /bin/cp -fp /tmp/jhai/041239ADF7763BC03611C85295C7C045_59/041239ADF7763BC03611C85295C7C045_59.ala.picodst.root /star/u/jhai/scratch/FixedTarget/H3L/output/
Running copy command:  /bin/cp -fp /tmp/jhai/041239ADF7763BC03611C85295C7C045_59/041239ADF7763BC03611C85295C7C045_59.labg.histo.root /star/u/jhai/scratch/FixedTarget/H3L/output/
Running copy command:  /bin/cp -fp /tmp/jhai/041239ADF7763BC03611C85295C7C045_59/041239ADF7763BC03611C85295C7C045_59.labg.picodst.root /star/u/jhai/scratch/FixedTarget/H3L/output/
Running copy command:  /bin/cp -fp /tmp/jhai/041239ADF7763BC03611C85295C7C045_59/041239ADF7763BC03611C85295C7C045_59.la.histo.root /star/u/jhai/scratch/FixedTarget/H3L/output/
Running copy command:  /bin/cp -fp /tmp/jhai/041239ADF7763BC03611C85295C7C045_59/041239ADF7763BC03611C85295C7C045_59.la.picodst.root /star/u/jhai/scratch/FixedTarget/H3L/output/
20592 Execution of (/star/u/jhai/STAR/FixedTarget/H3LAndH4L-FXT/Hypertriton/input/runinfo/csh/sched041239ADF7763BC03611C85295C7C045_59.csh ) has ended, exiting normally
20592 We END on [Mon Nov 26 13:08:41 EST 2018]
