We are starting on node: rcrs6237.rcf.bnl.gov
HOME is not defined
Using getent method
HOME is now /star/u/jhai
19475 We will spawn ourselves (/star/u/jhai/STAR/FixedTarget/H3LAndH4L-FXT/Hypertriton/input/runinfo/csh/sched041239ADF7763BC03611C85295C7C045_108.csh )
19475 We BEGIN on [Mon Nov 26 13:05:27 EST 2018]
[1] 19639
19475 We are waiting for 19639 
19475 Grandchild PID is 19657 - found in 0 x 1 seconds
19475 Establishing first watcher   on    Mon Nov 26 13:05:27 EST 2018
19475 Process tree is 19475 (main) -> 19639 (child) -> 19657 (grandchild)
F S   UID   PID  PPID  C PRI  NI ADDR SZ WCHAN  TTY        TIME CMD
19475 Grandchild PID is 19799 - found in 10 x 2 seconds
19475 Grandchild to watch has changed on Mon Nov 26 13:05:48 EST 2018
19475 Process tree is 19475 (main) -> 19639 (child) -> 19799 (grandchild)
F S   UID   PID  PPID  C PRI  NI ADDR SZ WCHAN  TTY        TIME CMD
0 S 11732 19799 19639 21  80   0 - 273169 futex_ ?         0:04 root4star -q -b reco.C("/star/u/jhai/STAR/FixedTarget/H3LAndH4L-FXT/Hypertriton/input/runinfo/list/sched041239ADF7763BC03611C85295C7C045_108.list",1,0,"/tmp/jhai/041239ADF7763BC03611C85295C7C045_108/","041239ADF7763BC03611C85295C7C045_108")
19639 Stepping into the main SUMS wrapper program with []
--------------------------------
STAR Unified Meta Scheduler 1.10.28 we are starting in $SCRATCH : /home/tmp/jhai/041239ADF7763BC03611C85295C7C045_108
--------------------------------
total 0
  *******************************************
  *                                         *
  *        W E L C O M E  to  R O O T       *
  *                                         *
  *   Version   5.34/30     23 April 2015   *
  *                                         *
  *  You are welcome to visit our Web site  *
  *          http://root.cern.ch            *
  *                                         *
  *******************************************

ROOT 5.34/30 (v5-34-30@v5-34-30, Apr 23 2015, 18:31:46 on linux)

CINT/ROOT C/C++ Interpreter version 5.18.00, July 2, 2010
Type ? for help. Commands must be C++ statements.
Enclose multiple statements between { }.
*** Float Point Exception is OFF ***
 *** Start at Date : Mon Nov 26 13:05:29 2018
QAInfo:You are using STAR_LEVEL : new, ROOT_LEVEL : 5.34.30 and node : rcrs6237.rcf.bnl.gov 

Processing reco.C("/star/u/jhai/STAR/FixedTarget/H3LAndH4L-FXT/Hypertriton/input/runinfo/list/sched041239ADF7763BC03611C85295C7C045_108.list",1,0,"/tmp/jhai/041239ADF7763BC03611C85295C7C045_108/","041239ADF7763BC03611C85295C7C045_108")...
strangeArrayNames-arrayNames-__NARRAYS__ = 0
 loading of shared libraries done
##### void StMuDstMaker::setProbabilityPidFile(const char*) ##### ATTENTION: pid table hardwired to /afs/rhic.bnl.gov/star/packages/SL18f/StarDb/dEdxModel/PIDTableP01gl.root
StInfo: StMuDstMaker::SetStatus 1 to MuEvent
StInfo: StMuDstMaker::SetStatus 1 to PrimaryVertices
StInfo: StMuDstMaker::SetStatus 1 to PrimaryTracks
StInfo: StMuDstMaker::SetStatus 1 to GlobalTracks
StInfo: StMuDstMaker::SetStatus 1 to OtherTracks
StInfo: StMuDstMaker::SetStatus 1 to L3Tracks
StInfo: StMuDstMaker::SetStatus 1 to RichSpectra
StInfo: StMuDstMaker::SetStatus 1 to DetectorStates
StInfo: StMuDstMaker::SetStatus 1 to L3AlgoAccept
StInfo: StMuDstMaker::SetStatus 1 to L3AlgoReject
StInfo: StMuDstMaker::SetStatus 1 to CovGlobTrack
StInfo: StMuDstMaker::SetStatus 1 to CovPrimTrack
StInfo: StMuDstMaker::SetStatus 1 to pp2pp
StInfo: StMuDstMaker::SetStatus 1 to mtd
StInfo: StMuDstMaker::SetStatus 1 to Event
StInfo: StMuDstMaker::SetStatus 1 to McEvent
StInfo: StMuDstMaker::SetStatus 1 to V0
StInfo: StMuDstMaker::SetStatus 1 to McV0
StInfo: StMuDstMaker::SetStatus 1 to V0Assoc
StInfo: StMuDstMaker::SetStatus 1 to Xi
StInfo: StMuDstMaker::SetStatus 1 to McXi
StInfo: StMuDstMaker::SetStatus 1 to XiAssoc
StInfo: StMuDstMaker::SetStatus 1 to Kink
StInfo: StMuDstMaker::SetStatus 1 to McKink
StInfo: StMuDstMaker::SetStatus 1 to KinkAssoc
StInfo: StMuDstMaker::SetStatus 1 to StrangeCuts
StInfo: StMuDstMaker::SetStatus 1 to StMuMcVertex
StInfo: StMuDstMaker::SetStatus 1 to StMuMcTrack
StInfo: StMuDstMaker::SetStatus 1 to EmcTow
StInfo: StMuDstMaker::SetStatus 1 to EmcPrs
StInfo: StMuDstMaker::SetStatus 1 to EmcSmde
StInfo: StMuDstMaker::SetStatus 1 to EmcSmdp
StInfo: StMuDstMaker::SetStatus 1 to EEmcPrs
StInfo: StMuDstMaker::SetStatus 1 to EEmcSmdu
StInfo: StMuDstMaker::SetStatus 1 to EEmcSmdv
StInfo: StMuDstMaker::SetStatus 1 to PmdHit
StInfo: StMuDstMaker::SetStatus 1 to CpvHit
StInfo: StMuDstMaker::SetStatus 1 to PmdCluster
StInfo: StMuDstMaker::SetStatus 1 to CpvCluster
StInfo: StMuDstMaker::SetStatus 1 to FmsHit
StInfo: StMuDstMaker::SetStatus 1 to FmsCluster
StInfo: StMuDstMaker::SetStatus 1 to FmsPoint
StInfo: StMuDstMaker::SetStatus 1 to FmsInfo
StInfo: StMuDstMaker::SetStatus 1 to TofHit
StInfo: StMuDstMaker::SetStatus 1 to TofData
StInfo: StMuDstMaker::SetStatus 1 to TofRawData
StInfo: StMuDstMaker::SetStatus 1 to BTofHit
StInfo: StMuDstMaker::SetStatus 1 to BTofRawHit
StInfo: StMuDstMaker::SetStatus 1 to BTofHeader
StInfo: StMuDstMaker::SetStatus 1 to EpdHit
StInfo: StMuDstMaker::SetStatus 1 to MTDHit
StInfo: StMuDstMaker::SetStatus 1 to MTDRawHit
StInfo: StMuDstMaker::SetStatus 1 to MTDHeader
StInfo: StMuDstMaker::SetStatus 1 to FgtStrip
StInfo: StMuDstMaker::SetStatus 1 to FgtCluster
StInfo: StMuDstMaker::SetStatus 1 to FgtStripAssociation
StInfo: StMuDstMaker::SetStatus 1 to FgtAdc
StInfo: StMuDstMaker::SetStatus 1 to EztHead
StInfo: StMuDstMaker::SetStatus 1 to EztTrig
StInfo: StMuDstMaker::SetStatus 1 to EztETow
StInfo: StMuDstMaker::SetStatus 1 to EztESmd
StInfo: StMuDstMaker::SetStatus 1 to EztFpd
 Total entries = 4731

== Event 1000 start ==

== Event 2000 start ==

== Event 3000 start ==

== Event 4000 start ==
StQAInfo: =================================================================================
StQAInfo: QAInfo:Chain              StChain::bfcChain             Ast =547.49        Cpu = 66.08
StQAInfo: QAInfo:Maker            StV0Maker::v0makerfirst_antibackground Ast =  7.72( 1.4%) Cpu =  7.87(11.9%)
StQAInfo: QAInfo:Maker            StV0Maker::v0makerfirst_background Ast =  8.93( 1.6%) Cpu =  8.89(13.5%)
StQAInfo: QAInfo:Maker            StV0Maker::v0makerfirst_antisignal Ast =  7.80( 1.4%) Cpu =  7.64(11.6%)
StQAInfo: QAInfo:Maker            StV0Maker::v0makerfirst_signal  Ast =  9.56( 1.7%) Cpu =  8.88(13.4%)
StQAInfo: QAInfo:Maker         StMuDstMaker::MuDst                Ast =513.49(93.8%) Cpu = 32.80(49.6%)
Total Events Processed in StV0Maker 4565
Total Events Processed in StV0Maker 4565
Total Events Processed in StV0Maker 4565
Total Events Processed in StV0Maker 4565
StInfo: --------------Error Codes-------------------------
StInfo:      nStOK   nStWarn    nStEOF    nStErr  nStFatal
StInfo:      23655         0         0         0         0
StInfo: --------------------------------------------------
               StMemStat::Summary(calls)        Min        Aver         Max         RMS 
=============================================================================================
              StMuDstMaker(MuDst)::Clear(4710)    0.000000    0.000000    0.000000    0.000000
              StMuDstMaker(MuDst)::Make (4711)   -0.252936    0.000103    0.189608    0.005542
StV0Maker(v0makerfirst_antibackground)::(4710)    0.000000    0.000000    0.000000    0.000000
StV0Maker(v0makerfirst_antibackground)::(4711)    0.000000    0.000000    0.001408    0.000021
StV0Maker(v0makerfirst_antisignal)::Clea(4710)    0.000000    0.000000    0.000000    0.000000
StV0Maker(v0makerfirst_antisignal)::Make(4711)    0.000000    0.000000    0.001408    0.000021
StV0Maker(v0makerfirst_background)::Clea(4710)    0.000000    0.000000    0.000000    0.000000
StV0Maker(v0makerfirst_background)::Make(4711)    0.000000    0.000000    0.001400    0.000020
   StV0Maker(v0makerfirst_signal)::Clear(4710)    0.000000    0.000000    0.000000    0.000000
   StV0Maker(v0makerfirst_signal)::Make (4711)    0.000000    0.000000    0.001408    0.000021
---------------------------------------------------------------------------------------------
                                   Total(10)   -0.252936    0.000104    0.189608    0.005542
=============================================================================================

This is the end of ROOT -- Goodbye

Starting copy block
Running copy command:  /bin/cp -fp /tmp/jhai/041239ADF7763BC03611C85295C7C045_108/041239ADF7763BC03611C85295C7C045_108.alabg.histo.root /star/u/jhai/scratch/FixedTarget/H3L/output/
Running copy command:  /bin/cp -fp /tmp/jhai/041239ADF7763BC03611C85295C7C045_108/041239ADF7763BC03611C85295C7C045_108.alabg.picodst.root /star/u/jhai/scratch/FixedTarget/H3L/output/
Running copy command:  /bin/cp -fp /tmp/jhai/041239ADF7763BC03611C85295C7C045_108/041239ADF7763BC03611C85295C7C045_108.ala.histo.root /star/u/jhai/scratch/FixedTarget/H3L/output/
Running copy command:  /bin/cp -fp /tmp/jhai/041239ADF7763BC03611C85295C7C045_108/041239ADF7763BC03611C85295C7C045_108.ala.picodst.root /star/u/jhai/scratch/FixedTarget/H3L/output/
Running copy command:  /bin/cp -fp /tmp/jhai/041239ADF7763BC03611C85295C7C045_108/041239ADF7763BC03611C85295C7C045_108.labg.histo.root /star/u/jhai/scratch/FixedTarget/H3L/output/
Running copy command:  /bin/cp -fp /tmp/jhai/041239ADF7763BC03611C85295C7C045_108/041239ADF7763BC03611C85295C7C045_108.labg.picodst.root /star/u/jhai/scratch/FixedTarget/H3L/output/
Running copy command:  /bin/cp -fp /tmp/jhai/041239ADF7763BC03611C85295C7C045_108/041239ADF7763BC03611C85295C7C045_108.la.histo.root /star/u/jhai/scratch/FixedTarget/H3L/output/
Running copy command:  /bin/cp -fp /tmp/jhai/041239ADF7763BC03611C85295C7C045_108/041239ADF7763BC03611C85295C7C045_108.la.picodst.root /star/u/jhai/scratch/FixedTarget/H3L/output/
19475 Execution of (/star/u/jhai/STAR/FixedTarget/H3LAndH4L-FXT/Hypertriton/input/runinfo/csh/sched041239ADF7763BC03611C85295C7C045_108.csh ) has ended, exiting normally
19475 We END on [Mon Nov 26 13:14:46 EST 2018]
