We are starting on node: rcas6075.rcf.bnl.gov
HOME is not defined
Using getent method
HOME is now /star/u/jhai
149759 We will spawn ourselves (/star/u/jhai/STAR/FixedTarget/H3LAndH4L-FXT/Hypertriton/input/runinfo/csh/sched041239ADF7763BC03611C85295C7C045_176.csh )
149759 We BEGIN on [Mon Nov 26 13:05:13 EST 2018]
[1] 150040
149759 We are waiting for 150040 
149759 Grandchild PID is 150060 - found in 0 x 1 seconds
149759 Establishing first watcher   on    Mon Nov 26 13:05:14 EST 2018
149759 Process tree is 149759 (main) -> 150040 (child) -> 150060 (grandchild)
F S   UID    PID   PPID  C PRI  NI ADDR SZ WCHAN  TTY        TIME CMD
149759 Grandchild PID is 150216 - found in 10 x 2 seconds
149759 Grandchild to watch has changed on Mon Nov 26 13:05:34 EST 2018
149759 Process tree is 149759 (main) -> 150040 (child) -> 150216 (grandchild)
F S   UID    PID   PPID  C PRI  NI ADDR SZ WCHAN  TTY        TIME CMD
0 S 11732 150216 150040 49  80   0 - 274909 futex_ ?         0:09 root4star -q -b reco.C("/star/u/jhai/STAR/FixedTarget/H3LAndH4L-FXT/Hypertriton/input/runinfo/list/sched041239ADF7763BC03611C85295C7C045_176.list",1,0,"/tmp/jhai/041239ADF7763BC03611C85295C7C045_176/","041239ADF7763BC03611C85295C7C045_176")
150040 Stepping into the main SUMS wrapper program with []
--------------------------------
STAR Unified Meta Scheduler 1.10.28 we are starting in $SCRATCH : /home/tmp/jhai/041239ADF7763BC03611C85295C7C045_176
--------------------------------
total 0
  *******************************************
  *                                         *
  *        W E L C O M E  to  R O O T       *
  *                                         *
  *   Version   5.34/30     23 April 2015   *
  *                                         *
  *  You are welcome to visit our Web site  *
  *          http://root.cern.ch            *
  *                                         *
  *******************************************

ROOT 5.34/30 (v5-34-30@v5-34-30, Apr 23 2015, 18:31:46 on linux)

CINT/ROOT C/C++ Interpreter version 5.18.00, July 2, 2010
Type ? for help. Commands must be C++ statements.
Enclose multiple statements between { }.
*** Float Point Exception is OFF ***
 *** Start at Date : Mon Nov 26 13:05:14 2018
QAInfo:You are using STAR_LEVEL : new, ROOT_LEVEL : 5.34.30 and node : rcas6075.rcf.bnl.gov 

Processing reco.C("/star/u/jhai/STAR/FixedTarget/H3LAndH4L-FXT/Hypertriton/input/runinfo/list/sched041239ADF7763BC03611C85295C7C045_176.list",1,0,"/tmp/jhai/041239ADF7763BC03611C85295C7C045_176/","041239ADF7763BC03611C85295C7C045_176")...
strangeArrayNames-arrayNames-__NARRAYS__ = 0
 loading of shared libraries done
##### void StMuDstMaker::setProbabilityPidFile(const char*) ##### ATTENTION: pid table hardwired to /afs/rhic.bnl.gov/star/packages/SL18f/StarDb/dEdxModel/PIDTableP01gl.root
StInfo: StMuDstMaker::SetStatus 1 to MuEvent
StInfo: StMuDstMaker::SetStatus 1 to PrimaryVertices
StInfo: StMuDstMaker::SetStatus 1 to PrimaryTracks
StInfo: StMuDstMaker::SetStatus 1 to GlobalTracks
StInfo: StMuDstMaker::SetStatus 1 to OtherTracks
StInfo: StMuDstMaker::SetStatus 1 to L3Tracks
StInfo: StMuDstMaker::SetStatus 1 to RichSpectra
StInfo: StMuDstMaker::SetStatus 1 to DetectorStates
StInfo: StMuDstMaker::SetStatus 1 to L3AlgoAccept
StInfo: StMuDstMaker::SetStatus 1 to L3AlgoReject
StInfo: StMuDstMaker::SetStatus 1 to CovGlobTrack
StInfo: StMuDstMaker::SetStatus 1 to CovPrimTrack
StInfo: StMuDstMaker::SetStatus 1 to pp2pp
StInfo: StMuDstMaker::SetStatus 1 to mtd
StInfo: StMuDstMaker::SetStatus 1 to Event
StInfo: StMuDstMaker::SetStatus 1 to McEvent
StInfo: StMuDstMaker::SetStatus 1 to V0
StInfo: StMuDstMaker::SetStatus 1 to McV0
StInfo: StMuDstMaker::SetStatus 1 to V0Assoc
StInfo: StMuDstMaker::SetStatus 1 to Xi
StInfo: StMuDstMaker::SetStatus 1 to McXi
StInfo: StMuDstMaker::SetStatus 1 to XiAssoc
StInfo: StMuDstMaker::SetStatus 1 to Kink
StInfo: StMuDstMaker::SetStatus 1 to McKink
StInfo: StMuDstMaker::SetStatus 1 to KinkAssoc
StInfo: StMuDstMaker::SetStatus 1 to StrangeCuts
StInfo: StMuDstMaker::SetStatus 1 to StMuMcVertex
StInfo: StMuDstMaker::SetStatus 1 to StMuMcTrack
StInfo: StMuDstMaker::SetStatus 1 to EmcTow
StInfo: StMuDstMaker::SetStatus 1 to EmcPrs
StInfo: StMuDstMaker::SetStatus 1 to EmcSmde
StInfo: StMuDstMaker::SetStatus 1 to EmcSmdp
StInfo: StMuDstMaker::SetStatus 1 to EEmcPrs
StInfo: StMuDstMaker::SetStatus 1 to EEmcSmdu
StInfo: StMuDstMaker::SetStatus 1 to EEmcSmdv
StInfo: StMuDstMaker::SetStatus 1 to PmdHit
StInfo: StMuDstMaker::SetStatus 1 to CpvHit
StInfo: StMuDstMaker::SetStatus 1 to PmdCluster
StInfo: StMuDstMaker::SetStatus 1 to CpvCluster
StInfo: StMuDstMaker::SetStatus 1 to FmsHit
StInfo: StMuDstMaker::SetStatus 1 to FmsCluster
StInfo: StMuDstMaker::SetStatus 1 to FmsPoint
StInfo: StMuDstMaker::SetStatus 1 to FmsInfo
StInfo: StMuDstMaker::SetStatus 1 to TofHit
StInfo: StMuDstMaker::SetStatus 1 to TofData
StInfo: StMuDstMaker::SetStatus 1 to TofRawData
StInfo: StMuDstMaker::SetStatus 1 to BTofHit
StInfo: StMuDstMaker::SetStatus 1 to BTofRawHit
StInfo: StMuDstMaker::SetStatus 1 to BTofHeader
StInfo: StMuDstMaker::SetStatus 1 to EpdHit
StInfo: StMuDstMaker::SetStatus 1 to MTDHit
StInfo: StMuDstMaker::SetStatus 1 to MTDRawHit
StInfo: StMuDstMaker::SetStatus 1 to MTDHeader
StInfo: StMuDstMaker::SetStatus 1 to FgtStrip
StInfo: StMuDstMaker::SetStatus 1 to FgtCluster
StInfo: StMuDstMaker::SetStatus 1 to FgtStripAssociation
StInfo: StMuDstMaker::SetStatus 1 to FgtAdc
StInfo: StMuDstMaker::SetStatus 1 to EztHead
StInfo: StMuDstMaker::SetStatus 1 to EztTrig
StInfo: StMuDstMaker::SetStatus 1 to EztETow
StInfo: StMuDstMaker::SetStatus 1 to EztESmd
StInfo: StMuDstMaker::SetStatus 1 to EztFpd
 Total entries = 14152

== Event 1000 start ==

== Event 2000 start ==

== Event 3000 start ==

== Event 4000 start ==

== Event 5000 start ==

== Event 6000 start ==

== Event 7000 start ==

== Event 8000 start ==

== Event 9000 start ==

== Event 10000 start ==

== Event 11000 start ==

== Event 12000 start ==

== Event 13000 start ==

== Event 14000 start ==
StQAInfo: =================================================================================
StQAInfo: QAInfo:Chain              StChain::bfcChain             Ast =749.65        Cpu =145.05
StQAInfo: QAInfo:Maker            StV0Maker::v0makerfirst_antibackground Ast = 16.48( 2.2%) Cpu = 16.47(11.4%)
StQAInfo: QAInfo:Maker            StV0Maker::v0makerfirst_background Ast = 19.91( 2.7%) Cpu = 19.87(13.7%)
StQAInfo: QAInfo:Maker            StV0Maker::v0makerfirst_antisignal Ast = 17.06( 2.3%) Cpu = 17.24(11.9%)
StQAInfo: QAInfo:Maker            StV0Maker::v0makerfirst_signal  Ast = 20.00( 2.7%) Cpu = 20.30(14.0%)
StQAInfo: QAInfo:Maker         StMuDstMaker::MuDst                Ast =676.21(90.2%) Cpu = 71.17(49.1%)
Total Events Processed in StV0Maker 13683
Total Events Processed in StV0Maker 13683
Total Events Processed in StV0Maker 13683
Total Events Processed in StV0Maker 13683
StInfo: --------------Error Codes-------------------------
StInfo:      nStOK   nStWarn    nStEOF    nStErr  nStFatal
StInfo:      70760         0         0         0         0
StInfo: --------------------------------------------------
               StMemStat::Summary(calls)        Min        Aver         Max         RMS 
=============================================================================================
              StMuDstMaker(MuDst)::Clear(14131)    0.000000    0.000000    0.000000    0.000000
              StMuDstMaker(MuDst)::Make (14132)   -0.272856   -0.000039    0.626896    0.045436
StV0Maker(v0makerfirst_antibackground)::(14131)    0.000000    0.000000    0.000000    0.000000
StV0Maker(v0makerfirst_antibackground)::(14132)    0.000000    0.000000    0.001416    0.000012
StV0Maker(v0makerfirst_antisignal)::Clea(14131)    0.000000    0.000000    0.000000    0.000000
StV0Maker(v0makerfirst_antisignal)::Make(14132)    0.000000    0.000000    0.001416    0.000012
StV0Maker(v0makerfirst_background)::Clea(14131)    0.000000    0.000000    0.000000    0.000000
StV0Maker(v0makerfirst_background)::Make(14132)    0.000000    0.000017    0.236000    0.001985
   StV0Maker(v0makerfirst_signal)::Clear(14131)    0.000000    0.000000    0.000000    0.000000
   StV0Maker(v0makerfirst_signal)::Make (14132)    0.000000    0.000017    0.236000    0.001985
---------------------------------------------------------------------------------------------
                                   Total(10)   -0.272856   -0.000005    0.626896    0.045523
=============================================================================================

This is the end of ROOT -- Goodbye

Starting copy block
Running copy command:  /bin/cp -fp /tmp/jhai/041239ADF7763BC03611C85295C7C045_176/041239ADF7763BC03611C85295C7C045_176.alabg.histo.root /star/u/jhai/scratch/FixedTarget/H3L/output/
Running copy command:  /bin/cp -fp /tmp/jhai/041239ADF7763BC03611C85295C7C045_176/041239ADF7763BC03611C85295C7C045_176.alabg.picodst.root /star/u/jhai/scratch/FixedTarget/H3L/output/
Running copy command:  /bin/cp -fp /tmp/jhai/041239ADF7763BC03611C85295C7C045_176/041239ADF7763BC03611C85295C7C045_176.ala.histo.root /star/u/jhai/scratch/FixedTarget/H3L/output/
Running copy command:  /bin/cp -fp /tmp/jhai/041239ADF7763BC03611C85295C7C045_176/041239ADF7763BC03611C85295C7C045_176.ala.picodst.root /star/u/jhai/scratch/FixedTarget/H3L/output/
Running copy command:  /bin/cp -fp /tmp/jhai/041239ADF7763BC03611C85295C7C045_176/041239ADF7763BC03611C85295C7C045_176.labg.histo.root /star/u/jhai/scratch/FixedTarget/H3L/output/
Running copy command:  /bin/cp -fp /tmp/jhai/041239ADF7763BC03611C85295C7C045_176/041239ADF7763BC03611C85295C7C045_176.labg.picodst.root /star/u/jhai/scratch/FixedTarget/H3L/output/
Running copy command:  /bin/cp -fp /tmp/jhai/041239ADF7763BC03611C85295C7C045_176/041239ADF7763BC03611C85295C7C045_176.la.histo.root /star/u/jhai/scratch/FixedTarget/H3L/output/
Running copy command:  /bin/cp -fp /tmp/jhai/041239ADF7763BC03611C85295C7C045_176/041239ADF7763BC03611C85295C7C045_176.la.picodst.root /star/u/jhai/scratch/FixedTarget/H3L/output/
149759 Execution of (/star/u/jhai/STAR/FixedTarget/H3LAndH4L-FXT/Hypertriton/input/runinfo/csh/sched041239ADF7763BC03611C85295C7C045_176.csh ) has ended, exiting normally
149759 We END on [Mon Nov 26 13:17:56 EST 2018]
