We are starting on node: rcrs6240.rcf.bnl.gov
HOME is not defined
Using getent method
HOME is now /star/u/jhai
52311 We will spawn ourselves (/star/u/jhai/STAR/FixedTarget/H3LAndH4L-FXT/Hypertriton/input/runinfo/csh/sched041239ADF7763BC03611C85295C7C045_135.csh )
52311 We BEGIN on [Mon Nov 26 13:05:23 EST 2018]
[1] 52470
52311 We are waiting for 52470 
52311 Grandchild PID is 52651 - found in 10 x 1 seconds
52311 Establishing first watcher   on    Mon Nov 26 13:05:33 EST 2018
52311 Process tree is 52311 (main) -> 52470 (child) -> 52651 (grandchild)
F S   UID   PID  PPID  C PRI  NI ADDR SZ WCHAN  TTY        TIME CMD
0 S 11732 52651 52470 41  80   0 - 244400 futex_ ?         0:04 root4star -q -b reco.C("/star/u/jhai/STAR/FixedTarget/H3LAndH4L-FXT/Hypertriton/input/runinfo/list/sched041239ADF7763BC03611C85295C7C045_135.list",1,0,"/tmp/jhai/041239ADF7763BC03611C85295C7C045_135/","041239ADF7763BC03611C85295C7C045_135")
52470 Stepping into the main SUMS wrapper program with []
--------------------------------
STAR Unified Meta Scheduler 1.10.28 we are starting in $SCRATCH : /home/tmp/jhai/041239ADF7763BC03611C85295C7C045_135
--------------------------------
total 0
  *******************************************
  *                                         *
  *        W E L C O M E  to  R O O T       *
  *                                         *
  *   Version   5.34/30     23 April 2015   *
  *                                         *
  *  You are welcome to visit our Web site  *
  *          http://root.cern.ch            *
  *                                         *
  *******************************************

ROOT 5.34/30 (v5-34-30@v5-34-30, Apr 23 2015, 18:31:46 on linux)

CINT/ROOT C/C++ Interpreter version 5.18.00, July 2, 2010
Type ? for help. Commands must be C++ statements.
Enclose multiple statements between { }.
*** Float Point Exception is OFF ***
 *** Start at Date : Mon Nov 26 13:05:24 2018
QAInfo:You are using STAR_LEVEL : new, ROOT_LEVEL : 5.34.30 and node : rcrs6240.rcf.bnl.gov 

Processing reco.C("/star/u/jhai/STAR/FixedTarget/H3LAndH4L-FXT/Hypertriton/input/runinfo/list/sched041239ADF7763BC03611C85295C7C045_135.list",1,0,"/tmp/jhai/041239ADF7763BC03611C85295C7C045_135/","041239ADF7763BC03611C85295C7C045_135")...
strangeArrayNames-arrayNames-__NARRAYS__ = 0
 loading of shared libraries done
##### void StMuDstMaker::setProbabilityPidFile(const char*) ##### ATTENTION: pid table hardwired to /afs/rhic.bnl.gov/star/packages/SL18f/StarDb/dEdxModel/PIDTableP01gl.root
StInfo: StMuDstMaker::SetStatus 1 to MuEvent
StInfo: StMuDstMaker::SetStatus 1 to PrimaryVertices
StInfo: StMuDstMaker::SetStatus 1 to PrimaryTracks
StInfo: StMuDstMaker::SetStatus 1 to GlobalTracks
StInfo: StMuDstMaker::SetStatus 1 to OtherTracks
StInfo: StMuDstMaker::SetStatus 1 to L3Tracks
StInfo: StMuDstMaker::SetStatus 1 to RichSpectra
StInfo: StMuDstMaker::SetStatus 1 to DetectorStates
StInfo: StMuDstMaker::SetStatus 1 to L3AlgoAccept
StInfo: StMuDstMaker::SetStatus 1 to L3AlgoReject
StInfo: StMuDstMaker::SetStatus 1 to CovGlobTrack
StInfo: StMuDstMaker::SetStatus 1 to CovPrimTrack
StInfo: StMuDstMaker::SetStatus 1 to pp2pp
StInfo: StMuDstMaker::SetStatus 1 to mtd
StInfo: StMuDstMaker::SetStatus 1 to Event
StInfo: StMuDstMaker::SetStatus 1 to McEvent
StInfo: StMuDstMaker::SetStatus 1 to V0
StInfo: StMuDstMaker::SetStatus 1 to McV0
StInfo: StMuDstMaker::SetStatus 1 to V0Assoc
StInfo: StMuDstMaker::SetStatus 1 to Xi
StInfo: StMuDstMaker::SetStatus 1 to McXi
StInfo: StMuDstMaker::SetStatus 1 to XiAssoc
StInfo: StMuDstMaker::SetStatus 1 to Kink
StInfo: StMuDstMaker::SetStatus 1 to McKink
StInfo: StMuDstMaker::SetStatus 1 to KinkAssoc
StInfo: StMuDstMaker::SetStatus 1 to StrangeCuts
StInfo: StMuDstMaker::SetStatus 1 to StMuMcVertex
StInfo: StMuDstMaker::SetStatus 1 to StMuMcTrack
StInfo: StMuDstMaker::SetStatus 1 to EmcTow
StInfo: StMuDstMaker::SetStatus 1 to EmcPrs
StInfo: StMuDstMaker::SetStatus 1 to EmcSmde
StInfo: StMuDstMaker::SetStatus 1 to EmcSmdp
StInfo: StMuDstMaker::SetStatus 1 to EEmcPrs
StInfo: StMuDstMaker::SetStatus 1 to EEmcSmdu
StInfo: StMuDstMaker::SetStatus 1 to EEmcSmdv
StInfo: StMuDstMaker::SetStatus 1 to PmdHit
StInfo: StMuDstMaker::SetStatus 1 to CpvHit
StInfo: StMuDstMaker::SetStatus 1 to PmdCluster
StInfo: StMuDstMaker::SetStatus 1 to CpvCluster
StInfo: StMuDstMaker::SetStatus 1 to FmsHit
StInfo: StMuDstMaker::SetStatus 1 to FmsCluster
StInfo: StMuDstMaker::SetStatus 1 to FmsPoint
StInfo: StMuDstMaker::SetStatus 1 to FmsInfo
StInfo: StMuDstMaker::SetStatus 1 to TofHit
StInfo: StMuDstMaker::SetStatus 1 to TofData
StInfo: StMuDstMaker::SetStatus 1 to TofRawData
StInfo: StMuDstMaker::SetStatus 1 to BTofHit
StInfo: StMuDstMaker::SetStatus 1 to BTofRawHit
StInfo: StMuDstMaker::SetStatus 1 to BTofHeader
StInfo: StMuDstMaker::SetStatus 1 to EpdHit
StInfo: StMuDstMaker::SetStatus 1 to MTDHit
StInfo: StMuDstMaker::SetStatus 1 to MTDRawHit
StInfo: StMuDstMaker::SetStatus 1 to MTDHeader
StInfo: StMuDstMaker::SetStatus 1 to FgtStrip
StInfo: StMuDstMaker::SetStatus 1 to FgtCluster
StInfo: StMuDstMaker::SetStatus 1 to FgtStripAssociation
StInfo: StMuDstMaker::SetStatus 1 to FgtAdc
StInfo: StMuDstMaker::SetStatus 1 to EztHead
StInfo: StMuDstMaker::SetStatus 1 to EztTrig
StInfo: StMuDstMaker::SetStatus 1 to EztETow
StInfo: StMuDstMaker::SetStatus 1 to EztESmd
StInfo: StMuDstMaker::SetStatus 1 to EztFpd
 Total entries = 6903

== Event 1000 start ==

== Event 2000 start ==

== Event 3000 start ==

== Event 4000 start ==

== Event 5000 start ==

== Event 6000 start ==
StQAInfo: =================================================================================
StQAInfo: QAInfo:Chain              StChain::bfcChain             Ast =1420.90        Cpu =103.77
StQAInfo: QAInfo:Maker            StV0Maker::v0makerfirst_antibackground Ast = 12.90( 0.9%) Cpu = 12.33(11.9%)
StQAInfo: QAInfo:Maker            StV0Maker::v0makerfirst_background Ast = 14.75( 1.0%) Cpu = 14.68(14.1%)
StQAInfo: QAInfo:Maker            StV0Maker::v0makerfirst_antisignal Ast = 12.77( 0.9%) Cpu = 12.58(12.1%)
StQAInfo: QAInfo:Maker            StV0Maker::v0makerfirst_signal  Ast = 15.12( 1.1%) Cpu = 14.90(14.4%)
StQAInfo: QAInfo:Maker         StMuDstMaker::MuDst                Ast =1365.36(96.1%) Cpu = 49.28(47.5%)
Total Events Processed in StV0Maker 6682
Total Events Processed in StV0Maker 6682
Total Events Processed in StV0Maker 6682
Total Events Processed in StV0Maker 6682
StInfo: --------------Error Codes-------------------------
StInfo:      nStOK   nStWarn    nStEOF    nStErr  nStFatal
StInfo:      34515         0         0         0         0
StInfo: --------------------------------------------------
               StMemStat::Summary(calls)        Min        Aver         Max         RMS 
=============================================================================================
              StMuDstMaker(MuDst)::Clear(6882)    0.000000    0.000000    0.000000    0.000000
              StMuDstMaker(MuDst)::Make (6883)   -0.259008    0.000009    0.357784    0.026204
StV0Maker(v0makerfirst_antibackground)::(6882)    0.000000    0.000000    0.000000    0.000000
StV0Maker(v0makerfirst_antibackground)::(6883)    0.000000    0.000000    0.001400    0.000017
StV0Maker(v0makerfirst_antisignal)::Clea(6882)    0.000000    0.000000    0.000000    0.000000
StV0Maker(v0makerfirst_antisignal)::Make(6883)    0.000000    0.000000    0.001416    0.000017
StV0Maker(v0makerfirst_background)::Clea(6882)    0.000000    0.000000    0.000000    0.000000
StV0Maker(v0makerfirst_background)::Make(6883)    0.000000    0.000034    0.236048    0.002845
   StV0Maker(v0makerfirst_signal)::Clear(6882)    0.000000    0.000000    0.000000    0.000000
   StV0Maker(v0makerfirst_signal)::Make (6883)    0.000000    0.000392    2.464784    0.029842
---------------------------------------------------------------------------------------------
                                   Total(10)   -0.259008    0.000436    2.464784    0.039816
=============================================================================================

This is the end of ROOT -- Goodbye

Starting copy block
Running copy command:  /bin/cp -fp /tmp/jhai/041239ADF7763BC03611C85295C7C045_135/041239ADF7763BC03611C85295C7C045_135.alabg.histo.root /star/u/jhai/scratch/FixedTarget/H3L/output/
Running copy command:  /bin/cp -fp /tmp/jhai/041239ADF7763BC03611C85295C7C045_135/041239ADF7763BC03611C85295C7C045_135.alabg.picodst.root /star/u/jhai/scratch/FixedTarget/H3L/output/
Running copy command:  /bin/cp -fp /tmp/jhai/041239ADF7763BC03611C85295C7C045_135/041239ADF7763BC03611C85295C7C045_135.ala.histo.root /star/u/jhai/scratch/FixedTarget/H3L/output/
Running copy command:  /bin/cp -fp /tmp/jhai/041239ADF7763BC03611C85295C7C045_135/041239ADF7763BC03611C85295C7C045_135.ala.picodst.root /star/u/jhai/scratch/FixedTarget/H3L/output/
Running copy command:  /bin/cp -fp /tmp/jhai/041239ADF7763BC03611C85295C7C045_135/041239ADF7763BC03611C85295C7C045_135.labg.histo.root /star/u/jhai/scratch/FixedTarget/H3L/output/
Running copy command:  /bin/cp -fp /tmp/jhai/041239ADF7763BC03611C85295C7C045_135/041239ADF7763BC03611C85295C7C045_135.labg.picodst.root /star/u/jhai/scratch/FixedTarget/H3L/output/
Running copy command:  /bin/cp -fp /tmp/jhai/041239ADF7763BC03611C85295C7C045_135/041239ADF7763BC03611C85295C7C045_135.la.histo.root /star/u/jhai/scratch/FixedTarget/H3L/output/
Running copy command:  /bin/cp -fp /tmp/jhai/041239ADF7763BC03611C85295C7C045_135/041239ADF7763BC03611C85295C7C045_135.la.picodst.root /star/u/jhai/scratch/FixedTarget/H3L/output/
52311 Execution of (/star/u/jhai/STAR/FixedTarget/H3LAndH4L-FXT/Hypertriton/input/runinfo/csh/sched041239ADF7763BC03611C85295C7C045_135.csh ) has ended, exiting normally
52311 We END on [Mon Nov 26 13:29:18 EST 2018]
