We are starting on node: rcrs6060.rcf.bnl.gov
HOME is not defined
Using getent method
HOME is now /star/u/jhai
5751 We will spawn ourselves (/star/u/jhai/STAR/FixedTarget/H3LAndH4L-FXT/H3L_TwoDecay/input/runinfo/csh/sched012AF88E185587BD10B4E120911FD896_115.csh )
5751 We BEGIN on [Wed Nov 14 12:58:16 EST 2018]
[1] 5905
5751 We are waiting for 5905 
5751 Grandchild PID is 6087 - found in 10 x 1 seconds
5751 Establishing first watcher   on    Wed Nov 14 12:58:26 EST 2018
5751 Process tree is 5751 (main) -> 5905 (child) -> 6087 (grandchild)
F S   UID   PID  PPID  C PRI  NI ADDR SZ WCHAN  TTY        TIME CMD
0 R 11732  6087  5905 83  80   0 - 308473 -     ?          0:08 root4star -q -b reco.C("/star/u/jhai/STAR/FixedTarget/H3LAndH4L-FXT/H3L_TwoDecay/input/runinfo/list/sched012AF88E185587BD10B4E120911FD896_115.list",1,0,"/tmp/jhai/012AF88E185587BD10B4E120911FD896_115/","012AF88E185587BD10B4E120911FD896_115")
5905 Stepping into the main SUMS wrapper program with []
--------------------------------
STAR Unified Meta Scheduler 1.10.28 we are starting in $SCRATCH : /home/tmp/jhai/012AF88E185587BD10B4E120911FD896_115
--------------------------------
total 0
  *******************************************
  *                                         *
  *        W E L C O M E  to  R O O T       *
  *                                         *
  *   Version   5.34/30     23 April 2015   *
  *                                         *
  *  You are welcome to visit our Web site  *
  *          http://root.cern.ch            *
  *                                         *
  *******************************************

ROOT 5.34/30 (v5-34-30@v5-34-30, Apr 23 2015, 18:31:46 on linux)

CINT/ROOT C/C++ Interpreter version 5.18.00, July 2, 2010
Type ? for help. Commands must be C++ statements.
Enclose multiple statements between { }.
*** Float Point Exception is OFF ***
 *** Start at Date : Wed Nov 14 12:58:17 2018
QAInfo:You are using STAR_LEVEL : new, ROOT_LEVEL : 5.34.30 and node : rcrs6060.rcf.bnl.gov 

Processing reco.C("/star/u/jhai/STAR/FixedTarget/H3LAndH4L-FXT/H3L_TwoDecay/input/runinfo/list/sched012AF88E185587BD10B4E120911FD896_115.list",1,0,"/tmp/jhai/012AF88E185587BD10B4E120911FD896_115/","012AF88E185587BD10B4E120911FD896_115")...
strangeArrayNames-arrayNames-__NARRAYS__ = 0
 loading of shared libraries done
##### void StMuDstMaker::setProbabilityPidFile(const char*) ##### ATTENTION: pid table hardwired to /afs/rhic.bnl.gov/star/packages/SL18f/StarDb/dEdxModel/PIDTableP01gl.root
StInfo: StMuDstMaker::SetStatus 1 to MuEvent
StInfo: StMuDstMaker::SetStatus 1 to PrimaryVertices
StInfo: StMuDstMaker::SetStatus 1 to PrimaryTracks
StInfo: StMuDstMaker::SetStatus 1 to GlobalTracks
StInfo: StMuDstMaker::SetStatus 1 to OtherTracks
StInfo: StMuDstMaker::SetStatus 1 to L3Tracks
StInfo: StMuDstMaker::SetStatus 1 to RichSpectra
StInfo: StMuDstMaker::SetStatus 1 to DetectorStates
StInfo: StMuDstMaker::SetStatus 1 to L3AlgoAccept
StInfo: StMuDstMaker::SetStatus 1 to L3AlgoReject
StInfo: StMuDstMaker::SetStatus 1 to CovGlobTrack
StInfo: StMuDstMaker::SetStatus 1 to CovPrimTrack
StInfo: StMuDstMaker::SetStatus 1 to pp2pp
StInfo: StMuDstMaker::SetStatus 1 to mtd
StInfo: StMuDstMaker::SetStatus 1 to Event
StInfo: StMuDstMaker::SetStatus 1 to McEvent
StInfo: StMuDstMaker::SetStatus 1 to V0
StInfo: StMuDstMaker::SetStatus 1 to McV0
StInfo: StMuDstMaker::SetStatus 1 to V0Assoc
StInfo: StMuDstMaker::SetStatus 1 to Xi
StInfo: StMuDstMaker::SetStatus 1 to McXi
StInfo: StMuDstMaker::SetStatus 1 to XiAssoc
StInfo: StMuDstMaker::SetStatus 1 to Kink
StInfo: StMuDstMaker::SetStatus 1 to McKink
StInfo: StMuDstMaker::SetStatus 1 to KinkAssoc
StInfo: StMuDstMaker::SetStatus 1 to StrangeCuts
StInfo: StMuDstMaker::SetStatus 1 to StMuMcVertex
StInfo: StMuDstMaker::SetStatus 1 to StMuMcTrack
StInfo: StMuDstMaker::SetStatus 1 to EmcTow
StInfo: StMuDstMaker::SetStatus 1 to EmcPrs
StInfo: StMuDstMaker::SetStatus 1 to EmcSmde
StInfo: StMuDstMaker::SetStatus 1 to EmcSmdp
StInfo: StMuDstMaker::SetStatus 1 to EEmcPrs
StInfo: StMuDstMaker::SetStatus 1 to EEmcSmdu
StInfo: StMuDstMaker::SetStatus 1 to EEmcSmdv
StInfo: StMuDstMaker::SetStatus 1 to PmdHit
StInfo: StMuDstMaker::SetStatus 1 to CpvHit
StInfo: StMuDstMaker::SetStatus 1 to PmdCluster
StInfo: StMuDstMaker::SetStatus 1 to CpvCluster
StInfo: StMuDstMaker::SetStatus 1 to FmsHit
StInfo: StMuDstMaker::SetStatus 1 to FmsCluster
StInfo: StMuDstMaker::SetStatus 1 to FmsPoint
StInfo: StMuDstMaker::SetStatus 1 to FmsInfo
StInfo: StMuDstMaker::SetStatus 1 to TofHit
StInfo: StMuDstMaker::SetStatus 1 to TofData
StInfo: StMuDstMaker::SetStatus 1 to TofRawData
StInfo: StMuDstMaker::SetStatus 1 to BTofHit
StInfo: StMuDstMaker::SetStatus 1 to BTofRawHit
StInfo: StMuDstMaker::SetStatus 1 to BTofHeader
StInfo: StMuDstMaker::SetStatus 1 to EpdHit
StInfo: StMuDstMaker::SetStatus 1 to MTDHit
StInfo: StMuDstMaker::SetStatus 1 to MTDRawHit
StInfo: StMuDstMaker::SetStatus 1 to MTDHeader
StInfo: StMuDstMaker::SetStatus 1 to FgtStrip
StInfo: StMuDstMaker::SetStatus 1 to FgtCluster
StInfo: StMuDstMaker::SetStatus 1 to FgtStripAssociation
StInfo: StMuDstMaker::SetStatus 1 to FgtAdc
StInfo: StMuDstMaker::SetStatus 1 to EztHead
StInfo: StMuDstMaker::SetStatus 1 to EztTrig
StInfo: StMuDstMaker::SetStatus 1 to EztETow
StInfo: StMuDstMaker::SetStatus 1 to EztESmd
StInfo: StMuDstMaker::SetStatus 1 to EztFpd
 Total entries = 5519

== Event 1000 start ==

== Event 2000 start ==

== Event 3000 start ==

== Event 4000 start ==

== Event 5000 start ==
StQAInfo: =================================================================================
StQAInfo: QAInfo:Chain              StChain::bfcChain             Ast =442.56        Cpu =436.91
StQAInfo: QAInfo:Maker            StV0Maker::v0makerfirst_antisignal Ast = 25.32( 5.7%) Cpu = 25.68( 5.9%)
StQAInfo: QAInfo:Maker            StV0Maker::v0makerfirst_signal  Ast =379.07(85.7%) Cpu =379.03(86.8%)
StQAInfo: QAInfo:Maker         StMuDstMaker::MuDst                Ast = 38.18( 8.6%) Cpu = 32.20( 7.4%)
Total Events Processed in StV0Maker 486
Total Events Processed in StV0Maker 486
StInfo: --------------Error Codes-------------------------
StInfo:      nStOK   nStWarn    nStEOF    nStErr  nStFatal
StInfo:      16557         0         0         0         0
StInfo: --------------------------------------------------
               StMemStat::Summary(calls)        Min        Aver         Max         RMS 
=============================================================================================
              StMuDstMaker(MuDst)::Clear(5498)    0.000000    0.000000    0.000000    0.000000
              StMuDstMaker(MuDst)::Make (5499)   -0.214008    0.000058    0.591528    0.037788
StV0Maker(v0makerfirst_antisignal)::Clea(5498)    0.000000    0.000000    0.000000    0.000000
StV0Maker(v0makerfirst_antisignal)::Make(5499)    0.000000    0.000462    2.537480    0.034215
   StV0Maker(v0makerfirst_signal)::Clear(5498)    0.000000    0.000000    0.000000    0.000000
   StV0Maker(v0makerfirst_signal)::Make (5499)    0.000000    0.000462    2.537464    0.034215
---------------------------------------------------------------------------------------------
                                   Total(6)   -0.214008    0.000982    2.537480    0.061395
=============================================================================================

This is the end of ROOT -- Goodbye

Starting copy block
Running copy command:  /bin/cp -fp /tmp/jhai/012AF88E185587BD10B4E120911FD896_115/012AF88E185587BD10B4E120911FD896_115.ala.histo.root /star/u/jhai/scratch/FixedTarget/H3L/output/
Running copy command:  /bin/cp -fp /tmp/jhai/012AF88E185587BD10B4E120911FD896_115/012AF88E185587BD10B4E120911FD896_115.ala.picodst.root /star/u/jhai/scratch/FixedTarget/H3L/output/
Running copy command:  /bin/cp -fp /tmp/jhai/012AF88E185587BD10B4E120911FD896_115/012AF88E185587BD10B4E120911FD896_115.la.histo.root /star/u/jhai/scratch/FixedTarget/H3L/output/
Running copy command:  /bin/cp -fp /tmp/jhai/012AF88E185587BD10B4E120911FD896_115/012AF88E185587BD10B4E120911FD896_115.la.picodst.root /star/u/jhai/scratch/FixedTarget/H3L/output/
5751 Execution of (/star/u/jhai/STAR/FixedTarget/H3LAndH4L-FXT/H3L_TwoDecay/input/runinfo/csh/sched012AF88E185587BD10B4E120911FD896_115.csh ) has ended, exiting normally
5751 We END on [Wed Nov 14 13:06:00 EST 2018]
