We are starting on node: rcas6251.rcf.bnl.gov
HOME is not defined
Using getent method
HOME is now /star/u/jhai
16053 We will spawn ourselves (/star/u/jhai/STAR/FixedTarget/H3LAndH4L-FXT/H3L_TwoDecay/input/runinfo/csh/sched012AF88E185587BD10B4E120911FD896_97.csh )
16053 We BEGIN on [Wed Nov 14 12:58:18 EST 2018]
[1] 16211
16053 We are waiting for 16211 
16053 Grandchild PID is 16382 - found in 10 x 1 seconds
16053 Establishing first watcher   on    Wed Nov 14 12:58:29 EST 2018
16053 Process tree is 16053 (main) -> 16211 (child) -> 16382 (grandchild)
F S   UID   PID  PPID  C PRI  NI ADDR SZ WCHAN  TTY        TIME CMD
0 R 11732 16382 16211 68  80   0 - 309895 -     ?          0:06 root4star -q -b reco.C("/star/u/jhai/STAR/FixedTarget/H3LAndH4L-FXT/H3L_TwoDecay/input/runinfo/list/sched012AF88E185587BD10B4E120911FD896_97.list",1,0,"/tmp/jhai/012AF88E185587BD10B4E120911FD896_97/","012AF88E185587BD10B4E120911FD896_97")
16211 Stepping into the main SUMS wrapper program with []
--------------------------------
STAR Unified Meta Scheduler 1.10.28 we are starting in $SCRATCH : /home/tmp/jhai/012AF88E185587BD10B4E120911FD896_97
--------------------------------
total 0
  *******************************************
  *                                         *
  *        W E L C O M E  to  R O O T       *
  *                                         *
  *   Version   5.34/30     23 April 2015   *
  *                                         *
  *  You are welcome to visit our Web site  *
  *          http://root.cern.ch            *
  *                                         *
  *******************************************

ROOT 5.34/30 (v5-34-30@v5-34-30, Apr 23 2015, 18:31:46 on linux)

CINT/ROOT C/C++ Interpreter version 5.18.00, July 2, 2010
Type ? for help. Commands must be C++ statements.
Enclose multiple statements between { }.
*** Float Point Exception is OFF ***
 *** Start at Date : Wed Nov 14 12:58:19 2018
QAInfo:You are using STAR_LEVEL : new, ROOT_LEVEL : 5.34.30 and node : rcas6251.rcf.bnl.gov 

Processing reco.C("/star/u/jhai/STAR/FixedTarget/H3LAndH4L-FXT/H3L_TwoDecay/input/runinfo/list/sched012AF88E185587BD10B4E120911FD896_97.list",1,0,"/tmp/jhai/012AF88E185587BD10B4E120911FD896_97/","012AF88E185587BD10B4E120911FD896_97")...
strangeArrayNames-arrayNames-__NARRAYS__ = 0
 loading of shared libraries done
##### void StMuDstMaker::setProbabilityPidFile(const char*) ##### ATTENTION: pid table hardwired to /afs/rhic.bnl.gov/star/packages/SL18f/StarDb/dEdxModel/PIDTableP01gl.root
StInfo: StMuDstMaker::SetStatus 1 to MuEvent
StInfo: StMuDstMaker::SetStatus 1 to PrimaryVertices
StInfo: StMuDstMaker::SetStatus 1 to PrimaryTracks
StInfo: StMuDstMaker::SetStatus 1 to GlobalTracks
StInfo: StMuDstMaker::SetStatus 1 to OtherTracks
StInfo: StMuDstMaker::SetStatus 1 to L3Tracks
StInfo: StMuDstMaker::SetStatus 1 to RichSpectra
StInfo: StMuDstMaker::SetStatus 1 to DetectorStates
StInfo: StMuDstMaker::SetStatus 1 to L3AlgoAccept
StInfo: StMuDstMaker::SetStatus 1 to L3AlgoReject
StInfo: StMuDstMaker::SetStatus 1 to CovGlobTrack
StInfo: StMuDstMaker::SetStatus 1 to CovPrimTrack
StInfo: StMuDstMaker::SetStatus 1 to pp2pp
StInfo: StMuDstMaker::SetStatus 1 to mtd
StInfo: StMuDstMaker::SetStatus 1 to Event
StInfo: StMuDstMaker::SetStatus 1 to McEvent
StInfo: StMuDstMaker::SetStatus 1 to V0
StInfo: StMuDstMaker::SetStatus 1 to McV0
StInfo: StMuDstMaker::SetStatus 1 to V0Assoc
StInfo: StMuDstMaker::SetStatus 1 to Xi
StInfo: StMuDstMaker::SetStatus 1 to McXi
StInfo: StMuDstMaker::SetStatus 1 to XiAssoc
StInfo: StMuDstMaker::SetStatus 1 to Kink
StInfo: StMuDstMaker::SetStatus 1 to McKink
StInfo: StMuDstMaker::SetStatus 1 to KinkAssoc
StInfo: StMuDstMaker::SetStatus 1 to StrangeCuts
StInfo: StMuDstMaker::SetStatus 1 to StMuMcVertex
StInfo: StMuDstMaker::SetStatus 1 to StMuMcTrack
StInfo: StMuDstMaker::SetStatus 1 to EmcTow
StInfo: StMuDstMaker::SetStatus 1 to EmcPrs
StInfo: StMuDstMaker::SetStatus 1 to EmcSmde
StInfo: StMuDstMaker::SetStatus 1 to EmcSmdp
StInfo: StMuDstMaker::SetStatus 1 to EEmcPrs
StInfo: StMuDstMaker::SetStatus 1 to EEmcSmdu
StInfo: StMuDstMaker::SetStatus 1 to EEmcSmdv
StInfo: StMuDstMaker::SetStatus 1 to PmdHit
StInfo: StMuDstMaker::SetStatus 1 to CpvHit
StInfo: StMuDstMaker::SetStatus 1 to PmdCluster
StInfo: StMuDstMaker::SetStatus 1 to CpvCluster
StInfo: StMuDstMaker::SetStatus 1 to FmsHit
StInfo: StMuDstMaker::SetStatus 1 to FmsCluster
StInfo: StMuDstMaker::SetStatus 1 to FmsPoint
StInfo: StMuDstMaker::SetStatus 1 to FmsInfo
StInfo: StMuDstMaker::SetStatus 1 to TofHit
StInfo: StMuDstMaker::SetStatus 1 to TofData
StInfo: StMuDstMaker::SetStatus 1 to TofRawData
StInfo: StMuDstMaker::SetStatus 1 to BTofHit
StInfo: StMuDstMaker::SetStatus 1 to BTofRawHit
StInfo: StMuDstMaker::SetStatus 1 to BTofHeader
StInfo: StMuDstMaker::SetStatus 1 to EpdHit
StInfo: StMuDstMaker::SetStatus 1 to MTDHit
StInfo: StMuDstMaker::SetStatus 1 to MTDRawHit
StInfo: StMuDstMaker::SetStatus 1 to MTDHeader
StInfo: StMuDstMaker::SetStatus 1 to FgtStrip
StInfo: StMuDstMaker::SetStatus 1 to FgtCluster
StInfo: StMuDstMaker::SetStatus 1 to FgtStripAssociation
StInfo: StMuDstMaker::SetStatus 1 to FgtAdc
StInfo: StMuDstMaker::SetStatus 1 to EztHead
StInfo: StMuDstMaker::SetStatus 1 to EztTrig
StInfo: StMuDstMaker::SetStatus 1 to EztETow
StInfo: StMuDstMaker::SetStatus 1 to EztESmd
StInfo: StMuDstMaker::SetStatus 1 to EztFpd
 Total entries = 4929

== Event 1000 start ==

== Event 2000 start ==

== Event 3000 start ==

== Event 4000 start ==
StQAInfo: =================================================================================
StQAInfo: QAInfo:Chain              StChain::bfcChain             Ast =368.35        Cpu =355.91
StQAInfo: QAInfo:Maker            StV0Maker::v0makerfirst_antisignal Ast = 21.84( 5.9%) Cpu = 20.85( 5.9%)
StQAInfo: QAInfo:Maker            StV0Maker::v0makerfirst_signal  Ast =310.89(84.4%) Cpu =310.03(87.1%)
StQAInfo: QAInfo:Maker         StMuDstMaker::MuDst                Ast = 35.61( 9.7%) Cpu = 25.03( 7.0%)
Total Events Processed in StV0Maker 427
Total Events Processed in StV0Maker 427
StInfo: --------------Error Codes-------------------------
StInfo:      nStOK   nStWarn    nStEOF    nStErr  nStFatal
StInfo:      14787         0         0         0         0
StInfo: --------------------------------------------------
               StMemStat::Summary(calls)        Min        Aver         Max         RMS 
=============================================================================================
              StMuDstMaker(MuDst)::Clear(4908)    0.000000    0.000000    0.000000    0.000000
              StMuDstMaker(MuDst)::Make (4909)   -0.265216   -0.000063    0.574744    0.036706
StV0Maker(v0makerfirst_antisignal)::Clea(4908)    0.000000    0.000000    0.000000    0.000000
StV0Maker(v0makerfirst_antisignal)::Make(4909)    0.000000    0.000517    2.537464    0.036213
   StV0Maker(v0makerfirst_signal)::Clear(4908)    0.000000    0.000000    0.000000    0.000000
   StV0Maker(v0makerfirst_signal)::Make (4909)    0.000000    0.000002    0.005624    0.000090
---------------------------------------------------------------------------------------------
                                   Total(6)   -0.265216    0.000456    2.537464    0.051562
=============================================================================================

This is the end of ROOT -- Goodbye

Starting copy block
Running copy command:  /bin/cp -fp /tmp/jhai/012AF88E185587BD10B4E120911FD896_97/012AF88E185587BD10B4E120911FD896_97.ala.histo.root /star/u/jhai/scratch/FixedTarget/H3L/output/
Running copy command:  /bin/cp -fp /tmp/jhai/012AF88E185587BD10B4E120911FD896_97/012AF88E185587BD10B4E120911FD896_97.ala.picodst.root /star/u/jhai/scratch/FixedTarget/H3L/output/
Running copy command:  /bin/cp -fp /tmp/jhai/012AF88E185587BD10B4E120911FD896_97/012AF88E185587BD10B4E120911FD896_97.la.histo.root /star/u/jhai/scratch/FixedTarget/H3L/output/
Running copy command:  /bin/cp -fp /tmp/jhai/012AF88E185587BD10B4E120911FD896_97/012AF88E185587BD10B4E120911FD896_97.la.picodst.root /star/u/jhai/scratch/FixedTarget/H3L/output/
16053 Execution of (/star/u/jhai/STAR/FixedTarget/H3LAndH4L-FXT/H3L_TwoDecay/input/runinfo/csh/sched012AF88E185587BD10B4E120911FD896_97.csh ) has ended, exiting normally
16053 We END on [Wed Nov 14 13:04:38 EST 2018]
