We are starting on node: rcrs6054.rcf.bnl.gov
HOME is not defined
Using getent method
HOME is now /star/u/jhai
20971 We will spawn ourselves (/star/u/jhai/STAR/FixedTarget/H3LAndH4L-FXT/H3L_TwoDecay/input/runinfo/csh/sched012AF88E185587BD10B4E120911FD896_244.csh )
20971 We BEGIN on [Wed Nov 14 12:57:54 EST 2018]
[1] 21144
20971 We are waiting for 21144 
20971 Grandchild PID is 21321 - found in 10 x 1 seconds
20971 Establishing first watcher   on    Wed Nov 14 12:58:04 EST 2018
20971 Process tree is 20971 (main) -> 21144 (child) -> 21321 (grandchild)
F S   UID   PID  PPID  C PRI  NI ADDR SZ WCHAN  TTY        TIME CMD
0 R 11732 21321 21144 79  80   0 - 347022 -     ?          0:07 root4star -q -b reco.C("/star/u/jhai/STAR/FixedTarget/H3LAndH4L-FXT/H3L_TwoDecay/input/runinfo/list/sched012AF88E185587BD10B4E120911FD896_244.list",1,0,"/tmp/jhai/012AF88E185587BD10B4E120911FD896_244/","012AF88E185587BD10B4E120911FD896_244")
20971 Grandchild PID is 2607 - found in 2750 x 2 seconds
20971 Grandchild to watch has changed on Wed Nov 14 14:30:38 EST 2018
20971 Process tree is 20971 (main) -> 21144 (child) -> 2607 (grandchild)
F S   UID   PID  PPID  C PRI  NI ADDR SZ WCHAN  TTY        TIME CMD
0 D 11732  2607 21144  0  80   0 - 32822 cxiWai ?          0:00 /bin/cp -fp /tmp/jhai/012AF88E185587BD10B4E120911FD896_244/012AF88E185587BD10B4E120911FD896_244.ala.histo.root /star/u/jhai/scratch/FixedTarget/H3L/output/
21144 Stepping into the main SUMS wrapper program with []
--------------------------------
STAR Unified Meta Scheduler 1.10.28 we are starting in $SCRATCH : /home/tmp/jhai/012AF88E185587BD10B4E120911FD896_244
--------------------------------
total 0
  *******************************************
  *                                         *
  *        W E L C O M E  to  R O O T       *
  *                                         *
  *   Version   5.34/30     23 April 2015   *
  *                                         *
  *  You are welcome to visit our Web site  *
  *          http://root.cern.ch            *
  *                                         *
  *******************************************

ROOT 5.34/30 (v5-34-30@v5-34-30, Apr 23 2015, 18:31:46 on linux)

CINT/ROOT C/C++ Interpreter version 5.18.00, July 2, 2010
Type ? for help. Commands must be C++ statements.
Enclose multiple statements between { }.
*** Float Point Exception is OFF ***
 *** Start at Date : Wed Nov 14 12:57:55 2018
QAInfo:You are using STAR_LEVEL : new, ROOT_LEVEL : 5.34.30 and node : rcrs6054.rcf.bnl.gov 

Processing reco.C("/star/u/jhai/STAR/FixedTarget/H3LAndH4L-FXT/H3L_TwoDecay/input/runinfo/list/sched012AF88E185587BD10B4E120911FD896_244.list",1,0,"/tmp/jhai/012AF88E185587BD10B4E120911FD896_244/","012AF88E185587BD10B4E120911FD896_244")...
strangeArrayNames-arrayNames-__NARRAYS__ = 0
 loading of shared libraries done
##### void StMuDstMaker::setProbabilityPidFile(const char*) ##### ATTENTION: pid table hardwired to /afs/rhic.bnl.gov/star/packages/SL18f/StarDb/dEdxModel/PIDTableP01gl.root
StInfo: StMuDstMaker::SetStatus 1 to MuEvent
StInfo: StMuDstMaker::SetStatus 1 to PrimaryVertices
StInfo: StMuDstMaker::SetStatus 1 to PrimaryTracks
StInfo: StMuDstMaker::SetStatus 1 to GlobalTracks
StInfo: StMuDstMaker::SetStatus 1 to OtherTracks
StInfo: StMuDstMaker::SetStatus 1 to L3Tracks
StInfo: StMuDstMaker::SetStatus 1 to RichSpectra
StInfo: StMuDstMaker::SetStatus 1 to DetectorStates
StInfo: StMuDstMaker::SetStatus 1 to L3AlgoAccept
StInfo: StMuDstMaker::SetStatus 1 to L3AlgoReject
StInfo: StMuDstMaker::SetStatus 1 to CovGlobTrack
StInfo: StMuDstMaker::SetStatus 1 to CovPrimTrack
StInfo: StMuDstMaker::SetStatus 1 to pp2pp
StInfo: StMuDstMaker::SetStatus 1 to mtd
StInfo: StMuDstMaker::SetStatus 1 to Event
StInfo: StMuDstMaker::SetStatus 1 to McEvent
StInfo: StMuDstMaker::SetStatus 1 to V0
StInfo: StMuDstMaker::SetStatus 1 to McV0
StInfo: StMuDstMaker::SetStatus 1 to V0Assoc
StInfo: StMuDstMaker::SetStatus 1 to Xi
StInfo: StMuDstMaker::SetStatus 1 to McXi
StInfo: StMuDstMaker::SetStatus 1 to XiAssoc
StInfo: StMuDstMaker::SetStatus 1 to Kink
StInfo: StMuDstMaker::SetStatus 1 to McKink
StInfo: StMuDstMaker::SetStatus 1 to KinkAssoc
StInfo: StMuDstMaker::SetStatus 1 to StrangeCuts
StInfo: StMuDstMaker::SetStatus 1 to StMuMcVertex
StInfo: StMuDstMaker::SetStatus 1 to StMuMcTrack
StInfo: StMuDstMaker::SetStatus 1 to EmcTow
StInfo: StMuDstMaker::SetStatus 1 to EmcPrs
StInfo: StMuDstMaker::SetStatus 1 to EmcSmde
StInfo: StMuDstMaker::SetStatus 1 to EmcSmdp
StInfo: StMuDstMaker::SetStatus 1 to EEmcPrs
StInfo: StMuDstMaker::SetStatus 1 to EEmcSmdu
StInfo: StMuDstMaker::SetStatus 1 to EEmcSmdv
StInfo: StMuDstMaker::SetStatus 1 to PmdHit
StInfo: StMuDstMaker::SetStatus 1 to CpvHit
StInfo: StMuDstMaker::SetStatus 1 to PmdCluster
StInfo: StMuDstMaker::SetStatus 1 to CpvCluster
StInfo: StMuDstMaker::SetStatus 1 to FmsHit
StInfo: StMuDstMaker::SetStatus 1 to FmsCluster
StInfo: StMuDstMaker::SetStatus 1 to FmsPoint
StInfo: StMuDstMaker::SetStatus 1 to FmsInfo
StInfo: StMuDstMaker::SetStatus 1 to TofHit
StInfo: StMuDstMaker::SetStatus 1 to TofData
StInfo: StMuDstMaker::SetStatus 1 to TofRawData
StInfo: StMuDstMaker::SetStatus 1 to BTofHit
StInfo: StMuDstMaker::SetStatus 1 to BTofRawHit
StInfo: StMuDstMaker::SetStatus 1 to BTofHeader
StInfo: StMuDstMaker::SetStatus 1 to EpdHit
StInfo: StMuDstMaker::SetStatus 1 to MTDHit
StInfo: StMuDstMaker::SetStatus 1 to MTDRawHit
StInfo: StMuDstMaker::SetStatus 1 to MTDHeader
StInfo: StMuDstMaker::SetStatus 1 to FgtStrip
StInfo: StMuDstMaker::SetStatus 1 to FgtCluster
StInfo: StMuDstMaker::SetStatus 1 to FgtStripAssociation
StInfo: StMuDstMaker::SetStatus 1 to FgtAdc
StInfo: StMuDstMaker::SetStatus 1 to EztHead
StInfo: StMuDstMaker::SetStatus 1 to EztTrig
StInfo: StMuDstMaker::SetStatus 1 to EztETow
StInfo: StMuDstMaker::SetStatus 1 to EztESmd
StInfo: StMuDstMaker::SetStatus 1 to EztFpd
 Total entries = 67533

== Event 1000 start ==

== Event 2000 start ==

== Event 3000 start ==

== Event 4000 start ==

== Event 5000 start ==

== Event 6000 start ==

== Event 7000 start ==

== Event 8000 start ==

== Event 9000 start ==

== Event 10000 start ==

== Event 11000 start ==

== Event 12000 start ==

== Event 13000 start ==

== Event 14000 start ==

== Event 15000 start ==

== Event 16000 start ==

== Event 17000 start ==

== Event 18000 start ==

== Event 19000 start ==

== Event 20000 start ==

== Event 21000 start ==

== Event 22000 start ==

== Event 23000 start ==

== Event 24000 start ==

== Event 25000 start ==

== Event 26000 start ==

== Event 27000 start ==

== Event 28000 start ==

== Event 29000 start ==

== Event 30000 start ==

== Event 31000 start ==

== Event 32000 start ==

== Event 33000 start ==

== Event 34000 start ==

== Event 35000 start ==

== Event 36000 start ==

== Event 37000 start ==

== Event 38000 start ==

== Event 39000 start ==

== Event 40000 start ==

== Event 41000 start ==

== Event 42000 start ==

== Event 43000 start ==

== Event 44000 start ==

== Event 45000 start ==

== Event 46000 start ==

== Event 47000 start ==

== Event 48000 start ==

== Event 49000 start ==

== Event 50000 start ==

== Event 51000 start ==

== Event 52000 start ==

== Event 53000 start ==

== Event 54000 start ==

== Event 55000 start ==

== Event 56000 start ==

== Event 57000 start ==

== Event 58000 start ==

== Event 59000 start ==

== Event 60000 start ==

== Event 61000 start ==

== Event 62000 start ==

== Event 63000 start ==

== Event 64000 start ==

== Event 65000 start ==

== Event 66000 start ==

== Event 67000 start ==
StQAInfo: =================================================================================
StQAInfo: QAInfo:Chain              StChain::bfcChain             Ast =5525.08        Cpu =5499.41
StQAInfo: QAInfo:Maker            StV0Maker::v0makerfirst_antisignal Ast =384.47( 7.0%) Cpu =384.48( 7.0%)
StQAInfo: QAInfo:Maker            StV0Maker::v0makerfirst_signal  Ast =4881.75(88.4%) Cpu =4881.25(88.8%)
StQAInfo: QAInfo:Maker         StMuDstMaker::MuDst                Ast =258.86( 4.7%) Cpu =233.68( 4.2%)
Total Events Processed in StV0Maker 61871
Total Events Processed in StV0Maker 61871
StInfo: --------------Error Codes-------------------------
StInfo:      nStOK   nStWarn    nStEOF    nStErr  nStFatal
StInfo:     202599         0         0         0         0
StInfo: --------------------------------------------------
               StMemStat::Summary(calls)        Min        Aver         Max         RMS 
=============================================================================================
              StMuDstMaker(MuDst)::Clear(67512)    0.000000    0.000000    0.000000    0.000000
              StMuDstMaker(MuDst)::Make (67513)   -0.527408    0.000007    0.838944    0.003844
StV0Maker(v0makerfirst_antisignal)::Clea(67512)    0.000000    0.000000    0.000000    0.000000
StV0Maker(v0makerfirst_antisignal)::Make(67513)    0.000000    0.000048    2.537456    0.009989
   StV0Maker(v0makerfirst_signal)::Clear(67512)    0.000000    0.000000    0.000000    0.000000
   StV0Maker(v0makerfirst_signal)::Make (67513)   -0.003672    0.000011    0.488120    0.002100
---------------------------------------------------------------------------------------------
                                   Total(6)   -0.527408    0.000066    2.537456    0.010907
=============================================================================================

This is the end of ROOT -- Goodbye

Starting copy block
Running copy command:  /bin/cp -fp /tmp/jhai/012AF88E185587BD10B4E120911FD896_244/012AF88E185587BD10B4E120911FD896_244.ala.histo.root /star/u/jhai/scratch/FixedTarget/H3L/output/
Running copy command:  /bin/cp -fp /tmp/jhai/012AF88E185587BD10B4E120911FD896_244/012AF88E185587BD10B4E120911FD896_244.ala.picodst.root /star/u/jhai/scratch/FixedTarget/H3L/output/
Running copy command:  /bin/cp -fp /tmp/jhai/012AF88E185587BD10B4E120911FD896_244/012AF88E185587BD10B4E120911FD896_244.la.histo.root /star/u/jhai/scratch/FixedTarget/H3L/output/
Running copy command:  /bin/cp -fp /tmp/jhai/012AF88E185587BD10B4E120911FD896_244/012AF88E185587BD10B4E120911FD896_244.la.picodst.root /star/u/jhai/scratch/FixedTarget/H3L/output/
20971 Execution of (/star/u/jhai/STAR/FixedTarget/H3LAndH4L-FXT/H3L_TwoDecay/input/runinfo/csh/sched012AF88E185587BD10B4E120911FD896_244.csh ) has ended, exiting normally
20971 We END on [Wed Nov 14 14:30:52 EST 2018]
