000 (6327896.000.000) 11/14 12:57:26 Job submitted from host: <130.199.153.67:9618?addrs=130.199.153.67-9618&noUDP&sock=7357_7f42_4>
...
001 (6327896.000.000) 11/14 12:58:28 Job executing on host: <130.199.153.48:9618?addrs=130.199.153.48-9618&noUDP&sock=22213_3bcb_3>
...
006 (6327896.000.000) 11/14 12:58:36 Image size of job updated: 1038496
	989  -  MemoryUsage of job (MB)
	1011940  -  ResidentSetSize of job (KB)
...
006 (6327896.000.000) 11/14 13:00:48 Image size of job updated: 1237564
	989  -  MemoryUsage of job (MB)
	1011944  -  ResidentSetSize of job (KB)
...
005 (6327896.000.000) 11/14 13:00:48 Job terminated.
	(1) Normal termination (return value 0)
		Usr 0 00:02:07, Sys 0 00:00:03  -  Run Remote Usage
		Usr 0 00:00:00, Sys 0 00:00:00  -  Run Local Usage
		Usr 0 00:02:07, Sys 0 00:00:03  -  Total Remote Usage
		Usr 0 00:00:00, Sys 0 00:00:00  -  Total Local Usage
	0  -  Run Bytes Sent By Job
	0  -  Run Bytes Received By Job
	0  -  Total Bytes Sent By Job
	0  -  Total Bytes Received By Job
	Partitionable Resources :    Usage  Request Allocated
	   Cpus                 :                 1         1
	   Disk (KB)            :       10       10  47328226
	   Memory (MB)          :      989        1      2005
...
