000 (6327881.000.000) 11/14 12:57:26 Job submitted from host: <130.199.153.67:9618?addrs=130.199.153.67-9618&noUDP&sock=7357_7f42_4>
...
001 (6327881.000.000) 11/14 12:58:25 Job executing on host: <130.199.201.28:9618?addrs=130.199.201.28-9618&noUDP&sock=22642_01b4_3>
...
006 (6327881.000.000) 11/14 12:58:34 Image size of job updated: 966504
	944  -  MemoryUsage of job (MB)
	966320  -  ResidentSetSize of job (KB)
...
006 (6327881.000.000) 11/14 13:03:35 Image size of job updated: 1016688
	993  -  MemoryUsage of job (MB)
	1016504  -  ResidentSetSize of job (KB)
...
006 (6327881.000.000) 11/14 13:08:36 Image size of job updated: 1016980
	993  -  MemoryUsage of job (MB)
	1016796  -  ResidentSetSize of job (KB)
...
005 (6327881.000.000) 11/14 13:10:18 Job terminated.
	(1) Normal termination (return value 0)
		Usr 0 00:10:19, Sys 0 00:00:11  -  Run Remote Usage
		Usr 0 00:00:00, Sys 0 00:00:00  -  Run Local Usage
		Usr 0 00:10:19, Sys 0 00:00:11  -  Total Remote Usage
		Usr 0 00:00:00, Sys 0 00:00:00  -  Total Local Usage
	0  -  Run Bytes Sent By Job
	0  -  Run Bytes Received By Job
	0  -  Total Bytes Sent By Job
	0  -  Total Bytes Received By Job
	Partitionable Resources :    Usage  Request Allocated
	   Cpus                 :                 1         1
	   Disk (KB)            :       10       10  47327903
	   Memory (MB)          :      993        1      2005
...
