000 (6327812.000.000) 11/14 12:57:22 Job submitted from host: <130.199.153.67:9618?addrs=130.199.153.67-9618&noUDP&sock=7357_7f42_4>
...
001 (6327812.000.000) 11/14 12:58:14 Job executing on host: <130.199.202.19:9618?addrs=130.199.202.19-9618&noUDP&sock=43385_e77f_3>
...
006 (6327812.000.000) 11/14 12:58:23 Image size of job updated: 964260
	942  -  MemoryUsage of job (MB)
	964076  -  ResidentSetSize of job (KB)
...
006 (6327812.000.000) 11/14 13:03:24 Image size of job updated: 1021856
	998  -  MemoryUsage of job (MB)
	1021672  -  ResidentSetSize of job (KB)
...
005 (6327812.000.000) 11/14 13:05:43 Job terminated.
	(1) Normal termination (return value 0)
		Usr 0 00:07:08, Sys 0 00:00:14  -  Run Remote Usage
		Usr 0 00:00:00, Sys 0 00:00:00  -  Run Local Usage
		Usr 0 00:07:08, Sys 0 00:00:14  -  Total Remote Usage
		Usr 0 00:00:00, Sys 0 00:00:00  -  Total Local Usage
	0  -  Run Bytes Sent By Job
	0  -  Run Bytes Received By Job
	0  -  Total Bytes Sent By Job
	0  -  Total Bytes Received By Job
	Partitionable Resources :    Usage  Request Allocated
	   Cpus                 :                 1         1
	   Disk (KB)            :       10       10  47541352
	   Memory (MB)          :      998        1      2008
...
