000 (6327687.000.000) 11/14 12:57:17 Job submitted from host: <130.199.153.67:9618?addrs=130.199.153.67-9618&noUDP&sock=7357_7f42_4>
...
001 (6327687.000.000) 11/14 12:57:52 Job executing on host: <130.199.202.44:9618?addrs=130.199.202.44-9618&noUDP&sock=6457_a891_3>
...
006 (6327687.000.000) 11/14 12:58:01 Image size of job updated: 994796
	946  -  MemoryUsage of job (MB)
	968372  -  ResidentSetSize of job (KB)
...
006 (6327687.000.000) 11/14 13:03:02 Image size of job updated: 996688
	948  -  MemoryUsage of job (MB)
	970264  -  ResidentSetSize of job (KB)
...
006 (6327687.000.000) 11/14 13:08:03 Image size of job updated: 1045360
	996  -  MemoryUsage of job (MB)
	1018936  -  ResidentSetSize of job (KB)
...
006 (6327687.000.000) 11/14 13:13:03 Image size of job updated: 1046332
	997  -  MemoryUsage of job (MB)
	1019908  -  ResidentSetSize of job (KB)
...
006 (6327687.000.000) 11/14 13:18:04 Image size of job updated: 1048736
	999  -  MemoryUsage of job (MB)
	1022312  -  ResidentSetSize of job (KB)
...
006 (6327687.000.000) 11/14 13:23:05 Image size of job updated: 1048808
	999  -  MemoryUsage of job (MB)
	1022384  -  ResidentSetSize of job (KB)
...
006 (6327687.000.000) 11/14 13:28:05 Image size of job updated: 1048888
	999  -  MemoryUsage of job (MB)
	1022464  -  ResidentSetSize of job (KB)
...
006 (6327687.000.000) 11/14 13:33:05 Image size of job updated: 1048984
	999  -  MemoryUsage of job (MB)
	1022560  -  ResidentSetSize of job (KB)
...
006 (6327687.000.000) 11/14 13:38:06 Image size of job updated: 1049044
	999  -  MemoryUsage of job (MB)
	1022620  -  ResidentSetSize of job (KB)
...
006 (6327687.000.000) 11/14 13:43:07 Image size of job updated: 1049120
	999  -  MemoryUsage of job (MB)
	1022696  -  ResidentSetSize of job (KB)
...
006 (6327687.000.000) 11/14 13:48:07 Image size of job updated: 1050640
	1001  -  MemoryUsage of job (MB)
	1024216  -  ResidentSetSize of job (KB)
...
006 (6327687.000.000) 11/14 13:53:07 Image size of job updated: 1050692
	1001  -  MemoryUsage of job (MB)
	1024268  -  ResidentSetSize of job (KB)
...
006 (6327687.000.000) 11/14 13:58:08 Image size of job updated: 1051176
	1001  -  MemoryUsage of job (MB)
	1024752  -  ResidentSetSize of job (KB)
...
006 (6327687.000.000) 11/14 14:03:08 Image size of job updated: 1051844
	1002  -  MemoryUsage of job (MB)
	1025420  -  ResidentSetSize of job (KB)
...
006 (6327687.000.000) 11/14 14:08:08 Image size of job updated: 1051884
	1002  -  MemoryUsage of job (MB)
	1025460  -  ResidentSetSize of job (KB)
...
006 (6327687.000.000) 11/14 14:13:09 Image size of job updated: 1051964
	1002  -  MemoryUsage of job (MB)
	1025540  -  ResidentSetSize of job (KB)
...
006 (6327687.000.000) 11/14 14:18:10 Image size of job updated: 1052036
	1002  -  MemoryUsage of job (MB)
	1025612  -  ResidentSetSize of job (KB)
...
006 (6327687.000.000) 11/14 14:23:10 Image size of job updated: 1052100
	1002  -  MemoryUsage of job (MB)
	1025676  -  ResidentSetSize of job (KB)
...
006 (6327687.000.000) 11/14 14:28:11 Image size of job updated: 1052596
	1003  -  MemoryUsage of job (MB)
	1026172  -  ResidentSetSize of job (KB)
...
006 (6327687.000.000) 11/14 14:33:12 Image size of job updated: 1052612
	1003  -  MemoryUsage of job (MB)
	1026188  -  ResidentSetSize of job (KB)
...
006 (6327687.000.000) 11/14 14:53:14 Image size of job updated: 1052632
	1003  -  MemoryUsage of job (MB)
	1026188  -  ResidentSetSize of job (KB)
...
006 (6327687.000.000) 11/14 14:58:14 Image size of job updated: 1052644
	1003  -  MemoryUsage of job (MB)
	1026188  -  ResidentSetSize of job (KB)
...
006 (6327687.000.000) 11/14 15:03:15 Image size of job updated: 1052648
	1003  -  MemoryUsage of job (MB)
	1026188  -  ResidentSetSize of job (KB)
...
006 (6327687.000.000) 11/14 15:08:16 Image size of job updated: 1052656
	1003  -  MemoryUsage of job (MB)
	1026188  -  ResidentSetSize of job (KB)
...
006 (6327687.000.000) 11/14 15:13:16 Image size of job updated: 1052664
	1003  -  MemoryUsage of job (MB)
	1026188  -  ResidentSetSize of job (KB)
...
006 (6327687.000.000) 11/14 15:23:17 Image size of job updated: 1052676
	1003  -  MemoryUsage of job (MB)
	1026188  -  ResidentSetSize of job (KB)
...
006 (6327687.000.000) 11/14 15:28:17 Image size of job updated: 1052680
	1003  -  MemoryUsage of job (MB)
	1026188  -  ResidentSetSize of job (KB)
...
006 (6327687.000.000) 11/14 15:33:17 Image size of job updated: 1053576
	1003  -  MemoryUsage of job (MB)
	1026188  -  ResidentSetSize of job (KB)
...
006 (6327687.000.000) 11/14 15:38:18 Image size of job updated: 1053592
	1003  -  MemoryUsage of job (MB)
	1026188  -  ResidentSetSize of job (KB)
...
006 (6327687.000.000) 11/14 15:43:19 Image size of job updated: 1053600
	1003  -  MemoryUsage of job (MB)
	1026188  -  ResidentSetSize of job (KB)
...
006 (6327687.000.000) 11/14 15:48:19 Image size of job updated: 1053608
	1003  -  MemoryUsage of job (MB)
	1026188  -  ResidentSetSize of job (KB)
...
006 (6327687.000.000) 11/14 15:53:20 Image size of job updated: 1053616
	1003  -  MemoryUsage of job (MB)
	1026188  -  ResidentSetSize of job (KB)
...
006 (6327687.000.000) 11/14 15:58:21 Image size of job updated: 1053620
	1003  -  MemoryUsage of job (MB)
	1026188  -  ResidentSetSize of job (KB)
...
006 (6327687.000.000) 11/14 16:03:21 Image size of job updated: 1053636
	1003  -  MemoryUsage of job (MB)
	1026188  -  ResidentSetSize of job (KB)
...
006 (6327687.000.000) 11/14 16:08:21 Image size of job updated: 1053652
	1003  -  MemoryUsage of job (MB)
	1026188  -  ResidentSetSize of job (KB)
...
006 (6327687.000.000) 11/14 16:13:22 Image size of job updated: 1053664
	1003  -  MemoryUsage of job (MB)
	1026188  -  ResidentSetSize of job (KB)
...
006 (6327687.000.000) 11/14 16:18:23 Image size of job updated: 1053676
	1003  -  MemoryUsage of job (MB)
	1026188  -  ResidentSetSize of job (KB)
...
006 (6327687.000.000) 11/14 16:23:23 Image size of job updated: 1053684
	1003  -  MemoryUsage of job (MB)
	1026188  -  ResidentSetSize of job (KB)
...
006 (6327687.000.000) 11/14 16:28:24 Image size of job updated: 1088668
	1034  -  MemoryUsage of job (MB)
	1057956  -  ResidentSetSize of job (KB)
...
006 (6327687.000.000) 11/14 16:33:25 Image size of job updated: 1098576
	1043  -  MemoryUsage of job (MB)
	1067864  -  ResidentSetSize of job (KB)
...
006 (6327687.000.000) 11/14 16:38:25 Image size of job updated: 1098580
	1043  -  MemoryUsage of job (MB)
	1067868  -  ResidentSetSize of job (KB)
...
006 (6327687.000.000) 11/14 16:43:25 Image size of job updated: 1098592
	1043  -  MemoryUsage of job (MB)
	1067880  -  ResidentSetSize of job (KB)
...
006 (6327687.000.000) 11/14 16:48:26 Image size of job updated: 1098604
	1043  -  MemoryUsage of job (MB)
	1067892  -  ResidentSetSize of job (KB)
...
006 (6327687.000.000) 11/14 16:53:27 Image size of job updated: 1098928
	1044  -  MemoryUsage of job (MB)
	1068216  -  ResidentSetSize of job (KB)
...
006 (6327687.000.000) 11/14 16:58:27 Image size of job updated: 1099004
	1044  -  MemoryUsage of job (MB)
	1068292  -  ResidentSetSize of job (KB)
...
006 (6327687.000.000) 11/14 17:03:27 Image size of job updated: 1099016
	1044  -  MemoryUsage of job (MB)
	1068304  -  ResidentSetSize of job (KB)
...
006 (6327687.000.000) 11/14 17:13:28 Image size of job updated: 1099028
	1044  -  MemoryUsage of job (MB)
	1068316  -  ResidentSetSize of job (KB)
...
006 (6327687.000.000) 11/14 17:18:28 Image size of job updated: 1099052
	1044  -  MemoryUsage of job (MB)
	1068340  -  ResidentSetSize of job (KB)
...
006 (6327687.000.000) 11/14 17:23:29 Image size of job updated: 1099060
	1044  -  MemoryUsage of job (MB)
	1068348  -  ResidentSetSize of job (KB)
...
006 (6327687.000.000) 11/14 17:28:30 Image size of job updated: 1099068
	1044  -  MemoryUsage of job (MB)
	1068356  -  ResidentSetSize of job (KB)
...
006 (6327687.000.000) 11/14 17:33:30 Image size of job updated: 1099088
	1044  -  MemoryUsage of job (MB)
	1068376  -  ResidentSetSize of job (KB)
...
006 (6327687.000.000) 11/14 17:38:31 Image size of job updated: 1099092
	1044  -  MemoryUsage of job (MB)
	1068380  -  ResidentSetSize of job (KB)
...
006 (6327687.000.000) 11/14 17:43:32 Image size of job updated: 1099108
	1044  -  MemoryUsage of job (MB)
	1068396  -  ResidentSetSize of job (KB)
...
006 (6327687.000.000) 11/14 17:48:32 Image size of job updated: 1099116
	1044  -  MemoryUsage of job (MB)
	1068404  -  ResidentSetSize of job (KB)
...
006 (6327687.000.000) 11/14 17:58:33 Image size of job updated: 1099120
	1044  -  MemoryUsage of job (MB)
	1068408  -  ResidentSetSize of job (KB)
...
006 (6327687.000.000) 11/14 18:03:34 Image size of job updated: 1099128
	1044  -  MemoryUsage of job (MB)
	1068416  -  ResidentSetSize of job (KB)
...
006 (6327687.000.000) 11/14 18:08:34 Image size of job updated: 1099152
	1044  -  MemoryUsage of job (MB)
	1068440  -  ResidentSetSize of job (KB)
...
006 (6327687.000.000) 11/14 18:13:35 Image size of job updated: 1099160
	1044  -  MemoryUsage of job (MB)
	1068448  -  ResidentSetSize of job (KB)
...
006 (6327687.000.000) 11/14 18:23:36 Image size of job updated: 1099164
	1044  -  MemoryUsage of job (MB)
	1068452  -  ResidentSetSize of job (KB)
...
006 (6327687.000.000) 11/14 18:28:37 Image size of job updated: 1099176
	1044  -  MemoryUsage of job (MB)
	1068464  -  ResidentSetSize of job (KB)
...
006 (6327687.000.000) 11/14 18:33:38 Image size of job updated: 1099292
	1044  -  MemoryUsage of job (MB)
	1068580  -  ResidentSetSize of job (KB)
...
006 (6327687.000.000) 11/14 18:38:38 Image size of job updated: 1099300
	1044  -  MemoryUsage of job (MB)
	1068592  -  ResidentSetSize of job (KB)
...
006 (6327687.000.000) 11/14 18:43:38 Image size of job updated: 1099300
	1044  -  MemoryUsage of job (MB)
	1068608  -  ResidentSetSize of job (KB)
...
006 (6327687.000.000) 11/14 18:48:40 Image size of job updated: 1099304
	1044  -  MemoryUsage of job (MB)
	1068620  -  ResidentSetSize of job (KB)
...
006 (6327687.000.000) 11/14 18:53:40 Image size of job updated: 1099312
	1044  -  MemoryUsage of job (MB)
	1068628  -  ResidentSetSize of job (KB)
...
006 (6327687.000.000) 11/14 18:58:40 Image size of job updated: 1099320
	1044  -  MemoryUsage of job (MB)
	1068636  -  ResidentSetSize of job (KB)
...
006 (6327687.000.000) 11/14 19:03:41 Image size of job updated: 1099324
	1044  -  MemoryUsage of job (MB)
	1068644  -  ResidentSetSize of job (KB)
...
006 (6327687.000.000) 11/14 19:08:42 Image size of job updated: 1099340
	1044  -  MemoryUsage of job (MB)
	1068660  -  ResidentSetSize of job (KB)
...
006 (6327687.000.000) 11/14 19:13:42 Image size of job updated: 1099344
	1044  -  MemoryUsage of job (MB)
	1068664  -  ResidentSetSize of job (KB)
...
006 (6327687.000.000) 11/14 19:18:43 Image size of job updated: 1100632
	1045  -  MemoryUsage of job (MB)
	1069952  -  ResidentSetSize of job (KB)
...
006 (6327687.000.000) 11/14 19:23:44 Image size of job updated: 1100644
	1045  -  MemoryUsage of job (MB)
	1069964  -  ResidentSetSize of job (KB)
...
006 (6327687.000.000) 11/14 19:28:44 Image size of job updated: 1100644
	1045  -  MemoryUsage of job (MB)
	1069984  -  ResidentSetSize of job (KB)
...
006 (6327687.000.000) 11/14 19:33:44 Image size of job updated: 1100644
	1045  -  MemoryUsage of job (MB)
	1069992  -  ResidentSetSize of job (KB)
...
006 (6327687.000.000) 11/14 19:43:46 Image size of job updated: 1100644
	1045  -  MemoryUsage of job (MB)
	1069996  -  ResidentSetSize of job (KB)
...
006 (6327687.000.000) 11/14 19:48:46 Image size of job updated: 1100644
	1045  -  MemoryUsage of job (MB)
	1070008  -  ResidentSetSize of job (KB)
...
006 (6327687.000.000) 11/14 19:53:47 Image size of job updated: 1100644
	1045  -  MemoryUsage of job (MB)
	1070016  -  ResidentSetSize of job (KB)
...
006 (6327687.000.000) 11/14 19:58:48 Image size of job updated: 1100644
	1046  -  MemoryUsage of job (MB)
	1070624  -  ResidentSetSize of job (KB)
...
006 (6327687.000.000) 11/14 21:46:02 Image size of job updated: 1365320
	1046  -  MemoryUsage of job (MB)
	1070624  -  ResidentSetSize of job (KB)
...
005 (6327687.000.000) 11/14 21:46:02 Job terminated.
	(1) Normal termination (return value 0)
		Usr 0 08:47:40, Sys 0 00:07:15  -  Run Remote Usage
		Usr 0 00:00:00, Sys 0 00:00:00  -  Run Local Usage
		Usr 0 08:47:40, Sys 0 00:07:15  -  Total Remote Usage
		Usr 0 00:00:00, Sys 0 00:00:00  -  Total Local Usage
	0  -  Run Bytes Sent By Job
	0  -  Run Bytes Received By Job
	0  -  Total Bytes Sent By Job
	0  -  Total Bytes Received By Job
	Partitionable Resources :    Usage  Request Allocated
	   Cpus                 :                 1         1
	   Disk (KB)            :       10       10  65479208
	   Memory (MB)          :     1046        1      2008
...
