000 (6327678.000.000) 11/14 12:57:17 Job submitted from host: <130.199.153.67:9618?addrs=130.199.153.67-9618&noUDP&sock=7357_7f42_4>
...
001 (6327678.000.000) 11/14 12:57:51 Job executing on host: <130.199.202.22:9618?addrs=130.199.202.22-9618&noUDP&sock=10949_51dc_3>
...
006 (6327678.000.000) 11/14 12:58:00 Image size of job updated: 993872
	945  -  MemoryUsage of job (MB)
	967572  -  ResidentSetSize of job (KB)
...
006 (6327678.000.000) 11/14 13:03:01 Image size of job updated: 996272
	948  -  MemoryUsage of job (MB)
	969972  -  ResidentSetSize of job (KB)
...
006 (6327678.000.000) 11/14 13:08:01 Image size of job updated: 1046892
	997  -  MemoryUsage of job (MB)
	1020448  -  ResidentSetSize of job (KB)
...
006 (6327678.000.000) 11/14 13:13:02 Image size of job updated: 1050144
	999  -  MemoryUsage of job (MB)
	1022172  -  ResidentSetSize of job (KB)
...
006 (6327678.000.000) 11/14 18:28:33 Image size of job updated: 1088620
	999  -  MemoryUsage of job (MB)
	1022172  -  ResidentSetSize of job (KB)
...
006 (6327678.000.000) 11/14 18:58:35 Image size of job updated: 1088652
	999  -  MemoryUsage of job (MB)
	1022172  -  ResidentSetSize of job (KB)
...
005 (6327678.000.000) 11/14 23:03:18 Job terminated.
	(1) Normal termination (return value 0)
		Usr 0 10:04:02, Sys 0 00:08:25  -  Run Remote Usage
		Usr 0 00:00:00, Sys 0 00:00:00  -  Run Local Usage
		Usr 0 10:04:02, Sys 0 00:08:25  -  Total Remote Usage
		Usr 0 00:00:00, Sys 0 00:00:00  -  Total Local Usage
	0  -  Run Bytes Sent By Job
	0  -  Run Bytes Received By Job
	0  -  Total Bytes Sent By Job
	0  -  Total Bytes Received By Job
	Partitionable Resources :    Usage  Request Allocated
	   Cpus                 :                 1         1
	   Disk (KB)            :       10       10  47541225
	   Memory (MB)          :      999        1      2008
...
