000 (6327795.000.000) 11/14 12:57:22 Job submitted from host: <130.199.153.67:9618?addrs=130.199.153.67-9618&noUDP&sock=7357_7f42_4>
...
001 (6327795.000.000) 11/14 12:58:11 Job executing on host: <130.199.153.98:9618?addrs=130.199.153.98-9618&noUDP&sock=22086_0a27_3>
...
006 (6327795.000.000) 11/14 12:58:19 Image size of job updated: 991032
	968  -  MemoryUsage of job (MB)
	990848  -  ResidentSetSize of job (KB)
...
006 (6327795.000.000) 11/14 13:03:19 Image size of job updated: 1048128
	1024  -  MemoryUsage of job (MB)
	1047944  -  ResidentSetSize of job (KB)
...
006 (6327795.000.000) 11/14 13:08:20 Image size of job updated: 1049592
	1025  -  MemoryUsage of job (MB)
	1049408  -  ResidentSetSize of job (KB)
...
006 (6327795.000.000) 11/14 13:13:20 Image size of job updated: 1050800
	1026  -  MemoryUsage of job (MB)
	1050616  -  ResidentSetSize of job (KB)
...
006 (6327795.000.000) 11/14 13:18:20 Image size of job updated: 1050840
	1027  -  MemoryUsage of job (MB)
	1050656  -  ResidentSetSize of job (KB)
...
006 (6327795.000.000) 11/14 13:23:21 Image size of job updated: 1051388
	1027  -  MemoryUsage of job (MB)
	1051204  -  ResidentSetSize of job (KB)
...
006 (6327795.000.000) 11/14 13:28:22 Image size of job updated: 1051428
	1027  -  MemoryUsage of job (MB)
	1051244  -  ResidentSetSize of job (KB)
...
006 (6327795.000.000) 11/14 13:33:22 Image size of job updated: 1051600
	1027  -  MemoryUsage of job (MB)
	1051416  -  ResidentSetSize of job (KB)
...
006 (6327795.000.000) 11/14 13:38:22 Image size of job updated: 1057504
	1033  -  MemoryUsage of job (MB)
	1057320  -  ResidentSetSize of job (KB)
...
006 (6327795.000.000) 11/14 13:43:02 Image size of job updated: 1064540
	1033  -  MemoryUsage of job (MB)
	1057320  -  ResidentSetSize of job (KB)
...
005 (6327795.000.000) 11/14 13:43:03 Job terminated.
	(1) Normal termination (return value 0)
		Usr 0 00:43:37, Sys 0 00:00:30  -  Run Remote Usage
		Usr 0 00:00:00, Sys 0 00:00:00  -  Run Local Usage
		Usr 0 00:43:37, Sys 0 00:00:30  -  Total Remote Usage
		Usr 0 00:00:00, Sys 0 00:00:00  -  Total Local Usage
	0  -  Run Bytes Sent By Job
	0  -  Run Bytes Received By Job
	0  -  Total Bytes Sent By Job
	0  -  Total Bytes Received By Job
	Partitionable Resources :    Usage  Request Allocated
	   Cpus                 :                 1         1
	   Disk (KB)            :       10       10  47328210
	   Memory (MB)          :     1033        1      2005
...
