000 (6327753.000.000) 11/14 12:57:22 Job submitted from host: <130.199.153.67:9618?addrs=130.199.153.67-9618&noUDP&sock=7357_7f42_4>
...
001 (6327753.000.000) 11/14 12:58:04 Job executing on host: <130.199.202.11:9618?addrs=130.199.202.11-9618&noUDP&sock=44031_5aea_3>
...
006 (6327753.000.000) 11/14 12:58:13 Image size of job updated: 1001128
	952  -  MemoryUsage of job (MB)
	974572  -  ResidentSetSize of job (KB)
...
006 (6327753.000.000) 11/14 13:03:14 Image size of job updated: 1068408
	1018  -  MemoryUsage of job (MB)
	1041852  -  ResidentSetSize of job (KB)
...
006 (6327753.000.000) 11/14 13:08:15 Image size of job updated: 1069632
	1019  -  MemoryUsage of job (MB)
	1043076  -  ResidentSetSize of job (KB)
...
006 (6327753.000.000) 11/14 13:13:15 Image size of job updated: 1070976
	1020  -  MemoryUsage of job (MB)
	1044420  -  ResidentSetSize of job (KB)
...
006 (6327753.000.000) 11/14 13:18:16 Image size of job updated: 1071052
	1021  -  MemoryUsage of job (MB)
	1044496  -  ResidentSetSize of job (KB)
...
006 (6327753.000.000) 11/14 13:23:17 Image size of job updated: 1071052
	1021  -  MemoryUsage of job (MB)
	1044576  -  ResidentSetSize of job (KB)
...
006 (6327753.000.000) 11/14 13:28:17 Image size of job updated: 1071052
	1021  -  MemoryUsage of job (MB)
	1044772  -  ResidentSetSize of job (KB)
...
006 (6327753.000.000) 11/14 13:33:17 Image size of job updated: 1071052
	1021  -  MemoryUsage of job (MB)
	1045472  -  ResidentSetSize of job (KB)
...
006 (6327753.000.000) 11/14 13:38:18 Image size of job updated: 1071052
	1022  -  MemoryUsage of job (MB)
	1045536  -  ResidentSetSize of job (KB)
...
