000 (6327879.000.000) 11/14 12:57:26 Job submitted from host: <130.199.153.67:9618?addrs=130.199.153.67-9618&noUDP&sock=7357_7f42_4>
...
001 (6327879.000.000) 11/14 12:58:25 Job executing on host: <130.199.152.35:9618?addrs=130.199.152.35-9618&noUDP&sock=22630_3574_3>
...
006 (6327879.000.000) 11/14 12:58:34 Image size of job updated: 989004
	940  -  MemoryUsage of job (MB)
	962448  -  ResidentSetSize of job (KB)
...
006 (6327879.000.000) 11/14 13:03:35 Image size of job updated: 991596
	943  -  MemoryUsage of job (MB)
	965040  -  ResidentSetSize of job (KB)
...
006 (6327879.000.000) 11/14 13:08:36 Image size of job updated: 1040064
	990  -  MemoryUsage of job (MB)
	1013508  -  ResidentSetSize of job (KB)
...
005 (6327879.000.000) 11/14 13:10:46 Job terminated.
	(1) Normal termination (return value 0)
		Usr 0 00:11:22, Sys 0 00:00:10  -  Run Remote Usage
		Usr 0 00:00:00, Sys 0 00:00:00  -  Run Local Usage
		Usr 0 00:11:22, Sys 0 00:00:10  -  Total Remote Usage
		Usr 0 00:00:00, Sys 0 00:00:00  -  Total Local Usage
	0  -  Run Bytes Sent By Job
	0  -  Run Bytes Received By Job
	0  -  Total Bytes Sent By Job
	0  -  Total Bytes Received By Job
	Partitionable Resources :    Usage  Request Allocated
	   Cpus                 :                 1         1
	   Disk (KB)            :       10       10  32976471
	   Memory (MB)          :      990        1      2005
...
