000 (6327797.000.000) 11/14 12:57:22 Job submitted from host: <130.199.153.67:9618?addrs=130.199.153.67-9618&noUDP&sock=7357_7f42_4>
...
001 (6327797.000.000) 11/14 12:58:11 Job executing on host: <130.199.153.99:9618?addrs=130.199.153.99-9618&noUDP&sock=22010_fc93_3>
...
006 (6327797.000.000) 11/14 12:58:20 Image size of job updated: 1005376
	956  -  MemoryUsage of job (MB)
	978820  -  ResidentSetSize of job (KB)
...
006 (6327797.000.000) 11/14 13:03:21 Image size of job updated: 1077428
	1027  -  MemoryUsage of job (MB)
	1050872  -  ResidentSetSize of job (KB)
...
006 (6327797.000.000) 11/14 13:08:22 Image size of job updated: 1078692
	1028  -  MemoryUsage of job (MB)
	1052136  -  ResidentSetSize of job (KB)
...
006 (6327797.000.000) 11/14 13:13:22 Image size of job updated: 1079952
	1029  -  MemoryUsage of job (MB)
	1053396  -  ResidentSetSize of job (KB)
...
006 (6327797.000.000) 11/14 13:18:23 Image size of job updated: 1080024
	1029  -  MemoryUsage of job (MB)
	1053468  -  ResidentSetSize of job (KB)
...
006 (6327797.000.000) 11/14 13:23:24 Image size of job updated: 1081048
	1030  -  MemoryUsage of job (MB)
	1054492  -  ResidentSetSize of job (KB)
...
006 (6327797.000.000) 11/14 13:28:24 Image size of job updated: 1081356
	1031  -  MemoryUsage of job (MB)
	1054800  -  ResidentSetSize of job (KB)
...
005 (6327797.000.000) 11/14 13:30:55 Job terminated.
	(1) Normal termination (return value 0)
		Usr 0 00:31:21, Sys 0 00:00:26  -  Run Remote Usage
		Usr 0 00:00:00, Sys 0 00:00:00  -  Run Local Usage
		Usr 0 00:31:21, Sys 0 00:00:26  -  Total Remote Usage
		Usr 0 00:00:00, Sys 0 00:00:00  -  Total Local Usage
	0  -  Run Bytes Sent By Job
	0  -  Run Bytes Received By Job
	0  -  Total Bytes Sent By Job
	0  -  Total Bytes Received By Job
	Partitionable Resources :    Usage  Request Allocated
	   Cpus                 :                 1         1
	   Disk (KB)            :       10       10  47328201
	   Memory (MB)          :     1031        1      2005
...
