000 (6327719.000.000) 11/14 12:57:17 Job submitted from host: <130.199.153.67:9618?addrs=130.199.153.67-9618&noUDP&sock=7357_7f42_4>
...
001 (6327719.000.000) 11/14 12:57:59 Job executing on host: <130.199.202.62:9618?addrs=130.199.202.62-9618&noUDP&sock=48648_93cd_3>
...
006 (6327719.000.000) 11/14 12:58:08 Image size of job updated: 841488
	796  -  MemoryUsage of job (MB)
	815100  -  ResidentSetSize of job (KB)
...
006 (6327719.000.000) 11/14 13:03:09 Image size of job updated: 1076776
	1026  -  MemoryUsage of job (MB)
	1050308  -  ResidentSetSize of job (KB)
...
006 (6327719.000.000) 11/14 13:08:09 Image size of job updated: 1078620
	1028  -  MemoryUsage of job (MB)
	1052152  -  ResidentSetSize of job (KB)
...
006 (6327719.000.000) 11/14 13:13:10 Image size of job updated: 1079952
	1029  -  MemoryUsage of job (MB)
	1053484  -  ResidentSetSize of job (KB)
...
006 (6327719.000.000) 11/14 13:18:11 Image size of job updated: 1080008
	1029  -  MemoryUsage of job (MB)
	1053540  -  ResidentSetSize of job (KB)
...
006 (6327719.000.000) 11/14 13:23:11 Image size of job updated: 1080080
	1029  -  MemoryUsage of job (MB)
	1053612  -  ResidentSetSize of job (KB)
...
006 (6327719.000.000) 11/14 13:28:11 Image size of job updated: 1080128
	1029  -  MemoryUsage of job (MB)
	1053660  -  ResidentSetSize of job (KB)
...
006 (6327719.000.000) 11/14 13:33:12 Image size of job updated: 1080128
	1030  -  MemoryUsage of job (MB)
	1053708  -  ResidentSetSize of job (KB)
...
006 (6327719.000.000) 11/14 13:38:12 Image size of job updated: 1080128
	1030  -  MemoryUsage of job (MB)
	1053748  -  ResidentSetSize of job (KB)
...
006 (6327719.000.000) 11/14 13:43:12 Image size of job updated: 1080128
	1030  -  MemoryUsage of job (MB)
	1054156  -  ResidentSetSize of job (KB)
...
006 (6327719.000.000) 11/14 13:48:13 Image size of job updated: 1080128
	1030  -  MemoryUsage of job (MB)
	1054676  -  ResidentSetSize of job (KB)
...
006 (6327719.000.000) 11/14 13:53:14 Image size of job updated: 1080128
	1031  -  MemoryUsage of job (MB)
	1054800  -  ResidentSetSize of job (KB)
...
006 (6327719.000.000) 11/14 13:58:14 Image size of job updated: 1080128
	1031  -  MemoryUsage of job (MB)
	1054844  -  ResidentSetSize of job (KB)
...
006 (6327719.000.000) 11/14 14:03:14 Image size of job updated: 1080128
	1031  -  MemoryUsage of job (MB)
	1054872  -  ResidentSetSize of job (KB)
...
006 (6327719.000.000) 11/14 14:08:15 Image size of job updated: 1080128
	1031  -  MemoryUsage of job (MB)
	1054904  -  ResidentSetSize of job (KB)
...
006 (6327719.000.000) 11/14 14:13:15 Image size of job updated: 1080128
	1031  -  MemoryUsage of job (MB)
	1054944  -  ResidentSetSize of job (KB)
...
006 (6327719.000.000) 11/14 14:18:15 Image size of job updated: 1080128
	1031  -  MemoryUsage of job (MB)
	1054972  -  ResidentSetSize of job (KB)
...
006 (6327719.000.000) 11/14 14:23:16 Image size of job updated: 1080128
	1031  -  MemoryUsage of job (MB)
	1055016  -  ResidentSetSize of job (KB)
...
006 (6327719.000.000) 11/14 14:28:17 Image size of job updated: 1080128
	1031  -  MemoryUsage of job (MB)
	1055044  -  ResidentSetSize of job (KB)
...
005 (6327719.000.000) 11/14 14:29:14 Job terminated.
	(1) Normal termination (return value 0)
		Usr 0 01:30:30, Sys 0 00:01:27  -  Run Remote Usage
		Usr 0 00:00:00, Sys 0 00:00:00  -  Run Local Usage
		Usr 0 01:30:30, Sys 0 00:01:27  -  Total Remote Usage
		Usr 0 00:00:00, Sys 0 00:00:00  -  Total Local Usage
	0  -  Run Bytes Sent By Job
	0  -  Run Bytes Received By Job
	0  -  Total Bytes Sent By Job
	0  -  Total Bytes Received By Job
	Partitionable Resources :    Usage  Request Allocated
	   Cpus                 :                 1         1
	   Disk (KB)            :       10       10  65479175
	   Memory (MB)          :     1031        1      2008
...
