000 (6327681.000.000) 11/14 12:57:17 Job submitted from host: <130.199.153.67:9618?addrs=130.199.153.67-9618&noUDP&sock=7357_7f42_4>
...
001 (6327681.000.000) 11/14 12:57:51 Job executing on host: <130.199.202.42:9618?addrs=130.199.202.42-9618&noUDP&sock=3457_3243_3>
...
006 (6327681.000.000) 11/14 12:58:00 Image size of job updated: 1005728
	957  -  MemoryUsage of job (MB)
	979312  -  ResidentSetSize of job (KB)
...
006 (6327681.000.000) 11/14 13:03:01 Image size of job updated: 1075264
	1025  -  MemoryUsage of job (MB)
	1048848  -  ResidentSetSize of job (KB)
...
006 (6327681.000.000) 11/14 13:08:01 Image size of job updated: 1077352
	1027  -  MemoryUsage of job (MB)
	1051324  -  ResidentSetSize of job (KB)
...
006 (6327681.000.000) 11/14 13:13:01 Image size of job updated: 1077352
	1028  -  MemoryUsage of job (MB)
	1052528  -  ResidentSetSize of job (KB)
...
006 (6327681.000.000) 11/14 13:18:02 Image size of job updated: 1077352
	1028  -  MemoryUsage of job (MB)
	1052592  -  ResidentSetSize of job (KB)
...
006 (6327681.000.000) 11/14 13:23:03 Image size of job updated: 1077352
	1028  -  MemoryUsage of job (MB)
	1052660  -  ResidentSetSize of job (KB)
...
006 (6327681.000.000) 11/14 13:28:03 Image size of job updated: 1077352
	1029  -  MemoryUsage of job (MB)
	1052720  -  ResidentSetSize of job (KB)
...
006 (6327681.000.000) 11/14 13:33:04 Image size of job updated: 1077352
	1029  -  MemoryUsage of job (MB)
	1052776  -  ResidentSetSize of job (KB)
...
006 (6327681.000.000) 11/14 13:38:05 Image size of job updated: 1077352
	1029  -  MemoryUsage of job (MB)
	1052836  -  ResidentSetSize of job (KB)
...
