000 (6327400.000.000) 11/14 12:47:51 Job submitted from host: <130.199.153.67:9618?addrs=130.199.153.67-9618&noUDP&sock=7357_7f42_4>
...
001 (6327400.000.000) 11/14 12:48:12 Job executing on host: <130.199.202.107:9618?addrs=130.199.202.107-9618&noUDP&sock=344612_7272_3>
...
006 (6327400.000.000) 11/14 12:48:20 Image size of job updated: 970128
	948  -  MemoryUsage of job (MB)
	969944  -  ResidentSetSize of job (KB)
...
006 (6327400.000.000) 11/14 12:50:57 Image size of job updated: 1031580
	948  -  MemoryUsage of job (MB)
	970052  -  ResidentSetSize of job (KB)
...
005 (6327400.000.000) 11/14 12:50:57 Job terminated.
	(1) Normal termination (return value 0)
		Usr 0 00:02:39, Sys 0 00:00:07  -  Run Remote Usage
		Usr 0 00:00:00, Sys 0 00:00:00  -  Run Local Usage
		Usr 0 00:02:39, Sys 0 00:00:07  -  Total Remote Usage
		Usr 0 00:00:00, Sys 0 00:00:00  -  Total Local Usage
	0  -  Run Bytes Sent By Job
	0  -  Run Bytes Received By Job
	0  -  Total Bytes Sent By Job
	0  -  Total Bytes Received By Job
	Partitionable Resources :    Usage  Request Allocated
	   Cpus                 :                 1         1
	   Disk (KB)            :       10       10  66832051
	   Memory (MB)          :      948        1      2665
...
