000 (6327781.000.000) 11/14 12:57:22 Job submitted from host: <130.199.153.67:9618?addrs=130.199.153.67-9618&noUDP&sock=7357_7f42_4>
...
001 (6327781.000.000) 11/14 12:58:09 Job executing on host: <130.199.201.51:9618?addrs=130.199.201.51-9618&noUDP&sock=19151_2633_3>
...
006 (6327781.000.000) 11/14 12:58:17 Image size of job updated: 991164
	942  -  MemoryUsage of job (MB)
	964488  -  ResidentSetSize of job (KB)
...
006 (6327781.000.000) 11/14 13:03:17 Image size of job updated: 1040968
	991  -  MemoryUsage of job (MB)
	1014292  -  ResidentSetSize of job (KB)
...
006 (6327781.000.000) 11/14 13:08:19 Image size of job updated: 1042960
	993  -  MemoryUsage of job (MB)
	1016236  -  ResidentSetSize of job (KB)
...
006 (6327781.000.000) 11/14 13:13:19 Image size of job updated: 1043132
	993  -  MemoryUsage of job (MB)
	1016408  -  ResidentSetSize of job (KB)
...
006 (6327781.000.000) 11/14 13:18:19 Image size of job updated: 1043812
	994  -  MemoryUsage of job (MB)
	1017088  -  ResidentSetSize of job (KB)
...
006 (6327781.000.000) 11/14 13:23:20 Image size of job updated: 1043964
	994  -  MemoryUsage of job (MB)
	1017240  -  ResidentSetSize of job (KB)
...
006 (6327781.000.000) 11/14 13:28:21 Image size of job updated: 1044212
	994  -  MemoryUsage of job (MB)
	1017488  -  ResidentSetSize of job (KB)
...
006 (6327781.000.000) 11/14 13:33:21 Image size of job updated: 1044872
	995  -  MemoryUsage of job (MB)
	1018148  -  ResidentSetSize of job (KB)
...
006 (6327781.000.000) 11/14 13:38:21 Image size of job updated: 1070580
	1020  -  MemoryUsage of job (MB)
	1043856  -  ResidentSetSize of job (KB)
...
006 (6327781.000.000) 11/14 13:48:23 Image size of job updated: 1070616
	1020  -  MemoryUsage of job (MB)
	1043892  -  ResidentSetSize of job (KB)
...
006 (6327781.000.000) 11/14 13:58:24 Image size of job updated: 1070752
	1020  -  MemoryUsage of job (MB)
	1043892  -  ResidentSetSize of job (KB)
...
006 (6327781.000.000) 11/14 14:03:25 Image size of job updated: 1070956
	1020  -  MemoryUsage of job (MB)
	1043892  -  ResidentSetSize of job (KB)
...
006 (6327781.000.000) 11/14 14:13:25 Image size of job updated: 1076956
	1025  -  MemoryUsage of job (MB)
	1049196  -  ResidentSetSize of job (KB)
...
006 (6327781.000.000) 11/14 14:18:26 Image size of job updated: 1101820
	1050  -  MemoryUsage of job (MB)
	1074472  -  ResidentSetSize of job (KB)
...
006 (6327781.000.000) 11/14 16:20:54 Image size of job updated: 1647488
	1050  -  MemoryUsage of job (MB)
	1074472  -  ResidentSetSize of job (KB)
...
005 (6327781.000.000) 11/14 16:20:54 Job terminated.
	(1) Normal termination (return value 0)
		Usr 0 03:22:02, Sys 0 00:02:17  -  Run Remote Usage
		Usr 0 00:00:00, Sys 0 00:00:00  -  Run Local Usage
		Usr 0 03:22:02, Sys 0 00:02:17  -  Total Remote Usage
		Usr 0 00:00:00, Sys 0 00:00:00  -  Total Local Usage
	0  -  Run Bytes Sent By Job
	0  -  Run Bytes Received By Job
	0  -  Total Bytes Sent By Job
	0  -  Total Bytes Received By Job
	Partitionable Resources :    Usage  Request Allocated
	   Cpus                 :                 1         1
	   Disk (KB)            :       10       10  47327988
	   Memory (MB)          :     1050        1      2005
...
