000 (6327707.000.000) 11/14 12:57:17 Job submitted from host: <130.199.153.67:9618?addrs=130.199.153.67-9618&noUDP&sock=7357_7f42_4>
...
001 (6327707.000.000) 11/14 12:57:56 Job executing on host: <130.199.153.39:9618?addrs=130.199.153.39-9618&noUDP&sock=21535_a7b6_3>
...
006 (6327707.000.000) 11/14 12:58:05 Image size of job updated: 992636
	944  -  MemoryUsage of job (MB)
	966076  -  ResidentSetSize of job (KB)
...
006 (6327707.000.000) 11/14 13:03:06 Image size of job updated: 994860
	946  -  MemoryUsage of job (MB)
	968300  -  ResidentSetSize of job (KB)
...
006 (6327707.000.000) 11/14 13:08:06 Image size of job updated: 1046844
	997  -  MemoryUsage of job (MB)
	1020284  -  ResidentSetSize of job (KB)
...
006 (6327707.000.000) 11/14 13:13:06 Image size of job updated: 1055920
	1006  -  MemoryUsage of job (MB)
	1029360  -  ResidentSetSize of job (KB)
...
006 (6327707.000.000) 11/14 13:18:07 Image size of job updated: 1056744
	1007  -  MemoryUsage of job (MB)
	1030184  -  ResidentSetSize of job (KB)
...
006 (6327707.000.000) 11/14 13:23:08 Image size of job updated: 1095624
	1045  -  MemoryUsage of job (MB)
	1069064  -  ResidentSetSize of job (KB)
...
006 (6327707.000.000) 11/14 13:33:09 Image size of job updated: 1095632
	1045  -  MemoryUsage of job (MB)
	1069072  -  ResidentSetSize of job (KB)
...
