000 (6327784.000.000) 11/14 12:57:22 Job submitted from host: <130.199.153.67:9618?addrs=130.199.153.67-9618&noUDP&sock=7357_7f42_4>
...
001 (6327784.000.000) 11/14 12:58:09 Job executing on host: <130.199.202.8:9618?addrs=130.199.202.8-9618&noUDP&sock=37849_d486_3>
...
006 (6327784.000.000) 11/14 12:58:18 Image size of job updated: 998236
	949  -  MemoryUsage of job (MB)
	971680  -  ResidentSetSize of job (KB)
...
006 (6327784.000.000) 11/14 13:03:19 Image size of job updated: 1056284
	1006  -  MemoryUsage of job (MB)
	1029728  -  ResidentSetSize of job (KB)
...
006 (6327784.000.000) 11/14 13:08:20 Image size of job updated: 1057040
	1007  -  MemoryUsage of job (MB)
	1030484  -  ResidentSetSize of job (KB)
...
006 (6327784.000.000) 11/14 13:13:20 Image size of job updated: 1058768
	1009  -  MemoryUsage of job (MB)
	1032212  -  ResidentSetSize of job (KB)
...
006 (6327784.000.000) 11/14 13:18:21 Image size of job updated: 1059488
	1009  -  MemoryUsage of job (MB)
	1032932  -  ResidentSetSize of job (KB)
...
006 (6327784.000.000) 11/14 13:23:22 Image size of job updated: 1060276
	1010  -  MemoryUsage of job (MB)
	1033720  -  ResidentSetSize of job (KB)
...
006 (6327784.000.000) 11/14 13:28:23 Image size of job updated: 1060320
	1010  -  MemoryUsage of job (MB)
	1033764  -  ResidentSetSize of job (KB)
...
006 (6327784.000.000) 11/14 13:33:23 Image size of job updated: 1060340
	1010  -  MemoryUsage of job (MB)
	1033784  -  ResidentSetSize of job (KB)
...
006 (6327784.000.000) 11/14 13:38:24 Image size of job updated: 1060340
	1010  -  MemoryUsage of job (MB)
	1033816  -  ResidentSetSize of job (KB)
...
006 (6327784.000.000) 11/14 13:43:25 Image size of job updated: 1060340
	1010  -  MemoryUsage of job (MB)
	1034016  -  ResidentSetSize of job (KB)
...
006 (6327784.000.000) 11/14 13:48:25 Image size of job updated: 1060340
	1010  -  MemoryUsage of job (MB)
	1034036  -  ResidentSetSize of job (KB)
...
006 (6327784.000.000) 11/14 13:53:25 Image size of job updated: 1060340
	1010  -  MemoryUsage of job (MB)
	1034116  -  ResidentSetSize of job (KB)
...
006 (6327784.000.000) 11/14 13:58:26 Image size of job updated: 1060340
	1010  -  MemoryUsage of job (MB)
	1034132  -  ResidentSetSize of job (KB)
...
005 (6327784.000.000) 11/14 14:01:18 Job terminated.
	(1) Normal termination (return value 0)
		Usr 0 01:02:14, Sys 0 00:00:55  -  Run Remote Usage
		Usr 0 00:00:00, Sys 0 00:00:00  -  Run Local Usage
		Usr 0 01:02:14, Sys 0 00:00:55  -  Total Remote Usage
		Usr 0 00:00:00, Sys 0 00:00:00  -  Total Local Usage
	0  -  Run Bytes Sent By Job
	0  -  Run Bytes Received By Job
	0  -  Total Bytes Sent By Job
	0  -  Total Bytes Received By Job
	Partitionable Resources :    Usage  Request Allocated
	   Cpus                 :                 1         1
	   Disk (KB)            :       10       10  47541334
	   Memory (MB)          :     1010        1      2008
...
