000 (6327759.000.000) 11/14 12:57:22 Job submitted from host: <130.199.153.67:9618?addrs=130.199.153.67-9618&noUDP&sock=7357_7f42_4>
...
001 (6327759.000.000) 11/14 12:58:37 Job executing on host: <130.199.150.140:9618?addrs=130.199.150.140-9618&noUDP&sock=22592_2eaa_3>
...
006 (6327759.000.000) 11/14 12:58:46 Image size of job updated: 991836
	943  -  MemoryUsage of job (MB)
	965276  -  ResidentSetSize of job (KB)
...
006 (6327759.000.000) 11/14 13:03:47 Image size of job updated: 994124
	945  -  MemoryUsage of job (MB)
	967564  -  ResidentSetSize of job (KB)
...
006 (6327759.000.000) 11/14 13:08:47 Image size of job updated: 1043284
	993  -  MemoryUsage of job (MB)
	1016724  -  ResidentSetSize of job (KB)
...
006 (6327759.000.000) 11/14 13:13:47 Image size of job updated: 1043664
	994  -  MemoryUsage of job (MB)
	1017104  -  ResidentSetSize of job (KB)
...
006 (6327759.000.000) 11/14 13:18:48 Image size of job updated: 1043812
	994  -  MemoryUsage of job (MB)
	1017252  -  ResidentSetSize of job (KB)
...
006 (6327759.000.000) 11/14 13:23:49 Image size of job updated: 1044804
	995  -  MemoryUsage of job (MB)
	1018244  -  ResidentSetSize of job (KB)
...
006 (6327759.000.000) 11/14 13:28:49 Image size of job updated: 1045352
	995  -  MemoryUsage of job (MB)
	1018792  -  ResidentSetSize of job (KB)
...
006 (6327759.000.000) 11/14 13:33:50 Image size of job updated: 1045912
	996  -  MemoryUsage of job (MB)
	1019352  -  ResidentSetSize of job (KB)
...
006 (6327759.000.000) 11/14 13:38:51 Image size of job updated: 1046028
	996  -  MemoryUsage of job (MB)
	1019468  -  ResidentSetSize of job (KB)
...
006 (6327759.000.000) 11/14 13:43:51 Image size of job updated: 1046164
	996  -  MemoryUsage of job (MB)
	1019604  -  ResidentSetSize of job (KB)
...
006 (6327759.000.000) 11/14 13:48:51 Image size of job updated: 1046544
	997  -  MemoryUsage of job (MB)
	1019940  -  ResidentSetSize of job (KB)
...
006 (6327759.000.000) 11/14 13:53:52 Image size of job updated: 1046828
	997  -  MemoryUsage of job (MB)
	1020208  -  ResidentSetSize of job (KB)
...
006 (6327759.000.000) 11/14 13:58:53 Image size of job updated: 1046848
	997  -  MemoryUsage of job (MB)
	1020228  -  ResidentSetSize of job (KB)
...
006 (6327759.000.000) 11/14 14:03:53 Image size of job updated: 1046876
	997  -  MemoryUsage of job (MB)
	1020256  -  ResidentSetSize of job (KB)
...
006 (6327759.000.000) 11/14 14:08:54 Image size of job updated: 1046944
	997  -  MemoryUsage of job (MB)
	1020324  -  ResidentSetSize of job (KB)
...
006 (6327759.000.000) 11/14 14:13:55 Image size of job updated: 1046944
	997  -  MemoryUsage of job (MB)
	1020352  -  ResidentSetSize of job (KB)
...
006 (6327759.000.000) 11/14 14:18:55 Image size of job updated: 1046944
	997  -  MemoryUsage of job (MB)
	1020380  -  ResidentSetSize of job (KB)
...
006 (6327759.000.000) 11/14 14:23:55 Image size of job updated: 1046944
	997  -  MemoryUsage of job (MB)
	1020408  -  ResidentSetSize of job (KB)
...
006 (6327759.000.000) 11/14 14:28:56 Image size of job updated: 1046944
	997  -  MemoryUsage of job (MB)
	1020444  -  ResidentSetSize of job (KB)
...
006 (6327759.000.000) 11/14 14:33:57 Image size of job updated: 1046944
	997  -  MemoryUsage of job (MB)
	1020512  -  ResidentSetSize of job (KB)
...
006 (6327759.000.000) 11/14 14:38:57 Image size of job updated: 1046944
	997  -  MemoryUsage of job (MB)
	1020528  -  ResidentSetSize of job (KB)
...
006 (6327759.000.000) 11/14 14:43:57 Image size of job updated: 1046944
	997  -  MemoryUsage of job (MB)
	1020532  -  ResidentSetSize of job (KB)
...
006 (6327759.000.000) 11/14 14:48:58 Image size of job updated: 1046944
	997  -  MemoryUsage of job (MB)
	1020560  -  ResidentSetSize of job (KB)
...
006 (6327759.000.000) 11/14 14:53:59 Image size of job updated: 1046944
	997  -  MemoryUsage of job (MB)
	1020576  -  ResidentSetSize of job (KB)
...
006 (6327759.000.000) 11/14 14:58:59 Image size of job updated: 1046944
	997  -  MemoryUsage of job (MB)
	1020612  -  ResidentSetSize of job (KB)
...
006 (6327759.000.000) 11/14 15:03:59 Image size of job updated: 1046944
	998  -  MemoryUsage of job (MB)
	1021028  -  ResidentSetSize of job (KB)
...
006 (6327759.000.000) 11/14 15:09:00 Image size of job updated: 1046944
	998  -  MemoryUsage of job (MB)
	1021052  -  ResidentSetSize of job (KB)
...
006 (6327759.000.000) 11/14 15:14:00 Image size of job updated: 1046944
	998  -  MemoryUsage of job (MB)
	1021072  -  ResidentSetSize of job (KB)
...
006 (6327759.000.000) 11/14 15:19:00 Image size of job updated: 1046944
	998  -  MemoryUsage of job (MB)
	1021100  -  ResidentSetSize of job (KB)
...
006 (6327759.000.000) 11/14 15:24:01 Image size of job updated: 1046944
	998  -  MemoryUsage of job (MB)
	1021124  -  ResidentSetSize of job (KB)
...
006 (6327759.000.000) 11/14 15:29:02 Image size of job updated: 1046944
	998  -  MemoryUsage of job (MB)
	1021148  -  ResidentSetSize of job (KB)
...
006 (6327759.000.000) 11/14 15:34:02 Image size of job updated: 1046944
	1002  -  MemoryUsage of job (MB)
	1025644  -  ResidentSetSize of job (KB)
...
006 (6327759.000.000) 11/14 15:39:03 Image size of job updated: 1046944
	1002  -  MemoryUsage of job (MB)
	1025680  -  ResidentSetSize of job (KB)
...
006 (6327759.000.000) 11/14 15:44:04 Image size of job updated: 1046944
	1002  -  MemoryUsage of job (MB)
	1025684  -  ResidentSetSize of job (KB)
...
006 (6327759.000.000) 11/14 15:49:04 Image size of job updated: 1096340
	1054  -  MemoryUsage of job (MB)
	1078736  -  ResidentSetSize of job (KB)
...
006 (6327759.000.000) 11/14 15:59:06 Image size of job updated: 1096340
	1054  -  MemoryUsage of job (MB)
	1078748  -  ResidentSetSize of job (KB)
...
006 (6327759.000.000) 11/14 16:04:06 Image size of job updated: 1096340
	1054  -  MemoryUsage of job (MB)
	1078756  -  ResidentSetSize of job (KB)
...
006 (6327759.000.000) 11/14 16:14:07 Image size of job updated: 1096340
	1054  -  MemoryUsage of job (MB)
	1078760  -  ResidentSetSize of job (KB)
...
006 (6327759.000.000) 11/14 16:19:08 Image size of job updated: 1096340
	1054  -  MemoryUsage of job (MB)
	1078772  -  ResidentSetSize of job (KB)
...
006 (6327759.000.000) 11/14 16:29:09 Image size of job updated: 1096340
	1054  -  MemoryUsage of job (MB)
	1078776  -  ResidentSetSize of job (KB)
...
006 (6327759.000.000) 11/14 16:34:10 Image size of job updated: 1096340
	1054  -  MemoryUsage of job (MB)
	1078792  -  ResidentSetSize of job (KB)
...
006 (6327759.000.000) 11/14 16:59:12 Image size of job updated: 1096340
	1054  -  MemoryUsage of job (MB)
	1079228  -  ResidentSetSize of job (KB)
...
006 (6327759.000.000) 11/14 17:04:13 Image size of job updated: 1096340
	1054  -  MemoryUsage of job (MB)
	1079252  -  ResidentSetSize of job (KB)
...
006 (6327759.000.000) 11/14 17:09:14 Image size of job updated: 1096340
	1055  -  MemoryUsage of job (MB)
	1079352  -  ResidentSetSize of job (KB)
...
005 (6327759.000.000) 11/14 17:27:34 Job terminated.
	(1) Normal termination (return value 0)
		Usr 0 04:27:16, Sys 0 00:04:27  -  Run Remote Usage
		Usr 0 00:00:00, Sys 0 00:00:00  -  Run Local Usage
		Usr 0 04:27:16, Sys 0 00:04:27  -  Total Remote Usage
		Usr 0 00:00:00, Sys 0 00:00:00  -  Total Local Usage
	0  -  Run Bytes Sent By Job
	0  -  Run Bytes Received By Job
	0  -  Total Bytes Sent By Job
	0  -  Total Bytes Received By Job
	Partitionable Resources :    Usage  Request Allocated
	   Cpus                 :                 1         1
	   Disk (KB)            :       10       10  41489591
	   Memory (MB)          :     1055        1      2007
...
