000 (6327796.000.000) 11/14 12:57:22 Job submitted from host: <130.199.153.67:9618?addrs=130.199.153.67-9618&noUDP&sock=7357_7f42_4>
...
001 (6327796.000.000) 11/14 12:58:11 Job executing on host: <130.199.152.84:9618?addrs=130.199.152.84-9618&noUDP&sock=22459_16e7_3>
...
006 (6327796.000.000) 11/14 12:58:20 Image size of job updated: 992628
	944  -  MemoryUsage of job (MB)
	966024  -  ResidentSetSize of job (KB)
...
006 (6327796.000.000) 11/14 13:03:21 Image size of job updated: 1047852
	998  -  MemoryUsage of job (MB)
	1021248  -  ResidentSetSize of job (KB)
...
006 (6327796.000.000) 11/14 13:08:22 Image size of job updated: 1048144
	998  -  MemoryUsage of job (MB)
	1021540  -  ResidentSetSize of job (KB)
...
006 (6327796.000.000) 11/14 13:13:22 Image size of job updated: 1048324
	998  -  MemoryUsage of job (MB)
	1021792  -  ResidentSetSize of job (KB)
...
006 (6327796.000.000) 11/14 13:18:23 Image size of job updated: 1048364
	998  -  MemoryUsage of job (MB)
	1021896  -  ResidentSetSize of job (KB)
...
006 (6327796.000.000) 11/14 13:23:24 Image size of job updated: 1050264
	1000  -  MemoryUsage of job (MB)
	1023796  -  ResidentSetSize of job (KB)
...
006 (6327796.000.000) 11/14 13:28:24 Image size of job updated: 1050924
	1001  -  MemoryUsage of job (MB)
	1024472  -  ResidentSetSize of job (KB)
...
006 (6327796.000.000) 11/14 13:33:24 Image size of job updated: 1052224
	1002  -  MemoryUsage of job (MB)
	1025772  -  ResidentSetSize of job (KB)
...
006 (6327796.000.000) 11/14 13:38:25 Image size of job updated: 1078148
	1028  -  MemoryUsage of job (MB)
	1051696  -  ResidentSetSize of job (KB)
...
006 (6327796.000.000) 11/14 13:43:26 Image size of job updated: 1078148
	1028  -  MemoryUsage of job (MB)
	1051728  -  ResidentSetSize of job (KB)
...
006 (6327796.000.000) 11/14 13:53:27 Image size of job updated: 1104304
	1054  -  MemoryUsage of job (MB)
	1079100  -  ResidentSetSize of job (KB)
...
006 (6327796.000.000) 11/14 13:58:27 Image size of job updated: 1125728
	1075  -  MemoryUsage of job (MB)
	1100552  -  ResidentSetSize of job (KB)
...
006 (6327796.000.000) 11/14 14:03:27 Image size of job updated: 1125732
	1075  -  MemoryUsage of job (MB)
	1100556  -  ResidentSetSize of job (KB)
...
006 (6327796.000.000) 11/14 14:28:31 Image size of job updated: 1126768
	1076  -  MemoryUsage of job (MB)
	1101592  -  ResidentSetSize of job (KB)
...
006 (6327796.000.000) 11/14 14:38:31 Image size of job updated: 1134180
	1084  -  MemoryUsage of job (MB)
	1109572  -  ResidentSetSize of job (KB)
...
006 (6327796.000.000) 11/14 14:43:32 Image size of job updated: 1134184
	1084  -  MemoryUsage of job (MB)
	1109576  -  ResidentSetSize of job (KB)
...
006 (6327796.000.000) 11/14 14:48:32 Image size of job updated: 1134184
	1084  -  MemoryUsage of job (MB)
	1109624  -  ResidentSetSize of job (KB)
...
006 (6327796.000.000) 11/14 15:08:34 Image size of job updated: 1136244
	1087  -  MemoryUsage of job (MB)
	1112876  -  ResidentSetSize of job (KB)
...
006 (6327796.000.000) 11/14 15:09:46 Image size of job updated: 1154824
	1087  -  MemoryUsage of job (MB)
	1112876  -  ResidentSetSize of job (KB)
...
005 (6327796.000.000) 11/14 15:09:47 Job terminated.
	(1) Normal termination (return value 0)
		Usr 0 02:10:52, Sys 0 00:01:38  -  Run Remote Usage
		Usr 0 00:00:00, Sys 0 00:00:00  -  Run Local Usage
		Usr 0 02:10:52, Sys 0 00:01:38  -  Total Remote Usage
		Usr 0 00:00:00, Sys 0 00:00:00  -  Total Local Usage
	0  -  Run Bytes Sent By Job
	0  -  Run Bytes Received By Job
	0  -  Total Bytes Sent By Job
	0  -  Total Bytes Received By Job
	Partitionable Resources :    Usage  Request Allocated
	   Cpus                 :                 1         1
	   Disk (KB)            :       10       10  56895484
	   Memory (MB)          :     1087        1      2005
...
