000 (6327679.000.000) 11/14 12:57:17 Job submitted from host: <130.199.153.67:9618?addrs=130.199.153.67-9618&noUDP&sock=7357_7f42_4>
...
001 (6327679.000.000) 11/14 12:57:51 Job executing on host: <130.199.202.29:9618?addrs=130.199.202.29-9618&noUDP&sock=23229_c8e4_3>
...
006 (6327679.000.000) 11/14 12:57:59 Image size of job updated: 993056
	944  -  MemoryUsage of job (MB)
	966632  -  ResidentSetSize of job (KB)
...
006 (6327679.000.000) 11/14 13:02:59 Image size of job updated: 995408
	947  -  MemoryUsage of job (MB)
	968984  -  ResidentSetSize of job (KB)
...
006 (6327679.000.000) 11/14 13:08:00 Image size of job updated: 1044044
	994  -  MemoryUsage of job (MB)
	1017620  -  ResidentSetSize of job (KB)
...
006 (6327679.000.000) 11/14 13:13:01 Image size of job updated: 1044536
	995  -  MemoryUsage of job (MB)
	1018112  -  ResidentSetSize of job (KB)
...
006 (6327679.000.000) 11/14 13:18:01 Image size of job updated: 1046228
	996  -  MemoryUsage of job (MB)
	1019804  -  ResidentSetSize of job (KB)
...
