000 (6327814.000.000) 11/14 12:57:22 Job submitted from host: <130.199.153.67:9618?addrs=130.199.153.67-9618&noUDP&sock=7357_7f42_4>
...
001 (6327814.000.000) 11/14 12:58:14 Job executing on host: <130.199.153.242:9618?addrs=130.199.153.242-9618&noUDP&sock=22182_6c26_3>
...
006 (6327814.000.000) 11/14 12:58:23 Image size of job updated: 123180
	96  -  MemoryUsage of job (MB)
	97520  -  ResidentSetSize of job (KB)
...
005 (6327814.000.000) 11/14 12:58:29 Job terminated.
	(1) Normal termination (return value 0)
		Usr 0 00:00:02, Sys 0 00:00:02  -  Run Remote Usage
		Usr 0 00:00:00, Sys 0 00:00:00  -  Run Local Usage
		Usr 0 00:00:02, Sys 0 00:00:02  -  Total Remote Usage
		Usr 0 00:00:00, Sys 0 00:00:00  -  Total Local Usage
	0  -  Run Bytes Sent By Job
	0  -  Run Bytes Received By Job
	0  -  Total Bytes Sent By Job
	0  -  Total Bytes Received By Job
	Partitionable Resources :    Usage  Request Allocated
	   Cpus                 :                 1         1
	   Disk (KB)            :       10       10  47328099
	   Memory (MB)          :       96        1      2005
...
