000 (6327653.000.000) 11/14 12:57:17 Job submitted from host: <130.199.153.67:9618?addrs=130.199.153.67-9618&noUDP&sock=7357_7f42_4>
...
001 (6327653.000.000) 11/14 12:57:46 Job executing on host: <130.199.202.110:9618?addrs=130.199.202.110-9618&noUDP&sock=285616_f534_3>
...
006 (6327653.000.000) 11/14 12:57:55 Image size of job updated: 967856
	945  -  MemoryUsage of job (MB)
	967652  -  ResidentSetSize of job (KB)
...
006 (6327653.000.000) 11/14 13:02:56 Image size of job updated: 1022636
	999  -  MemoryUsage of job (MB)
	1022432  -  ResidentSetSize of job (KB)
...
006 (6327653.000.000) 11/14 13:07:57 Image size of job updated: 1023012
	999  -  MemoryUsage of job (MB)
	1022808  -  ResidentSetSize of job (KB)
...
006 (6327653.000.000) 11/14 13:12:57 Image size of job updated: 1024020
	1000  -  MemoryUsage of job (MB)
	1023816  -  ResidentSetSize of job (KB)
...
006 (6327653.000.000) 11/14 13:17:57 Image size of job updated: 1024068
	1000  -  MemoryUsage of job (MB)
	1023864  -  ResidentSetSize of job (KB)
...
006 (6327653.000.000) 11/14 13:22:57 Image size of job updated: 1024132
	1000  -  MemoryUsage of job (MB)
	1023928  -  ResidentSetSize of job (KB)
...
006 (6327653.000.000) 11/14 13:27:58 Image size of job updated: 1024208
	1001  -  MemoryUsage of job (MB)
	1024004  -  ResidentSetSize of job (KB)
...
006 (6327653.000.000) 11/14 13:32:59 Image size of job updated: 1024288
	1001  -  MemoryUsage of job (MB)
	1024084  -  ResidentSetSize of job (KB)
...
006 (6327653.000.000) 11/14 13:37:59 Image size of job updated: 1024368
	1001  -  MemoryUsage of job (MB)
	1024164  -  ResidentSetSize of job (KB)
...
006 (6327653.000.000) 11/14 13:42:59 Image size of job updated: 1024932
	1001  -  MemoryUsage of job (MB)
	1024728  -  ResidentSetSize of job (KB)
...
006 (6327653.000.000) 11/14 13:48:00 Image size of job updated: 1025032
	1001  -  MemoryUsage of job (MB)
	1024828  -  ResidentSetSize of job (KB)
...
006 (6327653.000.000) 11/14 13:53:01 Image size of job updated: 1025088
	1001  -  MemoryUsage of job (MB)
	1024884  -  ResidentSetSize of job (KB)
...
006 (6327653.000.000) 11/14 13:58:01 Image size of job updated: 1026592
	1003  -  MemoryUsage of job (MB)
	1026388  -  ResidentSetSize of job (KB)
...
006 (6327653.000.000) 11/14 14:03:01 Image size of job updated: 1026656
	1003  -  MemoryUsage of job (MB)
	1026452  -  ResidentSetSize of job (KB)
...
006 (6327653.000.000) 11/14 14:08:02 Image size of job updated: 1026728
	1003  -  MemoryUsage of job (MB)
	1026524  -  ResidentSetSize of job (KB)
...
006 (6327653.000.000) 11/14 14:13:03 Image size of job updated: 1026924
	1003  -  MemoryUsage of job (MB)
	1026720  -  ResidentSetSize of job (KB)
...
006 (6327653.000.000) 11/14 14:18:03 Image size of job updated: 1027868
	1004  -  MemoryUsage of job (MB)
	1027664  -  ResidentSetSize of job (KB)
...
006 (6327653.000.000) 11/14 14:23:03 Image size of job updated: 1027884
	1004  -  MemoryUsage of job (MB)
	1027680  -  ResidentSetSize of job (KB)
...
006 (6327653.000.000) 11/14 14:28:04 Image size of job updated: 1027896
	1004  -  MemoryUsage of job (MB)
	1027692  -  ResidentSetSize of job (KB)
...
006 (6327653.000.000) 11/14 14:33:05 Image size of job updated: 1027916
	1004  -  MemoryUsage of job (MB)
	1027712  -  ResidentSetSize of job (KB)
...
006 (6327653.000.000) 11/14 14:38:05 Image size of job updated: 1027920
	1004  -  MemoryUsage of job (MB)
	1027716  -  ResidentSetSize of job (KB)
...
006 (6327653.000.000) 11/14 14:43:05 Image size of job updated: 1027928
	1004  -  MemoryUsage of job (MB)
	1027724  -  ResidentSetSize of job (KB)
...
006 (6327653.000.000) 11/14 14:48:06 Image size of job updated: 1027948
	1004  -  MemoryUsage of job (MB)
	1027744  -  ResidentSetSize of job (KB)
...
006 (6327653.000.000) 11/14 14:53:07 Image size of job updated: 1027960
	1004  -  MemoryUsage of job (MB)
	1027756  -  ResidentSetSize of job (KB)
...
006 (6327653.000.000) 11/14 14:58:07 Image size of job updated: 1027984
	1004  -  MemoryUsage of job (MB)
	1027780  -  ResidentSetSize of job (KB)
...
006 (6327653.000.000) 11/14 15:03:07 Image size of job updated: 1027992
	1004  -  MemoryUsage of job (MB)
	1027788  -  ResidentSetSize of job (KB)
...
006 (6327653.000.000) 11/14 15:08:08 Image size of job updated: 1027996
	1004  -  MemoryUsage of job (MB)
	1027792  -  ResidentSetSize of job (KB)
...
006 (6327653.000.000) 11/14 15:13:09 Image size of job updated: 1028008
	1004  -  MemoryUsage of job (MB)
	1027804  -  ResidentSetSize of job (KB)
...
006 (6327653.000.000) 11/14 15:18:09 Image size of job updated: 1028020
	1004  -  MemoryUsage of job (MB)
	1027816  -  ResidentSetSize of job (KB)
...
006 (6327653.000.000) 11/14 15:23:09 Image size of job updated: 1028036
	1004  -  MemoryUsage of job (MB)
	1027832  -  ResidentSetSize of job (KB)
...
006 (6327653.000.000) 11/14 15:28:10 Image size of job updated: 1028072
	1004  -  MemoryUsage of job (MB)
	1027868  -  ResidentSetSize of job (KB)
...
006 (6327653.000.000) 11/14 15:33:11 Image size of job updated: 1028076
	1004  -  MemoryUsage of job (MB)
	1027872  -  ResidentSetSize of job (KB)
...
006 (6327653.000.000) 11/14 15:38:11 Image size of job updated: 1028084
	1004  -  MemoryUsage of job (MB)
	1027880  -  ResidentSetSize of job (KB)
...
006 (6327653.000.000) 11/14 15:43:11 Image size of job updated: 1028096
	1004  -  MemoryUsage of job (MB)
	1027892  -  ResidentSetSize of job (KB)
...
006 (6327653.000.000) 11/14 15:48:12 Image size of job updated: 1028104
	1004  -  MemoryUsage of job (MB)
	1027900  -  ResidentSetSize of job (KB)
...
006 (6327653.000.000) 11/14 15:53:13 Image size of job updated: 1028116
	1004  -  MemoryUsage of job (MB)
	1027912  -  ResidentSetSize of job (KB)
...
006 (6327653.000.000) 11/14 15:58:13 Image size of job updated: 1028128
	1004  -  MemoryUsage of job (MB)
	1027924  -  ResidentSetSize of job (KB)
...
006 (6327653.000.000) 11/14 16:03:13 Image size of job updated: 1028132
	1004  -  MemoryUsage of job (MB)
	1027928  -  ResidentSetSize of job (KB)
...
006 (6327653.000.000) 11/14 16:08:14 Image size of job updated: 1028144
	1004  -  MemoryUsage of job (MB)
	1027940  -  ResidentSetSize of job (KB)
...
006 (6327653.000.000) 11/14 16:13:15 Image size of job updated: 1028160
	1004  -  MemoryUsage of job (MB)
	1027956  -  ResidentSetSize of job (KB)
...
006 (6327653.000.000) 11/14 16:18:15 Image size of job updated: 1028180
	1004  -  MemoryUsage of job (MB)
	1027976  -  ResidentSetSize of job (KB)
...
006 (6327653.000.000) 11/14 16:23:15 Image size of job updated: 1028184
	1004  -  MemoryUsage of job (MB)
	1027980  -  ResidentSetSize of job (KB)
...
006 (6327653.000.000) 11/14 16:28:16 Image size of job updated: 1028192
	1004  -  MemoryUsage of job (MB)
	1027988  -  ResidentSetSize of job (KB)
...
006 (6327653.000.000) 11/14 16:33:17 Image size of job updated: 1028204
	1004  -  MemoryUsage of job (MB)
	1028000  -  ResidentSetSize of job (KB)
...
006 (6327653.000.000) 11/14 16:38:17 Image size of job updated: 1028220
	1004  -  MemoryUsage of job (MB)
	1028016  -  ResidentSetSize of job (KB)
...
006 (6327653.000.000) 11/14 16:43:17 Image size of job updated: 1028236
	1004  -  MemoryUsage of job (MB)
	1028032  -  ResidentSetSize of job (KB)
...
006 (6327653.000.000) 11/14 16:48:18 Image size of job updated: 1028252
	1004  -  MemoryUsage of job (MB)
	1028048  -  ResidentSetSize of job (KB)
...
006 (6327653.000.000) 11/14 16:53:19 Image size of job updated: 1028268
	1004  -  MemoryUsage of job (MB)
	1028064  -  ResidentSetSize of job (KB)
...
006 (6327653.000.000) 11/14 17:03:19 Image size of job updated: 1028288
	1004  -  MemoryUsage of job (MB)
	1028084  -  ResidentSetSize of job (KB)
...
006 (6327653.000.000) 11/14 17:08:20 Image size of job updated: 1028292
	1004  -  MemoryUsage of job (MB)
	1028092  -  ResidentSetSize of job (KB)
...
006 (6327653.000.000) 11/14 17:13:21 Image size of job updated: 1028312
	1005  -  MemoryUsage of job (MB)
	1028112  -  ResidentSetSize of job (KB)
...
006 (6327653.000.000) 11/14 17:18:21 Image size of job updated: 1028704
	1005  -  MemoryUsage of job (MB)
	1028504  -  ResidentSetSize of job (KB)
...
006 (6327653.000.000) 11/14 17:23:21 Image size of job updated: 1028724
	1005  -  MemoryUsage of job (MB)
	1028524  -  ResidentSetSize of job (KB)
...
006 (6327653.000.000) 11/14 17:33:23 Image size of job updated: 1028740
	1005  -  MemoryUsage of job (MB)
	1028540  -  ResidentSetSize of job (KB)
...
006 (6327653.000.000) 11/14 17:38:23 Image size of job updated: 1028824
	1005  -  MemoryUsage of job (MB)
	1028624  -  ResidentSetSize of job (KB)
...
006 (6327653.000.000) 11/14 17:43:23 Image size of job updated: 1028832
	1005  -  MemoryUsage of job (MB)
	1028632  -  ResidentSetSize of job (KB)
...
006 (6327653.000.000) 11/14 17:48:24 Image size of job updated: 1028840
	1005  -  MemoryUsage of job (MB)
	1028640  -  ResidentSetSize of job (KB)
...
006 (6327653.000.000) 11/14 17:53:25 Image size of job updated: 1028912
	1005  -  MemoryUsage of job (MB)
	1028712  -  ResidentSetSize of job (KB)
...
006 (6327653.000.000) 11/14 17:58:25 Image size of job updated: 1028928
	1005  -  MemoryUsage of job (MB)
	1028728  -  ResidentSetSize of job (KB)
...
006 (6327653.000.000) 11/14 18:03:25 Image size of job updated: 1028932
	1005  -  MemoryUsage of job (MB)
	1028732  -  ResidentSetSize of job (KB)
...
006 (6327653.000.000) 11/14 18:08:26 Image size of job updated: 1028940
	1005  -  MemoryUsage of job (MB)
	1028740  -  ResidentSetSize of job (KB)
...
006 (6327653.000.000) 11/14 18:13:27 Image size of job updated: 1028952
	1005  -  MemoryUsage of job (MB)
	1028752  -  ResidentSetSize of job (KB)
...
006 (6327653.000.000) 11/14 18:18:28 Image size of job updated: 1028960
	1005  -  MemoryUsage of job (MB)
	1028760  -  ResidentSetSize of job (KB)
...
006 (6327653.000.000) 11/14 18:23:28 Image size of job updated: 1028968
	1005  -  MemoryUsage of job (MB)
	1028764  -  ResidentSetSize of job (KB)
...
006 (6327653.000.000) 11/14 18:28:28 Image size of job updated: 1028976
	1005  -  MemoryUsage of job (MB)
	1028772  -  ResidentSetSize of job (KB)
...
006 (6327653.000.000) 11/14 18:33:29 Image size of job updated: 1028980
	1005  -  MemoryUsage of job (MB)
	1028776  -  ResidentSetSize of job (KB)
...
006 (6327653.000.000) 11/14 18:38:30 Image size of job updated: 1028992
	1005  -  MemoryUsage of job (MB)
	1028788  -  ResidentSetSize of job (KB)
...
006 (6327653.000.000) 11/14 18:43:30 Image size of job updated: 1029000
	1005  -  MemoryUsage of job (MB)
	1028796  -  ResidentSetSize of job (KB)
...
006 (6327653.000.000) 11/14 18:48:30 Image size of job updated: 1029044
	1005  -  MemoryUsage of job (MB)
	1028840  -  ResidentSetSize of job (KB)
...
006 (6327653.000.000) 11/14 19:03:32 Image size of job updated: 1029304
	1005  -  MemoryUsage of job (MB)
	1029100  -  ResidentSetSize of job (KB)
...
006 (6327653.000.000) 11/14 20:33:41 Image size of job updated: 1029648
	1006  -  MemoryUsage of job (MB)
	1029444  -  ResidentSetSize of job (KB)
...
006 (6327653.000.000) 11/14 20:38:41 Image size of job updated: 1029668
	1006  -  MemoryUsage of job (MB)
	1029464  -  ResidentSetSize of job (KB)
...
006 (6327653.000.000) 11/14 20:43:28 Image size of job updated: 1048204
	1006  -  MemoryUsage of job (MB)
	1029464  -  ResidentSetSize of job (KB)
...
005 (6327653.000.000) 11/14 20:43:29 Job terminated.
	(1) Normal termination (return value 0)
		Usr 0 07:45:08, Sys 0 00:10:52  -  Run Remote Usage
		Usr 0 00:00:00, Sys 0 00:00:00  -  Run Local Usage
		Usr 0 07:45:08, Sys 0 00:10:52  -  Total Remote Usage
		Usr 0 00:00:00, Sys 0 00:00:00  -  Total Local Usage
	0  -  Run Bytes Sent By Job
	0  -  Run Bytes Received By Job
	0  -  Total Bytes Sent By Job
	0  -  Total Bytes Received By Job
	Partitionable Resources :    Usage  Request Allocated
	   Cpus                 :                 1         1
	   Disk (KB)            :       10       10  66832012
	   Memory (MB)          :     1006        1      2665
...
