000 (6327750.000.000) 11/14 12:57:17 Job submitted from host: <130.199.153.67:9618?addrs=130.199.153.67-9618&noUDP&sock=7357_7f42_4>
...
001 (6327750.000.000) 11/14 12:58:04 Job executing on host: <130.199.152.72:9618?addrs=130.199.152.72-9618&noUDP&sock=22523_583b_3>
...
006 (6327750.000.000) 11/14 12:58:12 Image size of job updated: 1057068
	1007  -  MemoryUsage of job (MB)
	1030512  -  ResidentSetSize of job (KB)
...
006 (6327750.000.000) 11/14 13:03:12 Image size of job updated: 1111428
	1060  -  MemoryUsage of job (MB)
	1084872  -  ResidentSetSize of job (KB)
...
006 (6327750.000.000) 11/14 13:08:13 Image size of job updated: 1112272
	1061  -  MemoryUsage of job (MB)
	1085716  -  ResidentSetSize of job (KB)
...
006 (6327750.000.000) 11/14 13:13:13 Image size of job updated: 1113832
	1062  -  MemoryUsage of job (MB)
	1087276  -  ResidentSetSize of job (KB)
...
006 (6327750.000.000) 11/14 13:18:13 Image size of job updated: 1113868
	1062  -  MemoryUsage of job (MB)
	1087312  -  ResidentSetSize of job (KB)
...
006 (6327750.000.000) 11/14 13:23:14 Image size of job updated: 1113904
	1062  -  MemoryUsage of job (MB)
	1087348  -  ResidentSetSize of job (KB)
...
006 (6327750.000.000) 11/14 13:28:15 Image size of job updated: 1113932
	1062  -  MemoryUsage of job (MB)
	1087376  -  ResidentSetSize of job (KB)
...
006 (6327750.000.000) 11/14 13:33:15 Image size of job updated: 1136156
	1084  -  MemoryUsage of job (MB)
	1109600  -  ResidentSetSize of job (KB)
...
