000 (6327876.000.000) 11/14 12:57:26 Job submitted from host: <130.199.153.67:9618?addrs=130.199.153.67-9618&noUDP&sock=7357_7f42_4>
...
001 (6327876.000.000) 11/14 12:58:24 Job executing on host: <130.199.153.58:9618?addrs=130.199.153.58-9618&noUDP&sock=7448_4c26_3>
...
006 (6327876.000.000) 11/14 12:58:33 Image size of job updated: 987344
	940  -  MemoryUsage of job (MB)
	962208  -  ResidentSetSize of job (KB)
...
006 (6327876.000.000) 11/14 13:03:34 Image size of job updated: 988724
	942  -  MemoryUsage of job (MB)
	963588  -  ResidentSetSize of job (KB)
...
006 (6327876.000.000) 11/14 13:08:35 Image size of job updated: 1036600
	988  -  MemoryUsage of job (MB)
	1011196  -  ResidentSetSize of job (KB)
...
006 (6327876.000.000) 11/14 13:13:35 Image size of job updated: 1037060
	988  -  MemoryUsage of job (MB)
	1011224  -  ResidentSetSize of job (KB)
...
006 (6327876.000.000) 11/14 13:23:37 Image size of job updated: 1037816
	989  -  MemoryUsage of job (MB)
	1011808  -  ResidentSetSize of job (KB)
...
005 (6327876.000.000) 11/14 13:26:51 Job terminated.
	(1) Normal termination (return value 0)
		Usr 0 00:28:28, Sys 0 00:01:07  -  Run Remote Usage
		Usr 0 00:00:00, Sys 0 00:00:00  -  Run Local Usage
		Usr 0 00:28:28, Sys 0 00:01:07  -  Total Remote Usage
		Usr 0 00:00:00, Sys 0 00:00:00  -  Total Local Usage
	0  -  Run Bytes Sent By Job
	0  -  Run Bytes Received By Job
	0  -  Total Bytes Sent By Job
	0  -  Total Bytes Received By Job
	Partitionable Resources :    Usage  Request Allocated
	   Cpus                 :                 1         1
	   Disk (KB)            :       10       10 189257963
	   Memory (MB)          :      989        1      2005
...
