000 (6327825.000.000) 11/14 12:57:22 Job submitted from host: <130.199.153.67:9618?addrs=130.199.153.67-9618&noUDP&sock=7357_7f42_4>
...
001 (6327825.000.000) 11/14 12:58:16 Job executing on host: <130.199.152.9:9618?addrs=130.199.152.9-9618&noUDP&sock=22280_702f_3>
...
006 (6327825.000.000) 11/14 12:58:25 Image size of job updated: 959708
	911  -  MemoryUsage of job (MB)
	932320  -  ResidentSetSize of job (KB)
...
006 (6327825.000.000) 11/14 13:03:26 Image size of job updated: 1046124
	995  -  MemoryUsage of job (MB)
	1018656  -  ResidentSetSize of job (KB)
...
006 (6327825.000.000) 11/14 13:08:27 Image size of job updated: 1046196
	996  -  MemoryUsage of job (MB)
	1019284  -  ResidentSetSize of job (KB)
...
006 (6327825.000.000) 11/14 13:13:27 Image size of job updated: 1046196
	996  -  MemoryUsage of job (MB)
	1019512  -  ResidentSetSize of job (KB)
...
006 (6327825.000.000) 11/14 13:18:27 Image size of job updated: 1052116
	1007  -  MemoryUsage of job (MB)
	1030268  -  ResidentSetSize of job (KB)
...
006 (6327825.000.000) 11/14 13:23:28 Image size of job updated: 1052116
	1007  -  MemoryUsage of job (MB)
	1030740  -  ResidentSetSize of job (KB)
...
006 (6327825.000.000) 11/14 13:28:29 Image size of job updated: 1052116
	1007  -  MemoryUsage of job (MB)
	1030744  -  ResidentSetSize of job (KB)
...
006 (6327825.000.000) 11/14 13:33:29 Image size of job updated: 1052116
	1008  -  MemoryUsage of job (MB)
	1031736  -  ResidentSetSize of job (KB)
...
