000 (6327856.000.000) 11/14 12:57:26 Job submitted from host: <130.199.153.67:9618?addrs=130.199.153.67-9618&noUDP&sock=7357_7f42_4>
...
001 (6327856.000.000) 11/14 12:58:21 Job executing on host: <130.199.201.44:9618?addrs=130.199.201.44-9618&noUDP&sock=22997_5c13_3>
...
006 (6327856.000.000) 11/14 12:58:30 Image size of job updated: 964112
	942  -  MemoryUsage of job (MB)
	963928  -  ResidentSetSize of job (KB)
...
006 (6327856.000.000) 11/14 13:03:31 Image size of job updated: 1019380
	996  -  MemoryUsage of job (MB)
	1019196  -  ResidentSetSize of job (KB)
...
006 (6327856.000.000) 11/14 13:08:32 Image size of job updated: 1019836
	996  -  MemoryUsage of job (MB)
	1019652  -  ResidentSetSize of job (KB)
...
006 (6327856.000.000) 11/14 13:13:32 Image size of job updated: 1019972
	996  -  MemoryUsage of job (MB)
	1019788  -  ResidentSetSize of job (KB)
...
006 (6327856.000.000) 11/14 13:18:32 Image size of job updated: 1020012
	996  -  MemoryUsage of job (MB)
	1019828  -  ResidentSetSize of job (KB)
...
005 (6327856.000.000) 11/14 13:22:44 Job terminated.
	(1) Normal termination (return value 0)
		Usr 0 00:24:11, Sys 0 00:00:19  -  Run Remote Usage
		Usr 0 00:00:00, Sys 0 00:00:00  -  Run Local Usage
		Usr 0 00:24:11, Sys 0 00:00:19  -  Total Remote Usage
		Usr 0 00:00:00, Sys 0 00:00:00  -  Total Local Usage
	0  -  Run Bytes Sent By Job
	0  -  Run Bytes Received By Job
	0  -  Total Bytes Sent By Job
	0  -  Total Bytes Received By Job
	Partitionable Resources :    Usage  Request Allocated
	   Cpus                 :                 1         1
	   Disk (KB)            :       10       10  47327689
	   Memory (MB)          :      996        1      2005
...
