000 (6327808.000.000) 11/14 12:57:22 Job submitted from host: <130.199.153.67:9618?addrs=130.199.153.67-9618&noUDP&sock=7357_7f42_4>
...
001 (6327808.000.000) 11/14 12:58:13 Job executing on host: <130.199.151.239:9618?addrs=130.199.151.239-9618&noUDP&sock=22488_4481_3>
...
006 (6327808.000.000) 11/14 12:58:22 Image size of job updated: 1001876
	953  -  MemoryUsage of job (MB)
	975320  -  ResidentSetSize of job (KB)
...
006 (6327808.000.000) 11/14 13:03:23 Image size of job updated: 1056620
	1006  -  MemoryUsage of job (MB)
	1030064  -  ResidentSetSize of job (KB)
...
006 (6327808.000.000) 11/14 13:08:24 Image size of job updated: 1057548
	1007  -  MemoryUsage of job (MB)
	1030992  -  ResidentSetSize of job (KB)
...
006 (6327808.000.000) 11/14 13:13:24 Image size of job updated: 1058332
	1008  -  MemoryUsage of job (MB)
	1031776  -  ResidentSetSize of job (KB)
...
006 (6327808.000.000) 11/14 13:18:24 Image size of job updated: 1059504
	1009  -  MemoryUsage of job (MB)
	1032948  -  ResidentSetSize of job (KB)
...
006 (6327808.000.000) 11/14 13:23:25 Image size of job updated: 1059652
	1009  -  MemoryUsage of job (MB)
	1033096  -  ResidentSetSize of job (KB)
...
006 (6327808.000.000) 11/14 13:28:26 Image size of job updated: 1059712
	1009  -  MemoryUsage of job (MB)
	1033156  -  ResidentSetSize of job (KB)
...
005 (6327808.000.000) 11/14 13:32:28 Job terminated.
	(1) Normal termination (return value 0)
		Usr 0 00:33:05, Sys 0 00:00:26  -  Run Remote Usage
		Usr 0 00:00:00, Sys 0 00:00:00  -  Run Local Usage
		Usr 0 00:33:05, Sys 0 00:00:26  -  Total Remote Usage
		Usr 0 00:00:00, Sys 0 00:00:00  -  Total Local Usage
	0  -  Run Bytes Sent By Job
	0  -  Run Bytes Received By Job
	0  -  Total Bytes Sent By Job
	0  -  Total Bytes Received By Job
	Partitionable Resources :    Usage  Request Allocated
	   Cpus                 :                 1         1
	   Disk (KB)            :       10       10  32976417
	   Memory (MB)          :     1009        1      2005
...
