000 (6327671.000.000) 11/14 12:57:17 Job submitted from host: <130.199.153.67:9618?addrs=130.199.153.67-9618&noUDP&sock=7357_7f42_4>
...
001 (6327671.000.000) 11/14 12:57:50 Job executing on host: <130.199.153.98:9618?addrs=130.199.153.98-9618&noUDP&sock=22086_0a27_3>
...
006 (6327671.000.000) 11/14 12:57:59 Image size of job updated: 1039192
	989  -  MemoryUsage of job (MB)
	1012636  -  ResidentSetSize of job (KB)
...
006 (6327671.000.000) 11/14 13:03:00 Image size of job updated: 1097756
	1047  -  MemoryUsage of job (MB)
	1071200  -  ResidentSetSize of job (KB)
...
006 (6327671.000.000) 11/14 13:08:00 Image size of job updated: 1098540
	1047  -  MemoryUsage of job (MB)
	1071984  -  ResidentSetSize of job (KB)
...
006 (6327671.000.000) 11/14 13:13:00 Image size of job updated: 1099708
	1048  -  MemoryUsage of job (MB)
	1073152  -  ResidentSetSize of job (KB)
...
006 (6327671.000.000) 11/14 13:18:01 Image size of job updated: 1099804
	1049  -  MemoryUsage of job (MB)
	1073248  -  ResidentSetSize of job (KB)
...
006 (6327671.000.000) 11/14 13:23:01 Image size of job updated: 1099872
	1049  -  MemoryUsage of job (MB)
	1073316  -  ResidentSetSize of job (KB)
...
006 (6327671.000.000) 11/14 13:28:01 Image size of job updated: 1114660
	1063  -  MemoryUsage of job (MB)
	1088104  -  ResidentSetSize of job (KB)
...
006 (6327671.000.000) 11/14 13:38:03 Image size of job updated: 1271708
	1216  -  MemoryUsage of job (MB)
	1245152  -  ResidentSetSize of job (KB)
...
006 (6327671.000.000) 11/14 13:48:03 Image size of job updated: 1272112
	1217  -  MemoryUsage of job (MB)
	1245556  -  ResidentSetSize of job (KB)
...
006 (6327671.000.000) 11/14 14:08:05 Image size of job updated: 1272116
	1217  -  MemoryUsage of job (MB)
	1245560  -  ResidentSetSize of job (KB)
...
006 (6327671.000.000) 11/14 14:13:06 Image size of job updated: 1272120
	1217  -  MemoryUsage of job (MB)
	1245564  -  ResidentSetSize of job (KB)
...
006 (6327671.000.000) 11/14 14:33:07 Image size of job updated: 1272496
	1217  -  MemoryUsage of job (MB)
	1245940  -  ResidentSetSize of job (KB)
...
006 (6327671.000.000) 11/14 14:38:07 Image size of job updated: 1272500
	1217  -  MemoryUsage of job (MB)
	1245944  -  ResidentSetSize of job (KB)
...
005 (6327671.000.000) 11/14 14:42:36 Job terminated.
	(1) Normal termination (return value 0)
		Usr 0 01:43:02, Sys 0 00:01:11  -  Run Remote Usage
		Usr 0 00:00:00, Sys 0 00:00:00  -  Run Local Usage
		Usr 0 01:43:02, Sys 0 00:01:11  -  Total Remote Usage
		Usr 0 00:00:00, Sys 0 00:00:00  -  Total Local Usage
	0  -  Run Bytes Sent By Job
	0  -  Run Bytes Received By Job
	0  -  Total Bytes Sent By Job
	0  -  Total Bytes Received By Job
	Partitionable Resources :    Usage  Request Allocated
	   Cpus                 :                 1         1
	   Disk (KB)            :       10       10  47328210
	   Memory (MB)          :     1217        1      2005
...
