000 (6327695.000.000) 11/14 12:57:17 Job submitted from host: <130.199.153.67:9618?addrs=130.199.153.67-9618&noUDP&sock=7357_7f42_4>
...
001 (6327695.000.000) 11/14 12:57:54 Job executing on host: <130.199.150.136:9618?addrs=130.199.150.136-9618&noUDP&sock=19381_f0fa_3>
...
006 (6327695.000.000) 11/14 12:58:03 Image size of job updated: 993448
	945  -  MemoryUsage of job (MB)
	967040  -  ResidentSetSize of job (KB)
...
006 (6327695.000.000) 11/14 13:03:04 Image size of job updated: 995716
	947  -  MemoryUsage of job (MB)
	969308  -  ResidentSetSize of job (KB)
...
006 (6327695.000.000) 11/14 13:08:05 Image size of job updated: 1049572
	1000  -  MemoryUsage of job (MB)
	1023164  -  ResidentSetSize of job (KB)
...
006 (6327695.000.000) 11/14 13:13:05 Image size of job updated: 1049620
	1000  -  MemoryUsage of job (MB)
	1023212  -  ResidentSetSize of job (KB)
...
006 (6327695.000.000) 11/14 13:18:06 Image size of job updated: 1049732
	1000  -  MemoryUsage of job (MB)
	1023324  -  ResidentSetSize of job (KB)
...
006 (6327695.000.000) 11/14 13:23:07 Image size of job updated: 1049776
	1000  -  MemoryUsage of job (MB)
	1023368  -  ResidentSetSize of job (KB)
...
006 (6327695.000.000) 11/14 13:28:07 Image size of job updated: 1049832
	1000  -  MemoryUsage of job (MB)
	1023424  -  ResidentSetSize of job (KB)
...
006 (6327695.000.000) 11/14 13:33:07 Image size of job updated: 1049896
	1000  -  MemoryUsage of job (MB)
	1023488  -  ResidentSetSize of job (KB)
...
