000 (6327852.000.000) 11/14 12:57:22 Job submitted from host: <130.199.153.67:9618?addrs=130.199.153.67-9618&noUDP&sock=7357_7f42_4>
...
001 (6327852.000.000) 11/14 12:58:21 Job executing on host: <130.199.201.62:9618?addrs=130.199.201.62-9618&noUDP&sock=23050_222d_3>
...
006 (6327852.000.000) 11/14 12:58:30 Image size of job updated: 989992
	941  -  MemoryUsage of job (MB)
	963432  -  ResidentSetSize of job (KB)
...
006 (6327852.000.000) 11/14 13:03:31 Image size of job updated: 1040492
	991  -  MemoryUsage of job (MB)
	1013932  -  ResidentSetSize of job (KB)
...
006 (6327852.000.000) 11/14 13:08:32 Image size of job updated: 1042220
	992  -  MemoryUsage of job (MB)
	1015660  -  ResidentSetSize of job (KB)
...
006 (6327852.000.000) 11/14 13:13:32 Image size of job updated: 1042280
	992  -  MemoryUsage of job (MB)
	1015720  -  ResidentSetSize of job (KB)
...
006 (6327852.000.000) 11/14 13:18:32 Image size of job updated: 1042320
	992  -  MemoryUsage of job (MB)
	1015760  -  ResidentSetSize of job (KB)
...
006 (6327852.000.000) 11/14 13:23:04 Image size of job updated: 1171796
	992  -  MemoryUsage of job (MB)
	1015760  -  ResidentSetSize of job (KB)
...
005 (6327852.000.000) 11/14 13:23:04 Job terminated.
	(1) Normal termination (return value 0)
		Usr 0 00:24:23, Sys 0 00:00:24  -  Run Remote Usage
		Usr 0 00:00:00, Sys 0 00:00:00  -  Run Local Usage
		Usr 0 00:24:23, Sys 0 00:00:24  -  Total Remote Usage
		Usr 0 00:00:00, Sys 0 00:00:00  -  Total Local Usage
	0  -  Run Bytes Sent By Job
	0  -  Run Bytes Received By Job
	0  -  Total Bytes Sent By Job
	0  -  Total Bytes Received By Job
	Partitionable Resources :    Usage  Request Allocated
	   Cpus                 :                 1         1
	   Disk (KB)            :       10       10  47327837
	   Memory (MB)          :      992        1      2005
...
