000 (6327756.000.000) 11/14 12:57:22 Job submitted from host: <130.199.153.67:9618?addrs=130.199.153.67-9618&noUDP&sock=7357_7f42_4>
...
001 (6327756.000.000) 11/14 12:58:05 Job executing on host: <130.199.151.246:9618?addrs=130.199.151.246-9618&noUDP&sock=22939_00df_3>
...
006 (6327756.000.000) 11/14 12:58:13 Image size of job updated: 755532
	712  -  MemoryUsage of job (MB)
	728852  -  ResidentSetSize of job (KB)
...
006 (6327756.000.000) 11/14 13:03:13 Image size of job updated: 1080844
	1030  -  MemoryUsage of job (MB)
	1054084  -  ResidentSetSize of job (KB)
...
006 (6327756.000.000) 11/14 13:08:14 Image size of job updated: 1081560
	1031  -  MemoryUsage of job (MB)
	1054800  -  ResidentSetSize of job (KB)
...
006 (6327756.000.000) 11/14 13:13:15 Image size of job updated: 1082724
	1032  -  MemoryUsage of job (MB)
	1055964  -  ResidentSetSize of job (KB)
...
006 (6327756.000.000) 11/14 13:18:15 Image size of job updated: 1082772
	1032  -  MemoryUsage of job (MB)
	1056012  -  ResidentSetSize of job (KB)
...
006 (6327756.000.000) 11/14 13:23:16 Image size of job updated: 1101756
	1050  -  MemoryUsage of job (MB)
	1074996  -  ResidentSetSize of job (KB)
...
006 (6327756.000.000) 11/14 13:28:17 Image size of job updated: 1105240
	1054  -  MemoryUsage of job (MB)
	1078480  -  ResidentSetSize of job (KB)
...
