000 (6327721.000.000) 11/14 12:57:17 Job submitted from host: <130.199.153.67:9618?addrs=130.199.153.67-9618&noUDP&sock=7357_7f42_4>
...
001 (6327721.000.000) 11/14 12:57:59 Job executing on host: <130.199.202.81:9618?addrs=130.199.202.81-9618&noUDP&sock=6069_dc82_3>
...
006 (6327721.000.000) 11/14 12:58:08 Image size of job updated: 1009788
	962  -  MemoryUsage of job (MB)
	984308  -  ResidentSetSize of job (KB)
...
006 (6327721.000.000) 11/14 13:03:09 Image size of job updated: 1075652
	1026  -  MemoryUsage of job (MB)
	1050172  -  ResidentSetSize of job (KB)
...
006 (6327721.000.000) 11/14 13:08:09 Image size of job updated: 1076536
	1027  -  MemoryUsage of job (MB)
	1051056  -  ResidentSetSize of job (KB)
...
006 (6327721.000.000) 11/14 13:13:10 Image size of job updated: 1078196
	1029  -  MemoryUsage of job (MB)
	1052716  -  ResidentSetSize of job (KB)
...
006 (6327721.000.000) 11/14 13:18:11 Image size of job updated: 1078256
	1029  -  MemoryUsage of job (MB)
	1052776  -  ResidentSetSize of job (KB)
...
006 (6327721.000.000) 11/14 13:23:11 Image size of job updated: 1078440
	1029  -  MemoryUsage of job (MB)
	1052960  -  ResidentSetSize of job (KB)
...
006 (6327721.000.000) 11/14 13:28:11 Image size of job updated: 1078440
	1029  -  MemoryUsage of job (MB)
	1053036  -  ResidentSetSize of job (KB)
...
006 (6327721.000.000) 11/14 13:33:12 Image size of job updated: 1078440
	1030  -  MemoryUsage of job (MB)
	1053948  -  ResidentSetSize of job (KB)
...
