000 (6327717.000.000) 11/14 12:57:17 Job submitted from host: <130.199.153.67:9618?addrs=130.199.153.67-9618&noUDP&sock=7357_7f42_4>
...
001 (6327717.000.000) 11/14 12:57:58 Job executing on host: <130.199.202.44:9618?addrs=130.199.202.44-9618&noUDP&sock=6457_a891_3>
...
006 (6327717.000.000) 11/14 12:58:06 Image size of job updated: 978244
	956  -  MemoryUsage of job (MB)
	978060  -  ResidentSetSize of job (KB)
...
006 (6327717.000.000) 11/14 13:03:07 Image size of job updated: 1039604
	1015  -  MemoryUsage of job (MB)
	1039284  -  ResidentSetSize of job (KB)
...
006 (6327717.000.000) 11/14 13:08:08 Image size of job updated: 1040468
	1016  -  MemoryUsage of job (MB)
	1040056  -  ResidentSetSize of job (KB)
...
006 (6327717.000.000) 11/14 13:13:08 Image size of job updated: 1041832
	1017  -  MemoryUsage of job (MB)
	1040920  -  ResidentSetSize of job (KB)
...
006 (6327717.000.000) 11/14 13:18:08 Image size of job updated: 1041952
	1017  -  MemoryUsage of job (MB)
	1041040  -  ResidentSetSize of job (KB)
...
006 (6327717.000.000) 11/14 13:23:09 Image size of job updated: 1042024
	1017  -  MemoryUsage of job (MB)
	1041112  -  ResidentSetSize of job (KB)
...
006 (6327717.000.000) 11/14 13:28:10 Image size of job updated: 1042604
	1018  -  MemoryUsage of job (MB)
	1041692  -  ResidentSetSize of job (KB)
...
006 (6327717.000.000) 11/14 13:33:10 Image size of job updated: 1042652
	1018  -  MemoryUsage of job (MB)
	1041740  -  ResidentSetSize of job (KB)
...
