000 (6327667.000.000) 11/14 12:57:17 Job submitted from host: <130.199.153.67:9618?addrs=130.199.153.67-9618&noUDP&sock=7357_7f42_4>
...
001 (6327667.000.000) 11/14 12:57:48 Job executing on host: <130.199.152.19:9618?addrs=130.199.152.19-9618&noUDP&sock=22617_182f_3>
...
006 (6327667.000.000) 11/14 12:57:57 Image size of job updated: 993604
	945  -  MemoryUsage of job (MB)
	967048  -  ResidentSetSize of job (KB)
...
006 (6327667.000.000) 11/14 13:02:58 Image size of job updated: 995964
	947  -  MemoryUsage of job (MB)
	969408  -  ResidentSetSize of job (KB)
...
006 (6327667.000.000) 11/14 13:07:59 Image size of job updated: 1045176
	995  -  MemoryUsage of job (MB)
	1018588  -  ResidentSetSize of job (KB)
...
006 (6327667.000.000) 11/14 13:12:59 Image size of job updated: 1049316
	999  -  MemoryUsage of job (MB)
	1022700  -  ResidentSetSize of job (KB)
...
006 (6327667.000.000) 11/14 13:18:00 Image size of job updated: 1049440
	999  -  MemoryUsage of job (MB)
	1022824  -  ResidentSetSize of job (KB)
...
006 (6327667.000.000) 11/14 13:23:01 Image size of job updated: 1049472
	999  -  MemoryUsage of job (MB)
	1022856  -  ResidentSetSize of job (KB)
...
006 (6327667.000.000) 11/14 13:28:01 Image size of job updated: 1049488
	999  -  MemoryUsage of job (MB)
	1022856  -  ResidentSetSize of job (KB)
...
006 (6327667.000.000) 11/14 13:33:01 Image size of job updated: 1049564
	999  -  MemoryUsage of job (MB)
	1022916  -  ResidentSetSize of job (KB)
...
