000 (6327663.000.000) 11/14 12:57:17 Job submitted from host: <130.199.153.67:9618?addrs=130.199.153.67-9618&noUDP&sock=7357_7f42_4>
...
001 (6327663.000.000) 11/14 12:57:47 Job executing on host: <130.199.150.211:9618?addrs=130.199.150.211-9618&noUDP&sock=22624_4f54_3>
...
006 (6327663.000.000) 11/14 12:57:56 Image size of job updated: 966612
	944  -  MemoryUsage of job (MB)
	966428  -  ResidentSetSize of job (KB)
...
006 (6327663.000.000) 11/14 13:02:57 Image size of job updated: 969368
	947  -  MemoryUsage of job (MB)
	969184  -  ResidentSetSize of job (KB)
...
006 (6327663.000.000) 11/14 13:07:57 Image size of job updated: 1020032
	996  -  MemoryUsage of job (MB)
	1019848  -  ResidentSetSize of job (KB)
...
006 (6327663.000.000) 11/14 13:12:57 Image size of job updated: 1020052
	996  -  MemoryUsage of job (MB)
	1019868  -  ResidentSetSize of job (KB)
...
006 (6327663.000.000) 11/14 13:17:59 Image size of job updated: 1024280
	1001  -  MemoryUsage of job (MB)
	1024096  -  ResidentSetSize of job (KB)
...
006 (6327663.000.000) 11/14 13:22:59 Image size of job updated: 1024376
	1001  -  MemoryUsage of job (MB)
	1024192  -  ResidentSetSize of job (KB)
...
006 (6327663.000.000) 11/14 13:27:59 Image size of job updated: 1024396
	1001  -  MemoryUsage of job (MB)
	1024212  -  ResidentSetSize of job (KB)
...
006 (6327663.000.000) 11/14 13:33:00 Image size of job updated: 1024940
	1001  -  MemoryUsage of job (MB)
	1024212  -  ResidentSetSize of job (KB)
...
006 (6327663.000.000) 11/14 13:38:01 Image size of job updated: 1024960
	1001  -  MemoryUsage of job (MB)
	1024212  -  ResidentSetSize of job (KB)
...
006 (6327663.000.000) 11/14 13:43:01 Image size of job updated: 1025068
	1001  -  MemoryUsage of job (MB)
	1024212  -  ResidentSetSize of job (KB)
...
006 (6327663.000.000) 11/14 13:48:02 Image size of job updated: 1025488
	1001  -  MemoryUsage of job (MB)
	1024212  -  ResidentSetSize of job (KB)
...
006 (6327663.000.000) 11/14 13:53:03 Image size of job updated: 1025496
	1001  -  MemoryUsage of job (MB)
	1024212  -  ResidentSetSize of job (KB)
...
006 (6327663.000.000) 11/14 13:58:03 Image size of job updated: 1025512
	1001  -  MemoryUsage of job (MB)
	1024212  -  ResidentSetSize of job (KB)
...
006 (6327663.000.000) 11/14 14:03:03 Image size of job updated: 1025528
	1001  -  MemoryUsage of job (MB)
	1024212  -  ResidentSetSize of job (KB)
...
006 (6327663.000.000) 11/14 14:08:04 Image size of job updated: 1027880
	1001  -  MemoryUsage of job (MB)
	1024212  -  ResidentSetSize of job (KB)
...
006 (6327663.000.000) 11/14 14:13:04 Image size of job updated: 1027908
	1001  -  MemoryUsage of job (MB)
	1024212  -  ResidentSetSize of job (KB)
...
006 (6327663.000.000) 11/14 14:18:04 Image size of job updated: 1027920
	1001  -  MemoryUsage of job (MB)
	1024212  -  ResidentSetSize of job (KB)
...
006 (6327663.000.000) 11/14 14:23:05 Image size of job updated: 1027928
	1001  -  MemoryUsage of job (MB)
	1024212  -  ResidentSetSize of job (KB)
...
006 (6327663.000.000) 11/14 14:28:06 Image size of job updated: 1027936
	1001  -  MemoryUsage of job (MB)
	1024212  -  ResidentSetSize of job (KB)
...
006 (6327663.000.000) 11/14 14:33:06 Image size of job updated: 1027960
	1001  -  MemoryUsage of job (MB)
	1024212  -  ResidentSetSize of job (KB)
...
006 (6327663.000.000) 11/14 14:38:07 Image size of job updated: 1027984
	1001  -  MemoryUsage of job (MB)
	1024212  -  ResidentSetSize of job (KB)
...
006 (6327663.000.000) 11/14 14:43:08 Image size of job updated: 1028012
	1001  -  MemoryUsage of job (MB)
	1024212  -  ResidentSetSize of job (KB)
...
006 (6327663.000.000) 11/14 14:48:08 Image size of job updated: 1028028
	1001  -  MemoryUsage of job (MB)
	1024212  -  ResidentSetSize of job (KB)
...
006 (6327663.000.000) 11/14 14:53:08 Image size of job updated: 1028064
	1001  -  MemoryUsage of job (MB)
	1024212  -  ResidentSetSize of job (KB)
...
006 (6327663.000.000) 11/14 14:58:09 Image size of job updated: 1028508
	1001  -  MemoryUsage of job (MB)
	1024212  -  ResidentSetSize of job (KB)
...
006 (6327663.000.000) 11/14 15:03:09 Image size of job updated: 1028520
	1001  -  MemoryUsage of job (MB)
	1024212  -  ResidentSetSize of job (KB)
...
006 (6327663.000.000) 11/14 15:08:09 Image size of job updated: 1028536
	1001  -  MemoryUsage of job (MB)
	1024212  -  ResidentSetSize of job (KB)
...
006 (6327663.000.000) 11/14 15:13:10 Image size of job updated: 1028548
	1001  -  MemoryUsage of job (MB)
	1024212  -  ResidentSetSize of job (KB)
...
006 (6327663.000.000) 11/14 15:18:11 Image size of job updated: 1028568
	1001  -  MemoryUsage of job (MB)
	1024212  -  ResidentSetSize of job (KB)
...
006 (6327663.000.000) 11/14 15:23:11 Image size of job updated: 1028576
	1001  -  MemoryUsage of job (MB)
	1024212  -  ResidentSetSize of job (KB)
...
006 (6327663.000.000) 11/14 15:28:12 Image size of job updated: 1028592
	1001  -  MemoryUsage of job (MB)
	1024212  -  ResidentSetSize of job (KB)
...
006 (6327663.000.000) 11/14 15:33:13 Image size of job updated: 1028616
	1001  -  MemoryUsage of job (MB)
	1024212  -  ResidentSetSize of job (KB)
...
006 (6327663.000.000) 11/14 15:38:13 Image size of job updated: 1028636
	1001  -  MemoryUsage of job (MB)
	1024212  -  ResidentSetSize of job (KB)
...
006 (6327663.000.000) 11/14 15:43:14 Image size of job updated: 1028644
	1001  -  MemoryUsage of job (MB)
	1024212  -  ResidentSetSize of job (KB)
...
006 (6327663.000.000) 11/14 15:48:14 Image size of job updated: 1028668
	1001  -  MemoryUsage of job (MB)
	1024212  -  ResidentSetSize of job (KB)
...
006 (6327663.000.000) 11/14 15:53:14 Image size of job updated: 1028684
	1001  -  MemoryUsage of job (MB)
	1024212  -  ResidentSetSize of job (KB)
...
006 (6327663.000.000) 11/14 15:58:15 Image size of job updated: 1028704
	1001  -  MemoryUsage of job (MB)
	1024212  -  ResidentSetSize of job (KB)
...
006 (6327663.000.000) 11/14 16:03:16 Image size of job updated: 1028728
	1001  -  MemoryUsage of job (MB)
	1024212  -  ResidentSetSize of job (KB)
...
006 (6327663.000.000) 11/14 16:08:16 Image size of job updated: 1028992
	1001  -  MemoryUsage of job (MB)
	1024212  -  ResidentSetSize of job (KB)
...
006 (6327663.000.000) 11/14 16:58:21 Image size of job updated: 1029336
	1001  -  MemoryUsage of job (MB)
	1024212  -  ResidentSetSize of job (KB)
...
006 (6327663.000.000) 11/14 17:03:21 Image size of job updated: 1029360
	1001  -  MemoryUsage of job (MB)
	1024212  -  ResidentSetSize of job (KB)
...
006 (6327663.000.000) 11/14 17:08:22 Image size of job updated: 1029392
	1001  -  MemoryUsage of job (MB)
	1024212  -  ResidentSetSize of job (KB)
...
006 (6327663.000.000) 11/14 17:13:22 Image size of job updated: 1029992
	1001  -  MemoryUsage of job (MB)
	1024212  -  ResidentSetSize of job (KB)
...
006 (6327663.000.000) 11/14 17:28:24 Image size of job updated: 1029996
	1001  -  MemoryUsage of job (MB)
	1024212  -  ResidentSetSize of job (KB)
...
006 (6327663.000.000) 11/14 17:38:25 Image size of job updated: 1030000
	1001  -  MemoryUsage of job (MB)
	1024212  -  ResidentSetSize of job (KB)
...
006 (6327663.000.000) 11/14 17:43:26 Image size of job updated: 1030004
	1001  -  MemoryUsage of job (MB)
	1024212  -  ResidentSetSize of job (KB)
...
006 (6327663.000.000) 11/14 17:58:28 Image size of job updated: 1030008
	1001  -  MemoryUsage of job (MB)
	1024212  -  ResidentSetSize of job (KB)
...
006 (6327663.000.000) 11/14 18:03:28 Image size of job updated: 1030012
	1001  -  MemoryUsage of job (MB)
	1024212  -  ResidentSetSize of job (KB)
...
006 (6327663.000.000) 11/14 18:08:28 Image size of job updated: 1030028
	1001  -  MemoryUsage of job (MB)
	1024212  -  ResidentSetSize of job (KB)
...
006 (6327663.000.000) 11/14 18:13:30 Image size of job updated: 1030032
	1001  -  MemoryUsage of job (MB)
	1024212  -  ResidentSetSize of job (KB)
...
006 (6327663.000.000) 11/14 18:18:30 Image size of job updated: 1030036
	1001  -  MemoryUsage of job (MB)
	1024212  -  ResidentSetSize of job (KB)
...
006 (6327663.000.000) 11/14 18:23:30 Image size of job updated: 1030044
	1001  -  MemoryUsage of job (MB)
	1024212  -  ResidentSetSize of job (KB)
...
006 (6327663.000.000) 11/14 18:28:31 Image size of job updated: 1030096
	1001  -  MemoryUsage of job (MB)
	1024212  -  ResidentSetSize of job (KB)
...
006 (6327663.000.000) 11/14 18:38:32 Image size of job updated: 1030104
	1001  -  MemoryUsage of job (MB)
	1024212  -  ResidentSetSize of job (KB)
...
006 (6327663.000.000) 11/14 18:43:32 Image size of job updated: 1036972
	1001  -  MemoryUsage of job (MB)
	1024212  -  ResidentSetSize of job (KB)
...
006 (6327663.000.000) 11/14 18:53:33 Image size of job updated: 1071384
	1001  -  MemoryUsage of job (MB)
	1024212  -  ResidentSetSize of job (KB)
...
006 (6327663.000.000) 11/14 18:58:33 Image size of job updated: 1071432
	1001  -  MemoryUsage of job (MB)
	1024212  -  ResidentSetSize of job (KB)
...
006 (6327663.000.000) 11/14 19:48:39 Image size of job updated: 1071684
	1001  -  MemoryUsage of job (MB)
	1024212  -  ResidentSetSize of job (KB)
...
006 (6327663.000.000) 11/14 20:33:44 Image size of job updated: 1071696
	1001  -  MemoryUsage of job (MB)
	1024212  -  ResidentSetSize of job (KB)
...
006 (6327663.000.000) 11/14 22:03:53 Image size of job updated: 1072144
	1001  -  MemoryUsage of job (MB)
	1024212  -  ResidentSetSize of job (KB)
...
006 (6327663.000.000) 11/14 22:33:57 Image size of job updated: 1072148
	1001  -  MemoryUsage of job (MB)
	1024212  -  ResidentSetSize of job (KB)
...
006 (6327663.000.000) 11/14 23:54:05 Image size of job updated: 1072156
	1001  -  MemoryUsage of job (MB)
	1024212  -  ResidentSetSize of job (KB)
...
006 (6327663.000.000) 11/15 00:39:10 Image size of job updated: 1072160
	1001  -  MemoryUsage of job (MB)
	1024212  -  ResidentSetSize of job (KB)
...
006 (6327663.000.000) 11/15 02:03:23 Image size of job updated: 1072464
	1001  -  MemoryUsage of job (MB)
	1024212  -  ResidentSetSize of job (KB)
...
005 (6327663.000.000) 11/15 02:03:23 Job terminated.
	(1) Normal termination (return value 0)
		Usr 0 13:03:15, Sys 0 00:11:42  -  Run Remote Usage
		Usr 0 00:00:00, Sys 0 00:00:00  -  Run Local Usage
		Usr 0 13:03:15, Sys 0 00:11:42  -  Total Remote Usage
		Usr 0 00:00:00, Sys 0 00:00:00  -  Total Local Usage
	0  -  Run Bytes Sent By Job
	0  -  Run Bytes Received By Job
	0  -  Total Bytes Sent By Job
	0  -  Total Bytes Received By Job
	Partitionable Resources :    Usage  Request Allocated
	   Cpus                 :                 1         1
	   Disk (KB)            :       10       10  59426165
	   Memory (MB)          :     1001        1      2007
...
