000 (6327731.000.000) 11/14 12:57:17 Job submitted from host: <130.199.153.67:9618?addrs=130.199.153.67-9618&noUDP&sock=7357_7f42_4>
...
001 (6327731.000.000) 11/14 12:58:01 Job executing on host: <130.199.150.188:9618?addrs=130.199.150.188-9618&noUDP&sock=21989_5724_3>
...
006 (6327731.000.000) 11/14 12:58:10 Image size of job updated: 971896
	949  -  MemoryUsage of job (MB)
	971712  -  ResidentSetSize of job (KB)
...
006 (6327731.000.000) 11/14 13:03:11 Image size of job updated: 1029748
	1006  -  MemoryUsage of job (MB)
	1029564  -  ResidentSetSize of job (KB)
...
006 (6327731.000.000) 11/14 13:08:12 Image size of job updated: 1030056
	1006  -  MemoryUsage of job (MB)
	1029872  -  ResidentSetSize of job (KB)
...
006 (6327731.000.000) 11/14 13:13:12 Image size of job updated: 1030608
	1007  -  MemoryUsage of job (MB)
	1030424  -  ResidentSetSize of job (KB)
...
006 (6327731.000.000) 11/14 13:18:13 Image size of job updated: 1030804
	1007  -  MemoryUsage of job (MB)
	1030620  -  ResidentSetSize of job (KB)
...
006 (6327731.000.000) 11/14 13:23:14 Image size of job updated: 1031532
	1008  -  MemoryUsage of job (MB)
	1031348  -  ResidentSetSize of job (KB)
...
006 (6327731.000.000) 11/14 13:28:14 Image size of job updated: 1032164
	1008  -  MemoryUsage of job (MB)
	1031980  -  ResidentSetSize of job (KB)
...
006 (6327731.000.000) 11/14 13:33:14 Image size of job updated: 1032192
	1008  -  MemoryUsage of job (MB)
	1032008  -  ResidentSetSize of job (KB)
...
006 (6327731.000.000) 11/14 13:38:15 Image size of job updated: 1032212
	1008  -  MemoryUsage of job (MB)
	1032028  -  ResidentSetSize of job (KB)
...
006 (6327731.000.000) 11/14 13:43:16 Image size of job updated: 1032232
	1008  -  MemoryUsage of job (MB)
	1032048  -  ResidentSetSize of job (KB)
...
006 (6327731.000.000) 11/14 13:48:16 Image size of job updated: 1032252
	1008  -  MemoryUsage of job (MB)
	1032068  -  ResidentSetSize of job (KB)
...
006 (6327731.000.000) 11/14 13:53:17 Image size of job updated: 1032304
	1008  -  MemoryUsage of job (MB)
	1032120  -  ResidentSetSize of job (KB)
...
006 (6327731.000.000) 11/14 13:58:18 Image size of job updated: 1032508
	1009  -  MemoryUsage of job (MB)
	1032324  -  ResidentSetSize of job (KB)
...
006 (6327731.000.000) 11/14 14:03:18 Image size of job updated: 1032520
	1009  -  MemoryUsage of job (MB)
	1032336  -  ResidentSetSize of job (KB)
...
006 (6327731.000.000) 11/14 14:08:19 Image size of job updated: 1032540
	1009  -  MemoryUsage of job (MB)
	1032356  -  ResidentSetSize of job (KB)
...
006 (6327731.000.000) 11/14 14:13:20 Image size of job updated: 1032560
	1009  -  MemoryUsage of job (MB)
	1032376  -  ResidentSetSize of job (KB)
...
006 (6327731.000.000) 11/14 14:18:20 Image size of job updated: 1032592
	1009  -  MemoryUsage of job (MB)
	1032408  -  ResidentSetSize of job (KB)
...
006 (6327731.000.000) 11/14 14:23:20 Image size of job updated: 1033032
	1009  -  MemoryUsage of job (MB)
	1032848  -  ResidentSetSize of job (KB)
...
006 (6327731.000.000) 11/14 14:28:21 Image size of job updated: 1033172
	1009  -  MemoryUsage of job (MB)
	1032988  -  ResidentSetSize of job (KB)
...
006 (6327731.000.000) 11/14 14:33:21 Image size of job updated: 1033192
	1009  -  MemoryUsage of job (MB)
	1033008  -  ResidentSetSize of job (KB)
...
006 (6327731.000.000) 11/14 14:38:21 Image size of job updated: 1033228
	1009  -  MemoryUsage of job (MB)
	1033044  -  ResidentSetSize of job (KB)
...
006 (6327731.000.000) 11/14 14:43:22 Image size of job updated: 1033252
	1009  -  MemoryUsage of job (MB)
	1033068  -  ResidentSetSize of job (KB)
...
006 (6327731.000.000) 11/14 14:48:23 Image size of job updated: 1033276
	1009  -  MemoryUsage of job (MB)
	1033092  -  ResidentSetSize of job (KB)
...
006 (6327731.000.000) 11/14 14:53:23 Image size of job updated: 1033300
	1009  -  MemoryUsage of job (MB)
	1033116  -  ResidentSetSize of job (KB)
...
006 (6327731.000.000) 11/14 14:58:23 Image size of job updated: 1033324
	1009  -  MemoryUsage of job (MB)
	1033140  -  ResidentSetSize of job (KB)
...
005 (6327731.000.000) 11/14 15:00:56 Job terminated.
	(1) Normal termination (return value 0)
		Usr 0 02:01:10, Sys 0 00:02:07  -  Run Remote Usage
		Usr 0 00:00:00, Sys 0 00:00:00  -  Run Local Usage
		Usr 0 02:01:10, Sys 0 00:02:07  -  Total Remote Usage
		Usr 0 00:00:00, Sys 0 00:00:00  -  Total Local Usage
	0  -  Run Bytes Sent By Job
	0  -  Run Bytes Received By Job
	0  -  Total Bytes Sent By Job
	0  -  Total Bytes Received By Job
	Partitionable Resources :    Usage  Request Allocated
	   Cpus                 :                 1         1
	   Disk (KB)            :       10       10  41489110
	   Memory (MB)          :     1009        1      2007
...
