000 (6327659.000.000) 11/14 12:57:17 Job submitted from host: <130.199.153.67:9618?addrs=130.199.153.67-9618&noUDP&sock=7357_7f42_4>
...
001 (6327659.000.000) 11/14 12:57:49 Job executing on host: <130.199.202.7:9618?addrs=130.199.202.7-9618&noUDP&sock=35914_6d56_3>
...
006 (6327659.000.000) 11/14 12:57:57 Image size of job updated: 786976
	743  -  MemoryUsage of job (MB)
	760552  -  ResidentSetSize of job (KB)
...
006 (6327659.000.000) 11/14 13:02:57 Image size of job updated: 996452
	948  -  MemoryUsage of job (MB)
	969948  -  ResidentSetSize of job (KB)
...
006 (6327659.000.000) 11/14 13:07:57 Image size of job updated: 1049604
	1000  -  MemoryUsage of job (MB)
	1023100  -  ResidentSetSize of job (KB)
...
006 (6327659.000.000) 11/14 13:12:58 Image size of job updated: 1049696
	1000  -  MemoryUsage of job (MB)
	1023192  -  ResidentSetSize of job (KB)
...
006 (6327659.000.000) 11/14 13:17:59 Image size of job updated: 1053820
	1004  -  MemoryUsage of job (MB)
	1027316  -  ResidentSetSize of job (KB)
...
006 (6327659.000.000) 11/14 13:22:59 Image size of job updated: 1053980
	1004  -  MemoryUsage of job (MB)
	1027476  -  ResidentSetSize of job (KB)
...
006 (6327659.000.000) 11/14 13:28:00 Image size of job updated: 1054028
	1004  -  MemoryUsage of job (MB)
	1027524  -  ResidentSetSize of job (KB)
...
006 (6327659.000.000) 11/14 13:33:01 Image size of job updated: 1054144
	1004  -  MemoryUsage of job (MB)
	1027640  -  ResidentSetSize of job (KB)
...
006 (6327659.000.000) 11/14 13:38:01 Image size of job updated: 1054184
	1004  -  MemoryUsage of job (MB)
	1027680  -  ResidentSetSize of job (KB)
...
006 (6327659.000.000) 11/14 13:43:02 Image size of job updated: 1054220
	1004  -  MemoryUsage of job (MB)
	1027716  -  ResidentSetSize of job (KB)
...
006 (6327659.000.000) 11/14 13:48:03 Image size of job updated: 1054268
	1004  -  MemoryUsage of job (MB)
	1027716  -  ResidentSetSize of job (KB)
...
006 (6327659.000.000) 11/14 13:53:03 Image size of job updated: 1054316
	1004  -  MemoryUsage of job (MB)
	1027716  -  ResidentSetSize of job (KB)
...
006 (6327659.000.000) 11/14 13:58:03 Image size of job updated: 1054404
	1004  -  MemoryUsage of job (MB)
	1027716  -  ResidentSetSize of job (KB)
...
006 (6327659.000.000) 11/14 14:03:04 Image size of job updated: 1054840
	1004  -  MemoryUsage of job (MB)
	1027716  -  ResidentSetSize of job (KB)
...
006 (6327659.000.000) 11/14 14:08:05 Image size of job updated: 1054928
	1004  -  MemoryUsage of job (MB)
	1027716  -  ResidentSetSize of job (KB)
...
006 (6327659.000.000) 11/14 14:13:05 Image size of job updated: 1054980
	1004  -  MemoryUsage of job (MB)
	1027716  -  ResidentSetSize of job (KB)
...
006 (6327659.000.000) 11/14 14:18:05 Image size of job updated: 1055040
	1004  -  MemoryUsage of job (MB)
	1027716  -  ResidentSetSize of job (KB)
...
006 (6327659.000.000) 11/14 14:23:06 Image size of job updated: 1055076
	1004  -  MemoryUsage of job (MB)
	1027716  -  ResidentSetSize of job (KB)
...
006 (6327659.000.000) 11/14 14:28:06 Image size of job updated: 1055128
	1004  -  MemoryUsage of job (MB)
	1027716  -  ResidentSetSize of job (KB)
...
006 (6327659.000.000) 11/14 14:33:06 Image size of job updated: 1055160
	1004  -  MemoryUsage of job (MB)
	1027716  -  ResidentSetSize of job (KB)
...
006 (6327659.000.000) 11/14 14:38:07 Image size of job updated: 1055204
	1004  -  MemoryUsage of job (MB)
	1027716  -  ResidentSetSize of job (KB)
...
006 (6327659.000.000) 11/14 14:43:08 Image size of job updated: 1055244
	1004  -  MemoryUsage of job (MB)
	1027716  -  ResidentSetSize of job (KB)
...
006 (6327659.000.000) 11/14 14:48:08 Image size of job updated: 1055292
	1004  -  MemoryUsage of job (MB)
	1027716  -  ResidentSetSize of job (KB)
...
006 (6327659.000.000) 11/14 14:53:09 Image size of job updated: 1055908
	1004  -  MemoryUsage of job (MB)
	1027716  -  ResidentSetSize of job (KB)
...
006 (6327659.000.000) 11/14 14:58:10 Image size of job updated: 1055916
	1004  -  MemoryUsage of job (MB)
	1027716  -  ResidentSetSize of job (KB)
...
006 (6327659.000.000) 11/14 15:03:10 Image size of job updated: 1055932
	1004  -  MemoryUsage of job (MB)
	1027716  -  ResidentSetSize of job (KB)
...
006 (6327659.000.000) 11/14 15:08:10 Image size of job updated: 1055944
	1004  -  MemoryUsage of job (MB)
	1027716  -  ResidentSetSize of job (KB)
...
006 (6327659.000.000) 11/14 15:13:11 Image size of job updated: 1055956
	1004  -  MemoryUsage of job (MB)
	1027716  -  ResidentSetSize of job (KB)
...
006 (6327659.000.000) 11/14 15:18:11 Image size of job updated: 1055960
	1004  -  MemoryUsage of job (MB)
	1027716  -  ResidentSetSize of job (KB)
...
006 (6327659.000.000) 11/14 15:23:11 Image size of job updated: 1055972
	1004  -  MemoryUsage of job (MB)
	1027716  -  ResidentSetSize of job (KB)
...
006 (6327659.000.000) 11/14 15:28:12 Image size of job updated: 1055984
	1004  -  MemoryUsage of job (MB)
	1027716  -  ResidentSetSize of job (KB)
...
006 (6327659.000.000) 11/14 15:33:13 Image size of job updated: 1055996
	1004  -  MemoryUsage of job (MB)
	1027716  -  ResidentSetSize of job (KB)
...
006 (6327659.000.000) 11/14 15:38:13 Image size of job updated: 1056008
	1004  -  MemoryUsage of job (MB)
	1027716  -  ResidentSetSize of job (KB)
...
006 (6327659.000.000) 11/14 15:43:14 Image size of job updated: 1056024
	1004  -  MemoryUsage of job (MB)
	1027716  -  ResidentSetSize of job (KB)
...
006 (6327659.000.000) 11/14 15:48:15 Image size of job updated: 1056028
	1004  -  MemoryUsage of job (MB)
	1027716  -  ResidentSetSize of job (KB)
...
006 (6327659.000.000) 11/14 15:53:15 Image size of job updated: 1056036
	1004  -  MemoryUsage of job (MB)
	1027716  -  ResidentSetSize of job (KB)
...
006 (6327659.000.000) 11/14 15:58:15 Image size of job updated: 1056044
	1004  -  MemoryUsage of job (MB)
	1027716  -  ResidentSetSize of job (KB)
...
006 (6327659.000.000) 11/14 16:03:16 Image size of job updated: 1056048
	1004  -  MemoryUsage of job (MB)
	1027716  -  ResidentSetSize of job (KB)
...
006 (6327659.000.000) 11/14 16:08:16 Image size of job updated: 1056052
	1004  -  MemoryUsage of job (MB)
	1027716  -  ResidentSetSize of job (KB)
...
006 (6327659.000.000) 11/14 16:13:16 Image size of job updated: 1056064
	1004  -  MemoryUsage of job (MB)
	1027716  -  ResidentSetSize of job (KB)
...
006 (6327659.000.000) 11/14 16:18:18 Image size of job updated: 1056080
	1004  -  MemoryUsage of job (MB)
	1027716  -  ResidentSetSize of job (KB)
...
006 (6327659.000.000) 11/14 16:23:18 Image size of job updated: 1056096
	1004  -  MemoryUsage of job (MB)
	1027716  -  ResidentSetSize of job (KB)
...
006 (6327659.000.000) 11/14 16:28:18 Image size of job updated: 1056124
	1004  -  MemoryUsage of job (MB)
	1027716  -  ResidentSetSize of job (KB)
...
006 (6327659.000.000) 11/14 16:33:19 Image size of job updated: 1056140
	1004  -  MemoryUsage of job (MB)
	1027716  -  ResidentSetSize of job (KB)
...
006 (6327659.000.000) 11/14 16:38:20 Image size of job updated: 1056144
	1004  -  MemoryUsage of job (MB)
	1027716  -  ResidentSetSize of job (KB)
...
006 (6327659.000.000) 11/14 16:43:20 Image size of job updated: 1063260
	1007  -  MemoryUsage of job (MB)
	1030732  -  ResidentSetSize of job (KB)
...
006 (6327659.000.000) 11/14 16:48:21 Image size of job updated: 1063260
	1007  -  MemoryUsage of job (MB)
	1030736  -  ResidentSetSize of job (KB)
...
006 (6327659.000.000) 11/14 16:53:22 Image size of job updated: 1107876
	1051  -  MemoryUsage of job (MB)
	1075352  -  ResidentSetSize of job (KB)
...
006 (6327659.000.000) 11/14 16:58:22 Image size of job updated: 1107876
	1051  -  MemoryUsage of job (MB)
	1075356  -  ResidentSetSize of job (KB)
...
006 (6327659.000.000) 11/14 17:13:23 Image size of job updated: 1107876
	1051  -  MemoryUsage of job (MB)
	1075360  -  ResidentSetSize of job (KB)
...
006 (6327659.000.000) 11/14 17:28:25 Image size of job updated: 1107880
	1051  -  MemoryUsage of job (MB)
	1075364  -  ResidentSetSize of job (KB)
...
006 (6327659.000.000) 11/14 17:38:25 Image size of job updated: 1107880
	1051  -  MemoryUsage of job (MB)
	1075368  -  ResidentSetSize of job (KB)
...
006 (6327659.000.000) 11/14 17:48:26 Image size of job updated: 1107884
	1051  -  MemoryUsage of job (MB)
	1075372  -  ResidentSetSize of job (KB)
...
006 (6327659.000.000) 11/14 17:58:27 Image size of job updated: 1107884
	1051  -  MemoryUsage of job (MB)
	1075376  -  ResidentSetSize of job (KB)
...
006 (6327659.000.000) 11/14 18:08:28 Image size of job updated: 1107948
	1051  -  MemoryUsage of job (MB)
	1075424  -  ResidentSetSize of job (KB)
...
006 (6327659.000.000) 11/14 18:18:30 Image size of job updated: 1107952
	1051  -  MemoryUsage of job (MB)
	1075432  -  ResidentSetSize of job (KB)
...
006 (6327659.000.000) 11/14 18:23:30 Image size of job updated: 1107956
	1051  -  MemoryUsage of job (MB)
	1075432  -  ResidentSetSize of job (KB)
...
006 (6327659.000.000) 11/14 18:48:32 Image size of job updated: 1108272
	1051  -  MemoryUsage of job (MB)
	1075760  -  ResidentSetSize of job (KB)
...
006 (6327659.000.000) 11/14 18:53:33 Image size of job updated: 1108324
	1051  -  MemoryUsage of job (MB)
	1075820  -  ResidentSetSize of job (KB)
...
006 (6327659.000.000) 11/14 19:13:35 Image size of job updated: 1108324
	1051  -  MemoryUsage of job (MB)
	1075824  -  ResidentSetSize of job (KB)
...
006 (6327659.000.000) 11/14 19:28:37 Image size of job updated: 1108324
	1051  -  MemoryUsage of job (MB)
	1075828  -  ResidentSetSize of job (KB)
...
006 (6327659.000.000) 11/14 19:38:37 Image size of job updated: 1108324
	1051  -  MemoryUsage of job (MB)
	1075836  -  ResidentSetSize of job (KB)
...
006 (6327659.000.000) 11/14 19:53:39 Image size of job updated: 1108324
	1051  -  MemoryUsage of job (MB)
	1075864  -  ResidentSetSize of job (KB)
...
004 (6327659.000.000) 11/14 20:14:49 Job was evicted.
	(0) Job was not checkpointed.
		Usr 0 07:16:44, Sys 0 00:06:16  -  Run Remote Usage
		Usr 0 00:00:00, Sys 0 00:00:00  -  Run Local Usage
	0  -  Run Bytes Sent By Job
	0  -  Run Bytes Received By Job
	Partitionable Resources :    Usage  Request Allocated
	   Cpus                 :                 1         1
	   Disk (KB)            :       10       10  47541219
	   Memory (MB)          :     1051        1      2008
...
001 (6327659.000.000) 11/14 20:15:19 Job executing on host: <130.199.202.105:9618?addrs=130.199.202.105-9618&noUDP&sock=361804_7f7f_3>
...
005 (6327659.000.000) 11/15 03:50:48 Job terminated.
	(1) Normal termination (return value 0)
		Usr 0 07:33:03, Sys 0 00:10:23  -  Run Remote Usage
		Usr 0 00:00:00, Sys 0 00:00:00  -  Run Local Usage
		Usr 0 07:33:03, Sys 0 00:10:23  -  Total Remote Usage
		Usr 0 00:00:00, Sys 0 00:00:00  -  Total Local Usage
	0  -  Run Bytes Sent By Job
	0  -  Run Bytes Received By Job
	0  -  Total Bytes Sent By Job
	0  -  Total Bytes Received By Job
	Partitionable Resources :    Usage  Request Allocated
	   Cpus                 :                 1         1
	   Disk (KB)            :       10       10  66832050
	   Memory (MB)          :     1221     1221      2665
...
