000 (6327770.000.000) 11/14 12:57:22 Job submitted from host: <130.199.153.67:9618?addrs=130.199.153.67-9618&noUDP&sock=7357_7f42_4>
...
001 (6327770.000.000) 11/14 12:58:07 Job executing on host: <130.199.202.52:9618?addrs=130.199.202.52-9618&noUDP&sock=25936_841d_3>
...
006 (6327770.000.000) 11/14 12:58:16 Image size of job updated: 971244
	949  -  MemoryUsage of job (MB)
	971060  -  ResidentSetSize of job (KB)
...
006 (6327770.000.000) 11/14 13:03:17 Image size of job updated: 1031292
	1007  -  MemoryUsage of job (MB)
	1031108  -  ResidentSetSize of job (KB)
...
006 (6327770.000.000) 11/14 13:08:18 Image size of job updated: 1032148
	1008  -  MemoryUsage of job (MB)
	1031964  -  ResidentSetSize of job (KB)
...
006 (6327770.000.000) 11/14 13:13:18 Image size of job updated: 1032484
	1009  -  MemoryUsage of job (MB)
	1032300  -  ResidentSetSize of job (KB)
...
006 (6327770.000.000) 11/14 13:18:18 Image size of job updated: 1034644
	1011  -  MemoryUsage of job (MB)
	1034460  -  ResidentSetSize of job (KB)
...
006 (6327770.000.000) 11/14 13:23:19 Image size of job updated: 1035656
	1012  -  MemoryUsage of job (MB)
	1035472  -  ResidentSetSize of job (KB)
...
006 (6327770.000.000) 11/14 13:28:19 Image size of job updated: 1035700
	1012  -  MemoryUsage of job (MB)
	1035516  -  ResidentSetSize of job (KB)
...
006 (6327770.000.000) 11/14 13:33:19 Image size of job updated: 1035740
	1012  -  MemoryUsage of job (MB)
	1035556  -  ResidentSetSize of job (KB)
...
006 (6327770.000.000) 11/14 13:38:20 Image size of job updated: 1035780
	1012  -  MemoryUsage of job (MB)
	1035596  -  ResidentSetSize of job (KB)
...
006 (6327770.000.000) 11/14 13:43:21 Image size of job updated: 1035816
	1012  -  MemoryUsage of job (MB)
	1035632  -  ResidentSetSize of job (KB)
...
006 (6327770.000.000) 11/14 13:48:21 Image size of job updated: 1035864
	1012  -  MemoryUsage of job (MB)
	1035680  -  ResidentSetSize of job (KB)
...
006 (6327770.000.000) 11/14 13:53:21 Image size of job updated: 1036016
	1012  -  MemoryUsage of job (MB)
	1035832  -  ResidentSetSize of job (KB)
...
006 (6327770.000.000) 11/14 13:58:22 Image size of job updated: 1036068
	1012  -  MemoryUsage of job (MB)
	1035884  -  ResidentSetSize of job (KB)
...
006 (6327770.000.000) 11/14 14:03:22 Image size of job updated: 1036148
	1012  -  MemoryUsage of job (MB)
	1035964  -  ResidentSetSize of job (KB)
...
006 (6327770.000.000) 11/14 14:04:23 Image size of job updated: 1442684
	1012  -  MemoryUsage of job (MB)
	1035964  -  ResidentSetSize of job (KB)
...
005 (6327770.000.000) 11/14 14:04:23 Job terminated.
	(1) Normal termination (return value 0)
		Usr 0 01:05:31, Sys 0 00:01:09  -  Run Remote Usage
		Usr 0 00:00:00, Sys 0 00:00:00  -  Run Local Usage
		Usr 0 01:05:31, Sys 0 00:01:09  -  Total Remote Usage
		Usr 0 00:00:00, Sys 0 00:00:00  -  Total Local Usage
	0  -  Run Bytes Sent By Job
	0  -  Run Bytes Received By Job
	0  -  Total Bytes Sent By Job
	0  -  Total Bytes Received By Job
	Partitionable Resources :    Usage  Request Allocated
	   Cpus                 :                 1         1
	   Disk (KB)            :       10       10  65479637
	   Memory (MB)          :     1012        1      2008
...
