000 (6327901.000.000) 11/14 12:57:26 Job submitted from host: <130.199.153.67:9618?addrs=130.199.153.67-9618&noUDP&sock=7357_7f42_4>
...
001 (6327901.000.000) 11/14 12:58:28 Job executing on host: <130.199.152.66:9618?addrs=130.199.152.66-9618&noUDP&sock=22551_34d0_3>
...
006 (6327901.000.000) 11/14 12:58:37 Image size of job updated: 989728
	941  -  MemoryUsage of job (MB)
	963204  -  ResidentSetSize of job (KB)
...
006 (6327901.000.000) 11/14 13:00:21 Image size of job updated: 989728
	941  -  MemoryUsage of job (MB)
	963300  -  ResidentSetSize of job (KB)
...
005 (6327901.000.000) 11/14 13:00:21 Job terminated.
	(1) Normal termination (return value 0)
		Usr 0 00:01:33, Sys 0 00:00:06  -  Run Remote Usage
		Usr 0 00:00:00, Sys 0 00:00:00  -  Run Local Usage
		Usr 0 00:01:33, Sys 0 00:00:06  -  Total Remote Usage
		Usr 0 00:00:00, Sys 0 00:00:00  -  Total Local Usage
	0  -  Run Bytes Sent By Job
	0  -  Run Bytes Received By Job
	0  -  Total Bytes Sent By Job
	0  -  Total Bytes Received By Job
	Partitionable Resources :    Usage  Request Allocated
	   Cpus                 :                 1         1
	   Disk (KB)            :       10       10  56895494
	   Memory (MB)          :      941        1      2005
...
