000 (6327677.000.000) 11/14 12:57:17 Job submitted from host: <130.199.153.67:9618?addrs=130.199.153.67-9618&noUDP&sock=7357_7f42_4>
...
001 (6327677.000.000) 11/14 12:57:51 Job executing on host: <130.199.153.250:9618?addrs=130.199.153.250-9618&noUDP&sock=21664_7b64_3>
...
006 (6327677.000.000) 11/14 12:58:00 Image size of job updated: 974900
	927  -  MemoryUsage of job (MB)
	948356  -  ResidentSetSize of job (KB)
...
006 (6327677.000.000) 11/14 13:03:01 Image size of job updated: 1058548
	1008  -  MemoryUsage of job (MB)
	1031960  -  ResidentSetSize of job (KB)
...
006 (6327677.000.000) 11/14 13:08:01 Image size of job updated: 1058952
	1009  -  MemoryUsage of job (MB)
	1032364  -  ResidentSetSize of job (KB)
...
006 (6327677.000.000) 11/14 13:13:01 Image size of job updated: 1059620
	1009  -  MemoryUsage of job (MB)
	1033032  -  ResidentSetSize of job (KB)
...
006 (6327677.000.000) 11/14 13:18:02 Image size of job updated: 1061424
	1011  -  MemoryUsage of job (MB)
	1034836  -  ResidentSetSize of job (KB)
...
006 (6327677.000.000) 11/14 13:23:03 Image size of job updated: 1062492
	1012  -  MemoryUsage of job (MB)
	1035904  -  ResidentSetSize of job (KB)
...
006 (6327677.000.000) 11/14 13:28:03 Image size of job updated: 1062524
	1012  -  MemoryUsage of job (MB)
	1035936  -  ResidentSetSize of job (KB)
...
006 (6327677.000.000) 11/14 13:33:04 Image size of job updated: 1062548
	1012  -  MemoryUsage of job (MB)
	1035960  -  ResidentSetSize of job (KB)
...
006 (6327677.000.000) 11/14 13:38:05 Image size of job updated: 1062548
	1012  -  MemoryUsage of job (MB)
	1035992  -  ResidentSetSize of job (KB)
...
