000 (6327821.000.000) 11/14 12:57:22 Job submitted from host: <130.199.153.67:9618?addrs=130.199.153.67-9618&noUDP&sock=7357_7f42_4>
...
001 (6327821.000.000) 11/14 12:58:15 Job executing on host: <130.199.202.77:9618?addrs=130.199.202.77-9618&noUDP&sock=35752_27f9_3>
...
006 (6327821.000.000) 11/14 12:58:24 Image size of job updated: 1320
	2  -  MemoryUsage of job (MB)
	1320  -  ResidentSetSize of job (KB)
...
005 (6327821.000.000) 11/14 12:58:25 Job terminated.
	(1) Normal termination (return value 0)
		Usr 0 00:00:02, Sys 0 00:00:03  -  Run Remote Usage
		Usr 0 00:00:00, Sys 0 00:00:00  -  Run Local Usage
		Usr 0 00:00:02, Sys 0 00:00:03  -  Total Remote Usage
		Usr 0 00:00:00, Sys 0 00:00:00  -  Total Local Usage
	0  -  Run Bytes Sent By Job
	0  -  Run Bytes Received By Job
	0  -  Total Bytes Sent By Job
	0  -  Total Bytes Received By Job
	Partitionable Resources :    Usage  Request Allocated
	   Cpus                 :                 1         1
	   Disk (KB)            :       10       10  65479118
	   Memory (MB)          :        2        1      2008
...
