000 (6327749.000.000) 11/14 12:57:17 Job submitted from host: <130.199.153.67:9618?addrs=130.199.153.67-9618&noUDP&sock=7357_7f42_4>
...
001 (6327749.000.000) 11/14 12:58:04 Job executing on host: <130.199.152.71:9618?addrs=130.199.152.71-9618&noUDP&sock=22489_9586_3>
...
006 (6327749.000.000) 11/14 12:58:12 Image size of job updated: 1047680
	998  -  MemoryUsage of job (MB)
	1021124  -  ResidentSetSize of job (KB)
...
006 (6327749.000.000) 11/14 13:03:12 Image size of job updated: 1106676
	1055  -  MemoryUsage of job (MB)
	1080120  -  ResidentSetSize of job (KB)
...
006 (6327749.000.000) 11/14 13:08:13 Image size of job updated: 1107412
	1056  -  MemoryUsage of job (MB)
	1080856  -  ResidentSetSize of job (KB)
...
006 (6327749.000.000) 11/14 13:13:14 Image size of job updated: 1108740
	1057  -  MemoryUsage of job (MB)
	1082184  -  ResidentSetSize of job (KB)
...
006 (6327749.000.000) 11/14 13:18:14 Image size of job updated: 1108816
	1057  -  MemoryUsage of job (MB)
	1082260  -  ResidentSetSize of job (KB)
...
006 (6327749.000.000) 11/14 13:23:15 Image size of job updated: 1108860
	1057  -  MemoryUsage of job (MB)
	1082304  -  ResidentSetSize of job (KB)
...
006 (6327749.000.000) 11/14 13:28:16 Image size of job updated: 1108904
	1057  -  MemoryUsage of job (MB)
	1082348  -  ResidentSetSize of job (KB)
...
006 (6327749.000.000) 11/14 13:33:16 Image size of job updated: 1108964
	1058  -  MemoryUsage of job (MB)
	1082408  -  ResidentSetSize of job (KB)
...
006 (6327749.000.000) 11/14 13:38:16 Image size of job updated: 1130152
	1078  -  MemoryUsage of job (MB)
	1103596  -  ResidentSetSize of job (KB)
...
006 (6327749.000.000) 11/14 13:43:17 Image size of job updated: 1130428
	1078  -  MemoryUsage of job (MB)
	1103872  -  ResidentSetSize of job (KB)
...
006 (6327749.000.000) 11/14 13:48:17 Image size of job updated: 1273920
	1219  -  MemoryUsage of job (MB)
	1247364  -  ResidentSetSize of job (KB)
...
006 (6327749.000.000) 11/14 13:56:43 Image size of job updated: 1417456
	1219  -  MemoryUsage of job (MB)
	1247364  -  ResidentSetSize of job (KB)
...
005 (6327749.000.000) 11/14 13:56:43 Job terminated.
	(1) Normal termination (return value 0)
		Usr 0 00:56:07, Sys 0 00:00:46  -  Run Remote Usage
		Usr 0 00:00:00, Sys 0 00:00:00  -  Run Local Usage
		Usr 0 00:56:07, Sys 0 00:00:46  -  Total Remote Usage
		Usr 0 00:00:00, Sys 0 00:00:00  -  Total Local Usage
	0  -  Run Bytes Sent By Job
	0  -  Run Bytes Received By Job
	0  -  Total Bytes Sent By Job
	0  -  Total Bytes Received By Job
	Partitionable Resources :    Usage  Request Allocated
	   Cpus                 :                 1         1
	   Disk (KB)            :       10       10  56895304
	   Memory (MB)          :     1219        1      2005
...
