000 (6327665.000.000) 11/14 12:57:17 Job submitted from host: <130.199.153.67:9618?addrs=130.199.153.67-9618&noUDP&sock=7357_7f42_4>
...
001 (6327665.000.000) 11/14 12:57:47 Job executing on host: <130.199.150.217:9618?addrs=130.199.150.217-9618&noUDP&sock=22499_bfbb_3>
...
006 (6327665.000.000) 11/14 12:57:56 Image size of job updated: 968508
	946  -  MemoryUsage of job (MB)
	968312  -  ResidentSetSize of job (KB)
...
006 (6327665.000.000) 11/14 13:02:57 Image size of job updated: 970380
	948  -  MemoryUsage of job (MB)
	970184  -  ResidentSetSize of job (KB)
...
006 (6327665.000.000) 11/14 13:07:58 Image size of job updated: 1020304
	997  -  MemoryUsage of job (MB)
	1020108  -  ResidentSetSize of job (KB)
...
006 (6327665.000.000) 11/14 13:12:58 Image size of job updated: 1020432
	997  -  MemoryUsage of job (MB)
	1020236  -  ResidentSetSize of job (KB)
...
006 (6327665.000.000) 11/14 13:17:58 Image size of job updated: 1022512
	999  -  MemoryUsage of job (MB)
	1022316  -  ResidentSetSize of job (KB)
...
006 (6327665.000.000) 11/14 13:22:59 Image size of job updated: 1023864
	1000  -  MemoryUsage of job (MB)
	1023668  -  ResidentSetSize of job (KB)
...
006 (6327665.000.000) 11/14 13:27:59 Image size of job updated: 1023908
	1000  -  MemoryUsage of job (MB)
	1023712  -  ResidentSetSize of job (KB)
...
006 (6327665.000.000) 11/14 13:32:59 Image size of job updated: 1023948
	1000  -  MemoryUsage of job (MB)
	1023752  -  ResidentSetSize of job (KB)
...
006 (6327665.000.000) 11/14 13:38:00 Image size of job updated: 1024252
	1001  -  MemoryUsage of job (MB)
	1024056  -  ResidentSetSize of job (KB)
...
006 (6327665.000.000) 11/14 13:53:02 Image size of job updated: 1024252
	1001  -  MemoryUsage of job (MB)
	1024144  -  ResidentSetSize of job (KB)
...
006 (6327665.000.000) 11/14 13:58:03 Image size of job updated: 1024444
	1001  -  MemoryUsage of job (MB)
	1024248  -  ResidentSetSize of job (KB)
...
006 (6327665.000.000) 11/14 14:03:03 Image size of job updated: 1024576
	1001  -  MemoryUsage of job (MB)
	1024380  -  ResidentSetSize of job (KB)
...
006 (6327665.000.000) 11/14 14:08:04 Image size of job updated: 1024652
	1001  -  MemoryUsage of job (MB)
	1024456  -  ResidentSetSize of job (KB)
...
006 (6327665.000.000) 11/14 14:13:05 Image size of job updated: 1024712
	1001  -  MemoryUsage of job (MB)
	1024516  -  ResidentSetSize of job (KB)
...
006 (6327665.000.000) 11/14 14:18:05 Image size of job updated: 1024800
	1001  -  MemoryUsage of job (MB)
	1024604  -  ResidentSetSize of job (KB)
...
006 (6327665.000.000) 11/14 14:23:05 Image size of job updated: 1024860
	1001  -  MemoryUsage of job (MB)
	1024664  -  ResidentSetSize of job (KB)
...
006 (6327665.000.000) 11/14 14:28:06 Image size of job updated: 1024892
	1001  -  MemoryUsage of job (MB)
	1024696  -  ResidentSetSize of job (KB)
...
006 (6327665.000.000) 11/14 14:33:07 Image size of job updated: 1025312
	1002  -  MemoryUsage of job (MB)
	1025116  -  ResidentSetSize of job (KB)
...
006 (6327665.000.000) 11/14 14:38:07 Image size of job updated: 1025340
	1002  -  MemoryUsage of job (MB)
	1025144  -  ResidentSetSize of job (KB)
...
006 (6327665.000.000) 11/14 14:43:08 Image size of job updated: 1025376
	1002  -  MemoryUsage of job (MB)
	1025180  -  ResidentSetSize of job (KB)
...
006 (6327665.000.000) 11/14 14:48:09 Image size of job updated: 1025424
	1002  -  MemoryUsage of job (MB)
	1025228  -  ResidentSetSize of job (KB)
...
006 (6327665.000.000) 11/14 14:53:09 Image size of job updated: 1025476
	1002  -  MemoryUsage of job (MB)
	1025280  -  ResidentSetSize of job (KB)
...
006 (6327665.000.000) 11/14 14:58:09 Image size of job updated: 1025524
	1002  -  MemoryUsage of job (MB)
	1025328  -  ResidentSetSize of job (KB)
...
006 (6327665.000.000) 11/14 15:03:10 Image size of job updated: 1026024
	1002  -  MemoryUsage of job (MB)
	1025828  -  ResidentSetSize of job (KB)
...
006 (6327665.000.000) 11/14 15:08:11 Image size of job updated: 1026036
	1002  -  MemoryUsage of job (MB)
	1025840  -  ResidentSetSize of job (KB)
...
006 (6327665.000.000) 11/14 15:13:11 Image size of job updated: 1026044
	1002  -  MemoryUsage of job (MB)
	1025848  -  ResidentSetSize of job (KB)
...
006 (6327665.000.000) 11/14 15:18:12 Image size of job updated: 1026076
	1002  -  MemoryUsage of job (MB)
	1025880  -  ResidentSetSize of job (KB)
...
006 (6327665.000.000) 11/14 15:28:13 Image size of job updated: 1026100
	1002  -  MemoryUsage of job (MB)
	1025904  -  ResidentSetSize of job (KB)
...
006 (6327665.000.000) 11/14 15:33:13 Image size of job updated: 1026116
	1002  -  MemoryUsage of job (MB)
	1025920  -  ResidentSetSize of job (KB)
...
006 (6327665.000.000) 11/14 15:38:15 Image size of job updated: 1026124
	1002  -  MemoryUsage of job (MB)
	1025928  -  ResidentSetSize of job (KB)
...
006 (6327665.000.000) 11/14 15:48:15 Image size of job updated: 1026128
	1002  -  MemoryUsage of job (MB)
	1025932  -  ResidentSetSize of job (KB)
...
006 (6327665.000.000) 11/14 15:53:16 Image size of job updated: 1026132
	1002  -  MemoryUsage of job (MB)
	1025936  -  ResidentSetSize of job (KB)
...
006 (6327665.000.000) 11/14 15:58:17 Image size of job updated: 1026144
	1002  -  MemoryUsage of job (MB)
	1025948  -  ResidentSetSize of job (KB)
...
006 (6327665.000.000) 11/14 16:03:17 Image size of job updated: 1026156
	1002  -  MemoryUsage of job (MB)
	1025960  -  ResidentSetSize of job (KB)
...
006 (6327665.000.000) 11/14 16:08:17 Image size of job updated: 1026164
	1002  -  MemoryUsage of job (MB)
	1025968  -  ResidentSetSize of job (KB)
...
006 (6327665.000.000) 11/14 16:13:18 Image size of job updated: 1026168
	1002  -  MemoryUsage of job (MB)
	1025972  -  ResidentSetSize of job (KB)
...
006 (6327665.000.000) 11/14 16:23:18 Image size of job updated: 1026172
	1002  -  MemoryUsage of job (MB)
	1025976  -  ResidentSetSize of job (KB)
...
006 (6327665.000.000) 11/14 16:28:19 Image size of job updated: 1026188
	1002  -  MemoryUsage of job (MB)
	1025992  -  ResidentSetSize of job (KB)
...
006 (6327665.000.000) 11/14 16:33:20 Image size of job updated: 1026192
	1002  -  MemoryUsage of job (MB)
	1025996  -  ResidentSetSize of job (KB)
...
006 (6327665.000.000) 11/14 16:38:20 Image size of job updated: 1026200
	1002  -  MemoryUsage of job (MB)
	1026004  -  ResidentSetSize of job (KB)
...
006 (6327665.000.000) 11/14 16:43:20 Image size of job updated: 1026212
	1002  -  MemoryUsage of job (MB)
	1026016  -  ResidentSetSize of job (KB)
...
006 (6327665.000.000) 11/14 16:48:21 Image size of job updated: 1026236
	1002  -  MemoryUsage of job (MB)
	1026040  -  ResidentSetSize of job (KB)
...
006 (6327665.000.000) 11/14 16:53:21 Image size of job updated: 1026248
	1003  -  MemoryUsage of job (MB)
	1026052  -  ResidentSetSize of job (KB)
...
006 (6327665.000.000) 11/14 16:58:21 Image size of job updated: 1026256
	1003  -  MemoryUsage of job (MB)
	1026060  -  ResidentSetSize of job (KB)
...
006 (6327665.000.000) 11/14 17:03:22 Image size of job updated: 1026264
	1003  -  MemoryUsage of job (MB)
	1026068  -  ResidentSetSize of job (KB)
...
006 (6327665.000.000) 11/14 17:08:23 Image size of job updated: 1026268
	1003  -  MemoryUsage of job (MB)
	1026072  -  ResidentSetSize of job (KB)
...
006 (6327665.000.000) 11/14 17:13:23 Image size of job updated: 1026284
	1003  -  MemoryUsage of job (MB)
	1026088  -  ResidentSetSize of job (KB)
...
006 (6327665.000.000) 11/14 17:18:23 Image size of job updated: 1026288
	1003  -  MemoryUsage of job (MB)
	1026092  -  ResidentSetSize of job (KB)
...
006 (6327665.000.000) 11/14 17:23:24 Image size of job updated: 1026300
	1003  -  MemoryUsage of job (MB)
	1026104  -  ResidentSetSize of job (KB)
...
006 (6327665.000.000) 11/14 17:28:25 Image size of job updated: 1026304
	1003  -  MemoryUsage of job (MB)
	1026108  -  ResidentSetSize of job (KB)
...
006 (6327665.000.000) 11/14 17:33:25 Image size of job updated: 1026316
	1003  -  MemoryUsage of job (MB)
	1026120  -  ResidentSetSize of job (KB)
...
006 (6327665.000.000) 11/14 17:43:27 Image size of job updated: 1026332
	1003  -  MemoryUsage of job (MB)
	1026136  -  ResidentSetSize of job (KB)
...
006 (6327665.000.000) 11/14 17:53:28 Image size of job updated: 1026348
	1003  -  MemoryUsage of job (MB)
	1026152  -  ResidentSetSize of job (KB)
...
006 (6327665.000.000) 11/14 17:58:29 Image size of job updated: 1026352
	1003  -  MemoryUsage of job (MB)
	1026156  -  ResidentSetSize of job (KB)
...
006 (6327665.000.000) 11/14 18:03:29 Image size of job updated: 1026360
	1003  -  MemoryUsage of job (MB)
	1026164  -  ResidentSetSize of job (KB)
...
006 (6327665.000.000) 11/14 18:08:29 Image size of job updated: 1026364
	1003  -  MemoryUsage of job (MB)
	1026168  -  ResidentSetSize of job (KB)
...
006 (6327665.000.000) 11/14 18:13:30 Image size of job updated: 1033908
	1010  -  MemoryUsage of job (MB)
	1033712  -  ResidentSetSize of job (KB)
...
006 (6327665.000.000) 11/14 18:23:30 Image size of job updated: 1034164
	1010  -  MemoryUsage of job (MB)
	1033968  -  ResidentSetSize of job (KB)
...
006 (6327665.000.000) 11/14 18:28:31 Image size of job updated: 1037956
	1014  -  MemoryUsage of job (MB)
	1037760  -  ResidentSetSize of job (KB)
...
006 (6327665.000.000) 11/14 18:33:32 Image size of job updated: 1075856
	1051  -  MemoryUsage of job (MB)
	1075660  -  ResidentSetSize of job (KB)
...
006 (6327665.000.000) 11/14 19:18:36 Image size of job updated: 1076132
	1051  -  MemoryUsage of job (MB)
	1075936  -  ResidentSetSize of job (KB)
...
006 (6327665.000.000) 11/14 19:28:38 Image size of job updated: 1076388
	1051  -  MemoryUsage of job (MB)
	1076192  -  ResidentSetSize of job (KB)
...
006 (6327665.000.000) 11/14 21:53:53 Image size of job updated: 1079788
	1055  -  MemoryUsage of job (MB)
	1079584  -  ResidentSetSize of job (KB)
...
006 (6327665.000.000) 11/15 00:11:46 Image size of job updated: 1225520
	1055  -  MemoryUsage of job (MB)
	1079584  -  ResidentSetSize of job (KB)
...
005 (6327665.000.000) 11/15 00:11:46 Job terminated.
	(1) Normal termination (return value 0)
		Usr 0 11:12:12, Sys 0 00:10:28  -  Run Remote Usage
		Usr 0 00:00:00, Sys 0 00:00:00  -  Run Local Usage
		Usr 0 11:12:12, Sys 0 00:10:28  -  Total Remote Usage
		Usr 0 00:00:00, Sys 0 00:00:00  -  Total Local Usage
	0  -  Run Bytes Sent By Job
	0  -  Run Bytes Received By Job
	0  -  Total Bytes Sent By Job
	0  -  Total Bytes Received By Job
	Partitionable Resources :    Usage  Request Allocated
	   Cpus                 :                 1         1
	   Disk (KB)            :       10       10  59426043
	   Memory (MB)          :     1055        1      2007
...
