000 (6327912.000.000) 11/14 12:57:26 Job submitted from host: <130.199.153.67:9618?addrs=130.199.153.67-9618&noUDP&sock=7357_7f42_4>
...
001 (6327912.000.000) 11/14 12:58:30 Job executing on host: <130.199.152.55:9618?addrs=130.199.152.55-9618&noUDP&sock=29733_37f8_3>
...
006 (6327912.000.000) 11/14 12:58:39 Image size of job updated: 593552
	555  -  MemoryUsage of job (MB)
	567992  -  ResidentSetSize of job (KB)
...
006 (6327912.000.000) 11/14 12:58:43 Image size of job updated: 593552
	558  -  MemoryUsage of job (MB)
	570536  -  ResidentSetSize of job (KB)
...
005 (6327912.000.000) 11/14 12:58:45 Job terminated.
	(1) Normal termination (return value 0)
		Usr 0 00:00:03, Sys 0 00:00:02  -  Run Remote Usage
		Usr 0 00:00:00, Sys 0 00:00:00  -  Run Local Usage
		Usr 0 00:00:03, Sys 0 00:00:02  -  Total Remote Usage
		Usr 0 00:00:00, Sys 0 00:00:00  -  Total Local Usage
	0  -  Run Bytes Sent By Job
	0  -  Run Bytes Received By Job
	0  -  Total Bytes Sent By Job
	0  -  Total Bytes Received By Job
	Partitionable Resources :    Usage  Request Allocated
	   Cpus                 :                 1         1
	   Disk (KB)            :       10       10  56896297
	   Memory (MB)          :      558        1      2005
...
