000 (6327809.000.000) 11/14 12:57:22 Job submitted from host: <130.199.153.67:9618?addrs=130.199.153.67-9618&noUDP&sock=7357_7f42_4>
...
001 (6327809.000.000) 11/14 12:58:13 Job executing on host: <130.199.153.240:9618?addrs=130.199.153.240-9618&noUDP&sock=22135_8c2c_3>
...
006 (6327809.000.000) 11/14 12:58:22 Image size of job updated: 1007216
	957  -  MemoryUsage of job (MB)
	979884  -  ResidentSetSize of job (KB)
...
006 (6327809.000.000) 11/14 13:03:23 Image size of job updated: 1078748
	1027  -  MemoryUsage of job (MB)
	1051416  -  ResidentSetSize of job (KB)
...
006 (6327809.000.000) 11/14 13:08:24 Image size of job updated: 1083212
	1032  -  MemoryUsage of job (MB)
	1055860  -  ResidentSetSize of job (KB)
...
006 (6327809.000.000) 11/14 13:13:24 Image size of job updated: 1092120
	1040  -  MemoryUsage of job (MB)
	1064768  -  ResidentSetSize of job (KB)
...
006 (6327809.000.000) 11/14 13:18:24 Image size of job updated: 1092148
	1040  -  MemoryUsage of job (MB)
	1064796  -  ResidentSetSize of job (KB)
...
006 (6327809.000.000) 11/14 13:19:42 Image size of job updated: 1223524
	1040  -  MemoryUsage of job (MB)
	1064796  -  ResidentSetSize of job (KB)
...
005 (6327809.000.000) 11/14 13:19:42 Job terminated.
	(1) Normal termination (return value 0)
		Usr 0 00:20:41, Sys 0 00:00:19  -  Run Remote Usage
		Usr 0 00:00:00, Sys 0 00:00:00  -  Run Local Usage
		Usr 0 00:20:41, Sys 0 00:00:19  -  Total Remote Usage
		Usr 0 00:00:00, Sys 0 00:00:00  -  Total Local Usage
	0  -  Run Bytes Sent By Job
	0  -  Run Bytes Received By Job
	0  -  Total Bytes Sent By Job
	0  -  Total Bytes Received By Job
	Partitionable Resources :    Usage  Request Allocated
	   Cpus                 :                 1         1
	   Disk (KB)            :       10       10  47327975
	   Memory (MB)          :     1040        1      2005
...
