000 (6327742.000.000) 11/14 12:57:17 Job submitted from host: <130.199.153.67:9618?addrs=130.199.153.67-9618&noUDP&sock=7357_7f42_4>
...
001 (6327742.000.000) 11/14 12:58:02 Job executing on host: <130.199.201.26:9618?addrs=130.199.201.26-9618&noUDP&sock=23050_222d_3>
...
006 (6327742.000.000) 11/14 12:58:11 Image size of job updated: 966532
	944  -  MemoryUsage of job (MB)
	966348  -  ResidentSetSize of job (KB)
...
006 (6327742.000.000) 11/14 13:03:12 Image size of job updated: 1021092
	997  -  MemoryUsage of job (MB)
	1020492  -  ResidentSetSize of job (KB)
...
006 (6327742.000.000) 11/14 13:08:13 Image size of job updated: 1021196
	997  -  MemoryUsage of job (MB)
	1020492  -  ResidentSetSize of job (KB)
...
006 (6327742.000.000) 11/14 13:13:13 Image size of job updated: 1021516
	997  -  MemoryUsage of job (MB)
	1020492  -  ResidentSetSize of job (KB)
...
006 (6327742.000.000) 11/14 13:17:39 Image size of job updated: 1522944
	997  -  MemoryUsage of job (MB)
	1020492  -  ResidentSetSize of job (KB)
...
005 (6327742.000.000) 11/14 13:17:39 Job terminated.
	(1) Normal termination (return value 0)
		Usr 0 00:17:56, Sys 0 00:00:23  -  Run Remote Usage
		Usr 0 00:00:00, Sys 0 00:00:00  -  Run Local Usage
		Usr 0 00:17:56, Sys 0 00:00:23  -  Total Remote Usage
		Usr 0 00:00:00, Sys 0 00:00:00  -  Total Local Usage
	0  -  Run Bytes Sent By Job
	0  -  Run Bytes Received By Job
	0  -  Total Bytes Sent By Job
	0  -  Total Bytes Received By Job
	Partitionable Resources :    Usage  Request Allocated
	   Cpus                 :                 1         1
	   Disk (KB)            :       10       10  47327995
	   Memory (MB)          :      997        1      2005
...
