000 (6327701.000.000) 11/14 12:57:17 Job submitted from host: <130.199.153.67:9618?addrs=130.199.153.67-9618&noUDP&sock=7357_7f42_4>
...
001 (6327701.000.000) 11/14 12:57:55 Job executing on host: <130.199.201.29:9618?addrs=130.199.201.29-9618&noUDP&sock=28142_afed_3>
...
006 (6327701.000.000) 11/14 12:58:03 Image size of job updated: 993264
	945  -  MemoryUsage of job (MB)
	966708  -  ResidentSetSize of job (KB)
...
006 (6327701.000.000) 11/14 13:03:03 Image size of job updated: 996220
	947  -  MemoryUsage of job (MB)
	969664  -  ResidentSetSize of job (KB)
...
006 (6327701.000.000) 11/14 13:08:04 Image size of job updated: 1042284
	992  -  MemoryUsage of job (MB)
	1015728  -  ResidentSetSize of job (KB)
...
006 (6327701.000.000) 11/14 13:13:04 Image size of job updated: 1045564
	996  -  MemoryUsage of job (MB)
	1019008  -  ResidentSetSize of job (KB)
...
006 (6327701.000.000) 11/14 13:18:04 Image size of job updated: 1045600
	996  -  MemoryUsage of job (MB)
	1019044  -  ResidentSetSize of job (KB)
...
006 (6327701.000.000) 11/14 13:23:05 Image size of job updated: 1047920
	998  -  MemoryUsage of job (MB)
	1021364  -  ResidentSetSize of job (KB)
...
006 (6327701.000.000) 11/14 13:28:06 Image size of job updated: 1057812
	1008  -  MemoryUsage of job (MB)
	1031256  -  ResidentSetSize of job (KB)
...
006 (6327701.000.000) 11/14 13:33:06 Image size of job updated: 1057836
	1008  -  MemoryUsage of job (MB)
	1031280  -  ResidentSetSize of job (KB)
...
006 (6327701.000.000) 11/14 13:38:07 Image size of job updated: 1098732
	1048  -  MemoryUsage of job (MB)
	1072176  -  ResidentSetSize of job (KB)
...
006 (6327701.000.000) 11/14 13:43:08 Image size of job updated: 1098736
	1048  -  MemoryUsage of job (MB)
	1072180  -  ResidentSetSize of job (KB)
...
006 (6327701.000.000) 11/14 13:58:10 Image size of job updated: 1098768
	1048  -  MemoryUsage of job (MB)
	1072212  -  ResidentSetSize of job (KB)
...
006 (6327701.000.000) 11/14 14:08:11 Image size of job updated: 1099212
	1048  -  MemoryUsage of job (MB)
	1072656  -  ResidentSetSize of job (KB)
...
006 (6327701.000.000) 11/14 20:14:46 Image size of job updated: 1351452
	1048  -  MemoryUsage of job (MB)
	1072656  -  ResidentSetSize of job (KB)
...
004 (6327701.000.000) 11/14 20:14:46 Job was evicted.
	(0) Job was not checkpointed.
		Usr 0 07:15:07, Sys 0 00:04:16  -  Run Remote Usage
		Usr 0 00:00:00, Sys 0 00:00:00  -  Run Local Usage
	0  -  Run Bytes Sent By Job
	0  -  Run Bytes Received By Job
	Partitionable Resources :    Usage  Request Allocated
	   Cpus                 :                 1         1
	   Disk (KB)            :       10       10  47328034
	   Memory (MB)          :     1048        1      2005
...
001 (6327701.000.000) 11/14 20:15:19 Job executing on host: <130.199.202.98:9618?addrs=130.199.202.98-9618&noUDP&sock=178572_e217_3>
...
005 (6327701.000.000) 11/15 06:24:27 Job terminated.
	(1) Normal termination (return value 0)
		Usr 0 10:04:33, Sys 0 00:10:07  -  Run Remote Usage
		Usr 0 00:00:00, Sys 0 00:00:00  -  Run Local Usage
		Usr 0 10:04:33, Sys 0 00:10:07  -  Total Remote Usage
		Usr 0 00:00:00, Sys 0 00:00:00  -  Total Local Usage
	0  -  Run Bytes Sent By Job
	0  -  Run Bytes Received By Job
	0  -  Total Bytes Sent By Job
	0  -  Total Bytes Received By Job
	Partitionable Resources :    Usage  Request Allocated
	   Cpus                 :                 1         1
	   Disk (KB)            :       10       10  65563928
	   Memory (MB)          :     1221     1221      2297
...
