000 (6327700.000.000) 11/14 12:57:17 Job submitted from host: <130.199.153.67:9618?addrs=130.199.153.67-9618&noUDP&sock=7357_7f42_4>
...
001 (6327700.000.000) 11/14 12:57:54 Job executing on host: <130.199.201.42:9618?addrs=130.199.201.42-9618&noUDP&sock=22552_85d5_3>
...
006 (6327700.000.000) 11/14 12:58:03 Image size of job updated: 465012
	428  -  MemoryUsage of job (MB)
	438208  -  ResidentSetSize of job (KB)
...
006 (6327700.000.000) 11/14 13:03:04 Image size of job updated: 996288
	947  -  MemoryUsage of job (MB)
	969396  -  ResidentSetSize of job (KB)
...
006 (6327700.000.000) 11/14 13:08:05 Image size of job updated: 1041568
	991  -  MemoryUsage of job (MB)
	1014568  -  ResidentSetSize of job (KB)
...
006 (6327700.000.000) 11/14 13:13:05 Image size of job updated: 1050408
	1000  -  MemoryUsage of job (MB)
	1023352  -  ResidentSetSize of job (KB)
...
006 (6327700.000.000) 11/14 13:18:05 Image size of job updated: 1050412
	1000  -  MemoryUsage of job (MB)
	1023356  -  ResidentSetSize of job (KB)
...
006 (6327700.000.000) 11/14 13:23:06 Image size of job updated: 1050420
	1000  -  MemoryUsage of job (MB)
	1023364  -  ResidentSetSize of job (KB)
...
006 (6327700.000.000) 11/14 13:28:07 Image size of job updated: 1053396
	1003  -  MemoryUsage of job (MB)
	1026340  -  ResidentSetSize of job (KB)
...
006 (6327700.000.000) 11/14 13:33:07 Image size of job updated: 1053892
	1003  -  MemoryUsage of job (MB)
	1026836  -  ResidentSetSize of job (KB)
...
006 (6327700.000.000) 11/14 13:38:08 Image size of job updated: 1053900
	1003  -  MemoryUsage of job (MB)
	1026836  -  ResidentSetSize of job (KB)
...
006 (6327700.000.000) 11/14 13:43:09 Image size of job updated: 1053904
	1003  -  MemoryUsage of job (MB)
	1026836  -  ResidentSetSize of job (KB)
...
006 (6327700.000.000) 11/14 13:58:10 Image size of job updated: 1053912
	1003  -  MemoryUsage of job (MB)
	1026836  -  ResidentSetSize of job (KB)
...
006 (6327700.000.000) 11/14 14:03:11 Image size of job updated: 1053924
	1003  -  MemoryUsage of job (MB)
	1026836  -  ResidentSetSize of job (KB)
...
006 (6327700.000.000) 11/14 14:08:11 Image size of job updated: 1054284
	1003  -  MemoryUsage of job (MB)
	1026836  -  ResidentSetSize of job (KB)
...
006 (6327700.000.000) 11/14 14:13:12 Image size of job updated: 1060388
	1003  -  MemoryUsage of job (MB)
	1026836  -  ResidentSetSize of job (KB)
...
006 (6327700.000.000) 11/14 14:18:13 Image size of job updated: 1077232
	1013  -  MemoryUsage of job (MB)
	1037248  -  ResidentSetSize of job (KB)
...
006 (6327700.000.000) 11/14 14:23:13 Image size of job updated: 1081400
	1018  -  MemoryUsage of job (MB)
	1041448  -  ResidentSetSize of job (KB)
...
006 (6327700.000.000) 11/14 14:28:13 Image size of job updated: 1081404
	1018  -  MemoryUsage of job (MB)
	1041448  -  ResidentSetSize of job (KB)
...
006 (6327700.000.000) 11/14 14:33:14 Image size of job updated: 1081404
	1018  -  MemoryUsage of job (MB)
	1041492  -  ResidentSetSize of job (KB)
...
006 (6327700.000.000) 11/14 14:38:15 Image size of job updated: 1081404
	1018  -  MemoryUsage of job (MB)
	1041552  -  ResidentSetSize of job (KB)
...
006 (6327700.000.000) 11/14 14:43:15 Image size of job updated: 1081404
	1018  -  MemoryUsage of job (MB)
	1041592  -  ResidentSetSize of job (KB)
...
006 (6327700.000.000) 11/14 14:48:16 Image size of job updated: 1081404
	1018  -  MemoryUsage of job (MB)
	1041608  -  ResidentSetSize of job (KB)
...
006 (6327700.000.000) 11/14 14:53:17 Image size of job updated: 1081404
	1018  -  MemoryUsage of job (MB)
	1042360  -  ResidentSetSize of job (KB)
...
006 (6327700.000.000) 11/14 14:58:17 Image size of job updated: 1081404
	1018  -  MemoryUsage of job (MB)
	1042364  -  ResidentSetSize of job (KB)
...
006 (6327700.000.000) 11/14 15:03:17 Image size of job updated: 1081404
	1018  -  MemoryUsage of job (MB)
	1042380  -  ResidentSetSize of job (KB)
...
006 (6327700.000.000) 11/14 15:08:18 Image size of job updated: 1081404
	1018  -  MemoryUsage of job (MB)
	1042408  -  ResidentSetSize of job (KB)
...
006 (6327700.000.000) 11/14 15:13:19 Image size of job updated: 1081404
	1019  -  MemoryUsage of job (MB)
	1042764  -  ResidentSetSize of job (KB)
...
006 (6327700.000.000) 11/14 15:18:19 Image size of job updated: 1081404
	1019  -  MemoryUsage of job (MB)
	1042836  -  ResidentSetSize of job (KB)
...
006 (6327700.000.000) 11/14 15:23:19 Image size of job updated: 1081404
	1019  -  MemoryUsage of job (MB)
	1042856  -  ResidentSetSize of job (KB)
...
006 (6327700.000.000) 11/14 15:28:20 Image size of job updated: 1081404
	1019  -  MemoryUsage of job (MB)
	1042868  -  ResidentSetSize of job (KB)
...
006 (6327700.000.000) 11/14 15:33:21 Image size of job updated: 1081404
	1019  -  MemoryUsage of job (MB)
	1042880  -  ResidentSetSize of job (KB)
...
006 (6327700.000.000) 11/14 15:38:21 Image size of job updated: 1081404
	1019  -  MemoryUsage of job (MB)
	1042908  -  ResidentSetSize of job (KB)
...
006 (6327700.000.000) 11/14 15:43:21 Image size of job updated: 1081404
	1019  -  MemoryUsage of job (MB)
	1042932  -  ResidentSetSize of job (KB)
...
006 (6327700.000.000) 11/14 15:48:22 Image size of job updated: 1081404
	1019  -  MemoryUsage of job (MB)
	1042944  -  ResidentSetSize of job (KB)
...
006 (6327700.000.000) 11/14 15:53:23 Image size of job updated: 1081404
	1019  -  MemoryUsage of job (MB)
	1042972  -  ResidentSetSize of job (KB)
...
006 (6327700.000.000) 11/14 16:03:24 Image size of job updated: 1081404
	1019  -  MemoryUsage of job (MB)
	1042980  -  ResidentSetSize of job (KB)
...
006 (6327700.000.000) 11/14 16:08:25 Image size of job updated: 1081404
	1019  -  MemoryUsage of job (MB)
	1042988  -  ResidentSetSize of job (KB)
...
006 (6327700.000.000) 11/14 16:13:25 Image size of job updated: 1081404
	1019  -  MemoryUsage of job (MB)
	1042992  -  ResidentSetSize of job (KB)
...
006 (6327700.000.000) 11/14 16:18:25 Image size of job updated: 1081404
	1019  -  MemoryUsage of job (MB)
	1043008  -  ResidentSetSize of job (KB)
...
006 (6327700.000.000) 11/14 16:23:26 Image size of job updated: 1081404
	1019  -  MemoryUsage of job (MB)
	1043028  -  ResidentSetSize of job (KB)
...
006 (6327700.000.000) 11/14 16:28:27 Image size of job updated: 1081404
	1019  -  MemoryUsage of job (MB)
	1043052  -  ResidentSetSize of job (KB)
...
006 (6327700.000.000) 11/14 16:33:27 Image size of job updated: 1081404
	1019  -  MemoryUsage of job (MB)
	1043060  -  ResidentSetSize of job (KB)
...
006 (6327700.000.000) 11/14 16:38:27 Image size of job updated: 1081404
	1019  -  MemoryUsage of job (MB)
	1043080  -  ResidentSetSize of job (KB)
...
006 (6327700.000.000) 11/14 16:43:28 Image size of job updated: 1081404
	1019  -  MemoryUsage of job (MB)
	1043084  -  ResidentSetSize of job (KB)
...
006 (6327700.000.000) 11/14 16:53:28 Image size of job updated: 1081404
	1019  -  MemoryUsage of job (MB)
	1043088  -  ResidentSetSize of job (KB)
...
006 (6327700.000.000) 11/14 16:58:30 Image size of job updated: 1081404
	1019  -  MemoryUsage of job (MB)
	1043100  -  ResidentSetSize of job (KB)
...
006 (6327700.000.000) 11/14 17:03:30 Image size of job updated: 1081404
	1019  -  MemoryUsage of job (MB)
	1043112  -  ResidentSetSize of job (KB)
...
006 (6327700.000.000) 11/14 17:08:30 Image size of job updated: 1081404
	1019  -  MemoryUsage of job (MB)
	1043136  -  ResidentSetSize of job (KB)
...
006 (6327700.000.000) 11/14 17:13:30 Image size of job updated: 1081404
	1019  -  MemoryUsage of job (MB)
	1043160  -  ResidentSetSize of job (KB)
...
006 (6327700.000.000) 11/14 17:18:31 Image size of job updated: 1081404
	1019  -  MemoryUsage of job (MB)
	1043168  -  ResidentSetSize of job (KB)
...
006 (6327700.000.000) 11/14 17:23:32 Image size of job updated: 1081404
	1019  -  MemoryUsage of job (MB)
	1043228  -  ResidentSetSize of job (KB)
...
006 (6327700.000.000) 11/14 17:28:32 Image size of job updated: 1081404
	1019  -  MemoryUsage of job (MB)
	1043244  -  ResidentSetSize of job (KB)
...
006 (6327700.000.000) 11/14 17:33:33 Image size of job updated: 1081404
	1019  -  MemoryUsage of job (MB)
	1043248  -  ResidentSetSize of job (KB)
...
006 (6327700.000.000) 11/14 17:38:34 Image size of job updated: 1081404
	1019  -  MemoryUsage of job (MB)
	1043276  -  ResidentSetSize of job (KB)
...
006 (6327700.000.000) 11/14 18:23:37 Image size of job updated: 1081404
	1019  -  MemoryUsage of job (MB)
	1043348  -  ResidentSetSize of job (KB)
...
006 (6327700.000.000) 11/14 18:28:38 Image size of job updated: 1081404
	1021  -  MemoryUsage of job (MB)
	1044492  -  ResidentSetSize of job (KB)
...
006 (6327700.000.000) 11/14 20:14:47 Image size of job updated: 1360704
	1021  -  MemoryUsage of job (MB)
	1044492  -  ResidentSetSize of job (KB)
...
004 (6327700.000.000) 11/14 20:14:48 Job was evicted.
	(0) Job was not checkpointed.
		Usr 0 07:15:56, Sys 0 00:04:20  -  Run Remote Usage
		Usr 0 00:00:00, Sys 0 00:00:00  -  Run Local Usage
	0  -  Run Bytes Sent By Job
	0  -  Run Bytes Received By Job
	Partitionable Resources :    Usage  Request Allocated
	   Cpus                 :                 1         1
	   Disk (KB)            :       10       10  47327780
	   Memory (MB)          :     1021        1      2005
...
001 (6327700.000.000) 11/14 20:15:19 Job executing on host: <130.199.202.102:9618?addrs=130.199.202.102-9618&noUDP&sock=240561_9e7e_3>
...
005 (6327700.000.000) 11/15 05:22:44 Job terminated.
	(1) Normal termination (return value 0)
		Usr 0 09:07:03, Sys 0 00:12:36  -  Run Remote Usage
		Usr 0 00:00:00, Sys 0 00:00:00  -  Run Local Usage
		Usr 0 09:07:03, Sys 0 00:12:36  -  Total Remote Usage
		Usr 0 00:00:00, Sys 0 00:00:00  -  Total Local Usage
	0  -  Run Bytes Sent By Job
	0  -  Run Bytes Received By Job
	0  -  Total Bytes Sent By Job
	0  -  Total Bytes Received By Job
	Partitionable Resources :    Usage  Request Allocated
	   Cpus                 :                 1         1
	   Disk (KB)            :       10       10  66831982
	   Memory (MB)          :     1221     1221      2665
...
