000 (6327892.000.000) 11/14 12:57:26 Job submitted from host: <130.199.153.67:9618?addrs=130.199.153.67-9618&noUDP&sock=7357_7f42_4>
...
001 (6327892.000.000) 11/14 12:58:27 Job executing on host: <130.199.153.39:9618?addrs=130.199.153.39-9618&noUDP&sock=21535_a7b6_3>
...
006 (6327892.000.000) 11/14 12:58:36 Image size of job updated: 987500
	965  -  MemoryUsage of job (MB)
	987316  -  ResidentSetSize of job (KB)
...
005 (6327892.000.000) 11/14 12:59:49 Job terminated.
	(1) Normal termination (return value 0)
		Usr 0 00:01:10, Sys 0 00:00:03  -  Run Remote Usage
		Usr 0 00:00:00, Sys 0 00:00:00  -  Run Local Usage
		Usr 0 00:01:10, Sys 0 00:00:03  -  Total Remote Usage
		Usr 0 00:00:00, Sys 0 00:00:00  -  Total Local Usage
	0  -  Run Bytes Sent By Job
	0  -  Run Bytes Received By Job
	0  -  Total Bytes Sent By Job
	0  -  Total Bytes Received By Job
	Partitionable Resources :    Usage  Request Allocated
	   Cpus                 :                 1         1
	   Disk (KB)            :       10       10  47328196
	   Memory (MB)          :      965        1      2005
...
