000 (6327402.000.000) 11/14 12:47:51 Job submitted from host: <130.199.153.67:9618?addrs=130.199.153.67-9618&noUDP&sock=7357_7f42_4>
...
001 (6327402.000.000) 11/14 12:48:12 Job executing on host: <130.199.202.114:9618?addrs=130.199.202.114-9618&noUDP&sock=225847_d2e9_3>
...
006 (6327402.000.000) 11/14 12:48:21 Image size of job updated: 969412
	947  -  MemoryUsage of job (MB)
	969228  -  ResidentSetSize of job (KB)
...
005 (6327402.000.000) 11/14 12:50:41 Job terminated.
	(1) Normal termination (return value 0)
		Usr 0 00:02:13, Sys 0 00:00:06  -  Run Remote Usage
		Usr 0 00:00:00, Sys 0 00:00:00  -  Run Local Usage
		Usr 0 00:02:13, Sys 0 00:00:06  -  Total Remote Usage
		Usr 0 00:00:00, Sys 0 00:00:00  -  Total Local Usage
	0  -  Run Bytes Sent By Job
	0  -  Run Bytes Received By Job
	0  -  Total Bytes Sent By Job
	0  -  Total Bytes Received By Job
	Partitionable Resources :    Usage  Request Allocated
	   Cpus                 :                 1         1
	   Disk (KB)            :       10       10  66832019
	   Memory (MB)          :      947        1      2665
...
