000 (6327835.000.000) 11/14 12:57:22 Job submitted from host: <130.199.153.67:9618?addrs=130.199.153.67-9618&noUDP&sock=7357_7f42_4>
...
001 (6327835.000.000) 11/14 12:58:18 Job executing on host: <130.199.201.20:9618?addrs=130.199.201.20-9618&noUDP&sock=23144_e221_3>
...
006 (6327835.000.000) 11/14 12:58:27 Image size of job updated: 964360
	916  -  MemoryUsage of job (MB)
	937876  -  ResidentSetSize of job (KB)
...
006 (6327835.000.000) 11/14 13:03:20 Image size of job updated: 1065076
	916  -  MemoryUsage of job (MB)
	937876  -  ResidentSetSize of job (KB)
...
005 (6327835.000.000) 11/14 13:03:20 Job terminated.
	(1) Normal termination (return value 0)
		Usr 0 00:04:37, Sys 0 00:00:09  -  Run Remote Usage
		Usr 0 00:00:00, Sys 0 00:00:00  -  Run Local Usage
		Usr 0 00:04:37, Sys 0 00:00:09  -  Total Remote Usage
		Usr 0 00:00:00, Sys 0 00:00:00  -  Total Local Usage
	0  -  Run Bytes Sent By Job
	0  -  Run Bytes Received By Job
	0  -  Total Bytes Sent By Job
	0  -  Total Bytes Received By Job
	Partitionable Resources :    Usage  Request Allocated
	   Cpus                 :                 1         1
	   Disk (KB)            :       10       10  47327856
	   Memory (MB)          :      916        1      2005
...
