000 (6327726.000.000) 11/14 12:57:17 Job submitted from host: <130.199.153.67:9618?addrs=130.199.153.67-9618&noUDP&sock=7357_7f42_4>
...
001 (6327726.000.000) 11/14 12:58:00 Job executing on host: <130.199.202.75:9618?addrs=130.199.202.75-9618&noUDP&sock=12669_ad94_3>
...
006 (6327726.000.000) 11/14 12:58:08 Image size of job updated: 966828
	944  -  MemoryUsage of job (MB)
	966644  -  ResidentSetSize of job (KB)
...
006 (6327726.000.000) 11/14 13:03:08 Image size of job updated: 969664
	947  -  MemoryUsage of job (MB)
	969480  -  ResidentSetSize of job (KB)
...
006 (6327726.000.000) 11/14 13:08:09 Image size of job updated: 1015656
	992  -  MemoryUsage of job (MB)
	1015472  -  ResidentSetSize of job (KB)
...
006 (6327726.000.000) 11/14 13:13:09 Image size of job updated: 1015952
	992  -  MemoryUsage of job (MB)
	1015768  -  ResidentSetSize of job (KB)
...
006 (6327726.000.000) 11/14 13:18:09 Image size of job updated: 1018616
	995  -  MemoryUsage of job (MB)
	1018432  -  ResidentSetSize of job (KB)
...
006 (6327726.000.000) 11/14 13:23:10 Image size of job updated: 1018804
	995  -  MemoryUsage of job (MB)
	1018620  -  ResidentSetSize of job (KB)
...
006 (6327726.000.000) 11/14 13:28:11 Image size of job updated: 1019216
	996  -  MemoryUsage of job (MB)
	1019032  -  ResidentSetSize of job (KB)
...
006 (6327726.000.000) 11/14 13:33:11 Image size of job updated: 1019280
	996  -  MemoryUsage of job (MB)
	1019096  -  ResidentSetSize of job (KB)
...
006 (6327726.000.000) 11/14 13:38:12 Image size of job updated: 1019332
	996  -  MemoryUsage of job (MB)
	1019148  -  ResidentSetSize of job (KB)
...
006 (6327726.000.000) 11/14 13:43:13 Image size of job updated: 1019400
	996  -  MemoryUsage of job (MB)
	1019216  -  ResidentSetSize of job (KB)
...
006 (6327726.000.000) 11/14 13:48:13 Image size of job updated: 1019732
	996  -  MemoryUsage of job (MB)
	1019548  -  ResidentSetSize of job (KB)
...
006 (6327726.000.000) 11/14 13:53:13 Image size of job updated: 1019896
	996  -  MemoryUsage of job (MB)
	1019712  -  ResidentSetSize of job (KB)
...
006 (6327726.000.000) 11/14 13:58:14 Image size of job updated: 1019968
	996  -  MemoryUsage of job (MB)
	1019784  -  ResidentSetSize of job (KB)
...
006 (6327726.000.000) 11/14 14:03:15 Image size of job updated: 1020044
	996  -  MemoryUsage of job (MB)
	1019860  -  ResidentSetSize of job (KB)
...
006 (6327726.000.000) 11/14 14:08:15 Image size of job updated: 1021076
	997  -  MemoryUsage of job (MB)
	1020892  -  ResidentSetSize of job (KB)
...
006 (6327726.000.000) 11/14 14:13:16 Image size of job updated: 1021132
	998  -  MemoryUsage of job (MB)
	1020948  -  ResidentSetSize of job (KB)
...
006 (6327726.000.000) 11/14 14:18:17 Image size of job updated: 1022104
	998  -  MemoryUsage of job (MB)
	1021920  -  ResidentSetSize of job (KB)
...
006 (6327726.000.000) 11/14 14:23:17 Image size of job updated: 1022128
	998  -  MemoryUsage of job (MB)
	1021944  -  ResidentSetSize of job (KB)
...
006 (6327726.000.000) 11/14 14:28:17 Image size of job updated: 1022156
	999  -  MemoryUsage of job (MB)
	1021972  -  ResidentSetSize of job (KB)
...
006 (6327726.000.000) 11/14 14:33:18 Image size of job updated: 1022188
	999  -  MemoryUsage of job (MB)
	1022004  -  ResidentSetSize of job (KB)
...
006 (6327726.000.000) 11/14 14:38:18 Image size of job updated: 1022244
	999  -  MemoryUsage of job (MB)
	1022060  -  ResidentSetSize of job (KB)
...
006 (6327726.000.000) 11/14 14:43:18 Image size of job updated: 1022796
	999  -  MemoryUsage of job (MB)
	1022612  -  ResidentSetSize of job (KB)
...
006 (6327726.000.000) 11/14 14:48:19 Image size of job updated: 1022808
	999  -  MemoryUsage of job (MB)
	1022624  -  ResidentSetSize of job (KB)
...
006 (6327726.000.000) 11/14 14:58:20 Image size of job updated: 1022820
	999  -  MemoryUsage of job (MB)
	1022636  -  ResidentSetSize of job (KB)
...
006 (6327726.000.000) 11/14 15:03:21 Image size of job updated: 1022832
	999  -  MemoryUsage of job (MB)
	1022648  -  ResidentSetSize of job (KB)
...
006 (6327726.000.000) 11/14 15:08:22 Image size of job updated: 1022848
	999  -  MemoryUsage of job (MB)
	1022664  -  ResidentSetSize of job (KB)
...
006 (6327726.000.000) 11/14 15:13:22 Image size of job updated: 1022852
	999  -  MemoryUsage of job (MB)
	1022668  -  ResidentSetSize of job (KB)
...
006 (6327726.000.000) 11/14 15:18:22 Image size of job updated: 1022856
	999  -  MemoryUsage of job (MB)
	1022672  -  ResidentSetSize of job (KB)
...
006 (6327726.000.000) 11/14 15:23:23 Image size of job updated: 1022864
	999  -  MemoryUsage of job (MB)
	1022680  -  ResidentSetSize of job (KB)
...
006 (6327726.000.000) 11/14 15:28:24 Image size of job updated: 1022868
	999  -  MemoryUsage of job (MB)
	1022684  -  ResidentSetSize of job (KB)
...
006 (6327726.000.000) 11/14 15:33:24 Image size of job updated: 1022872
	999  -  MemoryUsage of job (MB)
	1022688  -  ResidentSetSize of job (KB)
...
006 (6327726.000.000) 11/14 15:38:25 Image size of job updated: 1022884
	999  -  MemoryUsage of job (MB)
	1022700  -  ResidentSetSize of job (KB)
...
006 (6327726.000.000) 11/14 15:43:26 Image size of job updated: 1022888
	999  -  MemoryUsage of job (MB)
	1022704  -  ResidentSetSize of job (KB)
...
006 (6327726.000.000) 11/14 15:48:26 Image size of job updated: 1022900
	999  -  MemoryUsage of job (MB)
	1022716  -  ResidentSetSize of job (KB)
...
006 (6327726.000.000) 11/14 15:58:27 Image size of job updated: 1022908
	999  -  MemoryUsage of job (MB)
	1022724  -  ResidentSetSize of job (KB)
...
006 (6327726.000.000) 11/14 16:03:27 Image size of job updated: 1022916
	999  -  MemoryUsage of job (MB)
	1022732  -  ResidentSetSize of job (KB)
...
006 (6327726.000.000) 11/14 16:08:27 Image size of job updated: 1022952
	999  -  MemoryUsage of job (MB)
	1022768  -  ResidentSetSize of job (KB)
...
006 (6327726.000.000) 11/14 16:13:28 Image size of job updated: 1022972
	999  -  MemoryUsage of job (MB)
	1022788  -  ResidentSetSize of job (KB)
...
006 (6327726.000.000) 11/14 16:18:29 Image size of job updated: 1022980
	999  -  MemoryUsage of job (MB)
	1022796  -  ResidentSetSize of job (KB)
...
006 (6327726.000.000) 11/14 16:23:29 Image size of job updated: 1022984
	999  -  MemoryUsage of job (MB)
	1022800  -  ResidentSetSize of job (KB)
...
006 (6327726.000.000) 11/14 16:28:29 Image size of job updated: 1023004
	999  -  MemoryUsage of job (MB)
	1022820  -  ResidentSetSize of job (KB)
...
006 (6327726.000.000) 11/14 16:33:30 Image size of job updated: 1023012
	999  -  MemoryUsage of job (MB)
	1022828  -  ResidentSetSize of job (KB)
...
006 (6327726.000.000) 11/14 16:38:30 Image size of job updated: 1023040
	999  -  MemoryUsage of job (MB)
	1022856  -  ResidentSetSize of job (KB)
...
006 (6327726.000.000) 11/14 16:53:32 Image size of job updated: 1023052
	999  -  MemoryUsage of job (MB)
	1022868  -  ResidentSetSize of job (KB)
...
006 (6327726.000.000) 11/14 16:58:32 Image size of job updated: 1023068
	999  -  MemoryUsage of job (MB)
	1022884  -  ResidentSetSize of job (KB)
...
006 (6327726.000.000) 11/14 17:08:34 Image size of job updated: 1023072
	999  -  MemoryUsage of job (MB)
	1022888  -  ResidentSetSize of job (KB)
...
006 (6327726.000.000) 11/14 17:13:34 Image size of job updated: 1023080
	999  -  MemoryUsage of job (MB)
	1022896  -  ResidentSetSize of job (KB)
...
006 (6327726.000.000) 11/14 17:18:34 Image size of job updated: 1023084
	999  -  MemoryUsage of job (MB)
	1022900  -  ResidentSetSize of job (KB)
...
006 (6327726.000.000) 11/14 17:23:35 Image size of job updated: 1023088
	999  -  MemoryUsage of job (MB)
	1022904  -  ResidentSetSize of job (KB)
...
006 (6327726.000.000) 11/14 17:28:36 Image size of job updated: 1023096
	999  -  MemoryUsage of job (MB)
	1022912  -  ResidentSetSize of job (KB)
...
006 (6327726.000.000) 11/14 17:33:36 Image size of job updated: 1023104
	999  -  MemoryUsage of job (MB)
	1022920  -  ResidentSetSize of job (KB)
...
006 (6327726.000.000) 11/14 17:38:37 Image size of job updated: 1023108
	999  -  MemoryUsage of job (MB)
	1022924  -  ResidentSetSize of job (KB)
...
006 (6327726.000.000) 11/14 17:48:38 Image size of job updated: 1023168
	1000  -  MemoryUsage of job (MB)
	1022984  -  ResidentSetSize of job (KB)
...
006 (6327726.000.000) 11/14 17:53:38 Image size of job updated: 1023176
	1000  -  MemoryUsage of job (MB)
	1022992  -  ResidentSetSize of job (KB)
...
006 (6327726.000.000) 11/14 18:03:40 Image size of job updated: 1023180
	1000  -  MemoryUsage of job (MB)
	1022996  -  ResidentSetSize of job (KB)
...
006 (6327726.000.000) 11/14 18:08:40 Image size of job updated: 1023188
	1000  -  MemoryUsage of job (MB)
	1023004  -  ResidentSetSize of job (KB)
...
006 (6327726.000.000) 11/14 18:13:41 Image size of job updated: 1023196
	1000  -  MemoryUsage of job (MB)
	1023012  -  ResidentSetSize of job (KB)
...
006 (6327726.000.000) 11/14 18:18:42 Image size of job updated: 1023200
	1000  -  MemoryUsage of job (MB)
	1023016  -  ResidentSetSize of job (KB)
...
006 (6327726.000.000) 11/14 18:23:42 Image size of job updated: 1023208
	1000  -  MemoryUsage of job (MB)
	1023024  -  ResidentSetSize of job (KB)
...
006 (6327726.000.000) 11/14 18:28:42 Image size of job updated: 1023220
	1000  -  MemoryUsage of job (MB)
	1023036  -  ResidentSetSize of job (KB)
...
006 (6327726.000.000) 11/14 18:38:43 Image size of job updated: 1023580
	1000  -  MemoryUsage of job (MB)
	1023396  -  ResidentSetSize of job (KB)
...
006 (6327726.000.000) 11/14 18:43:43 Image size of job updated: 1023584
	1000  -  MemoryUsage of job (MB)
	1023400  -  ResidentSetSize of job (KB)
...
006 (6327726.000.000) 11/14 18:48:45 Image size of job updated: 1023588
	1000  -  MemoryUsage of job (MB)
	1023404  -  ResidentSetSize of job (KB)
...
006 (6327726.000.000) 11/14 18:58:45 Image size of job updated: 1023596
	1000  -  MemoryUsage of job (MB)
	1023412  -  ResidentSetSize of job (KB)
...
006 (6327726.000.000) 11/14 19:08:46 Image size of job updated: 1023604
	1000  -  MemoryUsage of job (MB)
	1023420  -  ResidentSetSize of job (KB)
...
006 (6327726.000.000) 11/14 19:13:46 Image size of job updated: 1023612
	1000  -  MemoryUsage of job (MB)
	1023428  -  ResidentSetSize of job (KB)
...
006 (6327726.000.000) 11/14 19:18:46 Image size of job updated: 1025228
	1002  -  MemoryUsage of job (MB)
	1025044  -  ResidentSetSize of job (KB)
...
006 (6327726.000.000) 11/14 19:23:47 Image size of job updated: 1025228
	1002  -  MemoryUsage of job (MB)
	1025052  -  ResidentSetSize of job (KB)
...
006 (6327726.000.000) 11/14 20:48:56 Image size of job updated: 1030816
	1007  -  MemoryUsage of job (MB)
	1030660  -  ResidentSetSize of job (KB)
...
006 (6327726.000.000) 11/14 20:58:57 Image size of job updated: 1076900
	1052  -  MemoryUsage of job (MB)
	1076744  -  ResidentSetSize of job (KB)
...
006 (6327726.000.000) 11/14 21:13:59 Image size of job updated: 1077152
	1052  -  MemoryUsage of job (MB)
	1076996  -  ResidentSetSize of job (KB)
...
006 (6327726.000.000) 11/14 21:18:59 Image size of job updated: 1077152
	1052  -  MemoryUsage of job (MB)
	1077000  -  ResidentSetSize of job (KB)
...
006 (6327726.000.000) 11/14 23:04:12 Image size of job updated: 1077300
	1052  -  MemoryUsage of job (MB)
	1077108  -  ResidentSetSize of job (KB)
...
006 (6327726.000.000) 11/14 23:09:12 Image size of job updated: 1077304
	1052  -  MemoryUsage of job (MB)
	1077112  -  ResidentSetSize of job (KB)
...
006 (6327726.000.000) 11/14 23:16:56 Image size of job updated: 1233648
	1052  -  MemoryUsage of job (MB)
	1077112  -  ResidentSetSize of job (KB)
...
005 (6327726.000.000) 11/14 23:16:56 Job terminated.
	(1) Normal termination (return value 0)
		Usr 0 10:18:15, Sys 0 00:09:07  -  Run Remote Usage
		Usr 0 00:00:00, Sys 0 00:00:00  -  Run Local Usage
		Usr 0 10:18:15, Sys 0 00:09:07  -  Total Remote Usage
		Usr 0 00:00:00, Sys 0 00:00:00  -  Total Local Usage
	0  -  Run Bytes Sent By Job
	0  -  Run Bytes Received By Job
	0  -  Total Bytes Sent By Job
	0  -  Total Bytes Received By Job
	Partitionable Resources :    Usage  Request Allocated
	   Cpus                 :                 1         1
	   Disk (KB)            :       10       10  65479292
	   Memory (MB)          :     1052        1      2008
...
