000 (6327822.000.000) 11/14 12:57:22 Job submitted from host: <130.199.153.67:9618?addrs=130.199.153.67-9618&noUDP&sock=7357_7f42_4>
...
001 (6327822.000.000) 11/14 12:58:16 Job executing on host: <130.199.150.152:9618?addrs=130.199.150.152-9618&noUDP&sock=9858_0833_3>
...
006 (6327822.000.000) 11/14 12:58:24 Image size of job updated: 963980
	942  -  MemoryUsage of job (MB)
	963796  -  ResidentSetSize of job (KB)
...
006 (6327822.000.000) 11/14 13:03:24 Image size of job updated: 1022344
	999  -  MemoryUsage of job (MB)
	1022160  -  ResidentSetSize of job (KB)
...
005 (6327822.000.000) 11/14 13:06:25 Job terminated.
	(1) Normal termination (return value 0)
		Usr 0 00:07:36, Sys 0 00:00:16  -  Run Remote Usage
		Usr 0 00:00:00, Sys 0 00:00:00  -  Run Local Usage
		Usr 0 00:07:36, Sys 0 00:00:16  -  Total Remote Usage
		Usr 0 00:00:00, Sys 0 00:00:00  -  Total Local Usage
	0  -  Run Bytes Sent By Job
	0  -  Run Bytes Received By Job
	0  -  Total Bytes Sent By Job
	0  -  Total Bytes Received By Job
	Partitionable Resources :    Usage  Request Allocated
	   Cpus                 :                 1         1
	   Disk (KB)            :       10       10  41489141
	   Memory (MB)          :      999        1      2007
...
