000 (6327779.000.000) 11/14 12:57:22 Job submitted from host: <130.199.153.67:9618?addrs=130.199.153.67-9618&noUDP&sock=7357_7f42_4>
...
001 (6327779.000.000) 11/14 12:58:08 Job executing on host: <130.199.152.8:9618?addrs=130.199.152.8-9618&noUDP&sock=23045_8d12_3>
...
006 (6327779.000.000) 11/14 12:58:17 Image size of job updated: 996476
	973  -  MemoryUsage of job (MB)
	996292  -  ResidentSetSize of job (KB)
...
006 (6327779.000.000) 11/14 13:03:18 Image size of job updated: 1049828
	1026  -  MemoryUsage of job (MB)
	1049644  -  ResidentSetSize of job (KB)
...
006 (6327779.000.000) 11/14 13:08:19 Image size of job updated: 1051100
	1027  -  MemoryUsage of job (MB)
	1050916  -  ResidentSetSize of job (KB)
...
006 (6327779.000.000) 11/14 13:13:19 Image size of job updated: 1052452
	1028  -  MemoryUsage of job (MB)
	1052268  -  ResidentSetSize of job (KB)
...
006 (6327779.000.000) 11/14 13:18:19 Image size of job updated: 1052496
	1028  -  MemoryUsage of job (MB)
	1052312  -  ResidentSetSize of job (KB)
...
006 (6327779.000.000) 11/14 13:23:20 Image size of job updated: 1052996
	1029  -  MemoryUsage of job (MB)
	1052812  -  ResidentSetSize of job (KB)
...
006 (6327779.000.000) 11/14 13:28:21 Image size of job updated: 1053044
	1029  -  MemoryUsage of job (MB)
	1052860  -  ResidentSetSize of job (KB)
...
006 (6327779.000.000) 11/14 13:33:21 Image size of job updated: 1054232
	1030  -  MemoryUsage of job (MB)
	1054048  -  ResidentSetSize of job (KB)
...
006 (6327779.000.000) 11/14 13:38:22 Image size of job updated: 1054232
	1030  -  MemoryUsage of job (MB)
	1054260  -  ResidentSetSize of job (KB)
...
006 (6327779.000.000) 11/14 13:43:23 Image size of job updated: 1070432
	1046  -  MemoryUsage of job (MB)
	1070248  -  ResidentSetSize of job (KB)
...
006 (6327779.000.000) 11/14 13:48:23 Image size of job updated: 1073080
	1048  -  MemoryUsage of job (MB)
	1072896  -  ResidentSetSize of job (KB)
...
006 (6327779.000.000) 11/14 13:53:04 Image size of job updated: 1547000
	1048  -  MemoryUsage of job (MB)
	1072896  -  ResidentSetSize of job (KB)
...
005 (6327779.000.000) 11/14 13:53:04 Job terminated.
	(1) Normal termination (return value 0)
		Usr 0 00:52:31, Sys 0 00:00:41  -  Run Remote Usage
		Usr 0 00:00:00, Sys 0 00:00:00  -  Run Local Usage
		Usr 0 00:52:31, Sys 0 00:00:41  -  Total Remote Usage
		Usr 0 00:00:00, Sys 0 00:00:00  -  Total Local Usage
	0  -  Run Bytes Sent By Job
	0  -  Run Bytes Received By Job
	0  -  Total Bytes Sent By Job
	0  -  Total Bytes Received By Job
	Partitionable Resources :    Usage  Request Allocated
	   Cpus                 :                 1         1
	   Disk (KB)            :       10       10  32976373
	   Memory (MB)          :     1048        1      2005
...
