000 (6327712.000.000) 11/14 12:57:17 Job submitted from host: <130.199.153.67:9618?addrs=130.199.153.67-9618&noUDP&sock=7357_7f42_4>
...
001 (6327712.000.000) 11/14 12:57:56 Job executing on host: <130.199.202.50:9618?addrs=130.199.202.50-9618&noUDP&sock=22303_b7a9_3>
...
006 (6327712.000.000) 11/14 12:58:05 Image size of job updated: 1000480
	952  -  MemoryUsage of job (MB)
	973924  -  ResidentSetSize of job (KB)
...
006 (6327712.000.000) 11/14 13:03:05 Image size of job updated: 1056764
	1007  -  MemoryUsage of job (MB)
	1030208  -  ResidentSetSize of job (KB)
...
006 (6327712.000.000) 11/14 13:08:05 Image size of job updated: 1057596
	1007  -  MemoryUsage of job (MB)
	1031040  -  ResidentSetSize of job (KB)
...
006 (6327712.000.000) 11/14 13:13:06 Image size of job updated: 1058400
	1008  -  MemoryUsage of job (MB)
	1031844  -  ResidentSetSize of job (KB)
...
006 (6327712.000.000) 11/14 13:18:07 Image size of job updated: 1059680
	1009  -  MemoryUsage of job (MB)
	1033124  -  ResidentSetSize of job (KB)
...
006 (6327712.000.000) 11/14 13:23:07 Image size of job updated: 1059728
	1009  -  MemoryUsage of job (MB)
	1033172  -  ResidentSetSize of job (KB)
...
006 (6327712.000.000) 11/14 13:28:07 Image size of job updated: 1059784
	1010  -  MemoryUsage of job (MB)
	1033228  -  ResidentSetSize of job (KB)
...
006 (6327712.000.000) 11/14 13:33:08 Image size of job updated: 1059828
	1010  -  MemoryUsage of job (MB)
	1033272  -  ResidentSetSize of job (KB)
...
006 (6327712.000.000) 11/14 13:38:08 Image size of job updated: 1059904
	1010  -  MemoryUsage of job (MB)
	1033348  -  ResidentSetSize of job (KB)
...
006 (6327712.000.000) 11/14 13:43:08 Image size of job updated: 1059952
	1010  -  MemoryUsage of job (MB)
	1033396  -  ResidentSetSize of job (KB)
...
006 (6327712.000.000) 11/14 13:48:09 Image size of job updated: 1060008
	1010  -  MemoryUsage of job (MB)
	1033452  -  ResidentSetSize of job (KB)
...
006 (6327712.000.000) 11/14 13:53:10 Image size of job updated: 1060056
	1010  -  MemoryUsage of job (MB)
	1033500  -  ResidentSetSize of job (KB)
...
006 (6327712.000.000) 11/14 13:58:10 Image size of job updated: 1060092
	1010  -  MemoryUsage of job (MB)
	1033536  -  ResidentSetSize of job (KB)
...
006 (6327712.000.000) 11/14 14:03:11 Image size of job updated: 1060648
	1010  -  MemoryUsage of job (MB)
	1034092  -  ResidentSetSize of job (KB)
...
006 (6327712.000.000) 11/14 14:08:12 Image size of job updated: 1060676
	1010  -  MemoryUsage of job (MB)
	1034120  -  ResidentSetSize of job (KB)
...
006 (6327712.000.000) 11/14 14:13:12 Image size of job updated: 1060696
	1010  -  MemoryUsage of job (MB)
	1034140  -  ResidentSetSize of job (KB)
...
006 (6327712.000.000) 11/14 14:18:12 Image size of job updated: 1060724
	1010  -  MemoryUsage of job (MB)
	1034168  -  ResidentSetSize of job (KB)
...
006 (6327712.000.000) 11/14 14:23:14 Image size of job updated: 1060776
	1010  -  MemoryUsage of job (MB)
	1034220  -  ResidentSetSize of job (KB)
...
006 (6327712.000.000) 11/14 14:28:14 Image size of job updated: 1060804
	1011  -  MemoryUsage of job (MB)
	1034248  -  ResidentSetSize of job (KB)
...
006 (6327712.000.000) 11/14 14:33:14 Image size of job updated: 1060824
	1011  -  MemoryUsage of job (MB)
	1034268  -  ResidentSetSize of job (KB)
...
006 (6327712.000.000) 11/14 14:38:15 Image size of job updated: 1060860
	1011  -  MemoryUsage of job (MB)
	1034304  -  ResidentSetSize of job (KB)
...
006 (6327712.000.000) 11/14 14:43:16 Image size of job updated: 1060900
	1011  -  MemoryUsage of job (MB)
	1034344  -  ResidentSetSize of job (KB)
...
006 (6327712.000.000) 11/14 14:48:16 Image size of job updated: 1060920
	1011  -  MemoryUsage of job (MB)
	1034364  -  ResidentSetSize of job (KB)
...
006 (6327712.000.000) 11/14 14:53:16 Image size of job updated: 1060952
	1011  -  MemoryUsage of job (MB)
	1034396  -  ResidentSetSize of job (KB)
...
005 (6327712.000.000) 11/14 14:54:03 Job terminated.
	(1) Normal termination (return value 0)
		Usr 0 01:55:23, Sys 0 00:01:41  -  Run Remote Usage
		Usr 0 00:00:00, Sys 0 00:00:00  -  Run Local Usage
		Usr 0 01:55:23, Sys 0 00:01:41  -  Total Remote Usage
		Usr 0 00:00:00, Sys 0 00:00:00  -  Total Local Usage
	0  -  Run Bytes Sent By Job
	0  -  Run Bytes Received By Job
	0  -  Total Bytes Sent By Job
	0  -  Total Bytes Received By Job
	Partitionable Resources :    Usage  Request Allocated
	   Cpus                 :                 1         1
	   Disk (KB)            :       10       10  65479115
	   Memory (MB)          :     1011        1      2008
...
