000 (6327929.000.000) 11/14 12:57:26 Job submitted from host: <130.199.153.67:9618?addrs=130.199.153.67-9618&noUDP&sock=7357_7f42_4>
...
001 (6327929.000.000) 11/14 12:58:35 Job executing on host: <130.199.152.83:9618?addrs=130.199.152.83-9618&noUDP&sock=22571_893a_3>
...
006 (6327929.000.000) 11/14 12:58:44 Image size of job updated: 971704
	949  -  MemoryUsage of job (MB)
	971520  -  ResidentSetSize of job (KB)
...
006 (6327929.000.000) 11/14 13:03:45 Image size of job updated: 974960
	952  -  MemoryUsage of job (MB)
	974776  -  ResidentSetSize of job (KB)
...
005 (6327929.000.000) 11/14 13:04:06 Job terminated.
	(1) Normal termination (return value 0)
		Usr 0 00:05:17, Sys 0 00:00:05  -  Run Remote Usage
		Usr 0 00:00:00, Sys 0 00:00:00  -  Run Local Usage
		Usr 0 00:05:17, Sys 0 00:00:05  -  Total Remote Usage
		Usr 0 00:00:00, Sys 0 00:00:00  -  Total Local Usage
	0  -  Run Bytes Sent By Job
	0  -  Run Bytes Received By Job
	0  -  Total Bytes Sent By Job
	0  -  Total Bytes Received By Job
	Partitionable Resources :    Usage  Request Allocated
	   Cpus                 :                 1         1
	   Disk (KB)            :       10       10  56895473
	   Memory (MB)          :      952        1      2005
...
