000 (6327793.000.000) 11/14 12:57:22 Job submitted from host: <130.199.153.67:9618?addrs=130.199.153.67-9618&noUDP&sock=7357_7f42_4>
...
001 (6327793.000.000) 11/14 12:58:11 Job executing on host: <130.199.152.71:9618?addrs=130.199.152.71-9618&noUDP&sock=22489_9586_3>
...
006 (6327793.000.000) 11/14 12:58:19 Image size of job updated: 984520
	962  -  MemoryUsage of job (MB)
	984336  -  ResidentSetSize of job (KB)
...
006 (6327793.000.000) 11/14 13:03:19 Image size of job updated: 1039696
	1016  -  MemoryUsage of job (MB)
	1039512  -  ResidentSetSize of job (KB)
...
006 (6327793.000.000) 11/14 13:08:20 Image size of job updated: 1040652
	1017  -  MemoryUsage of job (MB)
	1040468  -  ResidentSetSize of job (KB)
...
006 (6327793.000.000) 11/14 13:13:21 Image size of job updated: 1041332
	1017  -  MemoryUsage of job (MB)
	1041148  -  ResidentSetSize of job (KB)
...
006 (6327793.000.000) 11/14 13:18:21 Image size of job updated: 1042068
	1018  -  MemoryUsage of job (MB)
	1041884  -  ResidentSetSize of job (KB)
...
006 (6327793.000.000) 11/14 13:23:21 Image size of job updated: 1042116
	1018  -  MemoryUsage of job (MB)
	1041932  -  ResidentSetSize of job (KB)
...
006 (6327793.000.000) 11/14 13:28:22 Image size of job updated: 1042548
	1018  -  MemoryUsage of job (MB)
	1042364  -  ResidentSetSize of job (KB)
...
006 (6327793.000.000) 11/14 13:33:22 Image size of job updated: 1042608
	1018  -  MemoryUsage of job (MB)
	1042424  -  ResidentSetSize of job (KB)
...
006 (6327793.000.000) 11/14 13:38:22 Image size of job updated: 1042668
	1019  -  MemoryUsage of job (MB)
	1042484  -  ResidentSetSize of job (KB)
...
006 (6327793.000.000) 11/14 13:41:44 Image size of job updated: 1050244
	1019  -  MemoryUsage of job (MB)
	1042484  -  ResidentSetSize of job (KB)
...
005 (6327793.000.000) 11/14 13:41:44 Job terminated.
	(1) Normal termination (return value 0)
		Usr 0 00:42:45, Sys 0 00:00:33  -  Run Remote Usage
		Usr 0 00:00:00, Sys 0 00:00:00  -  Run Local Usage
		Usr 0 00:42:45, Sys 0 00:00:33  -  Total Remote Usage
		Usr 0 00:00:00, Sys 0 00:00:00  -  Total Local Usage
	0  -  Run Bytes Sent By Job
	0  -  Run Bytes Received By Job
	0  -  Total Bytes Sent By Job
	0  -  Total Bytes Received By Job
	Partitionable Resources :    Usage  Request Allocated
	   Cpus                 :                 1         1
	   Disk (KB)            :       10       10  56895304
	   Memory (MB)          :     1019        1      2005
...
