000 (6327710.000.000) 11/14 12:57:17 Job submitted from host: <130.199.153.67:9618?addrs=130.199.153.67-9618&noUDP&sock=7357_7f42_4>
...
001 (6327710.000.000) 11/14 12:57:56 Job executing on host: <130.199.152.69:9618?addrs=130.199.152.69-9618&noUDP&sock=22512_dd00_3>
...
006 (6327710.000.000) 11/14 12:58:05 Image size of job updated: 990860
	942  -  MemoryUsage of job (MB)
	964304  -  ResidentSetSize of job (KB)
...
006 (6327710.000.000) 11/14 13:03:06 Image size of job updated: 993656
	945  -  MemoryUsage of job (MB)
	967100  -  ResidentSetSize of job (KB)
...
006 (6327710.000.000) 11/14 13:08:06 Image size of job updated: 1039668
	990  -  MemoryUsage of job (MB)
	1013112  -  ResidentSetSize of job (KB)
...
006 (6327710.000.000) 11/14 13:13:06 Image size of job updated: 1050924
	1001  -  MemoryUsage of job (MB)
	1024368  -  ResidentSetSize of job (KB)
...
006 (6327710.000.000) 11/14 13:18:07 Image size of job updated: 1051052
	1001  -  MemoryUsage of job (MB)
	1024496  -  ResidentSetSize of job (KB)
...
006 (6327710.000.000) 11/14 13:23:08 Image size of job updated: 1051424
	1001  -  MemoryUsage of job (MB)
	1024868  -  ResidentSetSize of job (KB)
...
006 (6327710.000.000) 11/14 13:28:08 Image size of job updated: 1095076
	1044  -  MemoryUsage of job (MB)
	1068520  -  ResidentSetSize of job (KB)
...
006 (6327710.000.000) 11/14 13:33:09 Image size of job updated: 1095116
	1044  -  MemoryUsage of job (MB)
	1068560  -  ResidentSetSize of job (KB)
...
006 (6327710.000.000) 11/14 13:38:10 Image size of job updated: 1095148
	1044  -  MemoryUsage of job (MB)
	1068592  -  ResidentSetSize of job (KB)
...
006 (6327710.000.000) 11/14 13:43:10 Image size of job updated: 1095152
	1044  -  MemoryUsage of job (MB)
	1068596  -  ResidentSetSize of job (KB)
...
006 (6327710.000.000) 11/14 13:53:11 Image size of job updated: 1095156
	1044  -  MemoryUsage of job (MB)
	1068600  -  ResidentSetSize of job (KB)
...
006 (6327710.000.000) 11/14 14:03:12 Image size of job updated: 1095164
	1044  -  MemoryUsage of job (MB)
	1068608  -  ResidentSetSize of job (KB)
...
006 (6327710.000.000) 11/14 14:13:13 Image size of job updated: 1095516
	1044  -  MemoryUsage of job (MB)
	1068960  -  ResidentSetSize of job (KB)
...
006 (6327710.000.000) 11/14 14:38:15 Image size of job updated: 1095796
	1045  -  MemoryUsage of job (MB)
	1069240  -  ResidentSetSize of job (KB)
...
006 (6327710.000.000) 11/14 14:58:17 Image size of job updated: 1095800
	1045  -  MemoryUsage of job (MB)
	1069244  -  ResidentSetSize of job (KB)
...
006 (6327710.000.000) 11/14 15:23:20 Image size of job updated: 1096276
	1045  -  MemoryUsage of job (MB)
	1069720  -  ResidentSetSize of job (KB)
...
006 (6327710.000.000) 11/14 15:28:20 Image size of job updated: 1096336
	1045  -  MemoryUsage of job (MB)
	1069780  -  ResidentSetSize of job (KB)
...
006 (6327710.000.000) 11/14 15:38:21 Image size of job updated: 1096340
	1045  -  MemoryUsage of job (MB)
	1069784  -  ResidentSetSize of job (KB)
...
006 (6327710.000.000) 11/14 15:43:21 Image size of job updated: 1096644
	1046  -  MemoryUsage of job (MB)
	1070088  -  ResidentSetSize of job (KB)
...
006 (6327710.000.000) 11/14 15:48:21 Image size of job updated: 1096648
	1046  -  MemoryUsage of job (MB)
	1070092  -  ResidentSetSize of job (KB)
...
006 (6327710.000.000) 11/14 16:33:27 Image size of job updated: 1096652
	1046  -  MemoryUsage of job (MB)
	1070096  -  ResidentSetSize of job (KB)
...
006 (6327710.000.000) 11/14 16:43:28 Image size of job updated: 1096896
	1046  -  MemoryUsage of job (MB)
	1070340  -  ResidentSetSize of job (KB)
...
006 (6327710.000.000) 11/14 16:48:29 Image size of job updated: 1096896
	1046  -  MemoryUsage of job (MB)
	1070344  -  ResidentSetSize of job (KB)
...
006 (6327710.000.000) 11/14 17:43:33 Image size of job updated: 1096932
	1046  -  MemoryUsage of job (MB)
	1070376  -  ResidentSetSize of job (KB)
...
006 (6327710.000.000) 11/14 21:28:58 Image size of job updated: 1097072
	1046  -  MemoryUsage of job (MB)
	1070376  -  ResidentSetSize of job (KB)
...
006 (6327710.000.000) 11/14 21:30:45 Image size of job updated: 1517500
	1046  -  MemoryUsage of job (MB)
	1070376  -  ResidentSetSize of job (KB)
...
005 (6327710.000.000) 11/14 21:30:45 Job terminated.
	(1) Normal termination (return value 0)
		Usr 0 08:32:11, Sys 0 00:04:49  -  Run Remote Usage
		Usr 0 00:00:00, Sys 0 00:00:00  -  Run Local Usage
		Usr 0 08:32:11, Sys 0 00:04:49  -  Total Remote Usage
		Usr 0 00:00:00, Sys 0 00:00:00  -  Total Local Usage
	0  -  Run Bytes Sent By Job
	0  -  Run Bytes Received By Job
	0  -  Total Bytes Sent By Job
	0  -  Total Bytes Received By Job
	Partitionable Resources :    Usage  Request Allocated
	   Cpus                 :                 1         1
	   Disk (KB)            :       10       10  56895444
	   Memory (MB)          :     1046        1      2005
...
