000 (6327668.000.000) 11/14 12:57:17 Job submitted from host: <130.199.153.67:9618?addrs=130.199.153.67-9618&noUDP&sock=7357_7f42_4>
...
001 (6327668.000.000) 11/14 12:57:49 Job executing on host: <130.199.152.38:9618?addrs=130.199.152.38-9618&noUDP&sock=22445_a89c_3>
...
006 (6327668.000.000) 11/14 12:57:57 Image size of job updated: 993780
	945  -  MemoryUsage of job (MB)
	967204  -  ResidentSetSize of job (KB)
...
006 (6327668.000.000) 11/14 13:02:57 Image size of job updated: 995364
	947  -  MemoryUsage of job (MB)
	968788  -  ResidentSetSize of job (KB)
...
006 (6327668.000.000) 11/14 13:07:57 Image size of job updated: 1049872
	1000  -  MemoryUsage of job (MB)
	1023296  -  ResidentSetSize of job (KB)
...
006 (6327668.000.000) 11/14 13:12:59 Image size of job updated: 1066456
	1016  -  MemoryUsage of job (MB)
	1039880  -  ResidentSetSize of job (KB)
...
006 (6327668.000.000) 11/14 13:17:59 Image size of job updated: 1066464
	1016  -  MemoryUsage of job (MB)
	1039888  -  ResidentSetSize of job (KB)
...
006 (6327668.000.000) 11/14 13:22:59 Image size of job updated: 1090296
	1039  -  MemoryUsage of job (MB)
	1063720  -  ResidentSetSize of job (KB)
...
006 (6327668.000.000) 11/14 13:28:00 Image size of job updated: 1101580
	1050  -  MemoryUsage of job (MB)
	1075004  -  ResidentSetSize of job (KB)
...
