000 (6327858.000.000) 11/14 12:57:26 Job submitted from host: <130.199.153.67:9618?addrs=130.199.153.67-9618&noUDP&sock=7357_7f42_4>
...
001 (6327858.000.000) 11/14 12:58:21 Job executing on host: <130.199.202.2:9618?addrs=130.199.202.2-9618&noUDP&sock=38052_13bd_3>
...
006 (6327858.000.000) 11/14 12:58:30 Image size of job updated: 961536
	939  -  MemoryUsage of job (MB)
	961352  -  ResidentSetSize of job (KB)
...
006 (6327858.000.000) 11/14 13:03:31 Image size of job updated: 1011940
	989  -  MemoryUsage of job (MB)
	1011756  -  ResidentSetSize of job (KB)
...
006 (6327858.000.000) 11/14 13:08:31 Image size of job updated: 1012020
	989  -  MemoryUsage of job (MB)
	1011836  -  ResidentSetSize of job (KB)
...
006 (6327858.000.000) 11/14 13:13:31 Image size of job updated: 1012580
	989  -  MemoryUsage of job (MB)
	1012396  -  ResidentSetSize of job (KB)
...
006 (6327858.000.000) 11/14 13:18:32 Image size of job updated: 1012620
	989  -  MemoryUsage of job (MB)
	1012436  -  ResidentSetSize of job (KB)
...
006 (6327858.000.000) 11/14 13:22:39 Image size of job updated: 1028512
	989  -  MemoryUsage of job (MB)
	1012436  -  ResidentSetSize of job (KB)
...
005 (6327858.000.000) 11/14 13:22:39 Job terminated.
	(1) Normal termination (return value 0)
		Usr 0 00:24:13, Sys 0 00:00:24  -  Run Remote Usage
		Usr 0 00:00:00, Sys 0 00:00:00  -  Run Local Usage
		Usr 0 00:24:13, Sys 0 00:00:24  -  Total Remote Usage
		Usr 0 00:00:00, Sys 0 00:00:00  -  Total Local Usage
	0  -  Run Bytes Sent By Job
	0  -  Run Bytes Received By Job
	0  -  Total Bytes Sent By Job
	0  -  Total Bytes Received By Job
	Partitionable Resources :    Usage  Request Allocated
	   Cpus                 :                 1         1
	   Disk (KB)            :       10       10  47541082
	   Memory (MB)          :      989        1      2008
...
