000 (6327871.000.000) 11/14 12:57:26 Job submitted from host: <130.199.153.67:9618?addrs=130.199.153.67-9618&noUDP&sock=7357_7f42_4>
...
001 (6327871.000.000) 11/14 12:58:23 Job executing on host: <130.199.202.5:9618?addrs=130.199.202.5-9618&noUDP&sock=29158_3d07_3>
...
006 (6327871.000.000) 11/14 12:58:32 Image size of job updated: 965052
	940  -  MemoryUsage of job (MB)
	962328  -  ResidentSetSize of job (KB)
...
006 (6327871.000.000) 11/14 13:03:33 Image size of job updated: 967668
	943  -  MemoryUsage of job (MB)
	964944  -  ResidentSetSize of job (KB)
...
006 (6327871.000.000) 11/14 13:08:33 Image size of job updated: 1016192
	990  -  MemoryUsage of job (MB)
	1013468  -  ResidentSetSize of job (KB)
...
005 (6327871.000.000) 11/14 13:10:45 Job terminated.
	(1) Normal termination (return value 0)
		Usr 0 00:12:05, Sys 0 00:00:18  -  Run Remote Usage
		Usr 0 00:00:00, Sys 0 00:00:00  -  Run Local Usage
		Usr 0 00:12:05, Sys 0 00:00:18  -  Total Remote Usage
		Usr 0 00:00:00, Sys 0 00:00:00  -  Total Local Usage
	0  -  Run Bytes Sent By Job
	0  -  Run Bytes Received By Job
	0  -  Total Bytes Sent By Job
	0  -  Total Bytes Received By Job
	Partitionable Resources :    Usage  Request Allocated
	   Cpus                 :                 1         1
	   Disk (KB)            :       10       10  47541051
	   Memory (MB)          :      990        1      2008
...
