000 (6327897.000.000) 11/14 12:57:26 Job submitted from host: <130.199.153.67:9618?addrs=130.199.153.67-9618&noUDP&sock=7357_7f42_4>
...
001 (6327897.000.000) 11/14 12:58:28 Job executing on host: <130.199.153.80:9618?addrs=130.199.153.80-9618&noUDP&sock=21592_b1e5_3>
...
006 (6327897.000.000) 11/14 12:58:37 Image size of job updated: 1011608
	988  -  MemoryUsage of job (MB)
	1011424  -  ResidentSetSize of job (KB)
...
005 (6327897.000.000) 11/14 13:00:39 Job terminated.
	(1) Normal termination (return value 0)
		Usr 0 00:01:50, Sys 0 00:00:04  -  Run Remote Usage
		Usr 0 00:00:00, Sys 0 00:00:00  -  Run Local Usage
		Usr 0 00:01:50, Sys 0 00:00:04  -  Total Remote Usage
		Usr 0 00:00:00, Sys 0 00:00:00  -  Total Local Usage
	0  -  Run Bytes Sent By Job
	0  -  Run Bytes Received By Job
	0  -  Total Bytes Sent By Job
	0  -  Total Bytes Received By Job
	Partitionable Resources :    Usage  Request Allocated
	   Cpus                 :                 1         1
	   Disk (KB)            :       10       10  47328247
	   Memory (MB)          :      988        1      2005
...
