000 (6327928.000.000) 11/14 12:57:26 Job submitted from host: <130.199.153.67:9618?addrs=130.199.153.67-9618&noUDP&sock=7357_7f42_4>
...
001 (6327928.000.000) 11/14 12:58:35 Job executing on host: <130.199.152.87:9618?addrs=130.199.152.87-9618&noUDP&sock=22569_e72f_3>
...
006 (6327928.000.000) 11/14 12:58:44 Image size of job updated: 998880
	950  -  MemoryUsage of job (MB)
	972324  -  ResidentSetSize of job (KB)
...
005 (6327928.000.000) 11/14 12:59:18 Job terminated.
	(1) Normal termination (return value 0)
		Usr 0 00:00:36, Sys 0 00:00:02  -  Run Remote Usage
		Usr 0 00:00:00, Sys 0 00:00:00  -  Run Local Usage
		Usr 0 00:00:36, Sys 0 00:00:02  -  Total Remote Usage
		Usr 0 00:00:00, Sys 0 00:00:00  -  Total Local Usage
	0  -  Run Bytes Sent By Job
	0  -  Run Bytes Received By Job
	0  -  Total Bytes Sent By Job
	0  -  Total Bytes Received By Job
	Partitionable Resources :    Usage  Request Allocated
	   Cpus                 :                 1         1
	   Disk (KB)            :       10       10  56895331
	   Memory (MB)          :      950        1      2005
...
