000 (6327718.000.000) 11/14 12:57:17 Job submitted from host: <130.199.153.67:9618?addrs=130.199.153.67-9618&noUDP&sock=7357_7f42_4>
...
001 (6327718.000.000) 11/14 12:57:58 Job executing on host: <130.199.202.54:9618?addrs=130.199.202.54-9618&noUDP&sock=13693_c2d9_3>
...
006 (6327718.000.000) 11/14 12:58:07 Image size of job updated: 980168
	957  -  MemoryUsage of job (MB)
	979764  -  ResidentSetSize of job (KB)
...
006 (6327718.000.000) 11/14 13:03:08 Image size of job updated: 1034336
	1010  -  MemoryUsage of job (MB)
	1033932  -  ResidentSetSize of job (KB)
...
006 (6327718.000.000) 11/14 13:08:09 Image size of job updated: 1034520
	1010  -  MemoryUsage of job (MB)
	1034116  -  ResidentSetSize of job (KB)
...
006 (6327718.000.000) 11/14 13:13:09 Image size of job updated: 1035192
	1011  -  MemoryUsage of job (MB)
	1034788  -  ResidentSetSize of job (KB)
...
006 (6327718.000.000) 11/14 13:18:10 Image size of job updated: 1035964
	1012  -  MemoryUsage of job (MB)
	1035560  -  ResidentSetSize of job (KB)
...
006 (6327718.000.000) 11/14 13:23:11 Image size of job updated: 1037152
	1013  -  MemoryUsage of job (MB)
	1036748  -  ResidentSetSize of job (KB)
...
006 (6327718.000.000) 11/14 13:28:11 Image size of job updated: 1037172
	1013  -  MemoryUsage of job (MB)
	1036768  -  ResidentSetSize of job (KB)
...
006 (6327718.000.000) 11/14 13:33:11 Image size of job updated: 1037356
	1013  -  MemoryUsage of job (MB)
	1036952  -  ResidentSetSize of job (KB)
...
006 (6327718.000.000) 11/14 13:38:12 Image size of job updated: 1037384
	1013  -  MemoryUsage of job (MB)
	1036980  -  ResidentSetSize of job (KB)
...
