000 (6327831.000.000) 11/14 12:57:22 Job submitted from host: <130.199.153.67:9618?addrs=130.199.153.67-9618&noUDP&sock=7357_7f42_4>
...
001 (6327831.000.000) 11/14 12:58:17 Job executing on host: <130.199.201.23:9618?addrs=130.199.201.23-9618&noUDP&sock=23361_8fa2_3>
...
006 (6327831.000.000) 11/14 12:58:26 Image size of job updated: 988704
	940  -  MemoryUsage of job (MB)
	962016  -  ResidentSetSize of job (KB)
...
006 (6327831.000.000) 11/14 13:03:27 Image size of job updated: 990956
	942  -  MemoryUsage of job (MB)
	964268  -  ResidentSetSize of job (KB)
...
006 (6327831.000.000) 11/14 13:08:28 Image size of job updated: 1036280
	986  -  MemoryUsage of job (MB)
	1009592  -  ResidentSetSize of job (KB)
...
006 (6327831.000.000) 11/14 13:13:28 Image size of job updated: 1038084
	988  -  MemoryUsage of job (MB)
	1011396  -  ResidentSetSize of job (KB)
...
006 (6327831.000.000) 11/14 13:18:28 Image size of job updated: 1038468
	989  -  MemoryUsage of job (MB)
	1011780  -  ResidentSetSize of job (KB)
...
006 (6327831.000.000) 11/14 13:23:29 Image size of job updated: 1038660
	989  -  MemoryUsage of job (MB)
	1011972  -  ResidentSetSize of job (KB)
...
006 (6327831.000.000) 11/14 13:28:30 Image size of job updated: 1038908
	989  -  MemoryUsage of job (MB)
	1012220  -  ResidentSetSize of job (KB)
...
006 (6327831.000.000) 11/14 13:33:30 Image size of job updated: 1039568
	990  -  MemoryUsage of job (MB)
	1012880  -  ResidentSetSize of job (KB)
...
006 (6327831.000.000) 11/14 13:38:30 Image size of job updated: 1040092
	990  -  MemoryUsage of job (MB)
	1013336  -  ResidentSetSize of job (KB)
...
