000 (6327828.000.000) 11/14 12:57:22 Job submitted from host: <130.199.153.67:9618?addrs=130.199.153.67-9618&noUDP&sock=7357_7f42_4>
...
001 (6327828.000.000) 11/14 12:58:17 Job executing on host: <130.199.201.11:9618?addrs=130.199.201.11-9618&noUDP&sock=23200_9b4a_3>
...
006 (6327828.000.000) 11/14 12:58:25 Image size of job updated: 515360
	478  -  MemoryUsage of job (MB)
	488704  -  ResidentSetSize of job (KB)
...
006 (6327828.000.000) 11/14 13:03:25 Image size of job updated: 1048008
	998  -  MemoryUsage of job (MB)
	1021268  -  ResidentSetSize of job (KB)
...
006 (6327828.000.000) 11/14 13:08:26 Image size of job updated: 1048172
	998  -  MemoryUsage of job (MB)
	1021432  -  ResidentSetSize of job (KB)
...
006 (6327828.000.000) 11/14 13:13:26 Image size of job updated: 1053740
	1003  -  MemoryUsage of job (MB)
	1027000  -  ResidentSetSize of job (KB)
...
006 (6327828.000.000) 11/14 13:18:26 Image size of job updated: 1054108
	1004  -  MemoryUsage of job (MB)
	1027368  -  ResidentSetSize of job (KB)
...
006 (6327828.000.000) 11/14 13:23:27 Image size of job updated: 1054220
	1004  -  MemoryUsage of job (MB)
	1027480  -  ResidentSetSize of job (KB)
...
006 (6327828.000.000) 11/14 13:28:28 Image size of job updated: 1054340
	1004  -  MemoryUsage of job (MB)
	1027600  -  ResidentSetSize of job (KB)
...
006 (6327828.000.000) 11/14 13:33:28 Image size of job updated: 1054848
	1005  -  MemoryUsage of job (MB)
	1028108  -  ResidentSetSize of job (KB)
...
