000 (6327836.000.000) 11/14 12:57:22 Job submitted from host: <130.199.153.67:9618?addrs=130.199.153.67-9618&noUDP&sock=7357_7f42_4>
...
001 (6327836.000.000) 11/14 12:58:18 Job executing on host: <130.199.201.51:9618?addrs=130.199.201.51-9618&noUDP&sock=19151_2633_3>
...
006 (6327836.000.000) 11/14 12:58:27 Image size of job updated: 966628
	944  -  MemoryUsage of job (MB)
	966444  -  ResidentSetSize of job (KB)
...
006 (6327836.000.000) 11/14 13:03:28 Image size of job updated: 1020140
	997  -  MemoryUsage of job (MB)
	1019956  -  ResidentSetSize of job (KB)
...
006 (6327836.000.000) 11/14 13:08:29 Image size of job updated: 1024528
	1001  -  MemoryUsage of job (MB)
	1024344  -  ResidentSetSize of job (KB)
...
006 (6327836.000.000) 11/14 13:13:29 Image size of job updated: 1024736
	1001  -  MemoryUsage of job (MB)
	1024552  -  ResidentSetSize of job (KB)
...
006 (6327836.000.000) 11/14 13:18:29 Image size of job updated: 1025016
	1001  -  MemoryUsage of job (MB)
	1024832  -  ResidentSetSize of job (KB)
...
006 (6327836.000.000) 11/14 13:23:30 Image size of job updated: 1025260
	1002  -  MemoryUsage of job (MB)
	1025076  -  ResidentSetSize of job (KB)
...
006 (6327836.000.000) 11/14 13:28:31 Image size of job updated: 1025388
	1002  -  MemoryUsage of job (MB)
	1025204  -  ResidentSetSize of job (KB)
...
006 (6327836.000.000) 11/14 13:33:31 Image size of job updated: 1025924
	1002  -  MemoryUsage of job (MB)
	1025740  -  ResidentSetSize of job (KB)
...
