000 (6327696.000.000) 11/14 12:57:17 Job submitted from host: <130.199.153.67:9618?addrs=130.199.153.67-9618&noUDP&sock=7357_7f42_4>
...
001 (6327696.000.000) 11/14 12:57:54 Job executing on host: <130.199.150.198:9618?addrs=130.199.150.198-9618&noUDP&sock=8674_4f9c_3>
...
006 (6327696.000.000) 11/14 12:58:03 Image size of job updated: 993420
	945  -  MemoryUsage of job (MB)
	966996  -  ResidentSetSize of job (KB)
...
006 (6327696.000.000) 11/14 13:03:04 Image size of job updated: 995228
	947  -  MemoryUsage of job (MB)
	968804  -  ResidentSetSize of job (KB)
...
006 (6327696.000.000) 11/14 13:08:04 Image size of job updated: 1040088
	990  -  MemoryUsage of job (MB)
	1013664  -  ResidentSetSize of job (KB)
...
006 (6327696.000.000) 11/14 13:13:04 Image size of job updated: 1040108
	990  -  MemoryUsage of job (MB)
	1013684  -  ResidentSetSize of job (KB)
...
006 (6327696.000.000) 11/14 13:18:05 Image size of job updated: 1040180
	990  -  MemoryUsage of job (MB)
	1013756  -  ResidentSetSize of job (KB)
...
006 (6327696.000.000) 11/14 13:23:06 Image size of job updated: 1045692
	996  -  MemoryUsage of job (MB)
	1019268  -  ResidentSetSize of job (KB)
...
006 (6327696.000.000) 11/14 13:28:06 Image size of job updated: 1045748
	996  -  MemoryUsage of job (MB)
	1019324  -  ResidentSetSize of job (KB)
...
006 (6327696.000.000) 11/14 13:33:06 Image size of job updated: 1045748
	996  -  MemoryUsage of job (MB)
	1019344  -  ResidentSetSize of job (KB)
...
006 (6327696.000.000) 11/14 13:38:07 Image size of job updated: 1045748
	996  -  MemoryUsage of job (MB)
	1019836  -  ResidentSetSize of job (KB)
...
