000 (6327924.000.000) 11/14 12:57:26 Job submitted from host: <130.199.153.67:9618?addrs=130.199.153.67-9618&noUDP&sock=7357_7f42_4>
...
001 (6327924.000.000) 11/14 12:58:34 Job executing on host: <130.199.152.74:9618?addrs=130.199.152.74-9618&noUDP&sock=22643_52b9_3>
...
006 (6327924.000.000) 11/14 12:58:42 Image size of job updated: 989976
	941  -  MemoryUsage of job (MB)
	963440  -  ResidentSetSize of job (KB)
...
006 (6327924.000.000) 11/14 13:00:12 Image size of job updated: 989976
	942  -  MemoryUsage of job (MB)
	964284  -  ResidentSetSize of job (KB)
...
005 (6327924.000.000) 11/14 13:00:12 Job terminated.
	(1) Normal termination (return value 0)
		Usr 0 00:01:22, Sys 0 00:00:04  -  Run Remote Usage
		Usr 0 00:00:00, Sys 0 00:00:00  -  Run Local Usage
		Usr 0 00:01:22, Sys 0 00:00:04  -  Total Remote Usage
		Usr 0 00:00:00, Sys 0 00:00:00  -  Total Local Usage
	0  -  Run Bytes Sent By Job
	0  -  Run Bytes Received By Job
	0  -  Total Bytes Sent By Job
	0  -  Total Bytes Received By Job
	Partitionable Resources :    Usage  Request Allocated
	   Cpus                 :                 1         1
	   Disk (KB)            :       10       10  56894974
	   Memory (MB)          :      942        1      2005
...
