000 (6327801.000.000) 11/14 12:57:22 Job submitted from host: <130.199.153.67:9618?addrs=130.199.153.67-9618&noUDP&sock=7357_7f42_4>
...
001 (6327801.000.000) 11/14 12:58:12 Job executing on host: <130.199.151.242:9618?addrs=130.199.151.242-9618&noUDP&sock=22511_8bfb_3>
...
006 (6327801.000.000) 11/14 12:58:21 Image size of job updated: 980440
	932  -  MemoryUsage of job (MB)
	953928  -  ResidentSetSize of job (KB)
...
006 (6327801.000.000) 11/14 13:03:22 Image size of job updated: 1047480
	997  -  MemoryUsage of job (MB)
	1020924  -  ResidentSetSize of job (KB)
...
006 (6327801.000.000) 11/14 13:08:23 Image size of job updated: 1074812
	1024  -  MemoryUsage of job (MB)
	1048256  -  ResidentSetSize of job (KB)
...
006 (6327801.000.000) 11/14 13:13:23 Image size of job updated: 1074916
	1024  -  MemoryUsage of job (MB)
	1048360  -  ResidentSetSize of job (KB)
...
006 (6327801.000.000) 11/14 13:18:23 Image size of job updated: 1135756
	1084  -  MemoryUsage of job (MB)
	1109200  -  ResidentSetSize of job (KB)
...
006 (6327801.000.000) 11/14 13:23:24 Image size of job updated: 1135840
	1084  -  MemoryUsage of job (MB)
	1109284  -  ResidentSetSize of job (KB)
...
006 (6327801.000.000) 11/14 13:28:25 Image size of job updated: 1135928
	1084  -  MemoryUsage of job (MB)
	1109372  -  ResidentSetSize of job (KB)
...
006 (6327801.000.000) 11/14 13:33:25 Image size of job updated: 1136492
	1084  -  MemoryUsage of job (MB)
	1109936  -  ResidentSetSize of job (KB)
...
006 (6327801.000.000) 11/14 13:38:26 Image size of job updated: 1136688
	1085  -  MemoryUsage of job (MB)
	1110132  -  ResidentSetSize of job (KB)
...
006 (6327801.000.000) 11/14 13:43:27 Image size of job updated: 1136764
	1085  -  MemoryUsage of job (MB)
	1110208  -  ResidentSetSize of job (KB)
...
006 (6327801.000.000) 11/14 13:48:27 Image size of job updated: 1136868
	1085  -  MemoryUsage of job (MB)
	1110312  -  ResidentSetSize of job (KB)
...
006 (6327801.000.000) 11/14 13:53:27 Image size of job updated: 1137364
	1085  -  MemoryUsage of job (MB)
	1110808  -  ResidentSetSize of job (KB)
...
006 (6327801.000.000) 11/14 13:58:29 Image size of job updated: 1137376
	1085  -  MemoryUsage of job (MB)
	1110820  -  ResidentSetSize of job (KB)
...
006 (6327801.000.000) 11/14 14:03:29 Image size of job updated: 1137400
	1085  -  MemoryUsage of job (MB)
	1110844  -  ResidentSetSize of job (KB)
...
006 (6327801.000.000) 11/14 14:08:29 Image size of job updated: 1137648
	1086  -  MemoryUsage of job (MB)
	1111092  -  ResidentSetSize of job (KB)
...
006 (6327801.000.000) 11/14 14:13:30 Image size of job updated: 1137648
	1086  -  MemoryUsage of job (MB)
	1111124  -  ResidentSetSize of job (KB)
...
006 (6327801.000.000) 11/14 14:18:31 Image size of job updated: 1139948
	1088  -  MemoryUsage of job (MB)
	1113392  -  ResidentSetSize of job (KB)
...
006 (6327801.000.000) 11/14 14:28:31 Image size of job updated: 1139952
	1088  -  MemoryUsage of job (MB)
	1113396  -  ResidentSetSize of job (KB)
...
005 (6327801.000.000) 11/14 14:38:06 Job terminated.
	(1) Normal termination (return value 0)
		Usr 0 01:39:24, Sys 0 00:01:05  -  Run Remote Usage
		Usr 0 00:00:00, Sys 0 00:00:00  -  Run Local Usage
		Usr 0 01:39:24, Sys 0 00:01:05  -  Total Remote Usage
		Usr 0 00:00:00, Sys 0 00:00:00  -  Total Local Usage
	0  -  Run Bytes Sent By Job
	0  -  Run Bytes Received By Job
	0  -  Total Bytes Sent By Job
	0  -  Total Bytes Received By Job
	Partitionable Resources :    Usage  Request Allocated
	   Cpus                 :                 1         1
	   Disk (KB)            :       10       10  32976533
	   Memory (MB)          :     1088        1      2005
...
