000 (6327847.000.000) 11/14 12:57:22 Job submitted from host: <130.199.153.67:9618?addrs=130.199.153.67-9618&noUDP&sock=7357_7f42_4>
...
001 (6327847.000.000) 11/14 12:58:20 Job executing on host: <130.199.202.7:9618?addrs=130.199.202.7-9618&noUDP&sock=35914_6d56_3>
...
006 (6327847.000.000) 11/14 12:58:29 Image size of job updated: 962324
	940  -  MemoryUsage of job (MB)
	962140  -  ResidentSetSize of job (KB)
...
006 (6327847.000.000) 11/14 13:03:30 Image size of job updated: 964796
	943  -  MemoryUsage of job (MB)
	964612  -  ResidentSetSize of job (KB)
...
006 (6327847.000.000) 11/14 13:08:31 Image size of job updated: 1013656
	990  -  MemoryUsage of job (MB)
	1013472  -  ResidentSetSize of job (KB)
...
006 (6327847.000.000) 11/14 13:13:31 Image size of job updated: 1014092
	991  -  MemoryUsage of job (MB)
	1013908  -  ResidentSetSize of job (KB)
...
006 (6327847.000.000) 11/14 13:18:31 Image size of job updated: 1014160
	991  -  MemoryUsage of job (MB)
	1013976  -  ResidentSetSize of job (KB)
...
006 (6327847.000.000) 11/14 13:23:32 Image size of job updated: 1014200
	991  -  MemoryUsage of job (MB)
	1014016  -  ResidentSetSize of job (KB)
...
006 (6327847.000.000) 11/14 13:26:42 Image size of job updated: 1143696
	991  -  MemoryUsage of job (MB)
	1014016  -  ResidentSetSize of job (KB)
...
005 (6327847.000.000) 11/14 13:26:42 Job terminated.
	(1) Normal termination (return value 0)
		Usr 0 00:28:11, Sys 0 00:00:33  -  Run Remote Usage
		Usr 0 00:00:00, Sys 0 00:00:00  -  Run Local Usage
		Usr 0 00:28:11, Sys 0 00:00:33  -  Total Remote Usage
		Usr 0 00:00:00, Sys 0 00:00:00  -  Total Local Usage
	0  -  Run Bytes Sent By Job
	0  -  Run Bytes Received By Job
	0  -  Total Bytes Sent By Job
	0  -  Total Bytes Received By Job
	Partitionable Resources :    Usage  Request Allocated
	   Cpus                 :                 1         1
	   Disk (KB)            :       10       10  47541219
	   Memory (MB)          :      991        1      2008
...
