000 (6327864.000.000) 11/14 12:57:26 Job submitted from host: <130.199.153.67:9618?addrs=130.199.153.67-9618&noUDP&sock=7357_7f42_4>
...
001 (6327864.000.000) 11/14 12:58:22 Job executing on host: <130.199.201.60:9618?addrs=130.199.201.60-9618&noUDP&sock=22462_09f7_3>
...
006 (6327864.000.000) 11/14 12:58:31 Image size of job updated: 1010968
	962  -  MemoryUsage of job (MB)
	984384  -  ResidentSetSize of job (KB)
...
006 (6327864.000.000) 11/14 12:59:55 Image size of job updated: 1115740
	962  -  MemoryUsage of job (MB)
	984384  -  ResidentSetSize of job (KB)
...
005 (6327864.000.000) 11/14 12:59:56 Job terminated.
	(1) Normal termination (return value 0)
		Usr 0 00:01:15, Sys 0 00:00:06  -  Run Remote Usage
		Usr 0 00:00:00, Sys 0 00:00:00  -  Run Local Usage
		Usr 0 00:01:15, Sys 0 00:00:06  -  Total Remote Usage
		Usr 0 00:00:00, Sys 0 00:00:00  -  Total Local Usage
	0  -  Run Bytes Sent By Job
	0  -  Run Bytes Received By Job
	0  -  Total Bytes Sent By Job
	0  -  Total Bytes Received By Job
	Partitionable Resources :    Usage  Request Allocated
	   Cpus                 :                 1         1
	   Disk (KB)            :       10       10  47327955
	   Memory (MB)          :      962        1      2005
...
