000 (6327776.000.000) 11/14 12:57:22 Job submitted from host: <130.199.153.67:9618?addrs=130.199.153.67-9618&noUDP&sock=7357_7f42_4>
...
001 (6327776.000.000) 11/14 12:58:08 Job executing on host: <130.199.202.48:9618?addrs=130.199.202.48-9618&noUDP&sock=25076_5640_3>
...
006 (6327776.000.000) 11/14 12:58:17 Image size of job updated: 966664
	943  -  MemoryUsage of job (MB)
	965312  -  ResidentSetSize of job (KB)
...
006 (6327776.000.000) 11/14 13:03:18 Image size of job updated: 1026888
	1002  -  MemoryUsage of job (MB)
	1025536  -  ResidentSetSize of job (KB)
...
006 (6327776.000.000) 11/14 13:08:19 Image size of job updated: 1027004
	1002  -  MemoryUsage of job (MB)
	1025652  -  ResidentSetSize of job (KB)
...
006 (6327776.000.000) 11/14 13:13:19 Image size of job updated: 1027204
	1002  -  MemoryUsage of job (MB)
	1025852  -  ResidentSetSize of job (KB)
...
006 (6327776.000.000) 11/14 13:16:06 Image size of job updated: 1027832
	1002  -  MemoryUsage of job (MB)
	1025852  -  ResidentSetSize of job (KB)
...
005 (6327776.000.000) 11/14 13:16:06 Job terminated.
	(1) Normal termination (return value 0)
		Usr 0 00:17:33, Sys 0 00:00:27  -  Run Remote Usage
		Usr 0 00:00:00, Sys 0 00:00:00  -  Run Local Usage
		Usr 0 00:17:33, Sys 0 00:00:27  -  Total Remote Usage
		Usr 0 00:00:00, Sys 0 00:00:00  -  Total Local Usage
	0  -  Run Bytes Sent By Job
	0  -  Run Bytes Received By Job
	0  -  Total Bytes Sent By Job
	0  -  Total Bytes Received By Job
	Partitionable Resources :    Usage  Request Allocated
	   Cpus                 :                 1         1
	   Disk (KB)            :       10       10  65479096
	   Memory (MB)          :     1002        1      2008
...
