000 (6327761.000.000) 11/14 12:57:22 Job submitted from host: <130.199.153.67:9618?addrs=130.199.153.67-9618&noUDP&sock=7357_7f42_4>
...
001 (6327761.000.000) 11/14 12:58:05 Job executing on host: <130.199.202.25:9618?addrs=130.199.202.25-9618&noUDP&sock=13097_2278_3>
...
006 (6327761.000.000) 11/14 12:58:14 Image size of job updated: 967844
	920  -  MemoryUsage of job (MB)
	941484  -  ResidentSetSize of job (KB)
...
006 (6327761.000.000) 11/14 13:03:15 Image size of job updated: 1056372
	1006  -  MemoryUsage of job (MB)
	1029940  -  ResidentSetSize of job (KB)
...
006 (6327761.000.000) 11/14 13:08:15 Image size of job updated: 1056372
	1007  -  MemoryUsage of job (MB)
	1030176  -  ResidentSetSize of job (KB)
...
006 (6327761.000.000) 11/14 13:13:15 Image size of job updated: 1056372
	1009  -  MemoryUsage of job (MB)
	1032496  -  ResidentSetSize of job (KB)
...
006 (6327761.000.000) 11/14 13:18:16 Image size of job updated: 1056372
	1009  -  MemoryUsage of job (MB)
	1032708  -  ResidentSetSize of job (KB)
...
006 (6327761.000.000) 11/14 13:23:17 Image size of job updated: 1056372
	1011  -  MemoryUsage of job (MB)
	1035000  -  ResidentSetSize of job (KB)
...
006 (6327761.000.000) 11/14 13:28:17 Image size of job updated: 1056372
	1011  -  MemoryUsage of job (MB)
	1035024  -  ResidentSetSize of job (KB)
...
006 (6327761.000.000) 11/14 13:33:17 Image size of job updated: 1056372
	1011  -  MemoryUsage of job (MB)
	1035040  -  ResidentSetSize of job (KB)
...
006 (6327761.000.000) 11/14 13:38:18 Image size of job updated: 1056372
	1011  -  MemoryUsage of job (MB)
	1035056  -  ResidentSetSize of job (KB)
...
006 (6327761.000.000) 11/14 13:43:18 Image size of job updated: 1056372
	1011  -  MemoryUsage of job (MB)
	1035084  -  ResidentSetSize of job (KB)
...
006 (6327761.000.000) 11/14 13:48:18 Image size of job updated: 1056372
	1011  -  MemoryUsage of job (MB)
	1035112  -  ResidentSetSize of job (KB)
...
006 (6327761.000.000) 11/14 13:53:19 Image size of job updated: 1056372
	1012  -  MemoryUsage of job (MB)
	1035308  -  ResidentSetSize of job (KB)
...
006 (6327761.000.000) 11/14 13:58:20 Image size of job updated: 1056372
	1012  -  MemoryUsage of job (MB)
	1035328  -  ResidentSetSize of job (KB)
...
006 (6327761.000.000) 11/14 14:03:20 Image size of job updated: 1056372
	1012  -  MemoryUsage of job (MB)
	1035352  -  ResidentSetSize of job (KB)
...
006 (6327761.000.000) 11/14 14:08:21 Image size of job updated: 1056372
	1012  -  MemoryUsage of job (MB)
	1035372  -  ResidentSetSize of job (KB)
...
006 (6327761.000.000) 11/14 14:13:22 Image size of job updated: 1056372
	1012  -  MemoryUsage of job (MB)
	1035404  -  ResidentSetSize of job (KB)
...
006 (6327761.000.000) 11/14 14:18:22 Image size of job updated: 1056372
	1012  -  MemoryUsage of job (MB)
	1035896  -  ResidentSetSize of job (KB)
...
005 (6327761.000.000) 11/14 14:22:19 Job terminated.
	(1) Normal termination (return value 0)
		Usr 0 01:22:27, Sys 0 00:01:24  -  Run Remote Usage
		Usr 0 00:00:00, Sys 0 00:00:00  -  Run Local Usage
		Usr 0 01:22:27, Sys 0 00:01:24  -  Total Remote Usage
		Usr 0 00:00:00, Sys 0 00:00:00  -  Total Local Usage
	0  -  Run Bytes Sent By Job
	0  -  Run Bytes Received By Job
	0  -  Total Bytes Sent By Job
	0  -  Total Bytes Received By Job
	Partitionable Resources :    Usage  Request Allocated
	   Cpus                 :                 1         1
	   Disk (KB)            :       10       10  47541239
	   Memory (MB)          :     1012        1      2008
...
