000 (6327754.000.000) 11/14 12:57:22 Job submitted from host: <130.199.153.67:9618?addrs=130.199.153.67-9618&noUDP&sock=7357_7f42_4>
...
001 (6327754.000.000) 11/14 12:58:04 Job executing on host: <130.199.202.17:9618?addrs=130.199.202.17-9618&noUDP&sock=45046_96fe_3>
...
006 (6327754.000.000) 11/14 12:58:13 Image size of job updated: 999200
	950  -  MemoryUsage of job (MB)
	972772  -  ResidentSetSize of job (KB)
...
006 (6327754.000.000) 11/14 13:03:14 Image size of job updated: 1058104
	1008  -  MemoryUsage of job (MB)
	1031676  -  ResidentSetSize of job (KB)
...
006 (6327754.000.000) 11/14 13:08:15 Image size of job updated: 1058896
	1009  -  MemoryUsage of job (MB)
	1032468  -  ResidentSetSize of job (KB)
...
006 (6327754.000.000) 11/14 13:13:15 Image size of job updated: 1059140
	1009  -  MemoryUsage of job (MB)
	1032712  -  ResidentSetSize of job (KB)
...
006 (6327754.000.000) 11/14 13:18:15 Image size of job updated: 1059896
	1010  -  MemoryUsage of job (MB)
	1033468  -  ResidentSetSize of job (KB)
...
006 (6327754.000.000) 11/14 13:23:16 Image size of job updated: 1060492
	1010  -  MemoryUsage of job (MB)
	1034064  -  ResidentSetSize of job (KB)
...
006 (6327754.000.000) 11/14 13:28:17 Image size of job updated: 1060492
	1010  -  MemoryUsage of job (MB)
	1034092  -  ResidentSetSize of job (KB)
...
006 (6327754.000.000) 11/14 13:33:17 Image size of job updated: 1060492
	1010  -  MemoryUsage of job (MB)
	1034168  -  ResidentSetSize of job (KB)
...
006 (6327754.000.000) 11/14 13:38:17 Image size of job updated: 1060492
	1011  -  MemoryUsage of job (MB)
	1034312  -  ResidentSetSize of job (KB)
...
006 (6327754.000.000) 11/14 13:43:18 Image size of job updated: 1060492
	1011  -  MemoryUsage of job (MB)
	1034696  -  ResidentSetSize of job (KB)
...
006 (6327754.000.000) 11/14 13:48:18 Image size of job updated: 1060492
	1011  -  MemoryUsage of job (MB)
	1034916  -  ResidentSetSize of job (KB)
...
006 (6327754.000.000) 11/14 13:53:18 Image size of job updated: 1060492
	1011  -  MemoryUsage of job (MB)
	1034936  -  ResidentSetSize of job (KB)
...
006 (6327754.000.000) 11/14 13:58:19 Image size of job updated: 1060492
	1011  -  MemoryUsage of job (MB)
	1035032  -  ResidentSetSize of job (KB)
...
006 (6327754.000.000) 11/14 14:03:20 Image size of job updated: 1060492
	1011  -  MemoryUsage of job (MB)
	1035096  -  ResidentSetSize of job (KB)
...
006 (6327754.000.000) 11/14 14:08:20 Image size of job updated: 1060492
	1011  -  MemoryUsage of job (MB)
	1035128  -  ResidentSetSize of job (KB)
...
006 (6327754.000.000) 11/14 14:13:21 Image size of job updated: 1060492
	1011  -  MemoryUsage of job (MB)
	1035144  -  ResidentSetSize of job (KB)
...
005 (6327754.000.000) 11/14 14:13:50 Job terminated.
	(1) Normal termination (return value 0)
		Usr 0 01:14:40, Sys 0 00:01:12  -  Run Remote Usage
		Usr 0 00:00:00, Sys 0 00:00:00  -  Run Local Usage
		Usr 0 01:14:40, Sys 0 00:01:12  -  Total Remote Usage
		Usr 0 00:00:00, Sys 0 00:00:00  -  Total Local Usage
	0  -  Run Bytes Sent By Job
	0  -  Run Bytes Received By Job
	0  -  Total Bytes Sent By Job
	0  -  Total Bytes Received By Job
	Partitionable Resources :    Usage  Request Allocated
	   Cpus                 :                 1         1
	   Disk (KB)            :       10       10  47541352
	   Memory (MB)          :     1011        1      2008
...
