000 (6327769.000.000) 11/14 12:57:22 Job submitted from host: <130.199.153.67:9618?addrs=130.199.153.67-9618&noUDP&sock=7357_7f42_4>
...
001 (6327769.000.000) 11/14 12:58:07 Job executing on host: <130.199.202.61:9618?addrs=130.199.202.61-9618&noUDP&sock=14105_2767_3>
...
006 (6327769.000.000) 11/14 12:58:16 Image size of job updated: 999512
	951  -  MemoryUsage of job (MB)
	973088  -  ResidentSetSize of job (KB)
...
006 (6327769.000.000) 11/14 13:03:17 Image size of job updated: 1056212
	1006  -  MemoryUsage of job (MB)
	1029788  -  ResidentSetSize of job (KB)
...
006 (6327769.000.000) 11/14 13:08:18 Image size of job updated: 1057948
	1008  -  MemoryUsage of job (MB)
	1031524  -  ResidentSetSize of job (KB)
...
006 (6327769.000.000) 11/14 13:13:18 Image size of job updated: 1058708
	1009  -  MemoryUsage of job (MB)
	1032284  -  ResidentSetSize of job (KB)
...
006 (6327769.000.000) 11/14 13:18:19 Image size of job updated: 1059776
	1010  -  MemoryUsage of job (MB)
	1033352  -  ResidentSetSize of job (KB)
...
006 (6327769.000.000) 11/14 13:23:20 Image size of job updated: 1059812
	1010  -  MemoryUsage of job (MB)
	1033388  -  ResidentSetSize of job (KB)
...
006 (6327769.000.000) 11/14 13:28:20 Image size of job updated: 1059884
	1010  -  MemoryUsage of job (MB)
	1033460  -  ResidentSetSize of job (KB)
...
006 (6327769.000.000) 11/14 13:33:20 Image size of job updated: 1059928
	1010  -  MemoryUsage of job (MB)
	1033504  -  ResidentSetSize of job (KB)
...
006 (6327769.000.000) 11/14 13:38:21 Image size of job updated: 1059972
	1010  -  MemoryUsage of job (MB)
	1033548  -  ResidentSetSize of job (KB)
...
006 (6327769.000.000) 11/14 13:43:22 Image size of job updated: 1060016
	1010  -  MemoryUsage of job (MB)
	1033548  -  ResidentSetSize of job (KB)
...
006 (6327769.000.000) 11/14 13:48:22 Image size of job updated: 1060056
	1010  -  MemoryUsage of job (MB)
	1033548  -  ResidentSetSize of job (KB)
...
006 (6327769.000.000) 11/14 13:53:22 Image size of job updated: 1060088
	1010  -  MemoryUsage of job (MB)
	1033548  -  ResidentSetSize of job (KB)
...
006 (6327769.000.000) 11/14 13:58:23 Image size of job updated: 1060596
	1010  -  MemoryUsage of job (MB)
	1033892  -  ResidentSetSize of job (KB)
...
006 (6327769.000.000) 11/14 14:03:24 Image size of job updated: 1060644
	1010  -  MemoryUsage of job (MB)
	1033940  -  ResidentSetSize of job (KB)
...
006 (6327769.000.000) 11/14 14:05:18 Image size of job updated: 1216604
	1010  -  MemoryUsage of job (MB)
	1033940  -  ResidentSetSize of job (KB)
...
005 (6327769.000.000) 11/14 14:05:18 Job terminated.
	(1) Normal termination (return value 0)
		Usr 0 01:06:47, Sys 0 00:01:00  -  Run Remote Usage
		Usr 0 00:00:00, Sys 0 00:00:00  -  Run Local Usage
		Usr 0 01:06:47, Sys 0 00:01:00  -  Total Remote Usage
		Usr 0 00:00:00, Sys 0 00:00:00  -  Total Local Usage
	0  -  Run Bytes Sent By Job
	0  -  Run Bytes Received By Job
	0  -  Total Bytes Sent By Job
	0  -  Total Bytes Received By Job
	Partitionable Resources :    Usage  Request Allocated
	   Cpus                 :                 1         1
	   Disk (KB)            :       10       10  65479390
	   Memory (MB)          :     1010        1      2008
...
