000 (6327735.000.000) 11/14 12:57:17 Job submitted from host: <130.199.153.67:9618?addrs=130.199.153.67-9618&noUDP&sock=7357_7f42_4>
...
001 (6327735.000.000) 11/14 12:58:01 Job executing on host: <130.199.201.52:9618?addrs=130.199.201.52-9618&noUDP&sock=9828_8994_3>
...
006 (6327735.000.000) 11/14 12:58:10 Image size of job updated: 55608
	28  -  MemoryUsage of job (MB)
	28596  -  ResidentSetSize of job (KB)
...
006 (6327735.000.000) 11/14 13:03:11 Image size of job updated: 1079040
	1028  -  MemoryUsage of job (MB)
	1051716  -  ResidentSetSize of job (KB)
...
006 (6327735.000.000) 11/14 13:08:11 Image size of job updated: 1080492
	1029  -  MemoryUsage of job (MB)
	1053168  -  ResidentSetSize of job (KB)
...
006 (6327735.000.000) 11/14 13:13:11 Image size of job updated: 1089064
	1037  -  MemoryUsage of job (MB)
	1061740  -  ResidentSetSize of job (KB)
...
006 (6327735.000.000) 11/14 13:18:12 Image size of job updated: 1089612
	1038  -  MemoryUsage of job (MB)
	1062280  -  ResidentSetSize of job (KB)
...
006 (6327735.000.000) 11/14 13:23:13 Image size of job updated: 1089628
	1038  -  MemoryUsage of job (MB)
	1062280  -  ResidentSetSize of job (KB)
...
006 (6327735.000.000) 11/14 13:28:13 Image size of job updated: 1089776
	1038  -  MemoryUsage of job (MB)
	1062280  -  ResidentSetSize of job (KB)
...
006 (6327735.000.000) 11/14 13:33:13 Image size of job updated: 1090376
	1038  -  MemoryUsage of job (MB)
	1062280  -  ResidentSetSize of job (KB)
...
006 (6327735.000.000) 11/14 13:43:15 Image size of job updated: 1109364
	1053  -  MemoryUsage of job (MB)
	1078128  -  ResidentSetSize of job (KB)
...
006 (6327735.000.000) 11/14 13:48:15 Image size of job updated: 1158648
	1105  -  MemoryUsage of job (MB)
	1131084  -  ResidentSetSize of job (KB)
...
006 (6327735.000.000) 11/14 13:53:16 Image size of job updated: 1204348
	1152  -  MemoryUsage of job (MB)
	1179352  -  ResidentSetSize of job (KB)
...
006 (6327735.000.000) 11/14 13:58:17 Image size of job updated: 1228168
	1174  -  MemoryUsage of job (MB)
	1201800  -  ResidentSetSize of job (KB)
...
005 (6327735.000.000) 11/14 14:13:19 Job terminated.
	(1) Normal termination (return value 0)
		Usr 0 01:12:26, Sys 0 00:01:14  -  Run Remote Usage
		Usr 0 00:00:00, Sys 0 00:00:00  -  Run Local Usage
		Usr 0 01:12:26, Sys 0 00:01:14  -  Total Remote Usage
		Usr 0 00:00:00, Sys 0 00:00:00  -  Total Local Usage
	0  -  Run Bytes Sent By Job
	0  -  Run Bytes Received By Job
	0  -  Total Bytes Sent By Job
	0  -  Total Bytes Received By Job
	Partitionable Resources :    Usage  Request Allocated
	   Cpus                 :                 1         1
	   Disk (KB)            :       10       10  47327863
	   Memory (MB)          :     1174        1      2005
...
