000 (6327857.000.000) 11/14 12:57:26 Job submitted from host: <130.199.153.67:9618?addrs=130.199.153.67-9618&noUDP&sock=7357_7f42_4>
...
001 (6327857.000.000) 11/14 12:58:21 Job executing on host: <130.199.152.23:9618?addrs=130.199.152.23-9618&noUDP&sock=22970_d083_3>
...
006 (6327857.000.000) 11/14 12:58:30 Image size of job updated: 789532
	747  -  MemoryUsage of job (MB)
	763972  -  ResidentSetSize of job (KB)
...
006 (6327857.000.000) 11/14 12:58:35 Image size of job updated: 793632
	751  -  MemoryUsage of job (MB)
	768072  -  ResidentSetSize of job (KB)
...
005 (6327857.000.000) 11/14 12:58:35 Job terminated.
	(1) Normal termination (return value 0)
		Usr 0 00:00:03, Sys 0 00:00:02  -  Run Remote Usage
		Usr 0 00:00:00, Sys 0 00:00:00  -  Run Local Usage
		Usr 0 00:00:03, Sys 0 00:00:02  -  Total Remote Usage
		Usr 0 00:00:00, Sys 0 00:00:00  -  Total Local Usage
	0  -  Run Bytes Sent By Job
	0  -  Run Bytes Received By Job
	0  -  Total Bytes Sent By Job
	0  -  Total Bytes Received By Job
	Partitionable Resources :    Usage  Request Allocated
	   Cpus                 :                 1         1
	   Disk (KB)            :       10       10  32976376
	   Memory (MB)          :      751        1      2005
...
