000 (6327794.000.000) 11/14 12:57:22 Job submitted from host: <130.199.153.67:9618?addrs=130.199.153.67-9618&noUDP&sock=7357_7f42_4>
...
001 (6327794.000.000) 11/14 12:58:11 Job executing on host: <130.199.152.48:9618?addrs=130.199.152.48-9618&noUDP&sock=23014_bd6d_3>
...
006 (6327794.000.000) 11/14 12:58:19 Image size of job updated: 1004568
	956  -  MemoryUsage of job (MB)
	978012  -  ResidentSetSize of job (KB)
...
006 (6327794.000.000) 11/14 13:03:19 Image size of job updated: 1076780
	1026  -  MemoryUsage of job (MB)
	1050224  -  ResidentSetSize of job (KB)
...
006 (6327794.000.000) 11/14 13:08:20 Image size of job updated: 1078684
	1028  -  MemoryUsage of job (MB)
	1052128  -  ResidentSetSize of job (KB)
...
006 (6327794.000.000) 11/14 13:13:20 Image size of job updated: 1079860
	1029  -  MemoryUsage of job (MB)
	1053304  -  ResidentSetSize of job (KB)
...
006 (6327794.000.000) 11/14 13:18:20 Image size of job updated: 1079904
	1029  -  MemoryUsage of job (MB)
	1053348  -  ResidentSetSize of job (KB)
...
006 (6327794.000.000) 11/14 13:23:21 Image size of job updated: 1079936
	1029  -  MemoryUsage of job (MB)
	1053380  -  ResidentSetSize of job (KB)
...
006 (6327794.000.000) 11/14 13:28:22 Image size of job updated: 1091520
	1041  -  MemoryUsage of job (MB)
	1064964  -  ResidentSetSize of job (KB)
...
005 (6327794.000.000) 11/14 13:31:49 Job terminated.
	(1) Normal termination (return value 0)
		Usr 0 00:32:05, Sys 0 00:00:28  -  Run Remote Usage
		Usr 0 00:00:00, Sys 0 00:00:00  -  Run Local Usage
		Usr 0 00:32:05, Sys 0 00:00:28  -  Total Remote Usage
		Usr 0 00:00:00, Sys 0 00:00:00  -  Total Local Usage
	0  -  Run Bytes Sent By Job
	0  -  Run Bytes Received By Job
	0  -  Total Bytes Sent By Job
	0  -  Total Bytes Received By Job
	Partitionable Resources :    Usage  Request Allocated
	   Cpus                 :                 1         1
	   Disk (KB)            :       10       10  56895421
	   Memory (MB)          :     1041        1      2005
...
