000 (6327662.000.000) 11/14 12:57:17 Job submitted from host: <130.199.153.67:9618?addrs=130.199.153.67-9618&noUDP&sock=7357_7f42_4>
...
001 (6327662.000.000) 11/14 12:57:47 Job executing on host: <130.199.150.239:9618?addrs=130.199.150.239-9618&noUDP&sock=21958_877f_3>
...
006 (6327662.000.000) 11/14 12:57:56 Image size of job updated: 968868
	922  -  MemoryUsage of job (MB)
	943896  -  ResidentSetSize of job (KB)
...
006 (6327662.000.000) 11/14 13:02:57 Image size of job updated: 994240
	947  -  MemoryUsage of job (MB)
	969196  -  ResidentSetSize of job (KB)
...
006 (6327662.000.000) 11/14 13:07:57 Image size of job updated: 1043440
	995  -  MemoryUsage of job (MB)
	1018396  -  ResidentSetSize of job (KB)
...
006 (6327662.000.000) 11/14 13:12:57 Image size of job updated: 1043452
	995  -  MemoryUsage of job (MB)
	1018408  -  ResidentSetSize of job (KB)
...
006 (6327662.000.000) 11/14 13:17:58 Image size of job updated: 1048520
	1000  -  MemoryUsage of job (MB)
	1023476  -  ResidentSetSize of job (KB)
...
006 (6327662.000.000) 11/14 13:22:59 Image size of job updated: 1048532
	1000  -  MemoryUsage of job (MB)
	1023488  -  ResidentSetSize of job (KB)
...
006 (6327662.000.000) 11/14 13:27:59 Image size of job updated: 1048616
	1000  -  MemoryUsage of job (MB)
	1023572  -  ResidentSetSize of job (KB)
...
006 (6327662.000.000) 11/14 13:33:00 Image size of job updated: 1048748
	1000  -  MemoryUsage of job (MB)
	1023704  -  ResidentSetSize of job (KB)
...
006 (6327662.000.000) 11/14 13:38:01 Image size of job updated: 1048768
	1000  -  MemoryUsage of job (MB)
	1023724  -  ResidentSetSize of job (KB)
...
006 (6327662.000.000) 11/14 13:43:01 Image size of job updated: 1048776
	1000  -  MemoryUsage of job (MB)
	1023732  -  ResidentSetSize of job (KB)
...
006 (6327662.000.000) 11/14 13:48:01 Image size of job updated: 1048792
	1000  -  MemoryUsage of job (MB)
	1023748  -  ResidentSetSize of job (KB)
...
006 (6327662.000.000) 11/14 13:53:03 Image size of job updated: 1048812
	1000  -  MemoryUsage of job (MB)
	1023768  -  ResidentSetSize of job (KB)
...
006 (6327662.000.000) 11/14 13:58:03 Image size of job updated: 1048828
	1000  -  MemoryUsage of job (MB)
	1023784  -  ResidentSetSize of job (KB)
...
006 (6327662.000.000) 11/14 14:03:03 Image size of job updated: 1048848
	1000  -  MemoryUsage of job (MB)
	1023804  -  ResidentSetSize of job (KB)
...
006 (6327662.000.000) 11/14 14:08:04 Image size of job updated: 1048868
	1000  -  MemoryUsage of job (MB)
	1023824  -  ResidentSetSize of job (KB)
...
006 (6327662.000.000) 11/14 14:13:05 Image size of job updated: 1048916
	1000  -  MemoryUsage of job (MB)
	1023872  -  ResidentSetSize of job (KB)
...
006 (6327662.000.000) 11/14 14:18:05 Image size of job updated: 1048936
	1000  -  MemoryUsage of job (MB)
	1023892  -  ResidentSetSize of job (KB)
...
006 (6327662.000.000) 11/14 14:23:06 Image size of job updated: 1048948
	1000  -  MemoryUsage of job (MB)
	1023904  -  ResidentSetSize of job (KB)
...
006 (6327662.000.000) 11/14 14:28:07 Image size of job updated: 1048964
	1000  -  MemoryUsage of job (MB)
	1023920  -  ResidentSetSize of job (KB)
...
006 (6327662.000.000) 11/14 14:33:07 Image size of job updated: 1048988
	1000  -  MemoryUsage of job (MB)
	1023944  -  ResidentSetSize of job (KB)
...
006 (6327662.000.000) 11/14 14:38:07 Image size of job updated: 1049004
	1000  -  MemoryUsage of job (MB)
	1023960  -  ResidentSetSize of job (KB)
...
006 (6327662.000.000) 11/14 14:43:08 Image size of job updated: 1049024
	1000  -  MemoryUsage of job (MB)
	1023980  -  ResidentSetSize of job (KB)
...
006 (6327662.000.000) 11/14 14:48:09 Image size of job updated: 1049060
	1001  -  MemoryUsage of job (MB)
	1024016  -  ResidentSetSize of job (KB)
...
006 (6327662.000.000) 11/14 14:53:09 Image size of job updated: 1049348
	1001  -  MemoryUsage of job (MB)
	1024176  -  ResidentSetSize of job (KB)
...
006 (6327662.000.000) 11/14 14:58:09 Image size of job updated: 1049508
	1001  -  MemoryUsage of job (MB)
	1024176  -  ResidentSetSize of job (KB)
...
006 (6327662.000.000) 11/14 15:03:10 Image size of job updated: 1049532
	1001  -  MemoryUsage of job (MB)
	1024176  -  ResidentSetSize of job (KB)
...
006 (6327662.000.000) 11/14 15:08:10 Image size of job updated: 1049560
	1001  -  MemoryUsage of job (MB)
	1024176  -  ResidentSetSize of job (KB)
...
006 (6327662.000.000) 11/14 15:13:10 Image size of job updated: 1049584
	1001  -  MemoryUsage of job (MB)
	1024176  -  ResidentSetSize of job (KB)
...
006 (6327662.000.000) 11/14 15:18:11 Image size of job updated: 1049604
	1001  -  MemoryUsage of job (MB)
	1024176  -  ResidentSetSize of job (KB)
...
006 (6327662.000.000) 11/14 15:23:12 Image size of job updated: 1049632
	1001  -  MemoryUsage of job (MB)
	1024176  -  ResidentSetSize of job (KB)
...
006 (6327662.000.000) 11/14 15:28:12 Image size of job updated: 1049652
	1001  -  MemoryUsage of job (MB)
	1024176  -  ResidentSetSize of job (KB)
...
006 (6327662.000.000) 11/14 15:33:13 Image size of job updated: 1049680
	1001  -  MemoryUsage of job (MB)
	1024176  -  ResidentSetSize of job (KB)
...
006 (6327662.000.000) 11/14 15:38:14 Image size of job updated: 1049720
	1001  -  MemoryUsage of job (MB)
	1024176  -  ResidentSetSize of job (KB)
...
006 (6327662.000.000) 11/14 15:43:14 Image size of job updated: 1049744
	1001  -  MemoryUsage of job (MB)
	1024176  -  ResidentSetSize of job (KB)
...
006 (6327662.000.000) 11/14 15:48:14 Image size of job updated: 1049784
	1001  -  MemoryUsage of job (MB)
	1024176  -  ResidentSetSize of job (KB)
...
006 (6327662.000.000) 11/14 15:53:15 Image size of job updated: 1049808
	1001  -  MemoryUsage of job (MB)
	1024176  -  ResidentSetSize of job (KB)
...
006 (6327662.000.000) 11/14 15:58:16 Image size of job updated: 1049832
	1001  -  MemoryUsage of job (MB)
	1024176  -  ResidentSetSize of job (KB)
...
006 (6327662.000.000) 11/14 16:03:16 Image size of job updated: 1049860
	1001  -  MemoryUsage of job (MB)
	1024176  -  ResidentSetSize of job (KB)
...
006 (6327662.000.000) 11/14 16:28:20 Image size of job updated: 1050116
	1001  -  MemoryUsage of job (MB)
	1024176  -  ResidentSetSize of job (KB)
...
006 (6327662.000.000) 11/14 16:38:20 Image size of job updated: 1050292
	1001  -  MemoryUsage of job (MB)
	1024176  -  ResidentSetSize of job (KB)
...
006 (6327662.000.000) 11/14 20:43:49 Image size of job updated: 1069848
	1012  -  MemoryUsage of job (MB)
	1035320  -  ResidentSetSize of job (KB)
...
006 (6327662.000.000) 11/14 20:48:50 Image size of job updated: 1077980
	1020  -  MemoryUsage of job (MB)
	1043480  -  ResidentSetSize of job (KB)
...
006 (6327662.000.000) 11/14 20:53:50 Image size of job updated: 1077980
	1020  -  MemoryUsage of job (MB)
	1043484  -  ResidentSetSize of job (KB)
...
006 (6327662.000.000) 11/14 20:58:50 Image size of job updated: 1077980
	1020  -  MemoryUsage of job (MB)
	1043496  -  ResidentSetSize of job (KB)
...
006 (6327662.000.000) 11/14 21:03:52 Image size of job updated: 1077980
	1020  -  MemoryUsage of job (MB)
	1043500  -  ResidentSetSize of job (KB)
...
006 (6327662.000.000) 11/14 21:08:52 Image size of job updated: 1077980
	1020  -  MemoryUsage of job (MB)
	1043508  -  ResidentSetSize of job (KB)
...
006 (6327662.000.000) 11/14 21:13:52 Image size of job updated: 1077980
	1020  -  MemoryUsage of job (MB)
	1043520  -  ResidentSetSize of job (KB)
...
006 (6327662.000.000) 11/14 21:23:54 Image size of job updated: 1077980
	1020  -  MemoryUsage of job (MB)
	1043524  -  ResidentSetSize of job (KB)
...
006 (6327662.000.000) 11/14 21:33:54 Image size of job updated: 1077980
	1020  -  MemoryUsage of job (MB)
	1043536  -  ResidentSetSize of job (KB)
...
006 (6327662.000.000) 11/14 21:48:55 Image size of job updated: 1077980
	1020  -  MemoryUsage of job (MB)
	1043544  -  ResidentSetSize of job (KB)
...
006 (6327662.000.000) 11/14 21:53:56 Image size of job updated: 1077980
	1020  -  MemoryUsage of job (MB)
	1043548  -  ResidentSetSize of job (KB)
...
006 (6327662.000.000) 11/14 21:58:57 Image size of job updated: 1077980
	1020  -  MemoryUsage of job (MB)
	1043556  -  ResidentSetSize of job (KB)
...
006 (6327662.000.000) 11/14 22:08:58 Image size of job updated: 1077980
	1020  -  MemoryUsage of job (MB)
	1043560  -  ResidentSetSize of job (KB)
...
006 (6327662.000.000) 11/14 22:13:59 Image size of job updated: 1077980
	1020  -  MemoryUsage of job (MB)
	1043568  -  ResidentSetSize of job (KB)
...
006 (6327662.000.000) 11/14 22:23:59 Image size of job updated: 1077980
	1020  -  MemoryUsage of job (MB)
	1043572  -  ResidentSetSize of job (KB)
...
006 (6327662.000.000) 11/14 22:34:01 Image size of job updated: 1077980
	1020  -  MemoryUsage of job (MB)
	1043576  -  ResidentSetSize of job (KB)
...
006 (6327662.000.000) 11/14 22:39:01 Image size of job updated: 1077980
	1020  -  MemoryUsage of job (MB)
	1043584  -  ResidentSetSize of job (KB)
...
006 (6327662.000.000) 11/14 22:49:03 Image size of job updated: 1077980
	1020  -  MemoryUsage of job (MB)
	1043588  -  ResidentSetSize of job (KB)
...
006 (6327662.000.000) 11/14 22:54:04 Image size of job updated: 1077980
	1020  -  MemoryUsage of job (MB)
	1043592  -  ResidentSetSize of job (KB)
...
006 (6327662.000.000) 11/14 22:59:04 Image size of job updated: 1077980
	1020  -  MemoryUsage of job (MB)
	1043600  -  ResidentSetSize of job (KB)
...
006 (6327662.000.000) 11/14 23:04:05 Image size of job updated: 1077980
	1020  -  MemoryUsage of job (MB)
	1043608  -  ResidentSetSize of job (KB)
...
006 (6327662.000.000) 11/14 23:09:06 Image size of job updated: 1077980
	1020  -  MemoryUsage of job (MB)
	1043612  -  ResidentSetSize of job (KB)
...
006 (6327662.000.000) 11/14 23:24:08 Image size of job updated: 1077980
	1020  -  MemoryUsage of job (MB)
	1043616  -  ResidentSetSize of job (KB)
...
006 (6327662.000.000) 11/14 23:29:08 Image size of job updated: 1077980
	1020  -  MemoryUsage of job (MB)
	1043620  -  ResidentSetSize of job (KB)
...
006 (6327662.000.000) 11/14 23:34:08 Image size of job updated: 1079740
	1023  -  MemoryUsage of job (MB)
	1046560  -  ResidentSetSize of job (KB)
...
006 (6327662.000.000) 11/14 23:39:09 Image size of job updated: 1079740
	1023  -  MemoryUsage of job (MB)
	1046564  -  ResidentSetSize of job (KB)
...
006 (6327662.000.000) 11/14 23:44:10 Image size of job updated: 1083008
	1026  -  MemoryUsage of job (MB)
	1049836  -  ResidentSetSize of job (KB)
...
006 (6327662.000.000) 11/14 23:49:10 Image size of job updated: 1083008
	1026  -  MemoryUsage of job (MB)
	1049848  -  ResidentSetSize of job (KB)
...
006 (6327662.000.000) 11/15 00:04:12 Image size of job updated: 1083008
	1026  -  MemoryUsage of job (MB)
	1049852  -  ResidentSetSize of job (KB)
...
006 (6327662.000.000) 11/15 00:24:13 Image size of job updated: 1083008
	1026  -  MemoryUsage of job (MB)
	1049860  -  ResidentSetSize of job (KB)
...
006 (6327662.000.000) 11/15 00:29:14 Image size of job updated: 1083008
	1026  -  MemoryUsage of job (MB)
	1049872  -  ResidentSetSize of job (KB)
...
006 (6327662.000.000) 11/15 00:34:15 Image size of job updated: 1083008
	1026  -  MemoryUsage of job (MB)
	1049880  -  ResidentSetSize of job (KB)
...
006 (6327662.000.000) 11/15 00:44:15 Image size of job updated: 1083008
	1026  -  MemoryUsage of job (MB)
	1049884  -  ResidentSetSize of job (KB)
...
006 (6327662.000.000) 11/15 00:54:16 Image size of job updated: 1083008
	1026  -  MemoryUsage of job (MB)
	1049888  -  ResidentSetSize of job (KB)
...
006 (6327662.000.000) 11/15 00:59:16 Image size of job updated: 1083008
	1026  -  MemoryUsage of job (MB)
	1049948  -  ResidentSetSize of job (KB)
...
006 (6327662.000.000) 11/15 01:04:17 Image size of job updated: 1083008
	1026  -  MemoryUsage of job (MB)
	1049960  -  ResidentSetSize of job (KB)
...
006 (6327662.000.000) 11/15 01:14:18 Image size of job updated: 1083008
	1026  -  MemoryUsage of job (MB)
	1049968  -  ResidentSetSize of job (KB)
...
006 (6327662.000.000) 11/15 02:02:23 Image size of job updated: 1236632
	1026  -  MemoryUsage of job (MB)
	1049968  -  ResidentSetSize of job (KB)
...
005 (6327662.000.000) 11/15 02:02:23 Job terminated.
	(1) Normal termination (return value 0)
		Usr 0 13:03:36, Sys 0 00:12:13  -  Run Remote Usage
		Usr 0 00:00:00, Sys 0 00:00:00  -  Run Local Usage
		Usr 0 13:03:36, Sys 0 00:12:13  -  Total Remote Usage
		Usr 0 00:00:00, Sys 0 00:00:00  -  Total Local Usage
	0  -  Run Bytes Sent By Job
	0  -  Run Bytes Received By Job
	0  -  Total Bytes Sent By Job
	0  -  Total Bytes Received By Job
	Partitionable Resources :    Usage  Request Allocated
	   Cpus                 :                 1         1
	   Disk (KB)            :       10       10  59425971
	   Memory (MB)          :     1026        1      2007
...
