000 (6327684.000.000) 11/14 12:57:17 Job submitted from host: <130.199.153.67:9618?addrs=130.199.153.67-9618&noUDP&sock=7357_7f42_4>
...
001 (6327684.000.000) 11/14 12:57:52 Job executing on host: <130.199.202.52:9618?addrs=130.199.202.52-9618&noUDP&sock=25936_841d_3>
...
006 (6327684.000.000) 11/14 12:58:00 Image size of job updated: 1007568
	959  -  MemoryUsage of job (MB)
	981144  -  ResidentSetSize of job (KB)
...
006 (6327684.000.000) 11/14 13:03:00 Image size of job updated: 1073000
	1023  -  MemoryUsage of job (MB)
	1046576  -  ResidentSetSize of job (KB)
...
006 (6327684.000.000) 11/14 13:08:01 Image size of job updated: 1073704
	1023  -  MemoryUsage of job (MB)
	1047280  -  ResidentSetSize of job (KB)
...
006 (6327684.000.000) 11/14 13:13:01 Image size of job updated: 1074928
	1024  -  MemoryUsage of job (MB)
	1048504  -  ResidentSetSize of job (KB)
...
006 (6327684.000.000) 11/14 13:18:01 Image size of job updated: 1074968
	1024  -  MemoryUsage of job (MB)
	1048544  -  ResidentSetSize of job (KB)
...
006 (6327684.000.000) 11/14 13:23:02 Image size of job updated: 1075188
	1025  -  MemoryUsage of job (MB)
	1048764  -  ResidentSetSize of job (KB)
...
006 (6327684.000.000) 11/14 13:28:03 Image size of job updated: 1075384
	1025  -  MemoryUsage of job (MB)
	1048960  -  ResidentSetSize of job (KB)
...
006 (6327684.000.000) 11/14 13:33:03 Image size of job updated: 1075440
	1025  -  MemoryUsage of job (MB)
	1049016  -  ResidentSetSize of job (KB)
...
