000 (6327863.000.000) 11/14 12:57:26 Job submitted from host: <130.199.153.67:9618?addrs=130.199.153.67-9618&noUDP&sock=7357_7f42_4>
...
001 (6327863.000.000) 11/14 12:58:22 Job executing on host: <130.199.201.25:9618?addrs=130.199.201.25-9618&noUDP&sock=22464_ac01_3>
...
006 (6327863.000.000) 11/14 12:58:30 Image size of job updated: 359036
	325  -  MemoryUsage of job (MB)
	332460  -  ResidentSetSize of job (KB)
...
005 (6327863.000.000) 11/14 13:00:04 Job terminated.
	(1) Normal termination (return value 0)
		Usr 0 00:01:19, Sys 0 00:00:05  -  Run Remote Usage
		Usr 0 00:00:00, Sys 0 00:00:00  -  Run Local Usage
		Usr 0 00:01:19, Sys 0 00:00:05  -  Total Remote Usage
		Usr 0 00:00:00, Sys 0 00:00:00  -  Total Local Usage
	0  -  Run Bytes Sent By Job
	0  -  Run Bytes Received By Job
	0  -  Total Bytes Sent By Job
	0  -  Total Bytes Received By Job
	Partitionable Resources :    Usage  Request Allocated
	   Cpus                 :                 1         1
	   Disk (KB)            :       10       10  47327873
	   Memory (MB)          :      325        1      2005
...
