000 (6327873.000.000) 11/14 12:57:26 Job submitted from host: <130.199.153.67:9618?addrs=130.199.153.67-9618&noUDP&sock=7357_7f42_4>
...
001 (6327873.000.000) 11/14 12:58:24 Job executing on host: <130.199.152.37:9618?addrs=130.199.152.37-9618&noUDP&sock=22922_9f84_3>
...
006 (6327873.000.000) 11/14 12:58:33 Image size of job updated: 989416
	941  -  MemoryUsage of job (MB)
	962860  -  ResidentSetSize of job (KB)
...
006 (6327873.000.000) 11/14 13:03:34 Image size of job updated: 1040028
	990  -  MemoryUsage of job (MB)
	1013472  -  ResidentSetSize of job (KB)
...
006 (6327873.000.000) 11/14 13:08:35 Image size of job updated: 1040204
	990  -  MemoryUsage of job (MB)
	1013648  -  ResidentSetSize of job (KB)
...
006 (6327873.000.000) 11/14 13:13:35 Image size of job updated: 1040332
	991  -  MemoryUsage of job (MB)
	1013776  -  ResidentSetSize of job (KB)
...
006 (6327873.000.000) 11/14 13:18:36 Image size of job updated: 1041304
	991  -  MemoryUsage of job (MB)
	1014748  -  ResidentSetSize of job (KB)
...
006 (6327873.000.000) 11/14 13:22:57 Image size of job updated: 1171076
	991  -  MemoryUsage of job (MB)
	1014748  -  ResidentSetSize of job (KB)
...
005 (6327873.000.000) 11/14 13:22:57 Job terminated.
	(1) Normal termination (return value 0)
		Usr 0 00:24:21, Sys 0 00:00:23  -  Run Remote Usage
		Usr 0 00:00:00, Sys 0 00:00:00  -  Run Local Usage
		Usr 0 00:24:21, Sys 0 00:00:23  -  Total Remote Usage
		Usr 0 00:00:00, Sys 0 00:00:00  -  Total Local Usage
	0  -  Run Bytes Sent By Job
	0  -  Run Bytes Received By Job
	0  -  Total Bytes Sent By Job
	0  -  Total Bytes Received By Job
	Partitionable Resources :    Usage  Request Allocated
	   Cpus                 :                 1         1
	   Disk (KB)            :       10       10  32976447
	   Memory (MB)          :      991        1      2005
...
