000 (6327798.000.000) 11/14 12:57:22 Job submitted from host: <130.199.153.67:9618?addrs=130.199.153.67-9618&noUDP&sock=7357_7f42_4>
...
001 (6327798.000.000) 11/14 12:58:12 Job executing on host: <130.199.153.243:9618?addrs=130.199.153.243-9618&noUDP&sock=21984_c209_3>
...
006 (6327798.000.000) 11/14 12:58:20 Image size of job updated: 977840
	955  -  MemoryUsage of job (MB)
	977656  -  ResidentSetSize of job (KB)
...
006 (6327798.000.000) 11/14 13:03:20 Image size of job updated: 1047144
	1012  -  MemoryUsage of job (MB)
	1035748  -  ResidentSetSize of job (KB)
...
006 (6327798.000.000) 11/14 13:08:21 Image size of job updated: 1048444
	1012  -  MemoryUsage of job (MB)
	1035748  -  ResidentSetSize of job (KB)
...
006 (6327798.000.000) 11/14 13:13:22 Image size of job updated: 1049732
	1012  -  MemoryUsage of job (MB)
	1035748  -  ResidentSetSize of job (KB)
...
006 (6327798.000.000) 11/14 13:18:22 Image size of job updated: 1049996
	1012  -  MemoryUsage of job (MB)
	1035748  -  ResidentSetSize of job (KB)
...
006 (6327798.000.000) 11/14 13:23:22 Image size of job updated: 1051416
	1012  -  MemoryUsage of job (MB)
	1035748  -  ResidentSetSize of job (KB)
...
006 (6327798.000.000) 11/14 13:28:24 Image size of job updated: 1051472
	1012  -  MemoryUsage of job (MB)
	1035748  -  ResidentSetSize of job (KB)
...
005 (6327798.000.000) 11/14 13:29:44 Job terminated.
	(1) Normal termination (return value 0)
		Usr 0 00:30:44, Sys 0 00:00:26  -  Run Remote Usage
		Usr 0 00:00:00, Sys 0 00:00:00  -  Run Local Usage
		Usr 0 00:30:44, Sys 0 00:00:26  -  Total Remote Usage
		Usr 0 00:00:00, Sys 0 00:00:00  -  Total Local Usage
	0  -  Run Bytes Sent By Job
	0  -  Run Bytes Received By Job
	0  -  Total Bytes Sent By Job
	0  -  Total Bytes Received By Job
	Partitionable Resources :    Usage  Request Allocated
	   Cpus                 :                 1         1
	   Disk (KB)            :       10       10  47328071
	   Memory (MB)          :     1012        1      2005
...
