000 (6327738.000.000) 11/14 12:57:17 Job submitted from host: <130.199.153.67:9618?addrs=130.199.153.67-9618&noUDP&sock=7357_7f42_4>
...
001 (6327738.000.000) 11/14 12:58:02 Job executing on host: <130.199.201.29:9618?addrs=130.199.201.29-9618&noUDP&sock=28142_afed_3>
...
006 (6327738.000.000) 11/14 12:58:10 Image size of job updated: 964692
	942  -  MemoryUsage of job (MB)
	964508  -  ResidentSetSize of job (KB)
...
006 (6327738.000.000) 11/14 13:03:10 Image size of job updated: 966828
	944  -  MemoryUsage of job (MB)
	966644  -  ResidentSetSize of job (KB)
...
006 (6327738.000.000) 11/14 13:08:11 Image size of job updated: 1017508
	994  -  MemoryUsage of job (MB)
	1017324  -  ResidentSetSize of job (KB)
...
006 (6327738.000.000) 11/14 13:13:12 Image size of job updated: 1020360
	997  -  MemoryUsage of job (MB)
	1020176  -  ResidentSetSize of job (KB)
...
006 (6327738.000.000) 11/14 13:18:12 Image size of job updated: 1021028
	997  -  MemoryUsage of job (MB)
	1020844  -  ResidentSetSize of job (KB)
...
006 (6327738.000.000) 11/14 13:23:12 Image size of job updated: 1021080
	997  -  MemoryUsage of job (MB)
	1020896  -  ResidentSetSize of job (KB)
...
006 (6327738.000.000) 11/14 13:28:13 Image size of job updated: 1021124
	998  -  MemoryUsage of job (MB)
	1020940  -  ResidentSetSize of job (KB)
...
006 (6327738.000.000) 11/14 13:33:13 Image size of job updated: 1021160
	998  -  MemoryUsage of job (MB)
	1020976  -  ResidentSetSize of job (KB)
...
006 (6327738.000.000) 11/14 13:38:13 Image size of job updated: 1029652
	1006  -  MemoryUsage of job (MB)
	1029468  -  ResidentSetSize of job (KB)
...
006 (6327738.000.000) 11/14 13:43:14 Image size of job updated: 1029668
	1006  -  MemoryUsage of job (MB)
	1029484  -  ResidentSetSize of job (KB)
...
006 (6327738.000.000) 11/14 13:48:15 Image size of job updated: 1068692
	1044  -  MemoryUsage of job (MB)
	1068508  -  ResidentSetSize of job (KB)
...
006 (6327738.000.000) 11/14 13:58:16 Image size of job updated: 1068700
	1044  -  MemoryUsage of job (MB)
	1068516  -  ResidentSetSize of job (KB)
...
006 (6327738.000.000) 11/14 14:03:17 Image size of job updated: 1068712
	1044  -  MemoryUsage of job (MB)
	1068528  -  ResidentSetSize of job (KB)
...
006 (6327738.000.000) 11/14 14:08:17 Image size of job updated: 1069008
	1044  -  MemoryUsage of job (MB)
	1068824  -  ResidentSetSize of job (KB)
...
006 (6327738.000.000) 11/14 14:48:21 Image size of job updated: 1069012
	1044  -  MemoryUsage of job (MB)
	1068824  -  ResidentSetSize of job (KB)
...
006 (6327738.000.000) 11/14 15:13:23 Image size of job updated: 1069640
	1044  -  MemoryUsage of job (MB)
	1068824  -  ResidentSetSize of job (KB)
...
006 (6327738.000.000) 11/14 17:08:37 Image size of job updated: 1069644
	1044  -  MemoryUsage of job (MB)
	1068824  -  ResidentSetSize of job (KB)
...
006 (6327738.000.000) 11/14 18:49:51 Image size of job updated: 1072504
	1044  -  MemoryUsage of job (MB)
	1068824  -  ResidentSetSize of job (KB)
...
005 (6327738.000.000) 11/14 18:49:51 Job terminated.
	(1) Normal termination (return value 0)
		Usr 0 05:50:25, Sys 0 00:03:31  -  Run Remote Usage
		Usr 0 00:00:00, Sys 0 00:00:00  -  Run Local Usage
		Usr 0 05:50:25, Sys 0 00:03:31  -  Total Remote Usage
		Usr 0 00:00:00, Sys 0 00:00:00  -  Total Local Usage
	0  -  Run Bytes Sent By Job
	0  -  Run Bytes Received By Job
	0  -  Total Bytes Sent By Job
	0  -  Total Bytes Received By Job
	Partitionable Resources :    Usage  Request Allocated
	   Cpus                 :                 1         1
	   Disk (KB)            :       10       10  47328034
	   Memory (MB)          :     1044        1      2005
...
