000 (6327807.000.000) 11/14 12:57:22 Job submitted from host: <130.199.153.67:9618?addrs=130.199.153.67-9618&noUDP&sock=7357_7f42_4>
...
001 (6327807.000.000) 11/14 12:58:13 Job executing on host: <130.199.202.23:9618?addrs=130.199.202.23-9618&noUDP&sock=10587_c057_3>
...
006 (6327807.000.000) 11/14 12:58:22 Image size of job updated: 991456
	943  -  MemoryUsage of job (MB)
	964900  -  ResidentSetSize of job (KB)
...
006 (6327807.000.000) 11/14 13:03:23 Image size of job updated: 1048456
	998  -  MemoryUsage of job (MB)
	1021900  -  ResidentSetSize of job (KB)
...
006 (6327807.000.000) 11/14 13:08:24 Image size of job updated: 1049164
	999  -  MemoryUsage of job (MB)
	1022608  -  ResidentSetSize of job (KB)
...
006 (6327807.000.000) 11/14 13:13:24 Image size of job updated: 1051844
	1002  -  MemoryUsage of job (MB)
	1025288  -  ResidentSetSize of job (KB)
...
006 (6327807.000.000) 11/14 13:18:24 Image size of job updated: 1051976
	1002  -  MemoryUsage of job (MB)
	1025420  -  ResidentSetSize of job (KB)
...
006 (6327807.000.000) 11/14 13:23:25 Image size of job updated: 1052108
	1002  -  MemoryUsage of job (MB)
	1025552  -  ResidentSetSize of job (KB)
...
006 (6327807.000.000) 11/14 13:28:26 Image size of job updated: 1052216
	1002  -  MemoryUsage of job (MB)
	1025660  -  ResidentSetSize of job (KB)
...
006 (6327807.000.000) 11/14 13:33:26 Image size of job updated: 1052732
	1003  -  MemoryUsage of job (MB)
	1026176  -  ResidentSetSize of job (KB)
...
006 (6327807.000.000) 11/14 13:38:27 Image size of job updated: 1052828
	1003  -  MemoryUsage of job (MB)
	1026272  -  ResidentSetSize of job (KB)
...
