000 (6327655.000.000) 11/14 12:57:17 Job submitted from host: <130.199.153.67:9618?addrs=130.199.153.67-9618&noUDP&sock=7357_7f42_4>
...
001 (6327655.000.000) 11/14 12:57:46 Job executing on host: <130.199.150.229:9618?addrs=130.199.150.229-9618&noUDP&sock=13646_e2df_3>
...
006 (6327655.000.000) 11/14 12:57:55 Image size of job updated: 992352
	944  -  MemoryUsage of job (MB)
	966132  -  ResidentSetSize of job (KB)
...
006 (6327655.000.000) 11/14 13:02:56 Image size of job updated: 995072
	947  -  MemoryUsage of job (MB)
	968852  -  ResidentSetSize of job (KB)
...
006 (6327655.000.000) 11/14 13:07:57 Image size of job updated: 1047008
	997  -  MemoryUsage of job (MB)
	1020788  -  ResidentSetSize of job (KB)
...
006 (6327655.000.000) 11/14 13:12:57 Image size of job updated: 1049804
	1000  -  MemoryUsage of job (MB)
	1023584  -  ResidentSetSize of job (KB)
...
006 (6327655.000.000) 11/14 13:17:57 Image size of job updated: 1049820
	1000  -  MemoryUsage of job (MB)
	1023600  -  ResidentSetSize of job (KB)
...
006 (6327655.000.000) 11/14 13:22:59 Image size of job updated: 1052532
	1003  -  MemoryUsage of job (MB)
	1026312  -  ResidentSetSize of job (KB)
...
006 (6327655.000.000) 11/14 13:27:59 Image size of job updated: 1052536
	1003  -  MemoryUsage of job (MB)
	1026316  -  ResidentSetSize of job (KB)
...
006 (6327655.000.000) 11/14 13:32:59 Image size of job updated: 1052640
	1003  -  MemoryUsage of job (MB)
	1026420  -  ResidentSetSize of job (KB)
...
006 (6327655.000.000) 11/14 13:38:00 Image size of job updated: 1052652
	1003  -  MemoryUsage of job (MB)
	1026432  -  ResidentSetSize of job (KB)
...
006 (6327655.000.000) 11/14 13:43:01 Image size of job updated: 1053572
	1004  -  MemoryUsage of job (MB)
	1027352  -  ResidentSetSize of job (KB)
...
006 (6327655.000.000) 11/14 13:48:01 Image size of job updated: 1053732
	1004  -  MemoryUsage of job (MB)
	1027512  -  ResidentSetSize of job (KB)
...
006 (6327655.000.000) 11/14 13:53:01 Image size of job updated: 1053752
	1004  -  MemoryUsage of job (MB)
	1027532  -  ResidentSetSize of job (KB)
...
006 (6327655.000.000) 11/14 13:58:02 Image size of job updated: 1053772
	1004  -  MemoryUsage of job (MB)
	1027552  -  ResidentSetSize of job (KB)
...
006 (6327655.000.000) 11/14 14:03:03 Image size of job updated: 1053800
	1004  -  MemoryUsage of job (MB)
	1027580  -  ResidentSetSize of job (KB)
...
006 (6327655.000.000) 11/14 14:08:03 Image size of job updated: 1053928
	1004  -  MemoryUsage of job (MB)
	1027708  -  ResidentSetSize of job (KB)
...
006 (6327655.000.000) 11/14 14:13:04 Image size of job updated: 1053944
	1004  -  MemoryUsage of job (MB)
	1027724  -  ResidentSetSize of job (KB)
...
006 (6327655.000.000) 11/14 14:18:05 Image size of job updated: 1054484
	1005  -  MemoryUsage of job (MB)
	1028264  -  ResidentSetSize of job (KB)
...
006 (6327655.000.000) 11/14 14:23:05 Image size of job updated: 1054500
	1005  -  MemoryUsage of job (MB)
	1028280  -  ResidentSetSize of job (KB)
...
006 (6327655.000.000) 11/14 14:28:05 Image size of job updated: 1054544
	1005  -  MemoryUsage of job (MB)
	1028324  -  ResidentSetSize of job (KB)
...
006 (6327655.000.000) 11/14 14:38:07 Image size of job updated: 1054564
	1005  -  MemoryUsage of job (MB)
	1028500  -  ResidentSetSize of job (KB)
...
006 (6327655.000.000) 11/14 14:43:07 Image size of job updated: 1054588
	1005  -  MemoryUsage of job (MB)
	1028500  -  ResidentSetSize of job (KB)
...
006 (6327655.000.000) 11/14 14:48:07 Image size of job updated: 1054644
	1005  -  MemoryUsage of job (MB)
	1028500  -  ResidentSetSize of job (KB)
...
006 (6327655.000.000) 11/14 14:53:08 Image size of job updated: 1054664
	1005  -  MemoryUsage of job (MB)
	1028500  -  ResidentSetSize of job (KB)
...
006 (6327655.000.000) 11/14 14:58:08 Image size of job updated: 1054748
	1005  -  MemoryUsage of job (MB)
	1028528  -  ResidentSetSize of job (KB)
...
006 (6327655.000.000) 11/14 15:03:08 Image size of job updated: 1055152
	1005  -  MemoryUsage of job (MB)
	1028932  -  ResidentSetSize of job (KB)
...
006 (6327655.000.000) 11/14 15:08:09 Image size of job updated: 1055168
	1005  -  MemoryUsage of job (MB)
	1028948  -  ResidentSetSize of job (KB)
...
006 (6327655.000.000) 11/14 15:13:10 Image size of job updated: 1055184
	1005  -  MemoryUsage of job (MB)
	1028964  -  ResidentSetSize of job (KB)
...
006 (6327655.000.000) 11/14 15:18:10 Image size of job updated: 1055200
	1005  -  MemoryUsage of job (MB)
	1028980  -  ResidentSetSize of job (KB)
...
006 (6327655.000.000) 11/14 15:23:11 Image size of job updated: 1055220
	1006  -  MemoryUsage of job (MB)
	1029232  -  ResidentSetSize of job (KB)
...
006 (6327655.000.000) 11/14 15:28:12 Image size of job updated: 1055256
	1006  -  MemoryUsage of job (MB)
	1029232  -  ResidentSetSize of job (KB)
...
006 (6327655.000.000) 11/14 15:33:12 Image size of job updated: 1055280
	1006  -  MemoryUsage of job (MB)
	1029232  -  ResidentSetSize of job (KB)
...
006 (6327655.000.000) 11/14 15:38:12 Image size of job updated: 1055304
	1006  -  MemoryUsage of job (MB)
	1029232  -  ResidentSetSize of job (KB)
...
006 (6327655.000.000) 11/14 15:43:13 Image size of job updated: 1055312
	1006  -  MemoryUsage of job (MB)
	1029232  -  ResidentSetSize of job (KB)
...
006 (6327655.000.000) 11/14 15:48:13 Image size of job updated: 1055332
	1006  -  MemoryUsage of job (MB)
	1029232  -  ResidentSetSize of job (KB)
...
006 (6327655.000.000) 11/14 15:53:13 Image size of job updated: 1055348
	1006  -  MemoryUsage of job (MB)
	1029232  -  ResidentSetSize of job (KB)
...
006 (6327655.000.000) 11/14 15:58:14 Image size of job updated: 1055388
	1006  -  MemoryUsage of job (MB)
	1029232  -  ResidentSetSize of job (KB)
...
006 (6327655.000.000) 11/14 16:03:15 Image size of job updated: 1055400
	1006  -  MemoryUsage of job (MB)
	1029232  -  ResidentSetSize of job (KB)
...
006 (6327655.000.000) 11/14 16:08:15 Image size of job updated: 1055428
	1006  -  MemoryUsage of job (MB)
	1029232  -  ResidentSetSize of job (KB)
...
006 (6327655.000.000) 11/14 16:13:15 Image size of job updated: 1055460
	1006  -  MemoryUsage of job (MB)
	1029232  -  ResidentSetSize of job (KB)
...
006 (6327655.000.000) 11/14 16:18:16 Image size of job updated: 1055492
	1006  -  MemoryUsage of job (MB)
	1029232  -  ResidentSetSize of job (KB)
...
006 (6327655.000.000) 11/14 16:23:16 Image size of job updated: 1055516
	1006  -  MemoryUsage of job (MB)
	1029232  -  ResidentSetSize of job (KB)
...
006 (6327655.000.000) 11/14 16:28:16 Image size of job updated: 1055540
	1006  -  MemoryUsage of job (MB)
	1029232  -  ResidentSetSize of job (KB)
...
006 (6327655.000.000) 11/14 16:33:17 Image size of job updated: 1055572
	1006  -  MemoryUsage of job (MB)
	1029232  -  ResidentSetSize of job (KB)
...
006 (6327655.000.000) 11/14 16:38:18 Image size of job updated: 1055600
	1006  -  MemoryUsage of job (MB)
	1029252  -  ResidentSetSize of job (KB)
...
006 (6327655.000.000) 11/14 16:43:18 Image size of job updated: 1056072
	1006  -  MemoryUsage of job (MB)
	1029724  -  ResidentSetSize of job (KB)
...
006 (6327655.000.000) 11/14 16:48:19 Image size of job updated: 1056104
	1006  -  MemoryUsage of job (MB)
	1029756  -  ResidentSetSize of job (KB)
...
006 (6327655.000.000) 11/14 16:53:20 Image size of job updated: 1056144
	1006  -  MemoryUsage of job (MB)
	1029796  -  ResidentSetSize of job (KB)
...
006 (6327655.000.000) 11/14 16:58:20 Image size of job updated: 1056976
	1007  -  MemoryUsage of job (MB)
	1030628  -  ResidentSetSize of job (KB)
...
006 (6327655.000.000) 11/14 17:53:25 Image size of job updated: 1057708
	1008  -  MemoryUsage of job (MB)
	1031360  -  ResidentSetSize of job (KB)
...
006 (6327655.000.000) 11/14 17:58:26 Image size of job updated: 1057708
	1008  -  MemoryUsage of job (MB)
	1031560  -  ResidentSetSize of job (KB)
...
006 (6327655.000.000) 11/14 18:48:30 Image size of job updated: 1063868
	1014  -  MemoryUsage of job (MB)
	1037520  -  ResidentSetSize of job (KB)
...
006 (6327655.000.000) 11/14 19:08:32 Image size of job updated: 1099300
	1048  -  MemoryUsage of job (MB)
	1072952  -  ResidentSetSize of job (KB)
...
006 (6327655.000.000) 11/14 19:18:33 Image size of job updated: 1099304
	1048  -  MemoryUsage of job (MB)
	1072956  -  ResidentSetSize of job (KB)
...
006 (6327655.000.000) 11/14 20:03:38 Image size of job updated: 1099560
	1048  -  MemoryUsage of job (MB)
	1072956  -  ResidentSetSize of job (KB)
...
006 (6327655.000.000) 11/15 02:04:53 Image size of job updated: 1245396
	1048  -  MemoryUsage of job (MB)
	1072956  -  ResidentSetSize of job (KB)
...
005 (6327655.000.000) 11/15 02:04:54 Job terminated.
	(1) Normal termination (return value 0)
		Usr 0 13:06:08, Sys 0 00:11:52  -  Run Remote Usage
		Usr 0 00:00:00, Sys 0 00:00:00  -  Run Local Usage
		Usr 0 13:06:08, Sys 0 00:11:52  -  Total Remote Usage
		Usr 0 00:00:00, Sys 0 00:00:00  -  Total Local Usage
	0  -  Run Bytes Sent By Job
	0  -  Run Bytes Received By Job
	0  -  Total Bytes Sent By Job
	0  -  Total Bytes Received By Job
	Partitionable Resources :    Usage  Request Allocated
	   Cpus                 :                 1         1
	   Disk (KB)            :       10       10  59425694
	   Memory (MB)          :     1048        1      2007
...
