000 (6327657.000.000) 11/14 12:57:17 Job submitted from host: <130.199.153.67:9618?addrs=130.199.153.67-9618&noUDP&sock=7357_7f42_4>
...
001 (6327657.000.000) 11/14 12:57:46 Job executing on host: <130.199.150.221:9618?addrs=130.199.150.221-9618&noUDP&sock=8829_5dd4_3>
...
006 (6327657.000.000) 11/14 12:57:55 Image size of job updated: 967136
	945  -  MemoryUsage of job (MB)
	966928  -  ResidentSetSize of job (KB)
...
006 (6327657.000.000) 11/14 13:02:56 Image size of job updated: 969208
	947  -  MemoryUsage of job (MB)
	969000  -  ResidentSetSize of job (KB)
...
006 (6327657.000.000) 11/14 13:07:57 Image size of job updated: 1014524
	991  -  MemoryUsage of job (MB)
	1014316  -  ResidentSetSize of job (KB)
...
006 (6327657.000.000) 11/14 13:12:57 Image size of job updated: 1016880
	993  -  MemoryUsage of job (MB)
	1016672  -  ResidentSetSize of job (KB)
...
006 (6327657.000.000) 11/14 13:17:58 Image size of job updated: 1016908
	993  -  MemoryUsage of job (MB)
	1016700  -  ResidentSetSize of job (KB)
...
006 (6327657.000.000) 11/14 13:22:59 Image size of job updated: 1018848
	995  -  MemoryUsage of job (MB)
	1018640  -  ResidentSetSize of job (KB)
...
006 (6327657.000.000) 11/14 13:27:59 Image size of job updated: 1020612
	997  -  MemoryUsage of job (MB)
	1020404  -  ResidentSetSize of job (KB)
...
006 (6327657.000.000) 11/14 13:32:59 Image size of job updated: 1020640
	997  -  MemoryUsage of job (MB)
	1020432  -  ResidentSetSize of job (KB)
...
