000 (6327715.000.000) 11/14 12:57:17 Job submitted from host: <130.199.153.67:9618?addrs=130.199.153.67-9618&noUDP&sock=7357_7f42_4>
...
001 (6327715.000.000) 11/14 12:57:58 Job executing on host: <130.199.153.100:9618?addrs=130.199.153.100-9618&noUDP&sock=22233_9035_3>
...
006 (6327715.000.000) 11/14 12:58:06 Image size of job updated: 968392
	946  -  MemoryUsage of job (MB)
	968208  -  ResidentSetSize of job (KB)
...
006 (6327715.000.000) 11/14 13:03:06 Image size of job updated: 970044
	948  -  MemoryUsage of job (MB)
	969860  -  ResidentSetSize of job (KB)
...
006 (6327715.000.000) 11/14 13:08:07 Image size of job updated: 1018576
	995  -  MemoryUsage of job (MB)
	1018392  -  ResidentSetSize of job (KB)
...
006 (6327715.000.000) 11/14 13:13:08 Image size of job updated: 1018988
	995  -  MemoryUsage of job (MB)
	1018804  -  ResidentSetSize of job (KB)
...
006 (6327715.000.000) 11/14 13:18:08 Image size of job updated: 1025948
	1002  -  MemoryUsage of job (MB)
	1025764  -  ResidentSetSize of job (KB)
...
006 (6327715.000.000) 11/14 13:23:08 Image size of job updated: 1025988
	1002  -  MemoryUsage of job (MB)
	1025804  -  ResidentSetSize of job (KB)
...
006 (6327715.000.000) 11/14 13:28:09 Image size of job updated: 1026268
	1003  -  MemoryUsage of job (MB)
	1026084  -  ResidentSetSize of job (KB)
...
006 (6327715.000.000) 11/14 13:33:09 Image size of job updated: 1035288
	1011  -  MemoryUsage of job (MB)
	1035104  -  ResidentSetSize of job (KB)
...
006 (6327715.000.000) 11/14 13:38:09 Image size of job updated: 1035344
	1011  -  MemoryUsage of job (MB)
	1035160  -  ResidentSetSize of job (KB)
...
006 (6327715.000.000) 11/14 13:43:10 Image size of job updated: 1080056
	1055  -  MemoryUsage of job (MB)
	1079872  -  ResidentSetSize of job (KB)
...
006 (6327715.000.000) 11/14 13:53:11 Image size of job updated: 1080424
	1055  -  MemoryUsage of job (MB)
	1080240  -  ResidentSetSize of job (KB)
...
006 (6327715.000.000) 11/14 14:43:16 Image size of job updated: 1080484
	1055  -  MemoryUsage of job (MB)
	1080300  -  ResidentSetSize of job (KB)
...
006 (6327715.000.000) 11/14 14:53:17 Image size of job updated: 1080488
	1055  -  MemoryUsage of job (MB)
	1080304  -  ResidentSetSize of job (KB)
...
006 (6327715.000.000) 11/14 16:03:24 Image size of job updated: 1080492
	1055  -  MemoryUsage of job (MB)
	1080308  -  ResidentSetSize of job (KB)
...
006 (6327715.000.000) 11/14 18:33:39 Image size of job updated: 1080712
	1056  -  MemoryUsage of job (MB)
	1080528  -  ResidentSetSize of job (KB)
...
006 (6327715.000.000) 11/14 19:23:44 Image size of job updated: 1080732
	1056  -  MemoryUsage of job (MB)
	1080548  -  ResidentSetSize of job (KB)
...
006 (6327715.000.000) 11/14 19:38:46 Image size of job updated: 1080840
	1056  -  MemoryUsage of job (MB)
	1080656  -  ResidentSetSize of job (KB)
...
006 (6327715.000.000) 11/14 20:23:49 Image size of job updated: 1080844
	1056  -  MemoryUsage of job (MB)
	1080660  -  ResidentSetSize of job (KB)
...
006 (6327715.000.000) 11/14 22:58:49 Image size of job updated: 1236756
	1056  -  MemoryUsage of job (MB)
	1080660  -  ResidentSetSize of job (KB)
...
005 (6327715.000.000) 11/14 22:58:49 Job terminated.
	(1) Normal termination (return value 0)
		Usr 0 09:59:38, Sys 0 00:06:26  -  Run Remote Usage
		Usr 0 00:00:00, Sys 0 00:00:00  -  Run Local Usage
		Usr 0 09:59:38, Sys 0 00:06:26  -  Total Remote Usage
		Usr 0 00:00:00, Sys 0 00:00:00  -  Total Local Usage
	0  -  Run Bytes Sent By Job
	0  -  Run Bytes Received By Job
	0  -  Total Bytes Sent By Job
	0  -  Total Bytes Received By Job
	Partitionable Resources :    Usage  Request Allocated
	   Cpus                 :                 1         1
	   Disk (KB)            :       10       10  47328213
	   Memory (MB)          :     1056        1      2005
...
