000 (6327685.000.000) 11/14 12:57:17 Job submitted from host: <130.199.153.67:9618?addrs=130.199.153.67-9618&noUDP&sock=7357_7f42_4>
...
001 (6327685.000.000) 11/14 12:57:52 Job executing on host: <130.199.202.41:9618?addrs=130.199.202.41-9618&noUDP&sock=21476_fb7c_3>
...
006 (6327685.000.000) 11/14 12:58:00 Image size of job updated: 1001140
	952  -  MemoryUsage of job (MB)
	974584  -  ResidentSetSize of job (KB)
...
006 (6327685.000.000) 11/14 13:03:00 Image size of job updated: 1058184
	1008  -  MemoryUsage of job (MB)
	1031628  -  ResidentSetSize of job (KB)
...
006 (6327685.000.000) 11/14 13:08:01 Image size of job updated: 1058936
	1009  -  MemoryUsage of job (MB)
	1032396  -  ResidentSetSize of job (KB)
...
006 (6327685.000.000) 11/14 13:13:01 Image size of job updated: 1059176
	1009  -  MemoryUsage of job (MB)
	1032684  -  ResidentSetSize of job (KB)
...
006 (6327685.000.000) 11/14 13:18:01 Image size of job updated: 1060260
	1010  -  MemoryUsage of job (MB)
	1033816  -  ResidentSetSize of job (KB)
...
006 (6327685.000.000) 11/14 13:23:02 Image size of job updated: 1060260
	1011  -  MemoryUsage of job (MB)
	1034716  -  ResidentSetSize of job (KB)
...
006 (6327685.000.000) 11/14 13:28:03 Image size of job updated: 1060260
	1011  -  MemoryUsage of job (MB)
	1034748  -  ResidentSetSize of job (KB)
...
006 (6327685.000.000) 11/14 13:33:03 Image size of job updated: 1060260
	1011  -  MemoryUsage of job (MB)
	1034876  -  ResidentSetSize of job (KB)
...
