000 (6327693.000.000) 11/14 12:57:17 Job submitted from host: <130.199.153.67:9618?addrs=130.199.153.67-9618&noUDP&sock=7357_7f42_4>
...
001 (6327693.000.000) 11/14 12:57:54 Job executing on host: <130.199.150.171:9618?addrs=130.199.150.171-9618&noUDP&sock=22517_721b_3>
...
006 (6327693.000.000) 11/14 12:58:02 Image size of job updated: 987184
	948  -  MemoryUsage of job (MB)
	970340  -  ResidentSetSize of job (KB)
...
006 (6327693.000.000) 11/14 13:03:02 Image size of job updated: 1044840
	1004  -  MemoryUsage of job (MB)
	1027952  -  ResidentSetSize of job (KB)
...
006 (6327693.000.000) 11/14 13:08:03 Image size of job updated: 1046620
	1006  -  MemoryUsage of job (MB)
	1029732  -  ResidentSetSize of job (KB)
...
006 (6327693.000.000) 11/14 13:13:04 Image size of job updated: 1047232
	1007  -  MemoryUsage of job (MB)
	1030344  -  ResidentSetSize of job (KB)
...
006 (6327693.000.000) 11/14 13:18:04 Image size of job updated: 1048236
	1008  -  MemoryUsage of job (MB)
	1031348  -  ResidentSetSize of job (KB)
...
006 (6327693.000.000) 11/14 13:23:04 Image size of job updated: 1048408
	1008  -  MemoryUsage of job (MB)
	1031520  -  ResidentSetSize of job (KB)
...
006 (6327693.000.000) 11/14 13:28:05 Image size of job updated: 1049960
	1009  -  MemoryUsage of job (MB)
	1033072  -  ResidentSetSize of job (KB)
...
006 (6327693.000.000) 11/14 13:33:06 Image size of job updated: 1049976
	1009  -  MemoryUsage of job (MB)
	1033088  -  ResidentSetSize of job (KB)
...
006 (6327693.000.000) 11/14 13:38:06 Image size of job updated: 1050008
	1009  -  MemoryUsage of job (MB)
	1033120  -  ResidentSetSize of job (KB)
...
006 (6327693.000.000) 11/14 13:43:07 Image size of job updated: 1050028
	1009  -  MemoryUsage of job (MB)
	1033140  -  ResidentSetSize of job (KB)
...
006 (6327693.000.000) 11/14 13:48:08 Image size of job updated: 1050036
	1009  -  MemoryUsage of job (MB)
	1033148  -  ResidentSetSize of job (KB)
...
006 (6327693.000.000) 11/14 13:53:09 Image size of job updated: 1050056
	1009  -  MemoryUsage of job (MB)
	1033168  -  ResidentSetSize of job (KB)
...
006 (6327693.000.000) 11/14 13:58:09 Image size of job updated: 1050076
	1009  -  MemoryUsage of job (MB)
	1033188  -  ResidentSetSize of job (KB)
...
006 (6327693.000.000) 11/14 14:03:10 Image size of job updated: 1050104
	1009  -  MemoryUsage of job (MB)
	1033216  -  ResidentSetSize of job (KB)
...
006 (6327693.000.000) 11/14 14:08:11 Image size of job updated: 1050284
	1010  -  MemoryUsage of job (MB)
	1033396  -  ResidentSetSize of job (KB)
...
006 (6327693.000.000) 11/14 14:13:11 Image size of job updated: 1050312
	1010  -  MemoryUsage of job (MB)
	1033424  -  ResidentSetSize of job (KB)
...
006 (6327693.000.000) 11/14 14:18:11 Image size of job updated: 1050380
	1010  -  MemoryUsage of job (MB)
	1033492  -  ResidentSetSize of job (KB)
...
006 (6327693.000.000) 11/14 14:23:12 Image size of job updated: 1050404
	1010  -  MemoryUsage of job (MB)
	1033516  -  ResidentSetSize of job (KB)
...
006 (6327693.000.000) 11/14 14:28:13 Image size of job updated: 1050416
	1010  -  MemoryUsage of job (MB)
	1033528  -  ResidentSetSize of job (KB)
...
006 (6327693.000.000) 11/14 14:33:13 Image size of job updated: 1050776
	1010  -  MemoryUsage of job (MB)
	1033888  -  ResidentSetSize of job (KB)
...
006 (6327693.000.000) 11/14 14:38:13 Image size of job updated: 1050792
	1010  -  MemoryUsage of job (MB)
	1033904  -  ResidentSetSize of job (KB)
...
006 (6327693.000.000) 11/14 14:43:14 Image size of job updated: 1050808
	1010  -  MemoryUsage of job (MB)
	1033920  -  ResidentSetSize of job (KB)
...
006 (6327693.000.000) 11/14 14:48:15 Image size of job updated: 1051272
	1011  -  MemoryUsage of job (MB)
	1034384  -  ResidentSetSize of job (KB)
...
006 (6327693.000.000) 11/14 14:53:15 Image size of job updated: 1051284
	1011  -  MemoryUsage of job (MB)
	1034396  -  ResidentSetSize of job (KB)
...
006 (6327693.000.000) 11/14 14:58:16 Image size of job updated: 1051320
	1011  -  MemoryUsage of job (MB)
	1034432  -  ResidentSetSize of job (KB)
...
006 (6327693.000.000) 11/14 15:03:17 Image size of job updated: 1051352
	1011  -  MemoryUsage of job (MB)
	1034464  -  ResidentSetSize of job (KB)
...
006 (6327693.000.000) 11/14 15:08:17 Image size of job updated: 1051372
	1011  -  MemoryUsage of job (MB)
	1034484  -  ResidentSetSize of job (KB)
...
006 (6327693.000.000) 11/14 15:13:17 Image size of job updated: 1051392
	1011  -  MemoryUsage of job (MB)
	1034504  -  ResidentSetSize of job (KB)
...
006 (6327693.000.000) 11/14 15:18:18 Image size of job updated: 1051512
	1011  -  MemoryUsage of job (MB)
	1034624  -  ResidentSetSize of job (KB)
...
006 (6327693.000.000) 11/14 15:23:18 Image size of job updated: 1051528
	1011  -  MemoryUsage of job (MB)
	1034624  -  ResidentSetSize of job (KB)
...
006 (6327693.000.000) 11/14 15:28:18 Image size of job updated: 1051556
	1011  -  MemoryUsage of job (MB)
	1034624  -  ResidentSetSize of job (KB)
...
006 (6327693.000.000) 11/14 15:33:19 Image size of job updated: 1051568
	1011  -  MemoryUsage of job (MB)
	1034624  -  ResidentSetSize of job (KB)
...
006 (6327693.000.000) 11/14 15:38:20 Image size of job updated: 1051588
	1011  -  MemoryUsage of job (MB)
	1034624  -  ResidentSetSize of job (KB)
...
006 (6327693.000.000) 11/14 15:43:20 Image size of job updated: 1051612
	1011  -  MemoryUsage of job (MB)
	1034624  -  ResidentSetSize of job (KB)
...
006 (6327693.000.000) 11/14 15:48:21 Image size of job updated: 1051632
	1011  -  MemoryUsage of job (MB)
	1034624  -  ResidentSetSize of job (KB)
...
006 (6327693.000.000) 11/14 15:53:22 Image size of job updated: 1051956
	1011  -  MemoryUsage of job (MB)
	1034624  -  ResidentSetSize of job (KB)
...
006 (6327693.000.000) 11/14 15:58:22 Image size of job updated: 1051972
	1011  -  MemoryUsage of job (MB)
	1034624  -  ResidentSetSize of job (KB)
...
006 (6327693.000.000) 11/14 15:58:33 Image size of job updated: 1181760
	1011  -  MemoryUsage of job (MB)
	1034624  -  ResidentSetSize of job (KB)
...
005 (6327693.000.000) 11/14 15:58:33 Job terminated.
	(1) Normal termination (return value 0)
		Usr 0 02:58:03, Sys 0 00:02:54  -  Run Remote Usage
		Usr 0 00:00:00, Sys 0 00:00:00  -  Run Local Usage
		Usr 0 02:58:03, Sys 0 00:02:54  -  Total Remote Usage
		Usr 0 00:00:00, Sys 0 00:00:00  -  Total Local Usage
	0  -  Run Bytes Sent By Job
	0  -  Run Bytes Received By Job
	0  -  Total Bytes Sent By Job
	0  -  Total Bytes Received By Job
	Partitionable Resources :    Usage  Request Allocated
	   Cpus                 :                 1         1
	   Disk (KB)            :       10       10  41489315
	   Memory (MB)          :     1011        1      2007
...
