000 (6327878.000.000) 11/14 12:57:26 Job submitted from host: <130.199.153.67:9618?addrs=130.199.153.67-9618&noUDP&sock=7357_7f42_4>
...
001 (6327878.000.000) 11/14 12:58:24 Job executing on host: <130.199.201.45:9618?addrs=130.199.201.45-9618&noUDP&sock=23046_de17_3>
...
006 (6327878.000.000) 11/14 12:58:33 Image size of job updated: 962556
	940  -  MemoryUsage of job (MB)
	962372  -  ResidentSetSize of job (KB)
...
006 (6327878.000.000) 11/14 13:03:34 Image size of job updated: 964260
	940  -  MemoryUsage of job (MB)
	962372  -  ResidentSetSize of job (KB)
...
006 (6327878.000.000) 11/14 13:08:35 Image size of job updated: 1011316
	971  -  MemoryUsage of job (MB)
	993528  -  ResidentSetSize of job (KB)
...
005 (6327878.000.000) 11/14 13:10:47 Job terminated.
	(1) Normal termination (return value 0)
		Usr 0 00:11:14, Sys 0 00:00:13  -  Run Remote Usage
		Usr 0 00:00:00, Sys 0 00:00:00  -  Run Local Usage
		Usr 0 00:11:14, Sys 0 00:00:13  -  Total Remote Usage
		Usr 0 00:00:00, Sys 0 00:00:00  -  Total Local Usage
	0  -  Run Bytes Sent By Job
	0  -  Run Bytes Received By Job
	0  -  Total Bytes Sent By Job
	0  -  Total Bytes Received By Job
	Partitionable Resources :    Usage  Request Allocated
	   Cpus                 :                 1         1
	   Disk (KB)            :       10       10  47327626
	   Memory (MB)          :      971        1      2005
...
