000 (6327869.000.000) 11/14 12:57:26 Job submitted from host: <130.199.153.67:9618?addrs=130.199.153.67-9618&noUDP&sock=7357_7f42_4>
...
001 (6327869.000.000) 11/14 12:58:23 Job executing on host: <130.199.152.24:9618?addrs=130.199.152.24-9618&noUDP&sock=22511_8bfb_3>
...
006 (6327869.000.000) 11/14 12:58:32 Image size of job updated: 989432
	941  -  MemoryUsage of job (MB)
	962856  -  ResidentSetSize of job (KB)
...
006 (6327869.000.000) 11/14 13:03:33 Image size of job updated: 991156
	942  -  MemoryUsage of job (MB)
	964580  -  ResidentSetSize of job (KB)
...
006 (6327869.000.000) 11/14 13:08:34 Image size of job updated: 1047504
	997  -  MemoryUsage of job (MB)
	1020928  -  ResidentSetSize of job (KB)
...
006 (6327869.000.000) 11/14 13:10:57 Image size of job updated: 1628016
	997  -  MemoryUsage of job (MB)
	1020928  -  ResidentSetSize of job (KB)
...
005 (6327869.000.000) 11/14 13:10:57 Job terminated.
	(1) Normal termination (return value 0)
		Usr 0 00:12:20, Sys 0 00:00:10  -  Run Remote Usage
		Usr 0 00:00:00, Sys 0 00:00:00  -  Run Local Usage
		Usr 0 00:12:20, Sys 0 00:00:10  -  Total Remote Usage
		Usr 0 00:00:00, Sys 0 00:00:00  -  Total Local Usage
	0  -  Run Bytes Sent By Job
	0  -  Run Bytes Received By Job
	0  -  Total Bytes Sent By Job
	0  -  Total Bytes Received By Job
	Partitionable Resources :    Usage  Request Allocated
	   Cpus                 :                 1         1
	   Disk (KB)            :       10       10  32976534
	   Memory (MB)          :      997        1      2005
...
