000 (6327811.000.000) 11/14 12:57:22 Job submitted from host: <130.199.153.67:9618?addrs=130.199.153.67-9618&noUDP&sock=7357_7f42_4>
...
001 (6327811.000.000) 11/14 12:58:14 Job executing on host: <130.199.202.27:9618?addrs=130.199.202.27-9618&noUDP&sock=26591_d0b7_3>
...
006 (6327811.000.000) 11/14 12:58:23 Image size of job updated: 990332
	942  -  MemoryUsage of job (MB)
	963916  -  ResidentSetSize of job (KB)
...
006 (6327811.000.000) 11/14 13:03:24 Image size of job updated: 1049436
	1000  -  MemoryUsage of job (MB)
	1023020  -  ResidentSetSize of job (KB)
...
006 (6327811.000.000) 11/14 13:07:03 Image size of job updated: 1063396
	1000  -  MemoryUsage of job (MB)
	1023020  -  ResidentSetSize of job (KB)
...
005 (6327811.000.000) 11/14 13:07:03 Job terminated.
	(1) Normal termination (return value 0)
		Usr 0 00:08:28, Sys 0 00:00:16  -  Run Remote Usage
		Usr 0 00:00:00, Sys 0 00:00:00  -  Run Local Usage
		Usr 0 00:08:28, Sys 0 00:00:16  -  Total Remote Usage
		Usr 0 00:00:00, Sys 0 00:00:00  -  Total Local Usage
	0  -  Run Bytes Sent By Job
	0  -  Run Bytes Received By Job
	0  -  Total Bytes Sent By Job
	0  -  Total Bytes Received By Job
	Partitionable Resources :    Usage  Request Allocated
	   Cpus                 :                 1         1
	   Disk (KB)            :       10       10  47541131
	   Memory (MB)          :     1000        1      2008
...
