000 (6327760.000.000) 11/14 12:57:22 Job submitted from host: <130.199.153.67:9618?addrs=130.199.153.67-9618&noUDP&sock=7357_7f42_4>
...
001 (6327760.000.000) 11/14 12:58:05 Job executing on host: <130.199.202.15:9618?addrs=130.199.202.15-9618&noUDP&sock=30087_4152_3>
...
006 (6327760.000.000) 11/14 12:58:14 Image size of job updated: 886316
	840  -  MemoryUsage of job (MB)
	859840  -  ResidentSetSize of job (KB)
...
006 (6327760.000.000) 11/14 13:03:16 Image size of job updated: 1065160
	1015  -  MemoryUsage of job (MB)
	1038604  -  ResidentSetSize of job (KB)
...
006 (6327760.000.000) 11/14 13:08:16 Image size of job updated: 1066624
	1016  -  MemoryUsage of job (MB)
	1040068  -  ResidentSetSize of job (KB)
...
006 (6327760.000.000) 11/14 13:13:16 Image size of job updated: 1067868
	1017  -  MemoryUsage of job (MB)
	1041312  -  ResidentSetSize of job (KB)
...
006 (6327760.000.000) 11/14 13:18:17 Image size of job updated: 1068376
	1018  -  MemoryUsage of job (MB)
	1041820  -  ResidentSetSize of job (KB)
...
006 (6327760.000.000) 11/14 13:23:18 Image size of job updated: 1068996
	1019  -  MemoryUsage of job (MB)
	1042440  -  ResidentSetSize of job (KB)
...
006 (6327760.000.000) 11/14 13:28:18 Image size of job updated: 1069048
	1019  -  MemoryUsage of job (MB)
	1042492  -  ResidentSetSize of job (KB)
...
006 (6327760.000.000) 11/14 13:33:19 Image size of job updated: 1069084
	1019  -  MemoryUsage of job (MB)
	1042520  -  ResidentSetSize of job (KB)
...
006 (6327760.000.000) 11/14 13:38:20 Image size of job updated: 1069120
	1019  -  MemoryUsage of job (MB)
	1042520  -  ResidentSetSize of job (KB)
...
006 (6327760.000.000) 11/14 13:43:20 Image size of job updated: 1069184
	1019  -  MemoryUsage of job (MB)
	1042520  -  ResidentSetSize of job (KB)
...
006 (6327760.000.000) 11/14 14:05:14 Image size of job updated: 1082912
	1019  -  MemoryUsage of job (MB)
	1042520  -  ResidentSetSize of job (KB)
...
005 (6327760.000.000) 11/14 14:05:14 Job terminated.
	(1) Normal termination (return value 0)
		Usr 0 01:05:42, Sys 0 00:01:20  -  Run Remote Usage
		Usr 0 00:00:00, Sys 0 00:00:00  -  Run Local Usage
		Usr 0 01:05:42, Sys 0 00:01:20  -  Total Remote Usage
		Usr 0 00:00:00, Sys 0 00:00:00  -  Total Local Usage
	0  -  Run Bytes Sent By Job
	0  -  Run Bytes Received By Job
	0  -  Total Bytes Sent By Job
	0  -  Total Bytes Received By Job
	Partitionable Resources :    Usage  Request Allocated
	   Cpus                 :                 1         1
	   Disk (KB)            :       10       10  47541104
	   Memory (MB)          :     1019        1      2008
...
