000 (6327830.000.000) 11/14 12:57:22 Job submitted from host: <130.199.153.67:9618?addrs=130.199.153.67-9618&noUDP&sock=7357_7f42_4>
...
001 (6327830.000.000) 11/14 12:58:17 Job executing on host: <130.199.201.10:9618?addrs=130.199.201.10-9618&noUDP&sock=22643_52b9_3>
...
006 (6327830.000.000) 11/14 12:58:25 Image size of job updated: 969804
	922  -  MemoryUsage of job (MB)
	943292  -  ResidentSetSize of job (KB)
...
006 (6327830.000.000) 11/14 13:03:25 Image size of job updated: 1043656
	994  -  MemoryUsage of job (MB)
	1017100  -  ResidentSetSize of job (KB)
...
006 (6327830.000.000) 11/14 13:08:26 Image size of job updated: 1048416
	998  -  MemoryUsage of job (MB)
	1021860  -  ResidentSetSize of job (KB)
...
006 (6327830.000.000) 11/14 13:13:26 Image size of job updated: 1049160
	999  -  MemoryUsage of job (MB)
	1022604  -  ResidentSetSize of job (KB)
...
006 (6327830.000.000) 11/14 13:18:26 Image size of job updated: 1049300
	999  -  MemoryUsage of job (MB)
	1022744  -  ResidentSetSize of job (KB)
...
006 (6327830.000.000) 11/14 13:23:27 Image size of job updated: 1049428
	999  -  MemoryUsage of job (MB)
	1022872  -  ResidentSetSize of job (KB)
...
006 (6327830.000.000) 11/14 13:28:28 Image size of job updated: 1049528
	999  -  MemoryUsage of job (MB)
	1022972  -  ResidentSetSize of job (KB)
...
006 (6327830.000.000) 11/14 13:33:28 Image size of job updated: 1050108
	1000  -  MemoryUsage of job (MB)
	1023552  -  ResidentSetSize of job (KB)
...
