000 (6327656.000.000) 11/14 12:57:17 Job submitted from host: <130.199.153.67:9618?addrs=130.199.153.67-9618&noUDP&sock=7357_7f42_4>
...
001 (6327656.000.000) 11/14 12:57:46 Job executing on host: <130.199.202.75:9618?addrs=130.199.202.75-9618&noUDP&sock=12669_ad94_3>
...
006 (6327656.000.000) 11/14 12:57:55 Image size of job updated: 966796
	944  -  MemoryUsage of job (MB)
	966576  -  ResidentSetSize of job (KB)
...
006 (6327656.000.000) 11/14 13:02:56 Image size of job updated: 969688
	947  -  MemoryUsage of job (MB)
	969468  -  ResidentSetSize of job (KB)
...
006 (6327656.000.000) 11/14 13:07:57 Image size of job updated: 1019668
	996  -  MemoryUsage of job (MB)
	1019448  -  ResidentSetSize of job (KB)
...
006 (6327656.000.000) 11/14 13:12:57 Image size of job updated: 1020728
	997  -  MemoryUsage of job (MB)
	1020508  -  ResidentSetSize of job (KB)
...
006 (6327656.000.000) 11/14 13:17:58 Image size of job updated: 1022056
	998  -  MemoryUsage of job (MB)
	1021836  -  ResidentSetSize of job (KB)
...
006 (6327656.000.000) 11/14 13:22:59 Image size of job updated: 1022120
	998  -  MemoryUsage of job (MB)
	1021900  -  ResidentSetSize of job (KB)
...
006 (6327656.000.000) 11/14 13:27:59 Image size of job updated: 1022192
	999  -  MemoryUsage of job (MB)
	1021972  -  ResidentSetSize of job (KB)
...
006 (6327656.000.000) 11/14 13:32:59 Image size of job updated: 1024524
	1001  -  MemoryUsage of job (MB)
	1024304  -  ResidentSetSize of job (KB)
...
006 (6327656.000.000) 11/14 13:38:00 Image size of job updated: 1024580
	1001  -  MemoryUsage of job (MB)
	1024360  -  ResidentSetSize of job (KB)
...
006 (6327656.000.000) 11/14 13:43:01 Image size of job updated: 1024652
	1001  -  MemoryUsage of job (MB)
	1024432  -  ResidentSetSize of job (KB)
...
006 (6327656.000.000) 11/14 13:48:01 Image size of job updated: 1025120
	1001  -  MemoryUsage of job (MB)
	1024900  -  ResidentSetSize of job (KB)
...
006 (6327656.000.000) 11/14 13:53:01 Image size of job updated: 1025184
	1001  -  MemoryUsage of job (MB)
	1024964  -  ResidentSetSize of job (KB)
...
006 (6327656.000.000) 11/14 13:58:02 Image size of job updated: 1025256
	1002  -  MemoryUsage of job (MB)
	1025036  -  ResidentSetSize of job (KB)
...
006 (6327656.000.000) 11/14 14:03:02 Image size of job updated: 1025308
	1002  -  MemoryUsage of job (MB)
	1025088  -  ResidentSetSize of job (KB)
...
006 (6327656.000.000) 11/14 14:08:02 Image size of job updated: 1025364
	1002  -  MemoryUsage of job (MB)
	1025144  -  ResidentSetSize of job (KB)
...
006 (6327656.000.000) 11/14 14:13:03 Image size of job updated: 1025440
	1002  -  MemoryUsage of job (MB)
	1025220  -  ResidentSetSize of job (KB)
...
006 (6327656.000.000) 11/14 14:18:04 Image size of job updated: 1025476
	1002  -  MemoryUsage of job (MB)
	1025256  -  ResidentSetSize of job (KB)
...
006 (6327656.000.000) 11/14 14:23:04 Image size of job updated: 1025532
	1002  -  MemoryUsage of job (MB)
	1025312  -  ResidentSetSize of job (KB)
...
006 (6327656.000.000) 11/14 14:28:04 Image size of job updated: 1025588
	1002  -  MemoryUsage of job (MB)
	1025368  -  ResidentSetSize of job (KB)
...
006 (6327656.000.000) 11/14 14:33:05 Image size of job updated: 1025636
	1002  -  MemoryUsage of job (MB)
	1025416  -  ResidentSetSize of job (KB)
...
006 (6327656.000.000) 11/14 14:38:05 Image size of job updated: 1026184
	1002  -  MemoryUsage of job (MB)
	1025964  -  ResidentSetSize of job (KB)
...
006 (6327656.000.000) 11/14 14:43:05 Image size of job updated: 1026192
	1002  -  MemoryUsage of job (MB)
	1025972  -  ResidentSetSize of job (KB)
...
006 (6327656.000.000) 11/14 14:48:06 Image size of job updated: 1026196
	1002  -  MemoryUsage of job (MB)
	1025976  -  ResidentSetSize of job (KB)
...
006 (6327656.000.000) 11/14 14:53:07 Image size of job updated: 1027460
	1004  -  MemoryUsage of job (MB)
	1027240  -  ResidentSetSize of job (KB)
...
006 (6327656.000.000) 11/14 14:58:07 Image size of job updated: 1027468
	1004  -  MemoryUsage of job (MB)
	1027248  -  ResidentSetSize of job (KB)
...
006 (6327656.000.000) 11/14 15:03:07 Image size of job updated: 1027476
	1004  -  MemoryUsage of job (MB)
	1027256  -  ResidentSetSize of job (KB)
...
006 (6327656.000.000) 11/14 15:08:08 Image size of job updated: 1027484
	1004  -  MemoryUsage of job (MB)
	1027264  -  ResidentSetSize of job (KB)
...
006 (6327656.000.000) 11/14 15:13:08 Image size of job updated: 1027496
	1004  -  MemoryUsage of job (MB)
	1027276  -  ResidentSetSize of job (KB)
...
006 (6327656.000.000) 11/14 15:18:08 Image size of job updated: 1027500
	1004  -  MemoryUsage of job (MB)
	1027280  -  ResidentSetSize of job (KB)
...
006 (6327656.000.000) 11/14 15:23:09 Image size of job updated: 1027512
	1004  -  MemoryUsage of job (MB)
	1027292  -  ResidentSetSize of job (KB)
...
006 (6327656.000.000) 11/14 15:28:10 Image size of job updated: 1027516
	1004  -  MemoryUsage of job (MB)
	1027296  -  ResidentSetSize of job (KB)
...
006 (6327656.000.000) 11/14 15:33:10 Image size of job updated: 1027528
	1004  -  MemoryUsage of job (MB)
	1027308  -  ResidentSetSize of job (KB)
...
006 (6327656.000.000) 11/14 15:38:10 Image size of job updated: 1027532
	1004  -  MemoryUsage of job (MB)
	1027312  -  ResidentSetSize of job (KB)
...
006 (6327656.000.000) 11/14 15:43:11 Image size of job updated: 1027552
	1004  -  MemoryUsage of job (MB)
	1027332  -  ResidentSetSize of job (KB)
...
006 (6327656.000.000) 11/14 15:48:11 Image size of job updated: 1027560
	1004  -  MemoryUsage of job (MB)
	1027340  -  ResidentSetSize of job (KB)
...
006 (6327656.000.000) 11/14 15:53:11 Image size of job updated: 1027568
	1004  -  MemoryUsage of job (MB)
	1027348  -  ResidentSetSize of job (KB)
...
006 (6327656.000.000) 11/14 15:58:12 Image size of job updated: 1027644
	1004  -  MemoryUsage of job (MB)
	1027424  -  ResidentSetSize of job (KB)
...
006 (6327656.000.000) 11/14 16:03:13 Image size of job updated: 1027676
	1004  -  MemoryUsage of job (MB)
	1027456  -  ResidentSetSize of job (KB)
...
006 (6327656.000.000) 11/14 16:08:13 Image size of job updated: 1027688
	1004  -  MemoryUsage of job (MB)
	1027468  -  ResidentSetSize of job (KB)
...
006 (6327656.000.000) 11/14 16:13:13 Image size of job updated: 1027716
	1004  -  MemoryUsage of job (MB)
	1027496  -  ResidentSetSize of job (KB)
...
006 (6327656.000.000) 11/14 16:18:14 Image size of job updated: 1027732
	1004  -  MemoryUsage of job (MB)
	1027512  -  ResidentSetSize of job (KB)
...
006 (6327656.000.000) 11/14 16:28:15 Image size of job updated: 1027748
	1004  -  MemoryUsage of job (MB)
	1027528  -  ResidentSetSize of job (KB)
...
006 (6327656.000.000) 11/14 16:33:15 Image size of job updated: 1027756
	1004  -  MemoryUsage of job (MB)
	1027536  -  ResidentSetSize of job (KB)
...
006 (6327656.000.000) 11/14 16:38:16 Image size of job updated: 1027768
	1004  -  MemoryUsage of job (MB)
	1027548  -  ResidentSetSize of job (KB)
...
006 (6327656.000.000) 11/14 16:43:16 Image size of job updated: 1027776
	1004  -  MemoryUsage of job (MB)
	1027556  -  ResidentSetSize of job (KB)
...
006 (6327656.000.000) 11/14 16:48:16 Image size of job updated: 1027792
	1004  -  MemoryUsage of job (MB)
	1027572  -  ResidentSetSize of job (KB)
...
006 (6327656.000.000) 11/14 16:53:17 Image size of job updated: 1027804
	1004  -  MemoryUsage of job (MB)
	1027584  -  ResidentSetSize of job (KB)
...
006 (6327656.000.000) 11/14 16:58:18 Image size of job updated: 1027808
	1004  -  MemoryUsage of job (MB)
	1027588  -  ResidentSetSize of job (KB)
...
006 (6327656.000.000) 11/14 17:03:18 Image size of job updated: 1027816
	1004  -  MemoryUsage of job (MB)
	1027596  -  ResidentSetSize of job (KB)
...
006 (6327656.000.000) 11/14 17:08:19 Image size of job updated: 1027820
	1004  -  MemoryUsage of job (MB)
	1027600  -  ResidentSetSize of job (KB)
...
006 (6327656.000.000) 11/14 17:13:20 Image size of job updated: 1027840
	1004  -  MemoryUsage of job (MB)
	1027620  -  ResidentSetSize of job (KB)
...
006 (6327656.000.000) 11/14 17:18:20 Image size of job updated: 1027856
	1004  -  MemoryUsage of job (MB)
	1027636  -  ResidentSetSize of job (KB)
...
006 (6327656.000.000) 11/14 17:28:21 Image size of job updated: 1027912
	1004  -  MemoryUsage of job (MB)
	1027648  -  ResidentSetSize of job (KB)
...
006 (6327656.000.000) 11/14 17:33:21 Image size of job updated: 1028304
	1004  -  MemoryUsage of job (MB)
	1028040  -  ResidentSetSize of job (KB)
...
006 (6327656.000.000) 11/14 17:38:21 Image size of job updated: 1028312
	1004  -  MemoryUsage of job (MB)
	1028048  -  ResidentSetSize of job (KB)
...
006 (6327656.000.000) 11/14 17:43:22 Image size of job updated: 1028316
	1004  -  MemoryUsage of job (MB)
	1028052  -  ResidentSetSize of job (KB)
...
006 (6327656.000.000) 11/14 17:48:23 Image size of job updated: 1028340
	1004  -  MemoryUsage of job (MB)
	1028076  -  ResidentSetSize of job (KB)
...
006 (6327656.000.000) 11/14 17:53:23 Image size of job updated: 1028352
	1004  -  MemoryUsage of job (MB)
	1028088  -  ResidentSetSize of job (KB)
...
006 (6327656.000.000) 11/14 18:03:25 Image size of job updated: 1028364
	1005  -  MemoryUsage of job (MB)
	1028100  -  ResidentSetSize of job (KB)
...
006 (6327656.000.000) 11/14 18:08:25 Image size of job updated: 1028368
	1005  -  MemoryUsage of job (MB)
	1028104  -  ResidentSetSize of job (KB)
...
006 (6327656.000.000) 11/14 18:13:25 Image size of job updated: 1028384
	1005  -  MemoryUsage of job (MB)
	1028120  -  ResidentSetSize of job (KB)
...
006 (6327656.000.000) 11/14 18:18:27 Image size of job updated: 1028392
	1005  -  MemoryUsage of job (MB)
	1028128  -  ResidentSetSize of job (KB)
...
006 (6327656.000.000) 11/14 18:23:27 Image size of job updated: 1028476
	1005  -  MemoryUsage of job (MB)
	1028212  -  ResidentSetSize of job (KB)
...
006 (6327656.000.000) 11/14 18:28:27 Image size of job updated: 1028476
	1005  -  MemoryUsage of job (MB)
	1028344  -  ResidentSetSize of job (KB)
...
006 (6327656.000.000) 11/14 18:48:30 Image size of job updated: 1028488
	1005  -  MemoryUsage of job (MB)
	1028344  -  ResidentSetSize of job (KB)
...
006 (6327656.000.000) 11/14 18:58:31 Image size of job updated: 1028520
	1005  -  MemoryUsage of job (MB)
	1028344  -  ResidentSetSize of job (KB)
...
006 (6327656.000.000) 11/14 19:13:33 Image size of job updated: 1028548
	1005  -  MemoryUsage of job (MB)
	1028344  -  ResidentSetSize of job (KB)
...
006 (6327656.000.000) 11/14 19:18:33 Image size of job updated: 1028560
	1005  -  MemoryUsage of job (MB)
	1028344  -  ResidentSetSize of job (KB)
...
006 (6327656.000.000) 11/14 19:23:34 Image size of job updated: 1028564
	1005  -  MemoryUsage of job (MB)
	1028344  -  ResidentSetSize of job (KB)
...
006 (6327656.000.000) 11/14 19:28:35 Image size of job updated: 1028568
	1005  -  MemoryUsage of job (MB)
	1028344  -  ResidentSetSize of job (KB)
...
006 (6327656.000.000) 11/14 19:33:35 Image size of job updated: 1028572
	1005  -  MemoryUsage of job (MB)
	1028344  -  ResidentSetSize of job (KB)
...
006 (6327656.000.000) 11/14 19:38:35 Image size of job updated: 1028580
	1005  -  MemoryUsage of job (MB)
	1028344  -  ResidentSetSize of job (KB)
...
006 (6327656.000.000) 11/14 19:43:36 Image size of job updated: 1029864
	1006  -  MemoryUsage of job (MB)
	1029600  -  ResidentSetSize of job (KB)
...
006 (6327656.000.000) 11/14 19:48:36 Image size of job updated: 1031844
	1008  -  MemoryUsage of job (MB)
	1031580  -  ResidentSetSize of job (KB)
...
006 (6327656.000.000) 11/14 19:58:37 Image size of job updated: 1031852
	1008  -  MemoryUsage of job (MB)
	1031580  -  ResidentSetSize of job (KB)
...
006 (6327656.000.000) 11/14 20:03:38 Image size of job updated: 1031884
	1008  -  MemoryUsage of job (MB)
	1031580  -  ResidentSetSize of job (KB)
...
006 (6327656.000.000) 11/14 20:08:38 Image size of job updated: 1031900
	1008  -  MemoryUsage of job (MB)
	1031580  -  ResidentSetSize of job (KB)
...
006 (6327656.000.000) 11/14 20:13:39 Image size of job updated: 1031908
	1008  -  MemoryUsage of job (MB)
	1031580  -  ResidentSetSize of job (KB)
...
006 (6327656.000.000) 11/14 20:23:40 Image size of job updated: 1031912
	1008  -  MemoryUsage of job (MB)
	1031580  -  ResidentSetSize of job (KB)
...
006 (6327656.000.000) 11/14 20:28:40 Image size of job updated: 1031924
	1008  -  MemoryUsage of job (MB)
	1031580  -  ResidentSetSize of job (KB)
...
006 (6327656.000.000) 11/14 20:38:42 Image size of job updated: 1031928
	1008  -  MemoryUsage of job (MB)
	1031580  -  ResidentSetSize of job (KB)
...
006 (6327656.000.000) 11/14 20:43:42 Image size of job updated: 1031940
	1008  -  MemoryUsage of job (MB)
	1031580  -  ResidentSetSize of job (KB)
...
006 (6327656.000.000) 11/14 20:48:43 Image size of job updated: 1077548
	1050  -  MemoryUsage of job (MB)
	1074524  -  ResidentSetSize of job (KB)
...
006 (6327656.000.000) 11/14 20:53:44 Image size of job updated: 1077552
	1050  -  MemoryUsage of job (MB)
	1074528  -  ResidentSetSize of job (KB)
...
006 (6327656.000.000) 11/14 20:58:44 Image size of job updated: 1077564
	1050  -  MemoryUsage of job (MB)
	1074540  -  ResidentSetSize of job (KB)
...
006 (6327656.000.000) 11/14 21:03:44 Image size of job updated: 1077576
	1050  -  MemoryUsage of job (MB)
	1074552  -  ResidentSetSize of job (KB)
...
006 (6327656.000.000) 11/14 21:08:46 Image size of job updated: 1077584
	1050  -  MemoryUsage of job (MB)
	1074560  -  ResidentSetSize of job (KB)
...
006 (6327656.000.000) 11/14 21:13:46 Image size of job updated: 1077588
	1050  -  MemoryUsage of job (MB)
	1074564  -  ResidentSetSize of job (KB)
...
006 (6327656.000.000) 11/14 21:18:46 Image size of job updated: 1078008
	1050  -  MemoryUsage of job (MB)
	1074984  -  ResidentSetSize of job (KB)
...
006 (6327656.000.000) 11/14 21:23:47 Image size of job updated: 1078016
	1050  -  MemoryUsage of job (MB)
	1074992  -  ResidentSetSize of job (KB)
...
006 (6327656.000.000) 11/14 21:28:48 Image size of job updated: 1078032
	1050  -  MemoryUsage of job (MB)
	1075008  -  ResidentSetSize of job (KB)
...
006 (6327656.000.000) 11/14 21:33:48 Image size of job updated: 1078040
	1050  -  MemoryUsage of job (MB)
	1075016  -  ResidentSetSize of job (KB)
...
006 (6327656.000.000) 11/14 21:38:48 Image size of job updated: 1078048
	1050  -  MemoryUsage of job (MB)
	1075024  -  ResidentSetSize of job (KB)
...
006 (6327656.000.000) 11/14 21:43:49 Image size of job updated: 1078052
	1050  -  MemoryUsage of job (MB)
	1075028  -  ResidentSetSize of job (KB)
...
006 (6327656.000.000) 11/14 21:48:49 Image size of job updated: 1078064
	1050  -  MemoryUsage of job (MB)
	1075040  -  ResidentSetSize of job (KB)
...
006 (6327656.000.000) 11/14 21:53:49 Image size of job updated: 1078072
	1050  -  MemoryUsage of job (MB)
	1075048  -  ResidentSetSize of job (KB)
...
006 (6327656.000.000) 11/14 21:58:50 Image size of job updated: 1078080
	1050  -  MemoryUsage of job (MB)
	1075048  -  ResidentSetSize of job (KB)
...
006 (6327656.000.000) 11/14 22:03:51 Image size of job updated: 1078556
	1050  -  MemoryUsage of job (MB)
	1075048  -  ResidentSetSize of job (KB)
...
006 (6327656.000.000) 11/14 23:07:59 Image size of job updated: 1085976
	1050  -  MemoryUsage of job (MB)
	1075048  -  ResidentSetSize of job (KB)
...
005 (6327656.000.000) 11/14 23:08:06 Job terminated.
	(1) Normal termination (return value 0)
		Usr 0 10:09:04, Sys 0 00:09:21  -  Run Remote Usage
		Usr 0 00:00:00, Sys 0 00:00:00  -  Run Local Usage
		Usr 0 10:09:04, Sys 0 00:09:21  -  Total Remote Usage
		Usr 0 00:00:00, Sys 0 00:00:00  -  Total Local Usage
	0  -  Run Bytes Sent By Job
	0  -  Run Bytes Received By Job
	0  -  Total Bytes Sent By Job
	0  -  Total Bytes Received By Job
	Partitionable Resources :    Usage  Request Allocated
	   Cpus                 :                 1         1
	   Disk (KB)            :       10       10  65479292
	   Memory (MB)          :     1050        1      2008
...
