000 (6327716.000.000) 11/14 12:57:17 Job submitted from host: <130.199.153.67:9618?addrs=130.199.153.67-9618&noUDP&sock=7357_7f42_4>
...
001 (6327716.000.000) 11/14 12:57:58 Job executing on host: <130.199.202.35:9618?addrs=130.199.202.35-9618&noUDP&sock=48291_9763_3>
...
006 (6327716.000.000) 11/14 12:58:07 Image size of job updated: 983732
	949  -  MemoryUsage of job (MB)
	971524  -  ResidentSetSize of job (KB)
...
006 (6327716.000.000) 11/14 13:03:08 Image size of job updated: 1038456
	1003  -  MemoryUsage of job (MB)
	1026248  -  ResidentSetSize of job (KB)
...
006 (6327716.000.000) 11/14 13:08:09 Image size of job updated: 1040284
	1004  -  MemoryUsage of job (MB)
	1028076  -  ResidentSetSize of job (KB)
...
006 (6327716.000.000) 11/14 13:13:09 Image size of job updated: 1041204
	1006  -  MemoryUsage of job (MB)
	1029420  -  ResidentSetSize of job (KB)
...
006 (6327716.000.000) 11/14 13:18:09 Image size of job updated: 1041520
	1006  -  MemoryUsage of job (MB)
	1029736  -  ResidentSetSize of job (KB)
...
006 (6327716.000.000) 11/14 13:23:10 Image size of job updated: 1042768
	1007  -  MemoryUsage of job (MB)
	1030980  -  ResidentSetSize of job (KB)
...
006 (6327716.000.000) 11/14 13:28:11 Image size of job updated: 1042768
	1007  -  MemoryUsage of job (MB)
	1030996  -  ResidentSetSize of job (KB)
...
006 (6327716.000.000) 11/14 13:33:11 Image size of job updated: 1042768
	1007  -  MemoryUsage of job (MB)
	1031064  -  ResidentSetSize of job (KB)
...
006 (6327716.000.000) 11/14 13:38:12 Image size of job updated: 1042768
	1007  -  MemoryUsage of job (MB)
	1031088  -  ResidentSetSize of job (KB)
...
