000 (6327747.000.000) 11/14 12:57:17 Job submitted from host: <130.199.153.67:9618?addrs=130.199.153.67-9618&noUDP&sock=7357_7f42_4>
...
001 (6327747.000.000) 11/14 12:58:03 Job executing on host: <130.199.153.72:9618?addrs=130.199.153.72-9618&noUDP&sock=21597_4700_3>
...
006 (6327747.000.000) 11/14 12:58:12 Image size of job updated: 1019916
	996  -  MemoryUsage of job (MB)
	1019732  -  ResidentSetSize of job (KB)
...
006 (6327747.000.000) 11/14 13:03:13 Image size of job updated: 1077916
	1053  -  MemoryUsage of job (MB)
	1077732  -  ResidentSetSize of job (KB)
...
006 (6327747.000.000) 11/14 13:08:14 Image size of job updated: 1078840
	1054  -  MemoryUsage of job (MB)
	1078656  -  ResidentSetSize of job (KB)
...
006 (6327747.000.000) 11/14 13:13:14 Image size of job updated: 1079984
	1055  -  MemoryUsage of job (MB)
	1079800  -  ResidentSetSize of job (KB)
...
006 (6327747.000.000) 11/14 13:18:15 Image size of job updated: 1080068
	1055  -  MemoryUsage of job (MB)
	1079884  -  ResidentSetSize of job (KB)
...
006 (6327747.000.000) 11/14 13:23:16 Image size of job updated: 1080500
	1055  -  MemoryUsage of job (MB)
	1080316  -  ResidentSetSize of job (KB)
...
006 (6327747.000.000) 11/14 13:28:16 Image size of job updated: 1080608
	1056  -  MemoryUsage of job (MB)
	1080424  -  ResidentSetSize of job (KB)
...
006 (6327747.000.000) 11/14 13:33:16 Image size of job updated: 1080656
	1056  -  MemoryUsage of job (MB)
	1080472  -  ResidentSetSize of job (KB)
...
006 (6327747.000.000) 11/14 13:38:17 Image size of job updated: 1080732
	1056  -  MemoryUsage of job (MB)
	1080548  -  ResidentSetSize of job (KB)
...
006 (6327747.000.000) 11/14 13:43:18 Image size of job updated: 1080768
	1056  -  MemoryUsage of job (MB)
	1080584  -  ResidentSetSize of job (KB)
...
006 (6327747.000.000) 11/14 13:48:18 Image size of job updated: 1081548
	1057  -  MemoryUsage of job (MB)
	1081364  -  ResidentSetSize of job (KB)
...
006 (6327747.000.000) 11/14 13:53:19 Image size of job updated: 1102164
	1077  -  MemoryUsage of job (MB)
	1101980  -  ResidentSetSize of job (KB)
...
006 (6327747.000.000) 11/14 13:56:32 Image size of job updated: 1805204
	1077  -  MemoryUsage of job (MB)
	1101980  -  ResidentSetSize of job (KB)
...
005 (6327747.000.000) 11/14 13:56:32 Job terminated.
	(1) Normal termination (return value 0)
		Usr 0 00:56:10, Sys 0 00:00:45  -  Run Remote Usage
		Usr 0 00:00:00, Sys 0 00:00:00  -  Run Local Usage
		Usr 0 00:56:10, Sys 0 00:00:45  -  Total Remote Usage
		Usr 0 00:00:00, Sys 0 00:00:00  -  Total Local Usage
	0  -  Run Bytes Sent By Job
	0  -  Run Bytes Received By Job
	0  -  Total Bytes Sent By Job
	0  -  Total Bytes Received By Job
	Partitionable Resources :    Usage  Request Allocated
	   Cpus                 :                 1         1
	   Disk (KB)            :       10       10  47328161
	   Memory (MB)          :     1077        1      2005
...
