000 (6327766.000.000) 11/14 12:57:22 Job submitted from host: <130.199.153.67:9618?addrs=130.199.153.67-9618&noUDP&sock=7357_7f42_4>
...
001 (6327766.000.000) 11/14 12:58:06 Job executing on host: <130.199.202.32:9618?addrs=130.199.202.32-9618&noUDP&sock=41397_ba36_3>
...
006 (6327766.000.000) 11/14 12:58:15 Image size of job updated: 6804
	7  -  MemoryUsage of job (MB)
	6804  -  ResidentSetSize of job (KB)
...
006 (6327766.000.000) 11/14 13:03:16 Image size of job updated: 985028
	944  -  MemoryUsage of job (MB)
	966200  -  ResidentSetSize of job (KB)
...
006 (6327766.000.000) 11/14 13:08:16 Image size of job updated: 1032812
	991  -  MemoryUsage of job (MB)
	1013984  -  ResidentSetSize of job (KB)
...
006 (6327766.000.000) 11/14 13:13:16 Image size of job updated: 1033252
	991  -  MemoryUsage of job (MB)
	1014424  -  ResidentSetSize of job (KB)
...
006 (6327766.000.000) 11/14 13:18:17 Image size of job updated: 1033596
	991  -  MemoryUsage of job (MB)
	1014768  -  ResidentSetSize of job (KB)
...
006 (6327766.000.000) 11/14 13:23:18 Image size of job updated: 1033760
	992  -  MemoryUsage of job (MB)
	1014932  -  ResidentSetSize of job (KB)
...
006 (6327766.000.000) 11/14 13:28:18 Image size of job updated: 1033876
	992  -  MemoryUsage of job (MB)
	1015048  -  ResidentSetSize of job (KB)
...
006 (6327766.000.000) 11/14 13:33:18 Image size of job updated: 1035068
	993  -  MemoryUsage of job (MB)
	1016240  -  ResidentSetSize of job (KB)
...
006 (6327766.000.000) 11/14 13:38:19 Image size of job updated: 1035180
	993  -  MemoryUsage of job (MB)
	1016352  -  ResidentSetSize of job (KB)
...
006 (6327766.000.000) 11/14 13:43:19 Image size of job updated: 1035332
	993  -  MemoryUsage of job (MB)
	1016504  -  ResidentSetSize of job (KB)
...
006 (6327766.000.000) 11/14 13:48:19 Image size of job updated: 1035452
	993  -  MemoryUsage of job (MB)
	1016504  -  ResidentSetSize of job (KB)
...
006 (6327766.000.000) 11/14 13:53:20 Image size of job updated: 1035548
	993  -  MemoryUsage of job (MB)
	1016504  -  ResidentSetSize of job (KB)
...
006 (6327766.000.000) 11/14 13:58:21 Image size of job updated: 1036124
	993  -  MemoryUsage of job (MB)
	1016504  -  ResidentSetSize of job (KB)
...
006 (6327766.000.000) 11/14 14:03:21 Image size of job updated: 1036600
	993  -  MemoryUsage of job (MB)
	1016504  -  ResidentSetSize of job (KB)
...
006 (6327766.000.000) 11/14 14:08:22 Image size of job updated: 1036620
	993  -  MemoryUsage of job (MB)
	1016504  -  ResidentSetSize of job (KB)
...
006 (6327766.000.000) 11/14 14:13:23 Image size of job updated: 1037148
	993  -  MemoryUsage of job (MB)
	1016652  -  ResidentSetSize of job (KB)
...
006 (6327766.000.000) 11/14 14:18:23 Image size of job updated: 1037164
	993  -  MemoryUsage of job (MB)
	1016652  -  ResidentSetSize of job (KB)
...
006 (6327766.000.000) 11/14 14:23:23 Image size of job updated: 1037188
	993  -  MemoryUsage of job (MB)
	1016652  -  ResidentSetSize of job (KB)
...
006 (6327766.000.000) 11/14 14:28:24 Image size of job updated: 1037208
	993  -  MemoryUsage of job (MB)
	1016652  -  ResidentSetSize of job (KB)
...
006 (6327766.000.000) 11/14 14:33:25 Image size of job updated: 1037216
	993  -  MemoryUsage of job (MB)
	1016652  -  ResidentSetSize of job (KB)
...
006 (6327766.000.000) 11/14 14:38:25 Image size of job updated: 1037232
	993  -  MemoryUsage of job (MB)
	1016652  -  ResidentSetSize of job (KB)
...
006 (6327766.000.000) 11/14 14:43:26 Image size of job updated: 1037248
	993  -  MemoryUsage of job (MB)
	1016652  -  ResidentSetSize of job (KB)
...
006 (6327766.000.000) 11/14 14:48:27 Image size of job updated: 1037264
	993  -  MemoryUsage of job (MB)
	1016652  -  ResidentSetSize of job (KB)
...
006 (6327766.000.000) 11/14 14:53:27 Image size of job updated: 1037416
	993  -  MemoryUsage of job (MB)
	1016796  -  ResidentSetSize of job (KB)
...
006 (6327766.000.000) 11/14 14:58:27 Image size of job updated: 1037428
	993  -  MemoryUsage of job (MB)
	1016808  -  ResidentSetSize of job (KB)
...
006 (6327766.000.000) 11/14 15:03:28 Image size of job updated: 1037452
	993  -  MemoryUsage of job (MB)
	1016832  -  ResidentSetSize of job (KB)
...
006 (6327766.000.000) 11/14 15:08:29 Image size of job updated: 1037472
	994  -  MemoryUsage of job (MB)
	1016852  -  ResidentSetSize of job (KB)
...
006 (6327766.000.000) 11/14 15:13:29 Image size of job updated: 1037480
	994  -  MemoryUsage of job (MB)
	1016860  -  ResidentSetSize of job (KB)
...
006 (6327766.000.000) 11/14 15:18:30 Image size of job updated: 1037488
	994  -  MemoryUsage of job (MB)
	1016868  -  ResidentSetSize of job (KB)
...
006 (6327766.000.000) 11/14 15:23:31 Image size of job updated: 1037532
	994  -  MemoryUsage of job (MB)
	1016912  -  ResidentSetSize of job (KB)
...
006 (6327766.000.000) 11/14 15:28:31 Image size of job updated: 1037532
	994  -  MemoryUsage of job (MB)
	1016932  -  ResidentSetSize of job (KB)
...
006 (6327766.000.000) 11/14 15:33:31 Image size of job updated: 1037912
	994  -  MemoryUsage of job (MB)
	1017360  -  ResidentSetSize of job (KB)
...
006 (6327766.000.000) 11/14 15:38:33 Image size of job updated: 1037940
	994  -  MemoryUsage of job (MB)
	1017392  -  ResidentSetSize of job (KB)
...
006 (6327766.000.000) 11/14 15:43:33 Image size of job updated: 1038240
	994  -  MemoryUsage of job (MB)
	1017784  -  ResidentSetSize of job (KB)
...
006 (6327766.000.000) 11/14 15:48:33 Image size of job updated: 1038888
	996  -  MemoryUsage of job (MB)
	1019288  -  ResidentSetSize of job (KB)
...
005 (6327766.000.000) 11/14 16:44:14 Job terminated.
	(1) Normal termination (return value 0)
		Usr 0 03:45:20, Sys 0 00:02:44  -  Run Remote Usage
		Usr 0 00:00:00, Sys 0 00:00:00  -  Run Local Usage
		Usr 0 03:45:20, Sys 0 00:02:44  -  Total Remote Usage
		Usr 0 00:00:00, Sys 0 00:00:00  -  Total Local Usage
	0  -  Run Bytes Sent By Job
	0  -  Run Bytes Received By Job
	0  -  Total Bytes Sent By Job
	0  -  Total Bytes Received By Job
	Partitionable Resources :    Usage  Request Allocated
	   Cpus                 :                 1         1
	   Disk (KB)            :       10       10  65479251
	   Memory (MB)          :      996        1      2008
...
