000 (6327819.000.000) 11/14 12:57:22 Job submitted from host: <130.199.153.67:9618?addrs=130.199.153.67-9618&noUDP&sock=7357_7f42_4>
...
001 (6327819.000.000) 11/14 12:58:15 Job executing on host: <130.199.202.69:9618?addrs=130.199.202.69-9618&noUDP&sock=10873_4448_3>
...
006 (6327819.000.000) 11/14 12:58:24 Image size of job updated: 989600
	942  -  MemoryUsage of job (MB)
	963620  -  ResidentSetSize of job (KB)
...
006 (6327819.000.000) 11/14 13:03:25 Image size of job updated: 1048092
	999  -  MemoryUsage of job (MB)
	1022112  -  ResidentSetSize of job (KB)
...
005 (6327819.000.000) 11/14 13:06:00 Job terminated.
	(1) Normal termination (return value 0)
		Usr 0 00:07:23, Sys 0 00:00:17  -  Run Remote Usage
		Usr 0 00:00:00, Sys 0 00:00:00  -  Run Local Usage
		Usr 0 00:07:23, Sys 0 00:00:17  -  Total Remote Usage
		Usr 0 00:00:00, Sys 0 00:00:00  -  Total Local Usage
	0  -  Run Bytes Sent By Job
	0  -  Run Bytes Received By Job
	0  -  Total Bytes Sent By Job
	0  -  Total Bytes Received By Job
	Partitionable Resources :    Usage  Request Allocated
	   Cpus                 :                 1         1
	   Disk (KB)            :       10       10  65479252
	   Memory (MB)          :      999        1      2008
...
