000 (6327661.000.000) 11/14 12:57:17 Job submitted from host: <130.199.153.67:9618?addrs=130.199.153.67-9618&noUDP&sock=7357_7f42_4>
...
001 (6327661.000.000) 11/14 12:57:48 Job executing on host: <130.199.202.70:9618?addrs=130.199.202.70-9618&noUDP&sock=13370_8923_3>
...
006 (6327661.000.000) 11/14 12:57:56 Image size of job updated: 993168
	944  -  MemoryUsage of job (MB)
	966612  -  ResidentSetSize of job (KB)
...
006 (6327661.000.000) 11/14 13:02:56 Image size of job updated: 995500
	947  -  MemoryUsage of job (MB)
	968944  -  ResidentSetSize of job (KB)
...
006 (6327661.000.000) 11/14 13:07:56 Image size of job updated: 1053260
	1003  -  MemoryUsage of job (MB)
	1026704  -  ResidentSetSize of job (KB)
...
006 (6327661.000.000) 11/14 13:12:57 Image size of job updated: 1055124
	1005  -  MemoryUsage of job (MB)
	1028568  -  ResidentSetSize of job (KB)
...
006 (6327661.000.000) 11/14 13:17:58 Image size of job updated: 1055148
	1005  -  MemoryUsage of job (MB)
	1028592  -  ResidentSetSize of job (KB)
...
006 (6327661.000.000) 11/14 13:22:58 Image size of job updated: 1055316
	1005  -  MemoryUsage of job (MB)
	1028760  -  ResidentSetSize of job (KB)
...
006 (6327661.000.000) 11/14 13:27:59 Image size of job updated: 1055340
	1005  -  MemoryUsage of job (MB)
	1028784  -  ResidentSetSize of job (KB)
...
006 (6327661.000.000) 11/14 13:33:00 Image size of job updated: 1055364
	1005  -  MemoryUsage of job (MB)
	1028808  -  ResidentSetSize of job (KB)
...
006 (6327661.000.000) 11/14 13:38:00 Image size of job updated: 1055384
	1005  -  MemoryUsage of job (MB)
	1028828  -  ResidentSetSize of job (KB)
...
006 (6327661.000.000) 11/14 13:43:00 Image size of job updated: 1055416
	1005  -  MemoryUsage of job (MB)
	1028828  -  ResidentSetSize of job (KB)
...
006 (6327661.000.000) 11/14 13:48:01 Image size of job updated: 1055444
	1005  -  MemoryUsage of job (MB)
	1028828  -  ResidentSetSize of job (KB)
...
006 (6327661.000.000) 11/14 13:53:02 Image size of job updated: 1055500
	1005  -  MemoryUsage of job (MB)
	1028828  -  ResidentSetSize of job (KB)
...
006 (6327661.000.000) 11/14 13:58:02 Image size of job updated: 1055516
	1005  -  MemoryUsage of job (MB)
	1028828  -  ResidentSetSize of job (KB)
...
006 (6327661.000.000) 11/14 14:03:03 Image size of job updated: 1055544
	1005  -  MemoryUsage of job (MB)
	1028828  -  ResidentSetSize of job (KB)
...
006 (6327661.000.000) 11/14 14:08:04 Image size of job updated: 1055564
	1005  -  MemoryUsage of job (MB)
	1028828  -  ResidentSetSize of job (KB)
...
006 (6327661.000.000) 11/14 14:13:04 Image size of job updated: 1055580
	1005  -  MemoryUsage of job (MB)
	1028828  -  ResidentSetSize of job (KB)
...
006 (6327661.000.000) 11/14 14:18:04 Image size of job updated: 1055612
	1005  -  MemoryUsage of job (MB)
	1028828  -  ResidentSetSize of job (KB)
...
006 (6327661.000.000) 11/14 14:23:05 Image size of job updated: 1056068
	1005  -  MemoryUsage of job (MB)
	1028828  -  ResidentSetSize of job (KB)
...
006 (6327661.000.000) 11/14 14:28:05 Image size of job updated: 1056072
	1005  -  MemoryUsage of job (MB)
	1028828  -  ResidentSetSize of job (KB)
...
006 (6327661.000.000) 11/14 14:33:05 Image size of job updated: 1056100
	1005  -  MemoryUsage of job (MB)
	1028828  -  ResidentSetSize of job (KB)
...
006 (6327661.000.000) 11/14 14:43:07 Image size of job updated: 1056424
	1005  -  MemoryUsage of job (MB)
	1028944  -  ResidentSetSize of job (KB)
...
006 (6327661.000.000) 11/14 14:48:07 Image size of job updated: 1056452
	1005  -  MemoryUsage of job (MB)
	1028972  -  ResidentSetSize of job (KB)
...
006 (6327661.000.000) 11/14 14:53:07 Image size of job updated: 1056452
	1005  -  MemoryUsage of job (MB)
	1029008  -  ResidentSetSize of job (KB)
...
006 (6327661.000.000) 11/14 14:58:08 Image size of job updated: 1056452
	1005  -  MemoryUsage of job (MB)
	1029036  -  ResidentSetSize of job (KB)
...
006 (6327661.000.000) 11/14 15:03:08 Image size of job updated: 1056452
	1005  -  MemoryUsage of job (MB)
	1029072  -  ResidentSetSize of job (KB)
...
006 (6327661.000.000) 11/14 15:08:08 Image size of job updated: 1056452
	1005  -  MemoryUsage of job (MB)
	1029076  -  ResidentSetSize of job (KB)
...
006 (6327661.000.000) 11/14 15:13:09 Image size of job updated: 1056452
	1005  -  MemoryUsage of job (MB)
	1029092  -  ResidentSetSize of job (KB)
...
006 (6327661.000.000) 11/14 15:18:10 Image size of job updated: 1056452
	1006  -  MemoryUsage of job (MB)
	1029136  -  ResidentSetSize of job (KB)
...
006 (6327661.000.000) 11/14 15:23:10 Image size of job updated: 1056452
	1006  -  MemoryUsage of job (MB)
	1029384  -  ResidentSetSize of job (KB)
...
006 (6327661.000.000) 11/14 16:43:19 Image size of job updated: 1061652
	1006  -  MemoryUsage of job (MB)
	1029384  -  ResidentSetSize of job (KB)
...
006 (6327661.000.000) 11/14 16:53:19 Image size of job updated: 1089076
	1030  -  MemoryUsage of job (MB)
	1053916  -  ResidentSetSize of job (KB)
...
006 (6327661.000.000) 11/14 16:58:20 Image size of job updated: 1096868
	1037  -  MemoryUsage of job (MB)
	1061708  -  ResidentSetSize of job (KB)
...
006 (6327661.000.000) 11/14 17:03:21 Image size of job updated: 1096872
	1037  -  MemoryUsage of job (MB)
	1061712  -  ResidentSetSize of job (KB)
...
006 (6327661.000.000) 11/14 17:18:23 Image size of job updated: 1096876
	1037  -  MemoryUsage of job (MB)
	1061716  -  ResidentSetSize of job (KB)
...
006 (6327661.000.000) 11/15 01:02:21 Image size of job updated: 1237684
	1037  -  MemoryUsage of job (MB)
	1061716  -  ResidentSetSize of job (KB)
...
005 (6327661.000.000) 11/15 01:02:21 Job terminated.
	(1) Normal termination (return value 0)
		Usr 0 12:05:11, Sys 0 00:09:31  -  Run Remote Usage
		Usr 0 00:00:00, Sys 0 00:00:00  -  Run Local Usage
		Usr 0 12:05:11, Sys 0 00:09:31  -  Total Remote Usage
		Usr 0 00:00:00, Sys 0 00:00:00  -  Total Local Usage
	0  -  Run Bytes Sent By Job
	0  -  Run Bytes Received By Job
	0  -  Total Bytes Sent By Job
	0  -  Total Bytes Received By Job
	Partitionable Resources :    Usage  Request Allocated
	   Cpus                 :                 1         1
	   Disk (KB)            :       10       10  65479377
	   Memory (MB)          :     1037        1      2008
...
