000 (6327739.000.000) 11/14 12:57:17 Job submitted from host: <130.199.153.67:9618?addrs=130.199.153.67-9618&noUDP&sock=7357_7f42_4>
...
001 (6327739.000.000) 11/14 12:58:02 Job executing on host: <130.199.202.2:9618?addrs=130.199.202.2-9618&noUDP&sock=38052_13bd_3>
...
006 (6327739.000.000) 11/14 12:58:11 Image size of job updated: 991696
	943  -  MemoryUsage of job (MB)
	965140  -  ResidentSetSize of job (KB)
...
006 (6327739.000.000) 11/14 13:03:12 Image size of job updated: 1039096
	989  -  MemoryUsage of job (MB)
	1012540  -  ResidentSetSize of job (KB)
...
006 (6327739.000.000) 11/14 13:08:13 Image size of job updated: 1040288
	990  -  MemoryUsage of job (MB)
	1013732  -  ResidentSetSize of job (KB)
...
006 (6327739.000.000) 11/14 13:13:13 Image size of job updated: 1040440
	991  -  MemoryUsage of job (MB)
	1013884  -  ResidentSetSize of job (KB)
...
006 (6327739.000.000) 11/14 13:18:13 Image size of job updated: 1042144
	992  -  MemoryUsage of job (MB)
	1015588  -  ResidentSetSize of job (KB)
...
006 (6327739.000.000) 11/14 13:28:14 Image size of job updated: 1042700
	993  -  MemoryUsage of job (MB)
	1016144  -  ResidentSetSize of job (KB)
...
006 (6327739.000.000) 11/14 13:33:14 Image size of job updated: 1042864
	993  -  MemoryUsage of job (MB)
	1016308  -  ResidentSetSize of job (KB)
...
