000 (6327399.000.000) 11/14 12:47:51 Job submitted from host: <130.199.153.67:9618?addrs=130.199.153.67-9618&noUDP&sock=7357_7f42_4>
...
001 (6327399.000.000) 11/14 12:48:12 Job executing on host: <130.199.202.116:9618?addrs=130.199.202.116-9618&noUDP&sock=193740_5d1a_3>
...
006 (6327399.000.000) 11/14 12:48:20 Image size of job updated: 970832
	948  -  MemoryUsage of job (MB)
	970648  -  ResidentSetSize of job (KB)
...
006 (6327399.000.000) 11/14 12:52:16 Image size of job updated: 1129532
	948  -  MemoryUsage of job (MB)
	970648  -  ResidentSetSize of job (KB)
...
005 (6327399.000.000) 11/14 12:52:18 Job terminated.
	(1) Normal termination (return value 0)
		Usr 0 00:03:57, Sys 0 00:00:08  -  Run Remote Usage
		Usr 0 00:00:00, Sys 0 00:00:00  -  Run Local Usage
		Usr 0 00:03:57, Sys 0 00:00:08  -  Total Remote Usage
		Usr 0 00:00:00, Sys 0 00:00:00  -  Total Local Usage
	0  -  Run Bytes Sent By Job
	0  -  Run Bytes Received By Job
	0  -  Total Bytes Sent By Job
	0  -  Total Bytes Received By Job
	Partitionable Resources :    Usage  Request Allocated
	   Cpus                 :                 1         1
	   Disk (KB)            :       10       10  66832027
	   Memory (MB)          :      948        1      2665
...
