000 (6327782.000.000) 11/14 12:57:22 Job submitted from host: <130.199.153.67:9618?addrs=130.199.153.67-9618&noUDP&sock=7357_7f42_4>
...
001 (6327782.000.000) 11/14 12:58:09 Job executing on host: <130.199.201.42:9618?addrs=130.199.201.42-9618&noUDP&sock=22552_85d5_3>
...
006 (6327782.000.000) 11/14 12:58:17 Image size of job updated: 971412
	949  -  MemoryUsage of job (MB)
	971228  -  ResidentSetSize of job (KB)
...
006 (6327782.000.000) 11/14 13:03:17 Image size of job updated: 1050920
	1026  -  MemoryUsage of job (MB)
	1049760  -  ResidentSetSize of job (KB)
...
006 (6327782.000.000) 11/14 13:08:18 Image size of job updated: 1052276
	1026  -  MemoryUsage of job (MB)
	1049760  -  ResidentSetSize of job (KB)
...
006 (6327782.000.000) 11/14 13:13:19 Image size of job updated: 1053628
	1026  -  MemoryUsage of job (MB)
	1049760  -  ResidentSetSize of job (KB)
...
006 (6327782.000.000) 11/14 13:18:19 Image size of job updated: 1053660
	1026  -  MemoryUsage of job (MB)
	1049760  -  ResidentSetSize of job (KB)
...
006 (6327782.000.000) 11/14 13:23:19 Image size of job updated: 1054180
	1026  -  MemoryUsage of job (MB)
	1049760  -  ResidentSetSize of job (KB)
...
006 (6327782.000.000) 11/14 13:28:20 Image size of job updated: 1054240
	1026  -  MemoryUsage of job (MB)
	1049760  -  ResidentSetSize of job (KB)
...
006 (6327782.000.000) 11/14 13:33:21 Image size of job updated: 1054272
	1026  -  MemoryUsage of job (MB)
	1049760  -  ResidentSetSize of job (KB)
...
006 (6327782.000.000) 11/14 13:38:21 Image size of job updated: 1054312
	1026  -  MemoryUsage of job (MB)
	1049760  -  ResidentSetSize of job (KB)
...
