000 (6327877.000.000) 11/14 12:57:26 Job submitted from host: <130.199.153.67:9618?addrs=130.199.153.67-9618&noUDP&sock=7357_7f42_4>
...
001 (6327877.000.000) 11/14 12:58:24 Job executing on host: <130.199.153.46:9618?addrs=130.199.153.46-9618&noUDP&sock=17857_9d53_3>
...
006 (6327877.000.000) 11/14 12:58:33 Image size of job updated: 988832
	940  -  MemoryUsage of job (MB)
	962264  -  ResidentSetSize of job (KB)
...
006 (6327877.000.000) 11/14 13:03:35 Image size of job updated: 991168
	942  -  MemoryUsage of job (MB)
	964600  -  ResidentSetSize of job (KB)
...
006 (6327877.000.000) 11/14 13:08:35 Image size of job updated: 1039676
	990  -  MemoryUsage of job (MB)
	1013104  -  ResidentSetSize of job (KB)
...
005 (6327877.000.000) 11/14 13:12:39 Job terminated.
	(1) Normal termination (return value 0)
		Usr 0 00:13:32, Sys 0 00:00:16  -  Run Remote Usage
		Usr 0 00:00:00, Sys 0 00:00:00  -  Run Local Usage
		Usr 0 00:13:32, Sys 0 00:00:16  -  Total Remote Usage
		Usr 0 00:00:00, Sys 0 00:00:00  -  Total Local Usage
	0  -  Run Bytes Sent By Job
	0  -  Run Bytes Received By Job
	0  -  Total Bytes Sent By Job
	0  -  Total Bytes Received By Job
	Partitionable Resources :    Usage  Request Allocated
	   Cpus                 :                 1         1
	   Disk (KB)            :       10       10  47328031
	   Memory (MB)          :      990        1      2005
...
