000 (6327783.000.000) 11/14 12:57:22 Job submitted from host: <130.199.153.67:9618?addrs=130.199.153.67-9618&noUDP&sock=7357_7f42_4>
...
001 (6327783.000.000) 11/14 12:58:09 Job executing on host: <130.199.201.61:9618?addrs=130.199.201.61-9618&noUDP&sock=23127_80c6_3>
...
006 (6327783.000.000) 11/14 12:58:17 Image size of job updated: 974684
	926  -  MemoryUsage of job (MB)
	948040  -  ResidentSetSize of job (KB)
...
006 (6327783.000.000) 11/14 13:03:18 Image size of job updated: 1076972
	1026  -  MemoryUsage of job (MB)
	1050284  -  ResidentSetSize of job (KB)
...
006 (6327783.000.000) 11/14 13:08:19 Image size of job updated: 1078624
	1028  -  MemoryUsage of job (MB)
	1051908  -  ResidentSetSize of job (KB)
...
006 (6327783.000.000) 11/14 13:13:19 Image size of job updated: 1080900
	1030  -  MemoryUsage of job (MB)
	1054184  -  ResidentSetSize of job (KB)
...
006 (6327783.000.000) 11/14 13:18:19 Image size of job updated: 1080940
	1030  -  MemoryUsage of job (MB)
	1054224  -  ResidentSetSize of job (KB)
...
006 (6327783.000.000) 11/14 13:23:19 Image size of job updated: 1080984
	1030  -  MemoryUsage of job (MB)
	1054268  -  ResidentSetSize of job (KB)
...
006 (6327783.000.000) 11/14 13:28:20 Image size of job updated: 1080984
	1030  -  MemoryUsage of job (MB)
	1054308  -  ResidentSetSize of job (KB)
...
006 (6327783.000.000) 11/14 13:33:20 Image size of job updated: 1080984
	1031  -  MemoryUsage of job (MB)
	1054784  -  ResidentSetSize of job (KB)
...
006 (6327783.000.000) 11/14 13:38:20 Image size of job updated: 1080984
	1031  -  MemoryUsage of job (MB)
	1054828  -  ResidentSetSize of job (KB)
...
006 (6327783.000.000) 11/14 13:41:17 Image size of job updated: 1177416
	1031  -  MemoryUsage of job (MB)
	1054828  -  ResidentSetSize of job (KB)
...
005 (6327783.000.000) 11/14 13:41:17 Job terminated.
	(1) Normal termination (return value 0)
		Usr 0 00:41:31, Sys 0 00:00:32  -  Run Remote Usage
		Usr 0 00:00:00, Sys 0 00:00:00  -  Run Local Usage
		Usr 0 00:41:31, Sys 0 00:00:32  -  Total Remote Usage
		Usr 0 00:00:00, Sys 0 00:00:00  -  Total Local Usage
	0  -  Run Bytes Sent By Job
	0  -  Run Bytes Received By Job
	0  -  Total Bytes Sent By Job
	0  -  Total Bytes Received By Job
	Partitionable Resources :    Usage  Request Allocated
	   Cpus                 :                 1         1
	   Disk (KB)            :       10       10  47327906
	   Memory (MB)          :     1031        1      2005
...
