000 (6327669.000.000) 11/14 12:57:17 Job submitted from host: <130.199.153.67:9618?addrs=130.199.153.67-9618&noUDP&sock=7357_7f42_4>
...
001 (6327669.000.000) 11/14 12:57:49 Job executing on host: <130.199.153.50:9618?addrs=130.199.153.50-9618&noUDP&sock=22125_61f7_3>
...
006 (6327669.000.000) 11/14 12:57:57 Image size of job updated: 993172
	944  -  MemoryUsage of job (MB)
	966616  -  ResidentSetSize of job (KB)
...
006 (6327669.000.000) 11/14 13:02:57 Image size of job updated: 995448
	947  -  MemoryUsage of job (MB)
	968892  -  ResidentSetSize of job (KB)
...
006 (6327669.000.000) 11/14 13:07:58 Image size of job updated: 1052780
	1003  -  MemoryUsage of job (MB)
	1026224  -  ResidentSetSize of job (KB)
...
006 (6327669.000.000) 11/14 13:12:58 Image size of job updated: 1056384
	1006  -  MemoryUsage of job (MB)
	1029828  -  ResidentSetSize of job (KB)
...
006 (6327669.000.000) 11/14 13:17:58 Image size of job updated: 1095472
	1044  -  MemoryUsage of job (MB)
	1068916  -  ResidentSetSize of job (KB)
...
006 (6327669.000.000) 11/14 13:22:59 Image size of job updated: 1095488
	1044  -  MemoryUsage of job (MB)
	1068932  -  ResidentSetSize of job (KB)
...
006 (6327669.000.000) 11/14 13:28:00 Image size of job updated: 1095500
	1044  -  MemoryUsage of job (MB)
	1068944  -  ResidentSetSize of job (KB)
...
006 (6327669.000.000) 11/14 13:33:00 Image size of job updated: 1095600
	1044  -  MemoryUsage of job (MB)
	1069044  -  ResidentSetSize of job (KB)
...
006 (6327669.000.000) 11/14 13:38:00 Image size of job updated: 1095616
	1045  -  MemoryUsage of job (MB)
	1069060  -  ResidentSetSize of job (KB)
...
006 (6327669.000.000) 11/14 13:43:01 Image size of job updated: 1095632
	1045  -  MemoryUsage of job (MB)
	1069076  -  ResidentSetSize of job (KB)
...
006 (6327669.000.000) 11/14 13:48:02 Image size of job updated: 1095644
	1045  -  MemoryUsage of job (MB)
	1069088  -  ResidentSetSize of job (KB)
...
006 (6327669.000.000) 11/14 13:53:02 Image size of job updated: 1095656
	1045  -  MemoryUsage of job (MB)
	1069100  -  ResidentSetSize of job (KB)
...
006 (6327669.000.000) 11/14 13:58:02 Image size of job updated: 1095672
	1045  -  MemoryUsage of job (MB)
	1069100  -  ResidentSetSize of job (KB)
...
006 (6327669.000.000) 11/14 14:03:03 Image size of job updated: 1095688
	1045  -  MemoryUsage of job (MB)
	1069100  -  ResidentSetSize of job (KB)
...
006 (6327669.000.000) 11/14 14:08:03 Image size of job updated: 1095708
	1045  -  MemoryUsage of job (MB)
	1069100  -  ResidentSetSize of job (KB)
...
006 (6327669.000.000) 11/14 14:13:03 Image size of job updated: 1095848
	1045  -  MemoryUsage of job (MB)
	1069100  -  ResidentSetSize of job (KB)
...
006 (6327669.000.000) 11/14 14:18:04 Image size of job updated: 1096324
	1045  -  MemoryUsage of job (MB)
	1069100  -  ResidentSetSize of job (KB)
...
006 (6327669.000.000) 11/14 14:23:05 Image size of job updated: 1096344
	1045  -  MemoryUsage of job (MB)
	1069100  -  ResidentSetSize of job (KB)
...
006 (6327669.000.000) 11/14 14:28:05 Image size of job updated: 1096360
	1045  -  MemoryUsage of job (MB)
	1069100  -  ResidentSetSize of job (KB)
...
006 (6327669.000.000) 11/14 14:33:06 Image size of job updated: 1096368
	1045  -  MemoryUsage of job (MB)
	1069100  -  ResidentSetSize of job (KB)
...
006 (6327669.000.000) 11/14 14:38:07 Image size of job updated: 1096376
	1045  -  MemoryUsage of job (MB)
	1069100  -  ResidentSetSize of job (KB)
...
006 (6327669.000.000) 11/14 14:43:07 Image size of job updated: 1096384
	1045  -  MemoryUsage of job (MB)
	1069100  -  ResidentSetSize of job (KB)
...
006 (6327669.000.000) 11/14 14:48:07 Image size of job updated: 1096404
	1045  -  MemoryUsage of job (MB)
	1069100  -  ResidentSetSize of job (KB)
...
006 (6327669.000.000) 11/14 14:53:09 Image size of job updated: 1096424
	1045  -  MemoryUsage of job (MB)
	1069100  -  ResidentSetSize of job (KB)
...
006 (6327669.000.000) 11/14 14:58:09 Image size of job updated: 1096432
	1045  -  MemoryUsage of job (MB)
	1069100  -  ResidentSetSize of job (KB)
...
006 (6327669.000.000) 11/14 15:03:09 Image size of job updated: 1096444
	1045  -  MemoryUsage of job (MB)
	1069100  -  ResidentSetSize of job (KB)
...
006 (6327669.000.000) 11/14 15:08:10 Image size of job updated: 1097392
	1045  -  MemoryUsage of job (MB)
	1069100  -  ResidentSetSize of job (KB)
...
006 (6327669.000.000) 11/14 15:13:11 Image size of job updated: 1097400
	1045  -  MemoryUsage of job (MB)
	1069100  -  ResidentSetSize of job (KB)
...
006 (6327669.000.000) 11/14 15:23:11 Image size of job updated: 1097472
	1045  -  MemoryUsage of job (MB)
	1069100  -  ResidentSetSize of job (KB)
...
006 (6327669.000.000) 11/14 15:58:15 Image size of job updated: 1097920
	1045  -  MemoryUsage of job (MB)
	1069100  -  ResidentSetSize of job (KB)
...
006 (6327669.000.000) 11/14 16:08:16 Image size of job updated: 1097984
	1045  -  MemoryUsage of job (MB)
	1069100  -  ResidentSetSize of job (KB)
...
006 (6327669.000.000) 11/14 16:13:16 Image size of job updated: 1097988
	1045  -  MemoryUsage of job (MB)
	1069100  -  ResidentSetSize of job (KB)
...
006 (6327669.000.000) 11/14 16:18:17 Image size of job updated: 1098028
	1045  -  MemoryUsage of job (MB)
	1069100  -  ResidentSetSize of job (KB)
...
006 (6327669.000.000) 11/14 16:33:18 Image size of job updated: 1098084
	1045  -  MemoryUsage of job (MB)
	1069100  -  ResidentSetSize of job (KB)
...
006 (6327669.000.000) 11/14 16:43:19 Image size of job updated: 1098088
	1045  -  MemoryUsage of job (MB)
	1069100  -  ResidentSetSize of job (KB)
...
006 (6327669.000.000) 11/15 01:15:43 Image size of job updated: 1100332
	1045  -  MemoryUsage of job (MB)
	1069100  -  ResidentSetSize of job (KB)
...
005 (6327669.000.000) 11/15 01:15:43 Job terminated.
	(1) Normal termination (return value 0)
		Usr 0 12:17:10, Sys 0 00:07:59  -  Run Remote Usage
		Usr 0 00:00:00, Sys 0 00:00:00  -  Run Local Usage
		Usr 0 12:17:10, Sys 0 00:07:59  -  Total Remote Usage
		Usr 0 00:00:00, Sys 0 00:00:00  -  Total Local Usage
	0  -  Run Bytes Sent By Job
	0  -  Run Bytes Received By Job
	0  -  Total Bytes Sent By Job
	0  -  Total Bytes Received By Job
	Partitionable Resources :    Usage  Request Allocated
	   Cpus                 :                 1         1
	   Disk (KB)            :       10       10  47328109
	   Memory (MB)          :     1045        1      2005
...
