000 (6327860.000.000) 11/14 12:57:26 Job submitted from host: <130.199.153.67:9618?addrs=130.199.153.67-9618&noUDP&sock=7357_7f42_4>
...
001 (6327860.000.000) 11/14 12:58:21 Job executing on host: <130.199.153.43:9618?addrs=130.199.153.43-9618&noUDP&sock=21825_6fbc_3>
...
006 (6327860.000.000) 11/14 12:58:30 Image size of job updated: 1006804
	958  -  MemoryUsage of job (MB)
	980248  -  ResidentSetSize of job (KB)
...
005 (6327860.000.000) 11/14 13:01:34 Job terminated.
	(1) Normal termination (return value 0)
		Usr 0 00:02:30, Sys 0 00:00:03  -  Run Remote Usage
		Usr 0 00:00:00, Sys 0 00:00:00  -  Run Local Usage
		Usr 0 00:02:30, Sys 0 00:00:03  -  Total Remote Usage
		Usr 0 00:00:00, Sys 0 00:00:00  -  Total Local Usage
	0  -  Run Bytes Sent By Job
	0  -  Run Bytes Received By Job
	0  -  Total Bytes Sent By Job
	0  -  Total Bytes Received By Job
	Partitionable Resources :    Usage  Request Allocated
	   Cpus                 :                 1         1
	   Disk (KB)            :       10       10  47328112
	   Memory (MB)          :      958        1      2005
...
