000 (6327773.000.000) 11/14 12:57:22 Job submitted from host: <130.199.153.67:9618?addrs=130.199.153.67-9618&noUDP&sock=7357_7f42_4>
...
001 (6327773.000.000) 11/14 12:58:07 Job executing on host: <130.199.202.70:9618?addrs=130.199.202.70-9618&noUDP&sock=13370_8923_3>
...
006 (6327773.000.000) 11/14 12:58:16 Image size of job updated: 967344
	945  -  MemoryUsage of job (MB)
	967160  -  ResidentSetSize of job (KB)
...
006 (6327773.000.000) 11/14 13:03:17 Image size of job updated: 1019368
	996  -  MemoryUsage of job (MB)
	1019184  -  ResidentSetSize of job (KB)
...
006 (6327773.000.000) 11/14 13:08:18 Image size of job updated: 1019808
	996  -  MemoryUsage of job (MB)
	1019624  -  ResidentSetSize of job (KB)
...
006 (6327773.000.000) 11/14 13:13:18 Image size of job updated: 1019876
	996  -  MemoryUsage of job (MB)
	1019692  -  ResidentSetSize of job (KB)
...
006 (6327773.000.000) 11/14 13:18:18 Image size of job updated: 1020036
	996  -  MemoryUsage of job (MB)
	1019852  -  ResidentSetSize of job (KB)
...
006 (6327773.000.000) 11/14 13:23:19 Image size of job updated: 1020168
	996  -  MemoryUsage of job (MB)
	1019852  -  ResidentSetSize of job (KB)
...
006 (6327773.000.000) 11/14 13:28:19 Image size of job updated: 1020684
	996  -  MemoryUsage of job (MB)
	1019852  -  ResidentSetSize of job (KB)
...
006 (6327773.000.000) 11/14 13:33:19 Image size of job updated: 1021288
	996  -  MemoryUsage of job (MB)
	1019852  -  ResidentSetSize of job (KB)
...
