000 (6327805.000.000) 11/14 12:57:22 Job submitted from host: <130.199.153.67:9618?addrs=130.199.153.67-9618&noUDP&sock=7357_7f42_4>
...
001 (6327805.000.000) 11/14 12:58:13 Job executing on host: <130.199.153.252:9618?addrs=130.199.153.252-9618&noUDP&sock=10851_4dd3_3>
...
006 (6327805.000.000) 11/14 12:58:22 Image size of job updated: 1212
	2  -  MemoryUsage of job (MB)
	1200  -  ResidentSetSize of job (KB)
...
006 (6327805.000.000) 11/14 13:03:23 Image size of job updated: 993476
	945  -  MemoryUsage of job (MB)
	966920  -  ResidentSetSize of job (KB)
...
006 (6327805.000.000) 11/14 13:08:24 Image size of job updated: 1042016
	992  -  MemoryUsage of job (MB)
	1015460  -  ResidentSetSize of job (KB)
...
006 (6327805.000.000) 11/14 13:13:24 Image size of job updated: 1042304
	992  -  MemoryUsage of job (MB)
	1015748  -  ResidentSetSize of job (KB)
...
006 (6327805.000.000) 11/14 13:18:24 Image size of job updated: 1042576
	993  -  MemoryUsage of job (MB)
	1016020  -  ResidentSetSize of job (KB)
...
006 (6327805.000.000) 11/14 13:23:25 Image size of job updated: 1042752
	993  -  MemoryUsage of job (MB)
	1016196  -  ResidentSetSize of job (KB)
...
006 (6327805.000.000) 11/14 13:28:25 Image size of job updated: 1043276
	993  -  MemoryUsage of job (MB)
	1016720  -  ResidentSetSize of job (KB)
...
006 (6327805.000.000) 11/14 13:33:25 Image size of job updated: 1043516
	993  -  MemoryUsage of job (MB)
	1016764  -  ResidentSetSize of job (KB)
...
006 (6327805.000.000) 11/14 13:38:26 Image size of job updated: 1067512
	1017  -  MemoryUsage of job (MB)
	1040600  -  ResidentSetSize of job (KB)
...
006 (6327805.000.000) 11/14 13:43:27 Image size of job updated: 1067512
	1017  -  MemoryUsage of job (MB)
	1040620  -  ResidentSetSize of job (KB)
...
006 (6327805.000.000) 11/14 13:48:27 Image size of job updated: 1067512
	1017  -  MemoryUsage of job (MB)
	1040624  -  ResidentSetSize of job (KB)
...
006 (6327805.000.000) 11/14 14:28:30 Image size of job updated: 1071408
	1024  -  MemoryUsage of job (MB)
	1048240  -  ResidentSetSize of job (KB)
...
006 (6327805.000.000) 11/14 14:33:31 Image size of job updated: 1083272
	1036  -  MemoryUsage of job (MB)
	1060280  -  ResidentSetSize of job (KB)
...
005 (6327805.000.000) 11/14 14:45:17 Job terminated.
	(1) Normal termination (return value 0)
		Usr 0 01:44:52, Sys 0 00:01:40  -  Run Remote Usage
		Usr 0 00:00:00, Sys 0 00:00:00  -  Run Local Usage
		Usr 0 01:44:52, Sys 0 00:01:40  -  Total Remote Usage
		Usr 0 00:00:00, Sys 0 00:00:00  -  Total Local Usage
	0  -  Run Bytes Sent By Job
	0  -  Run Bytes Received By Job
	0  -  Total Bytes Sent By Job
	0  -  Total Bytes Received By Job
	Partitionable Resources :    Usage  Request Allocated
	   Cpus                 :                 1         1
	   Disk (KB)            :       10       10  47328049
	   Memory (MB)          :     1036        1      2005
...
