000 (6327870.000.000) 11/14 12:57:26 Job submitted from host: <130.199.153.67:9618?addrs=130.199.153.67-9618&noUDP&sock=7357_7f42_4>
...
001 (6327870.000.000) 11/14 12:58:23 Job executing on host: <130.199.153.35:9618?addrs=130.199.153.35-9618&noUDP&sock=22198_7c7b_3>
...
006 (6327870.000.000) 11/14 12:58:32 Image size of job updated: 988140
	940  -  MemoryUsage of job (MB)
	961584  -  ResidentSetSize of job (KB)
...
006 (6327870.000.000) 11/14 13:03:33 Image size of job updated: 990516
	942  -  MemoryUsage of job (MB)
	963960  -  ResidentSetSize of job (KB)
...
006 (6327870.000.000) 11/14 13:08:33 Image size of job updated: 1036436
	987  -  MemoryUsage of job (MB)
	1009880  -  ResidentSetSize of job (KB)
...
005 (6327870.000.000) 11/14 13:10:45 Job terminated.
	(1) Normal termination (return value 0)
		Usr 0 00:12:07, Sys 0 00:00:12  -  Run Remote Usage
		Usr 0 00:00:00, Sys 0 00:00:00  -  Run Local Usage
		Usr 0 00:12:07, Sys 0 00:00:12  -  Total Remote Usage
		Usr 0 00:00:00, Sys 0 00:00:00  -  Total Local Usage
	0  -  Run Bytes Sent By Job
	0  -  Run Bytes Received By Job
	0  -  Total Bytes Sent By Job
	0  -  Total Bytes Received By Job
	Partitionable Resources :    Usage  Request Allocated
	   Cpus                 :                 1         1
	   Disk (KB)            :       10       10  47327938
	   Memory (MB)          :      987        1      2005
...
