000 (6327768.000.000) 11/14 12:57:22 Job submitted from host: <130.199.153.67:9618?addrs=130.199.153.67-9618&noUDP&sock=7357_7f42_4>
...
001 (6327768.000.000) 11/14 12:58:07 Job executing on host: <130.199.202.34:9618?addrs=130.199.202.34-9618&noUDP&sock=34826_16be_3>
...
006 (6327768.000.000) 11/14 12:58:16 Image size of job updated: 980352
	958  -  MemoryUsage of job (MB)
	980168  -  ResidentSetSize of job (KB)
...
006 (6327768.000.000) 11/14 13:03:17 Image size of job updated: 1049892
	1026  -  MemoryUsage of job (MB)
	1049708  -  ResidentSetSize of job (KB)
...
006 (6327768.000.000) 11/14 13:08:18 Image size of job updated: 1050800
	1026  -  MemoryUsage of job (MB)
	1050616  -  ResidentSetSize of job (KB)
...
006 (6327768.000.000) 11/14 13:13:18 Image size of job updated: 1052484
	1028  -  MemoryUsage of job (MB)
	1052300  -  ResidentSetSize of job (KB)
...
006 (6327768.000.000) 11/14 13:18:18 Image size of job updated: 1052544
	1028  -  MemoryUsage of job (MB)
	1052360  -  ResidentSetSize of job (KB)
...
006 (6327768.000.000) 11/14 13:23:19 Image size of job updated: 1052704
	1028  -  MemoryUsage of job (MB)
	1052520  -  ResidentSetSize of job (KB)
...
006 (6327768.000.000) 11/14 13:28:19 Image size of job updated: 1053260
	1029  -  MemoryUsage of job (MB)
	1053076  -  ResidentSetSize of job (KB)
...
006 (6327768.000.000) 11/14 13:33:19 Image size of job updated: 1053708
	1029  -  MemoryUsage of job (MB)
	1053524  -  ResidentSetSize of job (KB)
...
006 (6327768.000.000) 11/14 13:38:20 Image size of job updated: 1053800
	1029  -  MemoryUsage of job (MB)
	1053616  -  ResidentSetSize of job (KB)
...
006 (6327768.000.000) 11/14 13:43:21 Image size of job updated: 1053844
	1029  -  MemoryUsage of job (MB)
	1053660  -  ResidentSetSize of job (KB)
...
006 (6327768.000.000) 11/14 13:48:21 Image size of job updated: 1054324
	1030  -  MemoryUsage of job (MB)
	1054140  -  ResidentSetSize of job (KB)
...
006 (6327768.000.000) 11/14 13:50:11 Image size of job updated: 1210088
	1030  -  MemoryUsage of job (MB)
	1054140  -  ResidentSetSize of job (KB)
...
005 (6327768.000.000) 11/14 13:50:11 Job terminated.
	(1) Normal termination (return value 0)
		Usr 0 00:50:26, Sys 0 00:00:55  -  Run Remote Usage
		Usr 0 00:00:00, Sys 0 00:00:00  -  Run Local Usage
		Usr 0 00:50:26, Sys 0 00:00:55  -  Total Remote Usage
		Usr 0 00:00:00, Sys 0 00:00:00  -  Total Local Usage
	0  -  Run Bytes Sent By Job
	0  -  Run Bytes Received By Job
	0  -  Total Bytes Sent By Job
	0  -  Total Bytes Received By Job
	Partitionable Resources :    Usage  Request Allocated
	   Cpus                 :                 1         1
	   Disk (KB)            :       10       10  65479402
	   Memory (MB)          :     1030        1      2008
...
