000 (6327902.000.000) 11/14 12:57:26 Job submitted from host: <130.199.153.67:9618?addrs=130.199.153.67-9618&noUDP&sock=7357_7f42_4>
...
001 (6327902.000.000) 11/14 12:58:28 Job executing on host: <130.199.152.59:9618?addrs=130.199.152.59-9618&noUDP&sock=23045_8d12_3>
...
006 (6327902.000.000) 11/14 12:58:37 Image size of job updated: 996532
	948  -  MemoryUsage of job (MB)
	969968  -  ResidentSetSize of job (KB)
...
006 (6327902.000.000) 11/14 13:03:19 Image size of job updated: 1123148
	948  -  MemoryUsage of job (MB)
	969968  -  ResidentSetSize of job (KB)
...
005 (6327902.000.000) 11/14 13:03:19 Job terminated.
	(1) Normal termination (return value 0)
		Usr 0 00:04:38, Sys 0 00:00:10  -  Run Remote Usage
		Usr 0 00:00:00, Sys 0 00:00:00  -  Run Local Usage
		Usr 0 00:04:38, Sys 0 00:00:10  -  Total Remote Usage
		Usr 0 00:00:00, Sys 0 00:00:00  -  Total Local Usage
	0  -  Run Bytes Sent By Job
	0  -  Run Bytes Received By Job
	0  -  Total Bytes Sent By Job
	0  -  Total Bytes Received By Job
	Partitionable Resources :    Usage  Request Allocated
	   Cpus                 :                 1         1
	   Disk (KB)            :       10       10  56895230
	   Memory (MB)          :      948        1      2005
...
