000 (6327810.000.000) 11/14 12:57:22 Job submitted from host: <130.199.153.67:9618?addrs=130.199.153.67-9618&noUDP&sock=7357_7f42_4>
...
001 (6327810.000.000) 11/14 12:58:14 Job executing on host: <130.199.151.245:9618?addrs=130.199.151.245-9618&noUDP&sock=22558_6bf5_3>
...
006 (6327810.000.000) 11/14 12:58:22 Image size of job updated: 992796
	944  -  MemoryUsage of job (MB)
	966240  -  ResidentSetSize of job (KB)
...
006 (6327810.000.000) 11/14 13:03:22 Image size of job updated: 1042164
	992  -  MemoryUsage of job (MB)
	1015608  -  ResidentSetSize of job (KB)
...
006 (6327810.000.000) 11/14 13:08:23 Image size of job updated: 1045168
	995  -  MemoryUsage of job (MB)
	1018612  -  ResidentSetSize of job (KB)
...
006 (6327810.000.000) 11/14 13:13:24 Image size of job updated: 1045480
	996  -  MemoryUsage of job (MB)
	1018924  -  ResidentSetSize of job (KB)
...
006 (6327810.000.000) 11/14 13:18:24 Image size of job updated: 1045728
	996  -  MemoryUsage of job (MB)
	1019172  -  ResidentSetSize of job (KB)
...
006 (6327810.000.000) 11/14 13:23:25 Image size of job updated: 1045832
	996  -  MemoryUsage of job (MB)
	1019276  -  ResidentSetSize of job (KB)
...
006 (6327810.000.000) 11/14 13:28:26 Image size of job updated: 1046808
	997  -  MemoryUsage of job (MB)
	1020252  -  ResidentSetSize of job (KB)
...
006 (6327810.000.000) 11/14 13:33:26 Image size of job updated: 1061192
	1011  -  MemoryUsage of job (MB)
	1034636  -  ResidentSetSize of job (KB)
...
006 (6327810.000.000) 11/14 13:38:26 Image size of job updated: 1061268
	1011  -  MemoryUsage of job (MB)
	1034712  -  ResidentSetSize of job (KB)
...
006 (6327810.000.000) 11/14 13:43:27 Image size of job updated: 1134256
	1082  -  MemoryUsage of job (MB)
	1107700  -  ResidentSetSize of job (KB)
...
006 (6327810.000.000) 11/14 13:48:27 Image size of job updated: 1134324
	1082  -  MemoryUsage of job (MB)
	1107768  -  ResidentSetSize of job (KB)
...
006 (6327810.000.000) 11/14 13:53:27 Image size of job updated: 1134388
	1082  -  MemoryUsage of job (MB)
	1107832  -  ResidentSetSize of job (KB)
...
006 (6327810.000.000) 11/14 13:58:28 Image size of job updated: 1134676
	1083  -  MemoryUsage of job (MB)
	1108120  -  ResidentSetSize of job (KB)
...
006 (6327810.000.000) 11/14 14:03:29 Image size of job updated: 1134688
	1083  -  MemoryUsage of job (MB)
	1108132  -  ResidentSetSize of job (KB)
...
006 (6327810.000.000) 11/14 14:08:29 Image size of job updated: 1134708
	1083  -  MemoryUsage of job (MB)
	1108152  -  ResidentSetSize of job (KB)
...
006 (6327810.000.000) 11/14 14:13:30 Image size of job updated: 1134724
	1083  -  MemoryUsage of job (MB)
	1108168  -  ResidentSetSize of job (KB)
...
005 (6327810.000.000) 11/14 14:15:11 Job terminated.
	(1) Normal termination (return value 0)
		Usr 0 01:15:56, Sys 0 00:00:48  -  Run Remote Usage
		Usr 0 00:00:00, Sys 0 00:00:00  -  Run Local Usage
		Usr 0 01:15:56, Sys 0 00:00:48  -  Total Remote Usage
		Usr 0 00:00:00, Sys 0 00:00:00  -  Total Local Usage
	0  -  Run Bytes Sent By Job
	0  -  Run Bytes Received By Job
	0  -  Total Bytes Sent By Job
	0  -  Total Bytes Received By Job
	Partitionable Resources :    Usage  Request Allocated
	   Cpus                 :                 1         1
	   Disk (KB)            :       10       10  32976526
	   Memory (MB)          :     1083        1      2005
...
