000 (6327865.000.000) 11/14 12:57:26 Job submitted from host: <130.199.153.67:9618?addrs=130.199.153.67-9618&noUDP&sock=7357_7f42_4>
...
001 (6327865.000.000) 11/14 12:58:22 Job executing on host: <130.199.153.45:9618?addrs=130.199.153.45-9618&noUDP&sock=18327_5d16_3>
...
006 (6327865.000.000) 11/14 12:58:31 Image size of job updated: 1085864
	1035  -  MemoryUsage of job (MB)
	1059292  -  ResidentSetSize of job (KB)
...
005 (6327865.000.000) 11/14 12:59:48 Job terminated.
	(1) Normal termination (return value 0)
		Usr 0 00:01:13, Sys 0 00:00:03  -  Run Remote Usage
		Usr 0 00:00:00, Sys 0 00:00:00  -  Run Local Usage
		Usr 0 00:01:13, Sys 0 00:00:03  -  Total Remote Usage
		Usr 0 00:00:00, Sys 0 00:00:00  -  Total Local Usage
	0  -  Run Bytes Sent By Job
	0  -  Run Bytes Received By Job
	0  -  Total Bytes Sent By Job
	0  -  Total Bytes Received By Job
	Partitionable Resources :    Usage  Request Allocated
	   Cpus                 :                 1         1
	   Disk (KB)            :       10       10  47328150
	   Memory (MB)          :     1035        1      2005
...
