000 (6327654.000.000) 11/14 12:57:17 Job submitted from host: <130.199.153.67:9618?addrs=130.199.153.67-9618&noUDP&sock=7357_7f42_4>
...
001 (6327654.000.000) 11/14 12:57:46 Job executing on host: <130.199.202.85:9618?addrs=130.199.202.85-9618&noUDP&sock=154183_1293_3>
...
006 (6327654.000.000) 11/14 12:57:55 Image size of job updated: 968448
	946  -  MemoryUsage of job (MB)
	968252  -  ResidentSetSize of job (KB)
...
006 (6327654.000.000) 11/14 13:02:56 Image size of job updated: 969844
	947  -  MemoryUsage of job (MB)
	969648  -  ResidentSetSize of job (KB)
...
006 (6327654.000.000) 11/14 13:07:57 Image size of job updated: 1020336
	997  -  MemoryUsage of job (MB)
	1020140  -  ResidentSetSize of job (KB)
...
006 (6327654.000.000) 11/14 13:12:57 Image size of job updated: 1023680
	1000  -  MemoryUsage of job (MB)
	1023484  -  ResidentSetSize of job (KB)
...
006 (6327654.000.000) 11/14 13:17:57 Image size of job updated: 1026660
	1003  -  MemoryUsage of job (MB)
	1026464  -  ResidentSetSize of job (KB)
...
006 (6327654.000.000) 11/14 13:22:58 Image size of job updated: 1026720
	1003  -  MemoryUsage of job (MB)
	1026524  -  ResidentSetSize of job (KB)
...
006 (6327654.000.000) 11/14 13:27:58 Image size of job updated: 1026780
	1003  -  MemoryUsage of job (MB)
	1026584  -  ResidentSetSize of job (KB)
...
006 (6327654.000.000) 11/14 13:32:58 Image size of job updated: 1026844
	1003  -  MemoryUsage of job (MB)
	1026584  -  ResidentSetSize of job (KB)
...
006 (6327654.000.000) 11/14 13:37:59 Image size of job updated: 1026900
	1003  -  MemoryUsage of job (MB)
	1026584  -  ResidentSetSize of job (KB)
...
006 (6327654.000.000) 11/14 13:43:00 Image size of job updated: 1027112
	1003  -  MemoryUsage of job (MB)
	1026584  -  ResidentSetSize of job (KB)
...
006 (6327654.000.000) 11/14 13:48:00 Image size of job updated: 1027192
	1003  -  MemoryUsage of job (MB)
	1026584  -  ResidentSetSize of job (KB)
...
006 (6327654.000.000) 11/14 13:53:01 Image size of job updated: 1027688
	1003  -  MemoryUsage of job (MB)
	1026584  -  ResidentSetSize of job (KB)
...
006 (6327654.000.000) 11/14 13:58:02 Image size of job updated: 1027756
	1003  -  MemoryUsage of job (MB)
	1026584  -  ResidentSetSize of job (KB)
...
006 (6327654.000.000) 11/14 14:03:02 Image size of job updated: 1027816
	1003  -  MemoryUsage of job (MB)
	1026584  -  ResidentSetSize of job (KB)
...
006 (6327654.000.000) 11/14 14:08:02 Image size of job updated: 1027856
	1003  -  MemoryUsage of job (MB)
	1026584  -  ResidentSetSize of job (KB)
...
006 (6327654.000.000) 11/14 14:13:03 Image size of job updated: 1027900
	1003  -  MemoryUsage of job (MB)
	1026584  -  ResidentSetSize of job (KB)
...
006 (6327654.000.000) 11/14 14:18:04 Image size of job updated: 1027952
	1003  -  MemoryUsage of job (MB)
	1026584  -  ResidentSetSize of job (KB)
...
006 (6327654.000.000) 11/14 14:23:04 Image size of job updated: 1028028
	1003  -  MemoryUsage of job (MB)
	1026584  -  ResidentSetSize of job (KB)
...
006 (6327654.000.000) 11/14 14:28:05 Image size of job updated: 1028096
	1003  -  MemoryUsage of job (MB)
	1026584  -  ResidentSetSize of job (KB)
...
006 (6327654.000.000) 11/14 14:33:06 Image size of job updated: 1028684
	1003  -  MemoryUsage of job (MB)
	1026584  -  ResidentSetSize of job (KB)
...
006 (6327654.000.000) 11/14 14:38:06 Image size of job updated: 1028696
	1003  -  MemoryUsage of job (MB)
	1026584  -  ResidentSetSize of job (KB)
...
006 (6327654.000.000) 11/14 14:43:06 Image size of job updated: 1028716
	1003  -  MemoryUsage of job (MB)
	1026584  -  ResidentSetSize of job (KB)
...
006 (6327654.000.000) 11/14 14:48:07 Image size of job updated: 1028728
	1003  -  MemoryUsage of job (MB)
	1026584  -  ResidentSetSize of job (KB)
...
006 (6327654.000.000) 11/14 14:53:08 Image size of job updated: 1028740
	1003  -  MemoryUsage of job (MB)
	1026584  -  ResidentSetSize of job (KB)
...
006 (6327654.000.000) 11/14 14:58:08 Image size of job updated: 1028752
	1003  -  MemoryUsage of job (MB)
	1026584  -  ResidentSetSize of job (KB)
...
006 (6327654.000.000) 11/14 15:03:08 Image size of job updated: 1028756
	1003  -  MemoryUsage of job (MB)
	1026584  -  ResidentSetSize of job (KB)
...
006 (6327654.000.000) 11/14 15:08:09 Image size of job updated: 1028760
	1003  -  MemoryUsage of job (MB)
	1026584  -  ResidentSetSize of job (KB)
...
006 (6327654.000.000) 11/14 15:18:09 Image size of job updated: 1028772
	1003  -  MemoryUsage of job (MB)
	1026584  -  ResidentSetSize of job (KB)
...
006 (6327654.000.000) 11/14 15:28:11 Image size of job updated: 1028792
	1003  -  MemoryUsage of job (MB)
	1026584  -  ResidentSetSize of job (KB)
...
006 (6327654.000.000) 11/14 15:33:11 Image size of job updated: 1028804
	1003  -  MemoryUsage of job (MB)
	1026584  -  ResidentSetSize of job (KB)
...
006 (6327654.000.000) 11/14 15:38:12 Image size of job updated: 1028816
	1003  -  MemoryUsage of job (MB)
	1026584  -  ResidentSetSize of job (KB)
...
006 (6327654.000.000) 11/14 15:43:13 Image size of job updated: 1028824
	1003  -  MemoryUsage of job (MB)
	1026584  -  ResidentSetSize of job (KB)
...
006 (6327654.000.000) 11/14 15:48:13 Image size of job updated: 1028832
	1003  -  MemoryUsage of job (MB)
	1026584  -  ResidentSetSize of job (KB)
...
006 (6327654.000.000) 11/14 15:53:13 Image size of job updated: 1028856
	1003  -  MemoryUsage of job (MB)
	1026584  -  ResidentSetSize of job (KB)
...
006 (6327654.000.000) 11/14 15:58:15 Image size of job updated: 1028860
	1003  -  MemoryUsage of job (MB)
	1026584  -  ResidentSetSize of job (KB)
...
006 (6327654.000.000) 11/14 16:03:15 Image size of job updated: 1028872
	1003  -  MemoryUsage of job (MB)
	1026584  -  ResidentSetSize of job (KB)
...
006 (6327654.000.000) 11/14 16:08:15 Image size of job updated: 1028888
	1003  -  MemoryUsage of job (MB)
	1026584  -  ResidentSetSize of job (KB)
...
006 (6327654.000.000) 11/14 16:13:16 Image size of job updated: 1028900
	1003  -  MemoryUsage of job (MB)
	1026584  -  ResidentSetSize of job (KB)
...
006 (6327654.000.000) 11/14 16:18:17 Image size of job updated: 1028904
	1003  -  MemoryUsage of job (MB)
	1026584  -  ResidentSetSize of job (KB)
...
006 (6327654.000.000) 11/14 16:23:17 Image size of job updated: 1028916
	1003  -  MemoryUsage of job (MB)
	1026584  -  ResidentSetSize of job (KB)
...
006 (6327654.000.000) 11/14 16:33:19 Image size of job updated: 1029340
	1003  -  MemoryUsage of job (MB)
	1026584  -  ResidentSetSize of job (KB)
...
006 (6327654.000.000) 11/14 16:38:19 Image size of job updated: 1029348
	1003  -  MemoryUsage of job (MB)
	1026584  -  ResidentSetSize of job (KB)
...
006 (6327654.000.000) 11/14 16:43:19 Image size of job updated: 1029352
	1003  -  MemoryUsage of job (MB)
	1026584  -  ResidentSetSize of job (KB)
...
006 (6327654.000.000) 11/14 16:48:21 Image size of job updated: 1029368
	1003  -  MemoryUsage of job (MB)
	1026584  -  ResidentSetSize of job (KB)
...
006 (6327654.000.000) 11/14 16:53:21 Image size of job updated: 1029380
	1003  -  MemoryUsage of job (MB)
	1026584  -  ResidentSetSize of job (KB)
...
006 (6327654.000.000) 11/14 16:58:21 Image size of job updated: 1029388
	1003  -  MemoryUsage of job (MB)
	1026584  -  ResidentSetSize of job (KB)
...
006 (6327654.000.000) 11/14 17:03:22 Image size of job updated: 1029404
	1003  -  MemoryUsage of job (MB)
	1026584  -  ResidentSetSize of job (KB)
...
006 (6327654.000.000) 11/14 17:13:23 Image size of job updated: 1029420
	1003  -  MemoryUsage of job (MB)
	1026584  -  ResidentSetSize of job (KB)
...
006 (6327654.000.000) 11/14 17:23:25 Image size of job updated: 1029424
	1003  -  MemoryUsage of job (MB)
	1026584  -  ResidentSetSize of job (KB)
...
006 (6327654.000.000) 11/14 17:28:25 Image size of job updated: 1029436
	1003  -  MemoryUsage of job (MB)
	1026584  -  ResidentSetSize of job (KB)
...
006 (6327654.000.000) 11/14 17:33:25 Image size of job updated: 1029444
	1003  -  MemoryUsage of job (MB)
	1026584  -  ResidentSetSize of job (KB)
...
006 (6327654.000.000) 11/14 17:38:26 Image size of job updated: 1029464
	1003  -  MemoryUsage of job (MB)
	1026584  -  ResidentSetSize of job (KB)
...
006 (6327654.000.000) 11/14 17:43:27 Image size of job updated: 1029476
	1003  -  MemoryUsage of job (MB)
	1026584  -  ResidentSetSize of job (KB)
...
006 (6327654.000.000) 11/14 17:48:27 Image size of job updated: 1029480
	1003  -  MemoryUsage of job (MB)
	1026584  -  ResidentSetSize of job (KB)
...
006 (6327654.000.000) 11/14 17:53:28 Image size of job updated: 1029496
	1003  -  MemoryUsage of job (MB)
	1026584  -  ResidentSetSize of job (KB)
...
006 (6327654.000.000) 11/14 17:58:29 Image size of job updated: 1029508
	1003  -  MemoryUsage of job (MB)
	1026584  -  ResidentSetSize of job (KB)
...
006 (6327654.000.000) 11/14 18:03:29 Image size of job updated: 1029516
	1003  -  MemoryUsage of job (MB)
	1026584  -  ResidentSetSize of job (KB)
...
006 (6327654.000.000) 11/14 18:08:29 Image size of job updated: 1029632
	1003  -  MemoryUsage of job (MB)
	1026584  -  ResidentSetSize of job (KB)
...
006 (6327654.000.000) 11/14 18:13:30 Image size of job updated: 1029648
	1003  -  MemoryUsage of job (MB)
	1026584  -  ResidentSetSize of job (KB)
...
006 (6327654.000.000) 11/14 18:23:30 Image size of job updated: 1030776
	1003  -  MemoryUsage of job (MB)
	1026584  -  ResidentSetSize of job (KB)
...
006 (6327654.000.000) 11/14 19:28:38 Image size of job updated: 1036472
	1003  -  MemoryUsage of job (MB)
	1026584  -  ResidentSetSize of job (KB)
...
006 (6327654.000.000) 11/14 19:38:40 Image size of job updated: 1048196
	1003  -  MemoryUsage of job (MB)
	1026584  -  ResidentSetSize of job (KB)
...
006 (6327654.000.000) 11/14 19:43:40 Image size of job updated: 1080112
	1025  -  MemoryUsage of job (MB)
	1049448  -  ResidentSetSize of job (KB)
...
006 (6327654.000.000) 11/14 19:48:40 Image size of job updated: 1080112
	1025  -  MemoryUsage of job (MB)
	1049544  -  ResidentSetSize of job (KB)
...
006 (6327654.000.000) 11/14 19:53:41 Image size of job updated: 1080112
	1025  -  MemoryUsage of job (MB)
	1049584  -  ResidentSetSize of job (KB)
...
006 (6327654.000.000) 11/14 19:58:41 Image size of job updated: 1080112
	1026  -  MemoryUsage of job (MB)
	1049648  -  ResidentSetSize of job (KB)
...
006 (6327654.000.000) 11/14 20:03:41 Image size of job updated: 1080112
	1026  -  MemoryUsage of job (MB)
	1049696  -  ResidentSetSize of job (KB)
...
006 (6327654.000.000) 11/14 20:08:42 Image size of job updated: 1080112
	1026  -  MemoryUsage of job (MB)
	1049760  -  ResidentSetSize of job (KB)
...
006 (6327654.000.000) 11/14 20:13:43 Image size of job updated: 1080112
	1026  -  MemoryUsage of job (MB)
	1049828  -  ResidentSetSize of job (KB)
...
006 (6327654.000.000) 11/14 20:18:43 Image size of job updated: 1080116
	1026  -  MemoryUsage of job (MB)
	1049888  -  ResidentSetSize of job (KB)
...
006 (6327654.000.000) 11/14 20:23:44 Image size of job updated: 1080116
	1026  -  MemoryUsage of job (MB)
	1049952  -  ResidentSetSize of job (KB)
...
006 (6327654.000.000) 11/14 20:28:45 Image size of job updated: 1080116
	1026  -  MemoryUsage of job (MB)
	1050020  -  ResidentSetSize of job (KB)
...
006 (6327654.000.000) 11/14 20:33:45 Image size of job updated: 1080116
	1026  -  MemoryUsage of job (MB)
	1050092  -  ResidentSetSize of job (KB)
...
006 (6327654.000.000) 11/14 20:38:45 Image size of job updated: 1080144
	1026  -  MemoryUsage of job (MB)
	1050188  -  ResidentSetSize of job (KB)
...
006 (6327654.000.000) 11/14 20:43:46 Image size of job updated: 1080144
	1026  -  MemoryUsage of job (MB)
	1050224  -  ResidentSetSize of job (KB)
...
006 (6327654.000.000) 11/14 20:48:47 Image size of job updated: 1080144
	1026  -  MemoryUsage of job (MB)
	1050312  -  ResidentSetSize of job (KB)
...
006 (6327654.000.000) 11/14 20:53:47 Image size of job updated: 1080144
	1026  -  MemoryUsage of job (MB)
	1050316  -  ResidentSetSize of job (KB)
...
006 (6327654.000.000) 11/14 20:58:48 Image size of job updated: 1080144
	1026  -  MemoryUsage of job (MB)
	1050440  -  ResidentSetSize of job (KB)
...
006 (6327654.000.000) 11/14 21:03:49 Image size of job updated: 1080144
	1026  -  MemoryUsage of job (MB)
	1050512  -  ResidentSetSize of job (KB)
...
006 (6327654.000.000) 11/14 21:08:49 Image size of job updated: 1080144
	1026  -  MemoryUsage of job (MB)
	1050588  -  ResidentSetSize of job (KB)
...
006 (6327654.000.000) 11/14 21:13:49 Image size of job updated: 1080144
	1027  -  MemoryUsage of job (MB)
	1050664  -  ResidentSetSize of job (KB)
...
006 (6327654.000.000) 11/14 21:18:51 Image size of job updated: 1080144
	1027  -  MemoryUsage of job (MB)
	1050728  -  ResidentSetSize of job (KB)
...
006 (6327654.000.000) 11/14 21:23:51 Image size of job updated: 1080144
	1027  -  MemoryUsage of job (MB)
	1050752  -  ResidentSetSize of job (KB)
...
006 (6327654.000.000) 11/14 21:28:51 Image size of job updated: 1080144
	1027  -  MemoryUsage of job (MB)
	1050772  -  ResidentSetSize of job (KB)
...
006 (6327654.000.000) 11/14 21:33:52 Image size of job updated: 1080144
	1027  -  MemoryUsage of job (MB)
	1050820  -  ResidentSetSize of job (KB)
...
006 (6327654.000.000) 11/14 21:38:53 Image size of job updated: 1080144
	1027  -  MemoryUsage of job (MB)
	1050856  -  ResidentSetSize of job (KB)
...
006 (6327654.000.000) 11/14 21:43:53 Image size of job updated: 1080412
	1027  -  MemoryUsage of job (MB)
	1051152  -  ResidentSetSize of job (KB)
...
006 (6327654.000.000) 11/14 21:48:53 Image size of job updated: 1081864
	1028  -  MemoryUsage of job (MB)
	1052640  -  ResidentSetSize of job (KB)
...
006 (6327654.000.000) 11/14 21:53:54 Image size of job updated: 1081864
	1029  -  MemoryUsage of job (MB)
	1052688  -  ResidentSetSize of job (KB)
...
006 (6327654.000.000) 11/14 21:58:54 Image size of job updated: 1081864
	1029  -  MemoryUsage of job (MB)
	1052748  -  ResidentSetSize of job (KB)
...
006 (6327654.000.000) 11/14 22:03:54 Image size of job updated: 1081864
	1029  -  MemoryUsage of job (MB)
	1052800  -  ResidentSetSize of job (KB)
...
006 (6327654.000.000) 11/14 22:08:55 Image size of job updated: 1081864
	1029  -  MemoryUsage of job (MB)
	1052832  -  ResidentSetSize of job (KB)
...
006 (6327654.000.000) 11/14 22:13:56 Image size of job updated: 1081864
	1029  -  MemoryUsage of job (MB)
	1052888  -  ResidentSetSize of job (KB)
...
006 (6327654.000.000) 11/14 22:16:05 Image size of job updated: 1238340
	1029  -  MemoryUsage of job (MB)
	1052888  -  ResidentSetSize of job (KB)
...
005 (6327654.000.000) 11/14 22:16:06 Job terminated.
	(1) Normal termination (return value 0)
		Usr 0 09:18:05, Sys 0 00:09:53  -  Run Remote Usage
		Usr 0 00:00:00, Sys 0 00:00:00  -  Run Local Usage
		Usr 0 09:18:05, Sys 0 00:09:53  -  Total Remote Usage
		Usr 0 00:00:00, Sys 0 00:00:00  -  Total Local Usage
	0  -  Run Bytes Sent By Job
	0  -  Run Bytes Received By Job
	0  -  Total Bytes Sent By Job
	0  -  Total Bytes Received By Job
	Partitionable Resources :    Usage  Request Allocated
	   Cpus                 :                 1         1
	   Disk (KB)            :       10       10  65563889
	   Memory (MB)          :     1029        1      2297
...
