000 (6327786.000.000) 11/14 12:57:22 Job submitted from host: <130.199.153.67:9618?addrs=130.199.153.67-9618&noUDP&sock=7357_7f42_4>
...
001 (6327786.000.000) 11/14 12:58:10 Job executing on host: <130.199.152.26:9618?addrs=130.199.152.26-9618&noUDP&sock=22527_9c50_3>
...
006 (6327786.000.000) 11/14 12:58:18 Image size of job updated: 649612
	635  -  MemoryUsage of job (MB)
	649440  -  ResidentSetSize of job (KB)
...
006 (6327786.000.000) 11/14 13:03:18 Image size of job updated: 1061440
	1036  -  MemoryUsage of job (MB)
	1060812  -  ResidentSetSize of job (KB)
...
006 (6327786.000.000) 11/14 13:08:19 Image size of job updated: 1062272
	1037  -  MemoryUsage of job (MB)
	1061520  -  ResidentSetSize of job (KB)
...
006 (6327786.000.000) 11/14 13:13:20 Image size of job updated: 1063416
	1038  -  MemoryUsage of job (MB)
	1062572  -  ResidentSetSize of job (KB)
...
006 (6327786.000.000) 11/14 13:18:20 Image size of job updated: 1063460
	1038  -  MemoryUsage of job (MB)
	1062572  -  ResidentSetSize of job (KB)
...
006 (6327786.000.000) 11/14 13:23:20 Image size of job updated: 1063516
	1038  -  MemoryUsage of job (MB)
	1062572  -  ResidentSetSize of job (KB)
...
006 (6327786.000.000) 11/14 13:28:21 Image size of job updated: 1063576
	1038  -  MemoryUsage of job (MB)
	1062572  -  ResidentSetSize of job (KB)
...
006 (6327786.000.000) 11/14 13:33:21 Image size of job updated: 1063624
	1038  -  MemoryUsage of job (MB)
	1062572  -  ResidentSetSize of job (KB)
...
006 (6327786.000.000) 11/14 13:38:21 Image size of job updated: 1063728
	1038  -  MemoryUsage of job (MB)
	1062572  -  ResidentSetSize of job (KB)
...
006 (6327786.000.000) 11/14 13:40:31 Image size of job updated: 1219756
	1038  -  MemoryUsage of job (MB)
	1062572  -  ResidentSetSize of job (KB)
...
005 (6327786.000.000) 11/14 13:40:31 Job terminated.
	(1) Normal termination (return value 0)
		Usr 0 00:40:37, Sys 0 00:00:41  -  Run Remote Usage
		Usr 0 00:00:00, Sys 0 00:00:00  -  Run Local Usage
		Usr 0 00:40:37, Sys 0 00:00:41  -  Total Remote Usage
		Usr 0 00:00:00, Sys 0 00:00:00  -  Total Local Usage
	0  -  Run Bytes Sent By Job
	0  -  Run Bytes Received By Job
	0  -  Total Bytes Sent By Job
	0  -  Total Bytes Received By Job
	Partitionable Resources :    Usage  Request Allocated
	   Cpus                 :                 1         1
	   Disk (KB)            :       10       10  32976436
	   Memory (MB)          :     1038        1      2005
...
