000 (6327698.000.000) 11/14 12:57:17 Job submitted from host: <130.199.153.67:9618?addrs=130.199.153.67-9618&noUDP&sock=7357_7f42_4>
...
001 (6327698.000.000) 11/14 12:57:54 Job executing on host: <130.199.152.8:9618?addrs=130.199.152.8-9618&noUDP&sock=23045_8d12_3>
...
006 (6327698.000.000) 11/14 12:58:03 Image size of job updated: 1061208
	1011  -  MemoryUsage of job (MB)
	1034652  -  ResidentSetSize of job (KB)
...
006 (6327698.000.000) 11/14 13:03:04 Image size of job updated: 1113652
	1062  -  MemoryUsage of job (MB)
	1087096  -  ResidentSetSize of job (KB)
...
006 (6327698.000.000) 11/14 13:08:05 Image size of job updated: 1114492
	1063  -  MemoryUsage of job (MB)
	1087936  -  ResidentSetSize of job (KB)
...
006 (6327698.000.000) 11/14 13:13:05 Image size of job updated: 1115772
	1064  -  MemoryUsage of job (MB)
	1089216  -  ResidentSetSize of job (KB)
...
006 (6327698.000.000) 11/14 13:18:05 Image size of job updated: 1115824
	1064  -  MemoryUsage of job (MB)
	1089268  -  ResidentSetSize of job (KB)
...
006 (6327698.000.000) 11/14 13:23:06 Image size of job updated: 1115880
	1064  -  MemoryUsage of job (MB)
	1089324  -  ResidentSetSize of job (KB)
...
006 (6327698.000.000) 11/14 13:28:07 Image size of job updated: 1129440
	1078  -  MemoryUsage of job (MB)
	1102884  -  ResidentSetSize of job (KB)
...
006 (6327698.000.000) 11/14 13:38:08 Image size of job updated: 1267392
	1212  -  MemoryUsage of job (MB)
	1240836  -  ResidentSetSize of job (KB)
...
006 (6327698.000.000) 11/14 13:43:09 Image size of job updated: 1271968
	1217  -  MemoryUsage of job (MB)
	1245412  -  ResidentSetSize of job (KB)
...
006 (6327698.000.000) 11/14 13:48:09 Image size of job updated: 1272392
	1217  -  MemoryUsage of job (MB)
	1245836  -  ResidentSetSize of job (KB)
...
006 (6327698.000.000) 11/14 14:18:12 Image size of job updated: 1272396
	1217  -  MemoryUsage of job (MB)
	1245840  -  ResidentSetSize of job (KB)
...
006 (6327698.000.000) 11/14 14:28:12 Image size of job updated: 1272560
	1217  -  MemoryUsage of job (MB)
	1246004  -  ResidentSetSize of job (KB)
...
006 (6327698.000.000) 11/14 14:33:13 Image size of job updated: 1272692
	1217  -  MemoryUsage of job (MB)
	1246136  -  ResidentSetSize of job (KB)
...
005 (6327698.000.000) 11/14 14:39:32 Job terminated.
	(1) Normal termination (return value 0)
		Usr 0 01:39:01, Sys 0 00:01:15  -  Run Remote Usage
		Usr 0 00:00:00, Sys 0 00:00:00  -  Run Local Usage
		Usr 0 01:39:01, Sys 0 00:01:15  -  Total Remote Usage
		Usr 0 00:00:00, Sys 0 00:00:00  -  Total Local Usage
	0  -  Run Bytes Sent By Job
	0  -  Run Bytes Received By Job
	0  -  Total Bytes Sent By Job
	0  -  Total Bytes Received By Job
	Partitionable Resources :    Usage  Request Allocated
	   Cpus                 :                 1         1
	   Disk (KB)            :       10       10  32976373
	   Memory (MB)          :     1217        1      2005
...
