000 (6327840.000.000) 11/14 12:57:22 Job submitted from host: <130.199.153.67:9618?addrs=130.199.153.67-9618&noUDP&sock=7357_7f42_4>
...
001 (6327840.000.000) 11/14 12:58:19 Job executing on host: <130.199.201.53:9618?addrs=130.199.201.53-9618&noUDP&sock=22382_b84d_3>
...
006 (6327840.000.000) 11/14 12:58:27 Image size of job updated: 47304
	21  -  MemoryUsage of job (MB)
	21164  -  ResidentSetSize of job (KB)
...
005 (6327840.000.000) 11/14 12:58:36 Job terminated.
	(1) Normal termination (return value 0)
		Usr 0 00:00:02, Sys 0 00:00:02  -  Run Remote Usage
		Usr 0 00:00:00, Sys 0 00:00:00  -  Run Local Usage
		Usr 0 00:00:02, Sys 0 00:00:02  -  Total Remote Usage
		Usr 0 00:00:00, Sys 0 00:00:00  -  Total Local Usage
	0  -  Run Bytes Sent By Job
	0  -  Run Bytes Received By Job
	0  -  Total Bytes Sent By Job
	0  -  Total Bytes Received By Job
	Partitionable Resources :    Usage  Request Allocated
	   Cpus                 :                 1         1
	   Disk (KB)            :       10       10  47328051
	   Memory (MB)          :       21        1      2005
...
