000 (6327775.000.000) 11/14 12:57:22 Job submitted from host: <130.199.153.67:9618?addrs=130.199.153.67-9618&noUDP&sock=7357_7f42_4>
...
001 (6327775.000.000) 11/14 12:58:08 Job executing on host: <130.199.202.47:9618?addrs=130.199.202.47-9618&noUDP&sock=3497_db18_3>
...
006 (6327775.000.000) 11/14 12:58:16 Image size of job updated: 966056
	944  -  MemoryUsage of job (MB)
	965872  -  ResidentSetSize of job (KB)
...
006 (6327775.000.000) 11/14 13:03:16 Image size of job updated: 1018852
	995  -  MemoryUsage of job (MB)
	1018668  -  ResidentSetSize of job (KB)
...
006 (6327775.000.000) 11/14 13:08:17 Image size of job updated: 1019656
	996  -  MemoryUsage of job (MB)
	1019472  -  ResidentSetSize of job (KB)
...
006 (6327775.000.000) 11/14 13:13:18 Image size of job updated: 1019820
	996  -  MemoryUsage of job (MB)
	1019636  -  ResidentSetSize of job (KB)
...
006 (6327775.000.000) 11/14 13:18:18 Image size of job updated: 1020492
	997  -  MemoryUsage of job (MB)
	1020308  -  ResidentSetSize of job (KB)
...
006 (6327775.000.000) 11/14 13:23:19 Image size of job updated: 1020612
	997  -  MemoryUsage of job (MB)
	1020428  -  ResidentSetSize of job (KB)
...
006 (6327775.000.000) 11/14 13:28:20 Image size of job updated: 1020720
	997  -  MemoryUsage of job (MB)
	1020536  -  ResidentSetSize of job (KB)
...
006 (6327775.000.000) 11/14 13:33:20 Image size of job updated: 1021300
	998  -  MemoryUsage of job (MB)
	1021116  -  ResidentSetSize of job (KB)
...
