000 (6327767.000.000) 11/14 12:57:22 Job submitted from host: <130.199.153.67:9618?addrs=130.199.153.67-9618&noUDP&sock=7357_7f42_4>
...
001 (6327767.000.000) 11/14 12:58:06 Job executing on host: <130.199.153.100:9618?addrs=130.199.153.100-9618&noUDP&sock=22233_9035_3>
...
006 (6327767.000.000) 11/14 12:58:15 Image size of job updated: 965924
	944  -  MemoryUsage of job (MB)
	965740  -  ResidentSetSize of job (KB)
...
006 (6327767.000.000) 11/14 13:03:16 Image size of job updated: 1012504
	989  -  MemoryUsage of job (MB)
	1012320  -  ResidentSetSize of job (KB)
...
006 (6327767.000.000) 11/14 13:08:16 Image size of job updated: 1012812
	989  -  MemoryUsage of job (MB)
	1012628  -  ResidentSetSize of job (KB)
...
006 (6327767.000.000) 11/14 13:13:16 Image size of job updated: 1013292
	990  -  MemoryUsage of job (MB)
	1013108  -  ResidentSetSize of job (KB)
...
006 (6327767.000.000) 11/14 13:18:17 Image size of job updated: 1014884
	991  -  MemoryUsage of job (MB)
	1014700  -  ResidentSetSize of job (KB)
...
006 (6327767.000.000) 11/14 13:23:18 Image size of job updated: 1014984
	992  -  MemoryUsage of job (MB)
	1014800  -  ResidentSetSize of job (KB)
...
006 (6327767.000.000) 11/14 13:28:18 Image size of job updated: 1015248
	992  -  MemoryUsage of job (MB)
	1015064  -  ResidentSetSize of job (KB)
...
006 (6327767.000.000) 11/14 13:33:19 Image size of job updated: 1015856
	992  -  MemoryUsage of job (MB)
	1015672  -  ResidentSetSize of job (KB)
...
