000 (6327683.000.000) 11/14 12:57:17 Job submitted from host: <130.199.153.67:9618?addrs=130.199.153.67-9618&noUDP&sock=7357_7f42_4>
...
001 (6327683.000.000) 11/14 12:57:52 Job executing on host: <130.199.202.34:9618?addrs=130.199.202.34-9618&noUDP&sock=34826_16be_3>
...
006 (6327683.000.000) 11/14 12:58:01 Image size of job updated: 1001248
	953  -  MemoryUsage of job (MB)
	974924  -  ResidentSetSize of job (KB)
...
006 (6327683.000.000) 11/14 13:03:02 Image size of job updated: 1059500
	1009  -  MemoryUsage of job (MB)
	1033176  -  ResidentSetSize of job (KB)
...
006 (6327683.000.000) 11/14 13:08:03 Image size of job updated: 1060980
	1011  -  MemoryUsage of job (MB)
	1034656  -  ResidentSetSize of job (KB)
...
006 (6327683.000.000) 11/14 13:13:03 Image size of job updated: 1061704
	1012  -  MemoryUsage of job (MB)
	1035380  -  ResidentSetSize of job (KB)
...
006 (6327683.000.000) 11/14 13:18:03 Image size of job updated: 1063088
	1013  -  MemoryUsage of job (MB)
	1036764  -  ResidentSetSize of job (KB)
...
006 (6327683.000.000) 11/14 13:23:04 Image size of job updated: 1063128
	1013  -  MemoryUsage of job (MB)
	1036804  -  ResidentSetSize of job (KB)
...
006 (6327683.000.000) 11/14 13:28:05 Image size of job updated: 1063264
	1013  -  MemoryUsage of job (MB)
	1036940  -  ResidentSetSize of job (KB)
...
006 (6327683.000.000) 11/14 13:33:05 Image size of job updated: 1063312
	1013  -  MemoryUsage of job (MB)
	1036988  -  ResidentSetSize of job (KB)
...
006 (6327683.000.000) 11/14 13:38:06 Image size of job updated: 1063340
	1013  -  MemoryUsage of job (MB)
	1037016  -  ResidentSetSize of job (KB)
...
006 (6327683.000.000) 11/14 13:43:07 Image size of job updated: 1063360
	1013  -  MemoryUsage of job (MB)
	1037036  -  ResidentSetSize of job (KB)
...
006 (6327683.000.000) 11/14 13:48:07 Image size of job updated: 1063396
	1013  -  MemoryUsage of job (MB)
	1037036  -  ResidentSetSize of job (KB)
...
006 (6327683.000.000) 11/14 13:53:07 Image size of job updated: 1063444
	1013  -  MemoryUsage of job (MB)
	1037036  -  ResidentSetSize of job (KB)
...
006 (6327683.000.000) 11/14 13:58:08 Image size of job updated: 1063480
	1013  -  MemoryUsage of job (MB)
	1037036  -  ResidentSetSize of job (KB)
...
006 (6327683.000.000) 11/14 14:03:08 Image size of job updated: 1063500
	1013  -  MemoryUsage of job (MB)
	1037036  -  ResidentSetSize of job (KB)
...
006 (6327683.000.000) 11/14 14:08:08 Image size of job updated: 1063840
	1013  -  MemoryUsage of job (MB)
	1037036  -  ResidentSetSize of job (KB)
...
006 (6327683.000.000) 11/14 14:13:09 Image size of job updated: 1063872
	1013  -  MemoryUsage of job (MB)
	1037036  -  ResidentSetSize of job (KB)
...
006 (6327683.000.000) 11/14 14:18:10 Image size of job updated: 1063896
	1013  -  MemoryUsage of job (MB)
	1037036  -  ResidentSetSize of job (KB)
...
006 (6327683.000.000) 11/14 14:23:10 Image size of job updated: 1063916
	1013  -  MemoryUsage of job (MB)
	1037036  -  ResidentSetSize of job (KB)
...
006 (6327683.000.000) 11/14 14:28:11 Image size of job updated: 1063952
	1013  -  MemoryUsage of job (MB)
	1037036  -  ResidentSetSize of job (KB)
...
006 (6327683.000.000) 11/14 14:33:12 Image size of job updated: 1063972
	1013  -  MemoryUsage of job (MB)
	1037036  -  ResidentSetSize of job (KB)
...
006 (6327683.000.000) 11/14 14:38:12 Image size of job updated: 1064012
	1013  -  MemoryUsage of job (MB)
	1037036  -  ResidentSetSize of job (KB)
...
006 (6327683.000.000) 11/14 14:43:12 Image size of job updated: 1064024
	1013  -  MemoryUsage of job (MB)
	1037036  -  ResidentSetSize of job (KB)
...
006 (6327683.000.000) 11/14 14:48:13 Image size of job updated: 1064052
	1013  -  MemoryUsage of job (MB)
	1037036  -  ResidentSetSize of job (KB)
...
006 (6327683.000.000) 11/14 14:53:13 Image size of job updated: 1064072
	1013  -  MemoryUsage of job (MB)
	1037036  -  ResidentSetSize of job (KB)
...
006 (6327683.000.000) 11/14 14:58:13 Image size of job updated: 1064104
	1013  -  MemoryUsage of job (MB)
	1037036  -  ResidentSetSize of job (KB)
...
006 (6327683.000.000) 11/14 15:03:14 Image size of job updated: 1064152
	1013  -  MemoryUsage of job (MB)
	1037036  -  ResidentSetSize of job (KB)
...
006 (6327683.000.000) 11/14 15:08:15 Image size of job updated: 1064180
	1013  -  MemoryUsage of job (MB)
	1037036  -  ResidentSetSize of job (KB)
...
006 (6327683.000.000) 11/14 15:13:15 Image size of job updated: 1065032
	1013  -  MemoryUsage of job (MB)
	1037036  -  ResidentSetSize of job (KB)
...
006 (6327683.000.000) 11/14 15:18:15 Image size of job updated: 1065056
	1013  -  MemoryUsage of job (MB)
	1037036  -  ResidentSetSize of job (KB)
...
006 (6327683.000.000) 11/14 15:23:16 Image size of job updated: 1065120
	1013  -  MemoryUsage of job (MB)
	1037036  -  ResidentSetSize of job (KB)
...
006 (6327683.000.000) 11/14 15:28:16 Image size of job updated: 1065152
	1013  -  MemoryUsage of job (MB)
	1037036  -  ResidentSetSize of job (KB)
...
006 (6327683.000.000) 11/14 15:33:16 Image size of job updated: 1065180
	1013  -  MemoryUsage of job (MB)
	1037036  -  ResidentSetSize of job (KB)
...
006 (6327683.000.000) 11/14 15:38:17 Image size of job updated: 1065700
	1013  -  MemoryUsage of job (MB)
	1037036  -  ResidentSetSize of job (KB)
...
005 (6327683.000.000) 11/14 15:39:05 Job terminated.
	(1) Normal termination (return value 0)
		Usr 0 02:40:15, Sys 0 00:02:34  -  Run Remote Usage
		Usr 0 00:00:00, Sys 0 00:00:00  -  Run Local Usage
		Usr 0 02:40:15, Sys 0 00:02:34  -  Total Remote Usage
		Usr 0 00:00:00, Sys 0 00:00:00  -  Total Local Usage
	0  -  Run Bytes Sent By Job
	0  -  Run Bytes Received By Job
	0  -  Total Bytes Sent By Job
	0  -  Total Bytes Received By Job
	Partitionable Resources :    Usage  Request Allocated
	   Cpus                 :                 1         1
	   Disk (KB)            :       10       10  65479402
	   Memory (MB)          :     1013        1      2008
...
