000 (6327748.000.000) 11/14 12:57:17 Job submitted from host: <130.199.153.67:9618?addrs=130.199.153.67-9618&noUDP&sock=7357_7f42_4>
...
001 (6327748.000.000) 11/14 12:58:03 Job executing on host: <130.199.152.69:9618?addrs=130.199.152.69-9618&noUDP&sock=22512_dd00_3>
...
006 (6327748.000.000) 11/14 12:58:12 Image size of job updated: 980732
	958  -  MemoryUsage of job (MB)
	980548  -  ResidentSetSize of job (KB)
...
006 (6327748.000.000) 11/14 13:03:13 Image size of job updated: 1035000
	1011  -  MemoryUsage of job (MB)
	1034816  -  ResidentSetSize of job (KB)
...
006 (6327748.000.000) 11/14 13:08:13 Image size of job updated: 1036788
	1013  -  MemoryUsage of job (MB)
	1036604  -  ResidentSetSize of job (KB)
...
006 (6327748.000.000) 11/14 13:13:13 Image size of job updated: 1037368
	1013  -  MemoryUsage of job (MB)
	1037184  -  ResidentSetSize of job (KB)
...
006 (6327748.000.000) 11/14 13:18:14 Image size of job updated: 1038156
	1014  -  MemoryUsage of job (MB)
	1037972  -  ResidentSetSize of job (KB)
...
006 (6327748.000.000) 11/14 13:23:15 Image size of job updated: 1038228
	1014  -  MemoryUsage of job (MB)
	1038044  -  ResidentSetSize of job (KB)
...
006 (6327748.000.000) 11/14 13:28:15 Image size of job updated: 1089884
	1065  -  MemoryUsage of job (MB)
	1089700  -  ResidentSetSize of job (KB)
...
006 (6327748.000.000) 11/14 13:33:15 Image size of job updated: 1091556
	1066  -  MemoryUsage of job (MB)
	1091372  -  ResidentSetSize of job (KB)
...
006 (6327748.000.000) 11/14 13:38:16 Image size of job updated: 1091596
	1066  -  MemoryUsage of job (MB)
	1091412  -  ResidentSetSize of job (KB)
...
006 (6327748.000.000) 11/14 13:43:16 Image size of job updated: 1091612
	1066  -  MemoryUsage of job (MB)
	1091428  -  ResidentSetSize of job (KB)
...
006 (6327748.000.000) 11/14 13:48:16 Image size of job updated: 1113172
	1087  -  MemoryUsage of job (MB)
	1112988  -  ResidentSetSize of job (KB)
...
006 (6327748.000.000) 11/14 13:53:17 Image size of job updated: 1124076
	1098  -  MemoryUsage of job (MB)
	1123892  -  ResidentSetSize of job (KB)
...
006 (6327748.000.000) 11/14 13:58:18 Image size of job updated: 1160848
	1134  -  MemoryUsage of job (MB)
	1160664  -  ResidentSetSize of job (KB)
...
006 (6327748.000.000) 11/14 14:08:18 Image size of job updated: 1160856
	1134  -  MemoryUsage of job (MB)
	1160672  -  ResidentSetSize of job (KB)
...
006 (6327748.000.000) 11/14 14:13:19 Image size of job updated: 1160860
	1134  -  MemoryUsage of job (MB)
	1160676  -  ResidentSetSize of job (KB)
...
005 (6327748.000.000) 11/14 14:20:55 Job terminated.
	(1) Normal termination (return value 0)
		Usr 0 01:21:57, Sys 0 00:00:56  -  Run Remote Usage
		Usr 0 00:00:00, Sys 0 00:00:00  -  Run Local Usage
		Usr 0 01:21:57, Sys 0 00:00:56  -  Total Remote Usage
		Usr 0 00:00:00, Sys 0 00:00:00  -  Total Local Usage
	0  -  Run Bytes Sent By Job
	0  -  Run Bytes Received By Job
	0  -  Total Bytes Sent By Job
	0  -  Total Bytes Received By Job
	Partitionable Resources :    Usage  Request Allocated
	   Cpus                 :                 1         1
	   Disk (KB)            :       10       10  56895444
	   Memory (MB)          :     1134        1      2005
...
