000 (6327706.000.000) 11/14 12:57:17 Job submitted from host: <130.199.153.67:9618?addrs=130.199.153.67-9618&noUDP&sock=7357_7f42_4>
...
001 (6327706.000.000) 11/14 12:57:55 Job executing on host: <130.199.201.39:9618?addrs=130.199.201.39-9618&noUDP&sock=22493_d99b_3>
...
006 (6327706.000.000) 11/14 12:58:04 Image size of job updated: 917896
	871  -  MemoryUsage of job (MB)
	891420  -  ResidentSetSize of job (KB)
...
006 (6327706.000.000) 11/14 13:03:05 Image size of job updated: 995372
	947  -  MemoryUsage of job (MB)
	968816  -  ResidentSetSize of job (KB)
...
006 (6327706.000.000) 11/14 13:08:05 Image size of job updated: 1049320
	999  -  MemoryUsage of job (MB)
	1022764  -  ResidentSetSize of job (KB)
...
006 (6327706.000.000) 11/14 13:13:05 Image size of job updated: 1049712
	1000  -  MemoryUsage of job (MB)
	1023156  -  ResidentSetSize of job (KB)
...
006 (6327706.000.000) 11/14 13:18:06 Image size of job updated: 1049736
	1000  -  MemoryUsage of job (MB)
	1023180  -  ResidentSetSize of job (KB)
...
006 (6327706.000.000) 11/14 13:23:07 Image size of job updated: 1053964
	1004  -  MemoryUsage of job (MB)
	1027408  -  ResidentSetSize of job (KB)
...
006 (6327706.000.000) 11/14 13:28:07 Image size of job updated: 1054080
	1004  -  MemoryUsage of job (MB)
	1027524  -  ResidentSetSize of job (KB)
...
006 (6327706.000.000) 11/14 13:33:07 Image size of job updated: 1054096
	1004  -  MemoryUsage of job (MB)
	1027540  -  ResidentSetSize of job (KB)
...
