000 (6327844.000.000) 11/14 12:57:22 Job submitted from host: <130.199.153.67:9618?addrs=130.199.153.67-9618&noUDP&sock=7357_7f42_4>
...
001 (6327844.000.000) 11/14 12:58:19 Job executing on host: <130.199.152.18:9618?addrs=130.199.152.18-9618&noUDP&sock=12704_c14f_3>
...
006 (6327844.000.000) 11/14 12:58:28 Image size of job updated: 50668
	25  -  MemoryUsage of job (MB)
	24684  -  ResidentSetSize of job (KB)
...
006 (6327844.000.000) 11/14 12:58:37 Image size of job updated: 50668
	25  -  MemoryUsage of job (MB)
	24704  -  ResidentSetSize of job (KB)
...
005 (6327844.000.000) 11/14 12:58:37 Job terminated.
	(1) Normal termination (return value 0)
		Usr 0 00:00:03, Sys 0 00:00:03  -  Run Remote Usage
		Usr 0 00:00:00, Sys 0 00:00:00  -  Run Local Usage
		Usr 0 00:00:03, Sys 0 00:00:03  -  Total Remote Usage
		Usr 0 00:00:00, Sys 0 00:00:00  -  Total Local Usage
	0  -  Run Bytes Sent By Job
	0  -  Run Bytes Received By Job
	0  -  Total Bytes Sent By Job
	0  -  Total Bytes Received By Job
	Partitionable Resources :    Usage  Request Allocated
	   Cpus                 :                 1         1
	   Disk (KB)            :       10       10  32976422
	   Memory (MB)          :       25        1      2005
...
