000 (6327729.000.000) 11/14 12:57:17 Job submitted from host: <130.199.153.67:9618?addrs=130.199.153.67-9618&noUDP&sock=7357_7f42_4>
...
001 (6327729.000.000) 11/14 12:58:01 Job executing on host: <130.199.150.186:9618?addrs=130.199.150.186-9618&noUDP&sock=22010_fc93_3>
...
006 (6327729.000.000) 11/14 12:58:09 Image size of job updated: 971548
	923  -  MemoryUsage of job (MB)
	945036  -  ResidentSetSize of job (KB)
...
006 (6327729.000.000) 11/14 13:03:09 Image size of job updated: 994296
	946  -  MemoryUsage of job (MB)
	967740  -  ResidentSetSize of job (KB)
...
006 (6327729.000.000) 11/14 13:08:09 Image size of job updated: 1047724
	998  -  MemoryUsage of job (MB)
	1021168  -  ResidentSetSize of job (KB)
...
006 (6327729.000.000) 11/14 13:13:10 Image size of job updated: 1047864
	998  -  MemoryUsage of job (MB)
	1021308  -  ResidentSetSize of job (KB)
...
006 (6327729.000.000) 11/14 13:18:11 Image size of job updated: 1047932
	998  -  MemoryUsage of job (MB)
	1021376  -  ResidentSetSize of job (KB)
...
006 (6327729.000.000) 11/14 13:23:11 Image size of job updated: 1048588
	999  -  MemoryUsage of job (MB)
	1022032  -  ResidentSetSize of job (KB)
...
006 (6327729.000.000) 11/14 13:28:11 Image size of job updated: 1048604
	999  -  MemoryUsage of job (MB)
	1022032  -  ResidentSetSize of job (KB)
...
006 (6327729.000.000) 11/14 13:33:12 Image size of job updated: 1048648
	999  -  MemoryUsage of job (MB)
	1022032  -  ResidentSetSize of job (KB)
...
006 (6327729.000.000) 11/14 13:38:12 Image size of job updated: 1048696
	999  -  MemoryUsage of job (MB)
	1022032  -  ResidentSetSize of job (KB)
...
006 (6327729.000.000) 11/14 13:43:12 Image size of job updated: 1048744
	999  -  MemoryUsage of job (MB)
	1022032  -  ResidentSetSize of job (KB)
...
006 (6327729.000.000) 11/14 13:48:13 Image size of job updated: 1048776
	999  -  MemoryUsage of job (MB)
	1022032  -  ResidentSetSize of job (KB)
...
006 (6327729.000.000) 11/14 13:53:14 Image size of job updated: 1049208
	999  -  MemoryUsage of job (MB)
	1022032  -  ResidentSetSize of job (KB)
...
006 (6327729.000.000) 11/14 13:58:14 Image size of job updated: 1049220
	999  -  MemoryUsage of job (MB)
	1022032  -  ResidentSetSize of job (KB)
...
006 (6327729.000.000) 11/14 14:03:15 Image size of job updated: 1049248
	999  -  MemoryUsage of job (MB)
	1022032  -  ResidentSetSize of job (KB)
...
006 (6327729.000.000) 11/14 14:08:16 Image size of job updated: 1049284
	999  -  MemoryUsage of job (MB)
	1022032  -  ResidentSetSize of job (KB)
...
006 (6327729.000.000) 11/14 14:13:16 Image size of job updated: 1049388
	999  -  MemoryUsage of job (MB)
	1022032  -  ResidentSetSize of job (KB)
...
006 (6327729.000.000) 11/14 14:18:17 Image size of job updated: 1049436
	999  -  MemoryUsage of job (MB)
	1022032  -  ResidentSetSize of job (KB)
...
006 (6327729.000.000) 11/14 14:23:18 Image size of job updated: 1049976
	999  -  MemoryUsage of job (MB)
	1022032  -  ResidentSetSize of job (KB)
...
006 (6327729.000.000) 11/14 14:28:18 Image size of job updated: 1050016
	999  -  MemoryUsage of job (MB)
	1022032  -  ResidentSetSize of job (KB)
...
006 (6327729.000.000) 11/14 14:33:18 Image size of job updated: 1050048
	999  -  MemoryUsage of job (MB)
	1022032  -  ResidentSetSize of job (KB)
...
006 (6327729.000.000) 11/14 14:38:19 Image size of job updated: 1050080
	999  -  MemoryUsage of job (MB)
	1022032  -  ResidentSetSize of job (KB)
...
006 (6327729.000.000) 11/14 14:43:20 Image size of job updated: 1050108
	999  -  MemoryUsage of job (MB)
	1022032  -  ResidentSetSize of job (KB)
...
006 (6327729.000.000) 11/14 14:48:20 Image size of job updated: 1050136
	999  -  MemoryUsage of job (MB)
	1022032  -  ResidentSetSize of job (KB)
...
006 (6327729.000.000) 11/14 14:53:20 Image size of job updated: 1050172
	999  -  MemoryUsage of job (MB)
	1022032  -  ResidentSetSize of job (KB)
...
006 (6327729.000.000) 11/14 14:58:21 Image size of job updated: 1050196
	999  -  MemoryUsage of job (MB)
	1022052  -  ResidentSetSize of job (KB)
...
006 (6327729.000.000) 11/14 15:03:21 Image size of job updated: 1050236
	999  -  MemoryUsage of job (MB)
	1022096  -  ResidentSetSize of job (KB)
...
006 (6327729.000.000) 11/14 15:08:21 Image size of job updated: 1050284
	999  -  MemoryUsage of job (MB)
	1022144  -  ResidentSetSize of job (KB)
...
006 (6327729.000.000) 11/14 15:13:22 Image size of job updated: 1050308
	999  -  MemoryUsage of job (MB)
	1022168  -  ResidentSetSize of job (KB)
...
006 (6327729.000.000) 11/14 15:18:23 Image size of job updated: 1050340
	999  -  MemoryUsage of job (MB)
	1022168  -  ResidentSetSize of job (KB)
...
006 (6327729.000.000) 11/14 15:23:23 Image size of job updated: 1050376
	999  -  MemoryUsage of job (MB)
	1022168  -  ResidentSetSize of job (KB)
...
006 (6327729.000.000) 11/14 15:28:24 Image size of job updated: 1050404
	999  -  MemoryUsage of job (MB)
	1022168  -  ResidentSetSize of job (KB)
...
006 (6327729.000.000) 11/14 15:33:25 Image size of job updated: 1050432
	999  -  MemoryUsage of job (MB)
	1022168  -  ResidentSetSize of job (KB)
...
006 (6327729.000.000) 11/14 15:38:25 Image size of job updated: 1050952
	999  -  MemoryUsage of job (MB)
	1022384  -  ResidentSetSize of job (KB)
...
006 (6327729.000.000) 11/14 15:43:25 Image size of job updated: 1051584
	1000  -  MemoryUsage of job (MB)
	1023012  -  ResidentSetSize of job (KB)
...
006 (6327729.000.000) 11/14 15:58:26 Image size of job updated: 1051816
	1000  -  MemoryUsage of job (MB)
	1023288  -  ResidentSetSize of job (KB)
...
006 (6327729.000.000) 11/14 16:13:27 Image size of job updated: 1051820
	1000  -  MemoryUsage of job (MB)
	1023288  -  ResidentSetSize of job (KB)
...
006 (6327729.000.000) 11/14 16:18:29 Image size of job updated: 1051860
	1000  -  MemoryUsage of job (MB)
	1023324  -  ResidentSetSize of job (KB)
...
006 (6327729.000.000) 11/14 16:23:29 Image size of job updated: 1051864
	1000  -  MemoryUsage of job (MB)
	1023328  -  ResidentSetSize of job (KB)
...
006 (6327729.000.000) 11/14 16:28:29 Image size of job updated: 1051868
	1000  -  MemoryUsage of job (MB)
	1023332  -  ResidentSetSize of job (KB)
...
006 (6327729.000.000) 11/14 16:33:30 Image size of job updated: 1051876
	1000  -  MemoryUsage of job (MB)
	1023340  -  ResidentSetSize of job (KB)
...
006 (6327729.000.000) 11/14 16:38:31 Image size of job updated: 1051880
	1000  -  MemoryUsage of job (MB)
	1023344  -  ResidentSetSize of job (KB)
...
006 (6327729.000.000) 11/14 16:58:32 Image size of job updated: 1051880
	1000  -  MemoryUsage of job (MB)
	1023348  -  ResidentSetSize of job (KB)
...
006 (6327729.000.000) 11/14 17:03:32 Image size of job updated: 1051880
	1000  -  MemoryUsage of job (MB)
	1023368  -  ResidentSetSize of job (KB)
...
006 (6327729.000.000) 11/14 17:38:36 Image size of job updated: 1051880
	1000  -  MemoryUsage of job (MB)
	1023380  -  ResidentSetSize of job (KB)
...
006 (6327729.000.000) 11/14 17:48:38 Image size of job updated: 1051880
	1000  -  MemoryUsage of job (MB)
	1023388  -  ResidentSetSize of job (KB)
...
006 (6327729.000.000) 11/14 17:53:38 Image size of job updated: 1051880
	1000  -  MemoryUsage of job (MB)
	1023396  -  ResidentSetSize of job (KB)
...
006 (6327729.000.000) 11/14 17:58:38 Image size of job updated: 1051880
	1000  -  MemoryUsage of job (MB)
	1023404  -  ResidentSetSize of job (KB)
...
006 (6327729.000.000) 11/14 18:08:39 Image size of job updated: 1051880
	1000  -  MemoryUsage of job (MB)
	1023424  -  ResidentSetSize of job (KB)
...
006 (6327729.000.000) 11/14 18:13:39 Image size of job updated: 1054316
	1006  -  MemoryUsage of job (MB)
	1030056  -  ResidentSetSize of job (KB)
...
006 (6327729.000.000) 11/14 18:18:40 Image size of job updated: 1054320
	1006  -  MemoryUsage of job (MB)
	1030060  -  ResidentSetSize of job (KB)
...
006 (6327729.000.000) 11/14 18:38:43 Image size of job updated: 1059192
	1011  -  MemoryUsage of job (MB)
	1034932  -  ResidentSetSize of job (KB)
...
006 (6327729.000.000) 11/14 18:43:43 Image size of job updated: 1090896
	1042  -  MemoryUsage of job (MB)
	1066636  -  ResidentSetSize of job (KB)
...
005 (6327729.000.000) 11/14 21:51:23 Job terminated.
	(1) Normal termination (return value 0)
		Usr 0 08:52:14, Sys 0 00:08:45  -  Run Remote Usage
		Usr 0 00:00:00, Sys 0 00:00:00  -  Run Local Usage
		Usr 0 08:52:14, Sys 0 00:08:45  -  Total Remote Usage
		Usr 0 00:00:00, Sys 0 00:00:00  -  Total Local Usage
	0  -  Run Bytes Sent By Job
	0  -  Run Bytes Received By Job
	0  -  Total Bytes Sent By Job
	0  -  Total Bytes Received By Job
	Partitionable Resources :    Usage  Request Allocated
	   Cpus                 :                 1         1
	   Disk (KB)            :       10       10  41489548
	   Memory (MB)          :     1042        1      2007
...
