000 (6327697.000.000) 11/14 12:57:17 Job submitted from host: <130.199.153.67:9618?addrs=130.199.153.67-9618&noUDP&sock=7357_7f42_4>
...
001 (6327697.000.000) 11/14 12:57:54 Job executing on host: <130.199.150.152:9618?addrs=130.199.150.152-9618&noUDP&sock=9858_0833_3>
...
006 (6327697.000.000) 11/14 12:58:02 Image size of job updated: 987800
	952  -  MemoryUsage of job (MB)
	974216  -  ResidentSetSize of job (KB)
...
006 (6327697.000.000) 11/14 13:03:03 Image size of job updated: 1044084
	1007  -  MemoryUsage of job (MB)
	1030500  -  ResidentSetSize of job (KB)
...
006 (6327697.000.000) 11/14 13:08:04 Image size of job updated: 1045752
	1008  -  MemoryUsage of job (MB)
	1032168  -  ResidentSetSize of job (KB)
...
006 (6327697.000.000) 11/14 13:13:04 Image size of job updated: 1046752
	1009  -  MemoryUsage of job (MB)
	1033168  -  ResidentSetSize of job (KB)
...
006 (6327697.000.000) 11/14 13:18:04 Image size of job updated: 1047100
	1010  -  MemoryUsage of job (MB)
	1033516  -  ResidentSetSize of job (KB)
...
006 (6327697.000.000) 11/14 13:23:05 Image size of job updated: 1047768
	1010  -  MemoryUsage of job (MB)
	1034184  -  ResidentSetSize of job (KB)
...
006 (6327697.000.000) 11/14 13:28:06 Image size of job updated: 1047860
	1011  -  MemoryUsage of job (MB)
	1034276  -  ResidentSetSize of job (KB)
...
006 (6327697.000.000) 11/14 13:33:06 Image size of job updated: 1048008
	1011  -  MemoryUsage of job (MB)
	1034424  -  ResidentSetSize of job (KB)
...
