000 (6327703.000.000) 11/14 12:57:17 Job submitted from host: <130.199.153.67:9618?addrs=130.199.153.67-9618&noUDP&sock=7357_7f42_4>
...
001 (6327703.000.000) 11/14 12:57:55 Job executing on host: <130.199.202.4:9618?addrs=130.199.202.4-9618&noUDP&sock=37472_83b2_3>
...
006 (6327703.000.000) 11/14 12:58:04 Image size of job updated: 991664
	943  -  MemoryUsage of job (MB)
	965108  -  ResidentSetSize of job (KB)
...
006 (6327703.000.000) 11/14 13:03:05 Image size of job updated: 994356
	946  -  MemoryUsage of job (MB)
	967800  -  ResidentSetSize of job (KB)
...
006 (6327703.000.000) 11/14 13:08:06 Image size of job updated: 1044688
	995  -  MemoryUsage of job (MB)
	1018132  -  ResidentSetSize of job (KB)
...
006 (6327703.000.000) 11/14 13:13:06 Image size of job updated: 1044708
	995  -  MemoryUsage of job (MB)
	1018152  -  ResidentSetSize of job (KB)
...
006 (6327703.000.000) 11/14 13:18:06 Image size of job updated: 1045336
	995  -  MemoryUsage of job (MB)
	1018780  -  ResidentSetSize of job (KB)
...
006 (6327703.000.000) 11/14 13:23:07 Image size of job updated: 1045336
	995  -  MemoryUsage of job (MB)
	1018816  -  ResidentSetSize of job (KB)
...
006 (6327703.000.000) 11/14 13:28:07 Image size of job updated: 1046452
	998  -  MemoryUsage of job (MB)
	1021624  -  ResidentSetSize of job (KB)
...
006 (6327703.000.000) 11/14 13:33:07 Image size of job updated: 1046452
	998  -  MemoryUsage of job (MB)
	1021712  -  ResidentSetSize of job (KB)
...
006 (6327703.000.000) 11/14 13:38:08 Image size of job updated: 1046452
	998  -  MemoryUsage of job (MB)
	1021948  -  ResidentSetSize of job (KB)
...
006 (6327703.000.000) 11/14 13:43:09 Image size of job updated: 1046452
	999  -  MemoryUsage of job (MB)
	1021968  -  ResidentSetSize of job (KB)
...
006 (6327703.000.000) 11/14 13:48:09 Image size of job updated: 1046452
	999  -  MemoryUsage of job (MB)
	1021996  -  ResidentSetSize of job (KB)
...
006 (6327703.000.000) 11/14 13:53:10 Image size of job updated: 1046452
	999  -  MemoryUsage of job (MB)
	1022040  -  ResidentSetSize of job (KB)
...
006 (6327703.000.000) 11/14 13:58:11 Image size of job updated: 1046452
	999  -  MemoryUsage of job (MB)
	1022080  -  ResidentSetSize of job (KB)
...
006 (6327703.000.000) 11/14 14:03:11 Image size of job updated: 1046452
	999  -  MemoryUsage of job (MB)
	1022104  -  ResidentSetSize of job (KB)
...
006 (6327703.000.000) 11/14 14:08:11 Image size of job updated: 1046452
	999  -  MemoryUsage of job (MB)
	1022544  -  ResidentSetSize of job (KB)
...
006 (6327703.000.000) 11/14 14:13:12 Image size of job updated: 1046452
	1000  -  MemoryUsage of job (MB)
	1023036  -  ResidentSetSize of job (KB)
...
006 (6327703.000.000) 11/14 14:18:13 Image size of job updated: 1046452
	1000  -  MemoryUsage of job (MB)
	1023076  -  ResidentSetSize of job (KB)
...
006 (6327703.000.000) 11/14 14:23:13 Image size of job updated: 1046452
	1000  -  MemoryUsage of job (MB)
	1023116  -  ResidentSetSize of job (KB)
...
006 (6327703.000.000) 11/14 14:28:14 Image size of job updated: 1046452
	1000  -  MemoryUsage of job (MB)
	1023164  -  ResidentSetSize of job (KB)
...
006 (6327703.000.000) 11/14 14:33:15 Image size of job updated: 1046452
	1000  -  MemoryUsage of job (MB)
	1023180  -  ResidentSetSize of job (KB)
...
006 (6327703.000.000) 11/14 14:38:15 Image size of job updated: 1046452
	1000  -  MemoryUsage of job (MB)
	1023208  -  ResidentSetSize of job (KB)
...
006 (6327703.000.000) 11/14 14:43:15 Image size of job updated: 1046452
	1000  -  MemoryUsage of job (MB)
	1023256  -  ResidentSetSize of job (KB)
...
006 (6327703.000.000) 11/14 14:48:16 Image size of job updated: 1046452
	1000  -  MemoryUsage of job (MB)
	1023296  -  ResidentSetSize of job (KB)
...
006 (6327703.000.000) 11/14 14:53:17 Image size of job updated: 1046452
	1000  -  MemoryUsage of job (MB)
	1023344  -  ResidentSetSize of job (KB)
...
006 (6327703.000.000) 11/14 14:58:17 Image size of job updated: 1046452
	1000  -  MemoryUsage of job (MB)
	1023396  -  ResidentSetSize of job (KB)
...
006 (6327703.000.000) 11/14 15:03:18 Image size of job updated: 1046452
	1000  -  MemoryUsage of job (MB)
	1023432  -  ResidentSetSize of job (KB)
...
006 (6327703.000.000) 11/14 15:08:19 Image size of job updated: 1046452
	1000  -  MemoryUsage of job (MB)
	1023456  -  ResidentSetSize of job (KB)
...
006 (6327703.000.000) 11/14 15:13:19 Image size of job updated: 1046452
	1000  -  MemoryUsage of job (MB)
	1023488  -  ResidentSetSize of job (KB)
...
006 (6327703.000.000) 11/14 15:18:19 Image size of job updated: 1046452
	1000  -  MemoryUsage of job (MB)
	1023532  -  ResidentSetSize of job (KB)
...
006 (6327703.000.000) 11/14 15:23:20 Image size of job updated: 1046452
	1000  -  MemoryUsage of job (MB)
	1023944  -  ResidentSetSize of job (KB)
...
006 (6327703.000.000) 11/14 15:28:21 Image size of job updated: 1046452
	1001  -  MemoryUsage of job (MB)
	1024500  -  ResidentSetSize of job (KB)
...
006 (6327703.000.000) 11/14 15:33:21 Image size of job updated: 1046452
	1001  -  MemoryUsage of job (MB)
	1024508  -  ResidentSetSize of job (KB)
...
006 (6327703.000.000) 11/14 15:38:22 Image size of job updated: 1046452
	1001  -  MemoryUsage of job (MB)
	1024512  -  ResidentSetSize of job (KB)
...
006 (6327703.000.000) 11/14 15:48:23 Image size of job updated: 1046452
	1001  -  MemoryUsage of job (MB)
	1024516  -  ResidentSetSize of job (KB)
...
006 (6327703.000.000) 11/14 16:03:24 Image size of job updated: 1046452
	1001  -  MemoryUsage of job (MB)
	1024524  -  ResidentSetSize of job (KB)
...
006 (6327703.000.000) 11/14 16:08:24 Image size of job updated: 1046452
	1001  -  MemoryUsage of job (MB)
	1024532  -  ResidentSetSize of job (KB)
...
006 (6327703.000.000) 11/14 16:13:25 Image size of job updated: 1046452
	1001  -  MemoryUsage of job (MB)
	1024536  -  ResidentSetSize of job (KB)
...
006 (6327703.000.000) 11/14 16:18:26 Image size of job updated: 1046452
	1001  -  MemoryUsage of job (MB)
	1024544  -  ResidentSetSize of job (KB)
...
006 (6327703.000.000) 11/14 16:28:26 Image size of job updated: 1046452
	1001  -  MemoryUsage of job (MB)
	1024548  -  ResidentSetSize of job (KB)
...
006 (6327703.000.000) 11/14 16:33:27 Image size of job updated: 1046452
	1001  -  MemoryUsage of job (MB)
	1024552  -  ResidentSetSize of job (KB)
...
006 (6327703.000.000) 11/14 16:43:27 Image size of job updated: 1046452
	1001  -  MemoryUsage of job (MB)
	1024560  -  ResidentSetSize of job (KB)
...
006 (6327703.000.000) 11/14 16:48:28 Image size of job updated: 1046452
	1008  -  MemoryUsage of job (MB)
	1031252  -  ResidentSetSize of job (KB)
...
006 (6327703.000.000) 11/14 17:28:32 Image size of job updated: 1046452
	1008  -  MemoryUsage of job (MB)
	1031256  -  ResidentSetSize of job (KB)
...
006 (6327703.000.000) 11/14 17:33:32 Image size of job updated: 1085800
	1049  -  MemoryUsage of job (MB)
	1073168  -  ResidentSetSize of job (KB)
...
004 (6327703.000.000) 11/14 20:14:47 Job was evicted.
	(0) Job was not checkpointed.
		Usr 0 07:16:50, Sys 0 00:05:56  -  Run Remote Usage
		Usr 0 00:00:00, Sys 0 00:00:00  -  Run Local Usage
	0  -  Run Bytes Sent By Job
	0  -  Run Bytes Received By Job
	Partitionable Resources :    Usage  Request Allocated
	   Cpus                 :                 1         1
	   Disk (KB)            :       10       10  47541257
	   Memory (MB)          :     1049        1      2008
...
001 (6327703.000.000) 11/14 20:15:20 Job executing on host: <130.199.202.114:9618?addrs=130.199.202.114-9618&noUDP&sock=225847_d2e9_3>
...
005 (6327703.000.000) 11/15 03:27:36 Job terminated.
	(1) Normal termination (return value 0)
		Usr 0 07:10:05, Sys 0 00:09:45  -  Run Remote Usage
		Usr 0 00:00:00, Sys 0 00:00:00  -  Run Local Usage
		Usr 0 07:10:05, Sys 0 00:09:45  -  Total Remote Usage
		Usr 0 00:00:00, Sys 0 00:00:00  -  Total Local Usage
	0  -  Run Bytes Sent By Job
	0  -  Run Bytes Received By Job
	0  -  Total Bytes Sent By Job
	0  -  Total Bytes Received By Job
	Partitionable Resources :    Usage  Request Allocated
	   Cpus                 :                 1         1
	   Disk (KB)            :       10       10  66832019
	   Memory (MB)          :     1221     1221      2665
...
