000 (6327672.000.000) 11/14 12:57:17 Job submitted from host: <130.199.153.67:9618?addrs=130.199.153.67-9618&noUDP&sock=7357_7f42_4>
...
001 (6327672.000.000) 11/14 12:57:50 Job executing on host: <130.199.153.243:9618?addrs=130.199.153.243-9618&noUDP&sock=21984_c209_3>
...
006 (6327672.000.000) 11/14 12:57:59 Image size of job updated: 968612
	920  -  MemoryUsage of job (MB)
	942000  -  ResidentSetSize of job (KB)
...
006 (6327672.000.000) 11/14 13:03:00 Image size of job updated: 995704
	947  -  MemoryUsage of job (MB)
	969020  -  ResidentSetSize of job (KB)
...
006 (6327672.000.000) 11/14 13:08:00 Image size of job updated: 1047360
	997  -  MemoryUsage of job (MB)
	1020656  -  ResidentSetSize of job (KB)
...
006 (6327672.000.000) 11/14 13:13:00 Image size of job updated: 1047468
	997  -  MemoryUsage of job (MB)
	1020764  -  ResidentSetSize of job (KB)
...
006 (6327672.000.000) 11/14 13:18:01 Image size of job updated: 1048980
	997  -  MemoryUsage of job (MB)
	1020764  -  ResidentSetSize of job (KB)
...
006 (6327672.000.000) 11/14 13:23:01 Image size of job updated: 1051304
	997  -  MemoryUsage of job (MB)
	1020764  -  ResidentSetSize of job (KB)
...
006 (6327672.000.000) 11/14 13:28:01 Image size of job updated: 1051360
	997  -  MemoryUsage of job (MB)
	1020764  -  ResidentSetSize of job (KB)
...
006 (6327672.000.000) 11/14 13:33:02 Image size of job updated: 1059544
	997  -  MemoryUsage of job (MB)
	1020764  -  ResidentSetSize of job (KB)
...
006 (6327672.000.000) 11/14 13:38:03 Image size of job updated: 1059548
	997  -  MemoryUsage of job (MB)
	1020764  -  ResidentSetSize of job (KB)
...
006 (6327672.000.000) 11/14 14:58:11 Image size of job updated: 1063412
	997  -  MemoryUsage of job (MB)
	1020764  -  ResidentSetSize of job (KB)
...
006 (6327672.000.000) 11/14 15:03:11 Image size of job updated: 1068864
	997  -  MemoryUsage of job (MB)
	1020764  -  ResidentSetSize of job (KB)
...
006 (6327672.000.000) 11/14 15:18:13 Image size of job updated: 1068868
	997  -  MemoryUsage of job (MB)
	1020764  -  ResidentSetSize of job (KB)
...
006 (6327672.000.000) 11/14 15:23:13 Image size of job updated: 1068876
	997  -  MemoryUsage of job (MB)
	1020764  -  ResidentSetSize of job (KB)
...
006 (6327672.000.000) 11/14 15:33:15 Image size of job updated: 1069292
	997  -  MemoryUsage of job (MB)
	1020764  -  ResidentSetSize of job (KB)
...
006 (6327672.000.000) 11/14 16:08:19 Image size of job updated: 1069544
	997  -  MemoryUsage of job (MB)
	1020764  -  ResidentSetSize of job (KB)
...
006 (6327672.000.000) 11/14 16:18:20 Image size of job updated: 1071384
	997  -  MemoryUsage of job (MB)
	1020764  -  ResidentSetSize of job (KB)
...
006 (6327672.000.000) 11/14 16:23:20 Image size of job updated: 1082188
	997  -  MemoryUsage of job (MB)
	1020764  -  ResidentSetSize of job (KB)
...
006 (6327672.000.000) 11/14 17:23:27 Image size of job updated: 1087044
	1001  -  MemoryUsage of job (MB)
	1024980  -  ResidentSetSize of job (KB)
...
006 (6327672.000.000) 11/14 17:28:27 Image size of job updated: 1087288
	1001  -  MemoryUsage of job (MB)
	1025004  -  ResidentSetSize of job (KB)
...
006 (6327672.000.000) 11/14 17:33:27 Image size of job updated: 1087288
	1001  -  MemoryUsage of job (MB)
	1025024  -  ResidentSetSize of job (KB)
...
006 (6327672.000.000) 11/14 17:53:29 Image size of job updated: 1087288
	1002  -  MemoryUsage of job (MB)
	1025260  -  ResidentSetSize of job (KB)
...
006 (6327672.000.000) 11/14 18:08:31 Image size of job updated: 1088136
	1003  -  MemoryUsage of job (MB)
	1026832  -  ResidentSetSize of job (KB)
...
005 (6327672.000.000) 11/14 22:00:33 Job terminated.
	(1) Normal termination (return value 0)
		Usr 0 08:59:59, Sys 0 00:06:24  -  Run Remote Usage
		Usr 0 00:00:00, Sys 0 00:00:00  -  Run Local Usage
		Usr 0 08:59:59, Sys 0 00:06:24  -  Total Remote Usage
		Usr 0 00:00:00, Sys 0 00:00:00  -  Total Local Usage
	0  -  Run Bytes Sent By Job
	0  -  Run Bytes Received By Job
	0  -  Total Bytes Sent By Job
	0  -  Total Bytes Received By Job
	Partitionable Resources :    Usage  Request Allocated
	   Cpus                 :                 1         1
	   Disk (KB)            :       10       10  47328071
	   Memory (MB)          :     1003        1      2005
...
