000 (6327874.000.000) 11/14 12:57:26 Job submitted from host: <130.199.153.67:9618?addrs=130.199.153.67-9618&noUDP&sock=7357_7f42_4>
...
001 (6327874.000.000) 11/14 12:58:24 Job executing on host: <130.199.152.19:9618?addrs=130.199.152.19-9618&noUDP&sock=22617_182f_3>
...
006 (6327874.000.000) 11/14 12:58:32 Image size of job updated: 964660
	942  -  MemoryUsage of job (MB)
	964476  -  ResidentSetSize of job (KB)
...
006 (6327874.000.000) 11/14 13:03:32 Image size of job updated: 1013180
	990  -  MemoryUsage of job (MB)
	1012996  -  ResidentSetSize of job (KB)
...
006 (6327874.000.000) 11/14 13:08:34 Image size of job updated: 1016556
	993  -  MemoryUsage of job (MB)
	1016348  -  ResidentSetSize of job (KB)
...
005 (6327874.000.000) 11/14 13:12:35 Job terminated.
	(1) Normal termination (return value 0)
		Usr 0 00:13:53, Sys 0 00:00:10  -  Run Remote Usage
		Usr 0 00:00:00, Sys 0 00:00:00  -  Run Local Usage
		Usr 0 00:13:53, Sys 0 00:00:10  -  Total Remote Usage
		Usr 0 00:00:00, Sys 0 00:00:00  -  Total Local Usage
	0  -  Run Bytes Sent By Job
	0  -  Run Bytes Received By Job
	0  -  Total Bytes Sent By Job
	0  -  Total Bytes Received By Job
	Partitionable Resources :    Usage  Request Allocated
	   Cpus                 :                 1         1
	   Disk (KB)            :       10       10  32976552
	   Memory (MB)          :      993        1      2005
...
