000 (6327788.000.000) 11/14 12:57:22 Job submitted from host: <130.199.153.67:9618?addrs=130.199.153.67-9618&noUDP&sock=7357_7f42_4>
...
001 (6327788.000.000) 11/14 12:58:10 Job executing on host: <130.199.153.50:9618?addrs=130.199.153.50-9618&noUDP&sock=22125_61f7_3>
...
006 (6327788.000.000) 11/14 12:58:18 Image size of job updated: 967648
	945  -  MemoryUsage of job (MB)
	967464  -  ResidentSetSize of job (KB)
...
006 (6327788.000.000) 11/14 13:03:18 Image size of job updated: 1021884
	998  -  MemoryUsage of job (MB)
	1021700  -  ResidentSetSize of job (KB)
...
006 (6327788.000.000) 11/14 13:08:19 Image size of job updated: 1022672
	999  -  MemoryUsage of job (MB)
	1022488  -  ResidentSetSize of job (KB)
...
006 (6327788.000.000) 11/14 13:13:20 Image size of job updated: 1024164
	1000  -  MemoryUsage of job (MB)
	1023980  -  ResidentSetSize of job (KB)
...
006 (6327788.000.000) 11/14 13:18:20 Image size of job updated: 1050576
	1026  -  MemoryUsage of job (MB)
	1050392  -  ResidentSetSize of job (KB)
...
006 (6327788.000.000) 11/14 13:23:21 Image size of job updated: 1051432
	1027  -  MemoryUsage of job (MB)
	1051248  -  ResidentSetSize of job (KB)
...
006 (6327788.000.000) 11/14 13:28:22 Image size of job updated: 1073628
	1049  -  MemoryUsage of job (MB)
	1073444  -  ResidentSetSize of job (KB)
...
006 (6327788.000.000) 11/14 13:33:22 Image size of job updated: 1093436
	1068  -  MemoryUsage of job (MB)
	1093252  -  ResidentSetSize of job (KB)
...
006 (6327788.000.000) 11/14 13:38:22 Image size of job updated: 1095456
	1070  -  MemoryUsage of job (MB)
	1095272  -  ResidentSetSize of job (KB)
...
