000 (6327686.000.000) 11/14 12:57:17 Job submitted from host: <130.199.153.67:9618?addrs=130.199.153.67-9618&noUDP&sock=7357_7f42_4>
...
001 (6327686.000.000) 11/14 12:57:52 Job executing on host: <130.199.202.26:9618?addrs=130.199.202.26-9618&noUDP&sock=7210_f935_3>
...
006 (6327686.000.000) 11/14 12:58:01 Image size of job updated: 983280
	961  -  MemoryUsage of job (MB)
	983096  -  ResidentSetSize of job (KB)
...
006 (6327686.000.000) 11/14 13:03:02 Image size of job updated: 1053416
	1029  -  MemoryUsage of job (MB)
	1053232  -  ResidentSetSize of job (KB)
...
006 (6327686.000.000) 11/14 13:08:03 Image size of job updated: 1055304
	1031  -  MemoryUsage of job (MB)
	1055120  -  ResidentSetSize of job (KB)
...
006 (6327686.000.000) 11/14 13:13:03 Image size of job updated: 1056724
	1032  -  MemoryUsage of job (MB)
	1056540  -  ResidentSetSize of job (KB)
...
006 (6327686.000.000) 11/14 13:18:03 Image size of job updated: 1056788
	1032  -  MemoryUsage of job (MB)
	1056604  -  ResidentSetSize of job (KB)
...
006 (6327686.000.000) 11/14 13:23:04 Image size of job updated: 1056852
	1032  -  MemoryUsage of job (MB)
	1056604  -  ResidentSetSize of job (KB)
...
006 (6327686.000.000) 11/14 13:28:04 Image size of job updated: 1056924
	1032  -  MemoryUsage of job (MB)
	1056604  -  ResidentSetSize of job (KB)
...
006 (6327686.000.000) 11/14 13:33:04 Image size of job updated: 1057508
	1032  -  MemoryUsage of job (MB)
	1056604  -  ResidentSetSize of job (KB)
...
006 (6327686.000.000) 11/14 13:38:05 Image size of job updated: 1057556
	1032  -  MemoryUsage of job (MB)
	1056604  -  ResidentSetSize of job (KB)
...
006 (6327686.000.000) 11/14 13:43:06 Image size of job updated: 1057612
	1032  -  MemoryUsage of job (MB)
	1056604  -  ResidentSetSize of job (KB)
...
006 (6327686.000.000) 11/14 13:48:06 Image size of job updated: 1058032
	1032  -  MemoryUsage of job (MB)
	1056604  -  ResidentSetSize of job (KB)
...
006 (6327686.000.000) 11/14 13:53:06 Image size of job updated: 1058128
	1032  -  MemoryUsage of job (MB)
	1056604  -  ResidentSetSize of job (KB)
...
006 (6327686.000.000) 11/14 13:58:07 Image size of job updated: 1058160
	1032  -  MemoryUsage of job (MB)
	1056604  -  ResidentSetSize of job (KB)
...
006 (6327686.000.000) 11/14 14:03:07 Image size of job updated: 1058200
	1032  -  MemoryUsage of job (MB)
	1056604  -  ResidentSetSize of job (KB)
...
006 (6327686.000.000) 11/14 14:08:07 Image size of job updated: 1058228
	1032  -  MemoryUsage of job (MB)
	1056604  -  ResidentSetSize of job (KB)
...
006 (6327686.000.000) 11/14 14:13:08 Image size of job updated: 1058268
	1032  -  MemoryUsage of job (MB)
	1056604  -  ResidentSetSize of job (KB)
...
006 (6327686.000.000) 11/14 14:18:09 Image size of job updated: 1058304
	1032  -  MemoryUsage of job (MB)
	1056604  -  ResidentSetSize of job (KB)
...
006 (6327686.000.000) 11/14 14:23:09 Image size of job updated: 1058332
	1032  -  MemoryUsage of job (MB)
	1056604  -  ResidentSetSize of job (KB)
...
006 (6327686.000.000) 11/14 14:28:10 Image size of job updated: 1058376
	1032  -  MemoryUsage of job (MB)
	1056604  -  ResidentSetSize of job (KB)
...
006 (6327686.000.000) 11/14 14:33:11 Image size of job updated: 1058544
	1032  -  MemoryUsage of job (MB)
	1056604  -  ResidentSetSize of job (KB)
...
006 (6327686.000.000) 11/14 14:38:11 Image size of job updated: 1058612
	1032  -  MemoryUsage of job (MB)
	1056604  -  ResidentSetSize of job (KB)
...
006 (6327686.000.000) 11/14 14:43:11 Image size of job updated: 1058636
	1032  -  MemoryUsage of job (MB)
	1056604  -  ResidentSetSize of job (KB)
...
005 (6327686.000.000) 11/14 14:47:32 Job terminated.
	(1) Normal termination (return value 0)
		Usr 0 01:48:38, Sys 0 00:01:38  -  Run Remote Usage
		Usr 0 00:00:00, Sys 0 00:00:00  -  Run Local Usage
		Usr 0 01:48:38, Sys 0 00:01:38  -  Total Remote Usage
		Usr 0 00:00:00, Sys 0 00:00:00  -  Total Local Usage
	0  -  Run Bytes Sent By Job
	0  -  Run Bytes Received By Job
	0  -  Total Bytes Sent By Job
	0  -  Total Bytes Received By Job
	Partitionable Resources :    Usage  Request Allocated
	   Cpus                 :                 1         1
	   Disk (KB)            :       10       10  47541138
	   Memory (MB)          :     1032        1      2008
...
