000 (6327843.000.000) 11/14 12:57:22 Job submitted from host: <130.199.153.67:9618?addrs=130.199.153.67-9618&noUDP&sock=7357_7f42_4>
...
001 (6327843.000.000) 11/14 12:58:19 Job executing on host: <130.199.201.52:9618?addrs=130.199.201.52-9618&noUDP&sock=9828_8994_3>
...
006 (6327843.000.000) 11/14 12:58:28 Image size of job updated: 962916
	941  -  MemoryUsage of job (MB)
	962728  -  ResidentSetSize of job (KB)
...
006 (6327843.000.000) 11/14 13:03:29 Image size of job updated: 1010632
	986  -  MemoryUsage of job (MB)
	1009252  -  ResidentSetSize of job (KB)
...
006 (6327843.000.000) 11/14 13:08:30 Image size of job updated: 1013540
	986  -  MemoryUsage of job (MB)
	1009252  -  ResidentSetSize of job (KB)
...
006 (6327843.000.000) 11/14 13:13:30 Image size of job updated: 1013676
	986  -  MemoryUsage of job (MB)
	1009252  -  ResidentSetSize of job (KB)
...
006 (6327843.000.000) 11/14 13:18:30 Image size of job updated: 1013832
	986  -  MemoryUsage of job (MB)
	1009252  -  ResidentSetSize of job (KB)
...
006 (6327843.000.000) 11/14 13:23:31 Image size of job updated: 1015276
	986  -  MemoryUsage of job (MB)
	1009252  -  ResidentSetSize of job (KB)
...
006 (6327843.000.000) 11/14 13:28:32 Image size of job updated: 1015348
	986  -  MemoryUsage of job (MB)
	1009252  -  ResidentSetSize of job (KB)
...
006 (6327843.000.000) 11/14 13:33:32 Image size of job updated: 1015436
	986  -  MemoryUsage of job (MB)
	1009252  -  ResidentSetSize of job (KB)
...
006 (6327843.000.000) 11/14 13:38:32 Image size of job updated: 1015896
	986  -  MemoryUsage of job (MB)
	1009252  -  ResidentSetSize of job (KB)
...
006 (6327843.000.000) 11/14 13:43:33 Image size of job updated: 1015992
	986  -  MemoryUsage of job (MB)
	1009252  -  ResidentSetSize of job (KB)
...
006 (6327843.000.000) 11/14 13:48:34 Image size of job updated: 1016108
	986  -  MemoryUsage of job (MB)
	1009252  -  ResidentSetSize of job (KB)
...
006 (6327843.000.000) 11/14 13:53:34 Image size of job updated: 1016216
	986  -  MemoryUsage of job (MB)
	1009252  -  ResidentSetSize of job (KB)
...
006 (6327843.000.000) 11/14 13:56:08 Image size of job updated: 1033512
	986  -  MemoryUsage of job (MB)
	1009252  -  ResidentSetSize of job (KB)
...
005 (6327843.000.000) 11/14 13:56:08 Job terminated.
	(1) Normal termination (return value 0)
		Usr 0 00:57:10, Sys 0 00:00:41  -  Run Remote Usage
		Usr 0 00:00:00, Sys 0 00:00:00  -  Run Local Usage
		Usr 0 00:57:10, Sys 0 00:00:41  -  Total Remote Usage
		Usr 0 00:00:00, Sys 0 00:00:00  -  Total Local Usage
	0  -  Run Bytes Sent By Job
	0  -  Run Bytes Received By Job
	0  -  Total Bytes Sent By Job
	0  -  Total Bytes Received By Job
	Partitionable Resources :    Usage  Request Allocated
	   Cpus                 :                 1         1
	   Disk (KB)            :       10       10  47327863
	   Memory (MB)          :      986        1      2005
...
