000 (6327777.000.000) 11/14 12:57:22 Job submitted from host: <130.199.153.67:9618?addrs=130.199.153.67-9618&noUDP&sock=7357_7f42_4>
...
001 (6327777.000.000) 11/14 12:58:08 Job executing on host: <130.199.202.77:9618?addrs=130.199.202.77-9618&noUDP&sock=35752_27f9_3>
...
006 (6327777.000.000) 11/14 12:58:16 Image size of job updated: 968628
	945  -  MemoryUsage of job (MB)
	967516  -  ResidentSetSize of job (KB)
...
006 (6327777.000.000) 11/14 13:03:16 Image size of job updated: 1049516
	1024  -  MemoryUsage of job (MB)
	1048356  -  ResidentSetSize of job (KB)
...
006 (6327777.000.000) 11/14 13:08:17 Image size of job updated: 1050384
	1025  -  MemoryUsage of job (MB)
	1049224  -  ResidentSetSize of job (KB)
...
006 (6327777.000.000) 11/14 13:13:18 Image size of job updated: 1051528
	1026  -  MemoryUsage of job (MB)
	1050368  -  ResidentSetSize of job (KB)
...
006 (6327777.000.000) 11/14 13:18:18 Image size of job updated: 1052216
	1027  -  MemoryUsage of job (MB)
	1051056  -  ResidentSetSize of job (KB)
...
006 (6327777.000.000) 11/14 13:23:19 Image size of job updated: 1052312
	1027  -  MemoryUsage of job (MB)
	1051152  -  ResidentSetSize of job (KB)
...
006 (6327777.000.000) 11/14 13:28:20 Image size of job updated: 1052412
	1027  -  MemoryUsage of job (MB)
	1051272  -  ResidentSetSize of job (KB)
...
006 (6327777.000.000) 11/14 13:33:20 Image size of job updated: 1052412
	1027  -  MemoryUsage of job (MB)
	1051328  -  ResidentSetSize of job (KB)
...
006 (6327777.000.000) 11/14 13:38:20 Image size of job updated: 1052668
	1028  -  MemoryUsage of job (MB)
	1051792  -  ResidentSetSize of job (KB)
...
006 (6327777.000.000) 11/14 13:43:21 Image size of job updated: 1052684
	1028  -  MemoryUsage of job (MB)
	1051844  -  ResidentSetSize of job (KB)
...
006 (6327777.000.000) 11/14 13:48:22 Image size of job updated: 1053064
	1028  -  MemoryUsage of job (MB)
	1052284  -  ResidentSetSize of job (KB)
...
005 (6327777.000.000) 11/14 13:48:43 Job terminated.
	(1) Normal termination (return value 0)
		Usr 0 00:48:52, Sys 0 00:00:53  -  Run Remote Usage
		Usr 0 00:00:00, Sys 0 00:00:00  -  Run Local Usage
		Usr 0 00:48:52, Sys 0 00:00:53  -  Total Remote Usage
		Usr 0 00:00:00, Sys 0 00:00:00  -  Total Local Usage
	0  -  Run Bytes Sent By Job
	0  -  Run Bytes Received By Job
	0  -  Total Bytes Sent By Job
	0  -  Total Bytes Received By Job
	Partitionable Resources :    Usage  Request Allocated
	   Cpus                 :                 1         1
	   Disk (KB)            :       10       10  65479118
	   Memory (MB)          :     1028        1      2008
...
