000 (6327713.000.000) 11/14 12:57:17 Job submitted from host: <130.199.153.67:9618?addrs=130.199.153.67-9618&noUDP&sock=7357_7f42_4>
...
001 (6327713.000.000) 11/14 12:57:58 Job executing on host: <130.199.202.32:9618?addrs=130.199.202.32-9618&noUDP&sock=41397_ba36_3>
...
006 (6327713.000.000) 11/14 12:58:06 Image size of job updated: 7088
	7  -  MemoryUsage of job (MB)
	6804  -  ResidentSetSize of job (KB)
...
006 (6327713.000.000) 11/14 13:03:06 Image size of job updated: 975484
	946  -  MemoryUsage of job (MB)
	967704  -  ResidentSetSize of job (KB)
...
006 (6327713.000.000) 11/14 13:08:07 Image size of job updated: 1029612
	998  -  MemoryUsage of job (MB)
	1021832  -  ResidentSetSize of job (KB)
...
006 (6327713.000.000) 11/14 13:13:08 Image size of job updated: 1029632
	998  -  MemoryUsage of job (MB)
	1021852  -  ResidentSetSize of job (KB)
...
006 (6327713.000.000) 11/14 13:18:08 Image size of job updated: 1032376
	1001  -  MemoryUsage of job (MB)
	1024596  -  ResidentSetSize of job (KB)
...
006 (6327713.000.000) 11/14 13:23:09 Image size of job updated: 1032936
	1002  -  MemoryUsage of job (MB)
	1025156  -  ResidentSetSize of job (KB)
...
006 (6327713.000.000) 11/14 13:28:10 Image size of job updated: 1032956
	1002  -  MemoryUsage of job (MB)
	1025176  -  ResidentSetSize of job (KB)
...
006 (6327713.000.000) 11/14 13:33:10 Image size of job updated: 1032968
	1002  -  MemoryUsage of job (MB)
	1025188  -  ResidentSetSize of job (KB)
...
006 (6327713.000.000) 11/14 13:38:10 Image size of job updated: 1033036
	1002  -  MemoryUsage of job (MB)
	1025256  -  ResidentSetSize of job (KB)
...
006 (6327713.000.000) 11/14 13:43:12 Image size of job updated: 1033068
	1002  -  MemoryUsage of job (MB)
	1025288  -  ResidentSetSize of job (KB)
...
006 (6327713.000.000) 11/14 13:48:12 Image size of job updated: 1033092
	1002  -  MemoryUsage of job (MB)
	1025312  -  ResidentSetSize of job (KB)
...
006 (6327713.000.000) 11/14 13:53:12 Image size of job updated: 1033176
	1002  -  MemoryUsage of job (MB)
	1025396  -  ResidentSetSize of job (KB)
...
006 (6327713.000.000) 11/14 13:58:12 Image size of job updated: 1033216
	1002  -  MemoryUsage of job (MB)
	1025436  -  ResidentSetSize of job (KB)
...
006 (6327713.000.000) 11/14 14:03:13 Image size of job updated: 1033236
	1002  -  MemoryUsage of job (MB)
	1025436  -  ResidentSetSize of job (KB)
...
006 (6327713.000.000) 11/14 14:08:13 Image size of job updated: 1033260
	1002  -  MemoryUsage of job (MB)
	1025436  -  ResidentSetSize of job (KB)
...
006 (6327713.000.000) 11/14 14:13:13 Image size of job updated: 1033272
	1002  -  MemoryUsage of job (MB)
	1025436  -  ResidentSetSize of job (KB)
...
006 (6327713.000.000) 11/14 14:18:14 Image size of job updated: 1033308
	1002  -  MemoryUsage of job (MB)
	1025436  -  ResidentSetSize of job (KB)
...
006 (6327713.000.000) 11/14 14:23:15 Image size of job updated: 1033328
	1002  -  MemoryUsage of job (MB)
	1025436  -  ResidentSetSize of job (KB)
...
006 (6327713.000.000) 11/14 14:28:15 Image size of job updated: 1033380
	1002  -  MemoryUsage of job (MB)
	1025436  -  ResidentSetSize of job (KB)
...
006 (6327713.000.000) 11/14 14:33:15 Image size of job updated: 1033396
	1002  -  MemoryUsage of job (MB)
	1025436  -  ResidentSetSize of job (KB)
...
006 (6327713.000.000) 11/14 14:38:16 Image size of job updated: 1033420
	1002  -  MemoryUsage of job (MB)
	1025436  -  ResidentSetSize of job (KB)
...
006 (6327713.000.000) 11/14 14:43:16 Image size of job updated: 1033548
	1002  -  MemoryUsage of job (MB)
	1025436  -  ResidentSetSize of job (KB)
...
006 (6327713.000.000) 11/14 14:48:16 Image size of job updated: 1034028
	1002  -  MemoryUsage of job (MB)
	1025436  -  ResidentSetSize of job (KB)
...
006 (6327713.000.000) 11/14 14:53:17 Image size of job updated: 1034064
	1002  -  MemoryUsage of job (MB)
	1025436  -  ResidentSetSize of job (KB)
...
006 (6327713.000.000) 11/14 14:58:18 Image size of job updated: 1034100
	1002  -  MemoryUsage of job (MB)
	1025436  -  ResidentSetSize of job (KB)
...
006 (6327713.000.000) 11/14 15:03:18 Image size of job updated: 1034120
	1002  -  MemoryUsage of job (MB)
	1025436  -  ResidentSetSize of job (KB)
...
006 (6327713.000.000) 11/14 15:08:18 Image size of job updated: 1034144
	1002  -  MemoryUsage of job (MB)
	1025436  -  ResidentSetSize of job (KB)
...
006 (6327713.000.000) 11/14 15:13:19 Image size of job updated: 1034172
	1002  -  MemoryUsage of job (MB)
	1025436  -  ResidentSetSize of job (KB)
...
006 (6327713.000.000) 11/14 15:18:19 Image size of job updated: 1034200
	1002  -  MemoryUsage of job (MB)
	1025436  -  ResidentSetSize of job (KB)
...
006 (6327713.000.000) 11/14 15:23:19 Image size of job updated: 1034232
	1002  -  MemoryUsage of job (MB)
	1025436  -  ResidentSetSize of job (KB)
...
006 (6327713.000.000) 11/14 15:28:20 Image size of job updated: 1034280
	1002  -  MemoryUsage of job (MB)
	1025436  -  ResidentSetSize of job (KB)
...
006 (6327713.000.000) 11/14 15:33:21 Image size of job updated: 1034316
	1002  -  MemoryUsage of job (MB)
	1025436  -  ResidentSetSize of job (KB)
...
006 (6327713.000.000) 11/14 15:38:21 Image size of job updated: 1034356
	1002  -  MemoryUsage of job (MB)
	1025436  -  ResidentSetSize of job (KB)
...
006 (6327713.000.000) 11/14 15:43:21 Image size of job updated: 1034384
	1002  -  MemoryUsage of job (MB)
	1025436  -  ResidentSetSize of job (KB)
...
006 (6327713.000.000) 11/14 15:48:22 Image size of job updated: 1034416
	1002  -  MemoryUsage of job (MB)
	1025436  -  ResidentSetSize of job (KB)
...
006 (6327713.000.000) 11/14 15:53:22 Image size of job updated: 1034440
	1002  -  MemoryUsage of job (MB)
	1025436  -  ResidentSetSize of job (KB)
...
006 (6327713.000.000) 11/14 15:58:22 Image size of job updated: 1034484
	1002  -  MemoryUsage of job (MB)
	1025436  -  ResidentSetSize of job (KB)
...
006 (6327713.000.000) 11/14 16:03:23 Image size of job updated: 1034888
	1002  -  MemoryUsage of job (MB)
	1025436  -  ResidentSetSize of job (KB)
...
006 (6327713.000.000) 11/14 16:08:24 Image size of job updated: 1034952
	1002  -  MemoryUsage of job (MB)
	1025436  -  ResidentSetSize of job (KB)
...
006 (6327713.000.000) 11/14 16:13:24 Image size of job updated: 1035560
	1002  -  MemoryUsage of job (MB)
	1025436  -  ResidentSetSize of job (KB)
...
006 (6327713.000.000) 11/14 16:18:25 Image size of job updated: 1035572
	1002  -  MemoryUsage of job (MB)
	1025436  -  ResidentSetSize of job (KB)
...
006 (6327713.000.000) 11/14 16:23:26 Image size of job updated: 1035580
	1002  -  MemoryUsage of job (MB)
	1025436  -  ResidentSetSize of job (KB)
...
006 (6327713.000.000) 11/14 16:28:26 Image size of job updated: 1035584
	1002  -  MemoryUsage of job (MB)
	1025436  -  ResidentSetSize of job (KB)
...
006 (6327713.000.000) 11/14 16:33:26 Image size of job updated: 1035592
	1002  -  MemoryUsage of job (MB)
	1025436  -  ResidentSetSize of job (KB)
...
006 (6327713.000.000) 11/14 16:38:27 Image size of job updated: 1035700
	1002  -  MemoryUsage of job (MB)
	1025436  -  ResidentSetSize of job (KB)
...
006 (6327713.000.000) 11/14 16:43:28 Image size of job updated: 1042684
	1008  -  MemoryUsage of job (MB)
	1031956  -  ResidentSetSize of job (KB)
...
006 (6327713.000.000) 11/14 17:03:29 Image size of job updated: 1077304
	1042  -  MemoryUsage of job (MB)
	1066576  -  ResidentSetSize of job (KB)
...
006 (6327713.000.000) 11/14 17:13:30 Image size of job updated: 1077308
	1042  -  MemoryUsage of job (MB)
	1066580  -  ResidentSetSize of job (KB)
...
006 (6327713.000.000) 11/14 17:58:34 Image size of job updated: 1077564
	1042  -  MemoryUsage of job (MB)
	1066836  -  ResidentSetSize of job (KB)
...
005 (6327713.000.000) 11/15 01:20:02 Job terminated.
	(1) Normal termination (return value 0)
		Usr 0 12:22:01, Sys 0 00:10:11  -  Run Remote Usage
		Usr 0 00:00:00, Sys 0 00:00:00  -  Run Local Usage
		Usr 0 12:22:01, Sys 0 00:10:11  -  Total Remote Usage
		Usr 0 00:00:00, Sys 0 00:00:00  -  Total Local Usage
	0  -  Run Bytes Sent By Job
	0  -  Run Bytes Received By Job
	0  -  Total Bytes Sent By Job
	0  -  Total Bytes Received By Job
	Partitionable Resources :    Usage  Request Allocated
	   Cpus                 :                 1         1
	   Disk (KB)            :       10       10  65479251
	   Memory (MB)          :     1042        1      2008
...
