000 (6327692.000.000) 11/14 12:57:17 Job submitted from host: <130.199.153.67:9618?addrs=130.199.153.67-9618&noUDP&sock=7357_7f42_4>
...
001 (6327692.000.000) 11/14 12:57:54 Job executing on host: <130.199.150.163:9618?addrs=130.199.150.163-9618&noUDP&sock=22249_a08a_3>
...
006 (6327692.000.000) 11/14 12:58:02 Image size of job updated: 993504
	945  -  MemoryUsage of job (MB)
	966948  -  ResidentSetSize of job (KB)
...
006 (6327692.000.000) 11/14 13:03:02 Image size of job updated: 1043404
	994  -  MemoryUsage of job (MB)
	1016848  -  ResidentSetSize of job (KB)
...
006 (6327692.000.000) 11/14 13:08:02 Image size of job updated: 1045316
	995  -  MemoryUsage of job (MB)
	1018760  -  ResidentSetSize of job (KB)
...
006 (6327692.000.000) 11/14 13:13:03 Image size of job updated: 1045552
	996  -  MemoryUsage of job (MB)
	1018996  -  ResidentSetSize of job (KB)
...
006 (6327692.000.000) 11/14 13:18:04 Image size of job updated: 1046652
	997  -  MemoryUsage of job (MB)
	1020096  -  ResidentSetSize of job (KB)
...
006 (6327692.000.000) 11/14 13:23:04 Image size of job updated: 1046780
	997  -  MemoryUsage of job (MB)
	1020224  -  ResidentSetSize of job (KB)
...
006 (6327692.000.000) 11/14 13:28:05 Image size of job updated: 1046852
	997  -  MemoryUsage of job (MB)
	1020296  -  ResidentSetSize of job (KB)
...
006 (6327692.000.000) 11/14 13:38:06 Image size of job updated: 1047024
	997  -  MemoryUsage of job (MB)
	1020404  -  ResidentSetSize of job (KB)
...
006 (6327692.000.000) 11/14 13:43:06 Image size of job updated: 1047144
	997  -  MemoryUsage of job (MB)
	1020404  -  ResidentSetSize of job (KB)
...
006 (6327692.000.000) 11/14 13:48:07 Image size of job updated: 1047584
	997  -  MemoryUsage of job (MB)
	1020792  -  ResidentSetSize of job (KB)
...
006 (6327692.000.000) 11/14 13:53:08 Image size of job updated: 1047636
	997  -  MemoryUsage of job (MB)
	1020844  -  ResidentSetSize of job (KB)
...
006 (6327692.000.000) 11/14 13:58:08 Image size of job updated: 1047728
	998  -  MemoryUsage of job (MB)
	1020936  -  ResidentSetSize of job (KB)
...
006 (6327692.000.000) 11/14 14:03:08 Image size of job updated: 1047820
	998  -  MemoryUsage of job (MB)
	1021028  -  ResidentSetSize of job (KB)
...
006 (6327692.000.000) 11/14 14:08:09 Image size of job updated: 1047920
	998  -  MemoryUsage of job (MB)
	1021128  -  ResidentSetSize of job (KB)
...
006 (6327692.000.000) 11/14 14:13:10 Image size of job updated: 1047984
	998  -  MemoryUsage of job (MB)
	1021192  -  ResidentSetSize of job (KB)
...
006 (6327692.000.000) 11/14 14:18:10 Image size of job updated: 1048508
	998  -  MemoryUsage of job (MB)
	1021716  -  ResidentSetSize of job (KB)
...
006 (6327692.000.000) 11/14 14:23:11 Image size of job updated: 1048520
	998  -  MemoryUsage of job (MB)
	1021728  -  ResidentSetSize of job (KB)
...
006 (6327692.000.000) 11/14 14:28:12 Image size of job updated: 1048944
	999  -  MemoryUsage of job (MB)
	1022152  -  ResidentSetSize of job (KB)
...
006 (6327692.000.000) 11/14 14:33:12 Image size of job updated: 1048952
	999  -  MemoryUsage of job (MB)
	1022160  -  ResidentSetSize of job (KB)
...
006 (6327692.000.000) 11/14 14:38:12 Image size of job updated: 1048972
	999  -  MemoryUsage of job (MB)
	1022180  -  ResidentSetSize of job (KB)
...
006 (6327692.000.000) 11/14 14:43:13 Image size of job updated: 1048980
	999  -  MemoryUsage of job (MB)
	1022188  -  ResidentSetSize of job (KB)
...
006 (6327692.000.000) 11/14 14:48:13 Image size of job updated: 1049008
	999  -  MemoryUsage of job (MB)
	1022216  -  ResidentSetSize of job (KB)
...
006 (6327692.000.000) 11/14 14:53:13 Image size of job updated: 1049368
	999  -  MemoryUsage of job (MB)
	1022576  -  ResidentSetSize of job (KB)
...
006 (6327692.000.000) 11/14 14:58:14 Image size of job updated: 1049904
	1000  -  MemoryUsage of job (MB)
	1023112  -  ResidentSetSize of job (KB)
...
006 (6327692.000.000) 11/14 15:03:15 Image size of job updated: 1049932
	1000  -  MemoryUsage of job (MB)
	1023140  -  ResidentSetSize of job (KB)
...
006 (6327692.000.000) 11/14 15:08:15 Image size of job updated: 1049944
	1000  -  MemoryUsage of job (MB)
	1023152  -  ResidentSetSize of job (KB)
...
006 (6327692.000.000) 11/14 15:13:16 Image size of job updated: 1051404
	1001  -  MemoryUsage of job (MB)
	1024612  -  ResidentSetSize of job (KB)
...
006 (6327692.000.000) 11/14 15:18:17 Image size of job updated: 1051412
	1001  -  MemoryUsage of job (MB)
	1024612  -  ResidentSetSize of job (KB)
...
006 (6327692.000.000) 11/14 15:23:17 Image size of job updated: 1051416
	1001  -  MemoryUsage of job (MB)
	1024612  -  ResidentSetSize of job (KB)
...
006 (6327692.000.000) 11/14 15:28:17 Image size of job updated: 1051428
	1001  -  MemoryUsage of job (MB)
	1024616  -  ResidentSetSize of job (KB)
...
006 (6327692.000.000) 11/14 15:33:18 Image size of job updated: 1051436
	1001  -  MemoryUsage of job (MB)
	1024616  -  ResidentSetSize of job (KB)
...
006 (6327692.000.000) 11/14 15:38:19 Image size of job updated: 1051508
	1001  -  MemoryUsage of job (MB)
	1024616  -  ResidentSetSize of job (KB)
...
006 (6327692.000.000) 11/14 15:43:19 Image size of job updated: 1051532
	1001  -  MemoryUsage of job (MB)
	1024616  -  ResidentSetSize of job (KB)
...
006 (6327692.000.000) 11/14 15:48:19 Image size of job updated: 1051540
	1001  -  MemoryUsage of job (MB)
	1024616  -  ResidentSetSize of job (KB)
...
006 (6327692.000.000) 11/14 15:53:21 Image size of job updated: 1051548
	1001  -  MemoryUsage of job (MB)
	1024616  -  ResidentSetSize of job (KB)
...
006 (6327692.000.000) 11/14 15:58:21 Image size of job updated: 1051560
	1001  -  MemoryUsage of job (MB)
	1024616  -  ResidentSetSize of job (KB)
...
006 (6327692.000.000) 11/14 16:03:21 Image size of job updated: 1051576
	1001  -  MemoryUsage of job (MB)
	1024616  -  ResidentSetSize of job (KB)
...
006 (6327692.000.000) 11/14 16:08:22 Image size of job updated: 1051584
	1001  -  MemoryUsage of job (MB)
	1024616  -  ResidentSetSize of job (KB)
...
006 (6327692.000.000) 11/14 16:13:23 Image size of job updated: 1052420
	1002  -  MemoryUsage of job (MB)
	1025428  -  ResidentSetSize of job (KB)
...
006 (6327692.000.000) 11/14 16:18:23 Image size of job updated: 1052428
	1002  -  MemoryUsage of job (MB)
	1025436  -  ResidentSetSize of job (KB)
...
006 (6327692.000.000) 11/14 16:23:23 Image size of job updated: 1052440
	1002  -  MemoryUsage of job (MB)
	1025448  -  ResidentSetSize of job (KB)
...
006 (6327692.000.000) 11/14 16:28:24 Image size of job updated: 1052452
	1002  -  MemoryUsage of job (MB)
	1025460  -  ResidentSetSize of job (KB)
...
006 (6327692.000.000) 11/14 16:33:24 Image size of job updated: 1052472
	1002  -  MemoryUsage of job (MB)
	1025480  -  ResidentSetSize of job (KB)
...
006 (6327692.000.000) 11/14 16:38:24 Image size of job updated: 1052476
	1002  -  MemoryUsage of job (MB)
	1025484  -  ResidentSetSize of job (KB)
...
006 (6327692.000.000) 11/14 16:43:25 Image size of job updated: 1059516
	1009  -  MemoryUsage of job (MB)
	1032524  -  ResidentSetSize of job (KB)
...
006 (6327692.000.000) 11/14 16:53:26 Image size of job updated: 1106728
	1055  -  MemoryUsage of job (MB)
	1079736  -  ResidentSetSize of job (KB)
...
006 (6327692.000.000) 11/14 16:58:26 Image size of job updated: 1107140
	1055  -  MemoryUsage of job (MB)
	1080148  -  ResidentSetSize of job (KB)
...
006 (6327692.000.000) 11/14 17:03:27 Image size of job updated: 1107208
	1055  -  MemoryUsage of job (MB)
	1080216  -  ResidentSetSize of job (KB)
...
006 (6327692.000.000) 11/14 17:48:32 Image size of job updated: 1107212
	1055  -  MemoryUsage of job (MB)
	1080220  -  ResidentSetSize of job (KB)
...
006 (6327692.000.000) 11/14 18:28:35 Image size of job updated: 1107280
	1055  -  MemoryUsage of job (MB)
	1080288  -  ResidentSetSize of job (KB)
...
006 (6327692.000.000) 11/14 20:13:47 Image size of job updated: 1107280
	1056  -  MemoryUsage of job (MB)
	1080620  -  ResidentSetSize of job (KB)
...
006 (6327692.000.000) 11/14 20:18:48 Image size of job updated: 1107280
	1056  -  MemoryUsage of job (MB)
	1080624  -  ResidentSetSize of job (KB)
...
006 (6327692.000.000) 11/14 20:33:49 Image size of job updated: 1107280
	1056  -  MemoryUsage of job (MB)
	1080684  -  ResidentSetSize of job (KB)
...
006 (6327692.000.000) 11/14 20:38:50 Image size of job updated: 1107280
	1056  -  MemoryUsage of job (MB)
	1080688  -  ResidentSetSize of job (KB)
...
006 (6327692.000.000) 11/14 21:11:02 Image size of job updated: 1364844
	1056  -  MemoryUsage of job (MB)
	1080688  -  ResidentSetSize of job (KB)
...
005 (6327692.000.000) 11/14 21:11:02 Job terminated.
	(1) Normal termination (return value 0)
		Usr 0 08:11:39, Sys 0 00:06:14  -  Run Remote Usage
		Usr 0 00:00:00, Sys 0 00:00:00  -  Run Local Usage
		Usr 0 08:11:39, Sys 0 00:06:14  -  Total Remote Usage
		Usr 0 00:00:00, Sys 0 00:00:00  -  Total Local Usage
	0  -  Run Bytes Sent By Job
	0  -  Run Bytes Received By Job
	0  -  Total Bytes Sent By Job
	0  -  Total Bytes Received By Job
	Partitionable Resources :    Usage  Request Allocated
	   Cpus                 :                 1         1
	   Disk (KB)            :       10       10  41489420
	   Memory (MB)          :     1056        1      2007
...
