000 (6327850.000.000) 11/14 12:57:22 Job submitted from host: <130.199.153.67:9618?addrs=130.199.153.67-9618&noUDP&sock=7357_7f42_4>
...
001 (6327850.000.000) 11/14 12:58:20 Job executing on host: <130.199.201.29:9618?addrs=130.199.201.29-9618&noUDP&sock=28142_afed_3>
...
006 (6327850.000.000) 11/14 12:58:28 Image size of job updated: 963352
	941  -  MemoryUsage of job (MB)
	963168  -  ResidentSetSize of job (KB)
...
006 (6327850.000.000) 11/14 13:03:28 Image size of job updated: 1018040
	991  -  MemoryUsage of job (MB)
	1014088  -  ResidentSetSize of job (KB)
...
006 (6327850.000.000) 11/14 13:08:29 Image size of job updated: 1018120
	991  -  MemoryUsage of job (MB)
	1014088  -  ResidentSetSize of job (KB)
...
006 (6327850.000.000) 11/14 13:13:30 Image size of job updated: 1018204
	991  -  MemoryUsage of job (MB)
	1014088  -  ResidentSetSize of job (KB)
...
006 (6327850.000.000) 11/14 13:18:30 Image size of job updated: 1018240
	991  -  MemoryUsage of job (MB)
	1014088  -  ResidentSetSize of job (KB)
...
005 (6327850.000.000) 11/14 13:22:49 Job terminated.
	(1) Normal termination (return value 0)
		Usr 0 00:24:20, Sys 0 00:00:16  -  Run Remote Usage
		Usr 0 00:00:00, Sys 0 00:00:00  -  Run Local Usage
		Usr 0 00:24:20, Sys 0 00:00:16  -  Total Remote Usage
		Usr 0 00:00:00, Sys 0 00:00:00  -  Total Local Usage
	0  -  Run Bytes Sent By Job
	0  -  Run Bytes Received By Job
	0  -  Total Bytes Sent By Job
	0  -  Total Bytes Received By Job
	Partitionable Resources :    Usage  Request Allocated
	   Cpus                 :                 1         1
	   Disk (KB)            :       10       10  47328034
	   Memory (MB)          :      991        1      2005
...
