000 (6327845.000.000) 11/14 12:57:22 Job submitted from host: <130.199.153.67:9618?addrs=130.199.153.67-9618&noUDP&sock=7357_7f42_4>
...
001 (6327845.000.000) 11/14 12:58:19 Job executing on host: <130.199.152.14:9618?addrs=130.199.152.14-9618&noUDP&sock=9834_6fb4_3>
...
006 (6327845.000.000) 11/14 12:58:28 Image size of job updated: 990852
	942  -  MemoryUsage of job (MB)
	964280  -  ResidentSetSize of job (KB)
...
005 (6327845.000.000) 11/14 13:02:24 Job terminated.
	(1) Normal termination (return value 0)
		Usr 0 00:03:42, Sys 0 00:00:06  -  Run Remote Usage
		Usr 0 00:00:00, Sys 0 00:00:00  -  Run Local Usage
		Usr 0 00:03:42, Sys 0 00:00:06  -  Total Remote Usage
		Usr 0 00:00:00, Sys 0 00:00:00  -  Total Local Usage
	0  -  Run Bytes Sent By Job
	0  -  Run Bytes Received By Job
	0  -  Total Bytes Sent By Job
	0  -  Total Bytes Received By Job
	Partitionable Resources :    Usage  Request Allocated
	   Cpus                 :                 1         1
	   Disk (KB)            :       10       10  32976529
	   Memory (MB)          :      942        1      2005
...
