000 (6327720.000.000) 11/14 12:57:17 Job submitted from host: <130.199.153.67:9618?addrs=130.199.153.67-9618&noUDP&sock=7357_7f42_4>
...
001 (6327720.000.000) 11/14 12:57:59 Job executing on host: <130.199.202.71:9618?addrs=130.199.202.71-9618&noUDP&sock=37326_4ea9_3>
...
006 (6327720.000.000) 11/14 12:58:08 Image size of job updated: 1003572
	955  -  MemoryUsage of job (MB)
	977032  -  ResidentSetSize of job (KB)
...
006 (6327720.000.000) 11/14 13:03:09 Image size of job updated: 1071440
	1021  -  MemoryUsage of job (MB)
	1044900  -  ResidentSetSize of job (KB)
...
006 (6327720.000.000) 11/14 13:08:09 Image size of job updated: 1072272
	1022  -  MemoryUsage of job (MB)
	1045732  -  ResidentSetSize of job (KB)
...
006 (6327720.000.000) 11/14 13:13:09 Image size of job updated: 1074496
	1024  -  MemoryUsage of job (MB)
	1047956  -  ResidentSetSize of job (KB)
...
006 (6327720.000.000) 11/14 13:18:10 Image size of job updated: 1074560
	1024  -  MemoryUsage of job (MB)
	1048020  -  ResidentSetSize of job (KB)
...
006 (6327720.000.000) 11/14 13:23:10 Image size of job updated: 1075004
	1024  -  MemoryUsage of job (MB)
	1048464  -  ResidentSetSize of job (KB)
...
006 (6327720.000.000) 11/14 13:28:10 Image size of job updated: 1075056
	1024  -  MemoryUsage of job (MB)
	1048516  -  ResidentSetSize of job (KB)
...
006 (6327720.000.000) 11/14 13:33:11 Image size of job updated: 1075276
	1025  -  MemoryUsage of job (MB)
	1048736  -  ResidentSetSize of job (KB)
...
006 (6327720.000.000) 11/14 13:38:12 Image size of job updated: 1075388
	1025  -  MemoryUsage of job (MB)
	1048848  -  ResidentSetSize of job (KB)
...
006 (6327720.000.000) 11/14 13:43:12 Image size of job updated: 1075440
	1025  -  MemoryUsage of job (MB)
	1048900  -  ResidentSetSize of job (KB)
...
006 (6327720.000.000) 11/14 13:48:12 Image size of job updated: 1075516
	1025  -  MemoryUsage of job (MB)
	1049312  -  ResidentSetSize of job (KB)
...
006 (6327720.000.000) 11/14 13:53:13 Image size of job updated: 1075540
	1026  -  MemoryUsage of job (MB)
	1049604  -  ResidentSetSize of job (KB)
...
006 (6327720.000.000) 11/14 14:08:14 Image size of job updated: 1075540
	1027  -  MemoryUsage of job (MB)
	1050932  -  ResidentSetSize of job (KB)
...
006 (6327720.000.000) 11/14 14:13:15 Image size of job updated: 1075540
	1027  -  MemoryUsage of job (MB)
	1050976  -  ResidentSetSize of job (KB)
...
006 (6327720.000.000) 11/14 14:18:15 Image size of job updated: 1075540
	1027  -  MemoryUsage of job (MB)
	1051016  -  ResidentSetSize of job (KB)
...
006 (6327720.000.000) 11/14 14:23:15 Image size of job updated: 1075540
	1027  -  MemoryUsage of job (MB)
	1051048  -  ResidentSetSize of job (KB)
...
005 (6327720.000.000) 11/14 14:27:18 Job terminated.
	(1) Normal termination (return value 0)
		Usr 0 01:28:27, Sys 0 00:01:29  -  Run Remote Usage
		Usr 0 00:00:00, Sys 0 00:00:00  -  Run Local Usage
		Usr 0 01:28:27, Sys 0 00:01:29  -  Total Remote Usage
		Usr 0 00:00:00, Sys 0 00:00:00  -  Total Local Usage
	0  -  Run Bytes Sent By Job
	0  -  Run Bytes Received By Job
	0  -  Total Bytes Sent By Job
	0  -  Total Bytes Received By Job
	Partitionable Resources :    Usage  Request Allocated
	   Cpus                 :                 1         1
	   Disk (KB)            :       10       10  65479306
	   Memory (MB)          :     1027        1      2008
...
