000 (6327705.000.000) 11/14 12:57:17 Job submitted from host: <130.199.153.67:9618?addrs=130.199.153.67-9618&noUDP&sock=7357_7f42_4>
...
001 (6327705.000.000) 11/14 12:57:55 Job executing on host: <130.199.152.26:9618?addrs=130.199.152.26-9618&noUDP&sock=22527_9c50_3>
...
006 (6327705.000.000) 11/14 12:58:04 Image size of job updated: 969956
	922  -  MemoryUsage of job (MB)
	943456  -  ResidentSetSize of job (KB)
...
006 (6327705.000.000) 11/14 13:03:05 Image size of job updated: 995796
	947  -  MemoryUsage of job (MB)
	969224  -  ResidentSetSize of job (KB)
...
006 (6327705.000.000) 11/14 13:08:06 Image size of job updated: 1047484
	997  -  MemoryUsage of job (MB)
	1020912  -  ResidentSetSize of job (KB)
...
006 (6327705.000.000) 11/14 13:13:06 Image size of job updated: 1051860
	1002  -  MemoryUsage of job (MB)
	1025288  -  ResidentSetSize of job (KB)
...
006 (6327705.000.000) 11/14 13:18:07 Image size of job updated: 1051880
	1002  -  MemoryUsage of job (MB)
	1025308  -  ResidentSetSize of job (KB)
...
006 (6327705.000.000) 11/14 13:23:07 Image size of job updated: 1051904
	1002  -  MemoryUsage of job (MB)
	1025332  -  ResidentSetSize of job (KB)
...
006 (6327705.000.000) 11/14 13:28:07 Image size of job updated: 1062600
	1012  -  MemoryUsage of job (MB)
	1036028  -  ResidentSetSize of job (KB)
...
006 (6327705.000.000) 11/14 13:38:09 Image size of job updated: 1099208
	1048  -  MemoryUsage of job (MB)
	1072636  -  ResidentSetSize of job (KB)
...
