000 (6327787.000.000) 11/14 12:57:22 Job submitted from host: <130.199.153.67:9618?addrs=130.199.153.67-9618&noUDP&sock=7357_7f42_4>
...
001 (6327787.000.000) 11/14 12:58:10 Job executing on host: <130.199.153.39:9618?addrs=130.199.153.39-9618&noUDP&sock=21535_a7b6_3>
...
006 (6327787.000.000) 11/14 12:58:18 Image size of job updated: 990736
	968  -  MemoryUsage of job (MB)
	990552  -  ResidentSetSize of job (KB)
...
006 (6327787.000.000) 11/14 13:03:18 Image size of job updated: 1047036
	1023  -  MemoryUsage of job (MB)
	1046852  -  ResidentSetSize of job (KB)
...
006 (6327787.000.000) 11/14 13:08:19 Image size of job updated: 1048752
	1024  -  MemoryUsage of job (MB)
	1048568  -  ResidentSetSize of job (KB)
...
006 (6327787.000.000) 11/14 13:13:20 Image size of job updated: 1050168
	1026  -  MemoryUsage of job (MB)
	1049984  -  ResidentSetSize of job (KB)
...
006 (6327787.000.000) 11/14 13:18:20 Image size of job updated: 1050728
	1026  -  MemoryUsage of job (MB)
	1050544  -  ResidentSetSize of job (KB)
...
006 (6327787.000.000) 11/14 13:23:20 Image size of job updated: 1066588
	1042  -  MemoryUsage of job (MB)
	1066404  -  ResidentSetSize of job (KB)
...
006 (6327787.000.000) 11/14 13:28:21 Image size of job updated: 1067436
	1043  -  MemoryUsage of job (MB)
	1067252  -  ResidentSetSize of job (KB)
...
006 (6327787.000.000) 11/14 13:33:21 Image size of job updated: 1178124
	1151  -  MemoryUsage of job (MB)
	1177940  -  ResidentSetSize of job (KB)
...
006 (6327787.000.000) 11/14 13:38:21 Image size of job updated: 1204324
	1176  -  MemoryUsage of job (MB)
	1204140  -  ResidentSetSize of job (KB)
...
006 (6327787.000.000) 11/14 13:43:22 Image size of job updated: 1204660
	1177  -  MemoryUsage of job (MB)
	1204476  -  ResidentSetSize of job (KB)
...
006 (6327787.000.000) 11/14 13:48:23 Image size of job updated: 1204800
	1177  -  MemoryUsage of job (MB)
	1204616  -  ResidentSetSize of job (KB)
...
005 (6327787.000.000) 11/14 13:53:04 Job terminated.
	(1) Normal termination (return value 0)
		Usr 0 00:52:23, Sys 0 00:00:42  -  Run Remote Usage
		Usr 0 00:00:00, Sys 0 00:00:00  -  Run Local Usage
		Usr 0 00:52:23, Sys 0 00:00:42  -  Total Remote Usage
		Usr 0 00:00:00, Sys 0 00:00:00  -  Total Local Usage
	0  -  Run Bytes Sent By Job
	0  -  Run Bytes Received By Job
	0  -  Total Bytes Sent By Job
	0  -  Total Bytes Received By Job
	Partitionable Resources :    Usage  Request Allocated
	   Cpus                 :                 1         1
	   Disk (KB)            :       10       10  47328196
	   Memory (MB)          :     1177        1      2005
...
