000 (6327763.000.000) 11/14 12:57:22 Job submitted from host: <130.199.153.67:9618?addrs=130.199.153.67-9618&noUDP&sock=7357_7f42_4>
...
001 (6327763.000.000) 11/14 12:58:06 Job executing on host: <130.199.153.230:9618?addrs=130.199.153.230-9618&noUDP&sock=21576_a190_3>
...
006 (6327763.000.000) 11/14 12:58:15 Image size of job updated: 963252
	915  -  MemoryUsage of job (MB)
	936692  -  ResidentSetSize of job (KB)
...
006 (6327763.000.000) 11/14 13:03:16 Image size of job updated: 1074692
	1024  -  MemoryUsage of job (MB)
	1048052  -  ResidentSetSize of job (KB)
...
006 (6327763.000.000) 11/14 13:08:17 Image size of job updated: 1075504
	1025  -  MemoryUsage of job (MB)
	1048852  -  ResidentSetSize of job (KB)
...
006 (6327763.000.000) 11/14 13:13:17 Image size of job updated: 1076872
	1026  -  MemoryUsage of job (MB)
	1050220  -  ResidentSetSize of job (KB)
...
006 (6327763.000.000) 11/14 13:18:17 Image size of job updated: 1076872
	1026  -  MemoryUsage of job (MB)
	1050276  -  ResidentSetSize of job (KB)
...
006 (6327763.000.000) 11/14 13:23:18 Image size of job updated: 1076872
	1027  -  MemoryUsage of job (MB)
	1050696  -  ResidentSetSize of job (KB)
...
006 (6327763.000.000) 11/14 13:28:19 Image size of job updated: 1076872
	1027  -  MemoryUsage of job (MB)
	1050764  -  ResidentSetSize of job (KB)
...
006 (6327763.000.000) 11/14 13:33:19 Image size of job updated: 1076872
	1027  -  MemoryUsage of job (MB)
	1050812  -  ResidentSetSize of job (KB)
...
006 (6327763.000.000) 11/14 13:38:20 Image size of job updated: 1076872
	1027  -  MemoryUsage of job (MB)
	1051340  -  ResidentSetSize of job (KB)
...
006 (6327763.000.000) 11/14 13:43:21 Image size of job updated: 1076872
	1027  -  MemoryUsage of job (MB)
	1051376  -  ResidentSetSize of job (KB)
...
006 (6327763.000.000) 11/14 13:48:21 Image size of job updated: 1076872
	1028  -  MemoryUsage of job (MB)
	1051812  -  ResidentSetSize of job (KB)
...
006 (6327763.000.000) 11/14 13:49:26 Image size of job updated: 1219640
	1028  -  MemoryUsage of job (MB)
	1051812  -  ResidentSetSize of job (KB)
...
005 (6327763.000.000) 11/14 13:49:26 Job terminated.
	(1) Normal termination (return value 0)
		Usr 0 00:49:19, Sys 0 00:00:50  -  Run Remote Usage
		Usr 0 00:00:00, Sys 0 00:00:00  -  Run Local Usage
		Usr 0 00:49:19, Sys 0 00:00:50  -  Total Remote Usage
		Usr 0 00:00:00, Sys 0 00:00:00  -  Total Local Usage
	0  -  Run Bytes Sent By Job
	0  -  Run Bytes Received By Job
	0  -  Total Bytes Sent By Job
	0  -  Total Bytes Received By Job
	Partitionable Resources :    Usage  Request Allocated
	   Cpus                 :                 1         1
	   Disk (KB)            :       10       10  47328014
	   Memory (MB)          :     1028        1      2005
...
