000 (6327727.000.000) 11/14 12:57:17 Job submitted from host: <130.199.153.67:9618?addrs=130.199.153.67-9618&noUDP&sock=7357_7f42_4>
...
001 (6327727.000.000) 11/14 12:58:00 Job executing on host: <130.199.150.197:9618?addrs=130.199.150.197-9618&noUDP&sock=21980_7df4_3>
...
006 (6327727.000.000) 11/14 12:58:09 Image size of job updated: 990160
	942  -  MemoryUsage of job (MB)
	963952  -  ResidentSetSize of job (KB)
...
006 (6327727.000.000) 11/14 13:03:10 Image size of job updated: 992948
	945  -  MemoryUsage of job (MB)
	966740  -  ResidentSetSize of job (KB)
...
006 (6327727.000.000) 11/14 13:08:11 Image size of job updated: 1046136
	997  -  MemoryUsage of job (MB)
	1019928  -  ResidentSetSize of job (KB)
...
006 (6327727.000.000) 11/14 13:13:11 Image size of job updated: 1046220
	997  -  MemoryUsage of job (MB)
	1020012  -  ResidentSetSize of job (KB)
...
006 (6327727.000.000) 11/14 13:18:12 Image size of job updated: 1046256
	997  -  MemoryUsage of job (MB)
	1020048  -  ResidentSetSize of job (KB)
...
006 (6327727.000.000) 11/14 13:23:13 Image size of job updated: 1046720
	997  -  MemoryUsage of job (MB)
	1020512  -  ResidentSetSize of job (KB)
...
006 (6327727.000.000) 11/14 13:28:13 Image size of job updated: 1048712
	999  -  MemoryUsage of job (MB)
	1022504  -  ResidentSetSize of job (KB)
...
006 (6327727.000.000) 11/14 13:33:14 Image size of job updated: 1048748
	999  -  MemoryUsage of job (MB)
	1022540  -  ResidentSetSize of job (KB)
...
006 (6327727.000.000) 11/14 13:38:15 Image size of job updated: 1048864
	999  -  MemoryUsage of job (MB)
	1022656  -  ResidentSetSize of job (KB)
...
