000 (6327936.000.000) 11/14 12:57:26 Job submitted from host: <130.199.153.67:9618?addrs=130.199.153.67-9618&noUDP&sock=7357_7f42_4>
...
001 (6327936.000.000) 11/14 12:58:36 Job executing on host: <130.199.202.30:9618?addrs=130.199.202.30-9618&noUDP&sock=1915_2c3d_3>
...
006 (6327936.000.000) 11/14 12:58:45 Image size of job updated: 989284
	941  -  MemoryUsage of job (MB)
	962728  -  ResidentSetSize of job (KB)
...
005 (6327936.000.000) 11/14 13:00:15 Job terminated.
	(1) Normal termination (return value 0)
		Usr 0 00:01:17, Sys 0 00:00:06  -  Run Remote Usage
		Usr 0 00:00:00, Sys 0 00:00:00  -  Run Local Usage
		Usr 0 00:01:17, Sys 0 00:00:06  -  Total Remote Usage
		Usr 0 00:00:00, Sys 0 00:00:00  -  Total Local Usage
	0  -  Run Bytes Sent By Job
	0  -  Run Bytes Received By Job
	0  -  Total Bytes Sent By Job
	0  -  Total Bytes Received By Job
	Partitionable Resources :    Usage  Request Allocated
	   Cpus                 :                 1         1
	   Disk (KB)            :       10       10  47541256
	   Memory (MB)          :      941        1      2008
...
