000 (6327778.000.000) 11/14 12:57:22 Job submitted from host: <130.199.153.67:9618?addrs=130.199.153.67-9618&noUDP&sock=7357_7f42_4>
...
001 (6327778.000.000) 11/14 12:58:08 Job executing on host: <130.199.150.134:9618?addrs=130.199.150.134-9618&noUDP&sock=18688_9d95_3>
...
006 (6327778.000.000) 11/14 12:58:17 Image size of job updated: 1000348
	952  -  MemoryUsage of job (MB)
	974736  -  ResidentSetSize of job (KB)
...
006 (6327778.000.000) 11/14 13:03:18 Image size of job updated: 1075208
	1025  -  MemoryUsage of job (MB)
	1049552  -  ResidentSetSize of job (KB)
...
006 (6327778.000.000) 11/14 13:08:18 Image size of job updated: 1076452
	1027  -  MemoryUsage of job (MB)
	1050796  -  ResidentSetSize of job (KB)
...
006 (6327778.000.000) 11/14 13:13:18 Image size of job updated: 1078328
	1028  -  MemoryUsage of job (MB)
	1052672  -  ResidentSetSize of job (KB)
...
006 (6327778.000.000) 11/14 13:18:19 Image size of job updated: 1079356
	1030  -  MemoryUsage of job (MB)
	1053700  -  ResidentSetSize of job (KB)
...
006 (6327778.000.000) 11/14 13:23:20 Image size of job updated: 1079396
	1030  -  MemoryUsage of job (MB)
	1053740  -  ResidentSetSize of job (KB)
...
006 (6327778.000.000) 11/14 13:28:20 Image size of job updated: 1079452
	1030  -  MemoryUsage of job (MB)
	1053796  -  ResidentSetSize of job (KB)
...
006 (6327778.000.000) 11/14 13:33:21 Image size of job updated: 1079492
	1030  -  MemoryUsage of job (MB)
	1053836  -  ResidentSetSize of job (KB)
...
