000 (6327746.000.000) 11/14 12:57:17 Job submitted from host: <130.199.153.67:9618?addrs=130.199.153.67-9618&noUDP&sock=7357_7f42_4>
...
001 (6327746.000.000) 11/14 12:58:03 Job executing on host: <130.199.153.80:9618?addrs=130.199.153.80-9618&noUDP&sock=21592_b1e5_3>
...
006 (6327746.000.000) 11/14 12:58:12 Image size of job updated: 991380
	943  -  MemoryUsage of job (MB)
	964812  -  ResidentSetSize of job (KB)
...
006 (6327746.000.000) 11/14 13:03:13 Image size of job updated: 1039924
	990  -  MemoryUsage of job (MB)
	1013356  -  ResidentSetSize of job (KB)
...
006 (6327746.000.000) 11/14 13:08:13 Image size of job updated: 1040164
	990  -  MemoryUsage of job (MB)
	1013596  -  ResidentSetSize of job (KB)
...
006 (6327746.000.000) 11/14 13:13:13 Image size of job updated: 1049332
	999  -  MemoryUsage of job (MB)
	1022760  -  ResidentSetSize of job (KB)
...
006 (6327746.000.000) 11/14 13:23:14 Image size of job updated: 1103840
	1053  -  MemoryUsage of job (MB)
	1077268  -  ResidentSetSize of job (KB)
...
006 (6327746.000.000) 11/14 13:28:14 Image size of job updated: 1104324
	1053  -  MemoryUsage of job (MB)
	1077752  -  ResidentSetSize of job (KB)
...
006 (6327746.000.000) 11/14 13:33:15 Image size of job updated: 1104344
	1053  -  MemoryUsage of job (MB)
	1077772  -  ResidentSetSize of job (KB)
...
