000 (6327711.000.000) 11/14 12:57:17 Job submitted from host: <130.199.153.67:9618?addrs=130.199.153.67-9618&noUDP&sock=7357_7f42_4>
...
001 (6327711.000.000) 11/14 12:57:56 Job executing on host: <130.199.153.247:9618?addrs=130.199.153.247-9618&noUDP&sock=22210_48bb_3>
...
006 (6327711.000.000) 11/14 12:58:05 Image size of job updated: 1001976
	953  -  MemoryUsage of job (MB)
	975420  -  ResidentSetSize of job (KB)
...
006 (6327711.000.000) 11/14 13:03:06 Image size of job updated: 1059408
	1009  -  MemoryUsage of job (MB)
	1032852  -  ResidentSetSize of job (KB)
...
006 (6327711.000.000) 11/14 13:08:06 Image size of job updated: 1060452
	1010  -  MemoryUsage of job (MB)
	1033896  -  ResidentSetSize of job (KB)
...
006 (6327711.000.000) 11/14 13:13:07 Image size of job updated: 1060812
	1011  -  MemoryUsage of job (MB)
	1034256  -  ResidentSetSize of job (KB)
...
006 (6327711.000.000) 11/14 13:18:08 Image size of job updated: 1062008
	1012  -  MemoryUsage of job (MB)
	1035452  -  ResidentSetSize of job (KB)
...
006 (6327711.000.000) 11/14 13:23:08 Image size of job updated: 1062060
	1012  -  MemoryUsage of job (MB)
	1035504  -  ResidentSetSize of job (KB)
...
006 (6327711.000.000) 11/14 13:28:08 Image size of job updated: 1062460
	1012  -  MemoryUsage of job (MB)
	1035904  -  ResidentSetSize of job (KB)
...
006 (6327711.000.000) 11/14 13:33:09 Image size of job updated: 1062500
	1012  -  MemoryUsage of job (MB)
	1035944  -  ResidentSetSize of job (KB)
...
006 (6327711.000.000) 11/14 13:38:10 Image size of job updated: 1062548
	1012  -  MemoryUsage of job (MB)
	1035944  -  ResidentSetSize of job (KB)
...
