000 (6327757.000.000) 11/14 12:57:22 Job submitted from host: <130.199.153.67:9618?addrs=130.199.153.67-9618&noUDP&sock=7357_7f42_4>
...
001 (6327757.000.000) 11/14 12:58:05 Job executing on host: <130.199.151.238:9618?addrs=130.199.151.238-9618&noUDP&sock=22456_23d7_3>
...
006 (6327757.000.000) 11/14 12:58:13 Image size of job updated: 993080
	970  -  MemoryUsage of job (MB)
	992896  -  ResidentSetSize of job (KB)
...
006 (6327757.000.000) 11/14 13:03:13 Image size of job updated: 1045372
	1021  -  MemoryUsage of job (MB)
	1045188  -  ResidentSetSize of job (KB)
...
006 (6327757.000.000) 11/14 13:08:14 Image size of job updated: 1047564
	1023  -  MemoryUsage of job (MB)
	1047380  -  ResidentSetSize of job (KB)
...
006 (6327757.000.000) 11/14 13:13:14 Image size of job updated: 1048804
	1025  -  MemoryUsage of job (MB)
	1048620  -  ResidentSetSize of job (KB)
...
006 (6327757.000.000) 11/14 13:18:14 Image size of job updated: 1048872
	1025  -  MemoryUsage of job (MB)
	1048688  -  ResidentSetSize of job (KB)
...
006 (6327757.000.000) 11/14 13:23:15 Image size of job updated: 1048928
	1025  -  MemoryUsage of job (MB)
	1048744  -  ResidentSetSize of job (KB)
...
006 (6327757.000.000) 11/14 13:28:16 Image size of job updated: 1054780
	1030  -  MemoryUsage of job (MB)
	1054596  -  ResidentSetSize of job (KB)
...
006 (6327757.000.000) 11/14 13:33:16 Image size of job updated: 1067192
	1042  -  MemoryUsage of job (MB)
	1067008  -  ResidentSetSize of job (KB)
...
006 (6327757.000.000) 11/14 13:38:16 Image size of job updated: 1086384
	1061  -  MemoryUsage of job (MB)
	1086200  -  ResidentSetSize of job (KB)
...
