000 (6327774.000.000) 11/14 12:57:22 Job submitted from host: <130.199.153.67:9618?addrs=130.199.153.67-9618&noUDP&sock=7357_7f42_4>
...
001 (6327774.000.000) 11/14 12:58:08 Job executing on host: <130.199.202.64:9618?addrs=130.199.202.64-9618&noUDP&sock=1290_5e42_3>
...
006 (6327774.000.000) 11/14 12:58:16 Image size of job updated: 549436
	511  -  MemoryUsage of job (MB)
	523092  -  ResidentSetSize of job (KB)
...
006 (6327774.000.000) 11/14 13:03:16 Image size of job updated: 1042224
	992  -  MemoryUsage of job (MB)
	1015800  -  ResidentSetSize of job (KB)
...
006 (6327774.000.000) 11/14 13:08:17 Image size of job updated: 1044760
	995  -  MemoryUsage of job (MB)
	1018336  -  ResidentSetSize of job (KB)
...
006 (6327774.000.000) 11/14 13:13:17 Image size of job updated: 1045128
	995  -  MemoryUsage of job (MB)
	1018704  -  ResidentSetSize of job (KB)
...
006 (6327774.000.000) 11/14 13:18:17 Image size of job updated: 1045260
	995  -  MemoryUsage of job (MB)
	1018836  -  ResidentSetSize of job (KB)
...
006 (6327774.000.000) 11/14 13:23:18 Image size of job updated: 1045376
	996  -  MemoryUsage of job (MB)
	1018952  -  ResidentSetSize of job (KB)
...
006 (6327774.000.000) 11/14 13:28:19 Image size of job updated: 1046820
	997  -  MemoryUsage of job (MB)
	1020396  -  ResidentSetSize of job (KB)
...
006 (6327774.000.000) 11/14 13:33:19 Image size of job updated: 1047436
	998  -  MemoryUsage of job (MB)
	1021020  -  ResidentSetSize of job (KB)
...
006 (6327774.000.000) 11/14 13:38:20 Image size of job updated: 1047540
	998  -  MemoryUsage of job (MB)
	1021124  -  ResidentSetSize of job (KB)
...
006 (6327774.000.000) 11/14 13:43:21 Image size of job updated: 1047672
	998  -  MemoryUsage of job (MB)
	1021256  -  ResidentSetSize of job (KB)
...
006 (6327774.000.000) 11/14 13:48:21 Image size of job updated: 1047768
	998  -  MemoryUsage of job (MB)
	1021352  -  ResidentSetSize of job (KB)
...
006 (6327774.000.000) 11/14 13:53:21 Image size of job updated: 1047876
	998  -  MemoryUsage of job (MB)
	1021460  -  ResidentSetSize of job (KB)
...
006 (6327774.000.000) 11/14 13:58:23 Image size of job updated: 1048412
	999  -  MemoryUsage of job (MB)
	1021996  -  ResidentSetSize of job (KB)
...
006 (6327774.000.000) 11/14 14:03:23 Image size of job updated: 1048428
	999  -  MemoryUsage of job (MB)
	1022012  -  ResidentSetSize of job (KB)
...
006 (6327774.000.000) 11/14 14:08:23 Image size of job updated: 1048444
	999  -  MemoryUsage of job (MB)
	1022028  -  ResidentSetSize of job (KB)
...
006 (6327774.000.000) 11/14 14:13:24 Image size of job updated: 1048456
	999  -  MemoryUsage of job (MB)
	1022040  -  ResidentSetSize of job (KB)
...
006 (6327774.000.000) 11/14 14:18:25 Image size of job updated: 1048484
	999  -  MemoryUsage of job (MB)
	1022068  -  ResidentSetSize of job (KB)
...
006 (6327774.000.000) 11/14 14:23:25 Image size of job updated: 1048492
	999  -  MemoryUsage of job (MB)
	1022076  -  ResidentSetSize of job (KB)
...
006 (6327774.000.000) 11/14 14:28:25 Image size of job updated: 1048516
	999  -  MemoryUsage of job (MB)
	1022100  -  ResidentSetSize of job (KB)
...
006 (6327774.000.000) 11/14 14:33:26 Image size of job updated: 1048564
	999  -  MemoryUsage of job (MB)
	1022148  -  ResidentSetSize of job (KB)
...
006 (6327774.000.000) 11/14 14:38:26 Image size of job updated: 1048576
	999  -  MemoryUsage of job (MB)
	1022160  -  ResidentSetSize of job (KB)
...
006 (6327774.000.000) 11/14 14:43:26 Image size of job updated: 1048600
	999  -  MemoryUsage of job (MB)
	1022184  -  ResidentSetSize of job (KB)
...
006 (6327774.000.000) 11/14 14:48:27 Image size of job updated: 1048972
	999  -  MemoryUsage of job (MB)
	1022556  -  ResidentSetSize of job (KB)
...
006 (6327774.000.000) 11/14 14:53:28 Image size of job updated: 1048992
	999  -  MemoryUsage of job (MB)
	1022576  -  ResidentSetSize of job (KB)
...
006 (6327774.000.000) 11/14 14:58:28 Image size of job updated: 1049056
	999  -  MemoryUsage of job (MB)
	1022640  -  ResidentSetSize of job (KB)
...
006 (6327774.000.000) 11/14 15:03:29 Image size of job updated: 1049080
	999  -  MemoryUsage of job (MB)
	1022664  -  ResidentSetSize of job (KB)
...
006 (6327774.000.000) 11/14 15:08:30 Image size of job updated: 1049100
	999  -  MemoryUsage of job (MB)
	1022684  -  ResidentSetSize of job (KB)
...
006 (6327774.000.000) 11/14 15:13:30 Image size of job updated: 1049128
	999  -  MemoryUsage of job (MB)
	1022712  -  ResidentSetSize of job (KB)
...
006 (6327774.000.000) 11/14 15:18:30 Image size of job updated: 1049132
	999  -  MemoryUsage of job (MB)
	1022716  -  ResidentSetSize of job (KB)
...
006 (6327774.000.000) 11/14 15:23:31 Image size of job updated: 1049156
	999  -  MemoryUsage of job (MB)
	1022740  -  ResidentSetSize of job (KB)
...
006 (6327774.000.000) 11/14 15:28:31 Image size of job updated: 1049168
	999  -  MemoryUsage of job (MB)
	1022752  -  ResidentSetSize of job (KB)
...
006 (6327774.000.000) 11/14 15:33:31 Image size of job updated: 1049596
	1000  -  MemoryUsage of job (MB)
	1023180  -  ResidentSetSize of job (KB)
...
006 (6327774.000.000) 11/14 15:38:32 Image size of job updated: 1049612
	1000  -  MemoryUsage of job (MB)
	1023180  -  ResidentSetSize of job (KB)
...
006 (6327774.000.000) 11/14 15:43:33 Image size of job updated: 1049624
	1000  -  MemoryUsage of job (MB)
	1023180  -  ResidentSetSize of job (KB)
...
006 (6327774.000.000) 11/14 15:48:33 Image size of job updated: 1049632
	1000  -  MemoryUsage of job (MB)
	1023180  -  ResidentSetSize of job (KB)
...
006 (6327774.000.000) 11/14 15:53:34 Image size of job updated: 1049632
	1000  -  MemoryUsage of job (MB)
	1023200  -  ResidentSetSize of job (KB)
...
006 (6327774.000.000) 11/14 15:58:35 Image size of job updated: 1049632
	1000  -  MemoryUsage of job (MB)
	1023228  -  ResidentSetSize of job (KB)
...
006 (6327774.000.000) 11/14 16:03:35 Image size of job updated: 1049632
	1000  -  MemoryUsage of job (MB)
	1023236  -  ResidentSetSize of job (KB)
...
006 (6327774.000.000) 11/14 16:08:35 Image size of job updated: 1049632
	1000  -  MemoryUsage of job (MB)
	1023268  -  ResidentSetSize of job (KB)
...
006 (6327774.000.000) 11/14 16:13:37 Image size of job updated: 1049632
	1000  -  MemoryUsage of job (MB)
	1023292  -  ResidentSetSize of job (KB)
...
006 (6327774.000.000) 11/14 16:18:37 Image size of job updated: 1049632
	1000  -  MemoryUsage of job (MB)
	1023304  -  ResidentSetSize of job (KB)
...
006 (6327774.000.000) 11/14 16:20:36 Image size of job updated: 1635980
	1000  -  MemoryUsage of job (MB)
	1023304  -  ResidentSetSize of job (KB)
...
005 (6327774.000.000) 11/14 16:20:36 Job terminated.
	(1) Normal termination (return value 0)
		Usr 0 03:22:26, Sys 0 00:02:33  -  Run Remote Usage
		Usr 0 00:00:00, Sys 0 00:00:00  -  Run Local Usage
		Usr 0 03:22:26, Sys 0 00:02:33  -  Total Remote Usage
		Usr 0 00:00:00, Sys 0 00:00:00  -  Total Local Usage
	0  -  Run Bytes Sent By Job
	0  -  Run Bytes Received By Job
	0  -  Total Bytes Sent By Job
	0  -  Total Bytes Received By Job
	Partitionable Resources :    Usage  Request Allocated
	   Cpus                 :                 1         1
	   Disk (KB)            :       10       10  65479148
	   Memory (MB)          :     1000        1      2008
...
