000 (6327826.000.000) 11/14 12:57:22 Job submitted from host: <130.199.153.67:9618?addrs=130.199.153.67-9618&noUDP&sock=7357_7f42_4>
...
001 (6327826.000.000) 11/14 12:58:16 Job executing on host: <130.199.201.8:9618?addrs=130.199.201.8-9618&noUDP&sock=22470_9221_3>
...
006 (6327826.000.000) 11/14 12:58:24 Image size of job updated: 963456
	941  -  MemoryUsage of job (MB)
	963264  -  ResidentSetSize of job (KB)
...
006 (6327826.000.000) 11/14 13:03:25 Image size of job updated: 1013092
	988  -  MemoryUsage of job (MB)
	1010960  -  ResidentSetSize of job (KB)
...
006 (6327826.000.000) 11/14 13:08:26 Image size of job updated: 1013424
	988  -  MemoryUsage of job (MB)
	1010960  -  ResidentSetSize of job (KB)
...
006 (6327826.000.000) 11/14 13:13:26 Image size of job updated: 1013536
	988  -  MemoryUsage of job (MB)
	1010960  -  ResidentSetSize of job (KB)
...
006 (6327826.000.000) 11/14 13:18:26 Image size of job updated: 1014848
	988  -  MemoryUsage of job (MB)
	1010960  -  ResidentSetSize of job (KB)
...
006 (6327826.000.000) 11/14 13:23:27 Image size of job updated: 1015196
	988  -  MemoryUsage of job (MB)
	1010960  -  ResidentSetSize of job (KB)
...
006 (6327826.000.000) 11/14 13:28:28 Image size of job updated: 1015280
	988  -  MemoryUsage of job (MB)
	1010960  -  ResidentSetSize of job (KB)
...
006 (6327826.000.000) 11/14 13:33:28 Image size of job updated: 1015808
	988  -  MemoryUsage of job (MB)
	1010960  -  ResidentSetSize of job (KB)
...
006 (6327826.000.000) 11/14 13:38:29 Image size of job updated: 1015928
	988  -  MemoryUsage of job (MB)
	1010960  -  ResidentSetSize of job (KB)
...
