000 (6327752.000.000) 11/14 12:57:17 Job submitted from host: <130.199.153.67:9618?addrs=130.199.153.67-9618&noUDP&sock=7357_7f42_4>
...
001 (6327752.000.000) 11/14 12:58:04 Job executing on host: <130.199.153.243:9618?addrs=130.199.153.243-9618&noUDP&sock=21984_c209_3>
...
006 (6327752.000.000) 11/14 12:58:12 Image size of job updated: 972124
	950  -  MemoryUsage of job (MB)
	971952  -  ResidentSetSize of job (KB)
...
006 (6327752.000.000) 11/14 13:03:13 Image size of job updated: 1043112
	1008  -  MemoryUsage of job (MB)
	1031392  -  ResidentSetSize of job (KB)
...
006 (6327752.000.000) 11/14 13:08:14 Image size of job updated: 1044536
	1008  -  MemoryUsage of job (MB)
	1031392  -  ResidentSetSize of job (KB)
...
006 (6327752.000.000) 11/14 13:13:14 Image size of job updated: 1046096
	1008  -  MemoryUsage of job (MB)
	1031392  -  ResidentSetSize of job (KB)
...
006 (6327752.000.000) 11/14 13:18:14 Image size of job updated: 1046128
	1008  -  MemoryUsage of job (MB)
	1031392  -  ResidentSetSize of job (KB)
...
006 (6327752.000.000) 11/14 13:23:15 Image size of job updated: 1046676
	1008  -  MemoryUsage of job (MB)
	1031392  -  ResidentSetSize of job (KB)
...
006 (6327752.000.000) 11/14 13:28:16 Image size of job updated: 1047600
	1008  -  MemoryUsage of job (MB)
	1031392  -  ResidentSetSize of job (KB)
...
006 (6327752.000.000) 11/14 13:33:16 Image size of job updated: 1047640
	1008  -  MemoryUsage of job (MB)
	1031392  -  ResidentSetSize of job (KB)
...
