000 (6327785.000.000) 11/14 12:57:22 Job submitted from host: <130.199.153.67:9618?addrs=130.199.153.67-9618&noUDP&sock=7357_7f42_4>
...
001 (6327785.000.000) 11/14 12:58:09 Job executing on host: <130.199.201.45:9618?addrs=130.199.201.45-9618&noUDP&sock=23046_de17_3>
...
006 (6327785.000.000) 11/14 12:58:18 Image size of job updated: 997568
	949  -  MemoryUsage of job (MB)
	971056  -  ResidentSetSize of job (KB)
...
006 (6327785.000.000) 11/14 13:03:19 Image size of job updated: 1079968
	1029  -  MemoryUsage of job (MB)
	1053412  -  ResidentSetSize of job (KB)
...
006 (6327785.000.000) 11/14 13:08:20 Image size of job updated: 1080804
	1030  -  MemoryUsage of job (MB)
	1054248  -  ResidentSetSize of job (KB)
...
006 (6327785.000.000) 11/14 13:13:20 Image size of job updated: 1082112
	1031  -  MemoryUsage of job (MB)
	1055556  -  ResidentSetSize of job (KB)
...
006 (6327785.000.000) 11/14 13:18:20 Image size of job updated: 1083044
	1032  -  MemoryUsage of job (MB)
	1056032  -  ResidentSetSize of job (KB)
...
006 (6327785.000.000) 11/14 13:23:21 Image size of job updated: 1083116
	1032  -  MemoryUsage of job (MB)
	1056032  -  ResidentSetSize of job (KB)
...
006 (6327785.000.000) 11/14 13:33:22 Image size of job updated: 1083116
	1032  -  MemoryUsage of job (MB)
	1056456  -  ResidentSetSize of job (KB)
...
006 (6327785.000.000) 11/14 13:38:23 Image size of job updated: 1083116
	1032  -  MemoryUsage of job (MB)
	1056508  -  ResidentSetSize of job (KB)
...
006 (6327785.000.000) 11/14 13:43:24 Image size of job updated: 1083116
	1032  -  MemoryUsage of job (MB)
	1056552  -  ResidentSetSize of job (KB)
...
006 (6327785.000.000) 11/14 13:45:11 Image size of job updated: 1521156
	1032  -  MemoryUsage of job (MB)
	1056552  -  ResidentSetSize of job (KB)
...
005 (6327785.000.000) 11/14 13:45:11 Job terminated.
	(1) Normal termination (return value 0)
		Usr 0 00:44:45, Sys 0 00:00:44  -  Run Remote Usage
		Usr 0 00:00:00, Sys 0 00:00:00  -  Run Local Usage
		Usr 0 00:44:45, Sys 0 00:00:44  -  Total Remote Usage
		Usr 0 00:00:00, Sys 0 00:00:00  -  Total Local Usage
	0  -  Run Bytes Sent By Job
	0  -  Run Bytes Received By Job
	0  -  Total Bytes Sent By Job
	0  -  Total Bytes Received By Job
	Partitionable Resources :    Usage  Request Allocated
	   Cpus                 :                 1         1
	   Disk (KB)            :       10       10  47327626
	   Memory (MB)          :     1032        1      2005
...
