000 (6327771.000.000) 11/14 12:57:22 Job submitted from host: <130.199.153.67:9618?addrs=130.199.153.67-9618&noUDP&sock=7357_7f42_4>
...
001 (6327771.000.000) 11/14 12:58:07 Job executing on host: <130.199.202.44:9618?addrs=130.199.202.44-9618&noUDP&sock=6457_a891_3>
...
006 (6327771.000.000) 11/14 12:58:16 Image size of job updated: 980156
	958  -  MemoryUsage of job (MB)
	979972  -  ResidentSetSize of job (KB)
...
006 (6327771.000.000) 11/14 13:03:17 Image size of job updated: 1048316
	1024  -  MemoryUsage of job (MB)
	1048132  -  ResidentSetSize of job (KB)
...
006 (6327771.000.000) 11/14 13:08:18 Image size of job updated: 1049508
	1025  -  MemoryUsage of job (MB)
	1049324  -  ResidentSetSize of job (KB)
...
006 (6327771.000.000) 11/14 13:13:18 Image size of job updated: 1050840
	1027  -  MemoryUsage of job (MB)
	1050656  -  ResidentSetSize of job (KB)
...
006 (6327771.000.000) 11/14 13:18:19 Image size of job updated: 1050888
	1027  -  MemoryUsage of job (MB)
	1050704  -  ResidentSetSize of job (KB)
...
006 (6327771.000.000) 11/14 13:23:20 Image size of job updated: 1050928
	1027  -  MemoryUsage of job (MB)
	1050744  -  ResidentSetSize of job (KB)
...
006 (6327771.000.000) 11/14 13:28:20 Image size of job updated: 1050972
	1027  -  MemoryUsage of job (MB)
	1050788  -  ResidentSetSize of job (KB)
...
006 (6327771.000.000) 11/14 13:33:20 Image size of job updated: 1051040
	1027  -  MemoryUsage of job (MB)
	1050856  -  ResidentSetSize of job (KB)
...
