000 (6327823.000.000) 11/14 12:57:22 Job submitted from host: <130.199.153.67:9618?addrs=130.199.153.67-9618&noUDP&sock=7357_7f42_4>
...
001 (6327823.000.000) 11/14 12:58:16 Job executing on host: <130.199.150.197:9618?addrs=130.199.150.197-9618&noUDP&sock=21980_7df4_3>
...
006 (6327823.000.000) 11/14 12:58:25 Image size of job updated: 963544
	941  -  MemoryUsage of job (MB)
	963360  -  ResidentSetSize of job (KB)
...
006 (6327823.000.000) 11/14 13:03:26 Image size of job updated: 965172
	943  -  MemoryUsage of job (MB)
	964988  -  ResidentSetSize of job (KB)
...
006 (6327823.000.000) 11/14 13:08:27 Image size of job updated: 1013996
	991  -  MemoryUsage of job (MB)
	1013812  -  ResidentSetSize of job (KB)
...
006 (6327823.000.000) 11/14 13:13:27 Image size of job updated: 1014184
	991  -  MemoryUsage of job (MB)
	1014000  -  ResidentSetSize of job (KB)
...
006 (6327823.000.000) 11/14 13:18:27 Image size of job updated: 1014268
	991  -  MemoryUsage of job (MB)
	1014084  -  ResidentSetSize of job (KB)
...
006 (6327823.000.000) 11/14 13:23:28 Image size of job updated: 1014368
	991  -  MemoryUsage of job (MB)
	1014184  -  ResidentSetSize of job (KB)
...
006 (6327823.000.000) 11/14 13:28:29 Image size of job updated: 1014460
	991  -  MemoryUsage of job (MB)
	1014276  -  ResidentSetSize of job (KB)
...
006 (6327823.000.000) 11/14 13:33:29 Image size of job updated: 1015104
	991  -  MemoryUsage of job (MB)
	1014380  -  ResidentSetSize of job (KB)
...
006 (6327823.000.000) 11/14 13:38:30 Image size of job updated: 1015652
	991  -  MemoryUsage of job (MB)
	1014480  -  ResidentSetSize of job (KB)
...
006 (6327823.000.000) 11/14 13:43:31 Image size of job updated: 1016340
	991  -  MemoryUsage of job (MB)
	1014480  -  ResidentSetSize of job (KB)
...
006 (6327823.000.000) 11/14 13:48:31 Image size of job updated: 1016444
	991  -  MemoryUsage of job (MB)
	1014480  -  ResidentSetSize of job (KB)
...
006 (6327823.000.000) 11/14 13:53:31 Image size of job updated: 1016524
	991  -  MemoryUsage of job (MB)
	1014480  -  ResidentSetSize of job (KB)
...
006 (6327823.000.000) 11/14 13:58:32 Image size of job updated: 1016648
	991  -  MemoryUsage of job (MB)
	1014480  -  ResidentSetSize of job (KB)
...
006 (6327823.000.000) 11/14 14:03:32 Image size of job updated: 1016876
	991  -  MemoryUsage of job (MB)
	1014480  -  ResidentSetSize of job (KB)
...
006 (6327823.000.000) 11/14 14:08:32 Image size of job updated: 1017500
	991  -  MemoryUsage of job (MB)
	1014480  -  ResidentSetSize of job (KB)
...
006 (6327823.000.000) 11/14 14:13:33 Image size of job updated: 1017840
	991  -  MemoryUsage of job (MB)
	1014480  -  ResidentSetSize of job (KB)
...
006 (6327823.000.000) 11/14 14:18:34 Image size of job updated: 1017860
	991  -  MemoryUsage of job (MB)
	1014480  -  ResidentSetSize of job (KB)
...
006 (6327823.000.000) 11/14 14:23:34 Image size of job updated: 1018352
	991  -  MemoryUsage of job (MB)
	1014480  -  ResidentSetSize of job (KB)
...
006 (6327823.000.000) 11/14 14:28:34 Image size of job updated: 1018364
	991  -  MemoryUsage of job (MB)
	1014480  -  ResidentSetSize of job (KB)
...
006 (6327823.000.000) 11/14 14:33:35 Image size of job updated: 1018368
	991  -  MemoryUsage of job (MB)
	1014480  -  ResidentSetSize of job (KB)
...
006 (6327823.000.000) 11/14 14:38:35 Image size of job updated: 1018396
	991  -  MemoryUsage of job (MB)
	1014480  -  ResidentSetSize of job (KB)
...
005 (6327823.000.000) 11/14 14:40:01 Job terminated.
	(1) Normal termination (return value 0)
		Usr 0 01:41:21, Sys 0 00:01:33  -  Run Remote Usage
		Usr 0 00:00:00, Sys 0 00:00:00  -  Run Local Usage
		Usr 0 01:41:21, Sys 0 00:01:33  -  Total Remote Usage
		Usr 0 00:00:00, Sys 0 00:00:00  -  Total Local Usage
	0  -  Run Bytes Sent By Job
	0  -  Run Bytes Received By Job
	0  -  Total Bytes Sent By Job
	0  -  Total Bytes Received By Job
	Partitionable Resources :    Usage  Request Allocated
	   Cpus                 :                 1         1
	   Disk (KB)            :       10       10  41489299
	   Memory (MB)          :      991        1      2007
...
