000 (6327737.000.000) 11/14 12:57:17 Job submitted from host: <130.199.153.67:9618?addrs=130.199.153.67-9618&noUDP&sock=7357_7f42_4>
...
001 (6327737.000.000) 11/14 12:58:02 Job executing on host: <130.199.202.6:9618?addrs=130.199.202.6-9618&noUDP&sock=23332_6208_3>
...
006 (6327737.000.000) 11/14 12:58:10 Image size of job updated: 1006476
	957  -  MemoryUsage of job (MB)
	979920  -  ResidentSetSize of job (KB)
...
006 (6327737.000.000) 11/14 13:03:10 Image size of job updated: 1060176
	1010  -  MemoryUsage of job (MB)
	1033620  -  ResidentSetSize of job (KB)
...
006 (6327737.000.000) 11/14 13:08:11 Image size of job updated: 1061056
	1011  -  MemoryUsage of job (MB)
	1034500  -  ResidentSetSize of job (KB)
...
006 (6327737.000.000) 11/14 13:13:12 Image size of job updated: 1061348
	1011  -  MemoryUsage of job (MB)
	1034792  -  ResidentSetSize of job (KB)
...
006 (6327737.000.000) 11/14 13:18:12 Image size of job updated: 1062588
	1012  -  MemoryUsage of job (MB)
	1036032  -  ResidentSetSize of job (KB)
...
006 (6327737.000.000) 11/14 13:23:12 Image size of job updated: 1062636
	1012  -  MemoryUsage of job (MB)
	1036080  -  ResidentSetSize of job (KB)
...
006 (6327737.000.000) 11/14 13:28:13 Image size of job updated: 1062696
	1012  -  MemoryUsage of job (MB)
	1036140  -  ResidentSetSize of job (KB)
...
006 (6327737.000.000) 11/14 13:33:13 Image size of job updated: 1062728
	1012  -  MemoryUsage of job (MB)
	1036172  -  ResidentSetSize of job (KB)
...
006 (6327737.000.000) 11/14 13:38:13 Image size of job updated: 1062784
	1012  -  MemoryUsage of job (MB)
	1036228  -  ResidentSetSize of job (KB)
...
006 (6327737.000.000) 11/14 13:43:14 Image size of job updated: 1062804
	1012  -  MemoryUsage of job (MB)
	1036248  -  ResidentSetSize of job (KB)
...
006 (6327737.000.000) 11/14 13:48:15 Image size of job updated: 1062832
	1012  -  MemoryUsage of job (MB)
	1036276  -  ResidentSetSize of job (KB)
...
006 (6327737.000.000) 11/14 13:53:15 Image size of job updated: 1062860
	1013  -  MemoryUsage of job (MB)
	1036304  -  ResidentSetSize of job (KB)
...
006 (6327737.000.000) 11/14 13:58:16 Image size of job updated: 1062884
	1013  -  MemoryUsage of job (MB)
	1036328  -  ResidentSetSize of job (KB)
...
006 (6327737.000.000) 11/14 14:03:17 Image size of job updated: 1063336
	1013  -  MemoryUsage of job (MB)
	1036780  -  ResidentSetSize of job (KB)
...
006 (6327737.000.000) 11/14 14:08:17 Image size of job updated: 1063424
	1013  -  MemoryUsage of job (MB)
	1036868  -  ResidentSetSize of job (KB)
...
006 (6327737.000.000) 11/14 14:13:17 Image size of job updated: 1063460
	1013  -  MemoryUsage of job (MB)
	1036904  -  ResidentSetSize of job (KB)
...
006 (6327737.000.000) 11/14 14:18:18 Image size of job updated: 1063492
	1013  -  MemoryUsage of job (MB)
	1036936  -  ResidentSetSize of job (KB)
...
006 (6327737.000.000) 11/14 14:23:19 Image size of job updated: 1063516
	1013  -  MemoryUsage of job (MB)
	1036960  -  ResidentSetSize of job (KB)
...
006 (6327737.000.000) 11/14 14:28:19 Image size of job updated: 1063544
	1013  -  MemoryUsage of job (MB)
	1036988  -  ResidentSetSize of job (KB)
...
006 (6327737.000.000) 11/14 14:33:20 Image size of job updated: 1063584
	1013  -  MemoryUsage of job (MB)
	1037028  -  ResidentSetSize of job (KB)
...
006 (6327737.000.000) 11/14 14:38:21 Image size of job updated: 1063616
	1013  -  MemoryUsage of job (MB)
	1037060  -  ResidentSetSize of job (KB)
...
006 (6327737.000.000) 11/14 14:43:21 Image size of job updated: 1063636
	1013  -  MemoryUsage of job (MB)
	1037080  -  ResidentSetSize of job (KB)
...
006 (6327737.000.000) 11/14 14:48:21 Image size of job updated: 1063664
	1013  -  MemoryUsage of job (MB)
	1037108  -  ResidentSetSize of job (KB)
...
005 (6327737.000.000) 11/14 14:53:04 Job terminated.
	(1) Normal termination (return value 0)
		Usr 0 01:54:21, Sys 0 00:01:42  -  Run Remote Usage
		Usr 0 00:00:00, Sys 0 00:00:00  -  Run Local Usage
		Usr 0 01:54:21, Sys 0 00:01:42  -  Total Remote Usage
		Usr 0 00:00:00, Sys 0 00:00:00  -  Total Local Usage
	0  -  Run Bytes Sent By Job
	0  -  Run Bytes Received By Job
	0  -  Total Bytes Sent By Job
	0  -  Total Bytes Received By Job
	Partitionable Resources :    Usage  Request Allocated
	   Cpus                 :                 1         1
	   Disk (KB)            :       10       10  47541167
	   Memory (MB)          :     1013        1      2008
...
