000 (6327725.000.000) 11/14 12:57:17 Job submitted from host: <130.199.153.67:9618?addrs=130.199.153.67-9618&noUDP&sock=7357_7f42_4>
...
001 (6327725.000.000) 11/14 12:58:00 Job executing on host: <130.199.202.65:9618?addrs=130.199.202.65-9618&noUDP&sock=26063_b5c0_3>
...
006 (6327725.000.000) 11/14 12:58:09 Image size of job updated: 881684
	846  -  MemoryUsage of job (MB)
	865648  -  ResidentSetSize of job (KB)
...
006 (6327725.000.000) 11/14 13:03:10 Image size of job updated: 1067496
	1027  -  MemoryUsage of job (MB)
	1051384  -  ResidentSetSize of job (KB)
...
006 (6327725.000.000) 11/14 13:08:11 Image size of job updated: 1068292
	1028  -  MemoryUsage of job (MB)
	1052180  -  ResidentSetSize of job (KB)
...
006 (6327725.000.000) 11/14 13:13:11 Image size of job updated: 1069708
	1029  -  MemoryUsage of job (MB)
	1053596  -  ResidentSetSize of job (KB)
...
006 (6327725.000.000) 11/14 13:18:11 Image size of job updated: 1069740
	1029  -  MemoryUsage of job (MB)
	1053628  -  ResidentSetSize of job (KB)
...
006 (6327725.000.000) 11/14 13:23:12 Image size of job updated: 1069780
	1029  -  MemoryUsage of job (MB)
	1053668  -  ResidentSetSize of job (KB)
...
006 (6327725.000.000) 11/14 13:28:12 Image size of job updated: 1069880
	1030  -  MemoryUsage of job (MB)
	1053768  -  ResidentSetSize of job (KB)
...
006 (6327725.000.000) 11/14 13:33:12 Image size of job updated: 1069880
	1030  -  MemoryUsage of job (MB)
	1053864  -  ResidentSetSize of job (KB)
...
006 (6327725.000.000) 11/14 13:38:13 Image size of job updated: 1069880
	1030  -  MemoryUsage of job (MB)
	1053904  -  ResidentSetSize of job (KB)
...
