000 (6327664.000.000) 11/14 12:57:17 Job submitted from host: <130.199.153.67:9618?addrs=130.199.153.67-9618&noUDP&sock=7357_7f42_4>
...
001 (6327664.000.000) 11/14 12:57:48 Job executing on host: <130.199.201.26:9618?addrs=130.199.201.26-9618&noUDP&sock=23050_222d_3>
...
006 (6327664.000.000) 11/14 12:57:57 Image size of job updated: 993320
	945  -  MemoryUsage of job (MB)
	966760  -  ResidentSetSize of job (KB)
...
006 (6327664.000.000) 11/14 13:02:58 Image size of job updated: 996172
	947  -  MemoryUsage of job (MB)
	969612  -  ResidentSetSize of job (KB)
...
006 (6327664.000.000) 11/14 13:07:58 Image size of job updated: 1043712
	994  -  MemoryUsage of job (MB)
	1017148  -  ResidentSetSize of job (KB)
...
006 (6327664.000.000) 11/14 13:12:58 Image size of job updated: 1043772
	994  -  MemoryUsage of job (MB)
	1017208  -  ResidentSetSize of job (KB)
...
006 (6327664.000.000) 11/14 13:17:59 Image size of job updated: 1049596
	1000  -  MemoryUsage of job (MB)
	1023032  -  ResidentSetSize of job (KB)
...
006 (6327664.000.000) 11/14 13:23:00 Image size of job updated: 1049596
	1000  -  MemoryUsage of job (MB)
	1023080  -  ResidentSetSize of job (KB)
...
006 (6327664.000.000) 11/14 13:28:00 Image size of job updated: 1049596
	1000  -  MemoryUsage of job (MB)
	1023108  -  ResidentSetSize of job (KB)
...
006 (6327664.000.000) 11/14 13:38:01 Image size of job updated: 1056724
	1007  -  MemoryUsage of job (MB)
	1030420  -  ResidentSetSize of job (KB)
...
