000 (6327688.000.000) 11/14 12:57:17 Job submitted from host: <130.199.153.67:9618?addrs=130.199.153.67-9618&noUDP&sock=7357_7f42_4>
...
001 (6327688.000.000) 11/14 12:57:52 Job executing on host: <130.199.202.70:9618?addrs=130.199.202.70-9618&noUDP&sock=13370_8923_3>
...
006 (6327688.000.000) 11/14 12:58:01 Image size of job updated: 966260
	944  -  MemoryUsage of job (MB)
	966076  -  ResidentSetSize of job (KB)
...
006 (6327688.000.000) 11/14 13:03:02 Image size of job updated: 968696
	946  -  MemoryUsage of job (MB)
	968512  -  ResidentSetSize of job (KB)
...
006 (6327688.000.000) 11/14 13:08:03 Image size of job updated: 1021956
	998  -  MemoryUsage of job (MB)
	1021768  -  ResidentSetSize of job (KB)
...
006 (6327688.000.000) 11/14 13:13:03 Image size of job updated: 1021984
	998  -  MemoryUsage of job (MB)
	1021796  -  ResidentSetSize of job (KB)
...
006 (6327688.000.000) 11/14 13:18:03 Image size of job updated: 1022008
	998  -  MemoryUsage of job (MB)
	1021820  -  ResidentSetSize of job (KB)
...
006 (6327688.000.000) 11/14 13:23:04 Image size of job updated: 1024356
	1000  -  MemoryUsage of job (MB)
	1023904  -  ResidentSetSize of job (KB)
...
006 (6327688.000.000) 11/14 13:28:05 Image size of job updated: 1024372
	1000  -  MemoryUsage of job (MB)
	1023904  -  ResidentSetSize of job (KB)
...
006 (6327688.000.000) 11/14 13:33:05 Image size of job updated: 1024384
	1000  -  MemoryUsage of job (MB)
	1023904  -  ResidentSetSize of job (KB)
...
