000 (6327666.000.000) 11/14 12:57:17 Job submitted from host: <130.199.153.67:9618?addrs=130.199.153.67-9618&noUDP&sock=7357_7f42_4>
...
001 (6327666.000.000) 11/14 12:57:47 Job executing on host: <130.199.150.221:9618?addrs=130.199.150.221-9618&noUDP&sock=8829_5dd4_3>
...
006 (6327666.000.000) 11/14 12:57:56 Image size of job updated: 966908
	945  -  MemoryUsage of job (MB)
	966724  -  ResidentSetSize of job (KB)
...
006 (6327666.000.000) 11/14 13:02:57 Image size of job updated: 969228
	947  -  MemoryUsage of job (MB)
	969044  -  ResidentSetSize of job (KB)
...
006 (6327666.000.000) 11/14 13:07:58 Image size of job updated: 1019340
	996  -  MemoryUsage of job (MB)
	1019156  -  ResidentSetSize of job (KB)
...
006 (6327666.000.000) 11/14 13:12:58 Image size of job updated: 1019820
	996  -  MemoryUsage of job (MB)
	1019636  -  ResidentSetSize of job (KB)
...
006 (6327666.000.000) 11/14 13:17:59 Image size of job updated: 1019864
	996  -  MemoryUsage of job (MB)
	1019680  -  ResidentSetSize of job (KB)
...
006 (6327666.000.000) 11/14 13:23:00 Image size of job updated: 1019892
	996  -  MemoryUsage of job (MB)
	1019708  -  ResidentSetSize of job (KB)
...
006 (6327666.000.000) 11/14 13:28:00 Image size of job updated: 1019912
	996  -  MemoryUsage of job (MB)
	1019708  -  ResidentSetSize of job (KB)
...
006 (6327666.000.000) 11/14 13:33:00 Image size of job updated: 1020820
	996  -  MemoryUsage of job (MB)
	1019708  -  ResidentSetSize of job (KB)
...
006 (6327666.000.000) 11/14 13:38:02 Image size of job updated: 1022400
	996  -  MemoryUsage of job (MB)
	1019708  -  ResidentSetSize of job (KB)
...
006 (6327666.000.000) 11/14 13:43:02 Image size of job updated: 1022424
	996  -  MemoryUsage of job (MB)
	1019708  -  ResidentSetSize of job (KB)
...
006 (6327666.000.000) 11/14 13:48:02 Image size of job updated: 1022448
	996  -  MemoryUsage of job (MB)
	1019708  -  ResidentSetSize of job (KB)
...
006 (6327666.000.000) 11/14 13:53:03 Image size of job updated: 1022472
	996  -  MemoryUsage of job (MB)
	1019708  -  ResidentSetSize of job (KB)
...
006 (6327666.000.000) 11/14 13:58:04 Image size of job updated: 1022496
	996  -  MemoryUsage of job (MB)
	1019708  -  ResidentSetSize of job (KB)
...
006 (6327666.000.000) 11/14 14:03:04 Image size of job updated: 1022892
	996  -  MemoryUsage of job (MB)
	1019708  -  ResidentSetSize of job (KB)
...
006 (6327666.000.000) 11/14 14:08:04 Image size of job updated: 1022912
	996  -  MemoryUsage of job (MB)
	1019708  -  ResidentSetSize of job (KB)
...
006 (6327666.000.000) 11/14 14:13:05 Image size of job updated: 1022932
	996  -  MemoryUsage of job (MB)
	1019708  -  ResidentSetSize of job (KB)
...
006 (6327666.000.000) 11/14 14:18:06 Image size of job updated: 1022988
	996  -  MemoryUsage of job (MB)
	1019708  -  ResidentSetSize of job (KB)
...
006 (6327666.000.000) 11/14 14:23:06 Image size of job updated: 1023036
	996  -  MemoryUsage of job (MB)
	1019708  -  ResidentSetSize of job (KB)
...
006 (6327666.000.000) 11/14 14:28:07 Image size of job updated: 1023552
	996  -  MemoryUsage of job (MB)
	1019708  -  ResidentSetSize of job (KB)
...
006 (6327666.000.000) 11/14 14:33:08 Image size of job updated: 1023588
	996  -  MemoryUsage of job (MB)
	1019708  -  ResidentSetSize of job (KB)
...
006 (6327666.000.000) 11/14 14:38:08 Image size of job updated: 1023656
	996  -  MemoryUsage of job (MB)
	1019708  -  ResidentSetSize of job (KB)
...
006 (6327666.000.000) 11/14 14:43:08 Image size of job updated: 1023688
	996  -  MemoryUsage of job (MB)
	1019708  -  ResidentSetSize of job (KB)
...
006 (6327666.000.000) 11/14 14:48:09 Image size of job updated: 1023720
	996  -  MemoryUsage of job (MB)
	1019708  -  ResidentSetSize of job (KB)
...
006 (6327666.000.000) 11/14 14:53:10 Image size of job updated: 1023740
	996  -  MemoryUsage of job (MB)
	1019708  -  ResidentSetSize of job (KB)
...
006 (6327666.000.000) 11/14 14:58:10 Image size of job updated: 1023780
	996  -  MemoryUsage of job (MB)
	1019708  -  ResidentSetSize of job (KB)
...
006 (6327666.000.000) 11/14 15:03:10 Image size of job updated: 1023844
	996  -  MemoryUsage of job (MB)
	1019708  -  ResidentSetSize of job (KB)
...
006 (6327666.000.000) 11/14 15:08:11 Image size of job updated: 1023884
	996  -  MemoryUsage of job (MB)
	1019708  -  ResidentSetSize of job (KB)
...
006 (6327666.000.000) 11/14 15:13:12 Image size of job updated: 1023924
	996  -  MemoryUsage of job (MB)
	1019708  -  ResidentSetSize of job (KB)
...
006 (6327666.000.000) 11/14 15:18:12 Image size of job updated: 1023956
	996  -  MemoryUsage of job (MB)
	1019708  -  ResidentSetSize of job (KB)
...
006 (6327666.000.000) 11/14 15:23:13 Image size of job updated: 1023980
	996  -  MemoryUsage of job (MB)
	1019708  -  ResidentSetSize of job (KB)
...
006 (6327666.000.000) 11/14 15:28:14 Image size of job updated: 1024008
	996  -  MemoryUsage of job (MB)
	1019708  -  ResidentSetSize of job (KB)
...
006 (6327666.000.000) 11/14 15:33:14 Image size of job updated: 1024036
	996  -  MemoryUsage of job (MB)
	1019708  -  ResidentSetSize of job (KB)
...
006 (6327666.000.000) 11/14 15:38:14 Image size of job updated: 1024072
	996  -  MemoryUsage of job (MB)
	1019708  -  ResidentSetSize of job (KB)
...
006 (6327666.000.000) 11/14 15:43:15 Image size of job updated: 1024580
	996  -  MemoryUsage of job (MB)
	1019708  -  ResidentSetSize of job (KB)
...
006 (6327666.000.000) 11/14 15:48:15 Image size of job updated: 1025172
	996  -  MemoryUsage of job (MB)
	1019708  -  ResidentSetSize of job (KB)
...
006 (6327666.000.000) 11/14 15:58:16 Image size of job updated: 1025536
	996  -  MemoryUsage of job (MB)
	1019708  -  ResidentSetSize of job (KB)
...
006 (6327666.000.000) 11/14 16:08:16 Image size of job updated: 1025540
	996  -  MemoryUsage of job (MB)
	1019708  -  ResidentSetSize of job (KB)
...
006 (6327666.000.000) 11/14 16:13:17 Image size of job updated: 1025548
	996  -  MemoryUsage of job (MB)
	1019708  -  ResidentSetSize of job (KB)
...
006 (6327666.000.000) 11/14 16:18:18 Image size of job updated: 1025556
	996  -  MemoryUsage of job (MB)
	1019708  -  ResidentSetSize of job (KB)
...
006 (6327666.000.000) 11/14 16:23:18 Image size of job updated: 1025564
	996  -  MemoryUsage of job (MB)
	1019708  -  ResidentSetSize of job (KB)
...
006 (6327666.000.000) 11/14 16:28:19 Image size of job updated: 1025568
	996  -  MemoryUsage of job (MB)
	1019708  -  ResidentSetSize of job (KB)
...
006 (6327666.000.000) 11/14 16:33:20 Image size of job updated: 1025572
	996  -  MemoryUsage of job (MB)
	1019708  -  ResidentSetSize of job (KB)
...
006 (6327666.000.000) 11/14 16:38:20 Image size of job updated: 1025580
	996  -  MemoryUsage of job (MB)
	1019708  -  ResidentSetSize of job (KB)
...
006 (6327666.000.000) 11/14 16:43:20 Image size of job updated: 1025584
	996  -  MemoryUsage of job (MB)
	1019708  -  ResidentSetSize of job (KB)
...
006 (6327666.000.000) 11/14 16:48:21 Image size of job updated: 1025588
	996  -  MemoryUsage of job (MB)
	1019708  -  ResidentSetSize of job (KB)
...
006 (6327666.000.000) 11/14 16:53:22 Image size of job updated: 1025592
	996  -  MemoryUsage of job (MB)
	1019708  -  ResidentSetSize of job (KB)
...
006 (6327666.000.000) 11/14 16:58:22 Image size of job updated: 1025688
	996  -  MemoryUsage of job (MB)
	1019708  -  ResidentSetSize of job (KB)
...
006 (6327666.000.000) 11/14 17:08:24 Image size of job updated: 1025692
	996  -  MemoryUsage of job (MB)
	1019708  -  ResidentSetSize of job (KB)
...
006 (6327666.000.000) 11/14 17:13:24 Image size of job updated: 1025700
	996  -  MemoryUsage of job (MB)
	1019708  -  ResidentSetSize of job (KB)
...
006 (6327666.000.000) 11/14 17:18:24 Image size of job updated: 1025712
	996  -  MemoryUsage of job (MB)
	1019708  -  ResidentSetSize of job (KB)
...
006 (6327666.000.000) 11/14 17:23:25 Image size of job updated: 1025716
	996  -  MemoryUsage of job (MB)
	1019708  -  ResidentSetSize of job (KB)
...
006 (6327666.000.000) 11/14 17:28:26 Image size of job updated: 1025724
	996  -  MemoryUsage of job (MB)
	1019708  -  ResidentSetSize of job (KB)
...
006 (6327666.000.000) 11/14 17:38:27 Image size of job updated: 1025728
	996  -  MemoryUsage of job (MB)
	1019708  -  ResidentSetSize of job (KB)
...
006 (6327666.000.000) 11/14 17:43:28 Image size of job updated: 1025732
	996  -  MemoryUsage of job (MB)
	1019708  -  ResidentSetSize of job (KB)
...
006 (6327666.000.000) 11/14 17:53:28 Image size of job updated: 1025736
	996  -  MemoryUsage of job (MB)
	1019708  -  ResidentSetSize of job (KB)
...
006 (6327666.000.000) 11/14 17:58:29 Image size of job updated: 1025752
	996  -  MemoryUsage of job (MB)
	1019708  -  ResidentSetSize of job (KB)
...
006 (6327666.000.000) 11/14 18:03:29 Image size of job updated: 1025756
	996  -  MemoryUsage of job (MB)
	1019708  -  ResidentSetSize of job (KB)
...
006 (6327666.000.000) 11/14 18:13:30 Image size of job updated: 1025764
	996  -  MemoryUsage of job (MB)
	1019708  -  ResidentSetSize of job (KB)
...
006 (6327666.000.000) 11/14 18:23:31 Image size of job updated: 1025768
	996  -  MemoryUsage of job (MB)
	1019708  -  ResidentSetSize of job (KB)
...
006 (6327666.000.000) 11/14 18:28:32 Image size of job updated: 1025776
	996  -  MemoryUsage of job (MB)
	1019708  -  ResidentSetSize of job (KB)
...
006 (6327666.000.000) 11/14 18:33:33 Image size of job updated: 1025788
	996  -  MemoryUsage of job (MB)
	1019708  -  ResidentSetSize of job (KB)
...
006 (6327666.000.000) 11/14 18:38:33 Image size of job updated: 1025792
	996  -  MemoryUsage of job (MB)
	1019708  -  ResidentSetSize of job (KB)
...
006 (6327666.000.000) 11/14 18:48:34 Image size of job updated: 1025800
	996  -  MemoryUsage of job (MB)
	1019708  -  ResidentSetSize of job (KB)
...
006 (6327666.000.000) 11/14 18:53:34 Image size of job updated: 1025804
	996  -  MemoryUsage of job (MB)
	1019708  -  ResidentSetSize of job (KB)
...
006 (6327666.000.000) 11/14 18:58:34 Image size of job updated: 1032644
	996  -  MemoryUsage of job (MB)
	1019708  -  ResidentSetSize of job (KB)
...
006 (6327666.000.000) 11/14 19:08:36 Image size of job updated: 1041144
	996  -  MemoryUsage of job (MB)
	1019708  -  ResidentSetSize of job (KB)
...
006 (6327666.000.000) 11/14 19:13:36 Image size of job updated: 1068396
	996  -  MemoryUsage of job (MB)
	1019708  -  ResidentSetSize of job (KB)
...
006 (6327666.000.000) 11/14 19:23:37 Image size of job updated: 1068400
	996  -  MemoryUsage of job (MB)
	1019708  -  ResidentSetSize of job (KB)
...
006 (6327666.000.000) 11/14 20:08:41 Image size of job updated: 1068652
	996  -  MemoryUsage of job (MB)
	1019708  -  ResidentSetSize of job (KB)
...
006 (6327666.000.000) 11/14 21:38:50 Image size of job updated: 1069060
	996  -  MemoryUsage of job (MB)
	1019708  -  ResidentSetSize of job (KB)
...
006 (6327666.000.000) 11/14 22:48:57 Image size of job updated: 1069064
	996  -  MemoryUsage of job (MB)
	1019708  -  ResidentSetSize of job (KB)
...
006 (6327666.000.000) 11/14 23:03:59 Image size of job updated: 1069092
	996  -  MemoryUsage of job (MB)
	1019708  -  ResidentSetSize of job (KB)
...
006 (6327666.000.000) 11/15 00:39:07 Image size of job updated: 1069444
	996  -  MemoryUsage of job (MB)
	1019708  -  ResidentSetSize of job (KB)
...
006 (6327666.000.000) 11/15 01:24:12 Image size of job updated: 1069504
	996  -  MemoryUsage of job (MB)
	1019708  -  ResidentSetSize of job (KB)
...
006 (6327666.000.000) 11/15 01:44:42 Image size of job updated: 1201068
	996  -  MemoryUsage of job (MB)
	1019708  -  ResidentSetSize of job (KB)
...
005 (6327666.000.000) 11/15 01:44:42 Job terminated.
	(1) Normal termination (return value 0)
		Usr 0 12:46:12, Sys 0 00:11:26  -  Run Remote Usage
		Usr 0 00:00:00, Sys 0 00:00:00  -  Run Local Usage
		Usr 0 12:46:12, Sys 0 00:11:26  -  Total Remote Usage
		Usr 0 00:00:00, Sys 0 00:00:00  -  Total Local Usage
	0  -  Run Bytes Sent By Job
	0  -  Run Bytes Received By Job
	0  -  Total Bytes Sent By Job
	0  -  Total Bytes Received By Job
	Partitionable Resources :    Usage  Request Allocated
	   Cpus                 :                 1         1
	   Disk (KB)            :       10       10  59425716
	   Memory (MB)          :      996        1      2007
...
