000 (6327744.000.000) 11/14 12:57:17 Job submitted from host: <130.199.153.67:9618?addrs=130.199.153.67-9618&noUDP&sock=7357_7f42_4>
...
001 (6327744.000.000) 11/14 12:58:03 Job executing on host: <130.199.153.47:9618?addrs=130.199.153.47-9618&noUDP&sock=21969_02b9_3>
...
006 (6327744.000.000) 11/14 12:58:12 Image size of job updated: 991120
	942  -  MemoryUsage of job (MB)
	964564  -  ResidentSetSize of job (KB)
...
006 (6327744.000.000) 11/14 13:03:13 Image size of job updated: 1036896
	987  -  MemoryUsage of job (MB)
	1010340  -  ResidentSetSize of job (KB)
...
006 (6327744.000.000) 11/14 13:08:13 Image size of job updated: 1047632
	998  -  MemoryUsage of job (MB)
	1021076  -  ResidentSetSize of job (KB)
...
006 (6327744.000.000) 11/14 13:13:13 Image size of job updated: 1048180
	998  -  MemoryUsage of job (MB)
	1021624  -  ResidentSetSize of job (KB)
...
006 (6327744.000.000) 11/14 13:18:14 Image size of job updated: 1090452
	1039  -  MemoryUsage of job (MB)
	1063896  -  ResidentSetSize of job (KB)
...
006 (6327744.000.000) 11/14 13:23:15 Image size of job updated: 1102836
	1052  -  MemoryUsage of job (MB)
	1076280  -  ResidentSetSize of job (KB)
...
006 (6327744.000.000) 11/14 13:28:15 Image size of job updated: 1103232
	1052  -  MemoryUsage of job (MB)
	1076676  -  ResidentSetSize of job (KB)
...
