000 (6327772.000.000) 11/14 12:57:22 Job submitted from host: <130.199.153.67:9618?addrs=130.199.153.67-9618&noUDP&sock=7357_7f42_4>
...
001 (6327772.000.000) 11/14 12:58:07 Job executing on host: <130.199.202.51:9618?addrs=130.199.202.51-9618&noUDP&sock=5283_1a30_3>
...
006 (6327772.000.000) 11/14 12:58:16 Image size of job updated: 986124
	943  -  MemoryUsage of job (MB)
	965176  -  ResidentSetSize of job (KB)
...
006 (6327772.000.000) 11/14 13:03:17 Image size of job updated: 1036212
	992  -  MemoryUsage of job (MB)
	1015264  -  ResidentSetSize of job (KB)
...
006 (6327772.000.000) 11/14 13:08:17 Image size of job updated: 1036212
	992  -  MemoryUsage of job (MB)
	1015756  -  ResidentSetSize of job (KB)
...
006 (6327772.000.000) 11/14 13:13:17 Image size of job updated: 1036212
	994  -  MemoryUsage of job (MB)
	1017572  -  ResidentSetSize of job (KB)
...
006 (6327772.000.000) 11/14 13:18:18 Image size of job updated: 1036212
	995  -  MemoryUsage of job (MB)
	1018136  -  ResidentSetSize of job (KB)
...
006 (6327772.000.000) 11/14 13:23:18 Image size of job updated: 1036212
	995  -  MemoryUsage of job (MB)
	1018416  -  ResidentSetSize of job (KB)
...
006 (6327772.000.000) 11/14 13:28:18 Image size of job updated: 1036212
	996  -  MemoryUsage of job (MB)
	1018944  -  ResidentSetSize of job (KB)
...
006 (6327772.000.000) 11/14 13:33:19 Image size of job updated: 1036212
	996  -  MemoryUsage of job (MB)
	1019120  -  ResidentSetSize of job (KB)
...
006 (6327772.000.000) 11/14 13:38:19 Image size of job updated: 1036212
	996  -  MemoryUsage of job (MB)
	1019268  -  ResidentSetSize of job (KB)
...
006 (6327772.000.000) 11/14 13:43:19 Image size of job updated: 1036212
	996  -  MemoryUsage of job (MB)
	1019848  -  ResidentSetSize of job (KB)
...
006 (6327772.000.000) 11/14 13:48:20 Image size of job updated: 1036212
	997  -  MemoryUsage of job (MB)
	1020136  -  ResidentSetSize of job (KB)
...
006 (6327772.000.000) 11/14 14:18:22 Image size of job updated: 1036212
	997  -  MemoryUsage of job (MB)
	1020468  -  ResidentSetSize of job (KB)
...
006 (6327772.000.000) 11/14 14:48:26 Image size of job updated: 1036212
	997  -  MemoryUsage of job (MB)
	1020800  -  ResidentSetSize of job (KB)
...
006 (6327772.000.000) 11/14 16:57:53 Image size of job updated: 1185536
	997  -  MemoryUsage of job (MB)
	1020800  -  ResidentSetSize of job (KB)
...
005 (6327772.000.000) 11/14 16:57:53 Job terminated.
	(1) Normal termination (return value 0)
		Usr 0 03:59:06, Sys 0 00:03:22  -  Run Remote Usage
		Usr 0 00:00:00, Sys 0 00:00:00  -  Run Local Usage
		Usr 0 03:59:06, Sys 0 00:03:22  -  Total Remote Usage
		Usr 0 00:00:00, Sys 0 00:00:00  -  Total Local Usage
	0  -  Run Bytes Sent By Job
	0  -  Run Bytes Received By Job
	0  -  Total Bytes Sent By Job
	0  -  Total Bytes Received By Job
	Partitionable Resources :    Usage  Request Allocated
	   Cpus                 :                 1         1
	   Disk (KB)            :       10       10  65479092
	   Memory (MB)          :      997        1      2008
...
