000 (6327728.000.000) 11/14 12:57:17 Job submitted from host: <130.199.153.67:9618?addrs=130.199.153.67-9618&noUDP&sock=7357_7f42_4>
...
001 (6327728.000.000) 11/14 12:58:00 Job executing on host: <130.199.150.133:9618?addrs=130.199.150.133-9618&noUDP&sock=19230_26d7_3>
...
006 (6327728.000.000) 11/14 12:58:09 Image size of job updated: 1010128
	961  -  MemoryUsage of job (MB)
	983572  -  ResidentSetSize of job (KB)
...
006 (6327728.000.000) 11/14 13:03:10 Image size of job updated: 1074384
	1024  -  MemoryUsage of job (MB)
	1047828  -  ResidentSetSize of job (KB)
...
006 (6327728.000.000) 11/14 13:08:10 Image size of job updated: 1075256
	1025  -  MemoryUsage of job (MB)
	1048700  -  ResidentSetSize of job (KB)
...
006 (6327728.000.000) 11/14 13:13:10 Image size of job updated: 1076524
	1026  -  MemoryUsage of job (MB)
	1049968  -  ResidentSetSize of job (KB)
...
006 (6327728.000.000) 11/14 13:18:11 Image size of job updated: 1076584
	1026  -  MemoryUsage of job (MB)
	1050028  -  ResidentSetSize of job (KB)
...
006 (6327728.000.000) 11/14 13:23:12 Image size of job updated: 1076636
	1026  -  MemoryUsage of job (MB)
	1050080  -  ResidentSetSize of job (KB)
...
006 (6327728.000.000) 11/14 13:28:12 Image size of job updated: 1077740
	1027  -  MemoryUsage of job (MB)
	1051184  -  ResidentSetSize of job (KB)
...
006 (6327728.000.000) 11/14 13:33:12 Image size of job updated: 1077872
	1027  -  MemoryUsage of job (MB)
	1051316  -  ResidentSetSize of job (KB)
...
006 (6327728.000.000) 11/14 13:38:13 Image size of job updated: 1077924
	1027  -  MemoryUsage of job (MB)
	1051368  -  ResidentSetSize of job (KB)
...
