000 (6327740.000.000) 11/14 12:57:17 Job submitted from host: <130.199.153.67:9618?addrs=130.199.153.67-9618&noUDP&sock=7357_7f42_4>
...
001 (6327740.000.000) 11/14 12:58:02 Job executing on host: <130.199.201.19:9618?addrs=130.199.201.19-9618&noUDP&sock=23133_66e6_3>
...
006 (6327740.000.000) 11/14 12:58:11 Image size of job updated: 8452
	8  -  MemoryUsage of job (MB)
	8144  -  ResidentSetSize of job (KB)
...
006 (6327740.000.000) 11/14 13:03:12 Image size of job updated: 979856
	946  -  MemoryUsage of job (MB)
	968144  -  ResidentSetSize of job (KB)
...
006 (6327740.000.000) 11/14 13:08:13 Image size of job updated: 1030996
	996  -  MemoryUsage of job (MB)
	1019304  -  ResidentSetSize of job (KB)
...
006 (6327740.000.000) 11/14 13:13:13 Image size of job updated: 1031408
	996  -  MemoryUsage of job (MB)
	1019716  -  ResidentSetSize of job (KB)
...
006 (6327740.000.000) 11/14 13:23:14 Image size of job updated: 1031692
	996  -  MemoryUsage of job (MB)
	1019716  -  ResidentSetSize of job (KB)
...
006 (6327740.000.000) 11/14 13:28:15 Image size of job updated: 1032016
	996  -  MemoryUsage of job (MB)
	1019716  -  ResidentSetSize of job (KB)
...
006 (6327740.000.000) 11/14 13:43:17 Image size of job updated: 1032068
	996  -  MemoryUsage of job (MB)
	1019716  -  ResidentSetSize of job (KB)
...
006 (6327740.000.000) 11/14 16:13:33 Image size of job updated: 1035220
	996  -  MemoryUsage of job (MB)
	1019716  -  ResidentSetSize of job (KB)
...
006 (6327740.000.000) 11/14 16:33:35 Image size of job updated: 1035548
	996  -  MemoryUsage of job (MB)
	1019716  -  ResidentSetSize of job (KB)
...
006 (6327740.000.000) 11/14 16:38:36 Image size of job updated: 1035676
	996  -  MemoryUsage of job (MB)
	1019716  -  ResidentSetSize of job (KB)
...
006 (6327740.000.000) 11/14 16:43:37 Image size of job updated: 1035748
	996  -  MemoryUsage of job (MB)
	1019716  -  ResidentSetSize of job (KB)
...
006 (6327740.000.000) 11/14 17:13:39 Image size of job updated: 1050336
	996  -  MemoryUsage of job (MB)
	1019716  -  ResidentSetSize of job (KB)
...
006 (6327740.000.000) 11/14 17:18:40 Image size of job updated: 1070524
	996  -  MemoryUsage of job (MB)
	1019716  -  ResidentSetSize of job (KB)
...
006 (6327740.000.000) 11/14 17:23:40 Image size of job updated: 1076232
	996  -  MemoryUsage of job (MB)
	1019716  -  ResidentSetSize of job (KB)
...
005 (6327740.000.000) 11/14 17:24:09 Job terminated.
	(1) Normal termination (return value 0)
		Usr 0 04:23:23, Sys 0 00:03:23  -  Run Remote Usage
		Usr 0 00:00:00, Sys 0 00:00:00  -  Run Local Usage
		Usr 0 04:23:23, Sys 0 00:03:23  -  Total Remote Usage
		Usr 0 00:00:00, Sys 0 00:00:00  -  Total Local Usage
	0  -  Run Bytes Sent By Job
	0  -  Run Bytes Received By Job
	0  -  Total Bytes Sent By Job
	0  -  Total Bytes Received By Job
	Partitionable Resources :    Usage  Request Allocated
	   Cpus                 :                 1         1
	   Disk (KB)            :       10       10  47328027
	   Memory (MB)          :      996        1      2005
...
