000 (6327724.000.000) 11/14 12:57:17 Job submitted from host: <130.199.153.67:9618?addrs=130.199.153.67-9618&noUDP&sock=7357_7f42_4>
...
001 (6327724.000.000) 11/14 12:58:00 Job executing on host: <130.199.202.45:9618?addrs=130.199.202.45-9618&noUDP&sock=34383_e28b_3>
...
006 (6327724.000.000) 11/14 12:58:08 Image size of job updated: 757768
	715  -  MemoryUsage of job (MB)
	732004  -  ResidentSetSize of job (KB)
...
006 (6327724.000.000) 11/14 13:03:08 Image size of job updated: 1056080
	1007  -  MemoryUsage of job (MB)
	1030236  -  ResidentSetSize of job (KB)
...
006 (6327724.000.000) 11/14 13:08:09 Image size of job updated: 1056204
	1007  -  MemoryUsage of job (MB)
	1030612  -  ResidentSetSize of job (KB)
...
006 (6327724.000.000) 11/14 13:13:10 Image size of job updated: 1056572
	1008  -  MemoryUsage of job (MB)
	1031336  -  ResidentSetSize of job (KB)
...
006 (6327724.000.000) 11/14 13:18:10 Image size of job updated: 1056572
	1008  -  MemoryUsage of job (MB)
	1031608  -  ResidentSetSize of job (KB)
...
006 (6327724.000.000) 11/14 13:23:10 Image size of job updated: 1056572
	1009  -  MemoryUsage of job (MB)
	1032832  -  ResidentSetSize of job (KB)
...
006 (6327724.000.000) 11/14 13:28:11 Image size of job updated: 1056572
	1009  -  MemoryUsage of job (MB)
	1032876  -  ResidentSetSize of job (KB)
...
006 (6327724.000.000) 11/14 13:33:12 Image size of job updated: 1056572
	1009  -  MemoryUsage of job (MB)
	1032904  -  ResidentSetSize of job (KB)
...
006 (6327724.000.000) 11/14 13:38:12 Image size of job updated: 1056572
	1010  -  MemoryUsage of job (MB)
	1033568  -  ResidentSetSize of job (KB)
...
006 (6327724.000.000) 11/14 13:43:13 Image size of job updated: 1056572
	1010  -  MemoryUsage of job (MB)
	1033604  -  ResidentSetSize of job (KB)
...
006 (6327724.000.000) 11/14 13:48:14 Image size of job updated: 1056572
	1010  -  MemoryUsage of job (MB)
	1033644  -  ResidentSetSize of job (KB)
...
006 (6327724.000.000) 11/14 13:53:14 Image size of job updated: 1056572
	1010  -  MemoryUsage of job (MB)
	1033684  -  ResidentSetSize of job (KB)
...
006 (6327724.000.000) 11/14 13:58:14 Image size of job updated: 1056572
	1010  -  MemoryUsage of job (MB)
	1033732  -  ResidentSetSize of job (KB)
...
006 (6327724.000.000) 11/14 14:03:15 Image size of job updated: 1056572
	1010  -  MemoryUsage of job (MB)
	1033776  -  ResidentSetSize of job (KB)
...
006 (6327724.000.000) 11/14 14:08:15 Image size of job updated: 1056572
	1010  -  MemoryUsage of job (MB)
	1033812  -  ResidentSetSize of job (KB)
...
006 (6327724.000.000) 11/14 14:13:15 Image size of job updated: 1056572
	1010  -  MemoryUsage of job (MB)
	1033828  -  ResidentSetSize of job (KB)
...
006 (6327724.000.000) 11/14 14:18:16 Image size of job updated: 1056572
	1011  -  MemoryUsage of job (MB)
	1034256  -  ResidentSetSize of job (KB)
...
006 (6327724.000.000) 11/14 14:23:17 Image size of job updated: 1056572
	1011  -  MemoryUsage of job (MB)
	1034348  -  ResidentSetSize of job (KB)
...
006 (6327724.000.000) 11/14 14:28:17 Image size of job updated: 1056572
	1012  -  MemoryUsage of job (MB)
	1036000  -  ResidentSetSize of job (KB)
...
006 (6327724.000.000) 11/14 14:33:18 Image size of job updated: 1056572
	1012  -  MemoryUsage of job (MB)
	1036004  -  ResidentSetSize of job (KB)
...
006 (6327724.000.000) 11/14 14:54:09 Image size of job updated: 1725564
	1012  -  MemoryUsage of job (MB)
	1036004  -  ResidentSetSize of job (KB)
...
005 (6327724.000.000) 11/14 14:54:09 Job terminated.
	(1) Normal termination (return value 0)
		Usr 0 01:55:04, Sys 0 00:01:56  -  Run Remote Usage
		Usr 0 00:00:00, Sys 0 00:00:00  -  Run Local Usage
		Usr 0 01:55:04, Sys 0 00:01:56  -  Total Remote Usage
		Usr 0 00:00:00, Sys 0 00:00:00  -  Total Local Usage
	0  -  Run Bytes Sent By Job
	0  -  Run Bytes Received By Job
	0  -  Total Bytes Sent By Job
	0  -  Total Bytes Received By Job
	Partitionable Resources :    Usage  Request Allocated
	   Cpus                 :                 1         1
	   Disk (KB)            :       10       10  65479135
	   Memory (MB)          :     1012        1      2008
...
