000 (6327806.000.000) 11/14 12:57:22 Job submitted from host: <130.199.153.67:9618?addrs=130.199.153.67-9618&noUDP&sock=7357_7f42_4>
...
001 (6327806.000.000) 11/14 12:58:13 Job executing on host: <130.199.151.244:9618?addrs=130.199.151.244-9618&noUDP&sock=22996_0b0e_3>
...
006 (6327806.000.000) 11/14 12:58:22 Image size of job updated: 991144
	942  -  MemoryUsage of job (MB)
	964588  -  ResidentSetSize of job (KB)
...
006 (6327806.000.000) 11/14 13:03:23 Image size of job updated: 1037812
	988  -  MemoryUsage of job (MB)
	1011256  -  ResidentSetSize of job (KB)
...
006 (6327806.000.000) 11/14 13:08:24 Image size of job updated: 1039684
	990  -  MemoryUsage of job (MB)
	1013128  -  ResidentSetSize of job (KB)
...
006 (6327806.000.000) 11/14 13:13:24 Image size of job updated: 1065820
	1015  -  MemoryUsage of job (MB)
	1039264  -  ResidentSetSize of job (KB)
...
006 (6327806.000.000) 11/14 13:18:24 Image size of job updated: 1065860
	1015  -  MemoryUsage of job (MB)
	1039304  -  ResidentSetSize of job (KB)
...
006 (6327806.000.000) 11/14 13:23:25 Image size of job updated: 1103252
	1052  -  MemoryUsage of job (MB)
	1076696  -  ResidentSetSize of job (KB)
...
006 (6327806.000.000) 11/14 13:28:26 Image size of job updated: 1103716
	1052  -  MemoryUsage of job (MB)
	1077160  -  ResidentSetSize of job (KB)
...
