000 (6327765.000.000) 11/14 12:57:22 Job submitted from host: <130.199.153.67:9618?addrs=130.199.153.67-9618&noUDP&sock=7357_7f42_4>
...
001 (6327765.000.000) 11/14 12:58:06 Job executing on host: <130.199.153.228:9618?addrs=130.199.153.228-9618&noUDP&sock=10896_8bc2_3>
...
006 (6327765.000.000) 11/14 12:58:15 Image size of job updated: 991000
	942  -  MemoryUsage of job (MB)
	963672  -  ResidentSetSize of job (KB)
...
006 (6327765.000.000) 11/14 13:03:16 Image size of job updated: 993352
	944  -  MemoryUsage of job (MB)
	966024  -  ResidentSetSize of job (KB)
...
006 (6327765.000.000) 11/14 13:08:17 Image size of job updated: 1038880
	988  -  MemoryUsage of job (MB)
	1011524  -  ResidentSetSize of job (KB)
...
006 (6327765.000.000) 11/14 13:13:17 Image size of job updated: 1051744
	1001  -  MemoryUsage of job (MB)
	1024388  -  ResidentSetSize of job (KB)
...
006 (6327765.000.000) 11/14 13:18:18 Image size of job updated: 1051748
	1001  -  MemoryUsage of job (MB)
	1024392  -  ResidentSetSize of job (KB)
...
006 (6327765.000.000) 11/14 13:23:19 Image size of job updated: 1051752
	1001  -  MemoryUsage of job (MB)
	1024396  -  ResidentSetSize of job (KB)
...
006 (6327765.000.000) 11/14 13:28:19 Image size of job updated: 1051880
	1001  -  MemoryUsage of job (MB)
	1024524  -  ResidentSetSize of job (KB)
...
006 (6327765.000.000) 11/14 13:33:19 Image size of job updated: 1051884
	1001  -  MemoryUsage of job (MB)
	1024524  -  ResidentSetSize of job (KB)
...
006 (6327765.000.000) 11/14 13:48:21 Image size of job updated: 1052132
	1001  -  MemoryUsage of job (MB)
	1024776  -  ResidentSetSize of job (KB)
...
006 (6327765.000.000) 11/14 13:53:22 Image size of job updated: 1052248
	1001  -  MemoryUsage of job (MB)
	1024892  -  ResidentSetSize of job (KB)
...
006 (6327765.000.000) 11/14 13:58:23 Image size of job updated: 1052256
	1001  -  MemoryUsage of job (MB)
	1024892  -  ResidentSetSize of job (KB)
...
006 (6327765.000.000) 11/14 14:08:23 Image size of job updated: 1052292
	1001  -  MemoryUsage of job (MB)
	1024892  -  ResidentSetSize of job (KB)
...
006 (6327765.000.000) 11/14 14:23:24 Image size of job updated: 1052740
	1001  -  MemoryUsage of job (MB)
	1024892  -  ResidentSetSize of job (KB)
...
006 (6327765.000.000) 11/14 14:38:26 Image size of job updated: 1060696
	1006  -  MemoryUsage of job (MB)
	1029136  -  ResidentSetSize of job (KB)
...
006 (6327765.000.000) 11/14 14:43:27 Image size of job updated: 1074116
	1018  -  MemoryUsage of job (MB)
	1042176  -  ResidentSetSize of job (KB)
...
006 (6327765.000.000) 11/14 14:48:28 Image size of job updated: 1075476
	1019  -  MemoryUsage of job (MB)
	1043388  -  ResidentSetSize of job (KB)
...
006 (6327765.000.000) 11/14 15:23:31 Image size of job updated: 1075476
	1021  -  MemoryUsage of job (MB)
	1044592  -  ResidentSetSize of job (KB)
...
006 (6327765.000.000) 11/14 16:48:40 Image size of job updated: 1075476
	1028  -  MemoryUsage of job (MB)
	1052612  -  ResidentSetSize of job (KB)
...
006 (6327765.000.000) 11/14 16:53:40 Image size of job updated: 1077188
	1031  -  MemoryUsage of job (MB)
	1055712  -  ResidentSetSize of job (KB)
...
006 (6327765.000.000) 11/14 17:32:20 Image size of job updated: 1352908
	1031  -  MemoryUsage of job (MB)
	1055712  -  ResidentSetSize of job (KB)
...
005 (6327765.000.000) 11/14 17:32:20 Job terminated.
	(1) Normal termination (return value 0)
		Usr 0 04:33:42, Sys 0 00:02:26  -  Run Remote Usage
		Usr 0 00:00:00, Sys 0 00:00:00  -  Run Local Usage
		Usr 0 04:33:42, Sys 0 00:02:26  -  Total Remote Usage
		Usr 0 00:00:00, Sys 0 00:00:00  -  Total Local Usage
	0  -  Run Bytes Sent By Job
	0  -  Run Bytes Received By Job
	0  -  Total Bytes Sent By Job
	0  -  Total Bytes Received By Job
	Partitionable Resources :    Usage  Request Allocated
	   Cpus                 :                 1         1
	   Disk (KB)            :       10       10  47328066
	   Memory (MB)          :     1031        1      2005
...
