000 (6327751.000.000) 11/14 12:57:17 Job submitted from host: <130.199.153.67:9618?addrs=130.199.153.67-9618&noUDP&sock=7357_7f42_4>
...
001 (6327751.000.000) 11/14 12:58:04 Job executing on host: <130.199.153.253:9618?addrs=130.199.153.253-9618&noUDP&sock=22112_44b2_3>
...
006 (6327751.000.000) 11/14 12:58:13 Image size of job updated: 1004880
	956  -  MemoryUsage of job (MB)
	978324  -  ResidentSetSize of job (KB)
...
006 (6327751.000.000) 11/14 13:03:14 Image size of job updated: 1073448
	1023  -  MemoryUsage of job (MB)
	1046892  -  ResidentSetSize of job (KB)
...
006 (6327751.000.000) 11/14 13:08:15 Image size of job updated: 1074292
	1024  -  MemoryUsage of job (MB)
	1047736  -  ResidentSetSize of job (KB)
...
006 (6327751.000.000) 11/14 13:13:15 Image size of job updated: 1075180
	1025  -  MemoryUsage of job (MB)
	1048992  -  ResidentSetSize of job (KB)
...
006 (6327751.000.000) 11/14 13:18:15 Image size of job updated: 1075180
	1025  -  MemoryUsage of job (MB)
	1049040  -  ResidentSetSize of job (KB)
...
006 (6327751.000.000) 11/14 13:23:17 Image size of job updated: 1075180
	1025  -  MemoryUsage of job (MB)
	1049084  -  ResidentSetSize of job (KB)
...
006 (6327751.000.000) 11/14 13:28:17 Image size of job updated: 1075180
	1025  -  MemoryUsage of job (MB)
	1049144  -  ResidentSetSize of job (KB)
...
006 (6327751.000.000) 11/14 13:33:17 Image size of job updated: 1089928
	1041  -  MemoryUsage of job (MB)
	1065912  -  ResidentSetSize of job (KB)
...
