000 (6327709.000.000) 11/14 12:57:17 Job submitted from host: <130.199.153.67:9618?addrs=130.199.153.67-9618&noUDP&sock=7357_7f42_4>
...
001 (6327709.000.000) 11/14 12:57:56 Job executing on host: <130.199.153.94:9618?addrs=130.199.153.94-9618&noUDP&sock=21638_40da_3>
...
006 (6327709.000.000) 11/14 12:58:05 Image size of job updated: 1009424
	960  -  MemoryUsage of job (MB)
	982832  -  ResidentSetSize of job (KB)
...
006 (6327709.000.000) 11/14 13:03:06 Image size of job updated: 1078748
	1028  -  MemoryUsage of job (MB)
	1052156  -  ResidentSetSize of job (KB)
...
006 (6327709.000.000) 11/14 13:08:06 Image size of job updated: 1079736
	1029  -  MemoryUsage of job (MB)
	1053144  -  ResidentSetSize of job (KB)
...
006 (6327709.000.000) 11/14 13:13:06 Image size of job updated: 1081076
	1030  -  MemoryUsage of job (MB)
	1054484  -  ResidentSetSize of job (KB)
...
006 (6327709.000.000) 11/14 13:18:07 Image size of job updated: 1081144
	1030  -  MemoryUsage of job (MB)
	1054552  -  ResidentSetSize of job (KB)
...
006 (6327709.000.000) 11/14 13:23:07 Image size of job updated: 1081600
	1031  -  MemoryUsage of job (MB)
	1055008  -  ResidentSetSize of job (KB)
...
006 (6327709.000.000) 11/14 13:28:07 Image size of job updated: 1082232
	1031  -  MemoryUsage of job (MB)
	1055640  -  ResidentSetSize of job (KB)
...
006 (6327709.000.000) 11/14 13:33:08 Image size of job updated: 1082284
	1031  -  MemoryUsage of job (MB)
	1055692  -  ResidentSetSize of job (KB)
...
006 (6327709.000.000) 11/14 13:38:09 Image size of job updated: 1082336
	1031  -  MemoryUsage of job (MB)
	1055744  -  ResidentSetSize of job (KB)
...
