000 (6327755.000.000) 11/14 12:57:22 Job submitted from host: <130.199.153.67:9618?addrs=130.199.153.67-9618&noUDP&sock=7357_7f42_4>
...
001 (6327755.000.000) 11/14 12:58:05 Job executing on host: <130.199.202.21:9618?addrs=130.199.202.21-9618&noUDP&sock=23483_2c2b_3>
...
006 (6327755.000.000) 11/14 12:58:13 Image size of job updated: 963676
	941  -  MemoryUsage of job (MB)
	963492  -  ResidentSetSize of job (KB)
...
006 (6327755.000.000) 11/14 13:03:13 Image size of job updated: 966188
	944  -  MemoryUsage of job (MB)
	966004  -  ResidentSetSize of job (KB)
...
006 (6327755.000.000) 11/14 13:08:14 Image size of job updated: 1016204
	993  -  MemoryUsage of job (MB)
	1016020  -  ResidentSetSize of job (KB)
...
006 (6327755.000.000) 11/14 13:13:14 Image size of job updated: 1019120
	996  -  MemoryUsage of job (MB)
	1018936  -  ResidentSetSize of job (KB)
...
006 (6327755.000.000) 11/14 13:18:14 Image size of job updated: 1019840
	996  -  MemoryUsage of job (MB)
	1019656  -  ResidentSetSize of job (KB)
...
006 (6327755.000.000) 11/14 13:23:15 Image size of job updated: 1019868
	996  -  MemoryUsage of job (MB)
	1019684  -  ResidentSetSize of job (KB)
...
006 (6327755.000.000) 11/14 13:28:16 Image size of job updated: 1019984
	996  -  MemoryUsage of job (MB)
	1019800  -  ResidentSetSize of job (KB)
...
006 (6327755.000.000) 11/14 13:33:16 Image size of job updated: 1020044
	996  -  MemoryUsage of job (MB)
	1019860  -  ResidentSetSize of job (KB)
...
006 (6327755.000.000) 11/14 13:38:16 Image size of job updated: 1020184
	997  -  MemoryUsage of job (MB)
	1020000  -  ResidentSetSize of job (KB)
...
