000 (6327674.000.000) 11/14 12:57:17 Job submitted from host: <130.199.153.67:9618?addrs=130.199.153.67-9618&noUDP&sock=7357_7f42_4>
...
001 (6327674.000.000) 11/14 12:57:51 Job executing on host: <130.199.202.31:9618?addrs=130.199.202.31-9618&noUDP&sock=14749_f8c7_3>
...
006 (6327674.000.000) 11/14 12:57:59 Image size of job updated: 993056
	944  -  MemoryUsage of job (MB)
	966500  -  ResidentSetSize of job (KB)
...
006 (6327674.000.000) 11/14 13:02:59 Image size of job updated: 995712
	947  -  MemoryUsage of job (MB)
	969156  -  ResidentSetSize of job (KB)
...
006 (6327674.000.000) 11/14 13:07:59 Image size of job updated: 1045864
	996  -  MemoryUsage of job (MB)
	1019308  -  ResidentSetSize of job (KB)
...
006 (6327674.000.000) 11/14 13:13:00 Image size of job updated: 1046064
	996  -  MemoryUsage of job (MB)
	1019508  -  ResidentSetSize of job (KB)
...
006 (6327674.000.000) 11/14 13:18:01 Image size of job updated: 1046092
	996  -  MemoryUsage of job (MB)
	1019536  -  ResidentSetSize of job (KB)
...
006 (6327674.000.000) 11/14 13:23:01 Image size of job updated: 1046124
	996  -  MemoryUsage of job (MB)
	1019568  -  ResidentSetSize of job (KB)
...
006 (6327674.000.000) 11/14 13:28:01 Image size of job updated: 1046264
	996  -  MemoryUsage of job (MB)
	1019708  -  ResidentSetSize of job (KB)
...
006 (6327674.000.000) 11/14 13:33:02 Image size of job updated: 1046408
	996  -  MemoryUsage of job (MB)
	1019852  -  ResidentSetSize of job (KB)
...
006 (6327674.000.000) 11/14 13:38:02 Image size of job updated: 1046436
	996  -  MemoryUsage of job (MB)
	1019880  -  ResidentSetSize of job (KB)
...
006 (6327674.000.000) 11/14 13:43:02 Image size of job updated: 1046460
	996  -  MemoryUsage of job (MB)
	1019904  -  ResidentSetSize of job (KB)
...
006 (6327674.000.000) 11/14 13:48:03 Image size of job updated: 1048716
	999  -  MemoryUsage of job (MB)
	1022160  -  ResidentSetSize of job (KB)
...
006 (6327674.000.000) 11/14 13:53:03 Image size of job updated: 1049292
	999  -  MemoryUsage of job (MB)
	1022736  -  ResidentSetSize of job (KB)
...
006 (6327674.000.000) 11/14 13:58:03 Image size of job updated: 1049312
	999  -  MemoryUsage of job (MB)
	1022756  -  ResidentSetSize of job (KB)
...
006 (6327674.000.000) 11/14 14:03:04 Image size of job updated: 1049360
	999  -  MemoryUsage of job (MB)
	1022804  -  ResidentSetSize of job (KB)
...
006 (6327674.000.000) 11/14 14:08:05 Image size of job updated: 1049384
	999  -  MemoryUsage of job (MB)
	1022828  -  ResidentSetSize of job (KB)
...
006 (6327674.000.000) 11/14 14:13:05 Image size of job updated: 1049392
	999  -  MemoryUsage of job (MB)
	1022836  -  ResidentSetSize of job (KB)
...
006 (6327674.000.000) 11/14 14:18:05 Image size of job updated: 1049420
	999  -  MemoryUsage of job (MB)
	1022864  -  ResidentSetSize of job (KB)
...
006 (6327674.000.000) 11/14 14:23:06 Image size of job updated: 1049460
	999  -  MemoryUsage of job (MB)
	1022904  -  ResidentSetSize of job (KB)
...
006 (6327674.000.000) 11/14 14:28:06 Image size of job updated: 1052356
	1002  -  MemoryUsage of job (MB)
	1025800  -  ResidentSetSize of job (KB)
...
006 (6327674.000.000) 11/14 14:33:06 Image size of job updated: 1052376
	1002  -  MemoryUsage of job (MB)
	1025820  -  ResidentSetSize of job (KB)
...
006 (6327674.000.000) 11/14 14:38:07 Image size of job updated: 1052752
	1003  -  MemoryUsage of job (MB)
	1026196  -  ResidentSetSize of job (KB)
...
006 (6327674.000.000) 11/14 14:43:08 Image size of job updated: 1052788
	1003  -  MemoryUsage of job (MB)
	1026232  -  ResidentSetSize of job (KB)
...
006 (6327674.000.000) 11/14 14:48:08 Image size of job updated: 1052812
	1003  -  MemoryUsage of job (MB)
	1026256  -  ResidentSetSize of job (KB)
...
006 (6327674.000.000) 11/14 14:53:09 Image size of job updated: 1052856
	1003  -  MemoryUsage of job (MB)
	1026300  -  ResidentSetSize of job (KB)
...
006 (6327674.000.000) 11/14 14:58:10 Image size of job updated: 1052872
	1003  -  MemoryUsage of job (MB)
	1026316  -  ResidentSetSize of job (KB)
...
006 (6327674.000.000) 11/14 15:03:10 Image size of job updated: 1052900
	1003  -  MemoryUsage of job (MB)
	1026344  -  ResidentSetSize of job (KB)
...
006 (6327674.000.000) 11/14 15:08:10 Image size of job updated: 1052924
	1003  -  MemoryUsage of job (MB)
	1026368  -  ResidentSetSize of job (KB)
...
006 (6327674.000.000) 11/14 15:13:11 Image size of job updated: 1052964
	1003  -  MemoryUsage of job (MB)
	1026408  -  ResidentSetSize of job (KB)
...
006 (6327674.000.000) 11/14 15:18:12 Image size of job updated: 1052972
	1003  -  MemoryUsage of job (MB)
	1026416  -  ResidentSetSize of job (KB)
...
006 (6327674.000.000) 11/14 15:23:12 Image size of job updated: 1053012
	1003  -  MemoryUsage of job (MB)
	1026456  -  ResidentSetSize of job (KB)
...
006 (6327674.000.000) 11/14 15:28:13 Image size of job updated: 1053032
	1003  -  MemoryUsage of job (MB)
	1026476  -  ResidentSetSize of job (KB)
...
006 (6327674.000.000) 11/14 15:33:14 Image size of job updated: 1053064
	1003  -  MemoryUsage of job (MB)
	1026508  -  ResidentSetSize of job (KB)
...
006 (6327674.000.000) 11/14 15:38:14 Image size of job updated: 1053088
	1003  -  MemoryUsage of job (MB)
	1026532  -  ResidentSetSize of job (KB)
...
006 (6327674.000.000) 11/14 15:43:14 Image size of job updated: 1053348
	1003  -  MemoryUsage of job (MB)
	1026792  -  ResidentSetSize of job (KB)
...
006 (6327674.000.000) 11/14 15:48:15 Image size of job updated: 1053368
	1003  -  MemoryUsage of job (MB)
	1026812  -  ResidentSetSize of job (KB)
...
006 (6327674.000.000) 11/14 15:53:15 Image size of job updated: 1053384
	1003  -  MemoryUsage of job (MB)
	1026812  -  ResidentSetSize of job (KB)
...
006 (6327674.000.000) 11/14 15:58:15 Image size of job updated: 1053416
	1003  -  MemoryUsage of job (MB)
	1026812  -  ResidentSetSize of job (KB)
...
006 (6327674.000.000) 11/14 16:03:16 Image size of job updated: 1053856
	1004  -  MemoryUsage of job (MB)
	1027208  -  ResidentSetSize of job (KB)
...
006 (6327674.000.000) 11/14 16:08:17 Image size of job updated: 1053876
	1004  -  MemoryUsage of job (MB)
	1027228  -  ResidentSetSize of job (KB)
...
006 (6327674.000.000) 11/14 16:13:17 Image size of job updated: 1053900
	1004  -  MemoryUsage of job (MB)
	1027252  -  ResidentSetSize of job (KB)
...
006 (6327674.000.000) 11/14 16:18:18 Image size of job updated: 1054480
	1004  -  MemoryUsage of job (MB)
	1027832  -  ResidentSetSize of job (KB)
...
006 (6327674.000.000) 11/14 16:38:20 Image size of job updated: 1054484
	1004  -  MemoryUsage of job (MB)
	1027836  -  ResidentSetSize of job (KB)
...
006 (6327674.000.000) 11/14 16:43:20 Image size of job updated: 1061092
	1011  -  MemoryUsage of job (MB)
	1034444  -  ResidentSetSize of job (KB)
...
006 (6327674.000.000) 11/14 17:33:25 Image size of job updated: 1095348
	1044  -  MemoryUsage of job (MB)
	1068700  -  ResidentSetSize of job (KB)
...
006 (6327674.000.000) 11/14 17:38:25 Image size of job updated: 1095352
	1044  -  MemoryUsage of job (MB)
	1068704  -  ResidentSetSize of job (KB)
...
006 (6327674.000.000) 11/14 18:03:29 Image size of job updated: 1095612
	1044  -  MemoryUsage of job (MB)
	1068964  -  ResidentSetSize of job (KB)
...
006 (6327674.000.000) 11/14 19:13:36 Image size of job updated: 1095664
	1044  -  MemoryUsage of job (MB)
	1068964  -  ResidentSetSize of job (KB)
...
006 (6327674.000.000) 11/15 01:14:47 Image size of job updated: 1226900
	1044  -  MemoryUsage of job (MB)
	1068964  -  ResidentSetSize of job (KB)
...
005 (6327674.000.000) 11/15 01:14:47 Job terminated.
	(1) Normal termination (return value 0)
		Usr 0 12:17:39, Sys 0 00:10:07  -  Run Remote Usage
		Usr 0 00:00:00, Sys 0 00:00:00  -  Run Local Usage
		Usr 0 12:17:39, Sys 0 00:10:07  -  Total Remote Usage
		Usr 0 00:00:00, Sys 0 00:00:00  -  Total Local Usage
	0  -  Run Bytes Sent By Job
	0  -  Run Bytes Received By Job
	0  -  Total Bytes Sent By Job
	0  -  Total Bytes Received By Job
	Partitionable Resources :    Usage  Request Allocated
	   Cpus                 :                 1         1
	   Disk (KB)            :       10       10  47541241
	   Memory (MB)          :     1044        1      2008
...
