000 (6327818.000.000) 11/14 12:57:22 Job submitted from host: <130.199.153.67:9618?addrs=130.199.153.67-9618&noUDP&sock=7357_7f42_4>
...
001 (6327818.000.000) 11/14 12:58:15 Job executing on host: <130.199.202.74:9618?addrs=130.199.202.74-9618&noUDP&sock=22532_316b_3>
...
006 (6327818.000.000) 11/14 12:58:24 Image size of job updated: 989944
	942  -  MemoryUsage of job (MB)
	963840  -  ResidentSetSize of job (KB)
...
006 (6327818.000.000) 11/14 13:03:25 Image size of job updated: 1049552
	1000  -  MemoryUsage of job (MB)
	1023448  -  ResidentSetSize of job (KB)
...
005 (6327818.000.000) 11/14 13:07:03 Job terminated.
	(1) Normal termination (return value 0)
		Usr 0 00:08:26, Sys 0 00:00:17  -  Run Remote Usage
		Usr 0 00:00:00, Sys 0 00:00:00  -  Run Local Usage
		Usr 0 00:08:26, Sys 0 00:00:17  -  Total Remote Usage
		Usr 0 00:00:00, Sys 0 00:00:00  -  Total Local Usage
	0  -  Run Bytes Sent By Job
	0  -  Run Bytes Received By Job
	0  -  Total Bytes Sent By Job
	0  -  Total Bytes Received By Job
	Partitionable Resources :    Usage  Request Allocated
	   Cpus                 :                 1         1
	   Disk (KB)            :       10       10  65479180
	   Memory (MB)          :     1000        1      2008
...
