000 (6327675.000.000) 11/14 12:57:17 Job submitted from host: <130.199.153.67:9618?addrs=130.199.153.67-9618&noUDP&sock=7357_7f42_4>
...
001 (6327675.000.000) 11/14 12:57:51 Job executing on host: <130.199.202.21:9618?addrs=130.199.202.21-9618&noUDP&sock=23483_2c2b_3>
...
006 (6327675.000.000) 11/14 12:57:59 Image size of job updated: 987604
	944  -  MemoryUsage of job (MB)
	966524  -  ResidentSetSize of job (KB)
...
006 (6327675.000.000) 11/14 13:02:59 Image size of job updated: 989960
	947  -  MemoryUsage of job (MB)
	968880  -  ResidentSetSize of job (KB)
...
006 (6327675.000.000) 11/14 13:07:59 Image size of job updated: 1041472
	997  -  MemoryUsage of job (MB)
	1020392  -  ResidentSetSize of job (KB)
...
006 (6327675.000.000) 11/14 13:13:00 Image size of job updated: 1041488
	997  -  MemoryUsage of job (MB)
	1020408  -  ResidentSetSize of job (KB)
...
006 (6327675.000.000) 11/14 13:18:00 Image size of job updated: 1041512
	997  -  MemoryUsage of job (MB)
	1020432  -  ResidentSetSize of job (KB)
...
006 (6327675.000.000) 11/14 13:23:00 Image size of job updated: 1044648
	1000  -  MemoryUsage of job (MB)
	1023568  -  ResidentSetSize of job (KB)
...
006 (6327675.000.000) 11/14 13:28:01 Image size of job updated: 1044656
	1000  -  MemoryUsage of job (MB)
	1023576  -  ResidentSetSize of job (KB)
...
006 (6327675.000.000) 11/14 13:33:02 Image size of job updated: 1044808
	1000  -  MemoryUsage of job (MB)
	1023728  -  ResidentSetSize of job (KB)
...
006 (6327675.000.000) 11/14 13:38:02 Image size of job updated: 1044808
	1000  -  MemoryUsage of job (MB)
	1023756  -  ResidentSetSize of job (KB)
...
006 (6327675.000.000) 11/14 13:43:03 Image size of job updated: 1044820
	1000  -  MemoryUsage of job (MB)
	1023784  -  ResidentSetSize of job (KB)
...
006 (6327675.000.000) 11/14 13:48:04 Image size of job updated: 1044820
	1000  -  MemoryUsage of job (MB)
	1023804  -  ResidentSetSize of job (KB)
...
006 (6327675.000.000) 11/14 13:53:04 Image size of job updated: 1044820
	1000  -  MemoryUsage of job (MB)
	1023816  -  ResidentSetSize of job (KB)
...
006 (6327675.000.000) 11/14 13:58:04 Image size of job updated: 1044836
	1000  -  MemoryUsage of job (MB)
	1023836  -  ResidentSetSize of job (KB)
...
006 (6327675.000.000) 11/14 14:03:05 Image size of job updated: 1044856
	1000  -  MemoryUsage of job (MB)
	1023856  -  ResidentSetSize of job (KB)
...
006 (6327675.000.000) 11/14 14:08:05 Image size of job updated: 1044876
	1000  -  MemoryUsage of job (MB)
	1023876  -  ResidentSetSize of job (KB)
...
006 (6327675.000.000) 11/14 14:13:05 Image size of job updated: 1044916
	1000  -  MemoryUsage of job (MB)
	1023916  -  ResidentSetSize of job (KB)
...
006 (6327675.000.000) 11/14 14:18:06 Image size of job updated: 1044936
	1000  -  MemoryUsage of job (MB)
	1023936  -  ResidentSetSize of job (KB)
...
006 (6327675.000.000) 11/14 14:23:07 Image size of job updated: 1044964
	1000  -  MemoryUsage of job (MB)
	1023964  -  ResidentSetSize of job (KB)
...
006 (6327675.000.000) 11/14 14:28:07 Image size of job updated: 1044996
	1000  -  MemoryUsage of job (MB)
	1023996  -  ResidentSetSize of job (KB)
...
006 (6327675.000.000) 11/14 14:33:08 Image size of job updated: 1045020
	1001  -  MemoryUsage of job (MB)
	1024020  -  ResidentSetSize of job (KB)
...
006 (6327675.000.000) 11/14 14:38:09 Image size of job updated: 1045040
	1001  -  MemoryUsage of job (MB)
	1024040  -  ResidentSetSize of job (KB)
...
006 (6327675.000.000) 11/14 14:43:09 Image size of job updated: 1045588
	1001  -  MemoryUsage of job (MB)
	1024588  -  ResidentSetSize of job (KB)
...
006 (6327675.000.000) 11/14 14:48:09 Image size of job updated: 1045616
	1001  -  MemoryUsage of job (MB)
	1024616  -  ResidentSetSize of job (KB)
...
006 (6327675.000.000) 11/14 14:53:10 Image size of job updated: 1045656
	1001  -  MemoryUsage of job (MB)
	1024656  -  ResidentSetSize of job (KB)
...
006 (6327675.000.000) 11/14 14:58:10 Image size of job updated: 1045692
	1001  -  MemoryUsage of job (MB)
	1024692  -  ResidentSetSize of job (KB)
...
006 (6327675.000.000) 11/14 15:03:10 Image size of job updated: 1045716
	1001  -  MemoryUsage of job (MB)
	1024716  -  ResidentSetSize of job (KB)
...
006 (6327675.000.000) 11/14 15:08:11 Image size of job updated: 1045752
	1001  -  MemoryUsage of job (MB)
	1024752  -  ResidentSetSize of job (KB)
...
006 (6327675.000.000) 11/14 15:13:12 Image size of job updated: 1045772
	1001  -  MemoryUsage of job (MB)
	1024772  -  ResidentSetSize of job (KB)
...
006 (6327675.000.000) 11/14 15:18:12 Image size of job updated: 1045784
	1001  -  MemoryUsage of job (MB)
	1024788  -  ResidentSetSize of job (KB)
...
006 (6327675.000.000) 11/14 15:23:12 Image size of job updated: 1045804
	1001  -  MemoryUsage of job (MB)
	1024812  -  ResidentSetSize of job (KB)
...
006 (6327675.000.000) 11/14 15:28:13 Image size of job updated: 1045828
	1001  -  MemoryUsage of job (MB)
	1024840  -  ResidentSetSize of job (KB)
...
006 (6327675.000.000) 11/14 15:33:13 Image size of job updated: 1045876
	1001  -  MemoryUsage of job (MB)
	1024888  -  ResidentSetSize of job (KB)
...
006 (6327675.000.000) 11/14 15:38:13 Image size of job updated: 1045916
	1001  -  MemoryUsage of job (MB)
	1024928  -  ResidentSetSize of job (KB)
...
006 (6327675.000.000) 11/14 15:43:14 Image size of job updated: 1045960
	1001  -  MemoryUsage of job (MB)
	1024972  -  ResidentSetSize of job (KB)
...
006 (6327675.000.000) 11/14 15:48:15 Image size of job updated: 1046004
	1001  -  MemoryUsage of job (MB)
	1025016  -  ResidentSetSize of job (KB)
...
006 (6327675.000.000) 11/14 15:53:15 Image size of job updated: 1046032
	1002  -  MemoryUsage of job (MB)
	1025044  -  ResidentSetSize of job (KB)
...
006 (6327675.000.000) 11/14 15:58:16 Image size of job updated: 1046460
	1002  -  MemoryUsage of job (MB)
	1025472  -  ResidentSetSize of job (KB)
...
006 (6327675.000.000) 11/14 16:03:17 Image size of job updated: 1046492
	1002  -  MemoryUsage of job (MB)
	1025504  -  ResidentSetSize of job (KB)
...
006 (6327675.000.000) 11/14 16:08:17 Image size of job updated: 1048760
	1004  -  MemoryUsage of job (MB)
	1027772  -  ResidentSetSize of job (KB)
...
006 (6327675.000.000) 11/14 18:23:31 Image size of job updated: 1053572
	1009  -  MemoryUsage of job (MB)
	1032584  -  ResidentSetSize of job (KB)
...
006 (6327675.000.000) 11/14 18:28:31 Image size of job updated: 1053576
	1009  -  MemoryUsage of job (MB)
	1032588  -  ResidentSetSize of job (KB)
...
006 (6327675.000.000) 11/14 18:33:31 Image size of job updated: 1078388
	1033  -  MemoryUsage of job (MB)
	1057400  -  ResidentSetSize of job (KB)
...
006 (6327675.000.000) 11/14 18:38:32 Image size of job updated: 1086844
	1041  -  MemoryUsage of job (MB)
	1065856  -  ResidentSetSize of job (KB)
...
006 (6327675.000.000) 11/14 18:53:33 Image size of job updated: 1086852
	1041  -  MemoryUsage of job (MB)
	1065864  -  ResidentSetSize of job (KB)
...
006 (6327675.000.000) 11/14 19:13:36 Image size of job updated: 1086860
	1041  -  MemoryUsage of job (MB)
	1065864  -  ResidentSetSize of job (KB)
...
006 (6327675.000.000) 11/14 19:33:38 Image size of job updated: 1086864
	1041  -  MemoryUsage of job (MB)
	1065864  -  ResidentSetSize of job (KB)
...
005 (6327675.000.000) 11/15 01:52:15 Job terminated.
	(1) Normal termination (return value 0)
		Usr 0 12:54:43, Sys 0 00:11:21  -  Run Remote Usage
		Usr 0 00:00:00, Sys 0 00:00:00  -  Run Local Usage
		Usr 0 12:54:43, Sys 0 00:11:21  -  Total Remote Usage
		Usr 0 00:00:00, Sys 0 00:00:00  -  Total Local Usage
	0  -  Run Bytes Sent By Job
	0  -  Run Bytes Received By Job
	0  -  Total Bytes Sent By Job
	0  -  Total Bytes Received By Job
	Partitionable Resources :    Usage  Request Allocated
	   Cpus                 :                 1         1
	   Disk (KB)            :       10       10  47541181
	   Memory (MB)          :     1041        1      2008
...
