000 (6327839.000.000) 11/14 12:57:22 Job submitted from host: <130.199.153.67:9618?addrs=130.199.153.67-9618&noUDP&sock=7357_7f42_4>
...
001 (6327839.000.000) 11/14 12:58:19 Job executing on host: <130.199.201.24:9618?addrs=130.199.201.24-9618&noUDP&sock=10373_05e5_3>
...
006 (6327839.000.000) 11/14 12:58:27 Image size of job updated: 46644
	21  -  MemoryUsage of job (MB)
	21144  -  ResidentSetSize of job (KB)
...
006 (6327839.000.000) 11/14 12:58:34 Image size of job updated: 331568
	21  -  MemoryUsage of job (MB)
	21144  -  ResidentSetSize of job (KB)
...
005 (6327839.000.000) 11/14 12:58:34 Job terminated.
	(1) Normal termination (return value 0)
		Usr 0 00:00:02, Sys 0 00:00:03  -  Run Remote Usage
		Usr 0 00:00:00, Sys 0 00:00:00  -  Run Local Usage
		Usr 0 00:00:02, Sys 0 00:00:03  -  Total Remote Usage
		Usr 0 00:00:00, Sys 0 00:00:00  -  Total Local Usage
	0  -  Run Bytes Sent By Job
	0  -  Run Bytes Received By Job
	0  -  Total Bytes Sent By Job
	0  -  Total Bytes Received By Job
	Partitionable Resources :    Usage  Request Allocated
	   Cpus                 :                 1         1
	   Disk (KB)            :       10       10  47327699
	   Memory (MB)          :       21        1      2005
...
