000 (6327908.000.000) 11/14 12:57:26 Job submitted from host: <130.199.153.67:9618?addrs=130.199.153.67-9618&noUDP&sock=7357_7f42_4>
...
001 (6327908.000.000) 11/14 12:58:29 Job executing on host: <130.199.153.72:9618?addrs=130.199.153.72-9618&noUDP&sock=21597_4700_3>
...
006 (6327908.000.000) 11/14 12:58:38 Image size of job updated: 968936
	947  -  MemoryUsage of job (MB)
	968752  -  ResidentSetSize of job (KB)
...
005 (6327908.000.000) 11/14 13:00:48 Job terminated.
	(1) Normal termination (return value 0)
		Usr 0 00:02:07, Sys 0 00:00:03  -  Run Remote Usage
		Usr 0 00:00:00, Sys 0 00:00:00  -  Run Local Usage
		Usr 0 00:02:07, Sys 0 00:00:03  -  Total Remote Usage
		Usr 0 00:00:00, Sys 0 00:00:00  -  Total Local Usage
	0  -  Run Bytes Sent By Job
	0  -  Run Bytes Received By Job
	0  -  Total Bytes Sent By Job
	0  -  Total Bytes Received By Job
	Partitionable Resources :    Usage  Request Allocated
	   Cpus                 :                 1         1
	   Disk (KB)            :       10       10  47328161
	   Memory (MB)          :      947        1      2005
...
