000 (6327406.000.000) 11/14 12:47:51 Job submitted from host: <130.199.153.67:9618?addrs=130.199.153.67-9618&noUDP&sock=7357_7f42_4>
...
001 (6327406.000.000) 11/14 12:48:13 Job executing on host: <130.199.202.115:9618?addrs=130.199.202.115-9618&noUDP&sock=81620_cc92_3>
...
006 (6327406.000.000) 11/14 12:48:22 Image size of job updated: 963436
	941  -  MemoryUsage of job (MB)
	963240  -  ResidentSetSize of job (KB)
...
005 (6327406.000.000) 11/14 12:49:18 Job terminated.
	(1) Normal termination (return value 0)
		Usr 0 00:00:58, Sys 0 00:00:04  -  Run Remote Usage
		Usr 0 00:00:00, Sys 0 00:00:00  -  Run Local Usage
		Usr 0 00:00:58, Sys 0 00:00:04  -  Total Remote Usage
		Usr 0 00:00:00, Sys 0 00:00:00  -  Total Local Usage
	0  -  Run Bytes Sent By Job
	0  -  Run Bytes Received By Job
	0  -  Total Bytes Sent By Job
	0  -  Total Bytes Received By Job
	Partitionable Resources :    Usage  Request Allocated
	   Cpus                 :                 1         1
	   Disk (KB)            :       10       10  66832012
	   Memory (MB)          :      941        1      2665
...
