000 (6327732.000.000) 11/14 12:57:17 Job submitted from host: <130.199.153.67:9618?addrs=130.199.153.67-9618&noUDP&sock=7357_7f42_4>
...
001 (6327732.000.000) 11/14 12:58:01 Job executing on host: <130.199.150.155:9618?addrs=130.199.150.155-9618&noUDP&sock=22511_8bfb_3>
...
006 (6327732.000.000) 11/14 12:58:10 Image size of job updated: 647364
	607  -  MemoryUsage of job (MB)
	620888  -  ResidentSetSize of job (KB)
...
006 (6327732.000.000) 11/14 13:03:11 Image size of job updated: 1078448
	1028  -  MemoryUsage of job (MB)
	1051892  -  ResidentSetSize of job (KB)
...
006 (6327732.000.000) 11/14 13:08:11 Image size of job updated: 1079368
	1029  -  MemoryUsage of job (MB)
	1052812  -  ResidentSetSize of job (KB)
...
006 (6327732.000.000) 11/14 13:13:11 Image size of job updated: 1079660
	1029  -  MemoryUsage of job (MB)
	1053104  -  ResidentSetSize of job (KB)
...
006 (6327732.000.000) 11/14 13:18:12 Image size of job updated: 1081364
	1031  -  MemoryUsage of job (MB)
	1054808  -  ResidentSetSize of job (KB)
...
006 (6327732.000.000) 11/14 13:23:13 Image size of job updated: 1081888
	1031  -  MemoryUsage of job (MB)
	1055332  -  ResidentSetSize of job (KB)
...
006 (6327732.000.000) 11/14 13:28:13 Image size of job updated: 1081924
	1031  -  MemoryUsage of job (MB)
	1055368  -  ResidentSetSize of job (KB)
...
006 (6327732.000.000) 11/14 13:33:14 Image size of job updated: 1081964
	1031  -  MemoryUsage of job (MB)
	1055408  -  ResidentSetSize of job (KB)
...
