000 (6327800.000.000) 11/14 12:57:22 Job submitted from host: <130.199.153.67:9618?addrs=130.199.153.67-9618&noUDP&sock=7357_7f42_4>
...
001 (6327800.000.000) 11/14 12:58:12 Job executing on host: <130.199.202.11:9618?addrs=130.199.202.11-9618&noUDP&sock=44031_5aea_3>
...
006 (6327800.000.000) 11/14 12:58:21 Image size of job updated: 962192
	940  -  MemoryUsage of job (MB)
	962008  -  ResidentSetSize of job (KB)
...
006 (6327800.000.000) 11/14 13:03:22 Image size of job updated: 964636
	942  -  MemoryUsage of job (MB)
	964440  -  ResidentSetSize of job (KB)
...
006 (6327800.000.000) 11/14 13:08:23 Image size of job updated: 1015840
	992  -  MemoryUsage of job (MB)
	1015608  -  ResidentSetSize of job (KB)
...
006 (6327800.000.000) 11/14 13:13:23 Image size of job updated: 1017680
	994  -  MemoryUsage of job (MB)
	1017448  -  ResidentSetSize of job (KB)
...
006 (6327800.000.000) 11/14 13:23:25 Image size of job updated: 1017840
	994  -  MemoryUsage of job (MB)
	1017564  -  ResidentSetSize of job (KB)
...
006 (6327800.000.000) 11/14 13:28:25 Image size of job updated: 1017980
	994  -  MemoryUsage of job (MB)
	1017564  -  ResidentSetSize of job (KB)
...
006 (6327800.000.000) 11/14 13:33:25 Image size of job updated: 1018028
	994  -  MemoryUsage of job (MB)
	1017564  -  ResidentSetSize of job (KB)
...
006 (6327800.000.000) 11/14 13:38:26 Image size of job updated: 1018268
	994  -  MemoryUsage of job (MB)
	1017564  -  ResidentSetSize of job (KB)
...
