000 (6327764.000.000) 11/14 12:57:22 Job submitted from host: <130.199.153.67:9618?addrs=130.199.153.67-9618&noUDP&sock=7357_7f42_4>
...
001 (6327764.000.000) 11/14 12:58:06 Job executing on host: <130.199.202.18:9618?addrs=130.199.202.18-9618&noUDP&sock=13540_56ab_3>
...
006 (6327764.000.000) 11/14 12:58:15 Image size of job updated: 1005724
	957  -  MemoryUsage of job (MB)
	979168  -  ResidentSetSize of job (KB)
...
006 (6327764.000.000) 11/14 13:03:16 Image size of job updated: 1075820
	1025  -  MemoryUsage of job (MB)
	1049264  -  ResidentSetSize of job (KB)
...
006 (6327764.000.000) 11/14 13:08:16 Image size of job updated: 1075976
	1026  -  MemoryUsage of job (MB)
	1050464  -  ResidentSetSize of job (KB)
...
006 (6327764.000.000) 11/14 13:13:16 Image size of job updated: 1077676
	1029  -  MemoryUsage of job (MB)
	1052680  -  ResidentSetSize of job (KB)
...
006 (6327764.000.000) 11/14 13:18:17 Image size of job updated: 1077676
	1029  -  MemoryUsage of job (MB)
	1052772  -  ResidentSetSize of job (KB)
...
006 (6327764.000.000) 11/14 13:23:18 Image size of job updated: 1077676
	1029  -  MemoryUsage of job (MB)
	1052824  -  ResidentSetSize of job (KB)
...
006 (6327764.000.000) 11/14 13:28:18 Image size of job updated: 1077676
	1029  -  MemoryUsage of job (MB)
	1052964  -  ResidentSetSize of job (KB)
...
006 (6327764.000.000) 11/14 13:33:18 Image size of job updated: 1077676
	1029  -  MemoryUsage of job (MB)
	1053384  -  ResidentSetSize of job (KB)
...
