000 (6327838.000.000) 11/14 12:57:22 Job submitted from host: <130.199.153.67:9618?addrs=130.199.153.67-9618&noUDP&sock=7357_7f42_4>
...
001 (6327838.000.000) 11/14 12:58:18 Job executing on host: <130.199.202.1:9618?addrs=130.199.202.1-9618&noUDP&sock=45930_5d5a_3>
...
006 (6327838.000.000) 11/14 12:58:27 Image size of job updated: 989456
	941  -  MemoryUsage of job (MB)
	962900  -  ResidentSetSize of job (KB)
...
006 (6327838.000.000) 11/14 13:03:28 Image size of job updated: 991956
	943  -  MemoryUsage of job (MB)
	965400  -  ResidentSetSize of job (KB)
...
006 (6327838.000.000) 11/14 13:08:29 Image size of job updated: 1040824
	991  -  MemoryUsage of job (MB)
	1014268  -  ResidentSetSize of job (KB)
...
006 (6327838.000.000) 11/14 13:13:29 Image size of job updated: 1041992
	992  -  MemoryUsage of job (MB)
	1015436  -  ResidentSetSize of job (KB)
...
006 (6327838.000.000) 11/14 13:18:30 Image size of job updated: 1042664
	993  -  MemoryUsage of job (MB)
	1016108  -  ResidentSetSize of job (KB)
...
006 (6327838.000.000) 11/14 13:23:31 Image size of job updated: 1045380
	995  -  MemoryUsage of job (MB)
	1018824  -  ResidentSetSize of job (KB)
...
006 (6327838.000.000) 11/14 13:28:31 Image size of job updated: 1045540
	996  -  MemoryUsage of job (MB)
	1018984  -  ResidentSetSize of job (KB)
...
006 (6327838.000.000) 11/14 13:33:31 Image size of job updated: 1045628
	996  -  MemoryUsage of job (MB)
	1019072  -  ResidentSetSize of job (KB)
...
006 (6327838.000.000) 11/14 13:38:33 Image size of job updated: 1046104
	996  -  MemoryUsage of job (MB)
	1019548  -  ResidentSetSize of job (KB)
...
