000 (6327911.000.000) 11/14 12:57:26 Job submitted from host: <130.199.153.67:9618?addrs=130.199.153.67-9618&noUDP&sock=7357_7f42_4>
...
001 (6327911.000.000) 11/14 12:58:30 Job executing on host: <130.199.153.83:9618?addrs=130.199.153.83-9618&noUDP&sock=21150_ceb7_3>
...
006 (6327911.000.000) 11/14 12:58:39 Image size of job updated: 990964
	942  -  MemoryUsage of job (MB)
	964408  -  ResidentSetSize of job (KB)
...
006 (6327911.000.000) 11/14 12:59:20 Image size of job updated: 1006064
	942  -  MemoryUsage of job (MB)
	964408  -  ResidentSetSize of job (KB)
...
005 (6327911.000.000) 11/14 12:59:20 Job terminated.
	(1) Normal termination (return value 0)
		Usr 0 00:00:38, Sys 0 00:00:02  -  Run Remote Usage
		Usr 0 00:00:00, Sys 0 00:00:00  -  Run Local Usage
		Usr 0 00:00:38, Sys 0 00:00:02  -  Total Remote Usage
		Usr 0 00:00:00, Sys 0 00:00:00  -  Total Local Usage
	0  -  Run Bytes Sent By Job
	0  -  Run Bytes Received By Job
	0  -  Total Bytes Sent By Job
	0  -  Total Bytes Received By Job
	Partitionable Resources :    Usage  Request Allocated
	   Cpus                 :                 1         1
	   Disk (KB)            :       10       10  47328202
	   Memory (MB)          :      942        1      1669
...
