000 (6327734.000.000) 11/14 12:57:17 Job submitted from host: <130.199.153.67:9618?addrs=130.199.153.67-9618&noUDP&sock=7357_7f42_4>
...
001 (6327734.000.000) 11/14 12:58:01 Job executing on host: <130.199.201.22:9618?addrs=130.199.201.22-9618&noUDP&sock=22482_5e61_3>
...
006 (6327734.000.000) 11/14 12:58:10 Image size of job updated: 970820
	923  -  MemoryUsage of job (MB)
	944172  -  ResidentSetSize of job (KB)
...
006 (6327734.000.000) 11/14 13:03:11 Image size of job updated: 1055148
	1005  -  MemoryUsage of job (MB)
	1028424  -  ResidentSetSize of job (KB)
...
006 (6327734.000.000) 11/14 13:08:12 Image size of job updated: 1056412
	1006  -  MemoryUsage of job (MB)
	1029688  -  ResidentSetSize of job (KB)
...
006 (6327734.000.000) 11/14 13:13:12 Image size of job updated: 1056684
	1006  -  MemoryUsage of job (MB)
	1029960  -  ResidentSetSize of job (KB)
...
006 (6327734.000.000) 11/14 13:18:12 Image size of job updated: 1057452
	1007  -  MemoryUsage of job (MB)
	1030728  -  ResidentSetSize of job (KB)
...
006 (6327734.000.000) 11/14 13:23:13 Image size of job updated: 1064340
	1014  -  MemoryUsage of job (MB)
	1037472  -  ResidentSetSize of job (KB)
...
006 (6327734.000.000) 11/14 13:28:13 Image size of job updated: 1065316
	1014  -  MemoryUsage of job (MB)
	1037840  -  ResidentSetSize of job (KB)
...
006 (6327734.000.000) 11/14 13:38:14 Image size of job updated: 1065320
	1014  -  MemoryUsage of job (MB)
	1037840  -  ResidentSetSize of job (KB)
...
006 (6327734.000.000) 11/14 13:53:15 Image size of job updated: 1077532
	1030  -  MemoryUsage of job (MB)
	1054012  -  ResidentSetSize of job (KB)
...
006 (6327734.000.000) 11/14 13:58:16 Image size of job updated: 1166496
	1118  -  MemoryUsage of job (MB)
	1143908  -  ResidentSetSize of job (KB)
...
006 (6327734.000.000) 11/14 14:13:17 Image size of job updated: 1166496
	1118  -  MemoryUsage of job (MB)
	1144092  -  ResidentSetSize of job (KB)
...
006 (6327734.000.000) 11/14 14:18:18 Image size of job updated: 1166496
	1118  -  MemoryUsage of job (MB)
	1144164  -  ResidentSetSize of job (KB)
...
006 (6327734.000.000) 11/14 14:43:21 Image size of job updated: 1166496
	1119  -  MemoryUsage of job (MB)
	1144848  -  ResidentSetSize of job (KB)
...
005 (6327734.000.000) 11/14 14:44:09 Job terminated.
	(1) Normal termination (return value 0)
		Usr 0 01:43:56, Sys 0 00:01:41  -  Run Remote Usage
		Usr 0 00:00:00, Sys 0 00:00:00  -  Run Local Usage
		Usr 0 01:43:56, Sys 0 00:01:41  -  Total Remote Usage
		Usr 0 00:00:00, Sys 0 00:00:00  -  Total Local Usage
	0  -  Run Bytes Sent By Job
	0  -  Run Bytes Received By Job
	0  -  Total Bytes Sent By Job
	0  -  Total Bytes Received By Job
	Partitionable Resources :    Usage  Request Allocated
	   Cpus                 :                 1         1
	   Disk (KB)            :       10       10  47328178
	   Memory (MB)          :     1119        1      2005
...
