We are starting on node: rcas6092.rcf.bnl.gov
HOME is not defined
Using getent method
HOME is now /star/u/jhai
376561 We will spawn ourselves (/star/u/jhai/STAR/FixedTarget/H3LAndH4L-FXT/H3L_TwoDecay/input/part/runinfo/csh/sched93A4BC86C9218B9511DCFAE41D42B8AC_158.csh )
376561 We BEGIN on [Wed Nov 14 09:29:08 EST 2018]
[1] 376732
376561 We are waiting for 376732 
376561 Grandchild PID is 378209 - found in 10 x 1 seconds
376561 Establishing first watcher   on    Wed Nov 14 09:29:19 EST 2018
376561 Process tree is 376561 (main) -> 376732 (child) -> 378209 (grandchild)
F S   UID    PID   PPID  C PRI  NI ADDR SZ WCHAN  TTY        TIME CMD
0 D 11732 378209 376732  0  80   0 - 30260 cxiWai ?          0:00 /bin/cp -fp /tmp/jhai/93A4BC86C9218B9511DCFAE41D42B8AC_158/93A4BC86C9218B9511DCFAE41D42B8AC_158.ala.histo.root /star/u/jhai/scratch/FixedTarget/H3L/output/
376732 Stepping into the main SUMS wrapper program with []
--------------------------------
STAR Unified Meta Scheduler 1.10.28 we are starting in $SCRATCH : /home/tmp/jhai/93A4BC86C9218B9511DCFAE41D42B8AC_158
--------------------------------
total 0
  *******************************************
  *                                         *
  *        W E L C O M E  to  R O O T       *
  *                                         *
  *   Version   5.34/30     23 April 2015   *
  *                                         *
  *  You are welcome to visit our Web site  *
  *          http://root.cern.ch            *
  *                                         *
  *******************************************

ROOT 5.34/30 (v5-34-30@v5-34-30, Apr 23 2015, 18:31:46 on linux)

CINT/ROOT C/C++ Interpreter version 5.18.00, July 2, 2010
Type ? for help. Commands must be C++ statements.
Enclose multiple statements between { }.
*** Float Point Exception is OFF ***
 *** Start at Date : Wed Nov 14 09:29:09 2018
QAInfo:You are using STAR_LEVEL : new, ROOT_LEVEL : 5.34.30 and node : rcas6092.rcf.bnl.gov 

Processing reco.C("/star/u/jhai/STAR/FixedTarget/H3LAndH4L-FXT/H3L_TwoDecay/input/part/runinfo/list/sched93A4BC86C9218B9511DCFAE41D42B8AC_158.list",1,0,"/tmp/jhai/93A4BC86C9218B9511DCFAE41D42B8AC_158/","93A4BC86C9218B9511DCFAE41D42B8AC_158")...
strangeArrayNames-arrayNames-__NARRAYS__ = 0
 loading of shared libraries done
##### void StMuDstMaker::setProbabilityPidFile(const char*) ##### ATTENTION: pid table hardwired to /afs/rhic.bnl.gov/star/packages/SL18f/StarDb/dEdxModel/PIDTableP01gl.root
StInfo: StMuDstMaker::SetStatus 1 to MuEvent
StInfo: StMuDstMaker::SetStatus 1 to PrimaryVertices
StInfo: StMuDstMaker::SetStatus 1 to PrimaryTracks
StInfo: StMuDstMaker::SetStatus 1 to GlobalTracks
StInfo: StMuDstMaker::SetStatus 1 to OtherTracks
StInfo: StMuDstMaker::SetStatus 1 to L3Tracks
StInfo: StMuDstMaker::SetStatus 1 to RichSpectra
StInfo: StMuDstMaker::SetStatus 1 to DetectorStates
StInfo: StMuDstMaker::SetStatus 1 to L3AlgoAccept
StInfo: StMuDstMaker::SetStatus 1 to L3AlgoReject
StInfo: StMuDstMaker::SetStatus 1 to CovGlobTrack
StInfo: StMuDstMaker::SetStatus 1 to CovPrimTrack
StInfo: StMuDstMaker::SetStatus 1 to pp2pp
StInfo: StMuDstMaker::SetStatus 1 to mtd
StInfo: StMuDstMaker::SetStatus 1 to Event
StInfo: StMuDstMaker::SetStatus 1 to McEvent
StInfo: StMuDstMaker::SetStatus 1 to V0
StInfo: StMuDstMaker::SetStatus 1 to McV0
StInfo: StMuDstMaker::SetStatus 1 to V0Assoc
StInfo: StMuDstMaker::SetStatus 1 to Xi
StInfo: StMuDstMaker::SetStatus 1 to McXi
StInfo: StMuDstMaker::SetStatus 1 to XiAssoc
StInfo: StMuDstMaker::SetStatus 1 to Kink
StInfo: StMuDstMaker::SetStatus 1 to McKink
StInfo: StMuDstMaker::SetStatus 1 to KinkAssoc
StInfo: StMuDstMaker::SetStatus 1 to StrangeCuts
StInfo: StMuDstMaker::SetStatus 1 to StMuMcVertex
StInfo: StMuDstMaker::SetStatus 1 to StMuMcTrack
StInfo: StMuDstMaker::SetStatus 1 to EmcTow
StInfo: StMuDstMaker::SetStatus 1 to EmcPrs
StInfo: StMuDstMaker::SetStatus 1 to EmcSmde
StInfo: StMuDstMaker::SetStatus 1 to EmcSmdp
StInfo: StMuDstMaker::SetStatus 1 to EEmcPrs
StInfo: StMuDstMaker::SetStatus 1 to EEmcSmdu
StInfo: StMuDstMaker::SetStatus 1 to EEmcSmdv
StInfo: StMuDstMaker::SetStatus 1 to PmdHit
StInfo: StMuDstMaker::SetStatus 1 to CpvHit
StInfo: StMuDstMaker::SetStatus 1 to PmdCluster
StInfo: StMuDstMaker::SetStatus 1 to CpvCluster
StInfo: StMuDstMaker::SetStatus 1 to FmsHit
StInfo: StMuDstMaker::SetStatus 1 to FmsCluster
StInfo: StMuDstMaker::SetStatus 1 to FmsPoint
StInfo: StMuDstMaker::SetStatus 1 to FmsInfo
StInfo: StMuDstMaker::SetStatus 1 to TofHit
StInfo: StMuDstMaker::SetStatus 1 to TofData
StInfo: StMuDstMaker::SetStatus 1 to TofRawData
StInfo: StMuDstMaker::SetStatus 1 to BTofHit
StInfo: StMuDstMaker::SetStatus 1 to BTofRawHit
StInfo: StMuDstMaker::SetStatus 1 to BTofHeader
StInfo: StMuDstMaker::SetStatus 1 to EpdHit
StInfo: StMuDstMaker::SetStatus 1 to MTDHit
StInfo: StMuDstMaker::SetStatus 1 to MTDRawHit
StInfo: StMuDstMaker::SetStatus 1 to MTDHeader
StInfo: StMuDstMaker::SetStatus 1 to FgtStrip
StInfo: StMuDstMaker::SetStatus 1 to FgtCluster
StInfo: StMuDstMaker::SetStatus 1 to FgtStripAssociation
StInfo: StMuDstMaker::SetStatus 1 to FgtAdc
StInfo: StMuDstMaker::SetStatus 1 to EztHead
StInfo: StMuDstMaker::SetStatus 1 to EztTrig
StInfo: StMuDstMaker::SetStatus 1 to EztETow
StInfo: StMuDstMaker::SetStatus 1 to EztESmd
StInfo: StMuDstMaker::SetStatus 1 to EztFpd
 Total entries = 13035
StQAInfo: =================================================================================
StQAInfo: QAInfo:Chain              StChain::bfcChain             Ast =  0.81        Cpu =  0.59
StQAInfo: QAInfo:Maker            StV0Maker::v0makerfirst_antisignal Ast =  0.14(17.4%) Cpu =  0.13(22.0%)
StQAInfo: QAInfo:Maker            StV0Maker::v0makerfirst_signal  Ast =  0.15(18.4%) Cpu =  0.15(25.4%)
StQAInfo: QAInfo:Maker         StMuDstMaker::MuDst                Ast =  0.52(64.2%) Cpu =  0.31(52.5%)
Total Events Processed in StV0Maker 0
Total Events Processed in StV0Maker 0
StInfo: --------------Error Codes-------------------------
StInfo:      nStOK   nStWarn    nStEOF    nStErr  nStFatal
StInfo:        145         0         0         0         0
StInfo: --------------------------------------------------
               StMemStat::Summary(calls)        Min        Aver         Max         RMS 
=============================================================================================
              StMuDstMaker(MuDst)::Clear(28)    0.000000    0.000000    0.000000    0.000000
              StMuDstMaker(MuDst)::Make (29)   -0.000008    0.001266    0.024784    0.004866
StV0Maker(v0makerfirst_antisignal)::Clea(28)    0.000000    0.000000    0.000000    0.000000
StV0Maker(v0makerfirst_antisignal)::Make(28)    0.000000    0.000000    0.000000    0.000000
   StV0Maker(v0makerfirst_signal)::Clear(28)    0.000000    0.000000    0.000000    0.000000
   StV0Maker(v0makerfirst_signal)::Make (28)    0.000000    0.000000    0.000000    0.000000
---------------------------------------------------------------------------------------------
                                   Total(6)   -0.000008    0.001266    0.024784    0.004866
=============================================================================================
*** Chain not deleted***

This is the end of ROOT -- Goodbye

Starting copy block
Running copy command:  /bin/cp -fp /tmp/jhai/93A4BC86C9218B9511DCFAE41D42B8AC_158/93A4BC86C9218B9511DCFAE41D42B8AC_158.ala.histo.root /star/u/jhai/scratch/FixedTarget/H3L/output/
Running copy command:  /bin/cp -fp /tmp/jhai/93A4BC86C9218B9511DCFAE41D42B8AC_158/93A4BC86C9218B9511DCFAE41D42B8AC_158.ala.picodst.root /star/u/jhai/scratch/FixedTarget/H3L/output/
Running copy command:  /bin/cp -fp /tmp/jhai/93A4BC86C9218B9511DCFAE41D42B8AC_158/93A4BC86C9218B9511DCFAE41D42B8AC_158.la.histo.root /star/u/jhai/scratch/FixedTarget/H3L/output/
Running copy command:  /bin/cp -fp /tmp/jhai/93A4BC86C9218B9511DCFAE41D42B8AC_158/93A4BC86C9218B9511DCFAE41D42B8AC_158.la.picodst.root /star/u/jhai/scratch/FixedTarget/H3L/output/
376561 Execution of (/star/u/jhai/STAR/FixedTarget/H3LAndH4L-FXT/H3L_TwoDecay/input/part/runinfo/csh/sched93A4BC86C9218B9511DCFAE41D42B8AC_158.csh ) has ended, exiting normally
376561 We END on [Wed Nov 14 09:29:45 EST 2018]
